17:00 Wed 31-12-69 <br/> 
16:22 Fri 24-07-09 <br/> 
21:13 Fri 24-07-09 <br/> 
13:25 Sat 25-07-09 <br/> 
14:08 Sat 25-07-09 <br/> 
15:47 Sat 25-07-09 <br/> 
16:01 Sat 25-07-09 <br/> 
11:27 Sun 26-07-09 <br/> 
3:04 Mon 27-07-09 <br/> 
10:12 Mon 27-07-09 <br/> 
2:16 Tue 28-07-09 <br/> 
7:36 Tue 28-07-09 <br/> 
9:52 Tue 28-07-09 <br/> 
19:15 Tue 28-07-09 <br/> 
1:30 Wed 29-07-09 <br/> 
6:39 Wed 29-07-09 <br/> 
12:54 Wed 29-07-09 <br/> 
16:27 Wed 29-07-09 <br/> 
8:18 Thu 30-07-09 <br/> 
16:05 Thu 30-07-09 <br/> 
17:21 Thu 30-07-09 <br/> 
2:45 Fri 31-07-09 <br/> 
11:13 Fri 31-07-09 <br/> 
14:55 Fri 31-07-09 <br/> 
16:47 Sat 01-08-09 <br/> 
5:10 Sun 02-08-09 <br/> 
6:42 Sun 02-08-09 <br/> 
9:28 Mon 03-08-09 <br/> 
20:54 Mon 03-08-09 <br/> 
8:41 Tue 04-08-09 <br/> 
10:50 Tue 04-08-09 <br/> 
16:19 Tue 04-08-09 <br/> 
1:50 Thu 06-08-09 <br/> 
5:33 Thu 06-08-09 <br/> 
8:34 Thu 06-08-09 <br/> 
15:38 Thu 06-08-09 <br/> 
17:20 Thu 06-08-09 <br/> 
7:50 Fri 07-08-09 <br/> 
14:19 Fri 07-08-09 <br/> 
14:33 Fri 07-08-09 <br/> 
16:43 Fri 07-08-09 <br/> 
17:58 Fri 07-08-09 <br/> 
21:48 Fri 07-08-09 <br/> 
3:54 Sat 08-08-09 <br/> 
7:39 Sat 08-08-09 <br/> 
14:29 Sat 08-08-09 <br/> 
19:53 Sat 08-08-09 <br/> 
19:53 Sat 08-08-09 <br/> 
12:33 Sun 09-08-09 <br/> 
16:41 Sun 09-08-09 <br/> 
22:04 Sun 09-08-09 <br/> 
2:48 Mon 10-08-09 <br/> 
3:38 Mon 10-08-09 <br/> 
12:15 Mon 10-08-09 <br/> 
19:29 Mon 10-08-09 <br/> 
17:21 Tue 11-08-09 <br/> 
15:31 Wed 12-08-09 <br/> 
18:54 Wed 12-08-09 <br/> 
22:21 Wed 12-08-09 <br/> 
4:11 Thu 13-08-09 <br/> 
12:03 Thu 13-08-09 <br/> 
20:51 Thu 13-08-09 <br/> 
22:45 Thu 13-08-09 <br/> 
23:05 Thu 13-08-09 <br/> 
19:59 Fri 14-08-09 <br/> 
10:46 Sat 15-08-09 <br/> 
11:39 Sat 15-08-09 <br/> 
15:23 Sat 15-08-09 <br/> 
16:02 Sat 15-08-09 <br/> 
18:47 Sat 15-08-09 <br/> 
23:40 Sat 15-08-09 <br/> 
6:30 Sun 16-08-09 <br/> 
9:10 Sun 16-08-09 <br/> 
9:55 Sun 16-08-09 <br/> 
7:30 Mon 17-08-09 <br/> 
7:36 Mon 17-08-09 <br/> 
16:03 Mon 17-08-09 <br/> 
15:33 Wed 19-08-09 <br/> 
20:07 Wed 19-08-09 <br/> 
3:06 Thu 20-08-09 <br/> 
8:32 Thu 20-08-09 <br/> 
19:14 Thu 20-08-09 <br/> 
13:59 Fri 21-08-09 <br/> 
18:25 Fri 21-08-09 <br/> 
18:31 Fri 21-08-09 <br/> 
18:55 Fri 21-08-09 <br/> 
22:38 Fri 21-08-09 <br/> 
7:48 Sat 22-08-09 <br/> 
16:15 Sat 22-08-09 <br/> 
23:32 Sat 22-08-09 <br/> 
3:16 Sun 23-08-09 <br/> 
6:27 Sun 23-08-09 <br/> 
10:08 Sun 23-08-09 <br/> 
10:45 Sun 23-08-09 <br/> 
21:18 Sun 23-08-09 <br/> 
21:19 Sun 23-08-09 <br/> 
21:56 Sun 23-08-09 <br/> 
23:11 Sun 23-08-09 <br/> 
7:26 Mon 24-08-09 <br/> 
18:08 Mon 24-08-09 <br/> 
18:09 Mon 24-08-09 <br/> 
19:45 Mon 24-08-09 <br/> 
23:47 Mon 24-08-09 <br/> 
2:11 Tue 25-08-09 <br/> 
2:46 Tue 25-08-09 <br/> 
2:59 Tue 25-08-09 <br/> 
10:13 Tue 25-08-09 <br/> 
13:15 Tue 25-08-09 <br/> 
13:47 Tue 25-08-09 <br/> 
20:39 Tue 25-08-09 <br/> 
23:56 Tue 25-08-09 <br/> 
10:37 Wed 26-08-09 <br/> 
21:11 Wed 26-08-09 <br/> 
21:14 Wed 26-08-09 <br/> 
11:18 Thu 27-08-09 <br/> 
12:36 Thu 27-08-09 <br/> 
14:35 Thu 27-08-09 <br/> 
0:24 Fri 28-08-09 <br/> 
10:13 Fri 28-08-09 <br/> 
11:34 Fri 28-08-09 <br/> 
21:01 Fri 28-08-09 <br/> 
23:05 Fri 28-08-09 <br/> 
10:48 Sat 29-08-09 <br/> 
12:55 Sat 29-08-09 <br/> 
15:10 Sat 29-08-09 <br/> 
23:14 Sat 29-08-09 <br/> 
0:07 Sun 30-08-09 <br/> 
2:39 Sun 30-08-09 <br/> 
4:41 Sun 30-08-09 <br/> 
6:12 Sun 30-08-09 <br/> 
14:32 Sun 30-08-09 <br/> 
14:46 Sun 30-08-09 <br/> 
16:36 Sun 30-08-09 <br/> 
22:18 Sun 30-08-09 <br/> 
6:12 Mon 31-08-09 <br/> 
21:09 Mon 31-08-09 <br/> 
22:59 Mon 31-08-09 <br/> 
23:54 Mon 31-08-09 <br/> 
3:57 Tue 01-09-09 <br/> 
9:54 Tue 01-09-09 <br/> 
10:18 Tue 01-09-09 <br/> 
17:53 Tue 01-09-09 <br/> 
21:52 Tue 01-09-09 <br/> 
23:11 Tue 01-09-09 <br/> 
9:11 Wed 02-09-09 <br/> 
12:29 Wed 02-09-09 <br/> 
16:46 Wed 02-09-09 <br/> 
19:19 Wed 02-09-09 <br/> 
23:31 Wed 02-09-09 <br/> 
0:07 Thu 03-09-09 <br/> 
2:18 Thu 03-09-09 <br/> 
6:53 Thu 03-09-09 <br/> 
8:27 Thu 03-09-09 <br/> 
12:51 Thu 03-09-09 <br/> 
23:40 Thu 03-09-09 <br/> 
23:40 Thu 03-09-09 <br/> 
2:51 Fri 04-09-09 <br/> 
7:15 Fri 04-09-09 <br/> 
10:35 Fri 04-09-09 <br/> 
21:17 Fri 04-09-09 <br/> 
5:02 Sat 05-09-09 <br/> 
7:23 Sat 05-09-09 <br/> 
7:40 Sat 05-09-09 <br/> 
8:04 Sat 05-09-09 <br/> 
9:30 Sat 05-09-09 <br/> 
2:43 Sun 06-09-09 <br/> 
8:09 Sun 06-09-09 <br/> 
8:28 Sun 06-09-09 <br/> 
13:01 Sun 06-09-09 <br/> 
22:53 Sun 06-09-09 <br/> 
22:53 Sun 06-09-09 <br/> 
23:06 Sun 06-09-09 <br/> 
13:15 Mon 07-09-09 <br/> 
13:44 Mon 07-09-09 <br/> 
9:54 Tue 08-09-09 <br/> 
13:51 Tue 08-09-09 <br/> 
18:15 Tue 08-09-09 <br/> 
5:47 Wed 09-09-09 <br/> 
9:53 Wed 09-09-09 <br/> 
14:27 Wed 09-09-09 <br/> 
15:35 Wed 09-09-09 <br/> 
17:12 Wed 09-09-09 <br/> 
0:55 Thu 10-09-09 <br/> 
7:08 Thu 10-09-09 <br/> 
9:04 Thu 10-09-09 <br/> 
9:32 Thu 10-09-09 <br/> 
10:11 Thu 10-09-09 <br/> 
10:39 Thu 10-09-09 <br/> 
14:33 Thu 10-09-09 <br/> 
14:37 Thu 10-09-09 <br/> 
13:52 Fri 11-09-09 <br/> 
14:50 Fri 11-09-09 <br/> 
0:22 Sat 12-09-09 <br/> 
5:35 Sat 12-09-09 <br/> 
9:54 Sat 12-09-09 <br/> 
11:10 Sat 12-09-09 <br/> 
16:32 Sat 12-09-09 <br/> 
17:27 Sat 12-09-09 <br/> 
21:50 Sat 12-09-09 <br/> 
22:29 Sat 12-09-09 <br/> 
22:56 Sat 12-09-09 <br/> 
0:54 Sun 13-09-09 <br/> 
14:41 Sun 13-09-09 <br/> 
17:21 Sun 13-09-09 <br/> 
20:46 Sun 13-09-09 <br/> 
21:45 Sun 13-09-09 <br/> 
22:33 Sun 13-09-09 <br/> 
3:36 Mon 14-09-09 <br/> 
6:58 Mon 14-09-09 <br/> 
8:56 Mon 14-09-09 <br/> 
11:33 Mon 14-09-09 <br/> 
16:59 Mon 14-09-09 <br/> 
22:03 Mon 14-09-09 <br/> 
22:41 Mon 14-09-09 <br/> 
2:15 Tue 15-09-09 <br/> 
4:47 Tue 15-09-09 <br/> 
8:57 Tue 15-09-09 <br/> 
11:31 Tue 15-09-09 <br/> 
14:11 Tue 15-09-09 <br/> 
23:01 Tue 15-09-09 <br/> 
6:39 Wed 16-09-09 <br/> 
12:20 Wed 16-09-09 <br/> 
14:40 Wed 16-09-09 <br/> 
15:30 Wed 16-09-09 <br/> 
19:11 Wed 16-09-09 <br/> 
23:18 Wed 16-09-09 <br/> 
1:05 Thu 17-09-09 <br/> 
3:09 Thu 17-09-09 <br/> 
11:03 Thu 17-09-09 <br/> 
19:24 Thu 17-09-09 <br/> 
19:50 Thu 17-09-09 <br/> 
19:56 Thu 17-09-09 <br/> 
20:21 Thu 17-09-09 <br/> 
22:29 Thu 17-09-09 <br/> 
1:37 Fri 18-09-09 <br/> 
11:08 Fri 18-09-09 <br/> 
14:57 Fri 18-09-09 <br/> 
15:26 Fri 18-09-09 <br/> 
19:18 Fri 18-09-09 <br/> 
21:20 Fri 18-09-09 <br/> 
23:54 Fri 18-09-09 <br/> 
23:59 Fri 18-09-09 <br/> 
2:13 Sat 19-09-09 <br/> 
3:23 Sat 19-09-09 <br/> 
7:49 Sat 19-09-09 <br/> 
8:25 Sat 19-09-09 <br/> 
10:39 Sat 19-09-09 <br/> 
11:15 Sat 19-09-09 <br/> 
13:32 Sat 19-09-09 <br/> 
21:02 Sat 19-09-09 <br/> 
21:38 Sat 19-09-09 <br/> 
4:04 Sun 20-09-09 <br/> 
4:04 Sun 20-09-09 <br/> 
10:22 Sun 20-09-09 <br/> 
11:26 Sun 20-09-09 <br/> 
16:25 Sun 20-09-09 <br/> 
20:53 Sun 20-09-09 <br/> 
21:58 Sun 20-09-09 <br/> 
2:50 Mon 21-09-09 <br/> 
4:04 Mon 21-09-09 <br/> 
4:05 Mon 21-09-09 <br/> 
6:29 Mon 21-09-09 <br/> 
8:02 Mon 21-09-09 <br/> 
10:06 Mon 21-09-09 <br/> 
11:57 Mon 21-09-09 <br/> 
13:51 Mon 21-09-09 <br/> 
14:17 Mon 21-09-09 <br/> 
17:20 Mon 21-09-09 <br/> 
4:08 Tue 22-09-09 <br/> 
4:11 Tue 22-09-09 <br/> 
4:15 Tue 22-09-09 <br/> 
5:17 Tue 22-09-09 <br/> 
9:23 Tue 22-09-09 <br/> 
12:06 Tue 22-09-09 <br/> 
14:11 Tue 22-09-09 <br/> 
17:03 Tue 22-09-09 <br/> 
18:41 Tue 22-09-09 <br/> 
12:13 Wed 23-09-09 <br/> 
6:21 Thu 24-09-09 <br/> 
12:16 Thu 24-09-09 <br/> 
17:19 Thu 24-09-09 <br/> 
1:24 Fri 25-09-09 <br/> 
9:32 Fri 25-09-09 <br/> 
9:56 Fri 25-09-09 <br/> 
12:39 Fri 25-09-09 <br/> 
14:55 Fri 25-09-09 <br/> 
19:20 Fri 25-09-09 <br/> 
19:24 Fri 25-09-09 <br/> 
4:45 Sat 26-09-09 <br/> 
6:07 Sat 26-09-09 <br/> 
6:15 Sat 26-09-09 <br/> 
9:39 Sat 26-09-09 <br/> 
12:50 Sat 26-09-09 <br/> 
13:40 Sat 26-09-09 <br/> 
14:44 Sat 26-09-09 <br/> 
14:44 Sat 26-09-09 <br/> 
16:35 Sat 26-09-09 <br/> 
23:51 Sat 26-09-09 <br/> 
9:40 Sun 27-09-09 <br/> 
13:20 Sun 27-09-09 <br/> 
17:16 Sun 27-09-09 <br/> 
20:10 Sun 27-09-09 <br/> 
21:35 Sun 27-09-09 <br/> 
22:13 Sun 27-09-09 <br/> 
9:47 Mon 28-09-09 <br/> 
13:52 Mon 28-09-09 <br/> 
16:55 Mon 28-09-09 <br/> 
7:40 Tue 29-09-09 <br/> 
13:58 Tue 29-09-09 <br/> 
16:01 Tue 29-09-09 <br/> 
21:03 Tue 29-09-09 <br/> 
3:35 Wed 30-09-09 <br/> 
7:08 Wed 30-09-09 <br/> 
22:20 Wed 30-09-09 <br/> 
10:11 Thu 01-10-09 <br/> 
22:16 Thu 01-10-09 <br/> 
23:12 Thu 01-10-09 <br/> 
1:00 Fri 02-10-09 <br/> 
5:27 Fri 02-10-09 <br/> 
10:55 Fri 02-10-09 <br/> 
15:05 Fri 02-10-09 <br/> 
19:44 Fri 02-10-09 <br/> 
20:50 Fri 02-10-09 <br/> 
21:24 Fri 02-10-09 <br/> 
0:28 Sat 03-10-09 <br/> 
1:47 Sat 03-10-09 <br/> 
8:43 Sat 03-10-09 <br/> 
12:53 Sat 03-10-09 <br/> 
18:57 Sat 03-10-09 <br/> 
21:50 Sat 03-10-09 <br/> 
0:33 Sun 04-10-09 <br/> 
2:52 Sun 04-10-09 <br/> 
4:39 Sun 04-10-09 <br/> 
10:19 Sun 04-10-09 <br/> 
13:15 Sun 04-10-09 <br/> 
0:01 Mon 05-10-09 <br/> 
0:47 Mon 05-10-09 <br/> 
4:02 Mon 05-10-09 <br/> 
7:50 Mon 05-10-09 <br/> 
9:19 Mon 05-10-09 <br/> 
13:39 Mon 05-10-09 <br/> 
16:32 Mon 05-10-09 <br/> 
19:36 Mon 05-10-09 <br/> 
23:55 Mon 05-10-09 <br/> 
2:39 Tue 06-10-09 <br/> 
4:47 Tue 06-10-09 <br/> 
5:29 Tue 06-10-09 <br/> 
7:30 Tue 06-10-09 <br/> 
8:20 Tue 06-10-09 <br/> 
16:06 Tue 06-10-09 <br/> 
17:30 Tue 06-10-09 <br/> 
22:14 Tue 06-10-09 <br/> 
1:06 Wed 07-10-09 <br/> 
2:44 Wed 07-10-09 <br/> 
13:12 Wed 07-10-09 <br/> 
21:04 Wed 07-10-09 <br/> 
22:09 Wed 07-10-09 <br/> 
0:32 Thu 08-10-09 <br/> 
0:47 Thu 08-10-09 <br/> 
6:13 Thu 08-10-09 <br/> 
8:22 Thu 08-10-09 <br/> 
10:13 Thu 08-10-09 <br/> 
12:14 Thu 08-10-09 <br/> 
15:01 Thu 08-10-09 <br/> 
15:31 Thu 08-10-09 <br/> 
18:30 Thu 08-10-09 <br/> 
22:08 Thu 08-10-09 <br/> 
2:27 Fri 09-10-09 <br/> 
3:36 Fri 09-10-09 <br/> 
6:39 Fri 09-10-09 <br/> 
8:43 Fri 09-10-09 <br/> 
10:50 Fri 09-10-09 <br/> 
12:23 Fri 09-10-09 <br/> 
14:11 Fri 09-10-09 <br/> 
17:03 Fri 09-10-09 <br/> 
20:27 Fri 09-10-09 <br/> 
4:00 Sat 10-10-09 <br/> 
12:31 Sat 10-10-09 <br/> 
12:51 Sat 10-10-09 <br/> 
14:05 Sat 10-10-09 <br/> 
19:05 Sat 10-10-09 <br/> 
12:40 Sun 11-10-09 <br/> 
13:35 Sun 11-10-09 <br/> 
15:50 Sun 11-10-09 <br/> 
1:14 Mon 12-10-09 <br/> 
16:34 Mon 12-10-09 <br/> 
17:17 Mon 12-10-09 <br/> 
21:45 Mon 12-10-09 <br/> 
1:07 Tue 13-10-09 <br/> 
1:48 Tue 13-10-09 <br/> 
12:20 Tue 13-10-09 <br/> 
15:58 Tue 13-10-09 <br/> 
17:27 Tue 13-10-09 <br/> 
19:12 Tue 13-10-09 <br/> 
20:18 Tue 13-10-09 <br/> 
20:18 Tue 13-10-09 <br/> 
21:47 Tue 13-10-09 <br/> 
3:28 Wed 14-10-09 <br/> 
3:53 Wed 14-10-09 <br/> 
4:03 Wed 14-10-09 <br/> 
6:29 Wed 14-10-09 <br/> 
10:01 Wed 14-10-09 <br/> 
14:22 Wed 14-10-09 <br/> 
23:18 Wed 14-10-09 <br/> 
0:53 Thu 15-10-09 <br/> 
11:49 Thu 15-10-09 <br/> 
13:19 Thu 15-10-09 <br/> 
15:52 Thu 15-10-09 <br/> 
16:33 Thu 15-10-09 <br/> 
20:52 Thu 15-10-09 <br/> 
22:20 Thu 15-10-09 <br/> 
23:08 Thu 15-10-09 <br/> 
23:17 Thu 15-10-09 <br/> 
0:01 Fri 16-10-09 <br/> 
3:51 Fri 16-10-09 <br/> 
4:56 Fri 16-10-09 <br/> 
6:21 Fri 16-10-09 <br/> 
7:40 Fri 16-10-09 <br/> 
8:40 Fri 16-10-09 <br/> 
8:57 Fri 16-10-09 <br/> 
11:24 Fri 16-10-09 <br/> 
15:46 Fri 16-10-09 <br/> 
22:05 Fri 16-10-09 <br/> 
22:05 Fri 16-10-09 <br/> 
1:44 Sat 17-10-09 <br/> 
1:44 Sat 17-10-09 <br/> 
3:19 Sat 17-10-09 <br/> 
4:27 Sat 17-10-09 <br/> 
5:16 Sat 17-10-09 <br/> 
6:42 Sat 17-10-09 <br/> 
8:32 Sat 17-10-09 <br/> 
9:16 Sat 17-10-09 <br/> 
10:25 Sat 17-10-09 <br/> 
19:15 Sat 17-10-09 <br/> 
20:51 Sat 17-10-09 <br/> 
21:26 Sat 17-10-09 <br/> 
22:14 Sat 17-10-09 <br/> 
23:30 Sat 17-10-09 <br/> 
8:48 Sun 18-10-09 <br/> 
13:47 Sun 18-10-09 <br/> 
15:28 Sun 18-10-09 <br/> 
18:57 Sun 18-10-09 <br/> 
1:23 Mon 19-10-09 <br/> 
6:31 Mon 19-10-09 <br/> 
10:43 Mon 19-10-09 <br/> 
10:47 Mon 19-10-09 <br/> 
13:35 Mon 19-10-09 <br/> 
16:41 Mon 19-10-09 <br/> 
21:56 Mon 19-10-09 <br/> 
22:43 Mon 19-10-09 <br/> 
0:49 Tue 20-10-09 <br/> 
1:02 Tue 20-10-09 <br/> 
3:17 Tue 20-10-09 <br/> 
7:05 Tue 20-10-09 <br/> 
9:48 Tue 20-10-09 <br/> 
10:27 Tue 20-10-09 <br/> 
13:04 Tue 20-10-09 <br/> 
17:02 Tue 20-10-09 <br/> 
22:10 Tue 20-10-09 <br/> 
22:52 Tue 20-10-09 <br/> 
23:55 Tue 20-10-09 <br/> 
1:54 Wed 21-10-09 <br/> 
2:52 Wed 21-10-09 <br/> 
7:50 Wed 21-10-09 <br/> 
10:48 Wed 21-10-09 <br/> 
14:42 Wed 21-10-09 <br/> 
15:47 Wed 21-10-09 <br/> 
16:57 Wed 21-10-09 <br/> 
17:55 Wed 21-10-09 <br/> 
18:26 Wed 21-10-09 <br/> 
22:11 Wed 21-10-09 <br/> 
2:10 Thu 22-10-09 <br/> 
10:20 Thu 22-10-09 <br/> 
16:34 Thu 22-10-09 <br/> 
4:54 Fri 23-10-09 <br/> 
6:44 Fri 23-10-09 <br/> 
7:21 Fri 23-10-09 <br/> 
8:56 Fri 23-10-09 <br/> 
10:08 Fri 23-10-09 <br/> 
10:49 Fri 23-10-09 <br/> 
13:43 Fri 23-10-09 <br/> 
13:43 Fri 23-10-09 <br/> 
14:58 Fri 23-10-09 <br/> 
21:56 Fri 23-10-09 <br/> 
4:31 Sat 24-10-09 <br/> 
5:16 Sat 24-10-09 <br/> 
5:35 Sat 24-10-09 <br/> 
6:06 Sat 24-10-09 <br/> 
10:07 Sat 24-10-09 <br/> 
19:17 Sat 24-10-09 <br/> 
0:28 Sun 25-10-09 <br/> 
0:28 Sun 25-10-09 <br/> 
13:34 Thu 29-10-09 <br/> 
20:17 Thu 29-10-09 <br/> 
4:42 Fri 30-10-09 <br/> 
5:32 Fri 30-10-09 <br/> 
6:43 Fri 30-10-09 <br/> 
9:49 Fri 30-10-09 <br/> 
11:06 Fri 30-10-09 <br/> 
20:28 Fri 30-10-09 <br/> 
22:13 Fri 30-10-09 <br/> 
2:02 Sat 31-10-09 <br/> 
2:41 Sat 31-10-09 <br/> 
10:22 Sat 31-10-09 <br/> 
10:45 Sat 31-10-09 <br/> 
14:55 Sat 31-10-09 <br/> 
3:20 Sun 01-11-09 <br/> 
7:00 Sun 01-11-09 <br/> 
7:58 Sun 01-11-09 <br/> 
10:37 Sun 01-11-09 <br/> 
13:09 Sun 01-11-09 <br/> 
13:33 Sun 01-11-09 <br/> 
14:03 Sun 01-11-09 <br/> 
15:16 Sun 01-11-09 <br/> 
2:16 Mon 02-11-09 <br/> 
6:17 Mon 02-11-09 <br/> 
7:11 Mon 02-11-09 <br/> 
9:11 Mon 02-11-09 <br/> 
9:37 Mon 02-11-09 <br/> 
11:36 Mon 02-11-09 <br/> 
14:09 Mon 02-11-09 <br/> 
14:49 Mon 02-11-09 <br/> 
17:03 Mon 02-11-09 <br/> 
17:45 Mon 02-11-09 <br/> 
19:42 Mon 02-11-09 <br/> 
21:24 Mon 02-11-09 <br/> 
22:45 Mon 02-11-09 <br/> 
22:50 Mon 02-11-09 <br/> 
23:07 Mon 02-11-09 <br/> 
0:51 Tue 03-11-09 <br/> 
10:13 Tue 03-11-09 <br/> 
0:25 Wed 04-11-09 <br/> 
4:27 Wed 04-11-09 <br/> 
4:51 Wed 04-11-09 <br/> 
10:29 Wed 04-11-09 <br/> 
12:24 Wed 04-11-09 <br/> 
14:03 Wed 04-11-09 <br/> 
14:14 Wed 04-11-09 <br/> 
21:46 Wed 04-11-09 <br/> 
22:39 Wed 04-11-09 <br/> 
23:58 Wed 04-11-09 <br/> 
8:17 Thu 05-11-09 <br/> 
9:11 Thu 05-11-09 <br/> 
17:03 Thu 05-11-09 <br/> 
17:56 Thu 05-11-09 <br/> 
21:26 Thu 05-11-09 <br/> 
22:55 Thu 05-11-09 <br/> 
5:08 Fri 06-11-09 <br/> 
5:08 Fri 06-11-09 <br/> 
7:09 Fri 06-11-09 <br/> 
12:34 Fri 06-11-09 <br/> 
12:59 Fri 06-11-09 <br/> 
4:23 Sat 07-11-09 <br/> 
5:10 Sat 07-11-09 <br/> 
9:58 Sat 07-11-09 <br/> 
10:05 Sat 07-11-09 <br/> 
14:54 Sat 07-11-09 <br/> 
12:10 Sun 08-11-09 <br/> 
16:05 Sun 08-11-09 <br/> 
20:48 Sun 08-11-09 <br/> 
9:46 Mon 09-11-09 <br/> 
12:50 Mon 09-11-09 <br/> 
19:12 Mon 09-11-09 <br/> 
21:23 Mon 09-11-09 <br/> 
6:51 Tue 10-11-09 <br/> 
8:33 Tue 10-11-09 <br/> 
23:51 Tue 10-11-09 <br/> 
12:13 Wed 11-11-09 <br/> 
16:00 Wed 11-11-09 <br/> 
3:56 Thu 12-11-09 <br/> 
4:32 Thu 12-11-09 <br/> 
10:15 Thu 12-11-09 <br/> 
16:00 Thu 12-11-09 <br/> 
23:00 Thu 12-11-09 <br/> 
7:37 Fri 13-11-09 <br/> 
16:08 Fri 13-11-09 <br/> 
18:18 Fri 13-11-09 <br/> 
10:49 Sat 14-11-09 <br/> 
12:56 Sat 14-11-09 <br/> 
16:10 Sat 14-11-09 <br/> 
4:17 Sun 15-11-09 <br/> 
6:45 Sun 15-11-09 <br/> 
7:14 Sun 15-11-09 <br/> 
16:32 Sun 15-11-09 <br/> 
22:43 Sun 15-11-09 <br/> 
11:02 Mon 16-11-09 <br/> 
11:03 Mon 16-11-09 <br/> 
11:05 Mon 16-11-09 <br/> 
13:07 Mon 16-11-09 <br/> 
14:57 Mon 16-11-09 <br/> 
16:53 Mon 16-11-09 <br/> 
6:38 Tue 17-11-09 <br/> 
14:46 Tue 17-11-09 <br/> 
15:48 Tue 17-11-09 <br/> 
19:28 Tue 17-11-09 <br/> 
21:48 Tue 17-11-09 <br/> 
2:08 Wed 18-11-09 <br/> 
4:13 Wed 18-11-09 <br/> 
6:24 Wed 18-11-09 <br/> 
16:20 Wed 18-11-09 <br/> 
20:26 Wed 18-11-09 <br/> 
21:55 Wed 18-11-09 <br/> 
23:52 Wed 18-11-09 <br/> 
5:19 Thu 19-11-09 <br/> 
21:58 Thu 19-11-09 <br/> 
23:01 Thu 19-11-09 <br/> 
2:02 Fri 20-11-09 <br/> 
7:53 Fri 20-11-09 <br/> 
9:23 Fri 20-11-09 <br/> 
14:57 Fri 20-11-09 <br/> 
21:09 Fri 20-11-09 <br/> 
6:51 Sat 21-11-09 <br/> 
10:48 Sat 21-11-09 <br/> 
19:16 Sat 21-11-09 <br/> 
22:05 Sat 21-11-09 <br/> 
22:39 Sat 21-11-09 <br/> 
0:08 Sun 22-11-09 <br/> 
0:41 Sun 22-11-09 <br/> 
1:45 Sun 22-11-09 <br/> 
4:01 Sun 22-11-09 <br/> 
7:11 Sun 22-11-09 <br/> 
22:13 Sun 22-11-09 <br/> 
12:08 Mon 23-11-09 <br/> 
14:29 Mon 23-11-09 <br/> 
17:28 Mon 23-11-09 <br/> 
1:06 Tue 24-11-09 <br/> 
1:29 Tue 24-11-09 <br/> 
9:29 Tue 24-11-09 <br/> 
11:27 Tue 24-11-09 <br/> 
16:22 Tue 24-11-09 <br/> 
22:16 Tue 24-11-09 <br/> 
22:18 Tue 24-11-09 <br/> 
2:27 Wed 25-11-09 <br/> 
3:46 Wed 25-11-09 <br/> 
3:55 Wed 25-11-09 <br/> 
6:52 Wed 25-11-09 <br/> 
10:11 Wed 25-11-09 <br/> 
12:10 Wed 25-11-09 <br/> 
13:55 Wed 25-11-09 <br/> 
18:04 Wed 25-11-09 <br/> 
2:10 Thu 26-11-09 <br/> 
5:43 Thu 26-11-09 <br/> 
13:56 Thu 26-11-09 <br/> 
3:27 Fri 27-11-09 <br/> 
4:26 Fri 27-11-09 <br/> 
5:13 Fri 27-11-09 <br/> 
8:17 Fri 27-11-09 <br/> 
13:26 Fri 27-11-09 <br/> 
13:26 Fri 27-11-09 <br/> 
13:38 Fri 27-11-09 <br/> 
15:03 Fri 27-11-09 <br/> 
0:51 Sat 28-11-09 <br/> 
10:21 Sat 28-11-09 <br/> 
16:37 Sat 28-11-09 <br/> 
22:29 Sat 28-11-09 <br/> 
6:01 Sun 29-11-09 <br/> 
6:05 Sun 29-11-09 <br/> 
22:49 Sun 29-11-09 <br/> 
1:21 Mon 30-11-09 <br/> 
5:13 Mon 30-11-09 <br/> 
12:09 Mon 30-11-09 <br/> 
23:04 Mon 30-11-09 <br/> 
4:02 Tue 01-12-09 <br/> 
6:45 Tue 01-12-09 <br/> 
6:45 Tue 01-12-09 <br/> 
23:12 Tue 01-12-09 <br/> 
6:05 Wed 02-12-09 <br/> 
9:20 Wed 02-12-09 <br/> 
18:41 Wed 02-12-09 <br/> 
23:21 Wed 02-12-09 <br/> 
23:54 Wed 02-12-09 <br/> 
7:10 Thu 03-12-09 <br/> 
8:53 Thu 03-12-09 <br/> 
13:33 Thu 03-12-09 <br/> 
20:03 Thu 03-12-09 <br/> 
23:23 Thu 03-12-09 <br/> 
1:44 Fri 04-12-09 <br/> 
4:15 Fri 04-12-09 <br/> 
15:20 Fri 04-12-09 <br/> 
16:45 Fri 04-12-09 <br/> 
23:28 Fri 04-12-09 <br/> 
14:24 Sat 05-12-09 <br/> 
23:30 Sat 05-12-09 <br/> 
4:37 Sun 06-12-09 <br/> 
4:37 Sun 06-12-09 <br/> 
6:46 Sun 06-12-09 <br/> 
8:15 Sun 06-12-09 <br/> 
8:49 Sun 06-12-09 <br/> 
9:02 Sun 06-12-09 <br/> 
23:32 Sun 06-12-09 <br/> 
6:32 Mon 07-12-09 <br/> 
6:32 Mon 07-12-09 <br/> 
6:55 Mon 07-12-09 <br/> 
8:28 Mon 07-12-09 <br/> 
12:06 Mon 07-12-09 <br/> 
17:33 Mon 07-12-09 <br/> 
19:14 Mon 07-12-09 <br/> 
21:21 Mon 07-12-09 <br/> 
22:52 Mon 07-12-09 <br/> 
23:52 Mon 07-12-09 <br/> 
2:25 Tue 08-12-09 <br/> 
5:50 Tue 08-12-09 <br/> 
6:14 Tue 08-12-09 <br/> 
8:16 Tue 08-12-09 <br/> 
10:12 Tue 08-12-09 <br/> 
10:24 Tue 08-12-09 <br/> 
11:18 Tue 08-12-09 <br/> 
11:27 Tue 08-12-09 <br/> 
2:07 Wed 09-12-09 <br/> 
6:31 Wed 09-12-09 <br/> 
7:42 Wed 09-12-09 <br/> 
8:21 Wed 09-12-09 <br/> 
9:37 Wed 09-12-09 <br/> 
12:02 Wed 09-12-09 <br/> 
12:02 Wed 09-12-09 <br/> 
14:19 Wed 09-12-09 <br/> 
20:08 Wed 09-12-09 <br/> 
21:04 Wed 09-12-09 <br/> 
6:15 Thu 10-12-09 <br/> 
6:23 Thu 10-12-09 <br/> 
8:24 Thu 10-12-09 <br/> 
15:11 Thu 10-12-09 <br/> 
1:05 Fri 11-12-09 <br/> 
2:27 Fri 11-12-09 <br/> 
2:27 Fri 11-12-09 <br/> 
8:25 Fri 11-12-09 <br/> 
11:55 Sat 12-12-09 <br/> 
15:19 Sat 12-12-09 <br/> 
23:02 Sat 12-12-09 <br/> 
4:41 Sun 13-12-09 <br/> 
5:14 Mon 14-12-09 <br/> 
6:06 Mon 14-12-09 <br/> 
15:10 Mon 14-12-09 <br/> 
23:29 Mon 14-12-09 <br/> 
3:52 Tue 15-12-09 <br/> 
12:15 Tue 15-12-09 <br/> 
14:04 Tue 15-12-09 <br/> 
15:45 Tue 15-12-09 <br/> 
16:36 Tue 15-12-09 <br/> 
17:01 Tue 15-12-09 <br/> 
23:27 Tue 15-12-09 <br/> 
7:44 Wed 16-12-09 <br/> 
11:35 Wed 16-12-09 <br/> 
17:54 Wed 16-12-09 <br/> 
22:26 Wed 16-12-09 <br/> 
2:05 Thu 17-12-09 <br/> 
3:42 Thu 17-12-09 <br/> 
5:53 Thu 17-12-09 <br/> 
6:38 Thu 17-12-09 <br/> 
7:59 Thu 17-12-09 <br/> 
11:02 Thu 17-12-09 <br/> 
11:36 Thu 17-12-09 <br/> 
14:25 Thu 17-12-09 <br/> 
23:49 Thu 17-12-09 <br/> 
0:55 Fri 18-12-09 <br/> 
2:21 Fri 18-12-09 <br/> 
4:26 Fri 18-12-09 <br/> 
7:13 Fri 18-12-09 <br/> 
9:08 Fri 18-12-09 <br/> 
11:08 Fri 18-12-09 <br/> 
16:05 Fri 18-12-09 <br/> 
19:56 Fri 18-12-09 <br/> 
21:21 Fri 18-12-09 <br/> 
22:51 Fri 18-12-09 <br/> 
8:08 Sat 19-12-09 <br/> 
14:51 Sat 19-12-09 <br/> 
15:06 Sat 19-12-09 <br/> 
15:42 Sat 19-12-09 <br/> 
16:54 Sat 19-12-09 <br/> 
2:43 Sun 20-12-09 <br/> 
4:21 Sun 20-12-09 <br/> 
8:28 Sun 20-12-09 <br/> 
9:56 Sun 20-12-09 <br/> 
12:53 Sun 20-12-09 <br/> 
13:26 Sun 20-12-09 <br/> 
17:39 Sun 20-12-09 <br/> 
1:17 Mon 21-12-09 <br/> 
3:36 Mon 21-12-09 <br/> 
7:40 Mon 21-12-09 <br/> 
8:01 Mon 21-12-09 <br/> 
8:37 Mon 21-12-09 <br/> 
11:07 Mon 21-12-09 <br/> 
11:12 Mon 21-12-09 <br/> 
15:14 Mon 21-12-09 <br/> 
0:39 Tue 22-12-09 <br/> 
5:18 Tue 22-12-09 <br/> 
11:25 Tue 22-12-09 <br/> 
23:58 Tue 22-12-09 <br/> 
20:22 Wed 23-12-09 <br/> 
22:40 Wed 23-12-09 <br/> 
3:43 Thu 24-12-09 <br/> 
8:36 Thu 24-12-09 <br/> 
13:16 Thu 24-12-09 <br/> 
23:51 Thu 24-12-09 <br/> 
6:31 Fri 25-12-09 <br/> 
9:26 Fri 25-12-09 <br/> 
11:09 Fri 25-12-09 <br/> 
13:25 Fri 25-12-09 <br/> 
19:21 Fri 25-12-09 <br/> 
1:39 Sat 26-12-09 <br/> 
1:44 Sat 26-12-09 <br/> 
11:28 Sat 26-12-09 <br/> 
13:36 Sat 26-12-09 <br/> 
22:17 Sat 26-12-09 <br/> 
10:39 Sun 27-12-09 <br/> 
13:26 Sun 27-12-09 <br/> 
13:37 Sun 27-12-09 <br/> 
23:32 Sun 27-12-09 <br/> 
6:07 Mon 28-12-09 <br/> 
13:46 Mon 28-12-09 <br/> 
13:48 Mon 28-12-09 <br/> 
0:45 Tue 29-12-09 <br/> 
1:23 Tue 29-12-09 <br/> 
1:52 Tue 29-12-09 <br/> 
2:03 Tue 29-12-09 <br/> 
4:54 Tue 29-12-09 <br/> 
13:52 Tue 29-12-09 <br/> 
21:32 Tue 29-12-09 <br/> 
4:23 Wed 30-12-09 <br/> 
10:54 Wed 30-12-09 <br/> 
12:48 Wed 30-12-09 <br/> 
13:11 Wed 30-12-09 <br/> 
13:52 Wed 30-12-09 <br/> 
13:52 Wed 30-12-09 <br/> 
14:27 Wed 30-12-09 <br/> 
14:33 Wed 30-12-09 <br/> 
19:41 Wed 30-12-09 <br/> 
0:26 Thu 31-12-09 <br/> 
5:38 Thu 31-12-09 <br/> 
5:44 Thu 31-12-09 <br/> 
6:09 Thu 31-12-09 <br/> 
8:01 Thu 31-12-09 <br/> 
13:28 Thu 31-12-09 <br/> 
14:25 Thu 31-12-09 <br/> 
14:56 Thu 31-12-09 <br/> 
8:20 Fri 01-01-10 <br/> 
14:17 Fri 01-01-10 <br/> 
15:01 Fri 01-01-10 <br/> 
17:09 Fri 01-01-10 <br/> 
20:00 Fri 01-01-10 <br/> 
22:15 Fri 01-01-10 <br/> 
2:50 Sat 02-01-10 <br/> 
5:15 Sat 02-01-10 <br/> 
9:29 Sat 02-01-10 <br/> 
13:28 Sat 02-01-10 <br/> 
13:41 Sat 02-01-10 <br/> 
15:25 Sat 02-01-10 <br/> 
7:35 Sun 03-01-10 <br/> 
15:42 Sun 03-01-10 <br/> 
17:01 Sun 03-01-10 <br/> 
0:50 Mon 04-01-10 <br/> 
1:10 Mon 04-01-10 <br/> 
7:08 Mon 04-01-10 <br/> 
9:43 Mon 04-01-10 <br/> 
16:10 Mon 04-01-10 <br/> 
17:05 Tue 05-01-10 <br/> 
19:51 Tue 05-01-10 <br/> 
23:22 Tue 05-01-10 <br/> 
0:40 Wed 06-01-10 <br/> 
8:59 Wed 06-01-10 <br/> 
14:04 Wed 06-01-10 <br/> 
18:17 Wed 06-01-10 <br/> 
3:28 Thu 07-01-10 <br/> 
9:56 Thu 07-01-10 <br/> 
11:49 Thu 07-01-10 <br/> 
14:07 Thu 07-01-10 <br/> 
16:57 Thu 07-01-10 <br/> 
19:30 Thu 07-01-10 <br/> 
0:07 Fri 08-01-10 <br/> 
1:29 Fri 08-01-10 <br/> 
4:57 Fri 08-01-10 <br/> 
5:13 Fri 08-01-10 <br/> 
5:39 Fri 08-01-10 <br/> 
6:53 Fri 08-01-10 <br/> 
12:11 Fri 08-01-10 <br/> 
14:34 Fri 08-01-10 <br/> 
23:43 Fri 08-01-10 <br/> 
1:05 Sat 09-01-10 <br/> 
4:53 Sat 09-01-10 <br/> 
5:18 Sat 09-01-10 <br/> 
9:15 Sat 09-01-10 <br/> 
13:13 Sat 09-01-10 <br/> 
16:37 Sat 09-01-10 <br/> 
19:02 Sat 09-01-10 <br/> 
19:58 Sat 09-01-10 <br/> 
21:10 Sat 09-01-10 <br/> 
9:50 Sun 10-01-10 <br/> 
11:45 Sun 10-01-10 <br/> 
14:41 Sun 10-01-10 <br/> 
20:18 Sun 10-01-10 <br/> 
1:11 Mon 11-01-10 <br/> 
1:45 Mon 11-01-10 <br/> 
5:28 Mon 11-01-10 <br/> 
5:52 Mon 11-01-10 <br/> 
6:41 Mon 11-01-10 <br/> 
13:23 Mon 11-01-10 <br/> 
15:42 Mon 11-01-10 <br/> 
15:42 Mon 11-01-10 <br/> 
18:23 Mon 11-01-10 <br/> 
22:23 Mon 11-01-10 <br/> 
5:53 Tue 12-01-10 <br/> 
10:52 Tue 12-01-10 <br/> 
10:52 Tue 12-01-10 <br/> 
11:23 Tue 12-01-10 <br/> 
15:48 Tue 12-01-10 <br/> 
21:11 Tue 12-01-10 <br/> 
1:00 Wed 13-01-10 <br/> 
7:53 Wed 13-01-10 <br/> 
10:29 Wed 13-01-10 <br/> 
12:07 Wed 13-01-10 <br/> 
13:10 Wed 13-01-10 <br/> 
14:03 Wed 13-01-10 <br/> 
15:51 Wed 13-01-10 <br/> 
16:35 Wed 13-01-10 <br/> 
20:42 Wed 13-01-10 <br/> 
21:43 Wed 13-01-10 <br/> 
23:56 Wed 13-01-10 <br/> 
3:54 Thu 14-01-10 <br/> 
5:45 Thu 14-01-10 <br/> 
13:48 Thu 14-01-10 <br/> 
17:00 Thu 14-01-10 <br/> 
17:00 Thu 14-01-10 <br/> 
4:25 Fri 15-01-10 <br/> 
7:50 Fri 15-01-10 <br/> 
10:26 Fri 15-01-10 <br/> 
13:27 Fri 15-01-10 <br/> 
16:03 Fri 15-01-10 <br/> 
18:35 Fri 15-01-10 <br/> 
20:12 Fri 15-01-10 <br/> 
0:59 Sat 16-01-10 <br/> 
5:35 Sat 16-01-10 <br/> 
6:36 Sat 16-01-10 <br/> 
16:12 Sat 16-01-10 <br/> 
0:16 Sun 17-01-10 <br/> 
4:06 Sun 17-01-10 <br/> 
6:50 Sun 17-01-10 <br/> 
6:50 Sun 17-01-10 <br/> 
8:52 Sun 17-01-10 <br/> 
13:53 Sun 17-01-10 <br/> 
15:38 Sun 17-01-10 <br/> 
15:59 Sun 17-01-10 <br/> 
16:16 Sun 17-01-10 <br/> 
22:52 Sun 17-01-10 <br/> 
0:52 Mon 18-01-10 <br/> 
1:27 Mon 18-01-10 <br/> 
1:32 Mon 18-01-10 <br/> 
1:35 Mon 18-01-10 <br/> 
2:23 Mon 18-01-10 <br/> 
2:50 Mon 18-01-10 <br/> 
3:03 Mon 18-01-10 <br/> 
4:19 Mon 18-01-10 <br/> 
4:24 Mon 18-01-10 <br/> 
5:13 Mon 18-01-10 <br/> 
5:34 Mon 18-01-10 <br/> 
6:35 Mon 18-01-10 <br/> 
6:43 Mon 18-01-10 <br/> 
7:49 Mon 18-01-10 <br/> 
8:20 Mon 18-01-10 <br/> 
8:55 Mon 18-01-10 <br/> 
9:06 Mon 18-01-10 <br/> 
9:18 Mon 18-01-10 <br/> 
10:19 Mon 18-01-10 <br/> 
10:31 Mon 18-01-10 <br/> 
11:13 Mon 18-01-10 <br/> 
13:59 Mon 18-01-10 <br/> 
14:07 Mon 18-01-10 <br/> 
14:42 Mon 18-01-10 <br/> 
14:46 Mon 18-01-10 <br/> 
15:21 Mon 18-01-10 <br/> 
15:30 Mon 18-01-10 <br/> 
15:34 Mon 18-01-10 <br/> 
15:50 Mon 18-01-10 <br/> 
21:50 Mon 18-01-10 <br/> 
22:50 Mon 18-01-10 <br/> 
0:29 Tue 19-01-10 <br/> 
4:07 Tue 19-01-10 <br/> 
4:46 Tue 19-01-10 <br/> 
4:46 Tue 19-01-10 <br/> 
4:46 Tue 19-01-10 <br/> 
4:59 Tue 19-01-10 <br/> 
7:16 Tue 19-01-10 <br/> 
7:43 Tue 19-01-10 <br/> 
12:50 Tue 19-01-10 <br/> 
14:54 Tue 19-01-10 <br/> 
15:21 Tue 19-01-10 <br/> 
16:04 Tue 19-01-10 <br/> 
16:13 Tue 19-01-10 <br/> 
21:36 Tue 19-01-10 <br/> 
22:25 Tue 19-01-10 <br/> 
0:10 Wed 20-01-10 <br/> 
2:05 Wed 20-01-10 <br/> 
2:16 Wed 20-01-10 <br/> 
2:27 Wed 20-01-10 <br/> 
5:27 Wed 20-01-10 <br/> 
6:31 Wed 20-01-10 <br/> 
6:37 Wed 20-01-10 <br/> 
6:57 Wed 20-01-10 <br/> 
13:27 Wed 20-01-10 <br/> 
21:20 Wed 20-01-10 <br/> 
22:47 Wed 20-01-10 <br/> 
0:16 Thu 21-01-10 <br/> 
4:51 Thu 21-01-10 <br/> 
5:02 Thu 21-01-10 <br/> 
8:32 Thu 21-01-10 <br/> 
8:57 Thu 21-01-10 <br/> 
10:11 Thu 21-01-10 <br/> 
13:25 Thu 21-01-10 <br/> 
14:04 Thu 21-01-10 <br/> 
15:40 Thu 21-01-10 <br/> 
16:46 Thu 21-01-10 <br/> 
20:57 Thu 21-01-10 <br/> 
21:50 Thu 21-01-10 <br/> 
0:47 Fri 22-01-10 <br/> 
2:37 Fri 22-01-10 <br/> 
6:45 Fri 22-01-10 <br/> 
9:05 Fri 22-01-10 <br/> 
9:16 Fri 22-01-10 <br/> 
9:47 Fri 22-01-10 <br/> 
12:31 Fri 22-01-10 <br/> 
16:06 Fri 22-01-10 <br/> 
18:36 Fri 22-01-10 <br/> 
19:09 Fri 22-01-10 <br/> 
21:01 Fri 22-01-10 <br/> 
21:04 Fri 22-01-10 <br/> 
21:04 Fri 22-01-10 <br/> 
5:36 Sat 23-01-10 <br/> 
8:32 Sat 23-01-10 <br/> 
10:22 Sat 23-01-10 <br/> 
14:22 Sat 23-01-10 <br/> 
15:48 Sat 23-01-10 <br/> 
16:42 Sat 23-01-10 <br/> 
17:20 Sat 23-01-10 <br/> 
18:31 Sat 23-01-10 <br/> 
18:31 Sat 23-01-10 <br/> 
19:11 Sat 23-01-10 <br/> 
20:17 Sat 23-01-10 <br/> 
21:02 Sat 23-01-10 <br/> 
22:26 Sat 23-01-10 <br/> 
0:30 Sun 24-01-10 <br/> 
3:31 Sun 24-01-10 <br/> 
7:23 Sun 24-01-10 <br/> 
9:21 Sun 24-01-10 <br/> 
9:44 Sun 24-01-10 <br/> 
10:10 Sun 24-01-10 <br/> 
11:58 Sun 24-01-10 <br/> 
12:21 Sun 24-01-10 <br/> 
12:46 Sun 24-01-10 <br/> 
12:55 Sun 24-01-10 <br/> 
13:25 Sun 24-01-10 <br/> 
13:59 Sun 24-01-10 <br/> 
14:28 Sun 24-01-10 <br/> 
14:47 Sun 24-01-10 <br/> 
20:31 Sun 24-01-10 <br/> 
21:21 Sun 24-01-10 <br/> 
21:47 Sun 24-01-10 <br/> 
22:01 Sun 24-01-10 <br/> 
23:47 Sun 24-01-10 <br/> 
23:50 Sun 24-01-10 <br/> 
0:35 Mon 25-01-10 <br/> 
1:03 Mon 25-01-10 <br/> 
1:51 Mon 25-01-10 <br/> 
2:06 Mon 25-01-10 <br/> 
2:17 Mon 25-01-10 <br/> 
2:28 Mon 25-01-10 <br/> 
3:35 Mon 25-01-10 <br/> 
4:25 Mon 25-01-10 <br/> 
4:34 Mon 25-01-10 <br/> 
5:50 Mon 25-01-10 <br/> 
6:09 Mon 25-01-10 <br/> 
6:42 Mon 25-01-10 <br/> 
7:42 Mon 25-01-10 <br/> 
8:16 Mon 25-01-10 <br/> 
8:36 Mon 25-01-10 <br/> 
10:20 Mon 25-01-10 <br/> 
11:12 Mon 25-01-10 <br/> 
13:12 Mon 25-01-10 <br/> 
14:48 Mon 25-01-10 <br/> 
16:00 Mon 25-01-10 <br/> 
18:08 Mon 25-01-10 <br/> 
18:30 Mon 25-01-10 <br/> 
20:57 Mon 25-01-10 <br/> 
22:47 Mon 25-01-10 <br/> 
23:49 Mon 25-01-10 <br/> 
1:27 Tue 26-01-10 <br/> 
2:56 Tue 26-01-10 <br/> 
4:04 Tue 26-01-10 <br/> 
4:39 Tue 26-01-10 <br/> 
5:14 Tue 26-01-10 <br/> 
5:47 Tue 26-01-10 <br/> 
5:52 Tue 26-01-10 <br/> 
6:09 Tue 26-01-10 <br/> 
7:20 Tue 26-01-10 <br/> 
7:37 Tue 26-01-10 <br/> 
9:20 Tue 26-01-10 <br/> 
10:26 Tue 26-01-10 <br/> 
12:12 Tue 26-01-10 <br/> 
12:29 Tue 26-01-10 <br/> 
13:25 Tue 26-01-10 <br/> 
13:53 Tue 26-01-10 <br/> 
14:09 Tue 26-01-10 <br/> 
14:44 Tue 26-01-10 <br/> 
15:40 Tue 26-01-10 <br/> 
16:05 Tue 26-01-10 <br/> 
21:00 Tue 26-01-10 <br/> 
21:12 Tue 26-01-10 <br/> 
2:12 Wed 27-01-10 <br/> 
2:53 Wed 27-01-10 <br/> 
6:20 Wed 27-01-10 <br/> 
12:52 Wed 27-01-10 <br/> 
12:53 Wed 27-01-10 <br/> 
20:13 Wed 27-01-10 <br/> 
22:56 Wed 27-01-10 <br/> 
1:15 Thu 28-01-10 <br/> 
4:36 Thu 28-01-10 <br/> 
5:55 Thu 28-01-10 <br/> 
7:30 Thu 28-01-10 <br/> 
11:59 Thu 28-01-10 <br/> 
12:58 Thu 28-01-10 <br/> 
14:37 Thu 28-01-10 <br/> 
15:05 Thu 28-01-10 <br/> 
16:14 Thu 28-01-10 <br/> 
20:54 Thu 28-01-10 <br/> 
2:02 Fri 29-01-10 <br/> 
3:15 Fri 29-01-10 <br/> 
16:45 Fri 29-01-10 <br/> 
19:47 Fri 29-01-10 <br/> 
2:10 Sat 30-01-10 <br/> 
4:38 Sat 30-01-10 <br/> 
5:12 Sat 30-01-10 <br/> 
6:28 Sat 30-01-10 <br/> 
9:45 Sat 30-01-10 <br/> 
12:47 Sat 30-01-10 <br/> 
13:01 Sat 30-01-10 <br/> 
14:00 Sat 30-01-10 <br/> 
14:21 Sat 30-01-10 <br/> 
16:47 Sat 30-01-10 <br/> 
17:55 Sat 30-01-10 <br/> 
19:19 Sat 30-01-10 <br/> 
0:18 Sun 31-01-10 <br/> 
5:01 Sun 31-01-10 <br/> 
7:10 Sun 31-01-10 <br/> 
7:41 Sun 31-01-10 <br/> 
9:34 Sun 31-01-10 <br/> 
9:57 Sun 31-01-10 <br/> 
11:49 Sun 31-01-10 <br/> 
13:42 Sun 31-01-10 <br/> 
14:32 Sun 31-01-10 <br/> 
16:55 Sun 31-01-10 <br/> 
20:21 Sun 31-01-10 <br/> 
22:34 Sun 31-01-10 <br/> 
23:24 Sun 31-01-10 <br/> 
1:49 Mon 01-02-10 <br/> 
2:49 Mon 01-02-10 <br/> 
5:45 Mon 01-02-10 <br/> 
6:36 Mon 01-02-10 <br/> 
7:26 Mon 01-02-10 <br/> 
10:24 Mon 01-02-10 <br/> 
12:29 Mon 01-02-10 <br/> 
13:22 Mon 01-02-10 <br/> 
15:24 Mon 01-02-10 <br/> 
16:17 Mon 01-02-10 <br/> 
16:59 Mon 01-02-10 <br/> 
0:21 Tue 02-02-10 <br/> 
1:06 Tue 02-02-10 <br/> 
4:57 Tue 02-02-10 <br/> 
6:09 Tue 02-02-10 <br/> 
6:47 Tue 02-02-10 <br/> 
8:08 Tue 02-02-10 <br/> 
10:39 Tue 02-02-10 <br/> 
10:39 Tue 02-02-10 <br/> 
13:19 Tue 02-02-10 <br/> 
13:29 Tue 02-02-10 <br/> 
13:35 Tue 02-02-10 <br/> 
13:57 Tue 02-02-10 <br/> 
14:46 Tue 02-02-10 <br/> 
14:55 Tue 02-02-10 <br/> 
19:20 Tue 02-02-10 <br/> 
21:05 Tue 02-02-10 <br/> 
23:51 Tue 02-02-10 <br/> 
2:41 Wed 03-02-10 <br/> 
3:59 Wed 03-02-10 <br/> 
4:12 Wed 03-02-10 <br/> 
4:34 Wed 03-02-10 <br/> 
4:43 Wed 03-02-10 <br/> 
5:23 Wed 03-02-10 <br/> 
5:49 Wed 03-02-10 <br/> 
6:04 Wed 03-02-10 <br/> 
6:14 Wed 03-02-10 <br/> 
6:29 Wed 03-02-10 <br/> 
6:46 Wed 03-02-10 <br/> 
7:00 Wed 03-02-10 <br/> 
7:18 Wed 03-02-10 <br/> 
7:24 Wed 03-02-10 <br/> 
8:14 Wed 03-02-10 <br/> 
8:45 Wed 03-02-10 <br/> 
8:59 Wed 03-02-10 <br/> 
9:25 Wed 03-02-10 <br/> 
9:56 Wed 03-02-10 <br/> 
10:19 Wed 03-02-10 <br/> 
11:07 Wed 03-02-10 <br/> 
11:45 Wed 03-02-10 <br/> 
11:45 Wed 03-02-10 <br/> 
11:56 Wed 03-02-10 <br/> 
12:11 Wed 03-02-10 <br/> 
12:15 Wed 03-02-10 <br/> 
13:00 Wed 03-02-10 <br/> 
13:10 Wed 03-02-10 <br/> 
13:59 Wed 03-02-10 <br/> 
14:14 Wed 03-02-10 <br/> 
14:31 Wed 03-02-10 <br/> 
14:43 Wed 03-02-10 <br/> 
14:58 Wed 03-02-10 <br/> 
15:06 Wed 03-02-10 <br/> 
15:33 Wed 03-02-10 <br/> 
15:45 Wed 03-02-10 <br/> 
16:06 Wed 03-02-10 <br/> 
16:13 Wed 03-02-10 <br/> 
16:24 Wed 03-02-10 <br/> 
16:37 Wed 03-02-10 <br/> 
17:05 Wed 03-02-10 <br/> 
17:05 Wed 03-02-10 <br/> 
17:13 Wed 03-02-10 <br/> 
19:22 Wed 03-02-10 <br/> 
21:39 Wed 03-02-10 <br/> 
22:39 Wed 03-02-10 <br/> 
23:34 Wed 03-02-10 <br/> 
23:54 Wed 03-02-10 <br/> 
0:24 Thu 04-02-10 <br/> 
0:37 Thu 04-02-10 <br/> 
0:52 Thu 04-02-10 <br/> 
0:58 Thu 04-02-10 <br/> 
1:02 Thu 04-02-10 <br/> 
1:22 Thu 04-02-10 <br/> 
2:08 Thu 04-02-10 <br/> 
2:23 Thu 04-02-10 <br/> 
2:49 Thu 04-02-10 <br/> 
3:33 Thu 04-02-10 <br/> 
3:43 Thu 04-02-10 <br/> 
4:53 Thu 04-02-10 <br/> 
5:58 Thu 04-02-10 <br/> 
6:10 Thu 04-02-10 <br/> 
6:17 Thu 04-02-10 <br/> 
6:44 Thu 04-02-10 <br/> 
6:59 Thu 04-02-10 <br/> 
7:20 Thu 04-02-10 <br/> 
8:57 Thu 04-02-10 <br/> 
9:51 Thu 04-02-10 <br/> 
10:55 Thu 04-02-10 <br/> 
11:17 Thu 04-02-10 <br/> 
12:10 Thu 04-02-10 <br/> 
14:11 Thu 04-02-10 <br/> 
14:25 Thu 04-02-10 <br/> 
20:28 Thu 04-02-10 <br/> 
21:39 Thu 04-02-10 <br/> 
23:29 Thu 04-02-10 <br/> 
0:41 Fri 05-02-10 <br/> 
0:41 Fri 05-02-10 <br/> 
5:50 Fri 05-02-10 <br/> 
6:30 Fri 05-02-10 <br/> 
6:32 Fri 05-02-10 <br/> 
6:50 Fri 05-02-10 <br/> 
8:14 Fri 05-02-10 <br/> 
9:11 Fri 05-02-10 <br/> 
9:50 Fri 05-02-10 <br/> 
11:23 Fri 05-02-10 <br/> 
13:10 Fri 05-02-10 <br/> 
15:24 Fri 05-02-10 <br/> 
15:59 Fri 05-02-10 <br/> 
17:11 Fri 05-02-10 <br/> 
17:21 Fri 05-02-10 <br/> 
17:39 Fri 05-02-10 <br/> 
17:49 Fri 05-02-10 <br/> 
17:53 Fri 05-02-10 <br/> 
18:04 Fri 05-02-10 <br/> 
18:43 Fri 05-02-10 <br/> 
21:14 Fri 05-02-10 <br/> 
23:20 Fri 05-02-10 <br/> 
23:45 Fri 05-02-10 <br/> 
23:54 Fri 05-02-10 <br/> 
23:54 Fri 05-02-10 <br/> 
0:27 Sat 06-02-10 <br/> 
1:15 Sat 06-02-10 <br/> 
1:57 Sat 06-02-10 <br/> 
2:06 Sat 06-02-10 <br/> 
7:04 Sat 06-02-10 <br/> 
7:23 Sat 06-02-10 <br/> 
9:58 Sat 06-02-10 <br/> 
9:58 Sat 06-02-10 <br/> 
11:04 Sat 06-02-10 <br/> 
11:27 Sat 06-02-10 <br/> 
11:46 Sat 06-02-10 <br/> 
11:55 Sat 06-02-10 <br/> 
12:24 Sat 06-02-10 <br/> 
13:17 Sat 06-02-10 <br/> 
14:12 Sat 06-02-10 <br/> 
15:51 Sat 06-02-10 <br/> 
16:02 Sat 06-02-10 <br/> 
17:33 Sat 06-02-10 <br/> 
22:14 Sat 06-02-10 <br/> 
23:28 Sat 06-02-10 <br/> 
0:36 Sun 07-02-10 <br/> 
1:08 Sun 07-02-10 <br/> 
1:32 Sun 07-02-10 <br/> 
2:49 Sun 07-02-10 <br/> 
3:31 Sun 07-02-10 <br/> 
5:59 Sun 07-02-10 <br/> 
6:08 Sun 07-02-10 <br/> 
6:12 Sun 07-02-10 <br/> 
7:22 Sun 07-02-10 <br/> 
9:28 Sun 07-02-10 <br/> 
9:33 Sun 07-02-10 <br/> 
13:34 Sun 07-02-10 <br/> 
15:26 Sun 07-02-10 <br/> 
18:36 Sun 07-02-10 <br/> 
22:10 Sun 07-02-10 <br/> 
22:58 Sun 07-02-10 <br/> 
0:04 Mon 08-02-10 <br/> 
2:28 Mon 08-02-10 <br/> 
23:23 Mon 08-02-10 <br/> 
1:11 Tue 09-02-10 <br/> 
2:38 Tue 09-02-10 <br/> 
3:45 Tue 09-02-10 <br/> 
3:55 Tue 09-02-10 <br/> 
3:55 Tue 09-02-10 <br/> 
6:19 Tue 09-02-10 <br/> 
8:00 Tue 09-02-10 <br/> 
9:12 Tue 09-02-10 <br/> 
11:41 Tue 09-02-10 <br/> 
20:41 Tue 09-02-10 <br/> 
21:53 Tue 09-02-10 <br/> 
2:28 Wed 10-02-10 <br/> 
3:46 Wed 10-02-10 <br/> 
10:11 Wed 10-02-10 <br/> 
16:15 Wed 10-02-10 <br/> 
3:50 Thu 11-02-10 <br/> 
6:39 Thu 11-02-10 <br/> 
9:11 Thu 11-02-10 <br/> 
0:48 Fri 12-02-10 <br/> 
3:15 Fri 12-02-10 <br/> 
3:53 Fri 12-02-10 <br/> 
4:14 Fri 12-02-10 <br/> 
4:14 Fri 12-02-10 <br/> 
5:09 Fri 12-02-10 <br/> 
12:11 Fri 12-02-10 <br/> 
12:32 Fri 12-02-10 <br/> 
14:37 Fri 12-02-10 <br/> 
8:28 Sat 13-02-10 <br/> 
8:29 Sat 13-02-10 <br/> 
8:29 Sat 13-02-10 <br/> 
15:16 Sat 13-02-10 <br/> 
18:19 Sat 13-02-10 <br/> 
22:47 Sat 13-02-10 <br/> 
23:32 Sat 13-02-10 <br/> 
3:23 Sun 14-02-10 <br/> 
3:37 Sun 14-02-10 <br/> 
3:44 Sun 14-02-10 <br/> 
3:59 Sun 14-02-10 <br/> 
5:36 Sun 14-02-10 <br/> 
6:50 Sun 14-02-10 <br/> 
9:05 Sun 14-02-10 <br/> 
9:20 Sun 14-02-10 <br/> 
15:05 Sun 14-02-10 <br/> 
16:53 Sun 14-02-10 <br/> 
17:40 Sun 14-02-10 <br/> 
1:24 Mon 15-02-10 <br/> 
3:18 Mon 15-02-10 <br/> 
4:46 Mon 15-02-10 <br/> 
5:14 Mon 15-02-10 <br/> 
11:45 Mon 15-02-10 <br/> 
12:27 Mon 15-02-10 <br/> 
12:33 Mon 15-02-10 <br/> 
14:44 Mon 15-02-10 <br/> 
15:58 Mon 15-02-10 <br/> 
4:15 Tue 16-02-10 <br/> 
6:13 Tue 16-02-10 <br/> 
6:13 Tue 16-02-10 <br/> 
11:15 Tue 16-02-10 <br/> 
11:40 Tue 16-02-10 <br/> 
12:27 Tue 16-02-10 <br/> 
13:42 Tue 16-02-10 <br/> 
15:11 Tue 16-02-10 <br/> 
16:11 Tue 16-02-10 <br/> 
20:08 Tue 16-02-10 <br/> 
3:28 Wed 17-02-10 <br/> 
11:03 Wed 17-02-10 <br/> 
11:27 Wed 17-02-10 <br/> 
12:23 Wed 17-02-10 <br/> 
13:06 Wed 17-02-10 <br/> 
13:11 Wed 17-02-10 <br/> 
14:44 Wed 17-02-10 <br/> 
16:23 Wed 17-02-10 <br/> 
16:31 Wed 17-02-10 <br/> 
20:09 Wed 17-02-10 <br/> 
22:42 Wed 17-02-10 <br/> 
4:54 Thu 18-02-10 <br/> 
6:32 Thu 18-02-10 <br/> 
17:16 Thu 18-02-10 <br/> 
19:11 Thu 18-02-10 <br/> 
20:11 Thu 18-02-10 <br/> 
1:52 Fri 19-02-10 <br/> 
5:07 Fri 19-02-10 <br/> 
5:16 Fri 19-02-10 <br/> 
6:30 Fri 19-02-10 <br/> 
8:57 Fri 19-02-10 <br/> 
8:59 Fri 19-02-10 <br/> 
20:13 Fri 19-02-10 <br/> 
1:36 Sat 20-02-10 <br/> 
2:22 Sat 20-02-10 <br/> 
5:28 Sat 20-02-10 <br/> 
7:15 Sat 20-02-10 <br/> 
7:19 Sat 20-02-10 <br/> 
11:57 Sat 20-02-10 <br/> 
20:15 Sat 20-02-10 <br/> 
22:05 Sat 20-02-10 <br/> 
1:10 Sun 21-02-10 <br/> 
2:33 Sun 21-02-10 <br/> 
14:47 Sun 21-02-10 <br/> 
1:29 Mon 22-02-10 <br/> 
4:06 Mon 22-02-10 <br/> 
6:03 Mon 22-02-10 <br/> 
9:16 Mon 22-02-10 <br/> 
10:03 Mon 22-02-10 <br/> 
10:56 Mon 22-02-10 <br/> 
11:11 Mon 22-02-10 <br/> 
11:29 Mon 22-02-10 <br/> 
11:53 Mon 22-02-10 <br/> 
11:55 Mon 22-02-10 <br/> 
12:39 Mon 22-02-10 <br/> 
12:49 Mon 22-02-10 <br/> 
13:08 Mon 22-02-10 <br/> 
13:14 Mon 22-02-10 <br/> 
13:29 Mon 22-02-10 <br/> 
13:46 Mon 22-02-10 <br/> 
14:43 Mon 22-02-10 <br/> 
15:40 Mon 22-02-10 <br/> 
16:37 Mon 22-02-10 <br/> 
17:28 Mon 22-02-10 <br/> 
17:34 Mon 22-02-10 <br/> 
18:31 Mon 22-02-10 <br/> 
19:27 Mon 22-02-10 <br/> 
20:24 Mon 22-02-10 <br/> 
20:45 Mon 22-02-10 <br/> 
20:46 Mon 22-02-10 <br/> 
21:21 Mon 22-02-10 <br/> 
22:18 Mon 22-02-10 <br/> 
23:15 Mon 22-02-10 <br/> 
23:54 Mon 22-02-10 <br/> 
0:12 Tue 23-02-10 <br/> 
1:09 Tue 23-02-10 <br/> 
2:07 Tue 23-02-10 <br/> 
3:01 Tue 23-02-10 <br/> 
4:05 Tue 23-02-10 <br/> 
5:02 Tue 23-02-10 <br/> 
5:59 Tue 23-02-10 <br/> 
6:56 Tue 23-02-10 <br/> 
7:53 Tue 23-02-10 <br/> 
8:49 Tue 23-02-10 <br/> 
9:31 Tue 23-02-10 <br/> 
9:47 Tue 23-02-10 <br/> 
10:44 Tue 23-02-10 <br/> 
11:41 Tue 23-02-10 <br/> 
12:38 Tue 23-02-10 <br/> 
13:34 Tue 23-02-10 <br/> 
14:31 Tue 23-02-10 <br/> 
15:28 Tue 23-02-10 <br/> 
16:25 Tue 23-02-10 <br/> 
17:22 Tue 23-02-10 <br/> 
18:19 Tue 23-02-10 <br/> 
19:16 Tue 23-02-10 <br/> 
20:12 Tue 23-02-10 <br/> 
21:09 Tue 23-02-10 <br/> 
22:06 Tue 23-02-10 <br/> 
23:08 Tue 23-02-10 <br/> 
4:15 Wed 24-02-10 <br/> 
4:52 Wed 24-02-10 <br/> 
6:42 Wed 24-02-10 <br/> 
9:45 Wed 24-02-10 <br/> 
10:30 Wed 24-02-10 <br/> 
11:19 Wed 24-02-10 <br/> 
16:21 Wed 24-02-10 <br/> 
5:48 Thu 25-02-10 <br/> 
10:16 Thu 25-02-10 <br/> 
11:56 Thu 25-02-10 <br/> 
16:39 Thu 25-02-10 <br/> 
20:47 Thu 25-02-10 <br/> 
21:15 Thu 25-02-10 <br/> 
22:35 Thu 25-02-10 <br/> 
23:04 Thu 25-02-10 <br/> 
0:34 Fri 26-02-10 <br/> 
0:47 Fri 26-02-10 <br/> 
4:02 Fri 26-02-10 <br/> 
4:12 Fri 26-02-10 <br/> 
4:32 Fri 26-02-10 <br/> 
4:54 Fri 26-02-10 <br/> 
5:12 Fri 26-02-10 <br/> 
5:33 Fri 26-02-10 <br/> 
5:59 Fri 26-02-10 <br/> 
6:41 Fri 26-02-10 <br/> 
7:08 Fri 26-02-10 <br/> 
7:26 Fri 26-02-10 <br/> 
8:28 Fri 26-02-10 <br/> 
8:48 Fri 26-02-10 <br/> 
9:22 Fri 26-02-10 <br/> 
9:41 Fri 26-02-10 <br/> 
10:49 Fri 26-02-10 <br/> 
11:35 Fri 26-02-10 <br/> 
13:25 Fri 26-02-10 <br/> 
13:37 Fri 26-02-10 <br/> 
14:30 Fri 26-02-10 <br/> 
14:35 Fri 26-02-10 <br/> 
16:50 Fri 26-02-10 <br/> 
16:56 Fri 26-02-10 <br/> 
18:16 Fri 26-02-10 <br/> 
18:36 Fri 26-02-10 <br/> 
22:42 Fri 26-02-10 <br/> 
22:58 Fri 26-02-10 <br/> 
23:55 Fri 26-02-10 <br/> 
0:51 Sat 27-02-10 <br/> 
1:06 Sat 27-02-10 <br/> 
2:06 Sat 27-02-10 <br/> 
2:32 Sat 27-02-10 <br/> 
2:50 Sat 27-02-10 <br/> 
2:58 Sat 27-02-10 <br/> 
3:36 Sat 27-02-10 <br/> 
4:04 Sat 27-02-10 <br/> 
5:22 Sat 27-02-10 <br/> 
5:28 Sat 27-02-10 <br/> 
6:32 Sat 27-02-10 <br/> 
8:47 Sat 27-02-10 <br/> 
9:20 Sat 27-02-10 <br/> 
9:29 Sat 27-02-10 <br/> 
10:16 Sat 27-02-10 <br/> 
13:01 Sat 27-02-10 <br/> 
13:32 Sat 27-02-10 <br/> 
14:08 Sat 27-02-10 <br/> 
14:33 Sat 27-02-10 <br/> 
16:42 Sat 27-02-10 <br/> 
16:59 Sat 27-02-10 <br/> 
17:25 Sat 27-02-10 <br/> 
18:30 Sat 27-02-10 <br/> 
23:51 Sat 27-02-10 <br/> 
23:52 Sat 27-02-10 <br/> 
0:52 Sun 28-02-10 <br/> 
0:53 Sun 28-02-10 <br/> 
1:12 Sun 28-02-10 <br/> 
1:28 Sun 28-02-10 <br/> 
1:41 Sun 28-02-10 <br/> 
2:29 Sun 28-02-10 <br/> 
2:56 Sun 28-02-10 <br/> 
3:17 Sun 28-02-10 <br/> 
3:24 Sun 28-02-10 <br/> 
3:40 Sun 28-02-10 <br/> 
4:47 Sun 28-02-10 <br/> 
5:40 Sun 28-02-10 <br/> 
5:44 Sun 28-02-10 <br/> 
6:16 Sun 28-02-10 <br/> 
6:45 Sun 28-02-10 <br/> 
7:05 Sun 28-02-10 <br/> 
7:50 Sun 28-02-10 <br/> 
7:54 Sun 28-02-10 <br/> 
8:03 Sun 28-02-10 <br/> 
8:30 Sun 28-02-10 <br/> 
8:50 Sun 28-02-10 <br/> 
9:09 Sun 28-02-10 <br/> 
9:42 Sun 28-02-10 <br/> 
10:25 Sun 28-02-10 <br/> 
10:39 Sun 28-02-10 <br/> 
11:37 Sun 28-02-10 <br/> 
11:48 Sun 28-02-10 <br/> 
12:36 Sun 28-02-10 <br/> 
12:40 Sun 28-02-10 <br/> 
13:00 Sun 28-02-10 <br/> 
14:00 Sun 28-02-10 <br/> 
15:22 Sun 28-02-10 <br/> 
15:55 Sun 28-02-10 <br/> 
16:09 Sun 28-02-10 <br/> 
22:12 Sun 28-02-10 <br/> 
22:14 Sun 28-02-10 <br/> 
22:22 Sun 28-02-10 <br/> 
23:05 Sun 28-02-10 <br/> 
0:26 Mon 01-03-10 <br/> 
1:12 Mon 01-03-10 <br/> 
1:38 Mon 01-03-10 <br/> 
2:45 Mon 01-03-10 <br/> 
3:33 Mon 01-03-10 <br/> 
4:12 Mon 01-03-10 <br/> 
6:32 Mon 01-03-10 <br/> 
8:52 Mon 01-03-10 <br/> 
12:30 Mon 01-03-10 <br/> 
15:49 Mon 01-03-10 <br/> 
15:49 Mon 01-03-10 <br/> 
20:28 Mon 01-03-10 <br/> 
22:52 Mon 01-03-10 <br/> 
2:27 Tue 02-03-10 <br/> 
3:43 Tue 02-03-10 <br/> 
6:50 Tue 02-03-10 <br/> 
8:07 Tue 02-03-10 <br/> 
8:54 Tue 02-03-10 <br/> 
9:31 Tue 02-03-10 <br/> 
9:45 Tue 02-03-10 <br/> 
11:26 Tue 02-03-10 <br/> 
11:44 Tue 02-03-10 <br/> 
12:48 Tue 02-03-10 <br/> 
15:06 Tue 02-03-10 <br/> 
20:00 Tue 02-03-10 <br/> 
0:22 Wed 03-03-10 <br/> 
0:48 Wed 03-03-10 <br/> 
0:48 Wed 03-03-10 <br/> 
2:42 Wed 03-03-10 <br/> 
6:55 Wed 03-03-10 <br/> 
8:56 Wed 03-03-10 <br/> 
12:40 Wed 03-03-10 <br/> 
12:43 Wed 03-03-10 <br/> 
14:33 Wed 03-03-10 <br/> 
14:51 Wed 03-03-10 <br/> 
20:27 Wed 03-03-10 <br/> 
21:21 Wed 03-03-10 <br/> 
22:12 Wed 03-03-10 <br/> 
23:00 Wed 03-03-10 <br/> 
1:20 Thu 04-03-10 <br/> 
1:20 Thu 04-03-10 <br/> 
7:50 Thu 04-03-10 <br/> 
8:28 Thu 04-03-10 <br/> 
8:57 Thu 04-03-10 <br/> 
8:57 Thu 04-03-10 <br/> 
8:57 Thu 04-03-10 <br/> 
8:57 Thu 04-03-10 <br/> 
8:57 Thu 04-03-10 <br/> 
8:57 Thu 04-03-10 <br/> 
8:57 Thu 04-03-10 <br/> 
8:57 Thu 04-03-10 <br/> 
11:14 Thu 04-03-10 <br/> 
11:24 Thu 04-03-10 <br/> 
12:51 Thu 04-03-10 <br/> 
15:40 Thu 04-03-10 <br/> 
21:44 Thu 04-03-10 <br/> 
21:59 Thu 04-03-10 <br/> 
8:12 Fri 05-03-10 <br/> 
9:03 Fri 05-03-10 <br/> 
15:17 Fri 05-03-10 <br/> 
19:18 Fri 05-03-10 <br/> 
19:23 Fri 05-03-10 <br/> 
0:42 Sat 06-03-10 <br/> 
5:06 Sat 06-03-10 <br/> 
6:16 Sat 06-03-10 <br/> 
6:55 Sat 06-03-10 <br/> 
6:55 Sat 06-03-10 <br/> 
7:40 Sat 06-03-10 <br/> 
8:47 Sat 06-03-10 <br/> 
9:13 Sat 06-03-10 <br/> 
12:38 Sat 06-03-10 <br/> 
18:37 Sat 06-03-10 <br/> 
6:56 Sun 07-03-10 <br/> 
9:16 Sun 07-03-10 <br/> 
18:27 Sun 07-03-10 <br/> 
22:39 Sun 07-03-10 <br/> 
23:25 Sun 07-03-10 <br/> 
6:28 Mon 08-03-10 <br/> 
8:58 Mon 08-03-10 <br/> 
9:05 Mon 08-03-10 <br/> 
9:18 Mon 08-03-10 <br/> 
9:52 Mon 08-03-10 <br/> 
10:47 Mon 08-03-10 <br/> 
19:00 Mon 08-03-10 <br/> 
6:52 Tue 09-03-10 <br/> 
9:20 Tue 09-03-10 <br/> 
1:30 Wed 10-03-10 <br/> 
4:12 Wed 10-03-10 <br/> 
7:05 Wed 10-03-10 <br/> 
9:21 Wed 10-03-10 <br/> 
9:36 Wed 10-03-10 <br/> 
1:45 Thu 11-03-10 <br/> 
3:02 Thu 11-03-10 <br/> 
3:10 Thu 11-03-10 <br/> 
7:48 Thu 11-03-10 <br/> 
7:48 Thu 11-03-10 <br/> 
9:24 Thu 11-03-10 <br/> 
11:14 Thu 11-03-10 <br/> 
11:54 Thu 11-03-10 <br/> 
4:56 Fri 12-03-10 <br/> 
6:56 Fri 12-03-10 <br/> 
8:06 Fri 12-03-10 <br/> 
8:43 Fri 12-03-10 <br/> 
9:31 Fri 12-03-10 <br/> 
9:40 Fri 12-03-10 <br/> 
10:19 Fri 12-03-10 <br/> 
15:27 Fri 12-03-10 <br/> 
19:29 Fri 12-03-10 <br/> 
22:11 Fri 12-03-10 <br/> 
2:27 Sat 13-03-10 <br/> 
2:48 Sat 13-03-10 <br/> 
9:33 Sat 13-03-10 <br/> 
11:54 Sat 13-03-10 <br/> 
23:14 Sat 13-03-10 <br/> 
3:23 Sun 14-03-10 <br/> 
9:24 Sun 14-03-10 <br/> 
10:35 Sun 14-03-10 <br/> 
11:01 Sun 14-03-10 <br/> 
11:41 Sun 14-03-10 <br/> 
13:41 Sun 14-03-10 <br/> 
15:45 Sun 14-03-10 <br/> 
1:41 Mon 15-03-10 <br/> 
10:46 Mon 15-03-10 <br/> 
5:37 Tue 16-03-10 <br/> 
6:57 Tue 16-03-10 <br/> 
9:18 Tue 16-03-10 <br/> 
9:21 Tue 16-03-10 <br/> 
9:23 Tue 16-03-10 <br/> 
11:03 Tue 16-03-10 <br/> 
11:21 Tue 16-03-10 <br/> 
13:09 Tue 16-03-10 <br/> 
13:27 Tue 16-03-10 <br/> 
13:47 Tue 16-03-10 <br/> 
18:19 Tue 16-03-10 <br/> 
11:07 Wed 17-03-10 <br/> 
12:17 Wed 17-03-10 <br/> 
17:27 Wed 17-03-10 <br/> 
23:35 Wed 17-03-10 <br/> 
5:10 Thu 18-03-10 <br/> 
6:44 Thu 18-03-10 <br/> 
11:10 Thu 18-03-10 <br/> 
11:44 Thu 18-03-10 <br/> 
12:18 Thu 18-03-10 <br/> 
21:04 Thu 18-03-10 <br/> 
22:32 Thu 18-03-10 <br/> 
23:16 Thu 18-03-10 <br/> 
23:43 Thu 18-03-10 <br/> 
3:49 Fri 19-03-10 <br/> 
8:35 Fri 19-03-10 <br/> 
11:11 Fri 19-03-10 <br/> 
11:22 Fri 19-03-10 <br/> 
13:57 Fri 19-03-10 <br/> 
2:42 Sat 20-03-10 <br/> 
11:13 Sat 20-03-10 <br/> 
11:41 Sat 20-03-10 <br/> 
14:01 Sat 20-03-10 <br/> 
23:40 Sat 20-03-10 <br/> 
2:03 Sun 21-03-10 <br/> 
10:33 Sun 21-03-10 <br/> 
11:24 Sun 21-03-10 <br/> 
4:39 Mon 22-03-10 <br/> 
11:32 Mon 22-03-10 <br/> 
15:09 Mon 22-03-10 <br/> 
21:31 Mon 22-03-10 <br/> 
0:01 Tue 23-03-10 <br/> 
8:27 Tue 23-03-10 <br/> 
11:49 Tue 23-03-10 <br/> 
12:01 Tue 23-03-10 <br/> 
18:20 Tue 23-03-10 <br/> 
19:17 Tue 23-03-10 <br/> 
21:23 Tue 23-03-10 <br/> 
1:15 Wed 24-03-10 <br/> 
11:51 Wed 24-03-10 <br/> 
15:04 Wed 24-03-10 <br/> 
15:49 Wed 24-03-10 <br/> 
15:56 Wed 24-03-10 <br/> 
20:53 Wed 24-03-10 <br/> 
21:38 Wed 24-03-10 <br/> 
0:21 Thu 25-03-10 <br/> 
1:42 Thu 25-03-10 <br/> 
2:13 Thu 25-03-10 <br/> 
3:58 Thu 25-03-10 <br/> 
8:39 Thu 25-03-10 <br/> 
11:54 Thu 25-03-10 <br/> 
15:02 Thu 25-03-10 <br/> 
1:10 Fri 26-03-10 <br/> 
3:57 Fri 26-03-10 <br/> 
5:16 Fri 26-03-10 <br/> 
10:20 Fri 26-03-10 <br/> 
11:04 Fri 26-03-10 <br/> 
11:57 Fri 26-03-10 <br/> 
0:39 Sat 27-03-10 <br/> 
9:43 Sat 27-03-10 <br/> 
11:37 Sat 27-03-10 <br/> 
12:00 Sat 27-03-10 <br/> 
14:11 Sat 27-03-10 <br/> 
16:10 Sat 27-03-10 <br/> 
16:15 Sat 27-03-10 <br/> 
22:32 Sat 27-03-10 <br/> 
3:59 Sun 28-03-10 <br/> 
12:02 Sun 28-03-10 <br/> 
12:59 Sun 28-03-10 <br/> 
16:08 Sun 28-03-10 <br/> 
19:20 Sun 28-03-10 <br/> 
1:00 Mon 29-03-10 <br/> 
16:16 Mon 29-03-10 <br/> 
19:10 Mon 29-03-10 <br/> 
9:16 Tue 30-03-10 <br/> 
13:16 Tue 30-03-10 <br/> 
18:31 Tue 30-03-10 <br/> 
19:48 Tue 30-03-10 <br/> 
21:37 Tue 30-03-10 <br/> 
1:21 Wed 31-03-10 <br/> 
3:28 Wed 31-03-10 <br/> 
3:34 Wed 31-03-10 <br/> 
5:06 Wed 31-03-10 <br/> 
5:27 Wed 31-03-10 <br/> 
5:27 Wed 31-03-10 <br/> 
12:06 Wed 31-03-10 <br/> 
14:12 Wed 31-03-10 <br/> 
15:40 Wed 31-03-10 <br/> 
21:16 Wed 31-03-10 <br/> 
14:47 Thu 01-04-10 <br/> 
15:27 Thu 01-04-10 <br/> 
22:50 Thu 01-04-10 <br/> 
1:36 Fri 02-04-10 <br/> 
5:34 Fri 02-04-10 <br/> 
7:08 Fri 02-04-10 <br/> 
7:17 Fri 02-04-10 <br/> 
8:24 Fri 02-04-10 <br/> 
12:22 Fri 02-04-10 <br/> 
13:28 Fri 02-04-10 <br/> 
16:33 Fri 02-04-10 <br/> 
2:06 Sat 03-04-10 <br/> 
3:35 Sat 03-04-10 <br/> 
3:35 Sat 03-04-10 <br/> 
6:29 Sat 03-04-10 <br/> 
6:42 Sat 03-04-10 <br/> 
13:16 Sat 03-04-10 <br/> 
16:51 Sat 03-04-10 <br/> 
19:02 Sat 03-04-10 <br/> 
1:57 Sun 04-04-10 <br/> 
5:33 Sun 04-04-10 <br/> 
5:48 Sun 04-04-10 <br/> 
7:00 Sun 04-04-10 <br/> 
7:12 Sun 04-04-10 <br/> 
9:07 Sun 04-04-10 <br/> 
10:14 Sun 04-04-10 <br/> 
11:49 Sun 04-04-10 <br/> 
13:36 Sun 04-04-10 <br/> 
13:55 Sun 04-04-10 <br/> 
14:24 Sun 04-04-10 <br/> 
15:13 Sun 04-04-10 <br/> 
15:32 Sun 04-04-10 <br/> 
16:34 Sun 04-04-10 <br/> 
16:53 Sun 04-04-10 <br/> 
18:06 Sun 04-04-10 <br/> 
18:06 Sun 04-04-10 <br/> 
22:46 Sun 04-04-10 <br/> 
23:46 Sun 04-04-10 <br/> 
1:14 Mon 05-04-10 <br/> 
3:11 Mon 05-04-10 <br/> 
3:52 Mon 05-04-10 <br/> 
5:04 Mon 05-04-10 <br/> 
5:30 Mon 05-04-10 <br/> 
8:40 Mon 05-04-10 <br/> 
11:38 Mon 05-04-10 <br/> 
12:55 Mon 05-04-10 <br/> 
12:55 Mon 05-04-10 <br/> 
13:52 Mon 05-04-10 <br/> 
14:06 Mon 05-04-10 <br/> 
14:44 Mon 05-04-10 <br/> 
15:07 Mon 05-04-10 <br/> 
17:16 Mon 05-04-10 <br/> 
18:22 Mon 05-04-10 <br/> 
18:44 Mon 05-04-10 <br/> 
2:14 Tue 06-04-10 <br/> 
2:52 Tue 06-04-10 <br/> 
4:24 Tue 06-04-10 <br/> 
10:04 Tue 06-04-10 <br/> 
11:20 Tue 06-04-10 <br/> 
13:15 Tue 06-04-10 <br/> 
16:26 Tue 06-04-10 <br/> 
20:05 Tue 06-04-10 <br/> 
20:59 Tue 06-04-10 <br/> 
5:35 Wed 07-04-10 <br/> 
9:37 Wed 07-04-10 <br/> 
16:49 Wed 07-04-10 <br/> 
20:59 Wed 07-04-10 <br/> 
2:33 Thu 08-04-10 <br/> 
9:50 Thu 08-04-10 <br/> 
13:31 Thu 08-04-10 <br/> 
16:42 Thu 08-04-10 <br/> 
16:43 Thu 08-04-10 <br/> 
16:58 Thu 08-04-10 <br/> 
21:03 Thu 08-04-10 <br/> 
21:03 Thu 08-04-10 <br/> 
21:13 Thu 08-04-10 <br/> 
21:07 Fri 09-04-10 <br/> 
0:58 Sat 10-04-10 <br/> 
2:56 Sat 10-04-10 <br/> 
3:18 Sat 10-04-10 <br/> 
14:27 Sat 10-04-10 <br/> 
16:31 Sat 10-04-10 <br/> 
19:07 Sat 10-04-10 <br/> 
19:19 Sat 10-04-10 <br/> 
21:31 Sat 10-04-10 <br/> 
3:14 Sun 11-04-10 <br/> 
3:28 Sun 11-04-10 <br/> 
6:11 Sun 11-04-10 <br/> 
6:43 Sun 11-04-10 <br/> 
11:56 Sun 11-04-10 <br/> 
12:38 Sun 11-04-10 <br/> 
14:28 Sun 11-04-10 <br/> 
21:36 Sun 11-04-10 <br/> 
2:08 Mon 12-04-10 <br/> 
3:12 Mon 12-04-10 <br/> 
7:32 Mon 12-04-10 <br/> 
14:35 Mon 12-04-10 <br/> 
18:36 Mon 12-04-10 <br/> 
20:08 Mon 12-04-10 <br/> 
21:38 Mon 12-04-10 <br/> 
22:47 Mon 12-04-10 <br/> 
1:38 Tue 13-04-10 <br/> 
3:19 Tue 13-04-10 <br/> 
13:33 Tue 13-04-10 <br/> 
14:39 Tue 13-04-10 <br/> 
21:40 Tue 13-04-10 <br/> 
1:06 Wed 14-04-10 <br/> 
3:35 Wed 14-04-10 <br/> 
3:35 Wed 14-04-10 <br/> 
4:29 Wed 14-04-10 <br/> 
5:30 Wed 14-04-10 <br/> 
11:04 Wed 14-04-10 <br/> 
14:43 Wed 14-04-10 <br/> 
21:44 Wed 14-04-10 <br/> 
3:13 Thu 15-04-10 <br/> 
6:49 Thu 15-04-10 <br/> 
9:57 Thu 15-04-10 <br/> 
12:10 Thu 15-04-10 <br/> 
16:11 Thu 15-04-10 <br/> 
21:46 Thu 15-04-10 <br/> 
3:56 Fri 16-04-10 <br/> 
6:56 Fri 16-04-10 <br/> 
19:15 Fri 16-04-10 <br/> 
20:29 Fri 16-04-10 <br/> 
21:26 Fri 16-04-10 <br/> 
21:51 Fri 16-04-10 <br/> 
12:41 Sat 17-04-10 <br/> 
12:49 Sat 17-04-10 <br/> 
17:32 Sat 17-04-10 <br/> 
22:03 Sat 17-04-10 <br/> 
23:56 Sat 17-04-10 <br/> 
2:14 Sun 18-04-10 <br/> 
4:17 Sun 18-04-10 <br/> 
7:09 Sun 18-04-10 <br/> 
8:13 Sun 18-04-10 <br/> 
17:35 Sun 18-04-10 <br/> 
22:12 Sun 18-04-10 <br/> 
3:58 Mon 19-04-10 <br/> 
4:25 Mon 19-04-10 <br/> 
17:37 Mon 19-04-10 <br/> 
22:18 Mon 19-04-10 <br/> 
1:53 Tue 20-04-10 <br/> 
5:17 Tue 20-04-10 <br/> 
12:49 Tue 20-04-10 <br/> 
22:28 Tue 20-04-10 <br/> 
1:51 Wed 21-04-10 <br/> 
2:44 Wed 21-04-10 <br/> 
8:39 Wed 21-04-10 <br/> 
9:31 Wed 21-04-10 <br/> 
14:51 Wed 21-04-10 <br/> 
22:33 Wed 21-04-10 <br/> 
2:19 Thu 22-04-10 <br/> 
3:15 Thu 22-04-10 <br/> 
5:03 Thu 22-04-10 <br/> 
6:31 Thu 22-04-10 <br/> 
7:05 Thu 22-04-10 <br/> 
7:05 Thu 22-04-10 <br/> 
9:08 Thu 22-04-10 <br/> 
22:42 Thu 22-04-10 <br/> 
0:54 Fri 23-04-10 <br/> 
2:01 Fri 23-04-10 <br/> 
3:01 Fri 23-04-10 <br/> 
4:38 Fri 23-04-10 <br/> 
10:42 Fri 23-04-10 <br/> 
12:27 Fri 23-04-10 <br/> 
15:44 Fri 23-04-10 <br/> 
16:39 Fri 23-04-10 <br/> 
23:00 Fri 23-04-10 <br/> 
3:01 Sat 24-04-10 <br/> 
3:06 Sat 24-04-10 <br/> 
3:53 Sat 24-04-10 <br/> 
5:56 Sat 24-04-10 <br/> 
13:21 Sat 24-04-10 <br/> 
21:29 Sat 24-04-10 <br/> 
22:27 Sat 24-04-10 <br/> 
23:06 Sat 24-04-10 <br/> 
3:13 Sun 25-04-10 <br/> 
9:27 Sun 25-04-10 <br/> 
9:27 Sun 25-04-10 <br/> 
12:33 Sun 25-04-10 <br/> 
16:26 Sun 25-04-10 <br/> 
20:19 Sun 25-04-10 <br/> 
23:26 Sun 25-04-10 <br/> 
2:56 Mon 26-04-10 <br/> 
3:39 Mon 26-04-10 <br/> 
12:27 Mon 26-04-10 <br/> 
13:43 Mon 26-04-10 <br/> 
20:45 Mon 26-04-10 <br/> 
23:41 Mon 26-04-10 <br/> 
1:42 Tue 27-04-10 <br/> 
2:20 Tue 27-04-10 <br/> 
4:48 Tue 27-04-10 <br/> 
11:16 Tue 27-04-10 <br/> 
12:45 Tue 27-04-10 <br/> 
16:40 Tue 27-04-10 <br/> 
21:38 Tue 27-04-10 <br/> 
21:58 Tue 27-04-10 <br/> 
0:34 Wed 28-04-10 <br/> 
5:25 Wed 28-04-10 <br/> 
12:21 Wed 28-04-10 <br/> 
12:48 Wed 28-04-10 <br/> 
16:20 Wed 28-04-10 <br/> 
22:01 Wed 28-04-10 <br/> 
2:35 Thu 29-04-10 <br/> 
6:18 Thu 29-04-10 <br/> 
8:42 Thu 29-04-10 <br/> 
9:43 Thu 29-04-10 <br/> 
19:11 Thu 29-04-10 <br/> 
21:49 Thu 29-04-10 <br/> 
22:04 Thu 29-04-10 <br/> 
3:52 Fri 30-04-10 <br/> 
4:41 Fri 30-04-10 <br/> 
8:44 Fri 30-04-10 <br/> 
20:41 Fri 30-04-10 <br/> 
22:33 Fri 30-04-10 <br/> 
0:49 Sat 01-05-10 <br/> 
2:51 Sat 01-05-10 <br/> 
5:56 Sat 01-05-10 <br/> 
8:46 Sat 01-05-10 <br/> 
19:30 Sat 01-05-10 <br/> 
20:14 Sat 01-05-10 <br/> 
21:21 Sat 01-05-10 <br/> 
22:16 Sat 01-05-10 <br/> 
7:25 Sun 02-05-10 <br/> 
7:46 Sun 02-05-10 <br/> 
7:53 Sun 02-05-10 <br/> 
9:04 Sun 02-05-10 <br/> 
12:52 Sun 02-05-10 <br/> 
14:36 Sun 02-05-10 <br/> 
1:40 Mon 03-05-10 <br/> 
3:33 Mon 03-05-10 <br/> 
5:16 Mon 03-05-10 <br/> 
5:18 Mon 03-05-10 <br/> 
6:31 Mon 03-05-10 <br/> 
6:54 Mon 03-05-10 <br/> 
7:44 Mon 03-05-10 <br/> 
7:54 Mon 03-05-10 <br/> 
7:54 Mon 03-05-10 <br/> 
9:05 Mon 03-05-10 <br/> 
9:50 Mon 03-05-10 <br/> 
13:28 Mon 03-05-10 <br/> 
22:41 Mon 03-05-10 <br/> 
23:04 Mon 03-05-10 <br/> 
6:21 Tue 04-05-10 <br/> 
6:22 Tue 04-05-10 <br/> 
7:57 Tue 04-05-10 <br/> 
9:08 Tue 04-05-10 <br/> 
12:45 Tue 04-05-10 <br/> 
3:50 Wed 05-05-10 <br/> 
7:59 Wed 05-05-10 <br/> 
9:10 Wed 05-05-10 <br/> 
9:37 Wed 05-05-10 <br/> 
13:14 Wed 05-05-10 <br/> 
7:19 Thu 06-05-10 <br/> 
8:01 Thu 06-05-10 <br/> 
9:16 Thu 06-05-10 <br/> 
12:55 Thu 06-05-10 <br/> 
20:48 Thu 06-05-10 <br/> 
21:23 Thu 06-05-10 <br/> 
22:32 Thu 06-05-10 <br/> 
8:04 Fri 07-05-10 <br/> 
9:18 Fri 07-05-10 <br/> 
11:06 Fri 07-05-10 <br/> 
11:27 Fri 07-05-10 <br/> 
1:51 Sat 08-05-10 <br/> 
4:58 Sat 08-05-10 <br/> 
8:05 Sat 08-05-10 <br/> 
9:19 Sat 08-05-10 <br/> 
5:59 Sun 09-05-10 <br/> 
8:08 Sun 09-05-10 <br/> 
8:26 Sun 09-05-10 <br/> 
8:42 Sun 09-05-10 <br/> 
9:21 Sun 09-05-10 <br/> 
10:59 Sun 09-05-10 <br/> 
11:25 Sun 09-05-10 <br/> 
12:17 Sun 09-05-10 <br/> 
21:32 Sun 09-05-10 <br/> 
0:35 Mon 10-05-10 <br/> 
2:56 Mon 10-05-10 <br/> 
8:09 Mon 10-05-10 <br/> 
9:24 Mon 10-05-10 <br/> 
10:06 Mon 10-05-10 <br/> 
13:41 Mon 10-05-10 <br/> 
13:47 Mon 10-05-10 <br/> 
5:04 Tue 11-05-10 <br/> 
5:19 Tue 11-05-10 <br/> 
8:10 Tue 11-05-10 <br/> 
9:08 Tue 11-05-10 <br/> 
9:14 Tue 11-05-10 <br/> 
9:25 Tue 11-05-10 <br/> 
12:10 Tue 11-05-10 <br/> 
19:08 Tue 11-05-10 <br/> 
19:42 Tue 11-05-10 <br/> 
8:12 Wed 12-05-10 <br/> 
9:29 Wed 12-05-10 <br/> 
22:43 Wed 12-05-10 <br/> 
0:01 Thu 13-05-10 <br/> 
7:25 Thu 13-05-10 <br/> 
8:16 Thu 13-05-10 <br/> 
12:33 Thu 13-05-10 <br/> 
13:42 Thu 13-05-10 <br/> 
17:00 Thu 13-05-10 <br/> 
17:48 Thu 13-05-10 <br/> 
21:25 Thu 13-05-10 <br/> 
8:17 Fri 14-05-10 <br/> 
9:14 Fri 14-05-10 <br/> 
11:16 Fri 14-05-10 <br/> 
13:41 Fri 14-05-10 <br/> 
13:44 Fri 14-05-10 <br/> 
18:47 Fri 14-05-10 <br/> 
0:03 Sat 15-05-10 <br/> 
0:56 Sat 15-05-10 <br/> 
4:17 Sat 15-05-10 <br/> 
8:18 Sat 15-05-10 <br/> 
12:56 Sat 15-05-10 <br/> 
13:46 Sat 15-05-10 <br/> 
14:43 Sat 15-05-10 <br/> 
18:31 Sat 15-05-10 <br/> 
4:54 Sun 16-05-10 <br/> 
4:54 Sun 16-05-10 <br/> 
8:10 Sun 16-05-10 <br/> 
8:20 Sun 16-05-10 <br/> 
9:41 Sun 16-05-10 <br/> 
9:41 Sun 16-05-10 <br/> 
11:11 Sun 16-05-10 <br/> 
11:13 Sun 16-05-10 <br/> 
12:10 Sun 16-05-10 <br/> 
13:48 Sun 16-05-10 <br/> 
22:31 Sun 16-05-10 <br/> 
2:09 Mon 17-05-10 <br/> 
2:44 Mon 17-05-10 <br/> 
8:32 Mon 17-05-10 <br/> 
13:55 Mon 17-05-10 <br/> 
0:56 Tue 18-05-10 <br/> 
2:00 Tue 18-05-10 <br/> 
2:00 Tue 18-05-10 <br/> 
5:51 Tue 18-05-10 <br/> 
13:40 Tue 18-05-10 <br/> 
13:56 Tue 18-05-10 <br/> 
1:32 Wed 19-05-10 <br/> 
6:54 Wed 19-05-10 <br/> 
13:27 Wed 19-05-10 <br/> 
13:31 Wed 19-05-10 <br/> 
16:33 Wed 19-05-10 <br/> 
0:35 Thu 20-05-10 <br/> 
1:34 Thu 20-05-10 <br/> 
7:43 Thu 20-05-10 <br/> 
9:35 Thu 20-05-10 <br/> 
14:51 Thu 20-05-10 <br/> 
16:20 Thu 20-05-10 <br/> 
16:35 Thu 20-05-10 <br/> 
17:02 Thu 20-05-10 <br/> 
0:41 Fri 21-05-10 <br/> 
1:35 Fri 21-05-10 <br/> 
16:56 Fri 21-05-10 <br/> 
3:36 Sat 22-05-10 <br/> 
6:22 Sat 22-05-10 <br/> 
10:35 Sat 22-05-10 <br/> 
17:31 Sat 22-05-10 <br/> 
5:26 Sun 23-05-10 <br/> 
6:23 Sun 23-05-10 <br/> 
9:06 Sun 23-05-10 <br/> 
9:34 Sun 23-05-10 <br/> 
17:22 Sun 23-05-10 <br/> 
3:37 Mon 24-05-10 <br/> 
4:07 Mon 24-05-10 <br/> 
6:25 Mon 24-05-10 <br/> 
16:57 Mon 24-05-10 <br/> 
17:31 Mon 24-05-10 <br/> 
22:45 Mon 24-05-10 <br/> 
0:20 Tue 25-05-10 <br/> 
5:42 Tue 25-05-10 <br/> 
6:26 Tue 25-05-10 <br/> 
10:19 Tue 25-05-10 <br/> 
10:19 Tue 25-05-10 <br/> 
10:19 Tue 25-05-10 <br/> 
13:06 Tue 25-05-10 <br/> 
15:29 Tue 25-05-10 <br/> 
17:33 Tue 25-05-10 <br/> 
19:49 Tue 25-05-10 <br/> 
1:55 Wed 26-05-10 <br/> 
2:47 Wed 26-05-10 <br/> 
5:08 Wed 26-05-10 <br/> 
9:18 Wed 26-05-10 <br/> 
10:01 Wed 26-05-10 <br/> 
10:03 Wed 26-05-10 <br/> 
14:13 Wed 26-05-10 <br/> 
20:19 Wed 26-05-10 <br/> 
22:11 Wed 26-05-10 <br/> 
22:49 Wed 26-05-10 <br/> 
23:01 Wed 26-05-10 <br/> 
11:57 Thu 27-05-10 <br/> 
18:10 Thu 27-05-10 <br/> 
22:36 Thu 27-05-10 <br/> 
23:28 Thu 27-05-10 <br/> 
1:03 Fri 28-05-10 <br/> 
1:44 Fri 28-05-10 <br/> 
8:14 Fri 28-05-10 <br/> 
22:38 Fri 28-05-10 <br/> 
23:31 Fri 28-05-10 <br/> 
3:00 Sat 29-05-10 <br/> 
5:08 Sat 29-05-10 <br/> 
21:04 Sat 29-05-10 <br/> 
22:21 Sat 29-05-10 <br/> 
22:39 Sat 29-05-10 <br/> 
5:24 Sun 30-05-10 <br/> 
8:28 Sun 30-05-10 <br/> 
8:41 Sun 30-05-10 <br/> 
10:13 Sun 30-05-10 <br/> 
14:26 Sun 30-05-10 <br/> 
16:35 Sun 30-05-10 <br/> 
22:41 Sun 30-05-10 <br/> 
0:40 Mon 31-05-10 <br/> 
1:49 Mon 31-05-10 <br/> 
3:44 Mon 31-05-10 <br/> 
5:27 Mon 31-05-10 <br/> 
8:19 Mon 31-05-10 <br/> 
9:01 Mon 31-05-10 <br/> 
16:11 Mon 31-05-10 <br/> 
22:47 Mon 31-05-10 <br/> 
0:43 Tue 01-06-10 <br/> 
5:35 Tue 01-06-10 <br/> 
14:44 Tue 01-06-10 <br/> 
16:24 Tue 01-06-10 <br/> 
17:34 Tue 01-06-10 <br/> 
19:36 Tue 01-06-10 <br/> 
22:18 Tue 01-06-10 <br/> 
22:48 Tue 01-06-10 <br/> 
2:07 Wed 02-06-10 <br/> 
2:36 Wed 02-06-10 <br/> 
2:45 Wed 02-06-10 <br/> 
4:32 Wed 02-06-10 <br/> 
4:55 Wed 02-06-10 <br/> 
5:37 Wed 02-06-10 <br/> 
9:41 Wed 02-06-10 <br/> 
14:14 Wed 02-06-10 <br/> 
18:41 Wed 02-06-10 <br/> 
22:23 Wed 02-06-10 <br/> 
23:46 Wed 02-06-10 <br/> 
8:51 Thu 03-06-10 <br/> 
9:57 Thu 03-06-10 <br/> 
13:51 Thu 03-06-10 <br/> 
23:48 Thu 03-06-10 <br/> 
3:11 Fri 04-06-10 <br/> 
13:20 Fri 04-06-10 <br/> 
13:53 Fri 04-06-10 <br/> 
18:56 Fri 04-06-10 <br/> 
23:56 Fri 04-06-10 <br/> 
1:39 Sat 05-06-10 <br/> 
13:55 Sat 05-06-10 <br/> 
22:44 Sat 05-06-10 <br/> 
23:58 Sat 05-06-10 <br/> 
13:39 Sun 06-06-10 <br/> 
13:57 Sun 06-06-10 <br/> 
14:57 Sun 06-06-10 <br/> 
22:52 Sun 06-06-10 <br/> 
0:00 Mon 07-06-10 <br/> 
12:37 Mon 07-06-10 <br/> 
13:56 Mon 07-06-10 <br/> 
14:01 Mon 07-06-10 <br/> 
18:52 Mon 07-06-10 <br/> 
10:02 Tue 08-06-10 <br/> 
14:02 Tue 08-06-10 <br/> 
14:03 Tue 08-06-10 <br/> 
15:31 Tue 08-06-10 <br/> 
0:03 Wed 09-06-10 <br/> 
11:15 Wed 09-06-10 <br/> 
14:38 Wed 09-06-10 <br/> 
0:07 Thu 10-06-10 <br/> 
14:45 Thu 10-06-10 <br/> 
14:52 Thu 10-06-10 <br/> 
0:10 Fri 11-06-10 <br/> 
5:26 Fri 11-06-10 <br/> 
12:51 Fri 11-06-10 <br/> 
14:50 Fri 11-06-10 <br/> 
0:26 Sat 12-06-10 <br/> 
0:47 Sat 12-06-10 <br/> 
3:11 Sat 12-06-10 <br/> 
6:15 Sat 12-06-10 <br/> 
9:57 Sat 12-06-10 <br/> 
11:57 Sat 12-06-10 <br/> 
14:52 Sat 12-06-10 <br/> 
18:02 Sat 12-06-10 <br/> 
4:45 Sun 13-06-10 <br/> 
6:26 Sun 13-06-10 <br/> 
11:40 Sun 13-06-10 <br/> 
14:54 Sun 13-06-10 <br/> 
20:11 Sun 13-06-10 <br/> 
20:52 Sun 13-06-10 <br/> 
1:10 Mon 14-06-10 <br/> 
4:17 Mon 14-06-10 <br/> 
4:48 Mon 14-06-10 <br/> 
4:54 Mon 14-06-10 <br/> 
13:13 Mon 14-06-10 <br/> 
14:56 Mon 14-06-10 <br/> 
11:22 Tue 15-06-10 <br/> 
11:31 Tue 15-06-10 <br/> 
14:57 Tue 15-06-10 <br/> 
16:14 Tue 15-06-10 <br/> 
19:48 Tue 15-06-10 <br/> 
19:48 Tue 15-06-10 <br/> 
4:41 Wed 16-06-10 <br/> 
10:32 Wed 16-06-10 <br/> 
14:59 Wed 16-06-10 <br/> 
15:20 Wed 16-06-10 <br/> 
16:18 Wed 16-06-10 <br/> 
22:22 Wed 16-06-10 <br/> 
0:06 Thu 17-06-10 <br/> 
5:03 Thu 17-06-10 <br/> 
6:07 Thu 17-06-10 <br/> 
9:35 Thu 17-06-10 <br/> 
15:04 Thu 17-06-10 <br/> 
16:20 Thu 17-06-10 <br/> 
16:22 Fri 18-06-10 <br/> 
22:42 Fri 18-06-10 <br/> 
23:10 Fri 18-06-10 <br/> 
4:05 Sat 19-06-10 <br/> 
8:09 Sat 19-06-10 <br/> 
8:10 Sat 19-06-10 <br/> 
12:39 Sat 19-06-10 <br/> 
12:58 Sat 19-06-10 <br/> 
13:57 Sat 19-06-10 <br/> 
15:06 Sat 19-06-10 <br/> 
16:24 Sat 19-06-10 <br/> 
1:53 Sun 20-06-10 <br/> 
5:35 Sun 20-06-10 <br/> 
5:37 Sun 20-06-10 <br/> 
16:29 Sun 20-06-10 <br/> 
20:23 Sun 20-06-10 <br/> 
21:20 Sun 20-06-10 <br/> 
4:08 Mon 21-06-10 <br/> 
6:44 Mon 21-06-10 <br/> 
8:44 Mon 21-06-10 <br/> 
13:04 Mon 21-06-10 <br/> 
15:05 Mon 21-06-10 <br/> 
16:31 Mon 21-06-10 <br/> 
18:10 Mon 21-06-10 <br/> 
19:45 Mon 21-06-10 <br/> 
0:24 Tue 22-06-10 <br/> 
0:24 Tue 22-06-10 <br/> 
0:24 Tue 22-06-10 <br/> 
1:53 Tue 22-06-10 <br/> 
5:21 Tue 22-06-10 <br/> 
5:21 Tue 22-06-10 <br/> 
5:21 Tue 22-06-10 <br/> 
8:05 Tue 22-06-10 <br/> 
8:32 Tue 22-06-10 <br/> 
16:32 Tue 22-06-10 <br/> 
16:32 Tue 22-06-10 <br/> 
20:04 Tue 22-06-10 <br/> 
1:58 Wed 23-06-10 <br/> 
5:51 Wed 23-06-10 <br/> 
14:27 Wed 23-06-10 <br/> 
16:38 Wed 23-06-10 <br/> 
19:59 Wed 23-06-10 <br/> 
0:04 Thu 24-06-10 <br/> 
2:01 Thu 24-06-10 <br/> 
18:09 Thu 24-06-10 <br/> 
18:54 Thu 24-06-10 <br/> 
20:50 Thu 24-06-10 <br/> 
23:45 Thu 24-06-10 <br/> 
2:02 Fri 25-06-10 <br/> 
7:22 Fri 25-06-10 <br/> 
11:58 Fri 25-06-10 <br/> 
19:48 Fri 25-06-10 <br/> 
21:05 Fri 25-06-10 <br/> 
2:17 Sat 26-06-10 <br/> 
5:19 Sat 26-06-10 <br/> 
13:58 Sat 26-06-10 <br/> 
18:06 Sat 26-06-10 <br/> 
20:58 Sat 26-06-10 <br/> 
1:17 Sun 27-06-10 <br/> 
2:50 Sun 27-06-10 <br/> 
18:59 Sun 27-06-10 <br/> 
20:44 Sun 27-06-10 <br/> 
21:18 Sun 27-06-10 <br/> 
23:41 Sun 27-06-10 <br/> 
2:53 Mon 28-06-10 <br/> 
5:04 Mon 28-06-10 <br/> 
5:07 Mon 28-06-10 <br/> 
10:50 Mon 28-06-10 <br/> 
14:55 Mon 28-06-10 <br/> 
3:01 Tue 29-06-10 <br/> 
17:07 Tue 29-06-10 <br/> 
17:08 Tue 29-06-10 <br/> 
17:08 Tue 29-06-10 <br/> 
17:08 Tue 29-06-10 <br/> 
19:56 Tue 29-06-10 <br/> 
8:25 Wed 30-06-10 <br/> 
8:39 Wed 30-06-10 <br/> 
21:53 Wed 30-06-10 <br/> 
3:34 Thu 01-07-10 <br/> 
7:42 Thu 01-07-10 <br/> 
19:05 Thu 01-07-10 <br/> 
8:58 Fri 02-07-10 <br/> 
13:52 Fri 02-07-10 <br/> 
13:52 Fri 02-07-10 <br/> 
21:21 Fri 02-07-10 <br/> 
17:34 Sat 03-07-10 <br/> 
4:13 Sun 04-07-10 <br/> 
5:08 Sun 04-07-10 <br/> 
9:21 Sun 04-07-10 <br/> 
13:33 Sun 04-07-10 <br/> 
23:26 Sun 04-07-10 <br/> 
5:01 Mon 05-07-10 <br/> 
6:59 Mon 05-07-10 <br/> 
11:17 Mon 05-07-10 <br/> 
18:57 Mon 05-07-10 <br/> 
2:29 Tue 06-07-10 <br/> 
3:27 Tue 06-07-10 <br/> 
5:45 Tue 06-07-10 <br/> 
12:00 Tue 06-07-10 <br/> 
19:01 Tue 06-07-10 <br/> 
19:36 Tue 06-07-10 <br/> 
20:14 Tue 06-07-10 <br/> 
20:56 Tue 06-07-10 <br/> 
21:34 Tue 06-07-10 <br/> 
0:43 Wed 07-07-10 <br/> 
0:43 Wed 07-07-10 <br/> 
2:43 Wed 07-07-10 <br/> 
3:50 Wed 07-07-10 <br/> 
15:13 Wed 07-07-10 <br/> 
9:36 Thu 08-07-10 <br/> 
12:06 Thu 08-07-10 <br/> 
21:37 Thu 08-07-10 <br/> 
22:08 Thu 08-07-10 <br/> 
2:09 Fri 09-07-10 <br/> 
5:46 Fri 09-07-10 <br/> 
17:56 Fri 09-07-10 <br/> 
21:38 Fri 09-07-10 <br/> 
23:05 Fri 09-07-10 <br/> 
4:21 Sat 10-07-10 <br/> 
21:40 Sat 10-07-10 <br/> 
5:05 Sun 11-07-10 <br/> 
21:02 Sun 11-07-10 <br/> 
21:45 Sun 11-07-10 <br/> 
23:16 Sun 11-07-10 <br/> 
6:38 Mon 12-07-10 <br/> 
7:12 Mon 12-07-10 <br/> 
7:32 Mon 12-07-10 <br/> 
11:22 Mon 12-07-10 <br/> 
12:54 Mon 12-07-10 <br/> 
14:06 Mon 12-07-10 <br/> 
16:11 Mon 12-07-10 <br/> 
21:48 Mon 12-07-10 <br/> 
3:12 Tue 13-07-10 <br/> 
6:19 Tue 13-07-10 <br/> 
11:02 Tue 13-07-10 <br/> 
20:02 Tue 13-07-10 <br/> 
21:49 Tue 13-07-10 <br/> 
4:01 Wed 14-07-10 <br/> 
7:43 Wed 14-07-10 <br/> 
18:39 Wed 14-07-10 <br/> 
20:12 Wed 14-07-10 <br/> 
21:10 Wed 14-07-10 <br/> 
0:16 Thu 15-07-10 <br/> 
2:45 Thu 15-07-10 <br/> 
8:55 Thu 15-07-10 <br/> 
12:40 Thu 15-07-10 <br/> 
3:24 Fri 16-07-10 <br/> 
3:40 Fri 16-07-10 <br/> 
5:27 Fri 16-07-10 <br/> 
8:20 Fri 16-07-10 <br/> 
0:58 Sat 17-07-10 <br/> 
1:34 Sat 17-07-10 <br/> 
2:29 Sat 17-07-10 <br/> 
5:28 Sat 17-07-10 <br/> 
11:32 Sat 17-07-10 <br/> 
6:36 Sun 18-07-10 <br/> 
9:39 Sun 18-07-10 <br/> 
10:07 Sun 18-07-10 <br/> 
10:28 Sun 18-07-10 <br/> 
11:54 Sun 18-07-10 <br/> 
12:48 Sun 18-07-10 <br/> 
18:14 Sun 18-07-10 <br/> 
20:30 Sun 18-07-10 <br/> 
6:07 Mon 19-07-10 <br/> 
6:40 Mon 19-07-10 <br/> 
6:41 Mon 19-07-10 <br/> 
6:42 Mon 19-07-10 <br/> 
11:46 Mon 19-07-10 <br/> 
12:16 Mon 19-07-10 <br/> 
19:15 Mon 19-07-10 <br/> 
19:18 Mon 19-07-10 <br/> 
6:42 Tue 20-07-10 <br/> 
8:13 Tue 20-07-10 <br/> 
15:44 Tue 20-07-10 <br/> 
5:14 Wed 21-07-10 <br/> 
5:30 Wed 21-07-10 <br/> 
10:26 Wed 21-07-10 <br/> 
14:18 Wed 21-07-10 <br/> 
18:41 Wed 21-07-10 <br/> 
2:25 Thu 22-07-10 <br/> 
6:00 Thu 22-07-10 <br/> 
6:01 Thu 22-07-10 <br/> 
6:46 Thu 22-07-10 <br/> 
8:58 Thu 22-07-10 <br/> 
11:08 Thu 22-07-10 <br/> 
11:15 Thu 22-07-10 <br/> 
20:32 Thu 22-07-10 <br/> 
21:50 Thu 22-07-10 <br/> 
0:19 Fri 23-07-10 <br/> 
6:57 Fri 23-07-10 <br/> 
12:50 Fri 23-07-10 <br/> 
20:18 Fri 23-07-10 <br/> 
2:03 Sat 24-07-10 <br/> 
2:51 Sat 24-07-10 <br/> 
5:55 Sat 24-07-10 <br/> 
6:59 Sat 24-07-10 <br/> 
6:59 Sat 24-07-10 <br/> 
14:21 Sat 24-07-10 <br/> 
19:03 Sat 24-07-10 <br/> 
0:55 Sun 25-07-10 <br/> 
3:01 Sun 25-07-10 <br/> 
3:19 Sun 25-07-10 <br/> 
6:19 Sun 25-07-10 <br/> 
6:25 Sun 25-07-10 <br/> 
9:20 Sun 25-07-10 <br/> 
9:38 Sun 25-07-10 <br/> 
10:32 Sun 25-07-10 <br/> 
5:53 Mon 26-07-10 <br/> 
9:09 Mon 26-07-10 <br/> 
9:41 Mon 26-07-10 <br/> 
15:13 Mon 26-07-10 <br/> 
15:24 Mon 26-07-10 <br/> 
23:51 Mon 26-07-10 <br/> 
3:30 Tue 27-07-10 <br/> 
6:48 Tue 27-07-10 <br/> 
6:55 Tue 27-07-10 <br/> 
11:13 Tue 27-07-10 <br/> 
12:25 Tue 27-07-10 <br/> 
14:05 Tue 27-07-10 <br/> 
14:24 Tue 27-07-10 <br/> 
16:25 Tue 27-07-10 <br/> 
3:35 Wed 28-07-10 <br/> 
5:39 Wed 28-07-10 <br/> 
11:02 Wed 28-07-10 <br/> 
14:15 Wed 28-07-10 <br/> 
23:43 Wed 28-07-10 <br/> 
3:38 Thu 29-07-10 <br/> 
5:02 Thu 29-07-10 <br/> 
11:47 Thu 29-07-10 <br/> 
12:55 Thu 29-07-10 <br/> 
6:31 Fri 30-07-10 <br/> 
7:30 Fri 30-07-10 <br/> 
11:50 Fri 30-07-10 <br/> 
14:25 Fri 30-07-10 <br/> 
14:34 Fri 30-07-10 <br/> 
0:38 Sat 31-07-10 <br/> 
4:39 Sat 31-07-10 <br/> 
6:28 Sat 31-07-10 <br/> 
6:41 Sat 31-07-10 <br/> 
7:51 Sat 31-07-10 <br/> 
8:07 Sat 31-07-10 <br/> 
9:50 Sat 31-07-10 <br/> 
10:59 Sat 31-07-10 <br/> 
11:10 Sat 31-07-10 <br/> 
11:17 Sat 31-07-10 <br/> 
11:35 Sat 31-07-10 <br/> 
11:50 Sat 31-07-10 <br/> 
12:47 Sat 31-07-10 <br/> 
13:03 Sat 31-07-10 <br/> 
13:26 Sat 31-07-10 <br/> 
14:35 Sat 31-07-10 <br/> 
15:06 Sat 31-07-10 <br/> 
15:19 Sat 31-07-10 <br/> 
15:21 Sat 31-07-10 <br/> 
18:17 Sat 31-07-10 <br/> 
0:41 Sun 01-08-10 <br/> 
0:57 Sun 01-08-10 <br/> 
4:18 Sun 01-08-10 <br/> 
4:32 Sun 01-08-10 <br/> 
6:56 Sun 01-08-10 <br/> 
7:07 Sun 01-08-10 <br/> 
8:42 Sun 01-08-10 <br/> 
9:02 Sun 01-08-10 <br/> 
9:14 Sun 01-08-10 <br/> 
10:41 Sun 01-08-10 <br/> 
11:52 Sun 01-08-10 <br/> 
12:10 Sun 01-08-10 <br/> 
15:29 Sun 01-08-10 <br/> 
20:24 Sun 01-08-10 <br/> 
20:42 Sun 01-08-10 <br/> 
21:02 Sun 01-08-10 <br/> 
2:30 Mon 02-08-10 <br/> 
4:22 Mon 02-08-10 <br/> 
4:54 Mon 02-08-10 <br/> 
5:38 Mon 02-08-10 <br/> 
5:51 Mon 02-08-10 <br/> 
8:51 Mon 02-08-10 <br/> 
11:53 Mon 02-08-10 <br/> 
12:02 Mon 02-08-10 <br/> 
13:38 Mon 02-08-10 <br/> 
14:11 Mon 02-08-10 <br/> 
1:32 Tue 03-08-10 <br/> 
3:38 Tue 03-08-10 <br/> 
7:54 Tue 03-08-10 <br/> 
8:14 Tue 03-08-10 <br/> 
8:33 Tue 03-08-10 <br/> 
8:51 Tue 03-08-10 <br/> 
9:16 Tue 03-08-10 <br/> 
9:34 Tue 03-08-10 <br/> 
11:56 Tue 03-08-10 <br/> 
12:50 Tue 03-08-10 <br/> 
13:55 Tue 03-08-10 <br/> 
14:01 Tue 03-08-10 <br/> 
15:15 Tue 03-08-10 <br/> 
16:12 Tue 03-08-10 <br/> 
22:14 Tue 03-08-10 <br/> 
22:56 Tue 03-08-10 <br/> 
0:10 Wed 04-08-10 <br/> 
5:38 Wed 04-08-10 <br/> 
8:44 Wed 04-08-10 <br/> 
10:10 Wed 04-08-10 <br/> 
11:57 Wed 04-08-10 <br/> 
13:23 Wed 04-08-10 <br/> 
14:53 Wed 04-08-10 <br/> 
15:32 Wed 04-08-10 <br/> 
21:40 Wed 04-08-10 <br/> 
6:13 Thu 05-08-10 <br/> 
7:13 Thu 05-08-10 <br/> 
9:07 Thu 05-08-10 <br/> 
11:33 Thu 05-08-10 <br/> 
14:16 Thu 05-08-10 <br/> 
15:53 Thu 05-08-10 <br/> 
16:46 Thu 05-08-10 <br/> 
19:24 Thu 05-08-10 <br/> 
2:54 Fri 06-08-10 <br/> 
5:33 Fri 06-08-10 <br/> 
5:50 Fri 06-08-10 <br/> 
6:19 Fri 06-08-10 <br/> 
7:32 Fri 06-08-10 <br/> 
8:44 Fri 06-08-10 <br/> 
9:12 Fri 06-08-10 <br/> 
11:59 Fri 06-08-10 <br/> 
13:24 Fri 06-08-10 <br/> 
14:05 Fri 06-08-10 <br/> 
15:32 Fri 06-08-10 <br/> 
15:56 Fri 06-08-10 <br/> 
16:54 Fri 06-08-10 <br/> 
19:24 Fri 06-08-10 <br/> 
21:35 Fri 06-08-10 <br/> 
23:23 Fri 06-08-10 <br/> 
23:33 Fri 06-08-10 <br/> 
1:03 Sat 07-08-10 <br/> 
2:11 Sat 07-08-10 <br/> 
2:11 Sat 07-08-10 <br/> 
5:20 Sat 07-08-10 <br/> 
6:22 Sat 07-08-10 <br/> 
7:56 Sat 07-08-10 <br/> 
9:54 Sat 07-08-10 <br/> 
11:12 Sat 07-08-10 <br/> 
11:25 Sat 07-08-10 <br/> 
11:41 Sat 07-08-10 <br/> 
12:01 Sat 07-08-10 <br/> 
13:11 Sat 07-08-10 <br/> 
13:11 Sat 07-08-10 <br/> 
13:18 Sat 07-08-10 <br/> 
13:57 Sat 07-08-10 <br/> 
14:31 Sat 07-08-10 <br/> 
15:31 Sat 07-08-10 <br/> 
15:56 Sat 07-08-10 <br/> 
16:01 Sat 07-08-10 <br/> 
17:32 Sat 07-08-10 <br/> 
19:22 Sat 07-08-10 <br/> 
22:49 Sat 07-08-10 <br/> 
22:57 Sat 07-08-10 <br/> 
23:53 Sat 07-08-10 <br/> 
0:00 Sun 08-08-10 <br/> 
6:59 Sun 08-08-10 <br/> 
8:18 Sun 08-08-10 <br/> 
8:18 Sun 08-08-10 <br/> 
9:22 Sun 08-08-10 <br/> 
12:03 Sun 08-08-10 <br/> 
12:04 Sun 08-08-10 <br/> 
13:28 Sun 08-08-10 <br/> 
13:46 Sun 08-08-10 <br/> 
16:03 Sun 08-08-10 <br/> 
18:03 Sun 08-08-10 <br/> 
21:29 Sun 08-08-10 <br/> 
22:11 Sun 08-08-10 <br/> 
22:25 Sun 08-08-10 <br/> 
5:03 Mon 09-08-10 <br/> 
9:30 Mon 09-08-10 <br/> 
9:31 Mon 09-08-10 <br/> 
10:07 Mon 09-08-10 <br/> 
10:33 Mon 09-08-10 <br/> 
11:20 Mon 09-08-10 <br/> 
13:38 Mon 09-08-10 <br/> 
15:10 Mon 09-08-10 <br/> 
16:58 Mon 09-08-10 <br/> 
17:01 Mon 09-08-10 <br/> 
0:23 Tue 10-08-10 <br/> 
5:29 Tue 10-08-10 <br/> 
8:31 Tue 10-08-10 <br/> 
12:09 Tue 10-08-10 <br/> 
13:45 Tue 10-08-10 <br/> 
16:50 Tue 10-08-10 <br/> 
17:02 Tue 10-08-10 <br/> 
20:10 Tue 10-08-10 <br/> 
22:24 Tue 10-08-10 <br/> 
3:52 Wed 11-08-10 <br/> 
5:20 Wed 11-08-10 <br/> 
8:22 Wed 11-08-10 <br/> 
11:28 Wed 11-08-10 <br/> 
13:47 Wed 11-08-10 <br/> 
18:24 Wed 11-08-10 <br/> 
23:09 Wed 11-08-10 <br/> 
4:28 Thu 12-08-10 <br/> 
5:03 Thu 12-08-10 <br/> 
13:52 Thu 12-08-10 <br/> 
13:57 Thu 12-08-10 <br/> 
16:03 Thu 12-08-10 <br/> 
18:37 Thu 12-08-10 <br/> 
19:58 Thu 12-08-10 <br/> 
20:13 Thu 12-08-10 <br/> 
21:54 Thu 12-08-10 <br/> 
22:04 Thu 12-08-10 <br/> 
23:34 Thu 12-08-10 <br/> 
10:40 Fri 13-08-10 <br/> 
13:29 Fri 13-08-10 <br/> 
16:38 Fri 13-08-10 <br/> 
16:49 Fri 13-08-10 <br/> 
20:09 Fri 13-08-10 <br/> 
20:23 Fri 13-08-10 <br/> 
22:06 Fri 13-08-10 <br/> 
23:20 Fri 13-08-10 <br/> 
23:32 Fri 13-08-10 <br/> 
1:12 Sat 14-08-10 <br/> 
3:35 Sat 14-08-10 <br/> 
3:58 Sat 14-08-10 <br/> 
4:12 Sat 14-08-10 <br/> 
7:21 Sat 14-08-10 <br/> 
8:59 Sat 14-08-10 <br/> 
11:06 Sat 14-08-10 <br/> 
14:19 Sat 14-08-10 <br/> 
16:03 Sat 14-08-10 <br/> 
20:28 Sat 14-08-10 <br/> 
20:52 Sat 14-08-10 <br/> 
21:48 Sat 14-08-10 <br/> 
22:10 Sat 14-08-10 <br/> 
23:40 Sat 14-08-10 <br/> 
5:43 Sun 15-08-10 <br/> 
8:44 Sun 15-08-10 <br/> 
9:11 Sun 15-08-10 <br/> 
12:42 Sun 15-08-10 <br/> 
14:25 Sun 15-08-10 <br/> 
15:18 Sun 15-08-10 <br/> 
17:17 Sun 15-08-10 <br/> 
22:11 Sun 15-08-10 <br/> 
22:26 Sun 15-08-10 <br/> 
22:26 Sun 15-08-10 <br/> 
0:32 Mon 16-08-10 <br/> 
4:41 Mon 16-08-10 <br/> 
5:17 Mon 16-08-10 <br/> 
5:46 Mon 16-08-10 <br/> 
6:21 Mon 16-08-10 <br/> 
10:27 Mon 16-08-10 <br/> 
13:11 Mon 16-08-10 <br/> 
13:20 Mon 16-08-10 <br/> 
14:30 Mon 16-08-10 <br/> 
14:43 Mon 16-08-10 <br/> 
15:17 Mon 16-08-10 <br/> 
21:16 Mon 16-08-10 <br/> 
22:15 Mon 16-08-10 <br/> 
1:25 Tue 17-08-10 <br/> 
2:22 Tue 17-08-10 <br/> 
4:30 Tue 17-08-10 <br/> 
4:39 Tue 17-08-10 <br/> 
5:27 Tue 17-08-10 <br/> 
6:07 Tue 17-08-10 <br/> 
6:22 Tue 17-08-10 <br/> 
7:24 Tue 17-08-10 <br/> 
14:33 Tue 17-08-10 <br/> 
15:48 Tue 17-08-10 <br/> 
17:14 Tue 17-08-10 <br/> 
21:03 Tue 17-08-10 <br/> 
22:56 Tue 17-08-10 <br/> 
23:09 Tue 17-08-10 <br/> 
1:27 Wed 18-08-10 <br/> 
1:38 Wed 18-08-10 <br/> 
5:43 Wed 18-08-10 <br/> 
6:04 Wed 18-08-10 <br/> 
6:22 Wed 18-08-10 <br/> 
6:26 Wed 18-08-10 <br/> 
8:07 Wed 18-08-10 <br/> 
9:30 Wed 18-08-10 <br/> 
10:17 Wed 18-08-10 <br/> 
13:01 Wed 18-08-10 <br/> 
14:38 Wed 18-08-10 <br/> 
15:08 Wed 18-08-10 <br/> 
16:25 Wed 18-08-10 <br/> 
18:51 Wed 18-08-10 <br/> 
18:55 Wed 18-08-10 <br/> 
19:08 Wed 18-08-10 <br/> 
21:32 Wed 18-08-10 <br/> 
23:15 Wed 18-08-10 <br/> 
23:46 Wed 18-08-10 <br/> 
3:11 Thu 19-08-10 <br/> 
3:58 Thu 19-08-10 <br/> 
4:43 Thu 19-08-10 <br/> 
4:53 Thu 19-08-10 <br/> 
5:16 Thu 19-08-10 <br/> 
5:22 Thu 19-08-10 <br/> 
5:31 Thu 19-08-10 <br/> 
6:03 Thu 19-08-10 <br/> 
6:19 Thu 19-08-10 <br/> 
6:27 Thu 19-08-10 <br/> 
6:38 Thu 19-08-10 <br/> 
6:47 Thu 19-08-10 <br/> 
6:53 Thu 19-08-10 <br/> 
7:18 Thu 19-08-10 <br/> 
7:23 Thu 19-08-10 <br/> 
7:34 Thu 19-08-10 <br/> 
7:54 Thu 19-08-10 <br/> 
8:08 Thu 19-08-10 <br/> 
8:20 Thu 19-08-10 <br/> 
8:36 Thu 19-08-10 <br/> 
8:41 Thu 19-08-10 <br/> 
9:05 Thu 19-08-10 <br/> 
9:52 Thu 19-08-10 <br/> 
11:03 Thu 19-08-10 <br/> 
11:31 Thu 19-08-10 <br/> 
12:00 Thu 19-08-10 <br/> 
12:25 Thu 19-08-10 <br/> 
12:38 Thu 19-08-10 <br/> 
12:44 Thu 19-08-10 <br/> 
12:47 Thu 19-08-10 <br/> 
12:53 Thu 19-08-10 <br/> 
13:29 Thu 19-08-10 <br/> 
13:32 Thu 19-08-10 <br/> 
13:41 Thu 19-08-10 <br/> 
13:51 Thu 19-08-10 <br/> 
14:08 Thu 19-08-10 <br/> 
14:19 Thu 19-08-10 <br/> 
14:22 Thu 19-08-10 <br/> 
14:37 Thu 19-08-10 <br/> 
15:01 Thu 19-08-10 <br/> 
15:13 Thu 19-08-10 <br/> 
15:39 Thu 19-08-10 <br/> 
15:57 Thu 19-08-10 <br/> 
16:13 Thu 19-08-10 <br/> 
19:18 Thu 19-08-10 <br/> 
19:49 Thu 19-08-10 <br/> 
19:58 Thu 19-08-10 <br/> 
20:07 Thu 19-08-10 <br/> 
20:22 Thu 19-08-10 <br/> 
23:58 Thu 19-08-10 <br/> 
0:05 Fri 20-08-10 <br/> 
0:26 Fri 20-08-10 <br/> 
0:30 Fri 20-08-10 <br/> 
0:31 Fri 20-08-10 <br/> 
0:31 Fri 20-08-10 <br/> 
0:55 Fri 20-08-10 <br/> 
0:58 Fri 20-08-10 <br/> 
0:58 Fri 20-08-10 <br/> 
1:07 Fri 20-08-10 <br/> 
1:14 Fri 20-08-10 <br/> 
1:30 Fri 20-08-10 <br/> 
1:42 Fri 20-08-10 <br/> 
1:50 Fri 20-08-10 <br/> 
2:32 Fri 20-08-10 <br/> 
3:13 Fri 20-08-10 <br/> 
3:31 Fri 20-08-10 <br/> 
3:42 Fri 20-08-10 <br/> 
4:01 Fri 20-08-10 <br/> 
4:05 Fri 20-08-10 <br/> 
4:07 Fri 20-08-10 <br/> 
4:24 Fri 20-08-10 <br/> 
4:30 Fri 20-08-10 <br/> 
4:31 Fri 20-08-10 <br/> 
4:48 Fri 20-08-10 <br/> 
4:50 Fri 20-08-10 <br/> 
4:51 Fri 20-08-10 <br/> 
4:54 Fri 20-08-10 <br/> 
5:01 Fri 20-08-10 <br/> 
5:16 Fri 20-08-10 <br/> 
5:21 Fri 20-08-10 <br/> 
5:34 Fri 20-08-10 <br/> 
5:35 Fri 20-08-10 <br/> 
5:46 Fri 20-08-10 <br/> 
6:15 Fri 20-08-10 <br/> 
6:18 Fri 20-08-10 <br/> 
6:27 Fri 20-08-10 <br/> 
7:18 Fri 20-08-10 <br/> 
8:31 Fri 20-08-10 <br/> 
8:50 Fri 20-08-10 <br/> 
8:59 Fri 20-08-10 <br/> 
9:05 Fri 20-08-10 <br/> 
9:19 Fri 20-08-10 <br/> 
10:58 Fri 20-08-10 <br/> 
10:58 Fri 20-08-10 <br/> 
13:25 Fri 20-08-10 <br/> 
13:58 Fri 20-08-10 <br/> 
14:06 Fri 20-08-10 <br/> 
14:26 Fri 20-08-10 <br/> 
14:42 Fri 20-08-10 <br/> 
14:51 Fri 20-08-10 <br/> 
15:24 Fri 20-08-10 <br/> 
16:07 Fri 20-08-10 <br/> 
17:54 Fri 20-08-10 <br/> 
23:36 Fri 20-08-10 <br/> 
23:45 Fri 20-08-10 <br/> 
0:22 Sat 21-08-10 <br/> 
0:22 Sat 21-08-10 <br/> 
1:44 Sat 21-08-10 <br/> 
2:04 Sat 21-08-10 <br/> 
2:07 Sat 21-08-10 <br/> 
2:16 Sat 21-08-10 <br/> 
3:20 Sat 21-08-10 <br/> 
3:52 Sat 21-08-10 <br/> 
4:01 Sat 21-08-10 <br/> 
4:07 Sat 21-08-10 <br/> 
6:29 Sat 21-08-10 <br/> 
7:08 Sat 21-08-10 <br/> 
7:48 Sat 21-08-10 <br/> 
7:59 Sat 21-08-10 <br/> 
8:23 Sat 21-08-10 <br/> 
11:48 Sat 21-08-10 <br/> 
11:56 Sat 21-08-10 <br/> 
11:59 Sat 21-08-10 <br/> 
13:02 Sat 21-08-10 <br/> 
13:18 Sat 21-08-10 <br/> 
14:12 Sat 21-08-10 <br/> 
14:44 Sat 21-08-10 <br/> 
15:02 Sat 21-08-10 <br/> 
17:16 Sat 21-08-10 <br/> 
17:37 Sat 21-08-10 <br/> 
22:24 Sat 21-08-10 <br/> 
1:04 Sun 22-08-10 <br/> 
3:32 Sun 22-08-10 <br/> 
4:14 Sun 22-08-10 <br/> 
5:02 Sun 22-08-10 <br/> 
6:31 Sun 22-08-10 <br/> 
6:53 Sun 22-08-10 <br/> 
7:19 Sun 22-08-10 <br/> 
7:20 Sun 22-08-10 <br/> 
7:28 Sun 22-08-10 <br/> 
11:31 Sun 22-08-10 <br/> 
11:51 Sun 22-08-10 <br/> 
12:31 Sun 22-08-10 <br/> 
13:52 Sun 22-08-10 <br/> 
13:56 Sun 22-08-10 <br/> 
14:47 Sun 22-08-10 <br/> 
14:56 Sun 22-08-10 <br/> 
22:14 Sun 22-08-10 <br/> 
0:06 Mon 23-08-10 <br/> 
2:55 Mon 23-08-10 <br/> 
5:08 Mon 23-08-10 <br/> 
6:33 Mon 23-08-10 <br/> 
7:40 Mon 23-08-10 <br/> 
12:49 Mon 23-08-10 <br/> 
13:01 Mon 23-08-10 <br/> 
14:47 Mon 23-08-10 <br/> 
15:01 Mon 23-08-10 <br/> 
16:16 Mon 23-08-10 <br/> 
0:02 Tue 24-08-10 <br/> 
0:48 Tue 24-08-10 <br/> 
1:56 Tue 24-08-10 <br/> 
5:38 Tue 24-08-10 <br/> 
5:51 Tue 24-08-10 <br/> 
6:37 Tue 24-08-10 <br/> 
6:53 Tue 24-08-10 <br/> 
7:06 Tue 24-08-10 <br/> 
7:21 Tue 24-08-10 <br/> 
12:22 Tue 24-08-10 <br/> 
14:31 Tue 24-08-10 <br/> 
14:49 Tue 24-08-10 <br/> 
16:40 Tue 24-08-10 <br/> 
23:15 Tue 24-08-10 <br/> 
23:52 Tue 24-08-10 <br/> 
0:44 Wed 25-08-10 <br/> 
3:02 Wed 25-08-10 <br/> 
4:52 Wed 25-08-10 <br/> 
6:38 Wed 25-08-10 <br/> 
12:45 Wed 25-08-10 <br/> 
14:36 Wed 25-08-10 <br/> 
15:04 Wed 25-08-10 <br/> 
17:22 Wed 25-08-10 <br/> 
21:14 Wed 25-08-10 <br/> 
21:59 Wed 25-08-10 <br/> 
22:01 Wed 25-08-10 <br/> 
22:12 Wed 25-08-10 <br/> 
22:18 Wed 25-08-10 <br/> 
22:57 Wed 25-08-10 <br/> 
2:01 Thu 26-08-10 <br/> 
2:11 Thu 26-08-10 <br/> 
2:25 Thu 26-08-10 <br/> 
4:46 Thu 26-08-10 <br/> 
6:44 Thu 26-08-10 <br/> 
11:26 Thu 26-08-10 <br/> 
15:06 Thu 26-08-10 <br/> 
18:55 Thu 26-08-10 <br/> 
0:33 Fri 27-08-10 <br/> 
3:56 Fri 27-08-10 <br/> 
4:59 Fri 27-08-10 <br/> 
6:46 Fri 27-08-10 <br/> 
6:56 Fri 27-08-10 <br/> 
7:16 Fri 27-08-10 <br/> 
14:39 Fri 27-08-10 <br/> 
15:07 Fri 27-08-10 <br/> 
21:20 Fri 27-08-10 <br/> 
1:08 Sat 28-08-10 <br/> 
2:22 Sat 28-08-10 <br/> 
3:02 Sat 28-08-10 <br/> 
6:03 Sat 28-08-10 <br/> 
6:48 Sat 28-08-10 <br/> 
7:57 Sat 28-08-10 <br/> 
13:31 Sat 28-08-10 <br/> 
15:09 Sat 28-08-10 <br/> 
16:15 Sat 28-08-10 <br/> 
22:35 Sat 28-08-10 <br/> 
22:42 Sat 28-08-10 <br/> 
0:17 Sun 29-08-10 <br/> 
0:30 Sun 29-08-10 <br/> 
3:41 Sun 29-08-10 <br/> 
5:26 Sun 29-08-10 <br/> 
5:56 Sun 29-08-10 <br/> 
6:51 Sun 29-08-10 <br/> 
8:29 Sun 29-08-10 <br/> 
9:26 Sun 29-08-10 <br/> 
11:34 Sun 29-08-10 <br/> 
15:11 Sun 29-08-10 <br/> 
18:14 Sun 29-08-10 <br/> 
21:51 Sun 29-08-10 <br/> 
2:50 Mon 30-08-10 <br/> 
3:12 Mon 30-08-10 <br/> 
6:52 Mon 30-08-10 <br/> 
7:40 Mon 30-08-10 <br/> 
11:03 Mon 30-08-10 <br/> 
15:14 Mon 30-08-10 <br/> 
18:54 Mon 30-08-10 <br/> 
23:15 Mon 30-08-10 <br/> 
3:35 Tue 31-08-10 <br/> 
6:54 Tue 31-08-10 <br/> 
9:04 Tue 31-08-10 <br/> 
12:52 Tue 31-08-10 <br/> 
14:12 Tue 31-08-10 <br/> 
15:15 Tue 31-08-10 <br/> 
20:32 Tue 31-08-10 <br/> 
20:41 Tue 31-08-10 <br/> 
21:39 Tue 31-08-10 <br/> 
23:00 Tue 31-08-10 <br/> 
23:01 Tue 31-08-10 <br/> 
23:13 Tue 31-08-10 <br/> 
23:22 Tue 31-08-10 <br/> 
0:31 Wed 01-09-10 <br/> 
4:28 Wed 01-09-10 <br/> 
6:56 Wed 01-09-10 <br/> 
7:12 Wed 01-09-10 <br/> 
7:17 Wed 01-09-10 <br/> 
9:32 Wed 01-09-10 <br/> 
11:11 Wed 01-09-10 <br/> 
11:45 Wed 01-09-10 <br/> 
15:17 Wed 01-09-10 <br/> 
17:11 Wed 01-09-10 <br/> 
17:31 Wed 01-09-10 <br/> 
17:35 Wed 01-09-10 <br/> 
19:06 Wed 01-09-10 <br/> 
23:05 Wed 01-09-10 <br/> 
0:20 Thu 02-09-10 <br/> 
1:58 Thu 02-09-10 <br/> 
2:02 Thu 02-09-10 <br/> 
2:11 Thu 02-09-10 <br/> 
2:36 Thu 02-09-10 <br/> 
2:53 Thu 02-09-10 <br/> 
2:55 Thu 02-09-10 <br/> 
5:44 Thu 02-09-10 <br/> 
6:57 Thu 02-09-10 <br/> 
15:18 Thu 02-09-10 <br/> 
15:21 Thu 02-09-10 <br/> 
20:27 Thu 02-09-10 <br/> 
0:40 Fri 03-09-10 <br/> 
3:50 Fri 03-09-10 <br/> 
4:05 Fri 03-09-10 <br/> 
6:59 Fri 03-09-10 <br/> 
7:57 Fri 03-09-10 <br/> 
10:12 Fri 03-09-10 <br/> 
11:06 Fri 03-09-10 <br/> 
13:32 Fri 03-09-10 <br/> 
15:23 Fri 03-09-10 <br/> 
21:06 Fri 03-09-10 <br/> 
23:19 Fri 03-09-10 <br/> 
2:27 Sat 04-09-10 <br/> 
2:31 Sat 04-09-10 <br/> 
2:41 Sat 04-09-10 <br/> 
2:52 Sat 04-09-10 <br/> 
3:02 Sat 04-09-10 <br/> 
3:24 Sat 04-09-10 <br/> 
3:33 Sat 04-09-10 <br/> 
4:19 Sat 04-09-10 <br/> 
4:34 Sat 04-09-10 <br/> 
4:51 Sat 04-09-10 <br/> 
5:03 Sat 04-09-10 <br/> 
5:14 Sat 04-09-10 <br/> 
5:19 Sat 04-09-10 <br/> 
5:22 Sat 04-09-10 <br/> 
5:49 Sat 04-09-10 <br/> 
7:00 Sat 04-09-10 <br/> 
7:04 Sat 04-09-10 <br/> 
9:04 Sat 04-09-10 <br/> 
14:21 Sat 04-09-10 <br/> 
14:49 Sat 04-09-10 <br/> 
15:24 Sat 04-09-10 <br/> 
19:13 Sat 04-09-10 <br/> 
21:33 Sat 04-09-10 <br/> 
7:03 Sun 05-09-10 <br/> 
7:32 Sun 05-09-10 <br/> 
9:43 Sun 05-09-10 <br/> 
15:25 Sun 05-09-10 <br/> 
16:40 Sun 05-09-10 <br/> 
17:02 Sun 05-09-10 <br/> 
17:03 Sun 05-09-10 <br/> 
2:26 Mon 06-09-10 <br/> 
2:38 Mon 06-09-10 <br/> 
4:59 Mon 06-09-10 <br/> 
5:50 Mon 06-09-10 <br/> 
6:14 Mon 06-09-10 <br/> 
7:04 Mon 06-09-10 <br/> 
7:50 Mon 06-09-10 <br/> 
8:56 Mon 06-09-10 <br/> 
12:08 Mon 06-09-10 <br/> 
15:28 Mon 06-09-10 <br/> 
21:59 Mon 06-09-10 <br/> 
2:56 Tue 07-09-10 <br/> 
7:06 Tue 07-09-10 <br/> 
8:13 Tue 07-09-10 <br/> 
8:44 Tue 07-09-10 <br/> 
9:21 Tue 07-09-10 <br/> 
15:29 Tue 07-09-10 <br/> 
16:39 Tue 07-09-10 <br/> 
21:34 Tue 07-09-10 <br/> 
21:54 Tue 07-09-10 <br/> 
22:45 Tue 07-09-10 <br/> 
3:45 Wed 08-09-10 <br/> 
3:46 Wed 08-09-10 <br/> 
4:42 Wed 08-09-10 <br/> 
4:56 Wed 08-09-10 <br/> 
5:43 Wed 08-09-10 <br/> 
6:45 Wed 08-09-10 <br/> 
7:31 Wed 08-09-10 <br/> 
8:25 Wed 08-09-10 <br/> 
14:05 Wed 08-09-10 <br/> 
15:30 Wed 08-09-10 <br/> 
17:05 Wed 08-09-10 <br/> 
17:11 Wed 08-09-10 <br/> 
17:21 Wed 08-09-10 <br/> 
17:33 Wed 08-09-10 <br/> 
17:43 Wed 08-09-10 <br/> 
17:51 Wed 08-09-10 <br/> 
18:02 Wed 08-09-10 <br/> 
18:12 Wed 08-09-10 <br/> 
18:21 Wed 08-09-10 <br/> 
18:33 Wed 08-09-10 <br/> 
19:02 Wed 08-09-10 <br/> 
19:11 Wed 08-09-10 <br/> 
19:21 Wed 08-09-10 <br/> 
20:44 Wed 08-09-10 <br/> 
22:03 Wed 08-09-10 <br/> 
22:51 Wed 08-09-10 <br/> 
22:51 Wed 08-09-10 <br/> 
0:10 Thu 09-09-10 <br/> 
10:22 Thu 09-09-10 <br/> 
13:37 Thu 09-09-10 <br/> 
15:32 Thu 09-09-10 <br/> 
19:40 Thu 09-09-10 <br/> 
20:32 Thu 09-09-10 <br/> 
21:35 Thu 09-09-10 <br/> 
22:23 Thu 09-09-10 <br/> 
3:45 Fri 10-09-10 <br/> 
4:11 Fri 10-09-10 <br/> 
8:44 Fri 10-09-10 <br/> 
10:07 Fri 10-09-10 <br/> 
13:26 Fri 10-09-10 <br/> 
13:54 Fri 10-09-10 <br/> 
15:09 Fri 10-09-10 <br/> 
15:33 Fri 10-09-10 <br/> 
22:19 Fri 10-09-10 <br/> 
4:23 Sat 11-09-10 <br/> 
6:56 Sat 11-09-10 <br/> 
7:48 Sat 11-09-10 <br/> 
10:06 Sat 11-09-10 <br/> 
13:05 Sat 11-09-10 <br/> 
14:08 Sat 11-09-10 <br/> 
16:04 Sat 11-09-10 <br/> 
3:41 Sun 12-09-10 <br/> 
4:38 Sun 12-09-10 <br/> 
7:15 Sun 12-09-10 <br/> 
10:30 Sun 12-09-10 <br/> 
10:54 Sun 12-09-10 <br/> 
11:06 Sun 12-09-10 <br/> 
13:36 Sun 12-09-10 <br/> 
14:10 Sun 12-09-10 <br/> 
14:44 Sun 12-09-10 <br/> 
17:29 Sun 12-09-10 <br/> 
20:44 Sun 12-09-10 <br/> 
22:52 Sun 12-09-10 <br/> 
1:22 Mon 13-09-10 <br/> 
8:03 Mon 13-09-10 <br/> 
8:08 Mon 13-09-10 <br/> 
8:34 Mon 13-09-10 <br/> 
10:57 Mon 13-09-10 <br/> 
13:00 Mon 13-09-10 <br/> 
14:48 Mon 13-09-10 <br/> 
15:36 Mon 13-09-10 <br/> 
15:44 Mon 13-09-10 <br/> 
18:57 Mon 13-09-10 <br/> 
21:53 Mon 13-09-10 <br/> 
22:47 Mon 13-09-10 <br/> 
2:05 Tue 14-09-10 <br/> 
7:13 Tue 14-09-10 <br/> 
7:31 Tue 14-09-10 <br/> 
8:27 Tue 14-09-10 <br/> 
8:39 Tue 14-09-10 <br/> 
12:43 Tue 14-09-10 <br/> 
14:23 Tue 14-09-10 <br/> 
14:48 Tue 14-09-10 <br/> 
15:29 Tue 14-09-10 <br/> 
15:34 Tue 14-09-10 <br/> 
18:17 Tue 14-09-10 <br/> 
1:36 Wed 15-09-10 <br/> 
1:41 Wed 15-09-10 <br/> 
8:43 Wed 15-09-10 <br/> 
12:09 Wed 15-09-10 <br/> 
12:36 Wed 15-09-10 <br/> 
13:25 Wed 15-09-10 <br/> 
14:51 Wed 15-09-10 <br/> 
17:50 Wed 15-09-10 <br/> 
18:18 Wed 15-09-10 <br/> 
21:33 Wed 15-09-10 <br/> 
0:07 Thu 16-09-10 <br/> 
6:26 Thu 16-09-10 <br/> 
8:47 Thu 16-09-10 <br/> 
12:49 Thu 16-09-10 <br/> 
12:58 Thu 16-09-10 <br/> 
14:54 Thu 16-09-10 <br/> 
15:43 Thu 16-09-10 <br/> 
19:29 Thu 16-09-10 <br/> 
3:02 Fri 17-09-10 <br/> 
4:29 Fri 17-09-10 <br/> 
8:49 Fri 17-09-10 <br/> 
9:03 Fri 17-09-10 <br/> 
9:13 Fri 17-09-10 <br/> 
9:43 Fri 17-09-10 <br/> 
12:49 Fri 17-09-10 <br/> 
14:24 Fri 17-09-10 <br/> 
