2:00 Thu 01-01-70 
12:01 Wed 05-07-06 
9:39 Thu 06-07-06 
9:44 Thu 06-07-06 
9:51 Thu 06-07-06 
15:15 Thu 06-07-06 
21:14 Thu 06-07-06 
1:16 Fri 07-07-06 
2:26 Fri 07-07-06 
3:02 Fri 07-07-06 
11:01 Fri 07-07-06 
22:00 Fri 07-07-06 
22:44 Fri 07-07-06 
2:23 Sat 08-07-06 
11:14 Sat 08-07-06 
15:28 Sat 08-07-06 
15:41 Sat 08-07-06 
15:45 Sat 08-07-06 
15:48 Sat 08-07-06 
17:51 Sat 08-07-06 
19:10 Sat 08-07-06 
19:10 Sat 08-07-06 
8:33 Sun 09-07-06 
14:31 Sun 09-07-06 
15:03 Sun 09-07-06 
19:10 Sun 09-07-06 
22:52 Sun 09-07-06 
23:08 Sun 09-07-06 
15:08 Mon 10-07-06 
23:41 Mon 10-07-06 
19:00 Tue 11-07-06 
23:25 Tue 11-07-06 
23:29 Tue 11-07-06 
10:35 Wed 12-07-06 
11:49 Wed 12-07-06 
20:08 Wed 12-07-06 
20:08 Wed 12-07-06 
10:44 Thu 13-07-06 
13:23 Thu 13-07-06 
21:21 Fri 14-07-06 
23:47 Fri 14-07-06 
1:23 Sat 15-07-06 
10:00 Sat 15-07-06 
14:37 Sat 15-07-06 
18:39 Sat 15-07-06 
0:31 Sun 16-07-06 
12:46 Mon 17-07-06 
13:26 Mon 17-07-06 
1:57 Tue 18-07-06 
12:37 Tue 18-07-06 
13:23 Tue 18-07-06 <br/> 
9:03 Thu 20-07-06 <br/> 
23:49 Thu 20-07-06 <br/> 
1:11 Fri 21-07-06 <br/> 
1:18 Fri 21-07-06 <br/> 
5:44 Fri 21-07-06 <br/> 
13:32 Fri 21-07-06 <br/> 
1:28 Sat 22-07-06 <br/> 
5:17 Sat 22-07-06 <br/> 
9:32 Sat 22-07-06 <br/> 
15:43 Sat 22-07-06 <br/> 
16:06 Sat 22-07-06 <br/> 
0:17 Sun 23-07-06 <br/> 
10:49 Sun 23-07-06 <br/> 
18:42 Sun 15-10-06 <br/> 
7:26 Sat 11-11-06 <br/> 
16:58 Sat 11-11-06 <br/> 
5:08 Sun 12-11-06 <br/> 
5:09 Sun 12-11-06 <br/> 
3:36 Tue 21-11-06 <br/> 
11:36 Tue 21-11-06 <br/> 
18:54 Tue 21-11-06 <br/> 
21:44 Tue 21-11-06 <br/> 
4:57 Wed 22-11-06 <br/> 
4:41 Thu 23-11-06 <br/> 
12:49 Thu 23-11-06 <br/> 
15:37 Fri 24-11-06 <br/> 
23:32 Fri 24-11-06 <br/> 
11:04 Sat 25-11-06 <br/> 
17:16 Sat 25-11-06 <br/> 
22:27 Sat 25-11-06 <br/> 
22:31 Sat 25-11-06 <br/> 
5:53 Sun 26-11-06 <br/> 
8:18 Sun 26-11-06 <br/> 
20:53 Mon 27-11-06 <br/> 
20:53 Mon 27-11-06 <br/> 
0:34 Thu 30-11-06 <br/> 
0:40 Thu 30-11-06 <br/> 
1:26 Thu 30-11-06 <br/> 
23:57 Thu 30-11-06 <br/> 
12:34 Fri 01-12-06 <br/> 
17:18 Sat 02-12-06 <br/> 
23:41 Sun 03-12-06 <br/> 
23:44 Sun 03-12-06 <br/> 
5:46 Mon 04-12-06 <br/> 
16:48 Mon 04-12-06 <br/> 
16:48 Mon 04-12-06 <br/> 
20:39 Tue 05-12-06 <br/> 
23:05 Tue 05-12-06 <br/> 
3:00 Wed 06-12-06 <br/> 
13:16 Wed 06-12-06 <br/> 
13:16 Wed 06-12-06 <br/> 
19:55 Wed 06-12-06 <br/> 
19:33 Thu 07-12-06 <br/> 
11:45 Fri 08-12-06 <br/> 
15:47 Fri 08-12-06 <br/> 
3:41 Sat 09-12-06 <br/> 
12:56 Sat 09-12-06 <br/> 
18:18 Sat 09-12-06 <br/> 
20:39 Sat 09-12-06 <br/> 
11:00 Sun 10-12-06 <br/> 
11:00 Sun 10-12-06 <br/> 
4:29 Mon 11-12-06 <br/> 
4:48 Tue 12-12-06 <br/> 
13:11 Tue 12-12-06 <br/> 
21:42 Tue 12-12-06 <br/> 
22:12 Tue 12-12-06 <br/> 
0:25 Wed 13-12-06 <br/> 
4:48 Wed 13-12-06 <br/> 
22:33 Wed 13-12-06 <br/> 
0:12 Thu 14-12-06 <br/> 
0:15 Thu 14-12-06 <br/> 
4:49 Thu 14-12-06 <br/> 
0:01 Fri 15-12-06 <br/> 
7:10 Fri 15-12-06 <br/> 
18:07 Sat 16-12-06 <br/> 
18:14 Sat 16-12-06 <br/> 
20:29 Sat 16-12-06 <br/> 
8:32 Sun 17-12-06 <br/> 
0:47 Mon 18-12-06 <br/> 
7:27 Mon 18-12-06 <br/> 
9:23 Mon 18-12-06 <br/> 
7:28 Tue 19-12-06 <br/> 
7:29 Wed 20-12-06 <br/> 
22:33 Wed 20-12-06 <br/> 
7:29 Thu 21-12-06 <br/> 
23:47 Thu 21-12-06 <br/> 
15:29 Fri 22-12-06 <br/> 
18:15 Sat 23-12-06 <br/> 
20:30 Sat 23-12-06 <br/> 
13:24 Sun 24-12-06 <br/> 
18:15 Sun 24-12-06 <br/> 
2:29 Mon 25-12-06 <br/> 
5:07 Mon 25-12-06 <br/> 
20:28 Wed 27-12-06 <br/> 
20:29 Wed 27-12-06 <br/> 
20:43 Wed 27-12-06 <br/> 
20:43 Wed 27-12-06 <br/> 
22:34 Wed 27-12-06 <br/> 
1:37 Thu 28-12-06 <br/> 
2:51 Thu 28-12-06 <br/> 
6:15 Thu 28-12-06 <br/> 
7:30 Thu 28-12-06 <br/> 
10:09 Thu 28-12-06 <br/> 
10:09 Thu 28-12-06 <br/> 
10:14 Thu 28-12-06 <br/> 
7:30 Fri 29-12-06 <br/> 
20:48 Fri 29-12-06 <br/> 
11:42 Sat 30-12-06 <br/> 
17:03 Sat 30-12-06 <br/> 
22:20 Sat 30-12-06 <br/> 
0:34 Mon 01-01-07 <br/> 
12:05 Tue 02-01-07 <br/> 
18:34 Tue 02-01-07 <br/> 
1:14 Wed 03-01-07 <br/> 
2:56 Wed 03-01-07 <br/> 
5:47 Wed 03-01-07 <br/> 
7:02 Wed 03-01-07 <br/> 
7:11 Wed 03-01-07 <br/> 
22:34 Wed 03-01-07 <br/> 
7:22 Thu 04-01-07 <br/> 
10:14 Thu 04-01-07 <br/> 
12:54 Thu 04-01-07 <br/> 
20:50 Thu 04-01-07 <br/> 
2:47 Fri 05-01-07 <br/> 
15:54 Fri 05-01-07 <br/> 
17:06 Fri 05-01-07 <br/> 
23:18 Fri 05-01-07 <br/> 
1:21 Sat 06-01-07 <br/> 
1:23 Sat 06-01-07 <br/> 
1:23 Sat 06-01-07 <br/> 
1:24 Sat 06-01-07 <br/> 
1:24 Sat 06-01-07 <br/> 
1:24 Sat 06-01-07 <br/> 
1:25 Sat 06-01-07 <br/> 
8:02 Sat 06-01-07 <br/> 
20:04 Sat 06-01-07 <br/> 
22:50 Sun 07-01-07 <br/> 
10:39 Tue 09-01-07 <br/> 
0:34 Wed 10-01-07 <br/> 
22:35 Wed 10-01-07 <br/> 
7:34 Sat 13-01-07 <br/> 
7:34 Sat 13-01-07 <br/> 
23:00 Sun 14-01-07 <br/> 
1:26 Mon 15-01-07 <br/> 
1:27 Mon 15-01-07 <br/> 
17:37 Mon 15-01-07 <br/> 
17:37 Mon 15-01-07 <br/> 
20:43 Mon 15-01-07 <br/> 
20:44 Mon 15-01-07 <br/> 
20:44 Mon 15-01-07 <br/> 
0:21 Wed 17-01-07 <br/> 
0:22 Thu 18-01-07 <br/> 
4:04 Thu 18-01-07 <br/> 
0:24 Fri 19-01-07 <br/> 
1:00 Fri 19-01-07 <br/> 
4:35 Fri 19-01-07 <br/> 
4:35 Fri 19-01-07 <br/> 
15:21 Fri 19-01-07 <br/> 
15:21 Fri 19-01-07 <br/> 
1:50 Sat 20-01-07 <br/> 
16:49 Sat 20-01-07 <br/> 
16:49 Sat 20-01-07 <br/> 
18:11 Sat 20-01-07 <br/> 
19:26 Sat 20-01-07 <br/> 
23:37 Sat 20-01-07 <br/> 
1:36 Sun 21-01-07 <br/> 
14:30 Sun 21-01-07 <br/> 
17:01 Sun 21-01-07 <br/> 
23:44 Sun 21-01-07 <br/> 
7:22 Mon 22-01-07 <br/> 
0:56 Tue 23-01-07 <br/> 
5:55 Tue 23-01-07 <br/> 
23:06 Tue 23-01-07 <br/> 
23:07 Tue 23-01-07 <br/> 
23:08 Tue 23-01-07 <br/> 
23:08 Tue 23-01-07 <br/> 
0:29 Wed 24-01-07 <br/> 
18:33 Wed 24-01-07 <br/> 
22:21 Wed 24-01-07 <br/> 
22:59 Wed 24-01-07 <br/> 
23:54 Wed 24-01-07 <br/> 
0:06 Thu 25-01-07 <br/> 
16:57 Thu 25-01-07 <br/> 
1:02 Fri 26-01-07 <br/> 
11:38 Fri 26-01-07 <br/> 
22:05 Fri 26-01-07 <br/> 
9:37 Sat 27-01-07 <br/> 
11:22 Sat 27-01-07 <br/> 
1:36 Sun 28-01-07 <br/> 
13:11 Sun 28-01-07 <br/> 
14:27 Sun 28-01-07 <br/> 
14:31 Sun 28-01-07 <br/> 
1:37 Mon 29-01-07 <br/> 
1:19 Tue 30-01-07 <br/> 
2:06 Tue 30-01-07 <br/> 
3:22 Tue 30-01-07 <br/> 
3:26 Tue 30-01-07 <br/> 
4:40 Tue 30-01-07 <br/> 
4:40 Tue 30-01-07 <br/> 
4:41 Tue 30-01-07 <br/> 
4:41 Tue 30-01-07 <br/> 
14:28 Tue 30-01-07 <br/> 
20:58 Tue 30-01-07 <br/> 
4:25 Wed 31-01-07 <br/> 
10:24 Wed 31-01-07 <br/> 
14:40 Wed 31-01-07 <br/> 
14:40 Wed 31-01-07 <br/> 
16:28 Wed 31-01-07 <br/> 
20:27 Wed 31-01-07 <br/> 
22:31 Wed 31-01-07 <br/> 
0:10 Thu 01-02-07 <br/> 
17:19 Thu 01-02-07 <br/> 
17:20 Thu 01-02-07 <br/> 
17:20 Thu 01-02-07 <br/> 
17:20 Thu 01-02-07 <br/> 
21:05 Thu 01-02-07 <br/> 
0:08 Fri 02-02-07 <br/> 
1:10 Fri 02-02-07 <br/> 
12:38 Sat 03-02-07 <br/> 
12:38 Sat 03-02-07 <br/> 
17:34 Sat 03-02-07 <br/> 
17:35 Sat 03-02-07 <br/> 
18:10 Sat 03-02-07 <br/> 
19:19 Sat 03-02-07 <br/> 
22:06 Sat 03-02-07 <br/> 
22:12 Sat 03-02-07 <br/> 
2:52 Sun 04-02-07 <br/> 
16:27 Sun 04-02-07 <br/> 
10:33 Mon 05-02-07 <br/> 
15:31 Mon 05-02-07 <br/> 
0:42 Tue 06-02-07 <br/> 
3:43 Tue 06-02-07 <br/> 
15:16 Tue 06-02-07 <br/> 
16:47 Tue 06-02-07 <br/> 
18:59 Tue 06-02-07 <br/> 
5:37 Wed 07-02-07 <br/> 
0:50 Thu 08-02-07 <br/> 
1:21 Fri 09-02-07 <br/> 
4:02 Fri 09-02-07 <br/> 
16:24 Fri 09-02-07 <br/> 
21:10 Fri 09-02-07 <br/> 
19:44 Sat 10-02-07 <br/> 
19:58 Sat 10-02-07 <br/> 
22:07 Sat 10-02-07 <br/> 
22:07 Sat 10-02-07 <br/> 
19:40 Sun 11-02-07 <br/> 
22:03 Tue 13-02-07 <br/> 
8:44 Wed 14-02-07 <br/> 
8:44 Wed 14-02-07 <br/> 
16:08 Wed 14-02-07 <br/> 
18:55 Wed 14-02-07 <br/> 
16:01 Thu 15-02-07 <br/> 
4:29 Fri 16-02-07 <br/> 
9:42 Fri 16-02-07 <br/> 
18:56 Fri 16-02-07 <br/> 
3:35 Sat 17-02-07 <br/> 
11:04 Sat 17-02-07 <br/> 
17:58 Sat 17-02-07 <br/> 
2:10 Sun 18-02-07 <br/> 
6:42 Sun 18-02-07 <br/> 
0:34 Mon 19-02-07 <br/> 
18:18 Mon 19-02-07 <br/> 
18:32 Mon 19-02-07 <br/> 
23:59 Tue 20-02-07 <br/> 
10:17 Wed 21-02-07 <br/> 
10:30 Wed 21-02-07 <br/> 
14:06 Wed 21-02-07 <br/> 
17:04 Thu 22-02-07 <br/> 
17:04 Thu 22-02-07 <br/> 
1:00 Fri 23-02-07 <br/> 
10:08 Fri 23-02-07 <br/> 
13:35 Fri 23-02-07 <br/> 
19:02 Fri 23-02-07 <br/> 
0:00 Sat 24-02-07 <br/> 
13:46 Sat 24-02-07 <br/> 
13:52 Sat 24-02-07 <br/> 
7:27 Sun 25-02-07 <br/> 
8:36 Mon 26-02-07 <br/> 
8:36 Mon 26-02-07 <br/> 
8:36 Mon 26-02-07 <br/> 
8:37 Mon 26-02-07 <br/> 
17:28 Mon 26-02-07 <br/> 
22:36 Mon 26-02-07 <br/> 
0:27 Tue 27-02-07 <br/> 
20:11 Tue 27-02-07 <br/> 
6:14 Wed 28-02-07 <br/> 
10:26 Wed 28-02-07 <br/> 
19:43 Wed 28-02-07 <br/> 
19:43 Wed 28-02-07 <br/> 
21:38 Wed 28-02-07 <br/> 
7:56 Thu 01-03-07 <br/> 
7:28 Sun 04-03-07 <br/> 
0:12 Tue 06-03-07 <br/> 
10:59 Tue 06-03-07 <br/> 
10:59 Tue 06-03-07 <br/> 
12:24 Tue 06-03-07 <br/> 
12:24 Tue 06-03-07 <br/> 
21:46 Tue 06-03-07 <br/> 
13:19 Wed 07-03-07 <br/> 
7:45 Fri 09-03-07 <br/> 
1:18 Sat 10-03-07 <br/> 
3:35 Sat 10-03-07 <br/> 
9:56 Sat 10-03-07 <br/> 
9:56 Sat 10-03-07 <br/> 
9:56 Sat 10-03-07 <br/> 
9:56 Sat 10-03-07 <br/> 
13:55 Sat 10-03-07 <br/> 
19:19 Sat 10-03-07 <br/> 
8:12 Sun 11-03-07 <br/> 
9:16 Sun 11-03-07 <br/> 
21:02 Tue 13-03-07 <br/> 
21:02 Tue 13-03-07 <br/> 
13:41 Wed 14-03-07 <br/> 
13:41 Wed 14-03-07 <br/> 
13:41 Wed 14-03-07 <br/> 
13:41 Wed 14-03-07 <br/> 
13:51 Thu 15-03-07 <br/> 
1:32 Fri 16-03-07 <br/> 
9:33 Fri 16-03-07 <br/> 
16:50 Fri 16-03-07 <br/> 
16:50 Fri 16-03-07 <br/> 
16:58 Fri 16-03-07 <br/> 
0:20 Sat 17-03-07 <br/> 
1:15 Sat 17-03-07 <br/> 
1:25 Sat 17-03-07 <br/> 
2:58 Sat 17-03-07 <br/> 
9:26 Sun 18-03-07 <br/> 
19:55 Sun 18-03-07 <br/> 
19:55 Sun 18-03-07 <br/> 
14:55 Mon 19-03-07 <br/> 
7:22 Tue 20-03-07 <br/> 
11:06 Wed 21-03-07 <br/> 
13:20 Wed 21-03-07 <br/> 
15:59 Wed 21-03-07 <br/> 
7:44 Thu 22-03-07 <br/> 
3:07 Fri 23-03-07 <br/> 
3:07 Fri 23-03-07 <br/> 
13:26 Fri 23-03-07 <br/> 
18:07 Fri 23-03-07 <br/> 
21:28 Fri 23-03-07 <br/> 
16:56 Sat 24-03-07 <br/> 
4:49 Sun 25-03-07 <br/> 
9:27 Sun 25-03-07 <br/> 
16:41 Mon 26-03-07 <br/> 
16:41 Mon 26-03-07 <br/> 
1:42 Tue 27-03-07 <br/> 
4:01 Wed 28-03-07 <br/> 
6:08 Wed 28-03-07 <br/> 
10:14 Wed 28-03-07 <br/> 
1:29 Fri 30-03-07 <br/> 
5:35 Fri 30-03-07 <br/> 
5:49 Fri 30-03-07 <br/> 
14:52 Fri 30-03-07 <br/> 
18:52 Fri 30-03-07 <br/> 
15:18 Sat 31-03-07 <br/> 
0:04 Sun 01-04-07 <br/> 
12:57 Sun 01-04-07 <br/> 
2:37 Mon 02-04-07 <br/> 
23:45 Mon 02-04-07 <br/> 
23:45 Mon 02-04-07 <br/> 
12:04 Tue 03-04-07 <br/> 
23:51 Tue 03-04-07 <br/> 
12:56 Wed 04-04-07 <br/> 
16:16 Wed 04-04-07 <br/> 
20:54 Wed 04-04-07 <br/> 
0:22 Thu 05-04-07 <br/> 
13:49 Thu 05-04-07 <br/> 
7:35 Fri 06-04-07 <br/> 
7:35 Fri 06-04-07 <br/> 
13:00 Sat 07-04-07 <br/> 
1:46 Mon 09-04-07 <br/> 
6:50 Mon 09-04-07 <br/> 
11:24 Mon 09-04-07 <br/> 
3:12 Wed 11-04-07 <br/> 
0:04 Thu 12-04-07 <br/> 
1:41 Thu 12-04-07 <br/> 
1:41 Thu 12-04-07 <br/> 
3:02 Thu 12-04-07 <br/> 
5:59 Thu 12-04-07 <br/> 
12:07 Thu 12-04-07 <br/> 
13:46 Thu 12-04-07 <br/> 
22:54 Thu 12-04-07 <br/> 
0:37 Fri 13-04-07 <br/> 
15:29 Fri 13-04-07 <br/> 
6:28 Sat 14-04-07 <br/> 
7:25 Sat 14-04-07 <br/> 
14:26 Sat 14-04-07 <br/> 
8:56 Sun 15-04-07 <br/> 
23:28 Sun 15-04-07 <br/> 
23:28 Sun 15-04-07 <br/> 
19:50 Mon 16-04-07 <br/> 
0:11 Tue 17-04-07 <br/> 
3:51 Thu 19-04-07 <br/> 
11:57 Thu 19-04-07 <br/> 
11:57 Thu 19-04-07 <br/> 
6:41 Fri 20-04-07 <br/> 
10:25 Fri 20-04-07 <br/> 
0:41 Sat 21-04-07 <br/> 
8:21 Sat 21-04-07 <br/> 
20:57 Sat 21-04-07 <br/> 
14:43 Sun 22-04-07 <br/> 
15:58 Sun 22-04-07 <br/> 
11:34 Tue 24-04-07 <br/> 
12:39 Tue 24-04-07 <br/> 
15:11 Tue 24-04-07 <br/> 
20:19 Tue 24-04-07 <br/> 
20:49 Wed 25-04-07 <br/> 
1:46 Thu 26-04-07 <br/> 
0:35 Fri 27-04-07 <br/> 
3:21 Fri 27-04-07 <br/> 
14:08 Fri 27-04-07 <br/> 
0:56 Sat 28-04-07 <br/> 
14:16 Sat 28-04-07 <br/> 
3:49 Sun 29-04-07 <br/> 
11:22 Sun 29-04-07 <br/> 
5:20 Tue 01-05-07 <br/> 
18:30 Tue 01-05-07 <br/> 
12:54 Thu 03-05-07 <br/> 
17:11 Thu 03-05-07 <br/> 
19:45 Thu 03-05-07 <br/> 
17:07 Sat 05-05-07 <br/> 
21:01 Sat 05-05-07 <br/> 
21:01 Sat 05-05-07 <br/> 
11:15 Sun 06-05-07 <br/> 
22:10 Sun 06-05-07 <br/> 
22:11 Sun 06-05-07 <br/> 
22:11 Sun 06-05-07 <br/> 
12:26 Mon 07-05-07 <br/> 
19:30 Mon 07-05-07 <br/> 
0:08 Tue 08-05-07 <br/> 
10:08 Tue 08-05-07 <br/> 
10:24 Tue 08-05-07 <br/> 
17:06 Tue 08-05-07 <br/> 
22:54 Tue 08-05-07 <br/> 
2:39 Wed 09-05-07 <br/> 
18:12 Wed 09-05-07 <br/> 
18:12 Wed 09-05-07 <br/> 
18:12 Wed 09-05-07 <br/> 
0:32 Fri 11-05-07 <br/> 
11:12 Fri 11-05-07 <br/> 
0:23 Sat 12-05-07 <br/> 
16:33 Sun 13-05-07 <br/> 
8:34 Tue 15-05-07 <br/> 
8:34 Tue 15-05-07 <br/> 
8:34 Tue 15-05-07 <br/> 
8:34 Tue 15-05-07 <br/> 
8:34 Tue 15-05-07 <br/> 
8:34 Tue 15-05-07 <br/> 
8:34 Tue 15-05-07 <br/> 
8:34 Tue 15-05-07 <br/> 
8:35 Tue 15-05-07 <br/> 
8:35 Tue 15-05-07 <br/> 
8:35 Tue 15-05-07 <br/> 
8:35 Tue 15-05-07 <br/> 
0:59 Wed 16-05-07 <br/> 
14:13 Wed 16-05-07 <br/> 
14:14 Wed 16-05-07 <br/> 
14:40 Wed 16-05-07 <br/> 
22:37 Fri 18-05-07 <br/> 
18:21 Sat 19-05-07 <br/> 
22:08 Sat 19-05-07 <br/> 
22:40 Sat 19-05-07 <br/> 
13:04 Sun 20-05-07 <br/> 
18:38 Sun 20-05-07 <br/> 
19:56 Sun 20-05-07 <br/> 
22:53 Sun 20-05-07 <br/> 
5:27 Mon 21-05-07 <br/> 
9:31 Mon 21-05-07 <br/> 
4:11 Tue 22-05-07 <br/> 
6:58 Tue 22-05-07 <br/> 
12:30 Tue 22-05-07 <br/> 
16:24 Tue 22-05-07 <br/> 
20:26 Tue 22-05-07 <br/> 
8:37 Wed 23-05-07 <br/> 
8:40 Wed 23-05-07 <br/> 
8:43 Wed 23-05-07 <br/> 
8:43 Wed 23-05-07 <br/> 
20:08 Thu 24-05-07 <br/> 
9:43 Fri 25-05-07 <br/> 
11:37 Tue 29-05-07 <br/> 
17:42 Tue 29-05-07 <br/> 
22:17 Wed 30-05-07 <br/> 
0:03 Thu 31-05-07 <br/> 
4:04 Thu 31-05-07 <br/> 
4:04 Thu 31-05-07 <br/> 
4:04 Thu 31-05-07 <br/> 
5:55 Thu 31-05-07 <br/> 
16:44 Sun 03-06-07 <br/> 
21:52 Sun 03-06-07 <br/> 
3:24 Mon 04-06-07 <br/> 
4:45 Mon 04-06-07 <br/> 
9:08 Mon 04-06-07 <br/> 
14:42 Mon 04-06-07 <br/> 
22:29 Mon 04-06-07 <br/> 
2:07 Tue 05-06-07 <br/> 
20:34 Tue 05-06-07 <br/> 
7:28 Wed 06-06-07 <br/> 
2:53 Thu 07-06-07 <br/> 
18:49 Thu 07-06-07 <br/> 
11:42 Sat 09-06-07 <br/> 
11:43 Sat 09-06-07 <br/> 
11:43 Sat 09-06-07 <br/> 
11:52 Sat 09-06-07 <br/> 
2:23 Sun 10-06-07 <br/> 
18:56 Sun 10-06-07 <br/> 
23:48 Sun 10-06-07 <br/> 
23:26 Mon 11-06-07 <br/> 
23:44 Mon 11-06-07 <br/> 
10:10 Tue 12-06-07 <br/> 
19:15 Tue 12-06-07 <br/> 
19:24 Tue 12-06-07 <br/> 
19:30 Tue 12-06-07 <br/> 
19:31 Tue 12-06-07 <br/> 
10:13 Wed 13-06-07 <br/> 
17:15 Wed 13-06-07 <br/> 
3:06 Thu 14-06-07 <br/> 
12:54 Thu 14-06-07 <br/> 
11:29 Sat 16-06-07 <br/> 
16:07 Sat 16-06-07 <br/> 
2:15 Sun 17-06-07 <br/> 
8:12 Sun 17-06-07 <br/> 
0:08 Tue 19-06-07 <br/> 
15:08 Tue 19-06-07 <br/> 
0:33 Wed 20-06-07 <br/> 
23:49 Wed 20-06-07 <br/> 
15:29 Thu 21-06-07 <br/> 
0:09 Fri 22-06-07 <br/> 
5:17 Fri 22-06-07 <br/> 
18:42 Fri 22-06-07 <br/> 
22:49 Sat 23-06-07 <br/> 
2:26 Sun 24-06-07 <br/> 
1:43 Mon 25-06-07 <br/> 
8:00 Mon 25-06-07 <br/> 
8:00 Mon 25-06-07 <br/> 
14:04 Mon 25-06-07 <br/> 
0:16 Tue 26-06-07 <br/> 
0:42 Tue 26-06-07 <br/> 
0:28 Thu 28-06-07 <br/> 
12:18 Thu 28-06-07 <br/> 
14:06 Thu 28-06-07 <br/> 
15:14 Fri 29-06-07 <br/> 
15:15 Fri 29-06-07 <br/> 
4:22 Sat 30-06-07 <br/> 
4:24 Sat 30-06-07 <br/> 
4:26 Sat 30-06-07 <br/> 
4:27 Sat 30-06-07 <br/> 
7:01 Sat 30-06-07 <br/> 
20:52 Sat 30-06-07 <br/> 
21:17 Sat 30-06-07 <br/> 
21:41 Sat 30-06-07 <br/> 
21:58 Sat 30-06-07 <br/> 
22:00 Sat 30-06-07 <br/> 
9:59 Sun 01-07-07 <br/> 
10:08 Sun 01-07-07 <br/> 
12:00 Sun 01-07-07 <br/> 
16:35 Sun 01-07-07 <br/> 
16:43 Sun 01-07-07 <br/> 
16:43 Sun 01-07-07 <br/> 
4:12 Mon 02-07-07 <br/> 
4:21 Mon 02-07-07 <br/> 
6:13 Mon 02-07-07 <br/> 
20:38 Tue 03-07-07 <br/> 
8:41 Wed 04-07-07 <br/> 
10:11 Wed 04-07-07 <br/> 
12:21 Wed 04-07-07 <br/> 
16:24 Wed 04-07-07 <br/> 
20:13 Wed 04-07-07 <br/> 
20:15 Wed 04-07-07 <br/> 
23:47 Wed 04-07-07 <br/> 
18:34 Thu 05-07-07 <br/> 
2:35 Fri 06-07-07 <br/> 
5:55 Fri 06-07-07 <br/> 
21:12 Fri 06-07-07 <br/> 
3:06 Sun 08-07-07 <br/> 
10:50 Sun 08-07-07 <br/> 
0:21 Mon 09-07-07 <br/> 
4:29 Mon 09-07-07 <br/> 
5:45 Mon 09-07-07 <br/> 
11:39 Mon 09-07-07 <br/> 
12:04 Tue 10-07-07 <br/> 
18:43 Tue 10-07-07 <br/> 
8:35 Wed 11-07-07 <br/> 
10:13 Wed 11-07-07 <br/> 
18:29 Wed 11-07-07 <br/> 
18:29 Wed 11-07-07 <br/> 
18:31 Wed 11-07-07 <br/> 
23:46 Wed 11-07-07 <br/> 
6:47 Thu 12-07-07 <br/> 
14:24 Thu 12-07-07 <br/> 
17:44 Thu 12-07-07 <br/> 
17:45 Thu 12-07-07 <br/> 
17:46 Thu 12-07-07 <br/> 
20:15 Thu 12-07-07 <br/> 
0:51 Fri 13-07-07 <br/> 
11:23 Fri 13-07-07 <br/> 
14:56 Fri 13-07-07 <br/> 
14:56 Fri 13-07-07 <br/> 
0:53 Sat 14-07-07 <br/> 
23:19 Sat 14-07-07 <br/> 
3:27 Sun 15-07-07 <br/> 
4:28 Sun 15-07-07 <br/> 
10:52 Sun 15-07-07 <br/> 
13:54 Sun 15-07-07 <br/> 
0:22 Mon 16-07-07 <br/> 
1:33 Mon 16-07-07 <br/> 
5:38 Mon 16-07-07 <br/> 
14:16 Mon 16-07-07 <br/> 
14:17 Mon 16-07-07 <br/> 
14:17 Mon 16-07-07 <br/> 
14:19 Mon 16-07-07 <br/> 
22:35 Mon 16-07-07 <br/> 
23:59 Mon 16-07-07 <br/> 
0:22 Tue 17-07-07 <br/> 
1:37 Tue 17-07-07 <br/> 
14:11 Tue 17-07-07 <br/> 
0:40 Wed 18-07-07 <br/> 
2:38 Wed 18-07-07 <br/> 
10:15 Wed 18-07-07 <br/> 
12:15 Wed 18-07-07 <br/> 
22:18 Wed 18-07-07 <br/> 
0:25 Thu 19-07-07 <br/> 
14:17 Thu 19-07-07 <br/> 
14:18 Thu 19-07-07 <br/> 
21:49 Thu 19-07-07 <br/> 
22:24 Thu 19-07-07 <br/> 
8:33 Fri 20-07-07 <br/> 
0:04 Sat 21-07-07 <br/> 
0:35 Sat 21-07-07 <br/> 
6:53 Sat 21-07-07 <br/> 
2:08 Sun 22-07-07 <br/> 
10:54 Sun 22-07-07 <br/> 
2:33 Mon 23-07-07 <br/> 
7:44 Mon 23-07-07 <br/> 
19:14 Mon 23-07-07 <br/> 
6:12 Tue 24-07-07 <br/> 
0:08 Wed 25-07-07 <br/> 
3:33 Wed 25-07-07 <br/> 
14:21 Wed 25-07-07 <br/> 
14:21 Wed 25-07-07 <br/> 
14:21 Wed 25-07-07 <br/> 
14:21 Wed 25-07-07 <br/> 
14:21 Wed 25-07-07 <br/> 
14:31 Wed 25-07-07 <br/> 
0:03 Thu 26-07-07 <br/> 
5:38 Thu 26-07-07 <br/> 
0:04 Fri 27-07-07 <br/> 
1:13 Sun 29-07-07 <br/> 
1:13 Sun 29-07-07 <br/> 
1:13 Sun 29-07-07 <br/> 
17:36 Sun 29-07-07 <br/> 
1:41 Mon 30-07-07 <br/> 
15:19 Mon 30-07-07 <br/> 
0:11 Tue 31-07-07 <br/> 
14:57 Wed 01-08-07 <br/> 
0:29 Thu 02-08-07 <br/> 
14:30 Thu 02-08-07 <br/> 
23:35 Thu 02-08-07 <br/> 
20:18 Fri 03-08-07 <br/> 
17:13 Sat 04-08-07 <br/> 
17:13 Sat 04-08-07 <br/> 
17:14 Sat 04-08-07 <br/> 
17:14 Sat 04-08-07 <br/> 
17:14 Sat 04-08-07 <br/> 
23:20 Sun 05-08-07 <br/> 
9:33 Mon 06-08-07 <br/> 
23:29 Mon 06-08-07 <br/> 
23:42 Thu 09-08-07 <br/> 
14:37 Fri 10-08-07 <br/> 
22:25 Fri 10-08-07 <br/> 
4:05 Sun 12-08-07 <br/> 
22:02 Sun 12-08-07 <br/> 
2:41 Mon 13-08-07 <br/> 
21:14 Tue 14-08-07 <br/> 
4:48 Wed 15-08-07 <br/> 
14:58 Wed 15-08-07 <br/> 
14:59 Wed 15-08-07 <br/> 
15:14 Wed 15-08-07 <br/> 
2:40 Thu 16-08-07 <br/> 
20:47 Thu 16-08-07 <br/> 
2:34 Fri 17-08-07 <br/> 
22:34 Fri 17-08-07 <br/> 
23:48 Fri 17-08-07 <br/> 
0:51 Sun 19-08-07 <br/> 
1:10 Sun 19-08-07 <br/> 
2:03 Mon 20-08-07 <br/> 
10:57 Mon 20-08-07 <br/> 
16:12 Mon 20-08-07 <br/> 
21:41 Tue 21-08-07 <br/> 
21:42 Tue 21-08-07 <br/> 
9:35 Wed 22-08-07 <br/> 
0:22 Thu 23-08-07 <br/> 
0:32 Fri 24-08-07 <br/> 
1:58 Sun 26-08-07 <br/> 
7:35 Sun 26-08-07 <br/> 
22:07 Sun 26-08-07 <br/> 
1:58 Mon 27-08-07 <br/> 
4:24 Mon 27-08-07 <br/> 
16:15 Mon 27-08-07 <br/> 
19:06 Mon 27-08-07 <br/> 
2:48 Tue 28-08-07 <br/> 
2:56 Tue 28-08-07 <br/> 
5:00 Tue 28-08-07 <br/> 
7:34 Tue 28-08-07 <br/> 
7:44 Tue 28-08-07 <br/> 
7:55 Tue 28-08-07 <br/> 
18:45 Tue 28-08-07 <br/> 
22:13 Tue 28-08-07 <br/> 
22:13 Tue 28-08-07 <br/> 
23:11 Tue 28-08-07 <br/> 
23:11 Tue 28-08-07 <br/> 
23:11 Tue 28-08-07 <br/> 
23:11 Tue 28-08-07 <br/> 
23:12 Tue 28-08-07 <br/> 
23:12 Tue 28-08-07 <br/> 
23:12 Tue 28-08-07 <br/> 
23:12 Tue 28-08-07 <br/> 
23:12 Tue 28-08-07 <br/> 
3:17 Wed 29-08-07 <br/> 
3:21 Wed 29-08-07 <br/> 
21:27 Wed 29-08-07 <br/> 
0:01 Thu 30-08-07 <br/> 
0:30 Thu 30-08-07 <br/> 
0:30 Thu 30-08-07 <br/> 
5:29 Thu 30-08-07 <br/> 
4:46 Fri 31-08-07 <br/> 
1:15 Sat 01-09-07 <br/> 
9:55 Sun 02-09-07 <br/> 
14:08 Sun 02-09-07 <br/> 
14:08 Sun 02-09-07 <br/> 
14:08 Sun 02-09-07 <br/> 
14:09 Sun 02-09-07 <br/> 
14:09 Sun 02-09-07 <br/> 
14:09 Sun 02-09-07 <br/> 
14:09 Sun 02-09-07 <br/> 
14:10 Sun 02-09-07 <br/> 
14:10 Sun 02-09-07 <br/> 
14:10 Sun 02-09-07 <br/> 
14:10 Sun 02-09-07 <br/> 
14:10 Sun 02-09-07 <br/> 
16:59 Sun 02-09-07 <br/> 
16:59 Sun 02-09-07 <br/> 
17:00 Sun 02-09-07 <br/> 
17:01 Sun 02-09-07 <br/> 
15:53 Mon 03-09-07 <br/> 
4:25 Tue 04-09-07 <br/> 
9:38 Tue 04-09-07 <br/> 
13:32 Tue 04-09-07 <br/> 
9:20 Thu 06-09-07 <br/> 
0:47 Fri 07-09-07 <br/> 
5:41 Mon 10-09-07 <br/> 
9:22 Thu 13-09-07 <br/> 
0:06 Fri 14-09-07 <br/> 
5:45 Fri 14-09-07 <br/> 
7:56 Fri 14-09-07 <br/> 
21:41 Fri 14-09-07 <br/> 
21:42 Fri 14-09-07 <br/> 
21:42 Fri 14-09-07 <br/> 
12:59 Sat 15-09-07 <br/> 
17:38 Sat 15-09-07 <br/> 
0:29 Sun 16-09-07 <br/> 
0:29 Sun 16-09-07 <br/> 
0:29 Sun 16-09-07 <br/> 
0:29 Sun 16-09-07 <br/> 
0:29 Sun 16-09-07 <br/> 
0:29 Sun 16-09-07 <br/> 
16:33 Mon 17-09-07 <br/> 
23:47 Wed 19-09-07 <br/> 
23:19 Fri 21-09-07 <br/> 
7:43 Mon 24-09-07 <br/> 
16:15 Mon 24-09-07 <br/> 
16:15 Mon 24-09-07 <br/> 
16:15 Mon 24-09-07 <br/> 
16:16 Mon 24-09-07 <br/> 
17:41 Tue 25-09-07 <br/> 
17:41 Tue 25-09-07 <br/> 
17:41 Tue 25-09-07 <br/> 
23:09 Tue 25-09-07 <br/> 
2:20 Wed 26-09-07 <br/> 
23:16 Thu 27-09-07 <br/> 
2:43 Fri 28-09-07 <br/> 
23:25 Sat 29-09-07 <br/> 
21:11 Sun 30-09-07 <br/> 
23:08 Sun 30-09-07 <br/> 
23:09 Sun 30-09-07 <br/> 
20:40 Mon 01-10-07 <br/> 
10:59 Tue 02-10-07 <br/> 
0:04 Wed 03-10-07 <br/> 
9:53 Wed 03-10-07 <br/> 
9:54 Wed 03-10-07 <br/> 
11:16 Wed 03-10-07 <br/> 
12:35 Wed 03-10-07 <br/> 
16:36 Wed 03-10-07 <br/> 
16:37 Wed 03-10-07 <br/> 
17:14 Wed 03-10-07 <br/> 
23:36 Thu 04-10-07 <br/> 
23:36 Thu 04-10-07 <br/> 
0:08 Fri 05-10-07 <br/> 
7:45 Fri 05-10-07 <br/> 
14:57 Fri 05-10-07 <br/> 
22:56 Sat 06-10-07 <br/> 
22:56 Sat 06-10-07 <br/> 
22:56 Sat 06-10-07 <br/> 
23:00 Sat 06-10-07 <br/> 
23:01 Sat 06-10-07 <br/> 
1:03 Sun 07-10-07 <br/> 
1:04 Sun 07-10-07 <br/> 
4:48 Sun 07-10-07 <br/> 
4:49 Sun 07-10-07 <br/> 
16:52 Sun 07-10-07 <br/> 
16:52 Sun 07-10-07 <br/> 
16:53 Sun 07-10-07 <br/> 
16:54 Sun 07-10-07 <br/> 
16:54 Sun 07-10-07 <br/> 
21:35 Sun 07-10-07 <br/> 
22:57 Sun 07-10-07 <br/> 
3:46 Mon 08-10-07 <br/> 
10:07 Mon 08-10-07 <br/> 
12:56 Mon 08-10-07 <br/> 
19:49 Mon 08-10-07 <br/> 
19:50 Mon 08-10-07 <br/> 
19:50 Mon 08-10-07 <br/> 
16:10 Wed 10-10-07 <br/> 
0:23 Thu 11-10-07 <br/> 
15:23 Thu 11-10-07 <br/> 
16:13 Thu 11-10-07 <br/> 
23:45 Thu 11-10-07 <br/> 
16:31 Fri 12-10-07 <br/> 
19:11 Fri 12-10-07 <br/> 
0:47 Sat 13-10-07 <br/> 
3:49 Sat 13-10-07 <br/> 
3:49 Sat 13-10-07 <br/> 
1:04 Sun 14-10-07 <br/> 
1:31 Sun 14-10-07 <br/> 
1:31 Sun 14-10-07 <br/> 
13:36 Sun 14-10-07 <br/> 
1:54 Mon 15-10-07 <br/> 
23:56 Mon 15-10-07 <br/> 
23:59 Tue 16-10-07 <br/> 
0:29 Thu 18-10-07 <br/> 
11:22 Thu 18-10-07 <br/> 
11:50 Thu 18-10-07 <br/> 
11:50 Thu 18-10-07 <br/> 
11:50 Thu 18-10-07 <br/> 
11:50 Thu 18-10-07 <br/> 
11:50 Thu 18-10-07 <br/> 
20:03 Thu 18-10-07 <br/> 
20:04 Thu 18-10-07 <br/> 
23:21 Thu 18-10-07 <br/> 
12:20 Fri 19-10-07 <br/> 
9:44 Sat 20-10-07 <br/> 
14:11 Sat 20-10-07 <br/> 
14:44 Sat 20-10-07 <br/> 
2:55 Sun 21-10-07 <br/> 
1:43 Mon 22-10-07 <br/> 
10:34 Mon 22-10-07 <br/> 
10:34 Mon 22-10-07 <br/> 
10:35 Mon 22-10-07 <br/> 
0:25 Tue 23-10-07 <br/> 
14:46 Tue 23-10-07 <br/> 
0:07 Wed 24-10-07 <br/> 
23:56 Wed 24-10-07 <br/> 
5:46 Thu 25-10-07 <br/> 
11:24 Thu 25-10-07 <br/> 
19:18 Thu 25-10-07 <br/> 
19:18 Thu 25-10-07 <br/> 
19:18 Thu 25-10-07 <br/> 
19:19 Thu 25-10-07 <br/> 
19:19 Thu 25-10-07 <br/> 
19:20 Thu 25-10-07 <br/> 
0:23 Fri 26-10-07 <br/> 
4:01 Sat 27-10-07 <br/> 
9:46 Sat 27-10-07 <br/> 
17:41 Sun 28-10-07 <br/> 
6:37 Mon 29-10-07 <br/> 
23:56 Tue 30-10-07 <br/> 
5:53 Thu 01-11-07 <br/> 
16:05 Thu 01-11-07 <br/> 
8:47 Sat 03-11-07 <br/> 
11:57 Sat 03-11-07 <br/> 
11:58 Sat 03-11-07 <br/> 
19:40 Sat 03-11-07 <br/> 
19:40 Sat 03-11-07 <br/> 
19:40 Sat 03-11-07 <br/> 
19:40 Sat 03-11-07 <br/> 
19:40 Sat 03-11-07 <br/> 
19:40 Sat 03-11-07 <br/> 
19:40 Sat 03-11-07 <br/> 
19:40 Sat 03-11-07 <br/> 
19:40 Sat 03-11-07 <br/> 
19:40 Sat 03-11-07 <br/> 
19:41 Sat 03-11-07 <br/> 
19:41 Sat 03-11-07 <br/> 
19:41 Sat 03-11-07 <br/> 
19:41 Sat 03-11-07 <br/> 
19:41 Sat 03-11-07 <br/> 
19:41 Sat 03-11-07 <br/> 
19:41 Sat 03-11-07 <br/> 
19:41 Sat 03-11-07 <br/> 
19:41 Sat 03-11-07 <br/> 
19:41 Sat 03-11-07 <br/> 
19:41 Sat 03-11-07 <br/> 
19:41 Sat 03-11-07 <br/> 
19:41 Sat 03-11-07 <br/> 
19:42 Sat 03-11-07 <br/> 
19:42 Sat 03-11-07 <br/> 
19:42 Sat 03-11-07 <br/> 
19:42 Sat 03-11-07 <br/> 
19:42 Sat 03-11-07 <br/> 
19:42 Sat 03-11-07 <br/> 
19:42 Sat 03-11-07 <br/> 
19:42 Sat 03-11-07 <br/> 
19:42 Sat 03-11-07 <br/> 
19:42 Sat 03-11-07 <br/> 
19:42 Sat 03-11-07 <br/> 
19:42 Sat 03-11-07 <br/> 
19:43 Sat 03-11-07 <br/> 
19:43 Sat 03-11-07 <br/> 
19:43 Sat 03-11-07 <br/> 
19:43 Sat 03-11-07 <br/> 
19:43 Sat 03-11-07 <br/> 
19:43 Sat 03-11-07 <br/> 
19:43 Sat 03-11-07 <br/> 
19:43 Sat 03-11-07 <br/> 
19:43 Sat 03-11-07 <br/> 
19:43 Sat 03-11-07 <br/> 
19:43 Sat 03-11-07 <br/> 
19:43 Sat 03-11-07 <br/> 
19:43 Sat 03-11-07 <br/> 
19:43 Sat 03-11-07 <br/> 
19:43 Sat 03-11-07 <br/> 
19:43 Sat 03-11-07 <br/> 
19:43 Sat 03-11-07 <br/> 
19:43 Sat 03-11-07 <br/> 
19:43 Sat 03-11-07 <br/> 
19:43 Sat 03-11-07 <br/> 
19:43 Sat 03-11-07 <br/> 
19:43 Sat 03-11-07 <br/> 
19:43 Sat 03-11-07 <br/> 
19:43 Sat 03-11-07 <br/> 
19:43 Sat 03-11-07 <br/> 
19:43 Sat 03-11-07 <br/> 
19:43 Sat 03-11-07 <br/> 
19:43 Sat 03-11-07 <br/> 
19:44 Sat 03-11-07 <br/> 
19:44 Sat 03-11-07 <br/> 
19:44 Sat 03-11-07 <br/> 
19:44 Sat 03-11-07 <br/> 
19:44 Sat 03-11-07 <br/> 
19:44 Sat 03-11-07 <br/> 
19:44 Sat 03-11-07 <br/> 
19:44 Sat 03-11-07 <br/> 
19:44 Sat 03-11-07 <br/> 
19:44 Sat 03-11-07 <br/> 
19:44 Sat 03-11-07 <br/> 
19:44 Sat 03-11-07 <br/> 
19:44 Sat 03-11-07 <br/> 
19:44 Sat 03-11-07 <br/> 
19:44 Sat 03-11-07 <br/> 
19:44 Sat 03-11-07 <br/> 
19:44 Sat 03-11-07 <br/> 
19:44 Sat 03-11-07 <br/> 
19:44 Sat 03-11-07 <br/> 
19:44 Sat 03-11-07 <br/> 
19:44 Sat 03-11-07 <br/> 
19:44 Sat 03-11-07 <br/> 
19:44 Sat 03-11-07 <br/> 
19:44 Sat 03-11-07 <br/> 
19:44 Sat 03-11-07 <br/> 
19:44 Sat 03-11-07 <br/> 
19:44 Sat 03-11-07 <br/> 
19:44 Sat 03-11-07 <br/> 
19:44 Sat 03-11-07 <br/> 
19:44 Sat 03-11-07 <br/> 
19:44 Sat 03-11-07 <br/> 
19:44 Sat 03-11-07 <br/> 
19:44 Sat 03-11-07 <br/> 
19:44 Sat 03-11-07 <br/> 
19:44 Sat 03-11-07 <br/> 
19:44 Sat 03-11-07 <br/> 
19:44 Sat 03-11-07 <br/> 
19:45 Sat 03-11-07 <br/> 
19:45 Sat 03-11-07 <br/> 
19:45 Sat 03-11-07 <br/> 
19:45 Sat 03-11-07 <br/> 
19:45 Sat 03-11-07 <br/> 
19:45 Sat 03-11-07 <br/> 
19:45 Sat 03-11-07 <br/> 
19:45 Sat 03-11-07 <br/> 
19:45 Sat 03-11-07 <br/> 
19:45 Sat 03-11-07 <br/> 
19:45 Sat 03-11-07 <br/> 
19:45 Sat 03-11-07 <br/> 
19:45 Sat 03-11-07 <br/> 
19:45 Sat 03-11-07 <br/> 
19:45 Sat 03-11-07 <br/> 
19:45 Sat 03-11-07 <br/> 
19:45 Sat 03-11-07 <br/> 
19:45 Sat 03-11-07 <br/> 
19:45 Sat 03-11-07 <br/> 
19:45 Sat 03-11-07 <br/> 
19:45 Sat 03-11-07 <br/> 
19:45 Sat 03-11-07 <br/> 
19:45 Sat 03-11-07 <br/> 
19:45 Sat 03-11-07 <br/> 
19:45 Sat 03-11-07 <br/> 
19:45 Sat 03-11-07 <br/> 
19:45 Sat 03-11-07 <br/> 
19:45 Sat 03-11-07 <br/> 
19:45 Sat 03-11-07 <br/> 
19:45 Sat 03-11-07 <br/> 
19:45 Sat 03-11-07 <br/> 
19:45 Sat 03-11-07 <br/> 
19:45 Sat 03-11-07 <br/> 
19:45 Sat 03-11-07 <br/> 
19:45 Sat 03-11-07 <br/> 
19:45 Sat 03-11-07 <br/> 
19:45 Sat 03-11-07 <br/> 
19:46 Sat 03-11-07 <br/> 
19:46 Sat 03-11-07 <br/> 
19:46 Sat 03-11-07 <br/> 
19:46 Sat 03-11-07 <br/> 
19:46 Sat 03-11-07 <br/> 
19:46 Sat 03-11-07 <br/> 
19:46 Sat 03-11-07 <br/> 
19:46 Sat 03-11-07 <br/> 
19:46 Sat 03-11-07 <br/> 
19:46 Sat 03-11-07 <br/> 
19:46 Sat 03-11-07 <br/> 
19:46 Sat 03-11-07 <br/> 
19:46 Sat 03-11-07 <br/> 
19:46 Sat 03-11-07 <br/> 
19:46 Sat 03-11-07 <br/> 
19:46 Sat 03-11-07 <br/> 
19:46 Sat 03-11-07 <br/> 
19:46 Sat 03-11-07 <br/> 
19:46 Sat 03-11-07 <br/> 
19:46 Sat 03-11-07 <br/> 
19:46 Sat 03-11-07 <br/> 
19:46 Sat 03-11-07 <br/> 
19:46 Sat 03-11-07 <br/> 
19:46 Sat 03-11-07 <br/> 
19:46 Sat 03-11-07 <br/> 
19:46 Sat 03-11-07 <br/> 
19:46 Sat 03-11-07 <br/> 
19:46 Sat 03-11-07 <br/> 
19:46 Sat 03-11-07 <br/> 
19:46 Sat 03-11-07 <br/> 
19:46 Sat 03-11-07 <br/> 
19:46 Sat 03-11-07 <br/> 
19:46 Sat 03-11-07 <br/> 
19:46 Sat 03-11-07 <br/> 
19:46 Sat 03-11-07 <br/> 
19:46 Sat 03-11-07 <br/> 
19:46 Sat 03-11-07 <br/> 
19:47 Sat 03-11-07 <br/> 
19:47 Sat 03-11-07 <br/> 
19:47 Sat 03-11-07 <br/> 
19:47 Sat 03-11-07 <br/> 
19:47 Sat 03-11-07 <br/> 
19:47 Sat 03-11-07 <br/> 
19:47 Sat 03-11-07 <br/> 
19:47 Sat 03-11-07 <br/> 
19:47 Sat 03-11-07 <br/> 
19:47 Sat 03-11-07 <br/> 
19:47 Sat 03-11-07 <br/> 
19:47 Sat 03-11-07 <br/> 
19:47 Sat 03-11-07 <br/> 
19:47 Sat 03-11-07 <br/> 
19:47 Sat 03-11-07 <br/> 
19:47 Sat 03-11-07 <br/> 
19:47 Sat 03-11-07 <br/> 
19:47 Sat 03-11-07 <br/> 
19:47 Sat 03-11-07 <br/> 
19:47 Sat 03-11-07 <br/> 
19:47 Sat 03-11-07 <br/> 
19:47 Sat 03-11-07 <br/> 
19:47 Sat 03-11-07 <br/> 
19:47 Sat 03-11-07 <br/> 
19:47 Sat 03-11-07 <br/> 
19:47 Sat 03-11-07 <br/> 
19:47 Sat 03-11-07 <br/> 
19:47 Sat 03-11-07 <br/> 
19:47 Sat 03-11-07 <br/> 
19:47 Sat 03-11-07 <br/> 
19:47 Sat 03-11-07 <br/> 
19:47 Sat 03-11-07 <br/> 
19:47 Sat 03-11-07 <br/> 
19:47 Sat 03-11-07 <br/> 
19:47 Sat 03-11-07 <br/> 
19:47 Sat 03-11-07 <br/> 
19:47 Sat 03-11-07 <br/> 
19:48 Sat 03-11-07 <br/> 
19:48 Sat 03-11-07 <br/> 
19:48 Sat 03-11-07 <br/> 
19:48 Sat 03-11-07 <br/> 
19:48 Sat 03-11-07 <br/> 
19:48 Sat 03-11-07 <br/> 
19:48 Sat 03-11-07 <br/> 
19:48 Sat 03-11-07 <br/> 
19:48 Sat 03-11-07 <br/> 
19:48 Sat 03-11-07 <br/> 
19:48 Sat 03-11-07 <br/> 
19:48 Sat 03-11-07 <br/> 
19:48 Sat 03-11-07 <br/> 
19:48 Sat 03-11-07 <br/> 
19:48 Sat 03-11-07 <br/> 
19:48 Sat 03-11-07 <br/> 
19:48 Sat 03-11-07 <br/> 
19:48 Sat 03-11-07 <br/> 
19:48 Sat 03-11-07 <br/> 
19:48 Sat 03-11-07 <br/> 
19:48 Sat 03-11-07 <br/> 
19:48 Sat 03-11-07 <br/> 
19:48 Sat 03-11-07 <br/> 
19:48 Sat 03-11-07 <br/> 
19:48 Sat 03-11-07 <br/> 
19:48 Sat 03-11-07 <br/> 
19:48 Sat 03-11-07 <br/> 
19:48 Sat 03-11-07 <br/> 
19:48 Sat 03-11-07 <br/> 
19:48 Sat 03-11-07 <br/> 
19:48 Sat 03-11-07 <br/> 
19:48 Sat 03-11-07 <br/> 
19:48 Sat 03-11-07 <br/> 
19:48 Sat 03-11-07 <br/> 
19:48 Sat 03-11-07 <br/> 
19:48 Sat 03-11-07 <br/> 
19:49 Sat 03-11-07 <br/> 
19:49 Sat 03-11-07 <br/> 
19:49 Sat 03-11-07 <br/> 
19:49 Sat 03-11-07 <br/> 
19:49 Sat 03-11-07 <br/> 
19:49 Sat 03-11-07 <br/> 
19:49 Sat 03-11-07 <br/> 
19:49 Sat 03-11-07 <br/> 
19:49 Sat 03-11-07 <br/> 
19:49 Sat 03-11-07 <br/> 
19:49 Sat 03-11-07 <br/> 
19:49 Sat 03-11-07 <br/> 
19:49 Sat 03-11-07 <br/> 
19:49 Sat 03-11-07 <br/> 
19:49 Sat 03-11-07 <br/> 
19:49 Sat 03-11-07 <br/> 
19:49 Sat 03-11-07 <br/> 
19:49 Sat 03-11-07 <br/> 
19:49 Sat 03-11-07 <br/> 
19:49 Sat 03-11-07 <br/> 
19:49 Sat 03-11-07 <br/> 
19:49 Sat 03-11-07 <br/> 
19:49 Sat 03-11-07 <br/> 
19:49 Sat 03-11-07 <br/> 
19:49 Sat 03-11-07 <br/> 
19:49 Sat 03-11-07 <br/> 
19:49 Sat 03-11-07 <br/> 
19:49 Sat 03-11-07 <br/> 
19:49 Sat 03-11-07 <br/> 
19:49 Sat 03-11-07 <br/> 
19:49 Sat 03-11-07 <br/> 
19:49 Sat 03-11-07 <br/> 
19:49 Sat 03-11-07 <br/> 
19:49 Sat 03-11-07 <br/> 
19:49 Sat 03-11-07 <br/> 
19:49 Sat 03-11-07 <br/> 
19:49 Sat 03-11-07 <br/> 
19:50 Sat 03-11-07 <br/> 
19:50 Sat 03-11-07 <br/> 
19:50 Sat 03-11-07 <br/> 
19:50 Sat 03-11-07 <br/> 
19:50 Sat 03-11-07 <br/> 
19:50 Sat 03-11-07 <br/> 
19:50 Sat 03-11-07 <br/> 
19:50 Sat 03-11-07 <br/> 
19:50 Sat 03-11-07 <br/> 
19:50 Sat 03-11-07 <br/> 
19:50 Sat 03-11-07 <br/> 
19:50 Sat 03-11-07 <br/> 
19:50 Sat 03-11-07 <br/> 
19:50 Sat 03-11-07 <br/> 
19:50 Sat 03-11-07 <br/> 
19:50 Sat 03-11-07 <br/> 
19:50 Sat 03-11-07 <br/> 
19:50 Sat 03-11-07 <br/> 
19:50 Sat 03-11-07 <br/> 
19:50 Sat 03-11-07 <br/> 
19:50 Sat 03-11-07 <br/> 
19:50 Sat 03-11-07 <br/> 
19:50 Sat 03-11-07 <br/> 
19:50 Sat 03-11-07 <br/> 
19:50 Sat 03-11-07 <br/> 
19:50 Sat 03-11-07 <br/> 
19:50 Sat 03-11-07 <br/> 
19:50 Sat 03-11-07 <br/> 
19:50 Sat 03-11-07 <br/> 
19:50 Sat 03-11-07 <br/> 
19:50 Sat 03-11-07 <br/> 
19:50 Sat 03-11-07 <br/> 
19:50 Sat 03-11-07 <br/> 
19:50 Sat 03-11-07 <br/> 
19:50 Sat 03-11-07 <br/> 
19:50 Sat 03-11-07 <br/> 
19:51 Sat 03-11-07 <br/> 
19:51 Sat 03-11-07 <br/> 
19:51 Sat 03-11-07 <br/> 
19:51 Sat 03-11-07 <br/> 
19:51 Sat 03-11-07 <br/> 
19:51 Sat 03-11-07 <br/> 
19:51 Sat 03-11-07 <br/> 
19:51 Sat 03-11-07 <br/> 
19:51 Sat 03-11-07 <br/> 
19:51 Sat 03-11-07 <br/> 
19:51 Sat 03-11-07 <br/> 
19:51 Sat 03-11-07 <br/> 
19:51 Sat 03-11-07 <br/> 
19:51 Sat 03-11-07 <br/> 
19:51 Sat 03-11-07 <br/> 
19:51 Sat 03-11-07 <br/> 
19:51 Sat 03-11-07 <br/> 
19:51 Sat 03-11-07 <br/> 
19:51 Sat 03-11-07 <br/> 
19:51 Sat 03-11-07 <br/> 
19:51 Sat 03-11-07 <br/> 
19:51 Sat 03-11-07 <br/> 
19:51 Sat 03-11-07 <br/> 
19:51 Sat 03-11-07 <br/> 
19:51 Sat 03-11-07 <br/> 
19:51 Sat 03-11-07 <br/> 
19:51 Sat 03-11-07 <br/> 
19:51 Sat 03-11-07 <br/> 
19:51 Sat 03-11-07 <br/> 
19:51 Sat 03-11-07 <br/> 
19:51 Sat 03-11-07 <br/> 
19:51 Sat 03-11-07 <br/> 
19:51 Sat 03-11-07 <br/> 
19:51 Sat 03-11-07 <br/> 
19:52 Sat 03-11-07 <br/> 
19:52 Sat 03-11-07 <br/> 
19:52 Sat 03-11-07 <br/> 
19:52 Sat 03-11-07 <br/> 
19:52 Sat 03-11-07 <br/> 
19:52 Sat 03-11-07 <br/> 
19:52 Sat 03-11-07 <br/> 
19:52 Sat 03-11-07 <br/> 
19:52 Sat 03-11-07 <br/> 
19:52 Sat 03-11-07 <br/> 
19:52 Sat 03-11-07 <br/> 
19:52 Sat 03-11-07 <br/> 
19:52 Sat 03-11-07 <br/> 
19:52 Sat 03-11-07 <br/> 
19:52 Sat 03-11-07 <br/> 
19:52 Sat 03-11-07 <br/> 
19:52 Sat 03-11-07 <br/> 
19:52 Sat 03-11-07 <br/> 
19:52 Sat 03-11-07 <br/> 
19:52 Sat 03-11-07 <br/> 
19:52 Sat 03-11-07 <br/> 
19:52 Sat 03-11-07 <br/> 
19:52 Sat 03-11-07 <br/> 
19:52 Sat 03-11-07 <br/> 
19:52 Sat 03-11-07 <br/> 
19:52 Sat 03-11-07 <br/> 
19:52 Sat 03-11-07 <br/> 
19:52 Sat 03-11-07 <br/> 
19:53 Sat 03-11-07 <br/> 
19:53 Sat 03-11-07 <br/> 
19:53 Sat 03-11-07 <br/> 
19:53 Sat 03-11-07 <br/> 
19:53 Sat 03-11-07 <br/> 
19:53 Sat 03-11-07 <br/> 
19:53 Sat 03-11-07 <br/> 
19:53 Sat 03-11-07 <br/> 
19:53 Sat 03-11-07 <br/> 
19:53 Sat 03-11-07 <br/> 
19:53 Sat 03-11-07 <br/> 
19:53 Sat 03-11-07 <br/> 
19:53 Sat 03-11-07 <br/> 
19:53 Sat 03-11-07 <br/> 
19:53 Sat 03-11-07 <br/> 
19:53 Sat 03-11-07 <br/> 
19:53 Sat 03-11-07 <br/> 
19:53 Sat 03-11-07 <br/> 
19:53 Sat 03-11-07 <br/> 
19:53 Sat 03-11-07 <br/> 
19:53 Sat 03-11-07 <br/> 
19:53 Sat 03-11-07 <br/> 
19:53 Sat 03-11-07 <br/> 
19:53 Sat 03-11-07 <br/> 
19:53 Sat 03-11-07 <br/> 
19:53 Sat 03-11-07 <br/> 
19:53 Sat 03-11-07 <br/> 
19:53 Sat 03-11-07 <br/> 
19:53 Sat 03-11-07 <br/> 
19:53 Sat 03-11-07 <br/> 
19:53 Sat 03-11-07 <br/> 
19:53 Sat 03-11-07 <br/> 
19:53 Sat 03-11-07 <br/> 
19:53 Sat 03-11-07 <br/> 
19:53 Sat 03-11-07 <br/> 
19:53 Sat 03-11-07 <br/> 
19:54 Sat 03-11-07 <br/> 
19:54 Sat 03-11-07 <br/> 
19:54 Sat 03-11-07 <br/> 
19:54 Sat 03-11-07 <br/> 
19:54 Sat 03-11-07 <br/> 
19:54 Sat 03-11-07 <br/> 
19:54 Sat 03-11-07 <br/> 
19:54 Sat 03-11-07 <br/> 
19:54 Sat 03-11-07 <br/> 
19:54 Sat 03-11-07 <br/> 
19:54 Sat 03-11-07 <br/> 
19:54 Sat 03-11-07 <br/> 
19:54 Sat 03-11-07 <br/> 
19:54 Sat 03-11-07 <br/> 
19:54 Sat 03-11-07 <br/> 
19:54 Sat 03-11-07 <br/> 
19:54 Sat 03-11-07 <br/> 
19:54 Sat 03-11-07 <br/> 
19:54 Sat 03-11-07 <br/> 
19:54 Sat 03-11-07 <br/> 
19:54 Sat 03-11-07 <br/> 
19:54 Sat 03-11-07 <br/> 
19:54 Sat 03-11-07 <br/> 
19:54 Sat 03-11-07 <br/> 
19:54 Sat 03-11-07 <br/> 
19:54 Sat 03-11-07 <br/> 
19:54 Sat 03-11-07 <br/> 
19:54 Sat 03-11-07 <br/> 
19:54 Sat 03-11-07 <br/> 
19:54 Sat 03-11-07 <br/> 
19:54 Sat 03-11-07 <br/> 
19:54 Sat 03-11-07 <br/> 
19:54 Sat 03-11-07 <br/> 
19:54 Sat 03-11-07 <br/> 
19:54 Sat 03-11-07 <br/> 
19:54 Sat 03-11-07 <br/> 
19:55 Sat 03-11-07 <br/> 
19:55 Sat 03-11-07 <br/> 
21:19 Sun 04-11-07 <br/> 
1:37 Mon 05-11-07 <br/> 
0:10 Tue 06-11-07 <br/> 
7:31 Tue 06-11-07 <br/> 
13:47 Tue 06-11-07 <br/> 
7:14 Wed 07-11-07 <br/> 
23:54 Wed 07-11-07 <br/> 
16:07 Thu 08-11-07 <br/> 
0:52 Fri 09-11-07 <br/> 
1:34 Sat 10-11-07 <br/> 
1:34 Sat 10-11-07 <br/> 
4:27 Sat 10-11-07 <br/> 
5:00 Sat 10-11-07 <br/> 
5:01 Sat 10-11-07 <br/> 
12:02 Sat 10-11-07 <br/> 
12:03 Sat 10-11-07 <br/> 
12:03 Sat 10-11-07 <br/> 
9:10 Sun 11-11-07 <br/> 
10:14 Sun 11-11-07 <br/> 
12:04 Sun 11-11-07 <br/> 
12:21 Sun 11-11-07 <br/> 
19:20 Mon 12-11-07 <br/> 
0:15 Tue 13-11-07 <br/> 
20:49 Tue 13-11-07 <br/> 
21:55 Tue 13-11-07 <br/> 
0:11 Wed 14-11-07 <br/> 
1:48 Wed 14-11-07 <br/> 
19:33 Wed 14-11-07 <br/> 
19:33 Wed 14-11-07 <br/> 
0:07 Thu 15-11-07 <br/> 
11:55 Thu 15-11-07 <br/> 
11:55 Thu 15-11-07 <br/> 
2:09 Fri 16-11-07 <br/> 
18:15 Fri 16-11-07 <br/> 
5:56 Sun 18-11-07 <br/> 
11:23 Sun 18-11-07 <br/> 
20:10 Sun 18-11-07 <br/> 
20:11 Sun 18-11-07 <br/> 
23:36 Mon 19-11-07 <br/> 
0:33 Tue 20-11-07 <br/> 
18:45 Tue 20-11-07 <br/> 
18:46 Tue 20-11-07 <br/> 
18:46 Tue 20-11-07 <br/> 
18:46 Tue 20-11-07 <br/> 
0:15 Wed 21-11-07 <br/> 
6:50 Wed 21-11-07 <br/> 
20:22 Wed 21-11-07 <br/> 
0:15 Thu 22-11-07 <br/> 
17:19 Thu 22-11-07 <br/> 
0:42 Fri 23-11-07 <br/> 
12:41 Fri 23-11-07 <br/> 
0:00 Sat 24-11-07 <br/> 
0:37 Sat 24-11-07 <br/> 
0:37 Sat 24-11-07 <br/> 
3:22 Sat 24-11-07 <br/> 
5:52 Sat 24-11-07 <br/> 
13:09 Sat 24-11-07 <br/> 
3:40 Mon 26-11-07 <br/> 
4:08 Mon 26-11-07 <br/> 
4:10 Mon 26-11-07 <br/> 
18:07 Mon 26-11-07 <br/> 
18:07 Mon 26-11-07 <br/> 
18:12 Mon 26-11-07 <br/> 
23:09 Mon 26-11-07 <br/> 
0:46 Tue 27-11-07 <br/> 
2:04 Tue 27-11-07 <br/> 
14:29 Tue 27-11-07 <br/> 
21:49 Tue 27-11-07 <br/> 
0:44 Wed 28-11-07 <br/> 
18:35 Wed 28-11-07 <br/> 
0:31 Thu 29-11-07 <br/> 
2:11 Thu 29-11-07 <br/> 
6:27 Thu 29-11-07 <br/> 
0:07 Fri 30-11-07 <br/> 
9:06 Fri 30-11-07 <br/> 
9:11 Fri 30-11-07 <br/> 
0:44 Sat 01-12-07 <br/> 
8:50 Sat 01-12-07 <br/> 
9:58 Sat 01-12-07 <br/> 
4:01 Sun 02-12-07 <br/> 
21:27 Sun 02-12-07 <br/> 
18:52 Mon 03-12-07 <br/> 
18:37 Tue 04-12-07 <br/> 
18:38 Tue 04-12-07 <br/> 
18:38 Tue 04-12-07 <br/> 
18:39 Tue 04-12-07 <br/> 
23:29 Tue 04-12-07 <br/> 
5:24 Wed 05-12-07 <br/> 
8:14 Wed 05-12-07 <br/> 
9:48 Wed 05-12-07 <br/> 
10:02 Wed 05-12-07 <br/> 
16:07 Wed 05-12-07 <br/> 
16:19 Wed 05-12-07 <br/> 
19:59 Thu 06-12-07 <br/> 
21:48 Thu 06-12-07 <br/> 
0:08 Fri 07-12-07 <br/> 
18:25 Fri 07-12-07 <br/> 
8:52 Sat 08-12-07 <br/> 
10:26 Sat 08-12-07 <br/> 
9:51 Sun 09-12-07 <br/> 
17:25 Sun 09-12-07 <br/> 
20:21 Mon 10-12-07 <br/> 
23:38 Mon 10-12-07 <br/> 
23:38 Mon 10-12-07 <br/> 
0:07 Tue 11-12-07 <br/> 
9:24 Tue 11-12-07 <br/> 
0:14 Wed 12-12-07 <br/> 
15:18 Wed 12-12-07 <br/> 
0:42 Thu 13-12-07 <br/> 
3:20 Fri 14-12-07 <br/> 
8:29 Fri 14-12-07 <br/> 
8:29 Sat 15-12-07 <br/> 
8:30 Sat 15-12-07 <br/> 
8:30 Sat 15-12-07 <br/> 
8:56 Sat 15-12-07 <br/> 
13:11 Sat 15-12-07 <br/> 
22:37 Sat 15-12-07 <br/> 
22:37 Sat 15-12-07 <br/> 
22:37 Sat 15-12-07 <br/> 
1:22 Sun 16-12-07 <br/> 
1:22 Sun 16-12-07 <br/> 
1:22 Sun 16-12-07 <br/> 
3:35 Sun 16-12-07 <br/> 
22:57 Sun 16-12-07 <br/> 
1:49 Mon 17-12-07 <br/> 
5:53 Mon 17-12-07 <br/> 
5:55 Mon 17-12-07 <br/> 
12:45 Mon 17-12-07 <br/> 
12:52 Mon 17-12-07 <br/> 
15:28 Mon 17-12-07 <br/> 
15:28 Mon 17-12-07 <br/> 
0:08 Tue 18-12-07 <br/> 
4:37 Tue 18-12-07 <br/> 
12:28 Tue 18-12-07 <br/> 
0:33 Wed 19-12-07 <br/> 
0:43 Thu 20-12-07 <br/> 
1:08 Thu 20-12-07 <br/> 
10:47 Thu 20-12-07 <br/> 
0:39 Fri 21-12-07 <br/> 
9:57 Sat 22-12-07 <br/> 
19:10 Sat 22-12-07 <br/> 
5:28 Sun 23-12-07 <br/> 
5:28 Sun 23-12-07 <br/> 
7:42 Sun 23-12-07 <br/> 
13:30 Sun 23-12-07 <br/> 
13:30 Sun 23-12-07 <br/> 
8:31 Mon 24-12-07 <br/> 
9:51 Mon 24-12-07 <br/> 
2:25 Tue 25-12-07 <br/> 
3:17 Tue 25-12-07 <br/> 
3:19 Tue 25-12-07 <br/> 
5:14 Tue 25-12-07 <br/> 
1:16 Wed 26-12-07 <br/> 
1:18 Wed 26-12-07 <br/> 
1:28 Wed 26-12-07 <br/> 
1:31 Wed 26-12-07 <br/> 
1:49 Wed 26-12-07 <br/> 
18:51 Wed 26-12-07 <br/> 
18:51 Wed 26-12-07 <br/> 
2:41 Thu 27-12-07 <br/> 
6:06 Thu 27-12-07 <br/> 
9:38 Thu 27-12-07 <br/> 
14:45 Thu 27-12-07 <br/> 
17:22 Thu 27-12-07 <br/> 
20:22 Thu 27-12-07 <br/> 
21:29 Thu 27-12-07 <br/> 
13:55 Fri 28-12-07 <br/> 
13:56 Fri 28-12-07 <br/> 
13:56 Fri 28-12-07 <br/> 
16:12 Fri 28-12-07 <br/> 
10:05 Sat 29-12-07 <br/> 
21:23 Sat 29-12-07 <br/> 
20:51 Sun 30-12-07 <br/> 
20:51 Sun 30-12-07 <br/> 
20:51 Sun 30-12-07 <br/> 
20:51 Sun 30-12-07 <br/> 
23:42 Sun 30-12-07 <br/> 
2:45 Mon 31-12-07 <br/> 
11:59 Mon 31-12-07 <br/> 
4:46 Tue 01-01-08 <br/> 
19:26 Tue 01-01-08 <br/> 
21:57 Tue 01-01-08 <br/> 
17:35 Thu 03-01-08 <br/> 
17:36 Thu 03-01-08 <br/> 
4:02 Fri 04-01-08 <br/> 
19:35 Fri 04-01-08 <br/> 
20:45 Fri 04-01-08 <br/> 
