2:00 Thu 01-01-70 
12:01 Wed 05-07-06 
9:02 Thu 06-07-06 
9:03 Thu 06-07-06 
18:44 Thu 06-07-06 
21:12 Thu 06-07-06 
0:38 Fri 07-07-06 
0:38 Fri 07-07-06 
2:11 Fri 07-07-06 
2:59 Fri 07-07-06 
10:50 Fri 07-07-06 
17:21 Fri 07-07-06 
18:41 Fri 07-07-06 
18:43 Fri 07-07-06 
8:08 Sat 08-07-06 
11:23 Sat 08-07-06 
14:23 Sat 08-07-06 
14:57 Sat 08-07-06 
15:41 Sat 08-07-06 
15:48 Sat 08-07-06 
15:48 Sat 08-07-06 
15:48 Sat 08-07-06 
16:36 Sat 08-07-06 
17:39 Sat 08-07-06 
2:49 Sun 09-07-06 
2:49 Sun 09-07-06 
15:36 Sun 09-07-06 
3:42 Mon 10-07-06 
9:38 Mon 10-07-06 
18:30 Mon 10-07-06 
22:04 Mon 10-07-06 
0:52 Tue 11-07-06 
6:16 Tue 11-07-06 
16:09 Tue 11-07-06 
9:20 Wed 12-07-06 
12:02 Wed 12-07-06 
20:08 Wed 12-07-06 
21:27 Wed 12-07-06 
1:01 Thu 13-07-06 
12:50 Thu 13-07-06 
13:17 Thu 13-07-06 
13:20 Thu 13-07-06 
23:47 Fri 14-07-06 
0:15 Sat 15-07-06 
3:54 Sat 15-07-06 
5:23 Sat 15-07-06 
14:37 Sat 15-07-06 
15:18 Sun 16-07-06 
15:26 Sun 16-07-06 
14:17 Mon 17-07-06 
18:29 Mon 17-07-06 
18:51 Mon 17-07-06 
18:51 Mon 17-07-06 
18:53 Mon 17-07-06 
18:53 Mon 17-07-06 
6:40 Tue 18-07-06 
20:42 Tue 18-07-06 
20:53 Tue 18-07-06 
0:47 Wed 19-07-06 
7:27 Wed 19-07-06 
8:36 Wed 19-07-06 
12:32 Wed 19-07-06 
15:20 Wed 19-07-06 <br/> 
22:46 Thu 20-07-06 <br/> 
1:11 Fri 21-07-06 <br/> 
1:18 Fri 21-07-06 <br/> 
1:18 Fri 21-07-06 <br/> 
5:45 Fri 21-07-06 <br/> 
6:31 Fri 21-07-06 <br/> 
12:10 Fri 21-07-06 <br/> 
22:46 Fri 21-07-06 <br/> 
23:39 Fri 21-07-06 <br/> 
1:28 Sat 22-07-06 <br/> 
8:20 Sat 22-07-06 <br/> 
0:04 Sun 23-07-06 <br/> 
18:42 Sun 15-10-06 <br/> 
6:10 Sat 11-11-06 <br/> 
17:12 Sat 11-11-06 <br/> 
0:55 Sun 12-11-06 <br/> 
0:57 Sun 12-11-06 <br/> 
5:10 Sun 12-11-06 <br/> 
14:56 Mon 20-11-06 <br/> 
14:57 Mon 20-11-06 <br/> 
14:57 Mon 20-11-06 <br/> 
3:37 Tue 21-11-06 <br/> 
11:35 Tue 21-11-06 <br/> 
17:05 Tue 21-11-06 <br/> 
3:28 Wed 22-11-06 <br/> 
5:06 Wed 22-11-06 <br/> 
6:35 Wed 22-11-06 <br/> 
9:47 Wed 22-11-06 <br/> 
13:13 Wed 22-11-06 <br/> 
13:13 Wed 22-11-06 <br/> 
23:23 Wed 22-11-06 <br/> 
23:24 Wed 22-11-06 <br/> 
23:25 Wed 22-11-06 <br/> 
12:48 Thu 23-11-06 <br/> 
15:34 Fri 24-11-06 <br/> 
0:14 Sat 25-11-06 <br/> 
3:56 Sat 25-11-06 <br/> 
11:02 Sat 25-11-06 <br/> 
17:16 Sat 25-11-06 <br/> 
22:27 Sat 25-11-06 <br/> 
22:30 Sat 25-11-06 <br/> 
22:31 Sat 25-11-06 <br/> 
4:38 Sun 26-11-06 <br/> 
6:55 Sun 26-11-06 <br/> 
7:17 Sun 26-11-06 <br/> 
20:55 Mon 27-11-06 <br/> 
21:43 Tue 28-11-06 <br/> 
21:46 Tue 28-11-06 <br/> 
23:34 Wed 29-11-06 <br/> 
0:56 Thu 30-11-06 <br/> 
0:57 Thu 30-11-06 <br/> 
1:26 Thu 30-11-06 <br/> 
19:46 Thu 30-11-06 <br/> 
19:54 Thu 30-11-06 <br/> 
20:03 Thu 30-11-06 <br/> 
23:58 Thu 30-11-06 <br/> 
17:20 Sat 02-12-06 <br/> 
17:20 Sat 02-12-06 <br/> 
9:48 Sun 03-12-06 <br/> 
9:49 Sun 03-12-06 <br/> 
9:49 Sun 03-12-06 <br/> 
23:43 Sun 03-12-06 <br/> 
23:44 Sun 03-12-06 <br/> 
5:46 Mon 04-12-06 <br/> 
5:46 Mon 04-12-06 <br/> 
15:52 Mon 04-12-06 <br/> 
23:04 Tue 05-12-06 <br/> 
19:33 Thu 07-12-06 <br/> 
13:50 Fri 08-12-06 <br/> 
3:44 Sat 09-12-06 <br/> 
13:04 Sat 09-12-06 <br/> 
22:56 Sat 09-12-06 <br/> 
1:01 Sun 10-12-06 <br/> 
2:04 Sun 10-12-06 <br/> 
6:54 Mon 11-12-06 <br/> 
22:42 Mon 11-12-06 <br/> 
6:55 Tue 12-12-06 <br/> 
21:43 Tue 12-12-06 <br/> 
0:38 Wed 13-12-06 <br/> 
6:55 Wed 13-12-06 <br/> 
23:43 Wed 13-12-06 <br/> 
23:58 Wed 13-12-06 <br/> 
0:13 Thu 14-12-06 <br/> 
3:04 Thu 14-12-06 <br/> 
0:01 Fri 15-12-06 <br/> 
7:09 Fri 15-12-06 <br/> 
12:28 Sat 16-12-06 <br/> 
12:28 Sat 16-12-06 <br/> 
18:07 Sat 16-12-06 <br/> 
18:13 Sat 16-12-06 <br/> 
22:56 Sat 16-12-06 <br/> 
1:01 Sun 17-12-06 <br/> 
2:04 Sun 17-12-06 <br/> 
8:33 Sun 17-12-06 <br/> 
7:25 Mon 18-12-06 <br/> 
8:29 Mon 18-12-06 <br/> 
7:25 Tue 19-12-06 <br/> 
7:27 Wed 20-12-06 <br/> 
7:28 Thu 21-12-06 <br/> 
7:17 Sat 23-12-06 <br/> 
18:14 Sat 23-12-06 <br/> 
22:56 Sat 23-12-06 <br/> 
1:02 Sun 24-12-06 <br/> 
2:05 Sun 24-12-06 <br/> 
12:49 Sun 24-12-06 <br/> 
14:37 Sun 24-12-06 <br/> 
18:27 Mon 25-12-06 <br/> 
13:05 Wed 27-12-06 <br/> 
22:31 Wed 27-12-06 <br/> 
23:58 Wed 27-12-06 <br/> 
2:26 Thu 28-12-06 <br/> 
7:29 Thu 28-12-06 <br/> 
10:06 Thu 28-12-06 <br/> 
15:10 Thu 28-12-06 <br/> 
15:10 Thu 28-12-06 <br/> 
15:10 Thu 28-12-06 <br/> 
17:31 Thu 28-12-06 <br/> 
12:57 Fri 29-12-06 <br/> 
13:42 Fri 29-12-06 <br/> 
16:56 Fri 29-12-06 <br/> 
16:56 Fri 29-12-06 <br/> 
20:48 Fri 29-12-06 <br/> 
17:23 Sat 30-12-06 <br/> 
18:01 Sat 30-12-06 <br/> 
18:57 Sat 30-12-06 <br/> 
20:19 Sat 30-12-06 <br/> 
20:51 Sat 30-12-06 <br/> 
20:51 Sat 30-12-06 <br/> 
20:55 Sat 30-12-06 <br/> 
22:57 Sat 30-12-06 <br/> 
2:05 Sun 31-12-06 <br/> 
13:46 Sun 31-12-06 <br/> 
0:32 Mon 01-01-07 <br/> 
9:04 Tue 02-01-07 <br/> 
12:05 Tue 02-01-07 <br/> 
18:34 Tue 02-01-07 <br/> 
2:56 Wed 03-01-07 <br/> 
5:24 Wed 03-01-07 <br/> 
5:24 Wed 03-01-07 <br/> 
6:57 Wed 03-01-07 <br/> 
7:11 Wed 03-01-07 <br/> 
17:54 Wed 03-01-07 <br/> 
7:29 Thu 04-01-07 <br/> 
10:16 Thu 04-01-07 <br/> 
10:50 Thu 04-01-07 <br/> 
12:53 Thu 04-01-07 <br/> 
21:02 Thu 04-01-07 <br/> 
9:54 Fri 05-01-07 <br/> 
13:15 Fri 05-01-07 <br/> 
13:17 Fri 05-01-07 <br/> 
13:18 Fri 05-01-07 <br/> 
13:18 Fri 05-01-07 <br/> 
13:19 Fri 05-01-07 <br/> 
13:19 Fri 05-01-07 <br/> 
13:26 Fri 05-01-07 <br/> 
13:32 Fri 05-01-07 <br/> 
13:33 Fri 05-01-07 <br/> 
13:46 Fri 05-01-07 <br/> 
17:02 Fri 05-01-07 <br/> 
17:06 Fri 05-01-07 <br/> 
23:18 Fri 05-01-07 <br/> 
1:21 Sat 06-01-07 <br/> 
1:23 Sat 06-01-07 <br/> 
1:23 Sat 06-01-07 <br/> 
1:23 Sat 06-01-07 <br/> 
1:24 Sat 06-01-07 <br/> 
1:24 Sat 06-01-07 <br/> 
1:25 Sat 06-01-07 <br/> 
1:25 Sat 06-01-07 <br/> 
1:25 Sat 06-01-07 <br/> 
20:34 Sat 06-01-07 <br/> 
23:24 Sat 06-01-07 <br/> 
3:32 Sun 07-01-07 <br/> 
7:15 Sun 07-01-07 <br/> 
7:22 Sun 07-01-07 <br/> 
7:22 Sun 07-01-07 <br/> 
7:26 Sun 07-01-07 <br/> 
10:33 Sun 07-01-07 <br/> 
21:12 Sun 07-01-07 <br/> 
22:48 Sun 07-01-07 <br/> 
0:34 Wed 10-01-07 <br/> 
5:15 Wed 10-01-07 <br/> 
5:16 Wed 10-01-07 <br/> 
23:00 Wed 10-01-07 <br/> 
23:01 Wed 10-01-07 <br/> 
23:01 Wed 10-01-07 <br/> 
23:07 Wed 10-01-07 <br/> 
23:08 Wed 10-01-07 <br/> 
23:08 Wed 10-01-07 <br/> 
23:08 Wed 10-01-07 <br/> 
14:19 Thu 11-01-07 <br/> 
14:19 Thu 11-01-07 <br/> 
14:19 Thu 11-01-07 <br/> 
14:20 Thu 11-01-07 <br/> 
14:20 Thu 11-01-07 <br/> 
14:20 Thu 11-01-07 <br/> 
14:20 Thu 11-01-07 <br/> 
16:00 Thu 11-01-07 <br/> 
16:01 Thu 11-01-07 <br/> 
16:01 Thu 11-01-07 <br/> 
16:01 Thu 11-01-07 <br/> 
20:54 Thu 11-01-07 <br/> 
23:42 Thu 11-01-07 <br/> 
4:26 Fri 12-01-07 <br/> 
7:12 Fri 12-01-07 <br/> 
13:02 Fri 12-01-07 <br/> 
14:33 Fri 12-01-07 <br/> 
20:43 Fri 12-01-07 <br/> 
20:43 Fri 12-01-07 <br/> 
11:25 Sat 13-01-07 <br/> 
3:47 Sun 14-01-07 <br/> 
21:12 Sun 14-01-07 <br/> 
21:12 Sun 14-01-07 <br/> 
1:26 Mon 15-01-07 <br/> 
1:27 Mon 15-01-07 <br/> 
17:07 Mon 15-01-07 <br/> 
17:08 Mon 15-01-07 <br/> 
17:08 Mon 15-01-07 <br/> 
17:33 Mon 15-01-07 <br/> 
22:58 Tue 16-01-07 <br/> 
13:26 Wed 17-01-07 <br/> 
22:05 Wed 17-01-07 <br/> 
22:11 Wed 17-01-07 <br/> 
6:02 Thu 18-01-07 <br/> 
13:27 Thu 18-01-07 <br/> 
16:19 Thu 18-01-07 <br/> 
6:28 Fri 19-01-07 <br/> 
13:28 Fri 19-01-07 <br/> 
19:18 Fri 19-01-07 <br/> 
19:18 Fri 19-01-07 <br/> 
1:34 Sat 20-01-07 <br/> 
13:30 Sat 20-01-07 <br/> 
16:20 Sat 20-01-07 <br/> 
16:20 Sat 20-01-07 <br/> 
16:20 Sat 20-01-07 <br/> 
16:21 Sat 20-01-07 <br/> 
16:21 Sat 20-01-07 <br/> 
16:28 Sat 20-01-07 <br/> 
18:37 Sat 20-01-07 <br/> 
6:19 Sun 21-01-07 <br/> 
9:29 Sun 21-01-07 <br/> 
9:33 Sun 21-01-07 <br/> 
13:30 Sun 21-01-07 <br/> 
23:44 Sun 21-01-07 <br/> 
7:22 Mon 22-01-07 <br/> 
8:50 Mon 22-01-07 <br/> 
8:50 Mon 22-01-07 <br/> 
22:58 Mon 22-01-07 <br/> 
1:31 Tue 23-01-07 <br/> 
2:16 Tue 23-01-07 <br/> 
5:48 Tue 23-01-07 <br/> 
5:54 Tue 23-01-07 <br/> 
11:46 Tue 23-01-07 <br/> 
17:21 Tue 23-01-07 <br/> 
21:35 Tue 23-01-07 <br/> 
23:06 Tue 23-01-07 <br/> 
23:07 Tue 23-01-07 <br/> 
23:07 Tue 23-01-07 <br/> 
23:08 Tue 23-01-07 <br/> 
23:08 Tue 23-01-07 <br/> 
0:29 Wed 24-01-07 <br/> 
2:30 Wed 24-01-07 <br/> 
4:05 Wed 24-01-07 <br/> 
7:57 Wed 24-01-07 <br/> 
8:11 Wed 24-01-07 <br/> 
12:56 Wed 24-01-07 <br/> 
16:03 Wed 24-01-07 <br/> 
22:26 Wed 24-01-07 <br/> 
23:19 Wed 24-01-07 <br/> 
23:27 Wed 24-01-07 <br/> 
23:54 Wed 24-01-07 <br/> 
0:06 Thu 25-01-07 <br/> 
0:06 Thu 25-01-07 <br/> 
4:05 Thu 25-01-07 <br/> 
6:05 Thu 25-01-07 <br/> 
15:46 Thu 25-01-07 <br/> 
22:50 Thu 25-01-07 <br/> 
2:33 Fri 26-01-07 <br/> 
22:04 Fri 26-01-07 <br/> 
9:38 Sat 27-01-07 <br/> 
11:08 Sat 27-01-07 <br/> 
16:28 Sat 27-01-07 <br/> 
21:23 Sat 27-01-07 <br/> 
23:12 Sat 27-01-07 <br/> 
1:23 Sun 28-01-07 <br/> 
2:34 Sun 28-01-07 <br/> 
2:40 Sun 28-01-07 <br/> 
11:33 Sun 28-01-07 <br/> 
11:37 Sun 28-01-07 <br/> 
12:32 Sun 28-01-07 <br/> 
14:27 Sun 28-01-07 <br/> 
17:13 Sun 28-01-07 <br/> 
17:13 Sun 28-01-07 <br/> 
17:17 Sun 28-01-07 <br/> 
17:52 Sun 28-01-07 <br/> 
21:53 Sun 28-01-07 <br/> 
21:53 Sun 28-01-07 <br/> 
1:29 Mon 29-01-07 <br/> 
4:28 Mon 29-01-07 <br/> 
8:54 Mon 29-01-07 <br/> 
8:58 Mon 29-01-07 <br/> 
8:59 Mon 29-01-07 <br/> 
9:04 Mon 29-01-07 <br/> 
11:36 Mon 29-01-07 <br/> 
15:12 Mon 29-01-07 <br/> 
15:51 Mon 29-01-07 <br/> 
18:52 Mon 29-01-07 <br/> 
20:24 Mon 29-01-07 <br/> 
3:06 Tue 30-01-07 <br/> 
9:27 Tue 30-01-07 <br/> 
9:59 Tue 30-01-07 <br/> 
14:28 Tue 30-01-07 <br/> 
14:44 Tue 30-01-07 <br/> 
14:44 Tue 30-01-07 <br/> 
16:26 Tue 30-01-07 <br/> 
20:57 Tue 30-01-07 <br/> 
23:53 Tue 30-01-07 <br/> 
5:30 Wed 31-01-07 <br/> 
6:30 Wed 31-01-07 <br/> 
8:23 Wed 31-01-07 <br/> 
12:14 Wed 31-01-07 <br/> 
16:55 Wed 31-01-07 <br/> 
17:12 Wed 31-01-07 <br/> 
21:22 Wed 31-01-07 <br/> 
22:10 Wed 31-01-07 <br/> 
22:28 Wed 31-01-07 <br/> 
23:41 Wed 31-01-07 <br/> 
0:10 Thu 01-02-07 <br/> 
6:27 Thu 01-02-07 <br/> 
14:02 Thu 01-02-07 <br/> 
14:48 Thu 01-02-07 <br/> 
16:49 Thu 01-02-07 <br/> 
17:18 Thu 01-02-07 <br/> 
7:27 Fri 02-02-07 <br/> 
23:08 Fri 02-02-07 <br/> 
7:21 Sat 03-02-07 <br/> 
8:29 Sat 03-02-07 <br/> 
8:29 Sat 03-02-07 <br/> 
12:38 Sat 03-02-07 <br/> 
12:38 Sat 03-02-07 <br/> 
12:39 Sat 03-02-07 <br/> 
12:39 Sat 03-02-07 <br/> 
12:39 Sat 03-02-07 <br/> 
14:55 Sat 03-02-07 <br/> 
18:10 Sat 03-02-07 <br/> 
18:39 Sat 03-02-07 <br/> 
19:26 Sat 03-02-07 <br/> 
21:12 Sat 03-02-07 <br/> 
23:06 Sat 03-02-07 <br/> 
23:36 Sat 03-02-07 <br/> 
23:41 Sat 03-02-07 <br/> 
2:40 Sun 04-02-07 <br/> 
2:52 Sun 04-02-07 <br/> 
12:45 Sun 04-02-07 <br/> 
12:45 Sun 04-02-07 <br/> 
15:10 Sun 04-02-07 <br/> 
19:04 Sun 04-02-07 <br/> 
19:26 Sun 04-02-07 <br/> 
20:50 Sun 04-02-07 <br/> 
22:09 Sun 04-02-07 <br/> 
22:12 Sun 04-02-07 <br/> 
2:40 Mon 05-02-07 <br/> 
0:42 Tue 06-02-07 <br/> 
13:49 Tue 06-02-07 <br/> 
14:23 Tue 06-02-07 <br/> 
14:23 Tue 06-02-07 <br/> 
19:42 Tue 06-02-07 <br/> 
19:42 Tue 06-02-07 <br/> 
15:19 Wed 07-02-07 <br/> 
17:44 Wed 07-02-07 <br/> 
20:49 Wed 07-02-07 <br/> 
22:42 Wed 07-02-07 <br/> 
23:46 Wed 07-02-07 <br/> 
0:50 Thu 08-02-07 <br/> 
6:32 Thu 08-02-07 <br/> 
15:48 Thu 08-02-07 <br/> 
16:30 Thu 08-02-07 <br/> 
16:17 Fri 09-02-07 <br/> 
16:22 Fri 09-02-07 <br/> 
21:15 Fri 09-02-07 <br/> 
21:29 Fri 09-02-07 <br/> 
21:30 Fri 09-02-07 <br/> 
21:30 Fri 09-02-07 <br/> 
21:30 Fri 09-02-07 <br/> 
21:30 Fri 09-02-07 <br/> 
21:59 Fri 09-02-07 <br/> 
5:24 Sat 10-02-07 <br/> 
19:44 Sat 10-02-07 <br/> 
19:57 Sat 10-02-07 <br/> 
19:57 Sat 10-02-07 <br/> 
12:45 Sun 11-02-07 <br/> 
21:19 Sun 11-02-07 <br/> 
21:19 Sun 11-02-07 <br/> 
14:05 Tue 13-02-07 <br/> 
14:50 Tue 13-02-07 <br/> 
21:27 Tue 13-02-07 <br/> 
21:27 Tue 13-02-07 <br/> 
23:06 Tue 13-02-07 <br/> 
1:59 Wed 14-02-07 <br/> 
3:52 Wed 14-02-07 <br/> 
9:39 Wed 14-02-07 <br/> 
23:33 Wed 14-02-07 <br/> 
23:33 Wed 14-02-07 <br/> 
14:08 Thu 15-02-07 <br/> 
8:00 Fri 16-02-07 <br/> 
8:16 Fri 16-02-07 <br/> 
8:16 Fri 16-02-07 <br/> 
13:41 Fri 16-02-07 <br/> 
16:31 Fri 16-02-07 <br/> 
8:53 Sat 17-02-07 <br/> 
14:19 Sat 17-02-07 <br/> 
17:04 Sat 17-02-07 <br/> 
17:58 Sat 17-02-07 <br/> 
19:46 Sat 17-02-07 <br/> 
23:02 Sat 17-02-07 <br/> 
5:37 Sun 18-02-07 <br/> 
7:03 Sun 18-02-07 <br/> 
9:37 Sun 18-02-07 <br/> 
9:49 Sun 18-02-07 <br/> 
16:37 Sun 18-02-07 <br/> 
23:55 Sun 18-02-07 <br/> 
0:00 Mon 19-02-07 <br/> 
0:00 Mon 19-02-07 <br/> 
0:02 Mon 19-02-07 <br/> 
0:03 Mon 19-02-07 <br/> 
0:03 Mon 19-02-07 <br/> 
0:03 Mon 19-02-07 <br/> 
6:48 Mon 19-02-07 <br/> 
18:48 Mon 19-02-07 <br/> 
18:49 Mon 19-02-07 <br/> 
9:02 Tue 20-02-07 <br/> 
23:59 Tue 20-02-07 <br/> 
9:10 Wed 21-02-07 <br/> 
10:26 Wed 21-02-07 <br/> 
11:37 Wed 21-02-07 <br/> 
11:48 Wed 21-02-07 <br/> 
11:50 Wed 21-02-07 <br/> 
14:51 Wed 21-02-07 <br/> 
1:00 Fri 23-02-07 <br/> 
4:57 Fri 23-02-07 <br/> 
9:41 Fri 23-02-07 <br/> 
10:08 Fri 23-02-07 <br/> 
12:23 Fri 23-02-07 <br/> 
12:23 Fri 23-02-07 <br/> 
19:00 Fri 23-02-07 <br/> 
23:58 Fri 23-02-07 <br/> 
11:46 Sat 24-02-07 <br/> 
15:07 Sat 24-02-07 <br/> 
20:57 Sat 24-02-07 <br/> 
9:52 Sun 25-02-07 <br/> 
19:05 Sun 25-02-07 <br/> 
20:49 Sun 25-02-07 <br/> 
20:54 Sun 25-02-07 <br/> 
20:56 Sun 25-02-07 <br/> 
20:56 Sun 25-02-07 <br/> 
8:33 Mon 26-02-07 <br/> 
8:34 Mon 26-02-07 <br/> 
14:56 Mon 26-02-07 <br/> 
15:35 Mon 26-02-07 <br/> 
22:36 Mon 26-02-07 <br/> 
0:27 Tue 27-02-07 <br/> 
9:56 Tue 27-02-07 <br/> 
10:13 Tue 27-02-07 <br/> 
16:27 Tue 27-02-07 <br/> 
16:41 Tue 27-02-07 <br/> 
18:17 Tue 27-02-07 <br/> 
20:14 Tue 27-02-07 <br/> 
20:53 Tue 27-02-07 <br/> 
22:34 Wed 28-02-07 <br/> 
23:01 Thu 01-03-07 <br/> 
17:06 Fri 02-03-07 <br/> 
17:07 Fri 02-03-07 <br/> 
0:19 Sat 03-03-07 <br/> 
1:33 Sun 04-03-07 <br/> 
3:13 Sun 04-03-07 <br/> 
9:53 Sun 04-03-07 <br/> 
11:01 Tue 06-03-07 <br/> 
11:01 Tue 06-03-07 <br/> 
22:24 Tue 06-03-07 <br/> 
15:51 Wed 07-03-07 <br/> 
3:09 Thu 08-03-07 <br/> 
4:57 Thu 08-03-07 <br/> 
9:18 Fri 09-03-07 <br/> 
14:20 Fri 09-03-07 <br/> 
2:57 Sat 10-03-07 <br/> 
2:57 Sat 10-03-07 <br/> 
3:00 Sat 10-03-07 <br/> 
11:20 Sat 10-03-07 <br/> 
2:45 Sun 11-03-07 <br/> 
10:45 Sun 11-03-07 <br/> 
4:22 Mon 12-03-07 <br/> 
12:17 Mon 12-03-07 <br/> 
8:00 Wed 14-03-07 <br/> 
11:38 Wed 14-03-07 <br/> 
11:38 Wed 14-03-07 <br/> 
13:37 Wed 14-03-07 <br/> 
13:37 Wed 14-03-07 <br/> 
13:37 Wed 14-03-07 <br/> 
13:37 Wed 14-03-07 <br/> 
13:37 Wed 14-03-07 <br/> 
13:37 Wed 14-03-07 <br/> 
13:37 Wed 14-03-07 <br/> 
13:37 Wed 14-03-07 <br/> 
13:41 Wed 14-03-07 <br/> 
13:41 Wed 14-03-07 <br/> 
15:57 Wed 14-03-07 <br/> 
16:05 Wed 14-03-07 <br/> 
14:55 Thu 15-03-07 <br/> 
15:55 Thu 15-03-07 <br/> 
16:06 Thu 15-03-07 <br/> 
16:32 Thu 15-03-07 <br/> 
16:33 Thu 15-03-07 <br/> 
18:56 Thu 15-03-07 <br/> 
20:25 Thu 15-03-07 <br/> 
1:32 Fri 16-03-07 <br/> 
8:50 Fri 16-03-07 <br/> 
16:52 Fri 16-03-07 <br/> 
20:09 Fri 16-03-07 <br/> 
1:16 Sat 17-03-07 <br/> 
14:13 Sun 18-03-07 <br/> 
1:43 Mon 19-03-07 <br/> 
21:02 Mon 19-03-07 <br/> 
14:19 Wed 21-03-07 <br/> 
16:42 Wed 21-03-07 <br/> 
16:46 Wed 21-03-07 <br/> 
17:11 Wed 21-03-07 <br/> 
19:33 Wed 21-03-07 <br/> 
7:42 Thu 22-03-07 <br/> 
18:01 Thu 22-03-07 <br/> 
18:01 Thu 22-03-07 <br/> 
18:01 Thu 22-03-07 <br/> 
18:06 Thu 22-03-07 <br/> 
18:07 Thu 22-03-07 <br/> 
18:07 Thu 22-03-07 <br/> 
5:15 Fri 23-03-07 <br/> 
5:20 Fri 23-03-07 <br/> 
9:23 Fri 23-03-07 <br/> 
12:31 Sat 24-03-07 <br/> 
18:51 Sat 24-03-07 <br/> 
14:56 Sun 25-03-07 <br/> 
16:48 Mon 26-03-07 <br/> 
4:05 Wed 28-03-07 <br/> 
20:20 Wed 28-03-07 <br/> 
20:20 Wed 28-03-07 <br/> 
7:10 Thu 29-03-07 <br/> 
19:14 Thu 29-03-07 <br/> 
19:23 Thu 29-03-07 <br/> 
18:59 Fri 30-03-07 <br/> 
19:10 Fri 30-03-07 <br/> 
22:02 Fri 30-03-07 <br/> 
22:15 Fri 30-03-07 <br/> 
23:45 Fri 30-03-07 <br/> 
22:22 Sat 31-03-07 <br/> 
3:14 Sun 01-04-07 <br/> 
11:05 Sun 01-04-07 <br/> 
12:59 Sun 01-04-07 <br/> 
2:24 Mon 02-04-07 <br/> 
2:46 Mon 02-04-07 <br/> 
15:49 Mon 02-04-07 <br/> 
23:46 Mon 02-04-07 <br/> 
23:47 Mon 02-04-07 <br/> 
23:51 Tue 03-04-07 <br/> 
15:08 Wed 04-04-07 <br/> 
19:52 Wed 04-04-07 <br/> 
0:22 Thu 05-04-07 <br/> 
13:49 Thu 05-04-07 <br/> 
7:12 Fri 06-04-07 <br/> 
0:26 Sat 07-04-07 <br/> 
13:19 Sat 07-04-07 <br/> 
0:08 Sun 08-04-07 <br/> 
0:08 Sun 08-04-07 <br/> 
6:48 Sun 08-04-07 <br/> 
6:49 Sun 08-04-07 <br/> 
6:49 Sun 08-04-07 <br/> 
6:50 Sun 08-04-07 <br/> 
6:51 Sun 08-04-07 <br/> 
17:25 Sun 08-04-07 <br/> 
17:27 Sun 08-04-07 <br/> 
1:59 Mon 09-04-07 <br/> 
9:05 Tue 10-04-07 <br/> 
9:06 Tue 10-04-07 <br/> 
9:06 Tue 10-04-07 <br/> 
1:04 Wed 11-04-07 <br/> 
7:12 Wed 11-04-07 <br/> 
16:23 Wed 11-04-07 <br/> 
18:45 Wed 11-04-07 <br/> 
19:48 Wed 11-04-07 <br/> 
20:02 Wed 11-04-07 <br/> 
0:04 Thu 12-04-07 <br/> 
9:37 Thu 12-04-07 <br/> 
22:11 Thu 12-04-07 <br/> 
22:11 Thu 12-04-07 <br/> 
22:11 Thu 12-04-07 <br/> 
22:11 Thu 12-04-07 <br/> 
22:11 Thu 12-04-07 <br/> 
22:25 Thu 12-04-07 <br/> 
22:26 Thu 12-04-07 <br/> 
23:16 Fri 13-04-07 <br/> 
7:25 Sat 14-04-07 <br/> 
14:26 Sat 14-04-07 <br/> 
20:46 Sat 14-04-07 <br/> 
2:24 Sun 15-04-07 <br/> 
4:13 Sun 15-04-07 <br/> 
23:42 Sun 15-04-07 <br/> 
23:43 Sun 15-04-07 <br/> 
4:03 Mon 16-04-07 <br/> 
11:05 Mon 16-04-07 <br/> 
19:29 Mon 16-04-07 <br/> 
0:11 Tue 17-04-07 <br/> 
0:53 Tue 17-04-07 <br/> 
4:48 Tue 17-04-07 <br/> 
17:10 Tue 17-04-07 <br/> 
21:06 Tue 17-04-07 <br/> 
7:05 Wed 18-04-07 <br/> 
7:57 Thu 19-04-07 <br/> 
11:57 Thu 19-04-07 <br/> 
11:57 Thu 19-04-07 <br/> 
12:02 Thu 19-04-07 <br/> 
12:02 Thu 19-04-07 <br/> 
12:04 Thu 19-04-07 <br/> 
12:04 Thu 19-04-07 <br/> 
5:10 Fri 20-04-07 <br/> 
6:05 Fri 20-04-07 <br/> 
13:57 Fri 20-04-07 <br/> 
15:13 Fri 20-04-07 <br/> 
15:13 Fri 20-04-07 <br/> 
15:13 Fri 20-04-07 <br/> 
15:13 Fri 20-04-07 <br/> 
15:14 Fri 20-04-07 <br/> 
19:23 Fri 20-04-07 <br/> 
19:29 Sun 22-04-07 <br/> 
23:11 Sun 22-04-07 <br/> 
20:45 Mon 23-04-07 <br/> 
0:29 Tue 24-04-07 <br/> 
0:50 Tue 24-04-07 <br/> 
1:19 Tue 24-04-07 <br/> 
4:46 Tue 24-04-07 <br/> 
8:07 Tue 24-04-07 <br/> 
22:07 Tue 24-04-07 <br/> 
6:35 Wed 25-04-07 <br/> 
23:02 Wed 25-04-07 <br/> 
11:04 Thu 26-04-07 <br/> 
0:35 Fri 27-04-07 <br/> 
0:48 Fri 27-04-07 <br/> 
21:15 Fri 27-04-07 <br/> 
0:56 Sat 28-04-07 <br/> 
14:15 Sat 28-04-07 <br/> 
15:00 Sat 28-04-07 <br/> 
15:00 Sat 28-04-07 <br/> 
20:11 Sat 28-04-07 <br/> 
21:52 Sat 28-04-07 <br/> 
3:59 Sun 29-04-07 <br/> 
14:43 Sun 29-04-07 <br/> 
0:42 Mon 30-04-07 <br/> 
6:11 Mon 30-04-07 <br/> 
8:42 Mon 30-04-07 <br/> 
21:12 Mon 30-04-07 <br/> 
21:12 Mon 30-04-07 <br/> 
2:14 Wed 02-05-07 <br/> 
6:21 Wed 02-05-07 <br/> 
6:21 Wed 02-05-07 <br/> 
23:23 Wed 02-05-07 <br/> 
2:20 Thu 03-05-07 <br/> 
3:52 Thu 03-05-07 <br/> 
18:25 Thu 03-05-07 <br/> 
18:26 Thu 03-05-07 <br/> 
18:27 Thu 03-05-07 <br/> 
9:39 Fri 04-05-07 <br/> 
8:57 Sat 05-05-07 <br/> 
11:04 Sat 05-05-07 <br/> 
11:04 Sat 05-05-07 <br/> 
11:04 Sat 05-05-07 <br/> 
11:41 Sun 06-05-07 <br/> 
19:29 Mon 07-05-07 <br/> 
0:08 Tue 08-05-07 <br/> 
10:06 Tue 08-05-07 <br/> 
16:42 Tue 08-05-07 <br/> 
16:44 Tue 08-05-07 <br/> 
22:17 Tue 08-05-07 <br/> 
2:37 Wed 09-05-07 <br/> 
19:27 Wed 09-05-07 <br/> 
11:28 Thu 10-05-07 <br/> 
11:28 Thu 10-05-07 <br/> 
13:30 Thu 10-05-07 <br/> 
19:02 Thu 10-05-07 <br/> 
0:32 Fri 11-05-07 <br/> 
1:57 Fri 11-05-07 <br/> 
8:34 Fri 11-05-07 <br/> 
10:50 Fri 11-05-07 <br/> 
10:53 Fri 11-05-07 <br/> 
10:53 Fri 11-05-07 <br/> 
10:54 Fri 11-05-07 <br/> 
10:54 Fri 11-05-07 <br/> 
10:54 Fri 11-05-07 <br/> 
10:54 Fri 11-05-07 <br/> 
10:55 Fri 11-05-07 <br/> 
10:55 Fri 11-05-07 <br/> 
10:55 Fri 11-05-07 <br/> 
0:58 Sun 13-05-07 <br/> 
0:59 Sun 13-05-07 <br/> 
0:33 Tue 15-05-07 <br/> 
13:54 Tue 15-05-07 <br/> 
0:48 Wed 16-05-07 <br/> 
0:48 Wed 16-05-07 <br/> 
1:05 Wed 16-05-07 <br/> 
14:39 Wed 16-05-07 <br/> 
14:39 Wed 16-05-07 <br/> 
19:10 Wed 16-05-07 <br/> 
22:05 Wed 16-05-07 <br/> 
12:22 Thu 17-05-07 <br/> 
16:26 Thu 17-05-07 <br/> 
16:26 Thu 17-05-07 <br/> 
16:27 Thu 17-05-07 <br/> 
16:27 Thu 17-05-07 <br/> 
16:27 Thu 17-05-07 <br/> 
23:16 Thu 17-05-07 <br/> 
3:49 Fri 18-05-07 <br/> 
3:52 Fri 18-05-07 <br/> 
3:53 Fri 18-05-07 <br/> 
4:14 Fri 18-05-07 <br/> 
4:14 Fri 18-05-07 <br/> 
4:14 Fri 18-05-07 <br/> 
4:14 Fri 18-05-07 <br/> 
9:01 Fri 18-05-07 <br/> 
12:46 Fri 18-05-07 <br/> 
18:44 Fri 18-05-07 <br/> 
3:22 Sat 19-05-07 <br/> 
9:08 Sat 19-05-07 <br/> 
2:21 Sun 20-05-07 <br/> 
3:33 Sun 20-05-07 <br/> 
5:29 Mon 21-05-07 <br/> 
9:12 Mon 21-05-07 <br/> 
9:22 Mon 21-05-07 <br/> 
12:49 Tue 22-05-07 <br/> 
16:29 Tue 22-05-07 <br/> 
7:51 Wed 23-05-07 <br/> 
21:21 Wed 23-05-07 <br/> 
21:21 Wed 23-05-07 <br/> 
21:21 Wed 23-05-07 <br/> 
21:23 Wed 23-05-07 <br/> 
21:24 Wed 23-05-07 <br/> 
21:24 Wed 23-05-07 <br/> 
21:25 Wed 23-05-07 <br/> 
21:26 Wed 23-05-07 <br/> 
21:26 Wed 23-05-07 <br/> 
21:26 Wed 23-05-07 <br/> 
21:27 Wed 23-05-07 <br/> 
21:27 Wed 23-05-07 <br/> 
21:27 Wed 23-05-07 <br/> 
21:28 Wed 23-05-07 <br/> 
21:28 Wed 23-05-07 <br/> 
21:28 Wed 23-05-07 <br/> 
21:28 Wed 23-05-07 <br/> 
21:29 Wed 23-05-07 <br/> 
21:29 Wed 23-05-07 <br/> 
21:30 Wed 23-05-07 <br/> 
21:30 Wed 23-05-07 <br/> 
21:31 Wed 23-05-07 <br/> 
0:36 Thu 24-05-07 <br/> 
20:08 Thu 24-05-07 <br/> 
23:39 Thu 24-05-07 <br/> 
4:07 Fri 25-05-07 <br/> 
6:22 Mon 28-05-07 <br/> 
6:22 Mon 28-05-07 <br/> 
12:22 Mon 28-05-07 <br/> 
17:22 Mon 28-05-07 <br/> 
22:44 Mon 28-05-07 <br/> 
23:08 Mon 28-05-07 <br/> 
23:29 Mon 28-05-07 <br/> 
15:19 Tue 29-05-07 <br/> 
15:20 Tue 29-05-07 <br/> 
15:20 Tue 29-05-07 <br/> 
15:20 Tue 29-05-07 <br/> 
15:20 Tue 29-05-07 <br/> 
15:20 Tue 29-05-07 <br/> 
15:21 Tue 29-05-07 <br/> 
15:21 Tue 29-05-07 <br/> 
15:22 Tue 29-05-07 <br/> 
15:22 Tue 29-05-07 <br/> 
15:23 Tue 29-05-07 <br/> 
15:23 Tue 29-05-07 <br/> 
15:09 Wed 30-05-07 <br/> 
15:09 Wed 30-05-07 <br/> 
15:09 Wed 30-05-07 <br/> 
19:56 Wed 30-05-07 <br/> 
0:03 Thu 31-05-07 <br/> 
4:03 Thu 31-05-07 <br/> 
4:07 Thu 31-05-07 <br/> 
9:00 Thu 31-05-07 <br/> 
10:27 Thu 31-05-07 <br/> 
10:28 Thu 31-05-07 <br/> 
10:28 Thu 31-05-07 <br/> 
10:28 Thu 31-05-07 <br/> 
10:28 Thu 31-05-07 <br/> 
10:29 Thu 31-05-07 <br/> 
10:29 Thu 31-05-07 <br/> 
10:55 Thu 31-05-07 <br/> 
10:37 Sat 02-06-07 <br/> 
0:47 Sun 03-06-07 <br/> 
11:36 Sun 03-06-07 <br/> 
11:36 Sun 03-06-07 <br/> 
11:36 Sun 03-06-07 <br/> 
11:37 Sun 03-06-07 <br/> 
11:37 Sun 03-06-07 <br/> 
11:37 Sun 03-06-07 <br/> 
11:37 Sun 03-06-07 <br/> 
11:37 Sun 03-06-07 <br/> 
11:38 Sun 03-06-07 <br/> 
21:38 Sun 03-06-07 <br/> 
22:33 Sun 03-06-07 <br/> 
0:37 Mon 04-06-07 <br/> 
22:28 Mon 04-06-07 <br/> 
22:28 Mon 04-06-07 <br/> 
15:16 Tue 05-06-07 <br/> 
15:16 Tue 05-06-07 <br/> 
15:16 Tue 05-06-07 <br/> 
15:17 Tue 05-06-07 <br/> 
15:17 Tue 05-06-07 <br/> 
15:19 Tue 05-06-07 <br/> 
15:19 Tue 05-06-07 <br/> 
17:04 Tue 05-06-07 <br/> 
23:07 Tue 05-06-07 <br/> 
23:16 Tue 05-06-07 <br/> 
7:10 Thu 07-06-07 <br/> 
5:40 Fri 08-06-07 <br/> 
5:47 Fri 08-06-07 <br/> 
5:47 Fri 08-06-07 <br/> 
5:48 Fri 08-06-07 <br/> 
5:48 Fri 08-06-07 <br/> 
5:48 Fri 08-06-07 <br/> 
5:48 Fri 08-06-07 <br/> 
5:48 Fri 08-06-07 <br/> 
5:49 Fri 08-06-07 <br/> 
5:49 Fri 08-06-07 <br/> 
5:49 Fri 08-06-07 <br/> 
5:57 Fri 08-06-07 <br/> 
5:58 Fri 08-06-07 <br/> 
5:58 Fri 08-06-07 <br/> 
5:58 Fri 08-06-07 <br/> 
5:58 Fri 08-06-07 <br/> 
5:58 Fri 08-06-07 <br/> 
5:59 Fri 08-06-07 <br/> 
6:03 Fri 08-06-07 <br/> 
6:04 Fri 08-06-07 <br/> 
6:11 Fri 08-06-07 <br/> 
6:11 Fri 08-06-07 <br/> 
6:11 Fri 08-06-07 <br/> 
6:12 Fri 08-06-07 <br/> 
6:12 Fri 08-06-07 <br/> 
12:26 Sun 10-06-07 <br/> 
12:27 Sun 10-06-07 <br/> 
23:44 Mon 11-06-07 <br/> 
1:47 Tue 12-06-07 <br/> 
2:41 Tue 12-06-07 <br/> 
7:56 Tue 12-06-07 <br/> 
10:10 Tue 12-06-07 <br/> 
19:15 Tue 12-06-07 <br/> 
19:23 Tue 12-06-07 <br/> 
19:24 Tue 12-06-07 <br/> 
19:29 Tue 12-06-07 <br/> 
19:31 Tue 12-06-07 <br/> 
12:17 Wed 13-06-07 <br/> 
20:09 Wed 13-06-07 <br/> 
20:10 Wed 13-06-07 <br/> 
20:44 Wed 13-06-07 <br/> 
23:57 Wed 13-06-07 <br/> 
4:20 Thu 14-06-07 <br/> 
4:40 Thu 14-06-07 <br/> 
16:12 Thu 14-06-07 <br/> 
11:59 Fri 15-06-07 <br/> 
14:52 Fri 15-06-07 <br/> 
22:25 Fri 15-06-07 <br/> 
12:32 Sat 16-06-07 <br/> 
14:32 Sun 17-06-07 <br/> 
0:31 Mon 18-06-07 <br/> 
21:42 Mon 18-06-07 <br/> 
21:44 Mon 18-06-07 <br/> 
21:45 Mon 18-06-07 <br/> 
21:45 Mon 18-06-07 <br/> 
21:57 Mon 18-06-07 <br/> 
0:08 Tue 19-06-07 <br/> 
14:20 Tue 19-06-07 <br/> 
17:22 Tue 19-06-07 <br/> 
14:55 Wed 20-06-07 <br/> 
22:14 Wed 20-06-07 <br/> 
22:15 Wed 20-06-07 <br/> 
23:43 Wed 20-06-07 <br/> 
23:49 Wed 20-06-07 <br/> 
3:28 Thu 21-06-07 <br/> 
18:33 Thu 21-06-07 <br/> 
0:09 Fri 22-06-07 <br/> 
15:10 Fri 22-06-07 <br/> 
13:10 Sat 23-06-07 <br/> 
13:10 Sat 23-06-07 <br/> 
13:10 Sat 23-06-07 <br/> 
13:10 Sat 23-06-07 <br/> 
13:13 Sat 23-06-07 <br/> 
13:13 Sat 23-06-07 <br/> 
13:13 Sat 23-06-07 <br/> 
13:14 Sat 23-06-07 <br/> 
13:14 Sat 23-06-07 <br/> 
13:14 Sat 23-06-07 <br/> 
13:14 Sat 23-06-07 <br/> 
13:14 Sat 23-06-07 <br/> 
13:15 Sat 23-06-07 <br/> 
13:15 Sat 23-06-07 <br/> 
13:15 Sat 23-06-07 <br/> 
13:15 Sat 23-06-07 <br/> 
13:16 Sat 23-06-07 <br/> 
22:49 Sat 23-06-07 <br/> 
1:44 Sun 24-06-07 <br/> 
6:29 Sun 24-06-07 <br/> 
11:08 Sun 24-06-07 <br/> 
1:24 Mon 25-06-07 <br/> 
10:21 Mon 25-06-07 <br/> 
10:21 Mon 25-06-07 <br/> 
13:20 Mon 25-06-07 <br/> 
13:21 Mon 25-06-07 <br/> 
13:48 Mon 25-06-07 <br/> 
0:16 Tue 26-06-07 <br/> 
0:42 Tue 26-06-07 <br/> 
0:42 Tue 26-06-07 <br/> 
15:20 Tue 26-06-07 <br/> 
15:28 Tue 26-06-07 <br/> 
0:28 Thu 28-06-07 <br/> 
10:22 Thu 28-06-07 <br/> 
10:24 Thu 28-06-07 <br/> 
12:20 Thu 28-06-07 <br/> 
14:05 Thu 28-06-07 <br/> 
18:10 Thu 28-06-07 <br/> 
14:25 Fri 29-06-07 <br/> 
13:19 Sat 30-06-07 <br/> 
15:03 Sat 30-06-07 <br/> 
20:52 Sat 30-06-07 <br/> 
21:17 Sat 30-06-07 <br/> 
21:41 Sat 30-06-07 <br/> 
21:41 Sat 30-06-07 <br/> 
21:56 Sat 30-06-07 <br/> 
22:00 Sat 30-06-07 <br/> 
0:34 Sun 01-07-07 <br/> 
5:28 Sun 01-07-07 <br/> 
8:54 Sun 01-07-07 <br/> 
9:01 Sun 01-07-07 <br/> 
9:20 Sun 01-07-07 <br/> 
9:31 Sun 01-07-07 <br/> 
9:53 Sun 01-07-07 <br/> 
9:55 Sun 01-07-07 <br/> 
9:59 Sun 01-07-07 <br/> 
10:02 Sun 01-07-07 <br/> 
20:55 Sun 01-07-07 <br/> 
2:56 Mon 02-07-07 <br/> 
4:23 Mon 02-07-07 <br/> 
6:09 Mon 02-07-07 <br/> 
5:33 Tue 03-07-07 <br/> 
5:33 Tue 03-07-07 <br/> 
13:41 Tue 03-07-07 <br/> 
13:41 Tue 03-07-07 <br/> 
13:41 Tue 03-07-07 <br/> 
13:41 Tue 03-07-07 <br/> 
13:41 Tue 03-07-07 <br/> 
13:42 Tue 03-07-07 <br/> 
13:42 Tue 03-07-07 <br/> 
13:42 Tue 03-07-07 <br/> 
14:47 Tue 03-07-07 <br/> 
1:47 Wed 04-07-07 <br/> 
1:48 Wed 04-07-07 <br/> 
3:47 Wed 04-07-07 <br/> 
7:16 Wed 04-07-07 <br/> 
16:46 Wed 04-07-07 <br/> 
23:56 Wed 04-07-07 <br/> 
0:00 Thu 05-07-07 <br/> 
11:05 Thu 05-07-07 <br/> 
14:52 Thu 05-07-07 <br/> 
5:56 Fri 06-07-07 <br/> 
10:55 Sat 07-07-07 <br/> 
10:55 Sat 07-07-07 <br/> 
10:55 Sat 07-07-07 <br/> 
10:56 Sat 07-07-07 <br/> 
10:56 Sat 07-07-07 <br/> 
10:56 Sat 07-07-07 <br/> 
10:56 Sat 07-07-07 <br/> 
10:56 Sat 07-07-07 <br/> 
10:56 Sat 07-07-07 <br/> 
10:56 Sat 07-07-07 <br/> 
10:56 Sat 07-07-07 <br/> 
10:56 Sat 07-07-07 <br/> 
10:57 Sat 07-07-07 <br/> 
10:57 Sat 07-07-07 <br/> 
10:57 Sat 07-07-07 <br/> 
10:57 Sat 07-07-07 <br/> 
9:55 Sun 08-07-07 <br/> 
9:58 Sun 08-07-07 <br/> 
10:00 Sun 08-07-07 <br/> 
10:04 Sun 08-07-07 <br/> 
13:51 Sun 08-07-07 <br/> 
5:45 Mon 09-07-07 <br/> 
6:18 Tue 10-07-07 <br/> 
6:18 Tue 10-07-07 <br/> 
8:47 Tue 10-07-07 <br/> 
12:03 Tue 10-07-07 <br/> 
3:26 Wed 11-07-07 <br/> 
8:04 Wed 11-07-07 <br/> 
9:34 Wed 11-07-07 <br/> 
23:46 Wed 11-07-07 <br/> 
3:50 Thu 12-07-07 <br/> 
14:19 Thu 12-07-07 <br/> 
15:57 Thu 12-07-07 <br/> 
18:37 Thu 12-07-07 <br/> 
18:37 Thu 12-07-07 <br/> 
18:37 Thu 12-07-07 <br/> 
18:37 Thu 12-07-07 <br/> 
18:37 Thu 12-07-07 <br/> 
18:37 Thu 12-07-07 <br/> 
22:12 Thu 12-07-07 <br/> 
23:55 Thu 12-07-07 <br/> 
23:55 Thu 12-07-07 <br/> 
23:56 Thu 12-07-07 <br/> 
23:56 Thu 12-07-07 <br/> 
23:57 Thu 12-07-07 <br/> 
23:58 Thu 12-07-07 <br/> 
23:58 Thu 12-07-07 <br/> 
0:51 Fri 13-07-07 <br/> 
9:49 Fri 13-07-07 <br/> 
14:56 Fri 13-07-07 <br/> 
0:53 Sat 14-07-07 <br/> 
9:39 Sat 14-07-07 <br/> 
9:40 Sat 14-07-07 <br/> 
4:28 Sun 15-07-07 <br/> 
4:41 Sun 15-07-07 <br/> 
9:56 Sun 15-07-07 <br/> 
9:59 Sun 15-07-07 <br/> 
10:03 Sun 15-07-07 <br/> 
10:06 Sun 15-07-07 <br/> 
2:56 Mon 16-07-07 <br/> 
5:18 Mon 16-07-07 <br/> 
5:38 Mon 16-07-07 <br/> 
21:08 Mon 16-07-07 <br/> 
23:44 Mon 16-07-07 <br/> 
23:59 Mon 16-07-07 <br/> 
11:07 Tue 17-07-07 <br/> 
12:13 Tue 17-07-07 <br/> 
0:40 Wed 18-07-07 <br/> 
6:43 Wed 18-07-07 <br/> 
8:54 Wed 18-07-07 <br/> 
12:17 Wed 18-07-07 <br/> 
12:17 Wed 18-07-07 <br/> 
12:17 Wed 18-07-07 <br/> 
17:43 Wed 18-07-07 <br/> 
19:05 Wed 18-07-07 <br/> 
0:25 Thu 19-07-07 <br/> 
14:23 Thu 19-07-07 <br/> 
14:35 Thu 19-07-07 <br/> 
19:35 Thu 19-07-07 <br/> 
19:36 Thu 19-07-07 <br/> 
19:48 Thu 19-07-07 <br/> 
19:48 Thu 19-07-07 <br/> 
19:48 Thu 19-07-07 <br/> 
16:39 Fri 20-07-07 <br/> 
16:40 Fri 20-07-07 <br/> 
0:04 Sat 21-07-07 <br/> 
0:35 Sat 21-07-07 <br/> 
0:35 Sat 21-07-07 <br/> 
11:16 Sat 21-07-07 <br/> 
2:08 Sun 22-07-07 <br/> 
4:33 Sun 22-07-07 <br/> 
4:33 Sun 22-07-07 <br/> 
4:34 Sun 22-07-07 <br/> 
4:34 Sun 22-07-07 <br/> 
5:00 Sun 22-07-07 <br/> 
5:00 Sun 22-07-07 <br/> 
5:01 Sun 22-07-07 <br/> 
5:01 Sun 22-07-07 <br/> 
5:01 Sun 22-07-07 <br/> 
5:01 Sun 22-07-07 <br/> 
5:02 Sun 22-07-07 <br/> 
5:02 Sun 22-07-07 <br/> 
5:02 Sun 22-07-07 <br/> 
5:02 Sun 22-07-07 <br/> 
9:57 Sun 22-07-07 <br/> 
10:00 Sun 22-07-07 <br/> 
10:04 Sun 22-07-07 <br/> 
10:07 Sun 22-07-07 <br/> 
14:39 Tue 24-07-07 <br/> 
0:08 Wed 25-07-07 <br/> 
0:35 Wed 25-07-07 <br/> 
0:35 Wed 25-07-07 <br/> 
3:32 Wed 25-07-07 <br/> 
12:40 Wed 25-07-07 <br/> 
0:03 Thu 26-07-07 <br/> 
10:21 Thu 26-07-07 <br/> 
18:51 Thu 26-07-07 <br/> 
0:04 Fri 27-07-07 <br/> 
1:10 Fri 27-07-07 <br/> 
1:10 Fri 27-07-07 <br/> 
1:10 Fri 27-07-07 <br/> 
1:11 Fri 27-07-07 <br/> 
20:59 Fri 27-07-07 <br/> 
20:59 Fri 27-07-07 <br/> 
20:59 Fri 27-07-07 <br/> 
21:00 Fri 27-07-07 <br/> 
21:00 Fri 27-07-07 <br/> 
22:29 Fri 27-07-07 <br/> 
8:13 Sat 28-07-07 <br/> 
11:33 Sat 28-07-07 <br/> 
11:34 Sat 28-07-07 <br/> 
11:34 Sat 28-07-07 <br/> 
11:34 Sat 28-07-07 <br/> 
11:34 Sat 28-07-07 <br/> 
11:34 Sat 28-07-07 <br/> 
11:34 Sat 28-07-07 <br/> 
11:35 Sat 28-07-07 <br/> 
11:35 Sat 28-07-07 <br/> 
18:33 Sat 28-07-07 <br/> 
1:07 Sun 29-07-07 <br/> 
1:07 Sun 29-07-07 <br/> 
1:08 Sun 29-07-07 <br/> 
1:08 Sun 29-07-07 <br/> 
1:09 Sun 29-07-07 <br/> 
1:09 Sun 29-07-07 <br/> 
1:10 Sun 29-07-07 <br/> 
1:10 Sun 29-07-07 <br/> 
1:10 Sun 29-07-07 <br/> 
1:10 Sun 29-07-07 <br/> 
1:10 Sun 29-07-07 <br/> 
1:11 Sun 29-07-07 <br/> 
1:11 Sun 29-07-07 <br/> 
1:11 Sun 29-07-07 <br/> 
1:11 Sun 29-07-07 <br/> 
1:12 Sun 29-07-07 <br/> 
1:12 Sun 29-07-07 <br/> 
1:12 Sun 29-07-07 <br/> 
1:12 Sun 29-07-07 <br/> 
1:12 Sun 29-07-07 <br/> 
1:13 Sun 29-07-07 <br/> 
1:13 Sun 29-07-07 <br/> 
1:13 Sun 29-07-07 <br/> 
1:13 Sun 29-07-07 <br/> 
1:13 Sun 29-07-07 <br/> 
1:13 Sun 29-07-07 <br/> 
1:13 Sun 29-07-07 <br/> 
1:13 Sun 29-07-07 <br/> 
11:12 Sun 29-07-07 <br/> 
12:01 Sun 29-07-07 <br/> 
22:43 Sun 29-07-07 <br/> 
1:41 Mon 30-07-07 <br/> 
3:04 Mon 30-07-07 <br/> 
3:04 Mon 30-07-07 <br/> 
8:20 Mon 30-07-07 <br/> 
9:03 Mon 30-07-07 <br/> 
20:24 Mon 30-07-07 <br/> 
0:11 Tue 31-07-07 <br/> 
10:43 Tue 31-07-07 <br/> 
22:09 Tue 31-07-07 <br/> 
6:39 Wed 01-08-07 <br/> 
10:08 Wed 01-08-07 <br/> 
11:40 Wed 01-08-07 <br/> 
21:57 Wed 01-08-07 <br/> 
21:57 Wed 01-08-07 <br/> 
21:57 Wed 01-08-07 <br/> 
21:59 Wed 01-08-07 <br/> 
22:00 Wed 01-08-07 <br/> 
15:57 Thu 02-08-07 <br/> 
2:19 Fri 03-08-07 <br/> 
3:44 Fri 03-08-07 <br/> 
22:50 Sat 04-08-07 <br/> 
22:50 Sat 04-08-07 <br/> 
22:51 Sat 04-08-07 <br/> 
22:51 Sat 04-08-07 <br/> 
4:27 Sun 05-08-07 <br/> 
22:45 Sun 05-08-07 <br/> 
1:07 Mon 06-08-07 <br/> 
6:56 Mon 06-08-07 <br/> 
19:11 Mon 06-08-07 <br/> 
7:12 Tue 07-08-07 <br/> 
7:22 Tue 07-08-07 <br/> 
13:27 Tue 07-08-07 <br/> 
22:31 Wed 08-08-07 <br/> 
18:20 Thu 09-08-07 <br/> 
18:20 Thu 09-08-07 <br/> 
18:20 Thu 09-08-07 <br/> 
18:21 Thu 09-08-07 <br/> 
18:21 Thu 09-08-07 <br/> 
23:42 Thu 09-08-07 <br/> 
11:29 Fri 10-08-07 <br/> 
21:14 Fri 10-08-07 <br/> 
21:14 Fri 10-08-07 <br/> 
21:14 Fri 10-08-07 <br/> 
4:05 Sun 12-08-07 <br/> 
9:33 Sun 12-08-07 <br/> 
9:34 Sun 12-08-07 <br/> 
14:37 Sun 12-08-07 <br/> 
10:03 Mon 13-08-07 <br/> 
14:09 Wed 15-08-07 <br/> 
15:09 Wed 15-08-07 <br/> 
17:45 Thu 16-08-07 <br/> 
1:10 Sun 19-08-07 <br/> 
15:18 Sun 19-08-07 <br/> 
15:18 Sun 19-08-07 <br/> 
10:16 Mon 20-08-07 <br/> 
14:23 Mon 20-08-07 <br/> 
4:21 Tue 21-08-07 <br/> 
9:34 Wed 22-08-07 <br/> 
0:22 Thu 23-08-07 <br/> 
1:25 Thu 23-08-07 <br/> 
18:52 Thu 23-08-07 <br/> 
0:32 Fri 24-08-07 <br/> 
15:45 Fri 24-08-07 <br/> 
2:40 Sat 25-08-07 <br/> 
2:40 Sat 25-08-07 <br/> 
4:35 Sat 25-08-07 <br/> 
5:45 Sat 25-08-07 <br/> 
7:15 Sat 25-08-07 <br/> 
18:32 Sat 25-08-07 <br/> 
1:58 Sun 26-08-07 <br/> 
4:24 Mon 27-08-07 <br/> 
12:43 Mon 27-08-07 <br/> 
5:27 Tue 28-08-07 <br/> 
6:18 Tue 28-08-07 <br/> 
17:03 Tue 28-08-07 <br/> 
18:42 Tue 28-08-07 <br/> 
19:27 Tue 28-08-07 <br/> 
21:19 Tue 28-08-07 <br/> 
3:17 Wed 29-08-07 <br/> 
17:29 Wed 29-08-07 <br/> 
18:27 Wed 29-08-07 <br/> 
0:01 Thu 30-08-07 <br/> 
0:29 Thu 30-08-07 <br/> 
0:29 Thu 30-08-07 <br/> 
0:30 Thu 30-08-07 <br/> 
1:26 Thu 30-08-07 <br/> 
20:56 Thu 30-08-07 <br/> 
5:47 Sat 01-09-07 <br/> 
5:08 Sun 02-09-07 <br/> 
5:08 Sun 02-09-07 <br/> 
5:09 Sun 02-09-07 <br/> 
5:09 Sun 02-09-07 <br/> 
5:10 Sun 02-09-07 <br/> 
5:10 Sun 02-09-07 <br/> 
5:11 Sun 02-09-07 <br/> 
5:12 Sun 02-09-07 <br/> 
5:12 Sun 02-09-07 <br/> 
5:12 Sun 02-09-07 <br/> 
5:13 Sun 02-09-07 <br/> 
7:39 Sun 02-09-07 <br/> 
7:39 Sun 02-09-07 <br/> 
13:18 Sun 02-09-07 <br/> 
13:18 Sun 02-09-07 <br/> 
14:33 Sun 02-09-07 <br/> 
14:34 Sun 02-09-07 <br/> 
14:36 Sun 02-09-07 <br/> 
8:11 Mon 03-09-07 <br/> 
15:14 Mon 03-09-07 <br/> 
19:43 Mon 03-09-07 <br/> 
19:43 Mon 03-09-07 <br/> 
21:36 Tue 04-09-07 <br/> 
10:21 Wed 05-09-07 <br/> 
10:21 Wed 05-09-07 <br/> 
10:21 Wed 05-09-07 <br/> 
10:27 Wed 05-09-07 <br/> 
0:47 Fri 07-09-07 <br/> 
0:40 Sat 08-09-07 <br/> 
3:11 Sat 08-09-07 <br/> 
9:36 Sun 09-09-07 <br/> 
21:55 Sun 09-09-07 <br/> 
15:05 Mon 10-09-07 <br/> 
1:04 Wed 12-09-07 <br/> 
20:05 Wed 12-09-07 <br/> 
22:26 Wed 12-09-07 <br/> 
23:41 Thu 13-09-07 <br/> 
0:06 Fri 14-09-07 <br/> 
3:00 Fri 14-09-07 <br/> 
3:00 Fri 14-09-07 <br/> 
3:01 Fri 14-09-07 <br/> 
11:33 Fri 14-09-07 <br/> 
21:40 Fri 14-09-07 <br/> 
22:41 Fri 14-09-07 <br/> 
22:42 Fri 14-09-07 <br/> 
22:42 Fri 14-09-07 <br/> 
17:03 Sat 15-09-07 <br/> 
17:38 Sat 15-09-07 <br/> 
23:03 Sat 15-09-07 <br/> 
23:05 Sat 15-09-07 <br/> 
0:29 Sun 16-09-07 <br/> 
0:29 Sun 16-09-07 <br/> 
1:36 Sun 16-09-07 <br/> 
12:09 Sun 16-09-07 <br/> 
21:58 Sun 16-09-07 <br/> 
15:05 Mon 17-09-07 <br/> 
15:06 Mon 17-09-07 <br/> 
15:10 Mon 17-09-07 <br/> 
23:47 Wed 19-09-07 <br/> 
23:19 Fri 21-09-07 <br/> 
2:26 Sat 22-09-07 <br/> 
22:05 Sat 22-09-07 <br/> 
22:05 Sat 22-09-07 <br/> 
7:30 Sun 23-09-07 <br/> 
13:08 Sun 23-09-07 <br/> 
14:04 Sun 23-09-07 <br/> 
14:04 Sun 23-09-07 <br/> 
14:04 Sun 23-09-07 <br/> 
14:05 Sun 23-09-07 <br/> 
14:06 Sun 23-09-07 <br/> 
14:06 Sun 23-09-07 <br/> 
14:06 Sun 23-09-07 <br/> 
14:07 Sun 23-09-07 <br/> 
17:50 Mon 24-09-07 <br/> 
7:38 Tue 25-09-07 <br/> 
23:09 Tue 25-09-07 <br/> 
22:02 Wed 26-09-07 <br/> 
4:54 Thu 27-09-07 <br/> 
5:31 Thu 27-09-07 <br/> 
23:16 Thu 27-09-07 <br/> 
0:55 Fri 28-09-07 <br/> 
6:42 Fri 28-09-07 <br/> 
6:42 Fri 28-09-07 <br/> 
6:43 Fri 28-09-07 <br/> 
6:43 Fri 28-09-07 <br/> 
6:44 Fri 28-09-07 <br/> 
14:50 Fri 28-09-07 <br/> 
19:02 Mon 01-10-07 <br/> 
19:13 Mon 01-10-07 <br/> 
8:42 Tue 02-10-07 <br/> 
0:04 Wed 03-10-07 <br/> 
1:04 Thu 04-10-07 <br/> 
1:06 Thu 04-10-07 <br/> 
18:43 Thu 04-10-07 <br/> 
18:43 Thu 04-10-07 <br/> 
18:44 Thu 04-10-07 <br/> 
18:46 Thu 04-10-07 <br/> 
18:47 Thu 04-10-07 <br/> 
18:47 Thu 04-10-07 <br/> 
18:48 Thu 04-10-07 <br/> 
18:48 Thu 04-10-07 <br/> 
18:48 Thu 04-10-07 <br/> 
18:49 Thu 04-10-07 <br/> 
18:49 Thu 04-10-07 <br/> 
18:49 Thu 04-10-07 <br/> 
18:49 Thu 04-10-07 <br/> 
18:50 Thu 04-10-07 <br/> 
18:50 Thu 04-10-07 <br/> 
18:51 Thu 04-10-07 <br/> 
18:51 Thu 04-10-07 <br/> 
18:52 Thu 04-10-07 <br/> 
18:53 Thu 04-10-07 <br/> 
18:54 Thu 04-10-07 <br/> 
18:54 Thu 04-10-07 <br/> 
18:54 Thu 04-10-07 <br/> 
18:54 Thu 04-10-07 <br/> 
18:55 Thu 04-10-07 <br/> 
18:55 Thu 04-10-07 <br/> 
18:55 Thu 04-10-07 <br/> 
18:55 Thu 04-10-07 <br/> 
18:56 Thu 04-10-07 <br/> 
18:56 Thu 04-10-07 <br/> 
18:56 Thu 04-10-07 <br/> 
18:56 Thu 04-10-07 <br/> 
18:57 Thu 04-10-07 <br/> 
18:57 Thu 04-10-07 <br/> 
18:57 Thu 04-10-07 <br/> 
18:57 Thu 04-10-07 <br/> 
18:57 Thu 04-10-07 <br/> 
18:57 Thu 04-10-07 <br/> 
18:59 Thu 04-10-07 <br/> 
22:37 Thu 04-10-07 <br/> 
22:37 Thu 04-10-07 <br/> 
22:37 Thu 04-10-07 <br/> 
22:38 Thu 04-10-07 <br/> 
22:43 Thu 04-10-07 <br/> 
0:08 Fri 05-10-07 <br/> 
10:43 Fri 05-10-07 <br/> 
10:44 Fri 05-10-07 <br/> 
10:45 Fri 05-10-07 <br/> 
10:45 Fri 05-10-07 <br/> 
15:46 Fri 05-10-07 <br/> 
6:51 Sat 06-10-07 <br/> 
4:48 Sun 07-10-07 <br/> 
4:50 Sun 07-10-07 <br/> 
4:50 Sun 07-10-07 <br/> 
6:03 Sun 07-10-07 <br/> 
16:55 Sun 07-10-07 <br/> 
16:55 Sun 07-10-07 <br/> 
16:56 Sun 07-10-07 <br/> 
16:56 Sun 07-10-07 <br/> 
17:02 Sun 07-10-07 <br/> 
21:34 Sun 07-10-07 <br/> 
21:34 Sun 07-10-07 <br/> 
21:34 Sun 07-10-07 <br/> 
21:34 Sun 07-10-07 <br/> 
21:34 Sun 07-10-07 <br/> 
21:34 Sun 07-10-07 <br/> 
21:35 Sun 07-10-07 <br/> 
21:37 Sun 07-10-07 <br/> 
3:46 Mon 08-10-07 <br/> 
21:39 Mon 08-10-07 <br/> 
8:50 Tue 09-10-07 <br/> 
20:51 Tue 09-10-07 <br/> 
20:41 Wed 10-10-07 <br/> 
0:23 Thu 11-10-07 <br/> 
1:59 Thu 11-10-07 <br/> 
11:05 Thu 11-10-07 <br/> 
17:58 Thu 11-10-07 <br/> 
17:59 Thu 11-10-07 <br/> 
18:00 Thu 11-10-07 <br/> 
18:02 Thu 11-10-07 <br/> 
23:45 Thu 11-10-07 <br/> 
4:26 Fri 12-10-07 <br/> 
0:47 Sat 13-10-07 <br/> 
1:54 Mon 15-10-07 <br/> 
21:16 Mon 15-10-07 <br/> 
23:56 Mon 15-10-07 <br/> 
8:58 Tue 16-10-07 <br/> 
12:17 Tue 16-10-07 <br/> 
23:59 Tue 16-10-07 <br/> 
0:43 Wed 17-10-07 <br/> 
2:39 Wed 17-10-07 <br/> 
0:29 Thu 18-10-07 <br/> 
1:28 Fri 19-10-07 <br/> 
1:28 Fri 19-10-07 <br/> 
1:28 Fri 19-10-07 <br/> 
1:28 Fri 19-10-07 <br/> 
1:29 Fri 19-10-07 <br/> 
1:29 Fri 19-10-07 <br/> 
1:29 Fri 19-10-07 <br/> 
1:30 Fri 19-10-07 <br/> 
20:36 Fri 19-10-07 <br/> 
20:37 Fri 19-10-07 <br/> 
20:37 Fri 19-10-07 <br/> 
20:38 Fri 19-10-07 <br/> 
14:11 Sat 20-10-07 <br/> 
14:44 Sat 20-10-07 <br/> 
14:44 Sat 20-10-07 <br/> 
14:44 Sat 20-10-07 <br/> 
2:55 Sun 21-10-07 <br/> 
13:59 Sun 21-10-07 <br/> 
14:01 Sun 21-10-07 <br/> 
14:02 Sun 21-10-07 <br/> 
14:02 Sun 21-10-07 <br/> 
14:02 Sun 21-10-07 <br/> 
14:02 Sun 21-10-07 <br/> 
14:03 Sun 21-10-07 <br/> 
14:03 Sun 21-10-07 <br/> 
14:06 Sun 21-10-07 <br/> 
14:07 Sun 21-10-07 <br/> 
1:43 Mon 22-10-07 <br/> 
12:14 Mon 22-10-07 <br/> 
21:59 Mon 22-10-07 <br/> 
0:25 Tue 23-10-07 <br/> 
9:00 Tue 23-10-07 <br/> 
0:07 Wed 24-10-07 <br/> 
4:40 Wed 24-10-07 <br/> 
4:48 Wed 24-10-07 <br/> 
8:08 Wed 24-10-07 <br/> 
23:56 Wed 24-10-07 <br/> 
0:23 Fri 26-10-07 <br/> 
0:47 Sat 27-10-07 <br/> 
4:01 Sat 27-10-07 <br/> 
10:28 Mon 29-10-07 <br/> 
10:28 Mon 29-10-07 <br/> 
10:28 Mon 29-10-07 <br/> 
17:46 Mon 29-10-07 <br/> 
10:56 Tue 30-10-07 <br/> 
23:56 Tue 30-10-07 <br/> 
17:39 Thu 01-11-07 <br/> 
17:54 Thu 01-11-07 <br/> 
18:26 Sun 04-11-07 <br/> 
18:27 Sun 04-11-07 <br/> 
1:37 Mon 05-11-07 <br/> 
0:10 Tue 06-11-07 <br/> 
10:58 Tue 06-11-07 <br/> 
19:58 Tue 06-11-07 <br/> 
12:39 Wed 07-11-07 <br/> 
12:39 Wed 07-11-07 <br/> 
12:39 Wed 07-11-07 <br/> 
12:40 Wed 07-11-07 <br/> 
12:40 Wed 07-11-07 <br/> 
12:40 Wed 07-11-07 <br/> 
12:40 Wed 07-11-07 <br/> 
12:40 Wed 07-11-07 <br/> 
15:37 Wed 07-11-07 <br/> 
15:44 Wed 07-11-07 <br/> 
23:54 Wed 07-11-07 <br/> 
14:15 Thu 08-11-07 <br/> 
16:19 Thu 08-11-07 <br/> 
20:40 Thu 08-11-07 <br/> 
0:52 Fri 09-11-07 <br/> 
19:43 Fri 09-11-07 <br/> 
19:43 Fri 09-11-07 <br/> 
19:48 Fri 09-11-07 <br/> 
19:54 Fri 09-11-07 <br/> 
20:49 Fri 09-11-07 <br/> 
1:29 Sat 10-11-07 <br/> 
1:29 Sat 10-11-07 <br/> 
1:34 Sat 10-11-07 <br/> 
4:27 Sat 10-11-07 <br/> 
5:00 Sat 10-11-07 <br/> 
5:00 Sat 10-11-07 <br/> 
5:01 Sat 10-11-07 <br/> 
12:02 Sat 10-11-07 <br/> 
7:46 Sun 11-11-07 <br/> 
8:00 Sun 11-11-07 <br/> 
8:01 Sun 11-11-07 <br/> 
9:16 Sun 11-11-07 <br/> 
9:44 Sun 11-11-07 <br/> 
10:17 Sun 11-11-07 <br/> 
10:17 Sun 11-11-07 <br/> 
12:07 Sun 11-11-07 <br/> 
0:49 Mon 12-11-07 <br/> 
8:01 Mon 12-11-07 <br/> 
11:59 Mon 12-11-07 <br/> 
0:15 Tue 13-11-07 <br/> 
4:34 Tue 13-11-07 <br/> 
8:30 Tue 13-11-07 <br/> 
8:30 Tue 13-11-07 <br/> 
11:01 Tue 13-11-07 <br/> 
21:46 Tue 13-11-07 <br/> 
21:52 Tue 13-11-07 <br/> 
0:11 Wed 14-11-07 <br/> 
0:07 Thu 15-11-07 <br/> 
5:56 Sun 18-11-07 <br/> 
19:57 Sun 18-11-07 <br/> 
19:57 Sun 18-11-07 <br/> 
9:40 Mon 19-11-07 <br/> 
0:33 Tue 20-11-07 <br/> 
10:20 Tue 20-11-07 <br/> 
11:08 Tue 20-11-07 <br/> 
11:35 Tue 20-11-07 <br/> 
13:04 Tue 20-11-07 <br/> 
13:08 Tue 20-11-07 <br/> 
15:33 Tue 20-11-07 <br/> 
0:15 Wed 21-11-07 <br/> 
1:35 Wed 21-11-07 <br/> 
9:53 Wed 21-11-07 <br/> 
9:53 Wed 21-11-07 <br/> 
15:33 Wed 21-11-07 <br/> 
0:15 Thu 22-11-07 <br/> 
17:23 Thu 22-11-07 <br/> 
17:24 Thu 22-11-07 <br/> 
17:24 Thu 22-11-07 <br/> 
17:24 Thu 22-11-07 <br/> 
17:24 Thu 22-11-07 <br/> 
22:39 Thu 22-11-07 <br/> 
0:42 Fri 23-11-07 <br/> 
5:08 Fri 23-11-07 <br/> 
9:34 Fri 23-11-07 <br/> 
9:35 Fri 23-11-07 <br/> 
9:35 Fri 23-11-07 <br/> 
12:41 Fri 23-11-07 <br/> 
0:00 Sat 24-11-07 <br/> 
0:36 Sat 24-11-07 <br/> 
0:36 Sat 24-11-07 <br/> 
0:37 Sat 24-11-07 <br/> 
16:33 Sun 25-11-07 <br/> 
16:33 Sun 25-11-07 <br/> 
22:12 Sun 25-11-07 <br/> 
3:40 Mon 26-11-07 <br/> 
4:08 Mon 26-11-07 <br/> 
4:08 Mon 26-11-07 <br/> 
4:10 Mon 26-11-07 <br/> 
0:46 Tue 27-11-07 <br/> 
12:46 Tue 27-11-07 <br/> 
17:49 Tue 27-11-07 <br/> 
17:50 Tue 27-11-07 <br/> 
17:51 Tue 27-11-07 <br/> 
19:07 Tue 27-11-07 <br/> 
21:49 Tue 27-11-07 <br/> 
23:32 Tue 27-11-07 <br/> 
23:32 Tue 27-11-07 <br/> 
23:32 Tue 27-11-07 <br/> 
23:33 Tue 27-11-07 <br/> 
0:44 Wed 28-11-07 <br/> 
0:25 Thu 29-11-07 <br/> 
0:31 Thu 29-11-07 <br/> 
0:48 Thu 29-11-07 <br/> 
2:11 Thu 29-11-07 <br/> 
6:46 Thu 29-11-07 <br/> 
13:32 Thu 29-11-07 <br/> 
0:07 Fri 30-11-07 <br/> 
1:32 Fri 30-11-07 <br/> 
1:37 Fri 30-11-07 <br/> 
1:37 Fri 30-11-07 <br/> 
0:44 Sat 01-12-07 <br/> 
3:25 Sat 01-12-07 <br/> 
6:14 Sat 01-12-07 <br/> 
4:01 Sun 02-12-07 <br/> 
14:33 Sun 02-12-07 <br/> 
14:48 Sun 02-12-07 <br/> 
21:27 Sun 02-12-07 <br/> 
17:31 Mon 03-12-07 <br/> 
19:27 Tue 04-12-07 <br/> 
21:48 Tue 04-12-07 <br/> 
0:14 Wed 05-12-07 <br/> 
0:16 Wed 05-12-07 <br/> 
3:16 Wed 05-12-07 <br/> 
3:38 Wed 05-12-07 <br/> 
3:39 Wed 05-12-07 <br/> 
8:22 Wed 05-12-07 <br/> 
8:33 Wed 05-12-07 <br/> 
0:08 Fri 07-12-07 <br/> 
13:25 Fri 07-12-07 <br/> 
13:25 Fri 07-12-07 <br/> 
18:19 Fri 07-12-07 <br/> 
19:10 Fri 07-12-07 <br/> 
5:26 Sat 08-12-07 <br/> 
23:30 Sat 08-12-07 <br/> 
19:31 Sun 09-12-07 <br/> 
19:31 Sun 09-12-07 <br/> 
23:20 Mon 10-12-07 <br/> 
23:20 Mon 10-12-07 <br/> 
23:28 Mon 10-12-07 <br/> 
23:28 Mon 10-12-07 <br/> 
0:07 Tue 11-12-07 <br/> 
9:23 Tue 11-12-07 <br/> 
14:07 Tue 11-12-07 <br/> 
14:08 Tue 11-12-07 <br/> 
14:08 Tue 11-12-07 <br/> 
14:10 Tue 11-12-07 <br/> 
14:10 Tue 11-12-07 <br/> 
0:14 Wed 12-12-07 <br/> 
0:42 Thu 13-12-07 <br/> 
4:41 Thu 13-12-07 <br/> 
21:49 Thu 13-12-07 <br/> 
22:01 Thu 13-12-07 <br/> 
2:19 Fri 14-12-07 <br/> 
17:01 Fri 14-12-07 <br/> 
6:57 Sat 15-12-07 <br/> 
12:22 Sat 15-12-07 <br/> 
12:39 Sat 15-12-07 <br/> 
12:45 Sat 15-12-07 <br/> 
16:06 Sat 15-12-07 <br/> 
1:18 Sun 16-12-07 <br/> 
1:19 Sun 16-12-07 <br/> 
1:19 Sun 16-12-07 <br/> 
1:23 Sun 16-12-07 <br/> 
3:35 Sun 16-12-07 <br/> 
17:50 Sun 16-12-07 <br/> 
17:50 Sun 16-12-07 <br/> 
4:27 Mon 17-12-07 <br/> 
4:50 Mon 17-12-07 <br/> 
5:55 Mon 17-12-07 <br/> 
5:55 Mon 17-12-07 <br/> 
5:55 Mon 17-12-07 <br/> 
5:55 Mon 17-12-07 <br/> 
12:52 Mon 17-12-07 <br/> 
0:08 Tue 18-12-07 <br/> 
0:33 Wed 19-12-07 <br/> 
13:05 Wed 19-12-07 <br/> 
13:05 Wed 19-12-07 <br/> 
17:04 Wed 19-12-07 <br/> 
0:16 Thu 20-12-07 <br/> 
0:17 Thu 20-12-07 <br/> 
0:17 Thu 20-12-07 <br/> 
0:43 Thu 20-12-07 <br/> 
15:06 Thu 20-12-07 <br/> 
15:06 Thu 20-12-07 <br/> 
15:07 Thu 20-12-07 <br/> 
15:48 Thu 20-12-07 <br/> 
15:48 Thu 20-12-07 <br/> 
15:48 Thu 20-12-07 <br/> 
15:49 Thu 20-12-07 <br/> 
15:49 Thu 20-12-07 <br/> 
16:18 Thu 20-12-07 <br/> 
16:38 Thu 20-12-07 <br/> 
22:37 Thu 20-12-07 <br/> 
22:37 Thu 20-12-07 <br/> 
22:37 Thu 20-12-07 <br/> 
23:15 Thu 20-12-07 <br/> 
0:39 Fri 21-12-07 <br/> 
14:56 Fri 21-12-07 <br/> 
15:00 Fri 21-12-07 <br/> 
17:47 Fri 21-12-07 <br/> 
7:01 Sat 22-12-07 <br/> 
7:04 Sat 22-12-07 <br/> 
7:08 Sat 22-12-07 <br/> 
19:10 Sat 22-12-07 <br/> 
8:40 Sun 23-12-07 <br/> 
8:45 Sun 23-12-07 <br/> 
8:47 Sun 23-12-07 <br/> 
13:31 Sun 23-12-07 <br/> 
13:31 Sun 23-12-07 <br/> 
16:13 Sun 23-12-07 <br/> 
8:35 Mon 24-12-07 <br/> 
8:48 Mon 24-12-07 <br/> 
2:25 Tue 25-12-07 <br/> 
3:17 Tue 25-12-07 <br/> 
3:17 Tue 25-12-07 <br/> 
3:19 Tue 25-12-07 <br/> 
5:14 Tue 25-12-07 <br/> 
5:59 Tue 25-12-07 <br/> 
6:00 Tue 25-12-07 <br/> 
1:18 Wed 26-12-07 <br/> 
1:28 Wed 26-12-07 <br/> 
1:31 Wed 26-12-07 <br/> 
1:31 Wed 26-12-07 <br/> 
1:49 Wed 26-12-07 <br/> 
11:21 Wed 26-12-07 <br/> 
11:21 Wed 26-12-07 <br/> 
11:22 Wed 26-12-07 <br/> 
11:22 Wed 26-12-07 <br/> 
2:41 Thu 27-12-07 <br/> 
9:37 Thu 27-12-07 <br/> 
17:13 Thu 27-12-07 <br/> 
17:17 Thu 27-12-07 <br/> 
20:14 Thu 27-12-07 <br/> 
21:32 Thu 27-12-07 <br/> 
23:21 Thu 27-12-07 <br/> 
13:55 Fri 28-12-07 <br/> 
13:55 Fri 28-12-07 <br/> 
13:55 Fri 28-12-07 <br/> 
13:56 Fri 28-12-07 <br/> 
14:59 Fri 28-12-07 <br/> 
15:01 Fri 28-12-07 <br/> 
15:01 Fri 28-12-07 <br/> 
15:02 Fri 28-12-07 <br/> 
15:46 Fri 28-12-07 <br/> 
15:46 Fri 28-12-07 <br/> 
15:46 Fri 28-12-07 <br/> 
21:01 Fri 28-12-07 <br/> 
2:14 Sat 29-12-07 <br/> 
2:14 Sat 29-12-07 <br/> 
23:11 Sat 29-12-07 <br/> 
16:16 Sun 30-12-07 <br/> 
19:56 Sun 30-12-07 <br/> 
20:19 Sun 30-12-07 <br/> 
20:22 Sun 30-12-07 <br/> 
20:22 Sun 30-12-07 <br/> 
20:50 Sun 30-12-07 <br/> 
23:47 Sun 30-12-07 <br/> 
4:46 Tue 01-01-08 <br/> 
7:54 Tue 01-01-08 <br/> 
7:54 Tue 01-01-08 <br/> 
7:54 Tue 01-01-08 <br/> 
7:54 Tue 01-01-08 <br/> 
7:54 Tue 01-01-08 <br/> 
7:54 Tue 01-01-08 <br/> 
19:27 Tue 01-01-08 <br/> 
21:57 Tue 01-01-08 <br/> 
22:13 Tue 01-01-08 <br/> 
1:11 Wed 02-01-08 <br/> 
0:00 Thu 03-01-08 <br/> 
0:00 Thu 03-01-08 <br/> 
0:11 Thu 03-01-08 <br/> 
2:07 Thu 03-01-08 <br/> 
2:07 Thu 03-01-08 <br/> 
17:34 Thu 03-01-08 <br/> 
17:35 Thu 03-01-08 <br/> 
20:02 Thu 03-01-08 <br/> 
