2:00 Thu 01-01-70 
12:01 Wed 05-07-06 
14:56 Wed 05-07-06 
23:07 Wed 05-07-06 
1:28 Thu 06-07-06 
21:13 Thu 06-07-06 
1:01 Fri 07-07-06 
1:14 Fri 07-07-06 
2:18 Fri 07-07-06 
3:00 Fri 07-07-06 
10:53 Fri 07-07-06 
20:43 Fri 07-07-06 
11:23 Sat 08-07-06 
14:55 Sat 08-07-06 
15:41 Sat 08-07-06 
15:42 Sat 08-07-06 
15:48 Sat 08-07-06 
17:42 Sat 08-07-06 
18:49 Sat 08-07-06 
21:21 Sat 08-07-06 
23:25 Sat 08-07-06 
0:58 Sun 09-07-06 
1:16 Tue 11-07-06 
17:42 Tue 11-07-06 
17:43 Tue 11-07-06 
17:44 Tue 11-07-06 
0:06 Wed 12-07-06 
15:29 Wed 12-07-06 
20:43 Wed 12-07-06 
20:10 Thu 13-07-06 
9:58 Fri 14-07-06 
20:58 Fri 14-07-06 
23:47 Fri 14-07-06 
1:07 Sat 15-07-06 
14:37 Sat 15-07-06 
18:29 Mon 17-07-06 
18:37 Mon 17-07-06 
18:46 Mon 17-07-06 
18:47 Mon 17-07-06 
18:48 Mon 17-07-06 
23:40 Mon 17-07-06 
4:40 Tue 18-07-06 
17:49 Tue 18-07-06 
20:14 Tue 18-07-06 
8:36 Wed 19-07-06 
12:05 Wed 19-07-06 
12:15 Wed 19-07-06 <br/> 
10:08 Thu 20-07-06 <br/> 
23:53 Thu 20-07-06 <br/> 
1:11 Fri 21-07-06 <br/> 
1:18 Fri 21-07-06 <br/> 
1:23 Fri 21-07-06 <br/> 
4:23 Fri 21-07-06 <br/> 
5:20 Fri 21-07-06 <br/> 
7:44 Fri 21-07-06 <br/> 
7:45 Fri 21-07-06 <br/> 
13:44 Fri 21-07-06 <br/> 
18:46 Fri 21-07-06 <br/> 
19:39 Fri 21-07-06 <br/> 
1:28 Sat 22-07-06 <br/> 
13:14 Sat 22-07-06 <br/> 
15:12 Sun 23-07-06 <br/> 
18:42 Sun 15-10-06 <br/> 
7:25 Sat 11-11-06 <br/> 
16:55 Sat 11-11-06 <br/> 
0:57 Sun 12-11-06 <br/> 
6:14 Sun 12-11-06 <br/> 
3:38 Tue 21-11-06 <br/> 
18:20 Tue 21-11-06 <br/> 
20:57 Tue 21-11-06 <br/> 
5:10 Wed 22-11-06 <br/> 
23:25 Wed 22-11-06 <br/> 
23:25 Wed 22-11-06 <br/> 
15:21 Fri 24-11-06 <br/> 
15:25 Fri 24-11-06 <br/> 
23:39 Fri 24-11-06 <br/> 
11:01 Sat 25-11-06 <br/> 
17:18 Sat 25-11-06 <br/> 
22:27 Sat 25-11-06 <br/> 
22:30 Sat 25-11-06 <br/> 
4:39 Sun 26-11-06 <br/> 
8:18 Sun 26-11-06 <br/> 
20:54 Mon 27-11-06 <br/> 
21:43 Tue 28-11-06 <br/> 
0:38 Thu 30-11-06 <br/> 
0:40 Thu 30-11-06 <br/> 
1:26 Thu 30-11-06 <br/> 
23:56 Thu 30-11-06 <br/> 
10:08 Fri 01-12-06 <br/> 
12:02 Sat 02-12-06 <br/> 
12:09 Sat 02-12-06 <br/> 
12:17 Sat 02-12-06 <br/> 
17:19 Sat 02-12-06 <br/> 
23:41 Sun 03-12-06 <br/> 
23:43 Sun 03-12-06 <br/> 
5:46 Mon 04-12-06 <br/> 
22:35 Tue 05-12-06 <br/> 
19:32 Thu 07-12-06 <br/> 
21:02 Thu 07-12-06 <br/> 
11:44 Fri 08-12-06 <br/> 
15:12 Fri 08-12-06 <br/> 
15:13 Fri 08-12-06 <br/> 
16:13 Fri 08-12-06 <br/> 
0:15 Sat 09-12-06 <br/> 
3:39 Sat 09-12-06 <br/> 
12:56 Sat 09-12-06 <br/> 
14:32 Sat 09-12-06 <br/> 
20:51 Sat 09-12-06 <br/> 
21:07 Sat 09-12-06 <br/> 
21:25 Sat 09-12-06 <br/> 
22:57 Sat 09-12-06 <br/> 
22:57 Sat 09-12-06 <br/> 
8:33 Sun 10-12-06 <br/> 
8:34 Mon 11-12-06 <br/> 
19:04 Mon 11-12-06 <br/> 
8:34 Tue 12-12-06 <br/> 
15:11 Tue 12-12-06 <br/> 
21:41 Tue 12-12-06 <br/> 
22:15 Tue 12-12-06 <br/> 
22:46 Tue 12-12-06 <br/> 
0:06 Wed 13-12-06 <br/> 
8:34 Wed 13-12-06 <br/> 
0:12 Thu 14-12-06 <br/> 
0:32 Thu 14-12-06 <br/> 
13:24 Thu 14-12-06 <br/> 
13:24 Thu 14-12-06 <br/> 
18:10 Thu 14-12-06 <br/> 
23:47 Thu 14-12-06 <br/> 
7:09 Fri 15-12-06 <br/> 
16:54 Sat 16-12-06 <br/> 
18:07 Sat 16-12-06 <br/> 
18:18 Sat 16-12-06 <br/> 
21:25 Sat 16-12-06 <br/> 
1:16 Sun 17-12-06 <br/> 
8:32 Sun 17-12-06 <br/> 
7:24 Mon 18-12-06 <br/> 
9:22 Mon 18-12-06 <br/> 
9:23 Mon 18-12-06 <br/> 
18:08 Mon 18-12-06 <br/> 
7:26 Tue 19-12-06 <br/> 
7:55 Tue 19-12-06 <br/> 
16:35 Tue 19-12-06 <br/> 
7:26 Wed 20-12-06 <br/> 
7:27 Thu 21-12-06 <br/> 
15:23 Fri 22-12-06 <br/> 
15:29 Fri 22-12-06 <br/> 
16:55 Sat 23-12-06 <br/> 
18:19 Sat 23-12-06 <br/> 
21:26 Sat 23-12-06 <br/> 
12:49 Sun 24-12-06 <br/> 
14:36 Sun 24-12-06 <br/> 
16:35 Sun 24-12-06 <br/> 
18:19 Sun 24-12-06 <br/> 
13:27 Mon 25-12-06 <br/> 
0:19 Tue 26-12-06 <br/> 
4:32 Tue 26-12-06 <br/> 
4:32 Tue 26-12-06 <br/> 
4:32 Tue 26-12-06 <br/> 
4:32 Tue 26-12-06 <br/> 
4:33 Tue 26-12-06 <br/> 
8:47 Tue 26-12-06 <br/> 
8:48 Tue 26-12-06 <br/> 
8:48 Tue 26-12-06 <br/> 
12:28 Tue 26-12-06 <br/> 
12:33 Tue 26-12-06 <br/> 
6:42 Wed 27-12-06 <br/> 
10:36 Wed 27-12-06 <br/> 
20:00 Wed 27-12-06 <br/> 
21:55 Wed 27-12-06 <br/> 
23:28 Wed 27-12-06 <br/> 
23:28 Wed 27-12-06 <br/> 
23:59 Wed 27-12-06 <br/> 
0:14 Thu 28-12-06 <br/> 
0:30 Thu 28-12-06 <br/> 
0:44 Thu 28-12-06 <br/> 
1:26 Thu 28-12-06 <br/> 
1:44 Thu 28-12-06 <br/> 
7:28 Thu 28-12-06 <br/> 
8:49 Thu 28-12-06 <br/> 
14:09 Thu 28-12-06 <br/> 
14:09 Thu 28-12-06 <br/> 
19:43 Thu 28-12-06 <br/> 
8:39 Sat 30-12-06 <br/> 
10:22 Sat 30-12-06 <br/> 
10:23 Sat 30-12-06 <br/> 
16:55 Sat 30-12-06 <br/> 
20:11 Sat 30-12-06 <br/> 
20:51 Sat 30-12-06 <br/> 
1:36 Sun 31-12-06 <br/> 
4:13 Mon 01-01-07 <br/> 
4:15 Mon 01-01-07 <br/> 
15:11 Mon 01-01-07 <br/> 
20:02 Mon 01-01-07 <br/> 
23:57 Mon 01-01-07 <br/> 
23:57 Mon 01-01-07 <br/> 
12:05 Tue 02-01-07 <br/> 
16:10 Tue 02-01-07 <br/> 
18:34 Tue 02-01-07 <br/> 
19:32 Tue 02-01-07 <br/> 
2:56 Wed 03-01-07 <br/> 
5:20 Wed 03-01-07 <br/> 
6:56 Wed 03-01-07 <br/> 
7:11 Wed 03-01-07 <br/> 
7:33 Thu 04-01-07 <br/> 
9:30 Thu 04-01-07 <br/> 
10:38 Thu 04-01-07 <br/> 
12:56 Thu 04-01-07 <br/> 
5:38 Fri 05-01-07 <br/> 
13:37 Fri 05-01-07 <br/> 
14:26 Fri 05-01-07 <br/> 
16:40 Fri 05-01-07 <br/> 
17:13 Fri 05-01-07 <br/> 
18:03 Fri 05-01-07 <br/> 
19:07 Fri 05-01-07 <br/> 
23:17 Fri 05-01-07 <br/> 
1:21 Sat 06-01-07 <br/> 
1:22 Sat 06-01-07 <br/> 
1:23 Sat 06-01-07 <br/> 
1:23 Sat 06-01-07 <br/> 
1:24 Sat 06-01-07 <br/> 
1:25 Sat 06-01-07 <br/> 
1:25 Sat 06-01-07 <br/> 
7:58 Sat 06-01-07 <br/> 
12:18 Sat 06-01-07 <br/> 
15:18 Sat 06-01-07 <br/> 
23:29 Sat 06-01-07 <br/> 
23:50 Sat 06-01-07 <br/> 
23:55 Sat 06-01-07 <br/> 
0:19 Sun 07-01-07 <br/> 
2:02 Sun 07-01-07 <br/> 
20:56 Sun 07-01-07 <br/> 
23:36 Sun 07-01-07 <br/> 
21:52 Mon 08-01-07 <br/> 
21:54 Mon 08-01-07 <br/> 
8:49 Tue 09-01-07 <br/> 
18:25 Tue 09-01-07 <br/> 
18:25 Tue 09-01-07 <br/> 
0:34 Wed 10-01-07 <br/> 
8:02 Wed 10-01-07 <br/> 
13:55 Wed 10-01-07 <br/> 
23:13 Wed 10-01-07 <br/> 
23:14 Wed 10-01-07 <br/> 
23:26 Wed 10-01-07 <br/> 
20:54 Thu 11-01-07 <br/> 
20:54 Thu 11-01-07 <br/> 
8:40 Fri 12-01-07 <br/> 
8:40 Fri 12-01-07 <br/> 
11:19 Fri 12-01-07 <br/> 
14:37 Fri 12-01-07 <br/> 
14:37 Fri 12-01-07 <br/> 
17:55 Fri 12-01-07 <br/> 
2:23 Sat 13-01-07 <br/> 
5:51 Sat 13-01-07 <br/> 
12:50 Sat 13-01-07 <br/> 
1:27 Sun 14-01-07 <br/> 
7:47 Sun 14-01-07 <br/> 
22:49 Sun 14-01-07 <br/> 
0:50 Mon 15-01-07 <br/> 
1:26 Mon 15-01-07 <br/> 
1:27 Mon 15-01-07 <br/> 
13:52 Mon 15-01-07 <br/> 
17:21 Mon 15-01-07 <br/> 
17:21 Mon 15-01-07 <br/> 
20:44 Mon 15-01-07 <br/> 
20:44 Mon 15-01-07 <br/> 
20:44 Mon 15-01-07 <br/> 
14:32 Tue 16-01-07 <br/> 
14:33 Tue 16-01-07 <br/> 
14:33 Tue 16-01-07 <br/> 
14:33 Tue 16-01-07 <br/> 
14:33 Tue 16-01-07 <br/> 
23:14 Tue 16-01-07 <br/> 
1:37 Wed 17-01-07 <br/> 
8:26 Wed 17-01-07 <br/> 
23:17 Wed 17-01-07 <br/> 
8:26 Thu 18-01-07 <br/> 
8:27 Thu 18-01-07 <br/> 
14:30 Thu 18-01-07 <br/> 
5:53 Fri 19-01-07 <br/> 
8:28 Fri 19-01-07 <br/> 
15:10 Fri 19-01-07 <br/> 
15:10 Fri 19-01-07 <br/> 
15:11 Fri 19-01-07 <br/> 
15:11 Fri 19-01-07 <br/> 
17:01 Fri 19-01-07 <br/> 
17:01 Fri 19-01-07 <br/> 
17:01 Fri 19-01-07 <br/> 
17:01 Fri 19-01-07 <br/> 
19:17 Fri 19-01-07 <br/> 
19:24 Fri 19-01-07 <br/> 
1:45 Sat 20-01-07 <br/> 
8:31 Sat 20-01-07 <br/> 
11:16 Sat 20-01-07 <br/> 
11:16 Sat 20-01-07 <br/> 
12:24 Sat 20-01-07 <br/> 
12:24 Sat 20-01-07 <br/> 
12:24 Sat 20-01-07 <br/> 
16:20 Sat 20-01-07 <br/> 
21:49 Sat 20-01-07 <br/> 
22:18 Sat 20-01-07 <br/> 
5:37 Sun 21-01-07 <br/> 
6:22 Sun 21-01-07 <br/> 
6:57 Sun 21-01-07 <br/> 
8:00 Sun 21-01-07 <br/> 
10:54 Sun 21-01-07 <br/> 
23:44 Sun 21-01-07 <br/> 
2:25 Mon 22-01-07 <br/> 
2:25 Mon 22-01-07 <br/> 
7:22 Mon 22-01-07 <br/> 
8:50 Mon 22-01-07 <br/> 
8:50 Mon 22-01-07 <br/> 
8:50 Mon 22-01-07 <br/> 
8:50 Mon 22-01-07 <br/> 
14:05 Mon 22-01-07 <br/> 
22:45 Mon 22-01-07 <br/> 
1:46 Tue 23-01-07 <br/> 
5:54 Tue 23-01-07 <br/> 
11:52 Tue 23-01-07 <br/> 
23:06 Tue 23-01-07 <br/> 
23:07 Tue 23-01-07 <br/> 
23:08 Tue 23-01-07 <br/> 
23:08 Tue 23-01-07 <br/> 
0:29 Wed 24-01-07 <br/> 
3:35 Wed 24-01-07 <br/> 
3:35 Wed 24-01-07 <br/> 
5:03 Wed 24-01-07 <br/> 
16:10 Wed 24-01-07 <br/> 
21:58 Wed 24-01-07 <br/> 
22:51 Wed 24-01-07 <br/> 
23:54 Wed 24-01-07 <br/> 
0:06 Thu 25-01-07 <br/> 
7:38 Thu 25-01-07 <br/> 
8:30 Thu 25-01-07 <br/> 
1:55 Fri 26-01-07 <br/> 
4:25 Fri 26-01-07 <br/> 
4:25 Fri 26-01-07 <br/> 
13:57 Fri 26-01-07 <br/> 
13:57 Fri 26-01-07 <br/> 
22:04 Fri 26-01-07 <br/> 
23:38 Fri 26-01-07 <br/> 
2:50 Sat 27-01-07 <br/> 
10:57 Sat 27-01-07 <br/> 
11:33 Sat 27-01-07 <br/> 
16:42 Sat 27-01-07 <br/> 
17:36 Sat 27-01-07 <br/> 
8:17 Sun 28-01-07 <br/> 
14:27 Sun 28-01-07 <br/> 
14:31 Sun 28-01-07 <br/> 
17:42 Sun 28-01-07 <br/> 
21:52 Sun 28-01-07 <br/> 
21:52 Sun 28-01-07 <br/> 
0:11 Mon 29-01-07 <br/> 
8:30 Mon 29-01-07 <br/> 
8:30 Mon 29-01-07 <br/> 
8:30 Mon 29-01-07 <br/> 
8:58 Mon 29-01-07 <br/> 
8:59 Mon 29-01-07 <br/> 
13:53 Mon 29-01-07 <br/> 
14:42 Mon 29-01-07 <br/> 
17:44 Mon 29-01-07 <br/> 
0:47 Tue 30-01-07 <br/> 
18:24 Tue 30-01-07 <br/> 
18:24 Tue 30-01-07 <br/> 
20:54 Tue 30-01-07 <br/> 
20:58 Tue 30-01-07 <br/> 
6:44 Wed 31-01-07 <br/> 
8:27 Wed 31-01-07 <br/> 
8:27 Wed 31-01-07 <br/> 
11:25 Wed 31-01-07 <br/> 
15:47 Wed 31-01-07 <br/> 
17:57 Wed 31-01-07 <br/> 
22:08 Wed 31-01-07 <br/> 
0:10 Thu 01-02-07 <br/> 
8:45 Thu 01-02-07 <br/> 
10:10 Thu 01-02-07 <br/> 
12:13 Thu 01-02-07 <br/> 
16:20 Thu 01-02-07 <br/> 
5:56 Fri 02-02-07 <br/> 
13:49 Fri 02-02-07 <br/> 
19:02 Fri 02-02-07 <br/> 
23:21 Fri 02-02-07 <br/> 
0:14 Sat 03-02-07 <br/> 
15:53 Sat 03-02-07 <br/> 
15:54 Sat 03-02-07 <br/> 
15:56 Sat 03-02-07 <br/> 
15:56 Sat 03-02-07 <br/> 
16:27 Sat 03-02-07 <br/> 
16:27 Sat 03-02-07 <br/> 
16:27 Sat 03-02-07 <br/> 
18:04 Sat 03-02-07 <br/> 
18:39 Sat 03-02-07 <br/> 
0:39 Sun 04-02-07 <br/> 
2:52 Sun 04-02-07 <br/> 
9:25 Sun 04-02-07 <br/> 
10:13 Sun 04-02-07 <br/> 
11:51 Sun 04-02-07 <br/> 
15:14 Sun 04-02-07 <br/> 
16:32 Sun 04-02-07 <br/> 
20:02 Sun 04-02-07 <br/> 
22:09 Sun 04-02-07 <br/> 
5:58 Mon 05-02-07 <br/> 
15:12 Mon 05-02-07 <br/> 
15:12 Mon 05-02-07 <br/> 
0:42 Tue 06-02-07 <br/> 
10:32 Tue 06-02-07 <br/> 
16:32 Tue 06-02-07 <br/> 
19:57 Tue 06-02-07 <br/> 
1:02 Wed 07-02-07 <br/> 
2:13 Wed 07-02-07 <br/> 
5:46 Wed 07-02-07 <br/> 
7:21 Wed 07-02-07 <br/> 
9:12 Wed 07-02-07 <br/> 
10:55 Wed 07-02-07 <br/> 
0:01 Thu 08-02-07 <br/> 
0:50 Thu 08-02-07 <br/> 
23:31 Thu 08-02-07 <br/> 
15:35 Fri 09-02-07 <br/> 
16:23 Fri 09-02-07 <br/> 
19:10 Fri 09-02-07 <br/> 
21:11 Fri 09-02-07 <br/> 
0:40 Sat 10-02-07 <br/> 
19:44 Sat 10-02-07 <br/> 
19:57 Sat 10-02-07 <br/> 
21:20 Sun 11-02-07 <br/> 
21:20 Sun 11-02-07 <br/> 
20:00 Tue 13-02-07 <br/> 
20:00 Tue 13-02-07 <br/> 
2:09 Wed 14-02-07 <br/> 
12:28 Wed 14-02-07 <br/> 
16:19 Wed 14-02-07 <br/> 
19:52 Wed 14-02-07 <br/> 
22:30 Wed 14-02-07 <br/> 
17:54 Thu 15-02-07 <br/> 
21:20 Thu 15-02-07 <br/> 
8:03 Fri 16-02-07 <br/> 
0:52 Sat 17-02-07 <br/> 
1:34 Sat 17-02-07 <br/> 
17:58 Sat 17-02-07 <br/> 
18:08 Sat 17-02-07 <br/> 
18:24 Sat 17-02-07 <br/> 
19:44 Sat 17-02-07 <br/> 
23:55 Sat 17-02-07 <br/> 
21:25 Sun 18-02-07 <br/> 
21:25 Sun 18-02-07 <br/> 
23:10 Sun 18-02-07 <br/> 
4:29 Mon 19-02-07 <br/> 
8:57 Mon 19-02-07 <br/> 
14:27 Mon 19-02-07 <br/> 
9:08 Tue 20-02-07 <br/> 
17:34 Tue 20-02-07 <br/> 
23:59 Tue 20-02-07 <br/> 
9:04 Wed 21-02-07 <br/> 
10:15 Wed 21-02-07 <br/> 
14:15 Wed 21-02-07 <br/> 
14:46 Wed 21-02-07 <br/> 
8:34 Thu 22-02-07 <br/> 
8:34 Thu 22-02-07 <br/> 
14:06 Thu 22-02-07 <br/> 
1:00 Fri 23-02-07 <br/> 
11:55 Fri 23-02-07 <br/> 
12:25 Fri 23-02-07 <br/> 
18:59 Fri 23-02-07 <br/> 
21:12 Fri 23-02-07 <br/> 
21:12 Fri 23-02-07 <br/> 
23:59 Fri 23-02-07 <br/> 
13:44 Sat 24-02-07 <br/> 
15:03 Sat 24-02-07 <br/> 
19:29 Sat 24-02-07 <br/> 
19:30 Sat 24-02-07 <br/> 
19:30 Sat 24-02-07 <br/> 
23:58 Sat 24-02-07 <br/> 
2:07 Sun 25-02-07 <br/> 
5:19 Sun 25-02-07 <br/> 
8:46 Sun 25-02-07 <br/> 
20:37 Sun 25-02-07 <br/> 
8:32 Mon 26-02-07 <br/> 
22:36 Mon 26-02-07 <br/> 
22:36 Mon 26-02-07 <br/> 
0:27 Tue 27-02-07 <br/> 
2:33 Tue 27-02-07 <br/> 
20:34 Tue 27-02-07 <br/> 
5:15 Wed 28-02-07 <br/> 
5:19 Wed 28-02-07 <br/> 
19:44 Wed 28-02-07 <br/> 
22:38 Wed 28-02-07 <br/> 
22:42 Wed 28-02-07 <br/> 
20:58 Thu 01-03-07 <br/> 
0:07 Fri 02-03-07 <br/> 
17:53 Fri 02-03-07 <br/> 
17:53 Fri 02-03-07 <br/> 
1:19 Sat 03-03-07 <br/> 
2:18 Sat 03-03-07 <br/> 
23:46 Sat 03-03-07 <br/> 
0:01 Sun 04-03-07 <br/> 
10:58 Sun 04-03-07 <br/> 
11:13 Sun 04-03-07 <br/> 
4:10 Mon 05-03-07 <br/> 
15:31 Mon 05-03-07 <br/> 
10:58 Tue 06-03-07 <br/> 
10:58 Tue 06-03-07 <br/> 
14:31 Tue 06-03-07 <br/> 
19:26 Tue 06-03-07 <br/> 
1:32 Wed 07-03-07 <br/> 
7:12 Thu 08-03-07 <br/> 
2:59 Sat 10-03-07 <br/> 
2:59 Sat 10-03-07 <br/> 
2:59 Sat 10-03-07 <br/> 
3:00 Sat 10-03-07 <br/> 
13:22 Sat 10-03-07 <br/> 
13:45 Sat 10-03-07 <br/> 
3:20 Sun 11-03-07 <br/> 
8:10 Sun 11-03-07 <br/> 
19:15 Sun 11-03-07 <br/> 
2:57 Mon 12-03-07 <br/> 
4:19 Mon 12-03-07 <br/> 
12:16 Mon 12-03-07 <br/> 
6:29 Tue 13-03-07 <br/> 
15:43 Tue 13-03-07 <br/> 
0:13 Wed 14-03-07 <br/> 
0:13 Wed 14-03-07 <br/> 
3:51 Wed 14-03-07 <br/> 
11:36 Wed 14-03-07 <br/> 
11:36 Wed 14-03-07 <br/> 
11:36 Wed 14-03-07 <br/> 
11:37 Wed 14-03-07 <br/> 
13:37 Wed 14-03-07 <br/> 
13:37 Wed 14-03-07 <br/> 
13:37 Wed 14-03-07 <br/> 
13:37 Wed 14-03-07 <br/> 
13:37 Wed 14-03-07 <br/> 
13:38 Wed 14-03-07 <br/> 
13:38 Wed 14-03-07 <br/> 
13:38 Wed 14-03-07 <br/> 
16:12 Wed 14-03-07 <br/> 
16:16 Thu 15-03-07 <br/> 
16:28 Thu 15-03-07 <br/> 
7:53 Fri 16-03-07 <br/> 
8:49 Fri 16-03-07 <br/> 
10:36 Fri 16-03-07 <br/> 
23:38 Fri 16-03-07 <br/> 
1:15 Sat 17-03-07 <br/> 
2:25 Sat 17-03-07 <br/> 
11:45 Sat 17-03-07 <br/> 
5:14 Sun 18-03-07 <br/> 
17:17 Sun 18-03-07 <br/> 
17:18 Sun 18-03-07 <br/> 
17:18 Sun 18-03-07 <br/> 
17:20 Sun 18-03-07 <br/> 
21:48 Sun 18-03-07 <br/> 
22:01 Sun 18-03-07 <br/> 
3:40 Mon 19-03-07 <br/> 
16:28 Mon 19-03-07 <br/> 
20:06 Mon 19-03-07 <br/> 
22:54 Mon 19-03-07 <br/> 
23:47 Mon 19-03-07 <br/> 
5:49 Tue 20-03-07 <br/> 
12:21 Wed 21-03-07 <br/> 
13:11 Wed 21-03-07 <br/> 
0:59 Thu 22-03-07 <br/> 
7:41 Thu 22-03-07 <br/> 
7:41 Thu 22-03-07 <br/> 
3:05 Fri 23-03-07 <br/> 
3:05 Fri 23-03-07 <br/> 
5:13 Fri 23-03-07 <br/> 
6:28 Sat 24-03-07 <br/> 
6:44 Sat 24-03-07 <br/> 
9:53 Sat 24-03-07 <br/> 
9:55 Sat 24-03-07 <br/> 
9:55 Sat 24-03-07 <br/> 
9:55 Sat 24-03-07 <br/> 
12:33 Sat 24-03-07 <br/> 
4:40 Sun 25-03-07 <br/> 
9:08 Sun 25-03-07 <br/> 
21:51 Sun 25-03-07 <br/> 
22:16 Sun 25-03-07 <br/> 
22:16 Sun 25-03-07 <br/> 
15:30 Mon 26-03-07 <br/> 
9:27 Tue 27-03-07 <br/> 
4:05 Wed 28-03-07 <br/> 
23:17 Thu 29-03-07 <br/> 
23:17 Thu 29-03-07 <br/> 
14:59 Fri 30-03-07 <br/> 
23:45 Fri 30-03-07 <br/> 
0:10 Sat 31-03-07 <br/> 
0:04 Sun 01-04-07 <br/> 
0:29 Sun 01-04-07 <br/> 
3:02 Sun 01-04-07 <br/> 
3:08 Sun 01-04-07 <br/> 
3:56 Sun 01-04-07 <br/> 
13:34 Sun 01-04-07 <br/> 
13:36 Sun 01-04-07 <br/> 
16:08 Mon 02-04-07 <br/> 
16:08 Mon 02-04-07 <br/> 
17:59 Tue 03-04-07 <br/> 
23:51 Tue 03-04-07 <br/> 
9:24 Wed 04-04-07 <br/> 
20:20 Wed 04-04-07 <br/> 
0:06 Thu 05-04-07 <br/> 
0:22 Thu 05-04-07 <br/> 
5:01 Thu 05-04-07 <br/> 
13:45 Thu 05-04-07 <br/> 
13:46 Thu 05-04-07 <br/> 
5:17 Fri 06-04-07 <br/> 
1:28 Sat 07-04-07 <br/> 
14:57 Sat 07-04-07 <br/> 
6:48 Sun 08-04-07 <br/> 
6:48 Sun 08-04-07 <br/> 
9:08 Sun 08-04-07 <br/> 
1:49 Mon 09-04-07 <br/> 
4:04 Tue 10-04-07 <br/> 
12:48 Tue 10-04-07 <br/> 
20:37 Tue 10-04-07 <br/> 
20:37 Tue 10-04-07 <br/> 
19:48 Wed 11-04-07 <br/> 
21:24 Wed 11-04-07 <br/> 
0:04 Thu 12-04-07 <br/> 
16:56 Thu 12-04-07 <br/> 
22:10 Thu 12-04-07 <br/> 
22:10 Thu 12-04-07 <br/> 
22:55 Thu 12-04-07 <br/> 
22:55 Thu 12-04-07 <br/> 
23:57 Fri 13-04-07 <br/> 
7:25 Sat 14-04-07 <br/> 
9:14 Sat 14-04-07 <br/> 
9:14 Sat 14-04-07 <br/> 
9:15 Sat 14-04-07 <br/> 
9:15 Sat 14-04-07 <br/> 
14:26 Sat 14-04-07 <br/> 
18:20 Sat 14-04-07 <br/> 
20:23 Sat 14-04-07 <br/> 
2:19 Mon 16-04-07 <br/> 
2:59 Mon 16-04-07 <br/> 
11:47 Mon 16-04-07 <br/> 
22:09 Mon 16-04-07 <br/> 
0:11 Tue 17-04-07 <br/> 
0:54 Tue 17-04-07 <br/> 
11:06 Wed 18-04-07 <br/> 
0:19 Thu 19-04-07 <br/> 
11:56 Thu 19-04-07 <br/> 
11:57 Thu 19-04-07 <br/> 
11:57 Thu 19-04-07 <br/> 
9:10 Fri 20-04-07 <br/> 
4:30 Sat 21-04-07 <br/> 
10:04 Sat 21-04-07 <br/> 
22:55 Sat 21-04-07 <br/> 
22:57 Sat 21-04-07 <br/> 
7:23 Sun 22-04-07 <br/> 
7:24 Sun 22-04-07 <br/> 
19:53 Sun 22-04-07 <br/> 
2:44 Mon 23-04-07 <br/> 
6:05 Mon 23-04-07 <br/> 
7:14 Mon 23-04-07 <br/> 
7:16 Mon 23-04-07 <br/> 
7:16 Mon 23-04-07 <br/> 
0:37 Tue 24-04-07 <br/> 
0:43 Tue 24-04-07 <br/> 
3:26 Tue 24-04-07 <br/> 
8:52 Wed 25-04-07 <br/> 
20:34 Wed 25-04-07 <br/> 
23:24 Wed 25-04-07 <br/> 
0:35 Fri 27-04-07 <br/> 
10:16 Fri 27-04-07 <br/> 
15:24 Fri 27-04-07 <br/> 
18:39 Fri 27-04-07 <br/> 
18:39 Fri 27-04-07 <br/> 
0:56 Sat 28-04-07 <br/> 
13:40 Sat 28-04-07 <br/> 
17:10 Sat 28-04-07 <br/> 
4:04 Sun 29-04-07 <br/> 
12:37 Sun 29-04-07 <br/> 
15:51 Sun 29-04-07 <br/> 
5:26 Tue 01-05-07 <br/> 
1:59 Wed 02-05-07 <br/> 
3:50 Thu 03-05-07 <br/> 
5:01 Thu 03-05-07 <br/> 
21:08 Fri 04-05-07 <br/> 
21:08 Fri 04-05-07 <br/> 
21:08 Fri 04-05-07 <br/> 
21:08 Fri 04-05-07 <br/> 
21:09 Fri 04-05-07 <br/> 
21:09 Fri 04-05-07 <br/> 
10:12 Sun 06-05-07 <br/> 
19:33 Sun 06-05-07 <br/> 
19:33 Sun 06-05-07 <br/> 
19:28 Mon 07-05-07 <br/> 
0:08 Tue 08-05-07 <br/> 
10:04 Tue 08-05-07 <br/> 
16:16 Tue 08-05-07 <br/> 
22:05 Tue 08-05-07 <br/> 
2:35 Wed 09-05-07 <br/> 
13:57 Thu 10-05-07 <br/> 
14:25 Thu 10-05-07 <br/> 
14:25 Thu 10-05-07 <br/> 
15:14 Thu 10-05-07 <br/> 
17:54 Thu 10-05-07 <br/> 
17:54 Thu 10-05-07 <br/> 
17:54 Thu 10-05-07 <br/> 
17:54 Thu 10-05-07 <br/> 
17:54 Thu 10-05-07 <br/> 
17:54 Thu 10-05-07 <br/> 
17:54 Thu 10-05-07 <br/> 
0:32 Fri 11-05-07 <br/> 
8:24 Sat 12-05-07 <br/> 
9:49 Sat 12-05-07 <br/> 
14:24 Sat 12-05-07 <br/> 
15:13 Sat 12-05-07 <br/> 
9:05 Sun 13-05-07 <br/> 
13:09 Sun 13-05-07 <br/> 
0:33 Mon 14-05-07 <br/> 
1:09 Tue 15-05-07 <br/> 
6:37 Tue 15-05-07 <br/> 
6:37 Tue 15-05-07 <br/> 
6:37 Tue 15-05-07 <br/> 
6:38 Tue 15-05-07 <br/> 
0:45 Wed 16-05-07 <br/> 
0:45 Wed 16-05-07 <br/> 
0:45 Wed 16-05-07 <br/> 
6:03 Wed 16-05-07 <br/> 
16:41 Wed 16-05-07 <br/> 
20:04 Wed 16-05-07 <br/> 
10:45 Thu 17-05-07 <br/> 
10:45 Thu 17-05-07 <br/> 
10:45 Thu 17-05-07 <br/> 
10:46 Thu 17-05-07 <br/> 
10:46 Thu 17-05-07 <br/> 
11:11 Thu 17-05-07 <br/> 
12:35 Thu 17-05-07 <br/> 
11:52 Fri 18-05-07 <br/> 
17:04 Fri 18-05-07 <br/> 
17:05 Fri 18-05-07 <br/> 
17:05 Fri 18-05-07 <br/> 
6:08 Sat 19-05-07 <br/> 
17:13 Sat 19-05-07 <br/> 
6:46 Sun 20-05-07 <br/> 
5:38 Mon 21-05-07 <br/> 
9:09 Mon 21-05-07 <br/> 
6:19 Tue 22-05-07 <br/> 
7:56 Tue 22-05-07 <br/> 
12:57 Tue 22-05-07 <br/> 
16:32 Tue 22-05-07 <br/> 
20:08 Thu 24-05-07 <br/> 
14:21 Sat 26-05-07 <br/> 
19:55 Sat 26-05-07 <br/> 
1:22 Sun 27-05-07 <br/> 
1:22 Sun 27-05-07 <br/> 
1:23 Sun 27-05-07 <br/> 
23:02 Mon 28-05-07 <br/> 
1:47 Tue 29-05-07 <br/> 
2:33 Wed 30-05-07 <br/> 
7:41 Wed 30-05-07 <br/> 
12:06 Wed 30-05-07 <br/> 
15:04 Wed 30-05-07 <br/> 
15:05 Wed 30-05-07 <br/> 
15:05 Wed 30-05-07 <br/> 
15:05 Wed 30-05-07 <br/> 
15:05 Wed 30-05-07 <br/> 
15:05 Wed 30-05-07 <br/> 
15:05 Wed 30-05-07 <br/> 
15:05 Wed 30-05-07 <br/> 
15:07 Wed 30-05-07 <br/> 
15:08 Wed 30-05-07 <br/> 
21:59 Wed 30-05-07 <br/> 
0:03 Thu 31-05-07 <br/> 
9:01 Thu 31-05-07 <br/> 
19:25 Sat 02-06-07 <br/> 
22:10 Sat 02-06-07 <br/> 
22:11 Sat 02-06-07 <br/> 
1:05 Sun 03-06-07 <br/> 
11:35 Sun 03-06-07 <br/> 
20:20 Sun 03-06-07 <br/> 
3:11 Mon 04-06-07 <br/> 
22:27 Mon 04-06-07 <br/> 
2:06 Tue 05-06-07 <br/> 
16:37 Tue 05-06-07 <br/> 
23:58 Wed 06-06-07 <br/> 
0:44 Fri 08-06-07 <br/> 
23:22 Mon 11-06-07 <br/> 
23:22 Mon 11-06-07 <br/> 
23:23 Mon 11-06-07 <br/> 
23:44 Mon 11-06-07 <br/> 
7:02 Tue 12-06-07 <br/> 
10:10 Tue 12-06-07 <br/> 
19:14 Tue 12-06-07 <br/> 
19:23 Tue 12-06-07 <br/> 
19:29 Tue 12-06-07 <br/> 
19:31 Tue 12-06-07 <br/> 
13:55 Wed 13-06-07 <br/> 
8:35 Thu 14-06-07 <br/> 
8:44 Thu 14-06-07 <br/> 
9:24 Fri 15-06-07 <br/> 
10:08 Fri 15-06-07 <br/> 
14:52 Fri 15-06-07 <br/> 
15:05 Fri 15-06-07 <br/> 
12:53 Sat 16-06-07 <br/> 
20:59 Sat 16-06-07 <br/> 
21:51 Mon 18-06-07 <br/> 
21:51 Mon 18-06-07 <br/> 
0:08 Tue 19-06-07 <br/> 
4:45 Tue 19-06-07 <br/> 
15:28 Tue 19-06-07 <br/> 
19:12 Wed 20-06-07 <br/> 
23:49 Wed 20-06-07 <br/> 
10:50 Thu 21-06-07 <br/> 
19:08 Thu 21-06-07 <br/> 
19:10 Thu 21-06-07 <br/> 
0:09 Fri 22-06-07 <br/> 
11:32 Fri 22-06-07 <br/> 
20:26 Fri 22-06-07 <br/> 
21:05 Fri 22-06-07 <br/> 
23:56 Fri 22-06-07 <br/> 
8:49 Sat 23-06-07 <br/> 
12:09 Sat 23-06-07 <br/> 
22:47 Sat 23-06-07 <br/> 
22:48 Sat 23-06-07 <br/> 
5:10 Sun 24-06-07 <br/> 
10:30 Sun 24-06-07 <br/> 
19:39 Sun 24-06-07 <br/> 
19:40 Sun 24-06-07 <br/> 
23:20 Sun 24-06-07 <br/> 
3:29 Mon 25-06-07 <br/> 
13:15 Mon 25-06-07 <br/> 
13:16 Mon 25-06-07 <br/> 
13:16 Mon 25-06-07 <br/> 
13:16 Mon 25-06-07 <br/> 
13:16 Mon 25-06-07 <br/> 
13:16 Mon 25-06-07 <br/> 
13:17 Mon 25-06-07 <br/> 
13:17 Mon 25-06-07 <br/> 
13:17 Mon 25-06-07 <br/> 
13:17 Mon 25-06-07 <br/> 
13:31 Mon 25-06-07 <br/> 
19:46 Mon 25-06-07 <br/> 
19:46 Mon 25-06-07 <br/> 
19:48 Mon 25-06-07 <br/> 
19:49 Mon 25-06-07 <br/> 
0:16 Tue 26-06-07 <br/> 
0:41 Tue 26-06-07 <br/> 
20:37 Tue 26-06-07 <br/> 
3:45 Wed 27-06-07 <br/> 
14:13 Wed 27-06-07 <br/> 
22:17 Wed 27-06-07 <br/> 
0:28 Thu 28-06-07 <br/> 
14:04 Thu 28-06-07 <br/> 
15:10 Thu 28-06-07 <br/> 
15:10 Thu 28-06-07 <br/> 
11:44 Fri 29-06-07 <br/> 
17:10 Fri 29-06-07 <br/> 
20:52 Sat 30-06-07 <br/> 
21:17 Sat 30-06-07 <br/> 
21:41 Sat 30-06-07 <br/> 
21:56 Sat 30-06-07 <br/> 
22:00 Sat 30-06-07 <br/> 
22:41 Sat 30-06-07 <br/> 
23:25 Sat 30-06-07 <br/> 
0:21 Sun 01-07-07 <br/> 
0:21 Sun 01-07-07 <br/> 
6:43 Sun 01-07-07 <br/> 
9:10 Sun 01-07-07 <br/> 
9:56 Sun 01-07-07 <br/> 
16:23 Sun 01-07-07 <br/> 
16:42 Sun 01-07-07 <br/> 
19:30 Sun 01-07-07 <br/> 
23:42 Sun 01-07-07 <br/> 
4:21 Mon 02-07-07 <br/> 
7:07 Mon 02-07-07 <br/> 
9:11 Mon 02-07-07 <br/> 
6:26 Tue 03-07-07 <br/> 
6:26 Tue 03-07-07 <br/> 
6:27 Tue 03-07-07 <br/> 
6:27 Tue 03-07-07 <br/> 
6:27 Tue 03-07-07 <br/> 
6:27 Tue 03-07-07 <br/> 
6:27 Tue 03-07-07 <br/> 
7:45 Tue 03-07-07 <br/> 
12:22 Wed 04-07-07 <br/> 
16:45 Wed 04-07-07 <br/> 
19:29 Wed 04-07-07 <br/> 
20:11 Wed 04-07-07 <br/> 
0:05 Thu 05-07-07 <br/> 
7:31 Thu 05-07-07 <br/> 
5:57 Fri 06-07-07 <br/> 
15:20 Fri 06-07-07 <br/> 
10:54 Sat 07-07-07 <br/> 
10:54 Sat 07-07-07 <br/> 
10:54 Sat 07-07-07 <br/> 
10:54 Sat 07-07-07 <br/> 
10:55 Sat 07-07-07 <br/> 
10:55 Sat 07-07-07 <br/> 
16:58 Sat 07-07-07 <br/> 
16:59 Sat 07-07-07 <br/> 
16:59 Sat 07-07-07 <br/> 
22:23 Sat 07-07-07 <br/> 
22:23 Sat 07-07-07 <br/> 
15:13 Sun 08-07-07 <br/> 
16:20 Sun 08-07-07 <br/> 
18:30 Sun 08-07-07 <br/> 
19:04 Sun 08-07-07 <br/> 
19:33 Sun 08-07-07 <br/> 
3:56 Mon 09-07-07 <br/> 
5:45 Mon 09-07-07 <br/> 
16:45 Mon 09-07-07 <br/> 
12:04 Tue 10-07-07 <br/> 
0:45 Wed 11-07-07 <br/> 
0:45 Wed 11-07-07 <br/> 
7:41 Wed 11-07-07 <br/> 
23:46 Wed 11-07-07 <br/> 
14:18 Thu 12-07-07 <br/> 
19:31 Thu 12-07-07 <br/> 
20:28 Thu 12-07-07 <br/> 
20:28 Thu 12-07-07 <br/> 
0:12 Fri 13-07-07 <br/> 
0:12 Fri 13-07-07 <br/> 
0:13 Fri 13-07-07 <br/> 
0:13 Fri 13-07-07 <br/> 
0:13 Fri 13-07-07 <br/> 
0:14 Fri 13-07-07 <br/> 
0:16 Fri 13-07-07 <br/> 
0:23 Fri 13-07-07 <br/> 
0:51 Fri 13-07-07 <br/> 
11:24 Fri 13-07-07 <br/> 
12:22 Fri 13-07-07 <br/> 
14:57 Fri 13-07-07 <br/> 
20:22 Fri 13-07-07 <br/> 
0:53 Sat 14-07-07 <br/> 
5:26 Sat 14-07-07 <br/> 
1:12 Sun 15-07-07 <br/> 
3:08 Sun 15-07-07 <br/> 
4:28 Sun 15-07-07 <br/> 
4:28 Sun 15-07-07 <br/> 
15:25 Sun 15-07-07 <br/> 
18:04 Sun 15-07-07 <br/> 
19:06 Sun 15-07-07 <br/> 
19:35 Sun 15-07-07 <br/> 
19:56 Sun 15-07-07 <br/> 
1:47 Mon 16-07-07 <br/> 
4:00 Mon 16-07-07 <br/> 
5:38 Mon 16-07-07 <br/> 
14:15 Mon 16-07-07 <br/> 
14:15 Mon 16-07-07 <br/> 
21:13 Mon 16-07-07 <br/> 
23:59 Mon 16-07-07 <br/> 
10:04 Tue 17-07-07 <br/> 
14:11 Tue 17-07-07 <br/> 
14:12 Tue 17-07-07 <br/> 
14:12 Tue 17-07-07 <br/> 
0:40 Wed 18-07-07 <br/> 
1:03 Wed 18-07-07 <br/> 
0:25 Thu 19-07-07 <br/> 
1:06 Fri 20-07-07 <br/> 
7:55 Fri 20-07-07 <br/> 
16:40 Fri 20-07-07 <br/> 
16:40 Fri 20-07-07 <br/> 
16:40 Fri 20-07-07 <br/> 
16:40 Fri 20-07-07 <br/> 
16:41 Fri 20-07-07 <br/> 
0:04 Sat 21-07-07 <br/> 
0:35 Sat 21-07-07 <br/> 
13:32 Sat 21-07-07 <br/> 
2:08 Sun 22-07-07 <br/> 
4:47 Sun 22-07-07 <br/> 
19:12 Sun 22-07-07 <br/> 
19:36 Sun 22-07-07 <br/> 
4:01 Mon 23-07-07 <br/> 
0:08 Wed 25-07-07 <br/> 
0:33 Wed 25-07-07 <br/> 
0:33 Wed 25-07-07 <br/> 
3:31 Wed 25-07-07 <br/> 
0:03 Thu 26-07-07 <br/> 
23:54 Thu 26-07-07 <br/> 
0:04 Fri 27-07-07 <br/> 
1:09 Fri 27-07-07 <br/> 
1:09 Fri 27-07-07 <br/> 
1:09 Fri 27-07-07 <br/> 
1:10 Fri 27-07-07 <br/> 
1:10 Fri 27-07-07 <br/> 
1:10 Fri 27-07-07 <br/> 
1:06 Sat 28-07-07 <br/> 
11:33 Sat 28-07-07 <br/> 
11:33 Sat 28-07-07 <br/> 
11:33 Sat 28-07-07 <br/> 
11:33 Sat 28-07-07 <br/> 
1:05 Sun 29-07-07 <br/> 
1:05 Sun 29-07-07 <br/> 
1:05 Sun 29-07-07 <br/> 
1:05 Sun 29-07-07 <br/> 
1:05 Sun 29-07-07 <br/> 
1:05 Sun 29-07-07 <br/> 
1:05 Sun 29-07-07 <br/> 
1:06 Sun 29-07-07 <br/> 
1:06 Sun 29-07-07 <br/> 
1:06 Sun 29-07-07 <br/> 
1:06 Sun 29-07-07 <br/> 
1:06 Sun 29-07-07 <br/> 
1:06 Sun 29-07-07 <br/> 
1:06 Sun 29-07-07 <br/> 
1:06 Sun 29-07-07 <br/> 
1:06 Sun 29-07-07 <br/> 
1:07 Sun 29-07-07 <br/> 
1:07 Sun 29-07-07 <br/> 
1:07 Sun 29-07-07 <br/> 
1:07 Sun 29-07-07 <br/> 
1:07 Sun 29-07-07 <br/> 
2:03 Sun 29-07-07 <br/> 
23:35 Sun 29-07-07 <br/> 
23:37 Sun 29-07-07 <br/> 
23:37 Sun 29-07-07 <br/> 
23:37 Sun 29-07-07 <br/> 
23:37 Sun 29-07-07 <br/> 
23:38 Sun 29-07-07 <br/> 
23:38 Sun 29-07-07 <br/> 
0:02 Mon 30-07-07 <br/> 
1:41 Mon 30-07-07 <br/> 
11:52 Mon 30-07-07 <br/> 
0:11 Tue 31-07-07 <br/> 
5:59 Tue 31-07-07 <br/> 
6:52 Tue 31-07-07 <br/> 
6:52 Tue 31-07-07 <br/> 
6:53 Tue 31-07-07 <br/> 
6:53 Tue 31-07-07 <br/> 
6:53 Tue 31-07-07 <br/> 
11:00 Tue 31-07-07 <br/> 
11:00 Tue 31-07-07 <br/> 
11:00 Tue 31-07-07 <br/> 
11:00 Tue 31-07-07 <br/> 
11:02 Tue 31-07-07 <br/> 
12:50 Tue 31-07-07 <br/> 
23:33 Tue 31-07-07 <br/> 
8:56 Wed 01-08-07 <br/> 
2:22 Fri 03-08-07 <br/> 
17:12 Sat 04-08-07 <br/> 
17:12 Sat 04-08-07 <br/> 
17:13 Sat 04-08-07 <br/> 
17:13 Sat 04-08-07 <br/> 
17:13 Sat 04-08-07 <br/> 
18:17 Sat 04-08-07 <br/> 
22:50 Sat 04-08-07 <br/> 
6:13 Sun 05-08-07 <br/> 
14:14 Sun 05-08-07 <br/> 
15:57 Sun 05-08-07 <br/> 
12:01 Tue 07-08-07 <br/> 
12:45 Tue 07-08-07 <br/> 
18:15 Thu 09-08-07 <br/> 
18:15 Thu 09-08-07 <br/> 
18:16 Thu 09-08-07 <br/> 
18:16 Thu 09-08-07 <br/> 
18:16 Thu 09-08-07 <br/> 
23:42 Thu 09-08-07 <br/> 
8:34 Fri 10-08-07 <br/> 
2:29 Sat 11-08-07 <br/> 
6:12 Sat 11-08-07 <br/> 
0:56 Sun 12-08-07 <br/> 
3:31 Sun 12-08-07 <br/> 
4:05 Sun 12-08-07 <br/> 
15:13 Sun 12-08-07 <br/> 
20:47 Sun 12-08-07 <br/> 
20:47 Sun 12-08-07 <br/> 
13:47 Mon 13-08-07 <br/> 
12:02 Tue 14-08-07 <br/> 
13:48 Tue 14-08-07 <br/> 
14:19 Tue 14-08-07 <br/> 
20:45 Tue 14-08-07 <br/> 
20:20 Fri 17-08-07 <br/> 
20:20 Fri 17-08-07 <br/> 
20:22 Fri 17-08-07 <br/> 
1:10 Sun 19-08-07 <br/> 
9:40 Mon 20-08-07 <br/> 
9:40 Mon 20-08-07 <br/> 
9:40 Mon 20-08-07 <br/> 
9:40 Mon 20-08-07 <br/> 
16:59 Mon 20-08-07 <br/> 
12:04 Tue 21-08-07 <br/> 
9:35 Wed 22-08-07 <br/> 
0:22 Thu 23-08-07 <br/> 
6:15 Thu 23-08-07 <br/> 
6:15 Thu 23-08-07 <br/> 
0:24 Fri 24-08-07 <br/> 
0:32 Fri 24-08-07 <br/> 
8:07 Sat 25-08-07 <br/> 
11:37 Sat 25-08-07 <br/> 
20:09 Sat 25-08-07 <br/> 
0:42 Sun 26-08-07 <br/> 
0:42 Sun 26-08-07 <br/> 
1:58 Sun 26-08-07 <br/> 
6:19 Sun 26-08-07 <br/> 
9:10 Sun 26-08-07 <br/> 
11:06 Sun 26-08-07 <br/> 
4:24 Mon 27-08-07 <br/> 
10:32 Mon 27-08-07 <br/> 
17:24 Mon 27-08-07 <br/> 
17:39 Mon 27-08-07 <br/> 
2:25 Tue 28-08-07 <br/> 
5:28 Tue 28-08-07 <br/> 
6:01 Tue 28-08-07 <br/> 
16:24 Tue 28-08-07 <br/> 
17:01 Tue 28-08-07 <br/> 
17:01 Tue 28-08-07 <br/> 
17:02 Tue 28-08-07 <br/> 
17:02 Tue 28-08-07 <br/> 
18:47 Tue 28-08-07 <br/> 
19:00 Tue 28-08-07 <br/> 
3:17 Wed 29-08-07 <br/> 
17:01 Wed 29-08-07 <br/> 
0:01 Thu 30-08-07 <br/> 
0:29 Thu 30-08-07 <br/> 
0:30 Thu 30-08-07 <br/> 
4:21 Thu 30-08-07 <br/> 
4:22 Thu 30-08-07 <br/> 
4:22 Thu 30-08-07 <br/> 
4:23 Thu 30-08-07 <br/> 
4:23 Thu 30-08-07 <br/> 
4:24 Thu 30-08-07 <br/> 
13:34 Sat 01-09-07 <br/> 
14:02 Sat 01-09-07 <br/> 
14:02 Sat 01-09-07 <br/> 
14:03 Sat 01-09-07 <br/> 
9:51 Sun 02-09-07 <br/> 
14:05 Sun 02-09-07 <br/> 
14:05 Sun 02-09-07 <br/> 
14:05 Sun 02-09-07 <br/> 
14:05 Sun 02-09-07 <br/> 
14:06 Sun 02-09-07 <br/> 
14:06 Sun 02-09-07 <br/> 
15:53 Sun 02-09-07 <br/> 
15:53 Sun 02-09-07 <br/> 
15:54 Sun 02-09-07 <br/> 
16:04 Mon 03-09-07 <br/> 
9:29 Tue 04-09-07 <br/> 
4:42 Wed 05-09-07 <br/> 
10:57 Wed 05-09-07 <br/> 
11:02 Wed 05-09-07 <br/> 
0:47 Fri 07-09-07 <br/> 
15:22 Sat 08-09-07 <br/> 
18:20 Sat 08-09-07 <br/> 
20:18 Sat 08-09-07 <br/> 
20:41 Sat 08-09-07 <br/> 
20:41 Sat 08-09-07 <br/> 
23:51 Sat 08-09-07 <br/> 
13:26 Sun 09-09-07 <br/> 
7:09 Mon 10-09-07 <br/> 
20:14 Mon 10-09-07 <br/> 
18:21 Tue 11-09-07 <br/> 
2:58 Wed 12-09-07 <br/> 
2:58 Wed 12-09-07 <br/> 
3:02 Wed 12-09-07 <br/> 
18:44 Wed 12-09-07 <br/> 
18:48 Wed 12-09-07 <br/> 
7:31 Fri 14-09-07 <br/> 
7:32 Fri 14-09-07 <br/> 
22:41 Fri 14-09-07 <br/> 
22:41 Fri 14-09-07 <br/> 
6:46 Sat 15-09-07 <br/> 
17:38 Sat 15-09-07 <br/> 
17:51 Sat 15-09-07 <br/> 
23:59 Sat 15-09-07 <br/> 
0:29 Sun 16-09-07 <br/> 
0:29 Sun 16-09-07 <br/> 
0:29 Sun 16-09-07 <br/> 
0:29 Sun 16-09-07 <br/> 
15:05 Mon 17-09-07 <br/> 
15:06 Mon 17-09-07 <br/> 
16:37 Mon 17-09-07 <br/> 
17:02 Mon 17-09-07 <br/> 
23:47 Wed 19-09-07 <br/> 
10:36 Fri 21-09-07 <br/> 
10:37 Fri 21-09-07 <br/> 
23:19 Fri 21-09-07 <br/> 
7:41 Sat 22-09-07 <br/> 
7:42 Sat 22-09-07 <br/> 
16:19 Sat 22-09-07 <br/> 
16:19 Sat 22-09-07 <br/> 
19:21 Sat 22-09-07 <br/> 
22:02 Sat 22-09-07 <br/> 
22:02 Sat 22-09-07 <br/> 
22:03 Sat 22-09-07 <br/> 
7:29 Sun 23-09-07 <br/> 
7:30 Sun 23-09-07 <br/> 
7:30 Sun 23-09-07 <br/> 
7:30 Sun 23-09-07 <br/> 
14:03 Sun 23-09-07 <br/> 
14:04 Sun 23-09-07 <br/> 
14:04 Sun 23-09-07 <br/> 
18:19 Sun 23-09-07 <br/> 
16:15 Mon 24-09-07 <br/> 
22:56 Mon 24-09-07 <br/> 
7:41 Tue 25-09-07 <br/> 
19:52 Tue 25-09-07 <br/> 
23:09 Tue 25-09-07 <br/> 
23:39 Tue 25-09-07 <br/> 
16:02 Wed 26-09-07 <br/> 
0:16 Fri 28-09-07 <br/> 
15:13 Sun 30-09-07 <br/> 
15:17 Sun 30-09-07 <br/> 
1:54 Tue 02-10-07 <br/> 
9:35 Tue 02-10-07 <br/> 
0:04 Wed 03-10-07 <br/> 
11:11 Thu 04-10-07 <br/> 
11:12 Thu 04-10-07 <br/> 
0:08 Fri 05-10-07 <br/> 
7:33 Fri 05-10-07 <br/> 
9:04 Fri 05-10-07 <br/> 
10:45 Fri 05-10-07 <br/> 
10:46 Fri 05-10-07 <br/> 
1:04 Sun 07-10-07 <br/> 
4:48 Sun 07-10-07 <br/> 
4:49 Sun 07-10-07 <br/> 
4:50 Sun 07-10-07 <br/> 
21:33 Sun 07-10-07 <br/> 
21:35 Sun 07-10-07 <br/> 
21:37 Sun 07-10-07 <br/> 
3:46 Mon 08-10-07 <br/> 
14:55 Mon 08-10-07 <br/> 
14:55 Mon 08-10-07 <br/> 
3:11 Tue 09-10-07 <br/> 
7:32 Tue 09-10-07 <br/> 
11:03 Tue 09-10-07 <br/> 
23:34 Tue 09-10-07 <br/> 
14:38 Wed 10-10-07 <br/> 
14:39 Wed 10-10-07 <br/> 
19:42 Wed 10-10-07 <br/> 
19:42 Wed 10-10-07 <br/> 
0:23 Thu 11-10-07 <br/> 
17:58 Thu 11-10-07 <br/> 
23:45 Thu 11-10-07 <br/> 
0:47 Sat 13-10-07 <br/> 
3:44 Sat 13-10-07 <br/> 
3:44 Sat 13-10-07 <br/> 
3:44 Sat 13-10-07 <br/> 
3:44 Sat 13-10-07 <br/> 
13:34 Sat 13-10-07 <br/> 
1:54 Mon 15-10-07 <br/> 
23:56 Mon 15-10-07 <br/> 
0:06 Tue 16-10-07 <br/> 
11:07 Tue 16-10-07 <br/> 
23:59 Tue 16-10-07 <br/> 
19:09 Wed 17-10-07 <br/> 
19:10 Wed 17-10-07 <br/> 
19:12 Wed 17-10-07 <br/> 
19:12 Wed 17-10-07 <br/> 
0:29 Thu 18-10-07 <br/> 
23:14 Thu 18-10-07 <br/> 
23:14 Thu 18-10-07 <br/> 
23:14 Thu 18-10-07 <br/> 
23:15 Thu 18-10-07 <br/> 
23:15 Thu 18-10-07 <br/> 
23:15 Thu 18-10-07 <br/> 
23:16 Thu 18-10-07 <br/> 
23:16 Thu 18-10-07 <br/> 
23:16 Thu 18-10-07 <br/> 
23:16 Thu 18-10-07 <br/> 
23:16 Thu 18-10-07 <br/> 
23:16 Thu 18-10-07 <br/> 
23:21 Thu 18-10-07 <br/> 
23:21 Thu 18-10-07 <br/> 
14:11 Sat 20-10-07 <br/> 
14:44 Sat 20-10-07 <br/> 
14:44 Sat 20-10-07 <br/> 
2:55 Sun 21-10-07 <br/> 
1:43 Mon 22-10-07 <br/> 
2:48 Mon 22-10-07 <br/> 
12:14 Mon 22-10-07 <br/> 
12:16 Mon 22-10-07 <br/> 
14:58 Mon 22-10-07 <br/> 
0:25 Tue 23-10-07 <br/> 
9:08 Tue 23-10-07 <br/> 
9:09 Tue 23-10-07 <br/> 
9:09 Tue 23-10-07 <br/> 
9:30 Tue 23-10-07 <br/> 
11:08 Tue 23-10-07 <br/> 
18:06 Tue 23-10-07 <br/> 
0:07 Wed 24-10-07 <br/> 
8:10 Wed 24-10-07 <br/> 
23:56 Wed 24-10-07 <br/> 
4:37 Thu 25-10-07 <br/> 
4:37 Thu 25-10-07 <br/> 
19:57 Thu 25-10-07 <br/> 
19:58 Thu 25-10-07 <br/> 
19:58 Thu 25-10-07 <br/> 
19:58 Thu 25-10-07 <br/> 
19:58 Thu 25-10-07 <br/> 
19:59 Thu 25-10-07 <br/> 
19:59 Thu 25-10-07 <br/> 
19:59 Thu 25-10-07 <br/> 
19:59 Thu 25-10-07 <br/> 
0:23 Fri 26-10-07 <br/> 
4:14 Fri 26-10-07 <br/> 
5:18 Fri 26-10-07 <br/> 
18:18 Fri 26-10-07 <br/> 
18:20 Fri 26-10-07 <br/> 
18:42 Fri 26-10-07 <br/> 
4:01 Sat 27-10-07 <br/> 
15:30 Sat 27-10-07 <br/> 
15:30 Sat 27-10-07 <br/> 
15:30 Sat 27-10-07 <br/> 
15:30 Sat 27-10-07 <br/> 
4:59 Tue 30-10-07 <br/> 
4:59 Tue 30-10-07 <br/> 
4:59 Tue 30-10-07 <br/> 
4:59 Tue 30-10-07 <br/> 
4:59 Tue 30-10-07 <br/> 
6:03 Tue 30-10-07 <br/> 
6:03 Tue 30-10-07 <br/> 
11:05 Tue 30-10-07 <br/> 
11:06 Tue 30-10-07 <br/> 
16:45 Tue 30-10-07 <br/> 
23:56 Tue 30-10-07 <br/> 
16:57 Wed 31-10-07 <br/> 
16:58 Wed 31-10-07 <br/> 
16:59 Wed 31-10-07 <br/> 
2:25 Thu 01-11-07 <br/> 
16:09 Thu 01-11-07 <br/> 
7:20 Sat 03-11-07 <br/> 
12:01 Sat 03-11-07 <br/> 
16:14 Sun 04-11-07 <br/> 
16:14 Sun 04-11-07 <br/> 
1:37 Mon 05-11-07 <br/> 
16:28 Mon 05-11-07 <br/> 
16:28 Mon 05-11-07 <br/> 
0:10 Tue 06-11-07 <br/> 
16:49 Tue 06-11-07 <br/> 
22:39 Tue 06-11-07 <br/> 
11:00 Wed 07-11-07 <br/> 
12:35 Wed 07-11-07 <br/> 
14:10 Wed 07-11-07 <br/> 
23:54 Wed 07-11-07 <br/> 
0:10 Thu 08-11-07 <br/> 
0:52 Fri 09-11-07 <br/> 
3:00 Fri 09-11-07 <br/> 
5:36 Fri 09-11-07 <br/> 
9:51 Fri 09-11-07 <br/> 
17:03 Fri 09-11-07 <br/> 
19:27 Fri 09-11-07 <br/> 
19:27 Fri 09-11-07 <br/> 
19:27 Fri 09-11-07 <br/> 
1:27 Sat 10-11-07 <br/> 
1:47 Sat 10-11-07 <br/> 
4:27 Sat 10-11-07 <br/> 
5:00 Sat 10-11-07 <br/> 
5:01 Sat 10-11-07 <br/> 
12:21 Sat 10-11-07 <br/> 
7:44 Sun 11-11-07 <br/> 
7:46 Sun 11-11-07 <br/> 
9:26 Sun 11-11-07 <br/> 
9:53 Sun 11-11-07 <br/> 
10:21 Sun 11-11-07 <br/> 
12:07 Sun 11-11-07 <br/> 
14:25 Sun 11-11-07 <br/> 
0:17 Mon 12-11-07 <br/> 
0:18 Mon 12-11-07 <br/> 
0:48 Mon 12-11-07 <br/> 
7:55 Mon 12-11-07 <br/> 
10:34 Mon 12-11-07 <br/> 
10:40 Mon 12-11-07 <br/> 
0:15 Tue 13-11-07 <br/> 
2:05 Tue 13-11-07 <br/> 
16:52 Tue 13-11-07 <br/> 
21:52 Tue 13-11-07 <br/> 
21:55 Tue 13-11-07 <br/> 
0:11 Wed 14-11-07 <br/> 
19:35 Wed 14-11-07 <br/> 
19:36 Wed 14-11-07 <br/> 
0:07 Thu 15-11-07 <br/> 
1:03 Thu 15-11-07 <br/> 
2:05 Thu 15-11-07 <br/> 
8:49 Thu 15-11-07 <br/> 
12:54 Sat 17-11-07 <br/> 
3:46 Sun 18-11-07 <br/> 
3:46 Sun 18-11-07 <br/> 
5:56 Sun 18-11-07 <br/> 
17:48 Sun 18-11-07 <br/> 
19:57 Sun 18-11-07 <br/> 
21:43 Sun 18-11-07 <br/> 
0:33 Tue 20-11-07 <br/> 
8:25 Tue 20-11-07 <br/> 
8:25 Tue 20-11-07 <br/> 
11:08 Tue 20-11-07 <br/> 
13:04 Tue 20-11-07 <br/> 
13:09 Tue 20-11-07 <br/> 
13:09 Tue 20-11-07 <br/> 
16:56 Tue 20-11-07 <br/> 
0:01 Wed 21-11-07 <br/> 
0:15 Wed 21-11-07 <br/> 
11:37 Wed 21-11-07 <br/> 
13:46 Wed 21-11-07 <br/> 
14:35 Wed 21-11-07 <br/> 
14:38 Wed 21-11-07 <br/> 
14:38 Wed 21-11-07 <br/> 
15:14 Wed 21-11-07 <br/> 
16:47 Wed 21-11-07 <br/> 
22:24 Wed 21-11-07 <br/> 
22:24 Wed 21-11-07 <br/> 
22:25 Wed 21-11-07 <br/> 
22:26 Wed 21-11-07 <br/> 
0:15 Thu 22-11-07 <br/> 
19:36 Thu 22-11-07 <br/> 
19:36 Thu 22-11-07 <br/> 
22:42 Thu 22-11-07 <br/> 
22:42 Thu 22-11-07 <br/> 
0:42 Fri 23-11-07 <br/> 
9:33 Fri 23-11-07 <br/> 
15:16 Fri 23-11-07 <br/> 
0:00 Sat 24-11-07 <br/> 
0:36 Sat 24-11-07 <br/> 
0:37 Sat 24-11-07 <br/> 
3:40 Mon 26-11-07 <br/> 
4:08 Mon 26-11-07 <br/> 
4:10 Mon 26-11-07 <br/> 
9:59 Mon 26-11-07 <br/> 
10:23 Mon 26-11-07 <br/> 
12:41 Mon 26-11-07 <br/> 
0:46 Tue 27-11-07 <br/> 
2:21 Tue 27-11-07 <br/> 
19:17 Tue 27-11-07 <br/> 
21:29 Tue 27-11-07 <br/> 
23:34 Tue 27-11-07 <br/> 
0:44 Wed 28-11-07 <br/> 
0:31 Thu 29-11-07 <br/> 
2:11 Thu 29-11-07 <br/> 
0:06 Fri 30-11-07 <br/> 
1:43 Fri 30-11-07 <br/> 
17:56 Fri 30-11-07 <br/> 
0:44 Sat 01-12-07 <br/> 
13:25 Sat 01-12-07 <br/> 
13:25 Sat 01-12-07 <br/> 
15:33 Sat 01-12-07 <br/> 
15:33 Sat 01-12-07 <br/> 
4:01 Sun 02-12-07 <br/> 
14:54 Sun 02-12-07 <br/> 
15:00 Mon 03-12-07 <br/> 
15:05 Mon 03-12-07 <br/> 
15:05 Mon 03-12-07 <br/> 
16:03 Mon 03-12-07 <br/> 
19:43 Mon 03-12-07 <br/> 
5:07 Tue 04-12-07 <br/> 
11:19 Tue 04-12-07 <br/> 
14:01 Tue 04-12-07 <br/> 
21:02 Tue 04-12-07 <br/> 
21:55 Tue 04-12-07 <br/> 
3:38 Wed 05-12-07 <br/> 
4:33 Wed 05-12-07 <br/> 
9:01 Wed 05-12-07 <br/> 
13:15 Wed 05-12-07 <br/> 
13:16 Wed 05-12-07 <br/> 
19:05 Thu 06-12-07 <br/> 
19:40 Thu 06-12-07 <br/> 
19:40 Thu 06-12-07 <br/> 
22:37 Thu 06-12-07 <br/> 
22:38 Thu 06-12-07 <br/> 
0:08 Fri 07-12-07 <br/> 
2:13 Fri 07-12-07 <br/> 
2:13 Fri 07-12-07 <br/> 
2:13 Fri 07-12-07 <br/> 
2:13 Fri 07-12-07 <br/> 
13:56 Fri 07-12-07 <br/> 
17:21 Fri 07-12-07 <br/> 
19:05 Fri 07-12-07 <br/> 
23:22 Sat 08-12-07 <br/> 
9:56 Sun 09-12-07 <br/> 
9:56 Sun 09-12-07 <br/> 
11:32 Sun 09-12-07 <br/> 
17:23 Sun 09-12-07 <br/> 
19:31 Sun 09-12-07 <br/> 
19:31 Sun 09-12-07 <br/> 
15:54 Mon 10-12-07 <br/> 
23:38 Mon 10-12-07 <br/> 
23:41 Mon 10-12-07 <br/> 
0:07 Tue 11-12-07 <br/> 
3:04 Tue 11-12-07 <br/> 
0:14 Wed 12-12-07 <br/> 
9:59 Wed 12-12-07 <br/> 
12:07 Wed 12-12-07 <br/> 
0:42 Thu 13-12-07 <br/> 
0:05 Fri 14-12-07 <br/> 
1:22 Fri 14-12-07 <br/> 
20:04 Fri 14-12-07 <br/> 
20:04 Fri 14-12-07 <br/> 
12:50 Sat 15-12-07 <br/> 
14:32 Sat 15-12-07 <br/> 
14:32 Sat 15-12-07 <br/> 
22:37 Sat 15-12-07 <br/> 
22:37 Sat 15-12-07 <br/> 
1:17 Sun 16-12-07 <br/> 
1:17 Sun 16-12-07 <br/> 
1:24 Sun 16-12-07 <br/> 
3:35 Sun 16-12-07 <br/> 
18:11 Sun 16-12-07 <br/> 
20:12 Sun 16-12-07 <br/> 
22:50 Sun 16-12-07 <br/> 
22:50 Sun 16-12-07 <br/> 
5:55 Mon 17-12-07 <br/> 
5:55 Mon 17-12-07 <br/> 
5:56 Mon 17-12-07 <br/> 
12:52 Mon 17-12-07 <br/> 
17:42 Mon 17-12-07 <br/> 
22:02 Mon 17-12-07 <br/> 
22:02 Mon 17-12-07 <br/> 
0:08 Tue 18-12-07 <br/> 
12:54 Tue 18-12-07 <br/> 
0:33 Wed 19-12-07 <br/> 
13:05 Wed 19-12-07 <br/> 
13:05 Wed 19-12-07 <br/> 
13:16 Wed 19-12-07 <br/> 
14:28 Wed 19-12-07 <br/> 
23:00 Wed 19-12-07 <br/> 
0:43 Thu 20-12-07 <br/> 
13:57 Thu 20-12-07 <br/> 
14:52 Thu 20-12-07 <br/> 
15:05 Thu 20-12-07 <br/> 
22:36 Thu 20-12-07 <br/> 
22:37 Thu 20-12-07 <br/> 
23:14 Thu 20-12-07 <br/> 
0:39 Fri 21-12-07 <br/> 
6:57 Fri 21-12-07 <br/> 
14:56 Fri 21-12-07 <br/> 
15:00 Fri 21-12-07 <br/> 
8:33 Sat 22-12-07 <br/> 
19:10 Sat 22-12-07 <br/> 
5:26 Sun 23-12-07 <br/> 
5:26 Sun 23-12-07 <br/> 
10:11 Sun 23-12-07 <br/> 
10:11 Sun 23-12-07 <br/> 
17:46 Sun 23-12-07 <br/> 
3:07 Mon 24-12-07 <br/> 
3:07 Mon 24-12-07 <br/> 
8:56 Mon 24-12-07 <br/> 
2:25 Tue 25-12-07 <br/> 
3:17 Tue 25-12-07 <br/> 
3:19 Tue 25-12-07 <br/> 
5:13 Tue 25-12-07 <br/> 
9:11 Tue 25-12-07 <br/> 
9:11 Tue 25-12-07 <br/> 
1:18 Wed 26-12-07 <br/> 
1:28 Wed 26-12-07 <br/> 
1:30 Wed 26-12-07 <br/> 
1:49 Wed 26-12-07 <br/> 
23:42 Wed 26-12-07 <br/> 
1:02 Thu 27-12-07 <br/> 
2:41 Thu 27-12-07 <br/> 
7:39 Thu 27-12-07 <br/> 
7:39 Thu 27-12-07 <br/> 
7:40 Thu 27-12-07 <br/> 
9:41 Thu 27-12-07 <br/> 
9:57 Thu 27-12-07 <br/> 
9:57 Thu 27-12-07 <br/> 
11:39 Thu 27-12-07 <br/> 
14:46 Thu 27-12-07 <br/> 
17:34 Thu 27-12-07 <br/> 
20:34 Thu 27-12-07 <br/> 
21:30 Thu 27-12-07 <br/> 
23:10 Thu 27-12-07 <br/> 
4:05 Fri 28-12-07 <br/> 
4:07 Fri 28-12-07 <br/> 
4:07 Fri 28-12-07 <br/> 
13:54 Fri 28-12-07 <br/> 
13:54 Fri 28-12-07 <br/> 
13:56 Fri 28-12-07 <br/> 
15:22 Fri 28-12-07 <br/> 
21:52 Fri 28-12-07 <br/> 
20:38 Sat 29-12-07 <br/> 
22:40 Sat 29-12-07 <br/> 
22:40 Sat 29-12-07 <br/> 
22:41 Sat 29-12-07 <br/> 
22:41 Sat 29-12-07 <br/> 
0:02 Sun 30-12-07 <br/> 
2:19 Sun 30-12-07 <br/> 
20:27 Sun 30-12-07 <br/> 
20:36 Sun 30-12-07 <br/> 
20:37 Sun 30-12-07 <br/> 
23:47 Sun 30-12-07 <br/> 
15:51 Mon 31-12-07 <br/> 
15:59 Mon 31-12-07 <br/> 
4:46 Tue 01-01-08 <br/> 
16:04 Tue 01-01-08 <br/> 
21:57 Tue 01-01-08 <br/> 
9:01 Wed 02-01-08 <br/> 
9:01 Wed 02-01-08 <br/> 
9:01 Wed 02-01-08 <br/> 
9:01 Wed 02-01-08 <br/> 
9:02 Wed 02-01-08 <br/> 
17:43 Wed 02-01-08 <br/> 
23:19 Wed 02-01-08 <br/> 
23:56 Wed 02-01-08 <br/> 
23:56 Wed 02-01-08 <br/> 
0:04 Thu 03-01-08 <br/> 
0:08 Thu 03-01-08 <br/> 
0:08 Thu 03-01-08 <br/> 
1:05 Thu 03-01-08 <br/> 
9:35 Thu 03-01-08 <br/> 
1:11 Fri 04-01-08 <br/> 
1:11 Fri 04-01-08 <br/> 
1:11 Fri 04-01-08 <br/> 
3:51 Fri 04-01-08 <br/> 
3:53 Fri 04-01-08 <br/> 
3:56 Fri 04-01-08 <br/> 
3:56 Fri 04-01-08 <br/> 
15:38 Fri 04-01-08 <br/> 
1:22 Sat 05-01-08 <br/> 
