2:00 Thu 01-01-70 
11:54 Wed 05-07-06 
12:01 Wed 05-07-06 
18:25 Wed 05-07-06 
5:00 Thu 06-07-06 
6:25 Thu 06-07-06 
7:40 Thu 06-07-06 
9:38 Thu 06-07-06 
9:39 Thu 06-07-06 
9:40 Thu 06-07-06 
9:46 Thu 06-07-06 
12:20 Thu 06-07-06 
21:15 Thu 06-07-06 
1:38 Fri 07-07-06 
1:38 Fri 07-07-06 
2:16 Fri 07-07-06 
2:16 Fri 07-07-06 
2:49 Fri 07-07-06 
3:03 Fri 07-07-06 
3:52 Fri 07-07-06 
11:04 Fri 07-07-06 
14:01 Fri 07-07-06 
1:46 Sat 08-07-06 
11:23 Sat 08-07-06 
11:23 Sat 08-07-06 
11:56 Sat 08-07-06 
11:58 Sat 08-07-06 
14:53 Sat 08-07-06 
15:41 Sat 08-07-06 
15:48 Sat 08-07-06 
15:48 Sat 08-07-06 
15:49 Sat 08-07-06 
15:51 Sat 08-07-06 
16:23 Sat 08-07-06 
16:34 Sat 08-07-06 
18:09 Sat 08-07-06 
23:51 Sat 08-07-06 
0:43 Sun 09-07-06 
10:21 Sun 09-07-06 
1:54 Mon 10-07-06 
1:55 Mon 10-07-06 
3:05 Mon 10-07-06 
4:36 Mon 10-07-06 
6:57 Mon 10-07-06 
5:39 Tue 11-07-06 
13:46 Tue 11-07-06 
18:55 Tue 11-07-06 
20:07 Wed 12-07-06 
10:42 Thu 13-07-06 
13:16 Thu 13-07-06 
6:56 Fri 14-07-06 
15:47 Fri 14-07-06 
20:41 Fri 14-07-06 
21:46 Fri 14-07-06 
23:47 Fri 14-07-06 
0:15 Sat 15-07-06 
2:27 Sat 15-07-06 
9:07 Sat 15-07-06 
10:11 Sat 15-07-06 
14:37 Sat 15-07-06 
15:44 Sat 15-07-06 
8:13 Sun 16-07-06 
22:30 Sun 16-07-06 
6:55 Mon 17-07-06 
12:36 Mon 17-07-06 
13:28 Mon 17-07-06 
18:46 Mon 17-07-06 
18:47 Mon 17-07-06 
22:21 Mon 17-07-06 
6:00 Tue 18-07-06 
11:29 Tue 18-07-06 
12:29 Tue 18-07-06 
13:25 Tue 18-07-06 
16:18 Tue 18-07-06 
21:20 Tue 18-07-06 
1:17 Wed 19-07-06 
3:38 Wed 19-07-06 
5:09 Wed 19-07-06 
13:11 Wed 19-07-06 <br/> 
9:04 Thu 20-07-06 <br/> 
10:08 Thu 20-07-06 <br/> 
10:54 Thu 20-07-06 <br/> 
12:52 Thu 20-07-06 <br/> 
20:07 Thu 20-07-06 <br/> 
21:15 Thu 20-07-06 <br/> 
1:11 Fri 21-07-06 <br/> 
1:18 Fri 21-07-06 <br/> 
1:18 Fri 21-07-06 <br/> 
1:19 Fri 21-07-06 <br/> 
5:44 Fri 21-07-06 <br/> 
7:45 Fri 21-07-06 <br/> 
13:33 Fri 21-07-06 <br/> 
18:46 Fri 21-07-06 <br/> 
19:58 Fri 21-07-06 <br/> 
1:28 Sat 22-07-06 <br/> 
23:46 Sat 22-07-06 <br/> 
23:47 Sat 22-07-06 <br/> 
7:14 Sun 23-07-06 <br/> 
18:42 Sun 15-10-06 <br/> 
22:08 Fri 10-11-06 <br/> 
6:53 Sat 11-11-06 <br/> 
7:25 Sat 11-11-06 <br/> 
7:27 Sat 11-11-06 <br/> 
0:54 Sun 12-11-06 <br/> 
3:38 Tue 21-11-06 <br/> 
16:14 Tue 21-11-06 <br/> 
17:53 Tue 21-11-06 <br/> 
23:32 Tue 21-11-06 <br/> 
4:58 Wed 22-11-06 <br/> 
10:44 Fri 24-11-06 <br/> 
15:21 Fri 24-11-06 <br/> 
15:33 Fri 24-11-06 <br/> 
23:42 Fri 24-11-06 <br/> 
23:47 Fri 24-11-06 <br/> 
11:01 Sat 25-11-06 <br/> 
17:18 Sat 25-11-06 <br/> 
22:27 Sat 25-11-06 <br/> 
22:30 Sat 25-11-06 <br/> 
22:30 Sat 25-11-06 <br/> 
6:23 Sun 26-11-06 <br/> 
8:18 Sun 26-11-06 <br/> 
12:41 Sun 26-11-06 <br/> 
23:51 Sun 26-11-06 <br/> 
7:48 Mon 27-11-06 <br/> 
13:31 Mon 27-11-06 <br/> 
4:56 Tue 28-11-06 <br/> 
23:36 Wed 29-11-06 <br/> 
0:31 Thu 30-11-06 <br/> 
1:26 Thu 30-11-06 <br/> 
23:57 Thu 30-11-06 <br/> 
17:20 Sat 02-12-06 <br/> 
17:20 Sat 02-12-06 <br/> 
23:42 Sun 03-12-06 <br/> 
23:44 Sun 03-12-06 <br/> 
2:16 Mon 04-12-06 <br/> 
5:47 Mon 04-12-06 <br/> 
23:04 Tue 05-12-06 <br/> 
19:31 Thu 07-12-06 <br/> 
19:31 Thu 07-12-06 <br/> 
15:33 Fri 08-12-06 <br/> 
12:57 Sat 09-12-06 <br/> 
13:19 Sat 09-12-06 <br/> 
14:35 Sat 09-12-06 <br/> 
15:20 Sat 09-12-06 <br/> 
19:25 Sat 09-12-06 <br/> 
20:03 Sat 09-12-06 <br/> 
22:24 Sat 09-12-06 <br/> 
10:33 Sun 10-12-06 <br/> 
10:49 Mon 11-12-06 <br/> 
23:21 Mon 11-12-06 <br/> 
10:50 Tue 12-12-06 <br/> 
21:09 Tue 12-12-06 <br/> 
21:10 Tue 12-12-06 <br/> 
21:10 Tue 12-12-06 <br/> 
21:29 Tue 12-12-06 <br/> 
21:37 Tue 12-12-06 <br/> 
21:41 Tue 12-12-06 <br/> 
0:05 Wed 13-12-06 <br/> 
10:50 Wed 13-12-06 <br/> 
0:12 Thu 14-12-06 <br/> 
0:15 Thu 14-12-06 <br/> 
0:17 Thu 14-12-06 <br/> 
3:31 Thu 14-12-06 <br/> 
23:49 Thu 14-12-06 <br/> 
7:09 Fri 15-12-06 <br/> 
18:07 Sat 16-12-06 <br/> 
18:14 Sat 16-12-06 <br/> 
19:25 Sat 16-12-06 <br/> 
20:04 Sat 16-12-06 <br/> 
22:25 Sat 16-12-06 <br/> 
8:14 Sun 17-12-06 <br/> 
7:25 Mon 18-12-06 <br/> 
7:26 Tue 19-12-06 <br/> 
7:21 Wed 20-12-06 <br/> 
7:21 Wed 20-12-06 <br/> 
7:27 Wed 20-12-06 <br/> 
7:27 Thu 21-12-06 <br/> 
15:08 Fri 22-12-06 <br/> 
12:32 Sat 23-12-06 <br/> 
18:15 Sat 23-12-06 <br/> 
19:26 Sat 23-12-06 <br/> 
20:04 Sat 23-12-06 <br/> 
21:04 Sat 23-12-06 <br/> 
22:26 Sat 23-12-06 <br/> 
9:28 Sun 24-12-06 <br/> 
10:51 Sun 24-12-06 <br/> 
11:11 Sun 24-12-06 <br/> 
19:54 Sun 24-12-06 <br/> 
0:40 Wed 27-12-06 <br/> 
5:31 Wed 27-12-06 <br/> 
6:24 Wed 27-12-06 <br/> 
13:05 Wed 27-12-06 <br/> 
14:33 Wed 27-12-06 <br/> 
19:08 Wed 27-12-06 <br/> 
19:09 Wed 27-12-06 <br/> 
22:11 Wed 27-12-06 <br/> 
22:31 Wed 27-12-06 <br/> 
22:54 Wed 27-12-06 <br/> 
22:54 Wed 27-12-06 <br/> 
22:54 Wed 27-12-06 <br/> 
23:30 Wed 27-12-06 <br/> 
23:30 Wed 27-12-06 <br/> 
23:30 Wed 27-12-06 <br/> 
6:34 Thu 28-12-06 <br/> 
7:28 Thu 28-12-06 <br/> 
8:49 Thu 28-12-06 <br/> 
13:08 Thu 28-12-06 <br/> 
15:09 Fri 29-12-06 <br/> 
11:46 Sat 30-12-06 <br/> 
18:15 Sat 30-12-06 <br/> 
19:26 Sat 30-12-06 <br/> 
20:05 Sat 30-12-06 <br/> 
22:26 Sat 30-12-06 <br/> 
1:02 Sun 31-12-06 <br/> 
1:11 Sun 31-12-06 <br/> 
1:11 Sun 31-12-06 <br/> 
1:11 Sun 31-12-06 <br/> 
1:12 Sun 31-12-06 <br/> 
0:33 Mon 01-01-07 <br/> 
18:56 Mon 01-01-07 <br/> 
18:56 Mon 01-01-07 <br/> 
5:36 Tue 02-01-07 <br/> 
12:05 Tue 02-01-07 <br/> 
18:34 Tue 02-01-07 <br/> 
18:57 Tue 02-01-07 <br/> 
2:56 Wed 03-01-07 <br/> 
5:17 Wed 03-01-07 <br/> 
5:17 Wed 03-01-07 <br/> 
6:37 Wed 03-01-07 <br/> 
7:11 Wed 03-01-07 <br/> 
19:04 Wed 03-01-07 <br/> 
19:09 Wed 03-01-07 <br/> 
0:01 Thu 04-01-07 <br/> 
7:31 Thu 04-01-07 <br/> 
7:51 Thu 04-01-07 <br/> 
10:14 Thu 04-01-07 <br/> 
10:28 Thu 04-01-07 <br/> 
12:44 Thu 04-01-07 <br/> 
19:43 Thu 04-01-07 <br/> 
2:46 Fri 05-01-07 <br/> 
2:47 Fri 05-01-07 <br/> 
9:54 Fri 05-01-07 <br/> 
15:16 Fri 05-01-07 <br/> 
16:42 Fri 05-01-07 <br/> 
23:17 Fri 05-01-07 <br/> 
1:21 Sat 06-01-07 <br/> 
1:22 Sat 06-01-07 <br/> 
1:22 Sat 06-01-07 <br/> 
1:23 Sat 06-01-07 <br/> 
1:23 Sat 06-01-07 <br/> 
1:24 Sat 06-01-07 <br/> 
1:24 Sat 06-01-07 <br/> 
1:24 Sat 06-01-07 <br/> 
1:25 Sat 06-01-07 <br/> 
8:00 Sat 06-01-07 <br/> 
21:24 Sat 06-01-07 <br/> 
21:30 Sat 06-01-07 <br/> 
21:30 Sat 06-01-07 <br/> 
0:59 Sun 07-01-07 <br/> 
14:32 Sun 07-01-07 <br/> 
14:33 Sun 07-01-07 <br/> 
14:34 Sun 07-01-07 <br/> 
1:16 Mon 08-01-07 <br/> 
12:21 Mon 08-01-07 <br/> 
2:18 Tue 09-01-07 <br/> 
10:44 Tue 09-01-07 <br/> 
13:39 Tue 09-01-07 <br/> 
0:34 Wed 10-01-07 <br/> 
1:47 Thu 11-01-07 <br/> 
10:55 Thu 11-01-07 <br/> 
10:55 Thu 11-01-07 <br/> 
11:32 Thu 11-01-07 <br/> 
7:46 Sat 13-01-07 <br/> 
21:25 Sat 13-01-07 <br/> 
2:03 Mon 15-01-07 <br/> 
2:21 Mon 15-01-07 <br/> 
2:40 Mon 15-01-07 <br/> 
17:20 Mon 15-01-07 <br/> 
17:20 Mon 15-01-07 <br/> 
17:36 Mon 15-01-07 <br/> 
19:44 Mon 15-01-07 <br/> 
20:43 Mon 15-01-07 <br/> 
20:43 Mon 15-01-07 <br/> 
20:43 Mon 15-01-07 <br/> 
20:43 Mon 15-01-07 <br/> 
20:43 Mon 15-01-07 <br/> 
1:15 Tue 16-01-07 <br/> 
6:19 Tue 16-01-07 <br/> 
21:03 Tue 16-01-07 <br/> 
0:04 Wed 17-01-07 <br/> 
0:22 Thu 18-01-07 <br/> 
11:34 Fri 19-01-07 <br/> 
1:22 Sat 20-01-07 <br/> 
21:25 Sat 20-01-07 <br/> 
22:18 Sat 20-01-07 <br/> 
22:18 Sat 20-01-07 <br/> 
7:55 Sun 21-01-07 <br/> 
9:27 Sun 21-01-07 <br/> 
9:33 Sun 21-01-07 <br/> 
11:38 Sun 21-01-07 <br/> 
19:58 Sun 21-01-07 <br/> 
23:44 Sun 21-01-07 <br/> 
7:22 Mon 22-01-07 <br/> 
0:54 Tue 23-01-07 <br/> 
0:54 Tue 23-01-07 <br/> 
0:54 Tue 23-01-07 <br/> 
3:20 Tue 23-01-07 <br/> 
5:26 Tue 23-01-07 <br/> 
5:54 Tue 23-01-07 <br/> 
7:41 Tue 23-01-07 <br/> 
9:49 Tue 23-01-07 <br/> 
17:22 Tue 23-01-07 <br/> 
19:27 Tue 23-01-07 <br/> 
23:06 Tue 23-01-07 <br/> 
23:06 Tue 23-01-07 <br/> 
23:07 Tue 23-01-07 <br/> 
23:07 Tue 23-01-07 <br/> 
23:08 Tue 23-01-07 <br/> 
23:08 Tue 23-01-07 <br/> 
0:29 Wed 24-01-07 <br/> 
2:01 Wed 24-01-07 <br/> 
4:11 Wed 24-01-07 <br/> 
5:03 Wed 24-01-07 <br/> 
5:03 Wed 24-01-07 <br/> 
8:02 Wed 24-01-07 <br/> 
10:17 Wed 24-01-07 <br/> 
14:19 Wed 24-01-07 <br/> 
22:25 Wed 24-01-07 <br/> 
23:54 Wed 24-01-07 <br/> 
0:06 Thu 25-01-07 <br/> 
0:06 Thu 25-01-07 <br/> 
0:09 Thu 25-01-07 <br/> 
4:03 Thu 25-01-07 <br/> 
4:04 Thu 25-01-07 <br/> 
4:04 Thu 25-01-07 <br/> 
4:04 Thu 25-01-07 <br/> 
4:04 Thu 25-01-07 <br/> 
11:46 Thu 25-01-07 <br/> 
16:16 Thu 25-01-07 <br/> 
17:50 Thu 25-01-07 <br/> 
17:50 Thu 25-01-07 <br/> 
0:19 Fri 26-01-07 <br/> 
0:19 Fri 26-01-07 <br/> 
12:54 Fri 26-01-07 <br/> 
22:05 Fri 26-01-07 <br/> 
23:39 Fri 26-01-07 <br/> 
9:36 Sat 27-01-07 <br/> 
11:22 Sat 27-01-07 <br/> 
12:56 Sat 27-01-07 <br/> 
19:46 Sat 27-01-07 <br/> 
19:46 Sat 27-01-07 <br/> 
19:52 Sat 27-01-07 <br/> 
22:18 Sat 27-01-07 <br/> 
22:49 Sat 27-01-07 <br/> 
0:06 Sun 28-01-07 <br/> 
1:46 Sun 28-01-07 <br/> 
10:14 Sun 28-01-07 <br/> 
10:15 Sun 28-01-07 <br/> 
10:15 Sun 28-01-07 <br/> 
11:38 Sun 28-01-07 <br/> 
14:27 Sun 28-01-07 <br/> 
15:36 Sun 28-01-07 <br/> 
17:05 Sun 28-01-07 <br/> 
19:05 Sun 28-01-07 <br/> 
0:49 Mon 29-01-07 <br/> 
5:01 Mon 29-01-07 <br/> 
9:36 Mon 29-01-07 <br/> 
10:35 Mon 29-01-07 <br/> 
13:24 Mon 29-01-07 <br/> 
15:11 Mon 29-01-07 <br/> 
3:22 Tue 30-01-07 <br/> 
5:26 Tue 30-01-07 <br/> 
7:31 Tue 30-01-07 <br/> 
11:15 Tue 30-01-07 <br/> 
12:12 Tue 30-01-07 <br/> 
14:28 Tue 30-01-07 <br/> 
14:28 Tue 30-01-07 <br/> 
18:25 Tue 30-01-07 <br/> 
18:25 Tue 30-01-07 <br/> 
19:34 Tue 30-01-07 <br/> 
20:57 Tue 30-01-07 <br/> 
23:24 Tue 30-01-07 <br/> 
23:24 Tue 30-01-07 <br/> 
23:24 Tue 30-01-07 <br/> 
6:59 Wed 31-01-07 <br/> 
7:40 Wed 31-01-07 <br/> 
0:10 Thu 01-02-07 <br/> 
10:10 Thu 01-02-07 <br/> 
19:23 Thu 01-02-07 <br/> 
21:07 Thu 01-02-07 <br/> 
21:22 Thu 01-02-07 <br/> 
5:56 Fri 02-02-07 <br/> 
8:38 Fri 02-02-07 <br/> 
11:32 Fri 02-02-07 <br/> 
11:32 Fri 02-02-07 <br/> 
15:56 Fri 02-02-07 <br/> 
15:58 Fri 02-02-07 <br/> 
15:58 Fri 02-02-07 <br/> 
15:59 Fri 02-02-07 <br/> 
16:00 Fri 02-02-07 <br/> 
16:01 Fri 02-02-07 <br/> 
16:01 Fri 02-02-07 <br/> 
16:02 Fri 02-02-07 <br/> 
16:02 Fri 02-02-07 <br/> 
16:12 Fri 02-02-07 <br/> 
16:13 Fri 02-02-07 <br/> 
16:14 Fri 02-02-07 <br/> 
16:14 Fri 02-02-07 <br/> 
16:15 Fri 02-02-07 <br/> 
16:18 Fri 02-02-07 <br/> 
16:18 Fri 02-02-07 <br/> 
16:18 Fri 02-02-07 <br/> 
7:16 Sat 03-02-07 <br/> 
9:46 Sat 03-02-07 <br/> 
9:56 Sat 03-02-07 <br/> 
10:26 Sat 03-02-07 <br/> 
13:54 Sat 03-02-07 <br/> 
15:21 Sat 03-02-07 <br/> 
15:46 Sat 03-02-07 <br/> 
18:03 Sat 03-02-07 <br/> 
18:32 Sat 03-02-07 <br/> 
19:26 Sat 03-02-07 <br/> 
22:01 Sat 03-02-07 <br/> 
0:08 Sun 04-02-07 <br/> 
0:11 Sun 04-02-07 <br/> 
0:11 Sun 04-02-07 <br/> 
2:52 Sun 04-02-07 <br/> 
2:52 Sun 04-02-07 <br/> 
5:46 Sun 04-02-07 <br/> 
15:08 Sun 04-02-07 <br/> 
16:37 Sun 04-02-07 <br/> 
17:14 Sun 04-02-07 <br/> 
18:11 Sun 04-02-07 <br/> 
18:30 Sun 04-02-07 <br/> 
18:30 Sun 04-02-07 <br/> 
19:16 Sun 04-02-07 <br/> 
20:50 Sun 04-02-07 <br/> 
22:09 Sun 04-02-07 <br/> 
22:10 Sun 04-02-07 <br/> 
22:22 Sun 04-02-07 <br/> 
2:00 Mon 05-02-07 <br/> 
4:36 Mon 05-02-07 <br/> 
4:57 Mon 05-02-07 <br/> 
10:06 Mon 05-02-07 <br/> 
12:31 Mon 05-02-07 <br/> 
17:15 Mon 05-02-07 <br/> 
17:15 Mon 05-02-07 <br/> 
22:55 Mon 05-02-07 <br/> 
0:42 Tue 06-02-07 <br/> 
0:42 Tue 06-02-07 <br/> 
1:08 Tue 06-02-07 <br/> 
3:32 Tue 06-02-07 <br/> 
7:37 Tue 06-02-07 <br/> 
10:33 Tue 06-02-07 <br/> 
14:21 Tue 06-02-07 <br/> 
18:14 Tue 06-02-07 <br/> 
21:44 Tue 06-02-07 <br/> 
21:44 Tue 06-02-07 <br/> 
9:45 Wed 07-02-07 <br/> 
15:49 Wed 07-02-07 <br/> 
0:50 Thu 08-02-07 <br/> 
0:50 Thu 08-02-07 <br/> 
23:12 Thu 08-02-07 <br/> 
23:12 Thu 08-02-07 <br/> 
9:21 Fri 09-02-07 <br/> 
9:49 Fri 09-02-07 <br/> 
14:00 Fri 09-02-07 <br/> 
21:11 Fri 09-02-07 <br/> 
21:18 Fri 09-02-07 <br/> 
21:28 Fri 09-02-07 <br/> 
21:58 Fri 09-02-07 <br/> 
11:55 Sat 10-02-07 <br/> 
15:43 Sat 10-02-07 <br/> 
19:43 Sat 10-02-07 <br/> 
19:43 Sat 10-02-07 <br/> 
19:57 Sat 10-02-07 <br/> 
19:57 Sat 10-02-07 <br/> 
19:57 Sat 10-02-07 <br/> 
8:23 Sun 11-02-07 <br/> 
10:22 Sun 11-02-07 <br/> 
12:43 Sun 11-02-07 <br/> 
19:53 Sun 11-02-07 <br/> 
3:13 Mon 12-02-07 <br/> 
8:27 Tue 13-02-07 <br/> 
8:43 Wed 14-02-07 <br/> 
19:21 Wed 14-02-07 <br/> 
4:21 Thu 15-02-07 <br/> 
15:06 Thu 15-02-07 <br/> 
15:06 Thu 15-02-07 <br/> 
10:05 Fri 16-02-07 <br/> 
14:15 Fri 16-02-07 <br/> 
17:31 Fri 16-02-07 <br/> 
0:40 Sat 17-02-07 <br/> 
4:38 Sat 17-02-07 <br/> 
9:09 Sat 17-02-07 <br/> 
17:58 Sat 17-02-07 <br/> 
17:58 Sat 17-02-07 <br/> 
20:08 Sat 17-02-07 <br/> 
3:45 Sun 18-02-07 <br/> 
6:42 Sun 18-02-07 <br/> 
8:12 Sun 18-02-07 <br/> 
8:29 Sun 18-02-07 <br/> 
9:16 Sun 18-02-07 <br/> 
17:31 Sun 18-02-07 <br/> 
18:16 Sun 18-02-07 <br/> 
18:16 Sun 18-02-07 <br/> 
20:00 Sun 18-02-07 <br/> 
18:49 Mon 19-02-07 <br/> 
9:01 Tue 20-02-07 <br/> 
9:02 Tue 20-02-07 <br/> 
9:02 Tue 20-02-07 <br/> 
9:48 Tue 20-02-07 <br/> 
17:50 Tue 20-02-07 <br/> 
20:17 Tue 20-02-07 <br/> 
20:17 Tue 20-02-07 <br/> 
23:59 Tue 20-02-07 <br/> 
23:59 Tue 20-02-07 <br/> 
10:01 Wed 21-02-07 <br/> 
10:53 Wed 21-02-07 <br/> 
11:35 Wed 21-02-07 <br/> 
11:50 Wed 21-02-07 <br/> 
12:38 Wed 21-02-07 <br/> 
19:38 Thu 22-02-07 <br/> 
19:38 Thu 22-02-07 <br/> 
1:00 Fri 23-02-07 <br/> 
1:00 Fri 23-02-07 <br/> 
3:34 Fri 23-02-07 <br/> 
3:39 Fri 23-02-07 <br/> 
12:24 Fri 23-02-07 <br/> 
13:49 Fri 23-02-07 <br/> 
17:28 Fri 23-02-07 <br/> 
23:58 Fri 23-02-07 <br/> 
23:59 Fri 23-02-07 <br/> 
13:48 Sat 24-02-07 <br/> 
13:50 Sat 24-02-07 <br/> 
13:50 Sat 24-02-07 <br/> 
13:51 Sat 24-02-07 <br/> 
13:51 Sat 24-02-07 <br/> 
16:16 Sat 24-02-07 <br/> 
4:05 Sun 25-02-07 <br/> 
8:16 Sun 25-02-07 <br/> 
14:03 Sun 25-02-07 <br/> 
18:08 Sun 25-02-07 <br/> 
20:49 Sun 25-02-07 <br/> 
8:25 Mon 26-02-07 <br/> 
8:25 Mon 26-02-07 <br/> 
19:00 Mon 26-02-07 <br/> 
0:27 Tue 27-02-07 <br/> 
0:27 Tue 27-02-07 <br/> 
0:40 Tue 27-02-07 <br/> 
0:41 Tue 27-02-07 <br/> 
20:11 Tue 27-02-07 <br/> 
21:11 Tue 27-02-07 <br/> 
5:10 Wed 28-02-07 <br/> 
10:26 Wed 28-02-07 <br/> 
22:17 Wed 28-02-07 <br/> 
22:57 Wed 28-02-07 <br/> 
2:02 Thu 01-03-07 <br/> 
2:31 Thu 01-03-07 <br/> 
16:02 Fri 02-03-07 <br/> 
16:02 Fri 02-03-07 <br/> 
16:33 Fri 02-03-07 <br/> 
16:33 Fri 02-03-07 <br/> 
16:33 Fri 02-03-07 <br/> 
19:46 Sat 03-03-07 <br/> 
4:06 Sun 04-03-07 <br/> 
8:16 Sun 04-03-07 <br/> 
13:30 Sun 04-03-07 <br/> 
16:51 Mon 05-03-07 <br/> 
11:04 Tue 06-03-07 <br/> 
11:04 Tue 06-03-07 <br/> 
12:55 Thu 08-03-07 <br/> 
12:55 Thu 08-03-07 <br/> 
23:50 Thu 08-03-07 <br/> 
6:46 Fri 09-03-07 <br/> 
2:34 Sat 10-03-07 <br/> 
3:03 Sat 10-03-07 <br/> 
3:03 Sat 10-03-07 <br/> 
3:03 Sat 10-03-07 <br/> 
13:46 Sat 10-03-07 <br/> 
23:31 Sat 10-03-07 <br/> 
2:46 Sun 11-03-07 <br/> 
4:29 Sun 11-03-07 <br/> 
2:54 Mon 12-03-07 <br/> 
11:06 Mon 12-03-07 <br/> 
11:06 Mon 12-03-07 <br/> 
11:54 Mon 12-03-07 <br/> 
7:35 Tue 13-03-07 <br/> 
0:20 Wed 14-03-07 <br/> 
0:21 Wed 14-03-07 <br/> 
0:21 Wed 14-03-07 <br/> 
11:37 Wed 14-03-07 <br/> 
13:38 Wed 14-03-07 <br/> 
13:38 Wed 14-03-07 <br/> 
13:38 Wed 14-03-07 <br/> 
13:38 Wed 14-03-07 <br/> 
13:38 Wed 14-03-07 <br/> 
13:39 Wed 14-03-07 <br/> 
13:39 Wed 14-03-07 <br/> 
13:39 Wed 14-03-07 <br/> 
13:39 Wed 14-03-07 <br/> 
13:39 Wed 14-03-07 <br/> 
13:39 Wed 14-03-07 <br/> 
13:39 Wed 14-03-07 <br/> 
13:39 Wed 14-03-07 <br/> 
13:39 Wed 14-03-07 <br/> 
16:04 Thu 15-03-07 <br/> 
16:04 Thu 15-03-07 <br/> 
16:04 Thu 15-03-07 <br/> 
16:29 Thu 15-03-07 <br/> 
17:58 Thu 15-03-07 <br/> 
21:35 Thu 15-03-07 <br/> 
1:32 Fri 16-03-07 <br/> 
4:34 Fri 16-03-07 <br/> 
16:55 Fri 16-03-07 <br/> 
16:55 Fri 16-03-07 <br/> 
16:59 Fri 16-03-07 <br/> 
23:40 Fri 16-03-07 <br/> 
2:17 Sat 17-03-07 <br/> 
2:17 Sat 17-03-07 <br/> 
6:00 Sat 17-03-07 <br/> 
9:37 Sat 17-03-07 <br/> 
9:37 Sat 17-03-07 <br/> 
17:26 Sat 17-03-07 <br/> 
17:28 Sat 17-03-07 <br/> 
17:28 Sat 17-03-07 <br/> 
23:33 Sat 17-03-07 <br/> 
23:47 Sat 17-03-07 <br/> 
11:59 Sun 18-03-07 <br/> 
2:49 Mon 19-03-07 <br/> 
4:58 Mon 19-03-07 <br/> 
3:36 Tue 20-03-07 <br/> 
8:06 Tue 20-03-07 <br/> 
8:06 Tue 20-03-07 <br/> 
12:38 Wed 21-03-07 <br/> 
16:46 Wed 21-03-07 <br/> 
19:23 Wed 21-03-07 <br/> 
23:07 Wed 21-03-07 <br/> 
23:07 Wed 21-03-07 <br/> 
7:43 Thu 22-03-07 <br/> 
14:01 Thu 22-03-07 <br/> 
14:01 Thu 22-03-07 <br/> 
14:01 Thu 22-03-07 <br/> 
9:58 Fri 23-03-07 <br/> 
19:56 Fri 23-03-07 <br/> 
7:01 Sat 24-03-07 <br/> 
9:28 Sat 24-03-07 <br/> 
23:36 Sat 24-03-07 <br/> 
7:22 Sun 25-03-07 <br/> 
7:22 Sun 25-03-07 <br/> 
7:22 Sun 25-03-07 <br/> 
7:22 Sun 25-03-07 <br/> 
7:22 Sun 25-03-07 <br/> 
7:23 Sun 25-03-07 <br/> 
15:04 Sun 25-03-07 <br/> 
15:48 Sun 25-03-07 <br/> 
7:48 Mon 26-03-07 <br/> 
7:48 Mon 26-03-07 <br/> 
14:49 Mon 26-03-07 <br/> 
16:37 Mon 26-03-07 <br/> 
4:26 Tue 27-03-07 <br/> 
4:07 Wed 28-03-07 <br/> 
19:11 Thu 29-03-07 <br/> 
12:06 Fri 30-03-07 <br/> 
18:18 Fri 30-03-07 <br/> 
19:03 Fri 30-03-07 <br/> 
15:18 Sat 31-03-07 <br/> 
23:48 Sat 31-03-07 <br/> 
5:25 Sun 01-04-07 <br/> 
13:34 Sun 01-04-07 <br/> 
16:08 Mon 02-04-07 <br/> 
16:08 Mon 02-04-07 <br/> 
19:13 Mon 02-04-07 <br/> 
19:13 Mon 02-04-07 <br/> 
19:14 Mon 02-04-07 <br/> 
23:06 Mon 02-04-07 <br/> 
18:18 Tue 03-04-07 <br/> 
23:51 Tue 03-04-07 <br/> 
0:22 Thu 05-04-07 <br/> 
14:17 Thu 05-04-07 <br/> 
14:17 Thu 05-04-07 <br/> 
21:29 Thu 05-04-07 <br/> 
2:21 Fri 06-04-07 <br/> 
2:21 Fri 06-04-07 <br/> 
2:21 Fri 06-04-07 <br/> 
21:44 Fri 06-04-07 <br/> 
13:34 Sat 07-04-07 <br/> 
3:39 Sun 08-04-07 <br/> 
11:56 Sun 08-04-07 <br/> 
11:56 Sun 08-04-07 <br/> 
0:54 Mon 09-04-07 <br/> 
21:34 Mon 09-04-07 <br/> 
21:34 Mon 09-04-07 <br/> 
21:34 Mon 09-04-07 <br/> 
21:34 Mon 09-04-07 <br/> 
21:34 Mon 09-04-07 <br/> 
19:27 Tue 10-04-07 <br/> 
19:27 Tue 10-04-07 <br/> 
19:49 Tue 10-04-07 <br/> 
20:38 Tue 10-04-07 <br/> 
23:24 Tue 10-04-07 <br/> 
23:26 Tue 10-04-07 <br/> 
23:26 Tue 10-04-07 <br/> 
11:11 Wed 11-04-07 <br/> 
18:48 Wed 11-04-07 <br/> 
21:40 Wed 11-04-07 <br/> 
0:04 Thu 12-04-07 <br/> 
3:46 Thu 12-04-07 <br/> 
6:18 Thu 12-04-07 <br/> 
22:26 Thu 12-04-07 <br/> 
22:26 Thu 12-04-07 <br/> 
22:54 Thu 12-04-07 <br/> 
0:47 Fri 13-04-07 <br/> 
11:25 Fri 13-04-07 <br/> 
11:26 Fri 13-04-07 <br/> 
11:26 Fri 13-04-07 <br/> 
11:47 Fri 13-04-07 <br/> 
23:12 Fri 13-04-07 <br/> 
7:23 Sat 14-04-07 <br/> 
10:19 Sat 14-04-07 <br/> 
10:19 Sat 14-04-07 <br/> 
13:37 Sat 14-04-07 <br/> 
14:26 Sat 14-04-07 <br/> 
1:39 Sun 15-04-07 <br/> 
7:00 Sun 15-04-07 <br/> 
0:55 Mon 16-04-07 <br/> 
2:59 Mon 16-04-07 <br/> 
11:14 Mon 16-04-07 <br/> 
0:11 Tue 17-04-07 <br/> 
5:46 Wed 18-04-07 <br/> 
6:06 Wed 18-04-07 <br/> 
15:11 Wed 18-04-07 <br/> 
19:45 Wed 18-04-07 <br/> 
19:45 Wed 18-04-07 <br/> 
10:42 Thu 19-04-07 <br/> 
10:42 Thu 19-04-07 <br/> 
11:54 Thu 19-04-07 <br/> 
11:55 Thu 19-04-07 <br/> 
11:55 Thu 19-04-07 <br/> 
11:55 Thu 19-04-07 <br/> 
23:11 Thu 19-04-07 <br/> 
6:04 Fri 20-04-07 <br/> 
10:20 Fri 20-04-07 <br/> 
13:56 Fri 20-04-07 <br/> 
11:52 Sun 22-04-07 <br/> 
16:20 Sun 22-04-07 <br/> 
23:17 Sun 22-04-07 <br/> 
23:51 Sun 22-04-07 <br/> 
23:51 Sun 22-04-07 <br/> 
23:51 Sun 22-04-07 <br/> 
1:29 Mon 23-04-07 <br/> 
11:44 Tue 24-04-07 <br/> 
15:12 Tue 24-04-07 <br/> 
13:38 Wed 25-04-07 <br/> 
20:35 Wed 25-04-07 <br/> 
2:25 Thu 26-04-07 <br/> 
2:59 Thu 26-04-07 <br/> 
3:33 Thu 26-04-07 <br/> 
21:22 Thu 26-04-07 <br/> 
0:35 Fri 27-04-07 <br/> 
0:35 Fri 27-04-07 <br/> 
12:56 Fri 27-04-07 <br/> 
12:56 Fri 27-04-07 <br/> 
12:56 Fri 27-04-07 <br/> 
12:56 Fri 27-04-07 <br/> 
12:56 Fri 27-04-07 <br/> 
16:34 Fri 27-04-07 <br/> 
0:56 Sat 28-04-07 <br/> 
13:30 Sat 28-04-07 <br/> 
22:12 Sat 28-04-07 <br/> 
3:52 Sun 29-04-07 <br/> 
5:22 Tue 01-05-07 <br/> 
5:35 Tue 01-05-07 <br/> 
5:36 Tue 01-05-07 <br/> 
12:55 Thu 03-05-07 <br/> 
23:32 Thu 03-05-07 <br/> 
23:33 Thu 03-05-07 <br/> 
23:33 Thu 03-05-07 <br/> 
23:33 Thu 03-05-07 <br/> 
5:33 Fri 04-05-07 <br/> 
5:33 Fri 04-05-07 <br/> 
5:33 Fri 04-05-07 <br/> 
5:34 Fri 04-05-07 <br/> 
5:34 Fri 04-05-07 <br/> 
5:34 Fri 04-05-07 <br/> 
11:06 Sun 06-05-07 <br/> 
11:07 Sun 06-05-07 <br/> 
11:07 Sun 06-05-07 <br/> 
11:08 Sun 06-05-07 <br/> 
11:08 Sun 06-05-07 <br/> 
20:22 Sun 06-05-07 <br/> 
20:23 Sun 06-05-07 <br/> 
20:23 Sun 06-05-07 <br/> 
22:09 Sun 06-05-07 <br/> 
22:10 Sun 06-05-07 <br/> 
22:10 Sun 06-05-07 <br/> 
22:10 Sun 06-05-07 <br/> 
22:10 Sun 06-05-07 <br/> 
8:59 Mon 07-05-07 <br/> 
8:59 Mon 07-05-07 <br/> 
19:18 Mon 07-05-07 <br/> 
19:48 Mon 07-05-07 <br/> 
0:08 Tue 08-05-07 <br/> 
9:09 Tue 08-05-07 <br/> 
9:44 Tue 08-05-07 <br/> 
12:39 Tue 08-05-07 <br/> 
12:57 Tue 08-05-07 <br/> 
18:28 Tue 08-05-07 <br/> 
23:00 Tue 08-05-07 <br/> 
0:30 Wed 09-05-07 <br/> 
2:15 Wed 09-05-07 <br/> 
2:15 Wed 09-05-07 <br/> 
7:44 Wed 09-05-07 <br/> 
1:29 Thu 10-05-07 <br/> 
8:13 Thu 10-05-07 <br/> 
8:13 Thu 10-05-07 <br/> 
10:36 Thu 10-05-07 <br/> 
13:55 Thu 10-05-07 <br/> 
15:50 Thu 10-05-07 <br/> 
16:06 Thu 10-05-07 <br/> 
18:27 Thu 10-05-07 <br/> 
18:27 Thu 10-05-07 <br/> 
22:17 Thu 10-05-07 <br/> 
22:17 Thu 10-05-07 <br/> 
22:17 Thu 10-05-07 <br/> 
22:18 Thu 10-05-07 <br/> 
0:31 Fri 11-05-07 <br/> 
5:44 Fri 11-05-07 <br/> 
11:52 Fri 11-05-07 <br/> 
11:53 Fri 11-05-07 <br/> 
13:06 Mon 14-05-07 <br/> 
13:06 Mon 14-05-07 <br/> 
21:06 Mon 14-05-07 <br/> 
21:06 Mon 14-05-07 <br/> 
21:06 Mon 14-05-07 <br/> 
21:06 Mon 14-05-07 <br/> 
3:52 Tue 15-05-07 <br/> 
7:55 Tue 15-05-07 <br/> 
8:35 Tue 15-05-07 <br/> 
8:35 Tue 15-05-07 <br/> 
8:35 Tue 15-05-07 <br/> 
8:35 Tue 15-05-07 <br/> 
22:24 Tue 15-05-07 <br/> 
22:24 Tue 15-05-07 <br/> 
3:33 Wed 16-05-07 <br/> 
14:11 Wed 16-05-07 <br/> 
14:11 Wed 16-05-07 <br/> 
14:11 Wed 16-05-07 <br/> 
14:12 Wed 16-05-07 <br/> 
14:12 Wed 16-05-07 <br/> 
18:34 Wed 16-05-07 <br/> 
19:04 Thu 17-05-07 <br/> 
19:04 Thu 17-05-07 <br/> 
19:31 Thu 17-05-07 <br/> 
19:31 Thu 17-05-07 <br/> 
19:31 Thu 17-05-07 <br/> 
19:31 Thu 17-05-07 <br/> 
19:31 Thu 17-05-07 <br/> 
3:45 Fri 18-05-07 <br/> 
3:45 Fri 18-05-07 <br/> 
3:46 Fri 18-05-07 <br/> 
8:46 Fri 18-05-07 <br/> 
8:46 Fri 18-05-07 <br/> 
8:46 Fri 18-05-07 <br/> 
8:59 Fri 18-05-07 <br/> 
12:46 Fri 18-05-07 <br/> 
12:47 Fri 18-05-07 <br/> 
12:47 Fri 18-05-07 <br/> 
12:55 Fri 18-05-07 <br/> 
12:56 Fri 18-05-07 <br/> 
12:56 Fri 18-05-07 <br/> 
15:31 Fri 18-05-07 <br/> 
15:31 Fri 18-05-07 <br/> 
21:22 Sat 19-05-07 <br/> 
8:41 Sun 20-05-07 <br/> 
8:41 Sun 20-05-07 <br/> 
8:42 Sun 20-05-07 <br/> 
8:42 Sun 20-05-07 <br/> 
0:50 Mon 21-05-07 <br/> 
0:51 Mon 21-05-07 <br/> 
0:51 Mon 21-05-07 <br/> 
3:32 Mon 21-05-07 <br/> 
5:30 Mon 21-05-07 <br/> 
9:26 Mon 21-05-07 <br/> 
8:22 Tue 22-05-07 <br/> 
8:23 Tue 22-05-07 <br/> 
8:23 Tue 22-05-07 <br/> 
8:23 Tue 22-05-07 <br/> 
8:23 Tue 22-05-07 <br/> 
8:23 Tue 22-05-07 <br/> 
8:24 Tue 22-05-07 <br/> 
8:24 Tue 22-05-07 <br/> 
8:24 Tue 22-05-07 <br/> 
12:42 Tue 22-05-07 <br/> 
16:34 Tue 22-05-07 <br/> 
2:54 Wed 23-05-07 <br/> 
7:51 Wed 23-05-07 <br/> 
8:35 Wed 23-05-07 <br/> 
8:40 Wed 23-05-07 <br/> 
8:42 Wed 23-05-07 <br/> 
8:43 Wed 23-05-07 <br/> 
8:43 Wed 23-05-07 <br/> 
21:14 Wed 23-05-07 <br/> 
21:14 Wed 23-05-07 <br/> 
21:14 Wed 23-05-07 <br/> 
21:15 Wed 23-05-07 <br/> 
21:15 Wed 23-05-07 <br/> 
21:15 Wed 23-05-07 <br/> 
21:15 Wed 23-05-07 <br/> 
21:15 Wed 23-05-07 <br/> 
7:11 Thu 24-05-07 <br/> 
15:00 Thu 24-05-07 <br/> 
15:00 Thu 24-05-07 <br/> 
17:02 Thu 24-05-07 <br/> 
17:02 Thu 24-05-07 <br/> 
17:03 Thu 24-05-07 <br/> 
17:03 Thu 24-05-07 <br/> 
17:03 Thu 24-05-07 <br/> 
17:03 Thu 24-05-07 <br/> 
20:08 Thu 24-05-07 <br/> 
13:40 Sat 26-05-07 <br/> 
8:44 Mon 28-05-07 <br/> 
8:44 Mon 28-05-07 <br/> 
8:45 Mon 28-05-07 <br/> 
8:45 Mon 28-05-07 <br/> 
8:45 Mon 28-05-07 <br/> 
8:45 Mon 28-05-07 <br/> 
12:22 Mon 28-05-07 <br/> 
12:22 Mon 28-05-07 <br/> 
15:59 Mon 28-05-07 <br/> 
16:27 Mon 28-05-07 <br/> 
16:27 Mon 28-05-07 <br/> 
11:49 Tue 29-05-07 <br/> 
18:07 Tue 29-05-07 <br/> 
15:01 Wed 30-05-07 <br/> 
22:48 Wed 30-05-07 <br/> 
0:03 Thu 31-05-07 <br/> 
9:01 Thu 31-05-07 <br/> 
10:58 Thu 31-05-07 <br/> 
10:59 Thu 31-05-07 <br/> 
11:00 Thu 31-05-07 <br/> 
10:34 Fri 01-06-07 <br/> 
14:56 Fri 01-06-07 <br/> 
2:40 Sun 03-06-07 <br/> 
7:18 Mon 04-06-07 <br/> 
7:18 Mon 04-06-07 <br/> 
7:18 Mon 04-06-07 <br/> 
7:19 Mon 04-06-07 <br/> 
11:34 Mon 04-06-07 <br/> 
11:35 Mon 04-06-07 <br/> 
11:36 Mon 04-06-07 <br/> 
11:36 Mon 04-06-07 <br/> 
18:00 Mon 04-06-07 <br/> 
18:01 Mon 04-06-07 <br/> 
22:28 Mon 04-06-07 <br/> 
16:53 Tue 05-06-07 <br/> 
9:13 Wed 06-06-07 <br/> 
0:32 Thu 07-06-07 <br/> 
0:32 Thu 07-06-07 <br/> 
5:02 Thu 07-06-07 <br/> 
5:07 Thu 07-06-07 <br/> 
5:07 Thu 07-06-07 <br/> 
5:07 Thu 07-06-07 <br/> 
5:07 Thu 07-06-07 <br/> 
5:07 Thu 07-06-07 <br/> 
5:14 Thu 07-06-07 <br/> 
5:14 Thu 07-06-07 <br/> 
5:14 Thu 07-06-07 <br/> 
5:14 Thu 07-06-07 <br/> 
5:14 Thu 07-06-07 <br/> 
5:14 Thu 07-06-07 <br/> 
5:14 Thu 07-06-07 <br/> 
5:14 Thu 07-06-07 <br/> 
5:20 Thu 07-06-07 <br/> 
5:20 Thu 07-06-07 <br/> 
5:20 Thu 07-06-07 <br/> 
5:20 Thu 07-06-07 <br/> 
5:20 Thu 07-06-07 <br/> 
5:20 Thu 07-06-07 <br/> 
5:20 Thu 07-06-07 <br/> 
5:20 Thu 07-06-07 <br/> 
5:20 Thu 07-06-07 <br/> 
5:20 Thu 07-06-07 <br/> 
5:20 Thu 07-06-07 <br/> 
5:20 Thu 07-06-07 <br/> 
5:20 Thu 07-06-07 <br/> 
5:20 Thu 07-06-07 <br/> 
5:20 Thu 07-06-07 <br/> 
12:21 Thu 07-06-07 <br/> 
18:42 Thu 07-06-07 <br/> 
20:59 Thu 07-06-07 <br/> 
22:33 Thu 07-06-07 <br/> 
0:09 Fri 08-06-07 <br/> 
1:43 Fri 08-06-07 <br/> 
3:13 Fri 08-06-07 <br/> 
7:07 Fri 08-06-07 <br/> 
7:08 Fri 08-06-07 <br/> 
7:09 Fri 08-06-07 <br/> 
7:09 Fri 08-06-07 <br/> 
7:09 Fri 08-06-07 <br/> 
7:09 Fri 08-06-07 <br/> 
21:43 Fri 08-06-07 <br/> 
12:43 Sat 09-06-07 <br/> 
22:51 Sun 10-06-07 <br/> 
22:53 Sun 10-06-07 <br/> 
3:53 Mon 11-06-07 <br/> 
23:44 Mon 11-06-07 <br/> 
2:42 Tue 12-06-07 <br/> 
6:41 Tue 12-06-07 <br/> 
10:09 Tue 12-06-07 <br/> 
10:12 Tue 12-06-07 <br/> 
10:12 Tue 12-06-07 <br/> 
10:12 Tue 12-06-07 <br/> 
10:12 Tue 12-06-07 <br/> 
10:13 Tue 12-06-07 <br/> 
17:28 Tue 12-06-07 <br/> 
17:28 Tue 12-06-07 <br/> 
19:14 Tue 12-06-07 <br/> 
19:18 Tue 12-06-07 <br/> 
19:24 Tue 12-06-07 <br/> 
19:31 Tue 12-06-07 <br/> 
19:32 Wed 13-06-07 <br/> 
19:45 Wed 13-06-07 <br/> 
20:09 Wed 13-06-07 <br/> 
20:09 Wed 13-06-07 <br/> 
20:09 Wed 13-06-07 <br/> 
20:09 Wed 13-06-07 <br/> 
21:58 Wed 13-06-07 <br/> 
4:41 Thu 14-06-07 <br/> 
17:29 Thu 14-06-07 <br/> 
21:03 Thu 14-06-07 <br/> 
22:13 Thu 14-06-07 <br/> 
22:32 Thu 14-06-07 <br/> 
11:56 Fri 15-06-07 <br/> 
14:10 Fri 15-06-07 <br/> 
14:10 Fri 15-06-07 <br/> 
14:11 Fri 15-06-07 <br/> 
14:16 Fri 15-06-07 <br/> 
8:38 Sun 17-06-07 <br/> 
8:41 Sun 17-06-07 <br/> 
5:31 Mon 18-06-07 <br/> 
6:16 Mon 18-06-07 <br/> 
20:44 Mon 18-06-07 <br/> 
20:44 Mon 18-06-07 <br/> 
20:45 Mon 18-06-07 <br/> 
20:57 Mon 18-06-07 <br/> 
0:08 Tue 19-06-07 <br/> 
10:55 Tue 19-06-07 <br/> 
6:38 Wed 20-06-07 <br/> 
16:57 Wed 20-06-07 <br/> 
20:20 Wed 20-06-07 <br/> 
23:49 Wed 20-06-07 <br/> 
13:49 Thu 21-06-07 <br/> 
13:49 Thu 21-06-07 <br/> 
13:49 Thu 21-06-07 <br/> 
17:21 Thu 21-06-07 <br/> 
0:09 Fri 22-06-07 <br/> 
1:51 Fri 22-06-07 <br/> 
8:50 Fri 22-06-07 <br/> 
11:29 Fri 22-06-07 <br/> 
12:30 Fri 22-06-07 <br/> 
14:47 Fri 22-06-07 <br/> 
14:47 Fri 22-06-07 <br/> 
16:49 Sat 23-06-07 <br/> 
16:50 Sat 23-06-07 <br/> 
16:50 Sat 23-06-07 <br/> 
16:50 Sat 23-06-07 <br/> 
16:50 Sat 23-06-07 <br/> 
16:50 Sat 23-06-07 <br/> 
16:50 Sat 23-06-07 <br/> 
16:51 Sat 23-06-07 <br/> 
22:28 Sat 23-06-07 <br/> 
22:47 Sat 23-06-07 <br/> 
22:48 Sat 23-06-07 <br/> 
5:09 Mon 25-06-07 <br/> 
10:21 Mon 25-06-07 <br/> 
10:21 Mon 25-06-07 <br/> 
12:10 Mon 25-06-07 <br/> 
13:31 Mon 25-06-07 <br/> 
13:32 Mon 25-06-07 <br/> 
21:35 Mon 25-06-07 <br/> 
0:16 Tue 26-06-07 <br/> 
0:41 Tue 26-06-07 <br/> 
8:18 Tue 26-06-07 <br/> 
7:24 Wed 27-06-07 <br/> 
7:24 Wed 27-06-07 <br/> 
0:28 Thu 28-06-07 <br/> 
12:20 Thu 28-06-07 <br/> 
13:38 Thu 28-06-07 <br/> 
17:57 Fri 29-06-07 <br/> 
22:43 Fri 29-06-07 <br/> 
4:20 Sat 30-06-07 <br/> 
4:24 Sat 30-06-07 <br/> 
4:26 Sat 30-06-07 <br/> 
4:27 Sat 30-06-07 <br/> 
20:52 Sat 30-06-07 <br/> 
21:17 Sat 30-06-07 <br/> 
21:39 Sat 30-06-07 <br/> 
21:49 Sat 30-06-07 <br/> 
22:00 Sat 30-06-07 <br/> 
8:55 Sun 01-07-07 <br/> 
9:51 Sun 01-07-07 <br/> 
9:55 Sun 01-07-07 <br/> 
10:26 Sun 01-07-07 <br/> 
16:42 Sun 01-07-07 <br/> 
16:42 Sun 01-07-07 <br/> 
16:42 Sun 01-07-07 <br/> 
16:42 Sun 01-07-07 <br/> 
16:42 Sun 01-07-07 <br/> 
16:42 Sun 01-07-07 <br/> 
16:42 Sun 01-07-07 <br/> 
1:54 Mon 02-07-07 <br/> 
3:05 Mon 02-07-07 <br/> 
4:21 Mon 02-07-07 <br/> 
8:57 Mon 02-07-07 <br/> 
6:25 Tue 03-07-07 <br/> 
6:25 Tue 03-07-07 <br/> 
6:25 Tue 03-07-07 <br/> 
6:26 Tue 03-07-07 <br/> 
13:36 Tue 03-07-07 <br/> 
13:37 Tue 03-07-07 <br/> 
13:40 Tue 03-07-07 <br/> 
21:20 Tue 03-07-07 <br/> 
21:21 Tue 03-07-07 <br/> 
3:40 Wed 04-07-07 <br/> 
9:14 Wed 04-07-07 <br/> 
18:27 Wed 04-07-07 <br/> 
20:13 Wed 04-07-07 <br/> 
23:59 Wed 04-07-07 <br/> 
15:24 Thu 05-07-07 <br/> 
22:14 Thu 05-07-07 <br/> 
22:53 Thu 05-07-07 <br/> 
5:54 Fri 06-07-07 <br/> 
8:53 Sat 07-07-07 <br/> 
10:56 Sat 07-07-07 <br/> 
10:56 Sat 07-07-07 <br/> 
10:56 Sat 07-07-07 <br/> 
13:29 Sat 07-07-07 <br/> 
17:28 Sat 07-07-07 <br/> 
19:18 Sat 07-07-07 <br/> 
3:04 Sun 08-07-07 <br/> 
9:55 Sun 08-07-07 <br/> 
9:58 Sun 08-07-07 <br/> 
10:34 Sun 08-07-07 <br/> 
22:27 Sun 08-07-07 <br/> 
5:45 Mon 09-07-07 <br/> 
8:43 Tue 10-07-07 <br/> 
9:19 Tue 10-07-07 <br/> 
9:48 Tue 10-07-07 <br/> 
12:04 Tue 10-07-07 <br/> 
12:45 Tue 10-07-07 <br/> 
12:45 Tue 10-07-07 <br/> 
12:51 Tue 10-07-07 <br/> 
1:27 Wed 11-07-07 <br/> 
3:50 Wed 11-07-07 <br/> 
10:38 Wed 11-07-07 <br/> 
14:14 Wed 11-07-07 <br/> 
23:46 Wed 11-07-07 <br/> 
13:55 Thu 12-07-07 <br/> 
0:50 Fri 13-07-07 <br/> 
10:18 Fri 13-07-07 <br/> 
10:18 Fri 13-07-07 <br/> 
10:18 Fri 13-07-07 <br/> 
10:18 Fri 13-07-07 <br/> 
14:49 Fri 13-07-07 <br/> 
14:49 Fri 13-07-07 <br/> 
14:50 Fri 13-07-07 <br/> 
14:50 Fri 13-07-07 <br/> 
22:51 Fri 13-07-07 <br/> 
0:53 Sat 14-07-07 <br/> 
17:46 Sat 14-07-07 <br/> 
3:13 Sun 15-07-07 <br/> 
4:28 Sun 15-07-07 <br/> 
9:57 Sun 15-07-07 <br/> 
10:11 Sun 15-07-07 <br/> 
10:39 Sun 15-07-07 <br/> 
5:38 Mon 16-07-07 <br/> 
11:38 Mon 16-07-07 <br/> 
23:59 Mon 16-07-07 <br/> 
0:29 Tue 17-07-07 <br/> 
2:03 Tue 17-07-07 <br/> 
2:03 Tue 17-07-07 <br/> 
7:43 Tue 17-07-07 <br/> 
0:40 Wed 18-07-07 <br/> 
3:41 Wed 18-07-07 <br/> 
6:39 Wed 18-07-07 <br/> 
12:15 Wed 18-07-07 <br/> 
0:25 Thu 19-07-07 <br/> 
14:37 Thu 19-07-07 <br/> 
19:47 Thu 19-07-07 <br/> 
19:47 Thu 19-07-07 <br/> 
19:47 Thu 19-07-07 <br/> 
19:47 Thu 19-07-07 <br/> 
19:48 Thu 19-07-07 <br/> 
19:48 Thu 19-07-07 <br/> 
19:50 Thu 19-07-07 <br/> 
16:29 Fri 20-07-07 <br/> 
0:04 Sat 21-07-07 <br/> 
0:35 Sat 21-07-07 <br/> 
19:53 Sat 21-07-07 <br/> 
2:08 Sun 22-07-07 <br/> 
6:28 Sun 22-07-07 <br/> 
9:11 Sun 22-07-07 <br/> 
9:11 Sun 22-07-07 <br/> 
10:40 Sun 22-07-07 <br/> 
10:58 Sun 22-07-07 <br/> 
10:59 Sun 22-07-07 <br/> 
7:30 Mon 23-07-07 <br/> 
12:01 Mon 23-07-07 <br/> 
19:03 Mon 23-07-07 <br/> 
12:16 Tue 24-07-07 <br/> 
15:24 Tue 24-07-07 <br/> 
16:32 Tue 24-07-07 <br/> 
0:08 Wed 25-07-07 <br/> 
3:21 Wed 25-07-07 <br/> 
14:22 Wed 25-07-07 <br/> 
14:22 Wed 25-07-07 <br/> 
14:22 Wed 25-07-07 <br/> 
14:22 Wed 25-07-07 <br/> 
14:22 Wed 25-07-07 <br/> 
0:03 Thu 26-07-07 <br/> 
23:09 Thu 26-07-07 <br/> 
0:04 Fri 27-07-07 <br/> 
13:06 Fri 27-07-07 <br/> 
13:06 Fri 27-07-07 <br/> 
13:06 Fri 27-07-07 <br/> 
13:07 Fri 27-07-07 <br/> 
13:07 Fri 27-07-07 <br/> 
13:07 Fri 27-07-07 <br/> 
13:07 Fri 27-07-07 <br/> 
17:56 Sat 28-07-07 <br/> 
11:58 Sun 29-07-07 <br/> 
11:58 Sun 29-07-07 <br/> 
1:41 Mon 30-07-07 <br/> 
3:03 Mon 30-07-07 <br/> 
3:03 Mon 30-07-07 <br/> 
14:47 Mon 30-07-07 <br/> 
20:36 Mon 30-07-07 <br/> 
0:11 Tue 31-07-07 <br/> 
10:59 Tue 31-07-07 <br/> 
10:59 Tue 31-07-07 <br/> 
10:59 Tue 31-07-07 <br/> 
2:37 Wed 01-08-07 <br/> 
7:51 Wed 01-08-07 <br/> 
7:52 Wed 01-08-07 <br/> 
10:05 Wed 01-08-07 <br/> 
17:40 Wed 01-08-07 <br/> 
1:41 Thu 02-08-07 <br/> 
16:52 Thu 02-08-07 <br/> 
16:53 Thu 02-08-07 <br/> 
16:53 Thu 02-08-07 <br/> 
20:56 Thu 02-08-07 <br/> 
0:46 Fri 03-08-07 <br/> 
4:40 Sun 05-08-07 <br/> 
7:23 Sun 05-08-07 <br/> 
7:23 Sun 05-08-07 <br/> 
5:41 Mon 06-08-07 <br/> 
23:57 Mon 06-08-07 <br/> 
23:57 Mon 06-08-07 <br/> 
23:58 Mon 06-08-07 <br/> 
14:34 Tue 07-08-07 <br/> 
20:43 Tue 07-08-07 <br/> 
20:53 Tue 07-08-07 <br/> 
13:58 Wed 08-08-07 <br/> 
13:58 Wed 08-08-07 <br/> 
23:42 Thu 09-08-07 <br/> 
3:31 Fri 10-08-07 <br/> 
13:31 Sat 11-08-07 <br/> 
4:05 Sun 12-08-07 <br/> 
13:48 Sun 12-08-07 <br/> 
14:36 Sun 12-08-07 <br/> 
14:37 Sun 12-08-07 <br/> 
14:37 Sun 12-08-07 <br/> 
14:38 Sun 12-08-07 <br/> 
14:38 Sun 12-08-07 <br/> 
14:38 Sun 12-08-07 <br/> 
16:44 Mon 13-08-07 <br/> 
9:07 Tue 14-08-07 <br/> 
13:19 Tue 14-08-07 <br/> 
7:19 Wed 15-08-07 <br/> 
15:04 Wed 15-08-07 <br/> 
17:02 Wed 15-08-07 <br/> 
11:45 Thu 16-08-07 <br/> 
11:45 Thu 16-08-07 <br/> 
13:08 Thu 16-08-07 <br/> 
19:54 Thu 16-08-07 <br/> 
19:54 Thu 16-08-07 <br/> 
19:54 Thu 16-08-07 <br/> 
19:55 Thu 16-08-07 <br/> 
19:55 Thu 16-08-07 <br/> 
19:55 Thu 16-08-07 <br/> 
23:20 Thu 16-08-07 <br/> 
11:24 Sat 18-08-07 <br/> 
11:24 Sat 18-08-07 <br/> 
23:03 Sat 18-08-07 <br/> 
0:37 Sun 19-08-07 <br/> 
1:09 Sun 19-08-07 <br/> 
1:09 Sun 19-08-07 <br/> 
13:50 Sun 19-08-07 <br/> 
5:50 Mon 20-08-07 <br/> 
9:09 Mon 20-08-07 <br/> 
9:09 Mon 20-08-07 <br/> 
9:10 Mon 20-08-07 <br/> 
14:29 Mon 20-08-07 <br/> 
16:37 Tue 21-08-07 <br/> 
23:55 Tue 21-08-07 <br/> 
23:56 Tue 21-08-07 <br/> 
9:34 Wed 22-08-07 <br/> 
9:46 Wed 22-08-07 <br/> 
0:15 Thu 23-08-07 <br/> 
0:22 Thu 23-08-07 <br/> 
0:22 Thu 23-08-07 <br/> 
13:10 Thu 23-08-07 <br/> 
0:24 Fri 24-08-07 <br/> 
0:32 Fri 24-08-07 <br/> 
0:33 Fri 24-08-07 <br/> 
7:00 Fri 24-08-07 <br/> 
20:26 Fri 24-08-07 <br/> 
20:47 Fri 24-08-07 <br/> 
5:03 Sat 25-08-07 <br/> 
7:48 Sat 25-08-07 <br/> 
7:48 Sat 25-08-07 <br/> 
10:12 Sat 25-08-07 <br/> 
11:05 Sat 25-08-07 <br/> 
11:06 Sat 25-08-07 <br/> 
11:06 Sat 25-08-07 <br/> 
11:06 Sat 25-08-07 <br/> 
11:07 Sat 25-08-07 <br/> 
11:07 Sat 25-08-07 <br/> 
11:07 Sat 25-08-07 <br/> 
11:07 Sat 25-08-07 <br/> 
11:07 Sat 25-08-07 <br/> 
11:08 Sat 25-08-07 <br/> 
11:31 Sat 25-08-07 <br/> 
18:35 Sat 25-08-07 <br/> 
18:39 Sat 25-08-07 <br/> 
1:24 Sun 26-08-07 <br/> 
1:58 Sun 26-08-07 <br/> 
1:59 Sun 26-08-07 <br/> 
14:14 Sun 26-08-07 <br/> 
3:49 Mon 27-08-07 <br/> 
4:24 Mon 27-08-07 <br/> 
4:24 Mon 27-08-07 <br/> 
5:21 Mon 27-08-07 <br/> 
18:57 Mon 27-08-07 <br/> 
23:54 Mon 27-08-07 <br/> 
4:02 Tue 28-08-07 <br/> 
5:02 Tue 28-08-07 <br/> 
7:57 Tue 28-08-07 <br/> 
8:00 Tue 28-08-07 <br/> 
18:40 Tue 28-08-07 <br/> 
18:45 Tue 28-08-07 <br/> 
19:31 Tue 28-08-07 <br/> 
2:44 Wed 29-08-07 <br/> 
3:17 Wed 29-08-07 <br/> 
3:17 Wed 29-08-07 <br/> 
8:13 Wed 29-08-07 <br/> 
8:14 Wed 29-08-07 <br/> 
12:06 Wed 29-08-07 <br/> 
18:25 Wed 29-08-07 <br/> 
22:39 Wed 29-08-07 <br/> 
22:39 Wed 29-08-07 <br/> 
22:39 Wed 29-08-07 <br/> 
23:53 Wed 29-08-07 <br/> 
0:01 Thu 30-08-07 <br/> 
0:01 Thu 30-08-07 <br/> 
0:30 Thu 30-08-07 <br/> 
18:33 Thu 30-08-07 <br/> 
18:33 Thu 30-08-07 <br/> 
18:34 Thu 30-08-07 <br/> 
18:34 Thu 30-08-07 <br/> 
18:34 Thu 30-08-07 <br/> 
22:36 Thu 30-08-07 <br/> 
0:40 Fri 31-08-07 <br/> 
12:01 Fri 31-08-07 <br/> 
12:01 Fri 31-08-07 <br/> 
20:27 Fri 31-08-07 <br/> 
20:52 Fri 31-08-07 <br/> 
23:56 Fri 31-08-07 <br/> 
6:40 Sat 01-09-07 <br/> 
6:40 Sat 01-09-07 <br/> 
6:41 Sat 01-09-07 <br/> 
6:41 Sat 01-09-07 <br/> 
6:43 Sat 01-09-07 <br/> 
20:06 Sat 01-09-07 <br/> 
20:07 Sat 01-09-07 <br/> 
20:07 Sat 01-09-07 <br/> 
20:07 Sat 01-09-07 <br/> 
6:28 Sun 02-09-07 <br/> 
10:12 Sun 02-09-07 <br/> 
15:14 Sun 02-09-07 <br/> 
19:12 Sun 02-09-07 <br/> 
4:56 Mon 03-09-07 <br/> 
8:11 Mon 03-09-07 <br/> 
8:11 Mon 03-09-07 <br/> 
8:12 Mon 03-09-07 <br/> 
8:12 Mon 03-09-07 <br/> 
8:12 Mon 03-09-07 <br/> 
8:12 Mon 03-09-07 <br/> 
8:12 Mon 03-09-07 <br/> 
10:39 Mon 03-09-07 <br/> 
22:49 Mon 03-09-07 <br/> 
5:15 Tue 04-09-07 <br/> 
16:26 Tue 04-09-07 <br/> 
18:28 Tue 04-09-07 <br/> 
3:13 Wed 05-09-07 <br/> 
5:57 Wed 05-09-07 <br/> 
14:13 Thu 06-09-07 <br/> 
0:40 Fri 07-09-07 <br/> 
0:47 Fri 07-09-07 <br/> 
7:00 Sat 08-09-07 <br/> 
8:37 Sat 08-09-07 <br/> 
17:33 Sat 08-09-07 <br/> 
5:34 Sun 09-09-07 <br/> 
6:22 Sun 09-09-07 <br/> 
6:22 Sun 09-09-07 <br/> 
6:23 Sun 09-09-07 <br/> 
19:31 Sun 09-09-07 <br/> 
0:48 Mon 10-09-07 <br/> 
0:48 Mon 10-09-07 <br/> 
0:49 Mon 10-09-07 <br/> 
19:38 Mon 10-09-07 <br/> 
19:38 Mon 10-09-07 <br/> 
21:39 Mon 10-09-07 <br/> 
4:43 Tue 11-09-07 <br/> 
16:29 Tue 11-09-07 <br/> 
13:48 Wed 12-09-07 <br/> 
13:48 Wed 12-09-07 <br/> 
22:17 Wed 12-09-07 <br/> 
0:30 Thu 13-09-07 <br/> 
23:58 Thu 13-09-07 <br/> 
0:06 Fri 14-09-07 <br/> 
0:06 Fri 14-09-07 <br/> 
7:01 Sat 15-09-07 <br/> 
17:32 Sat 15-09-07 <br/> 
17:38 Sat 15-09-07 <br/> 
17:39 Sat 15-09-07 <br/> 
0:25 Sun 16-09-07 <br/> 
0:25 Sun 16-09-07 <br/> 
0:26 Sun 16-09-07 <br/> 
0:26 Sun 16-09-07 <br/> 
17:08 Sun 16-09-07 <br/> 
19:33 Sun 16-09-07 <br/> 
4:30 Mon 17-09-07 <br/> 
10:38 Mon 17-09-07 <br/> 
18:58 Mon 17-09-07 <br/> 
3:18 Tue 18-09-07 <br/> 
3:37 Tue 18-09-07 <br/> 
11:06 Wed 19-09-07 <br/> 
11:36 Wed 19-09-07 <br/> 
23:38 Wed 19-09-07 <br/> 
23:47 Wed 19-09-07 <br/> 
23:45 Thu 20-09-07 <br/> 
23:11 Fri 21-09-07 <br/> 
23:19 Fri 21-09-07 <br/> 
23:19 Fri 21-09-07 <br/> 
23:57 Fri 21-09-07 <br/> 
23:57 Fri 21-09-07 <br/> 
16:07 Sat 22-09-07 <br/> 
16:07 Sat 22-09-07 <br/> 
16:07 Sat 22-09-07 <br/> 
16:07 Sat 22-09-07 <br/> 
16:07 Sat 22-09-07 <br/> 
16:07 Sat 22-09-07 <br/> 
7:29 Sun 23-09-07 <br/> 
14:01 Sun 23-09-07 <br/> 
14:02 Sun 23-09-07 <br/> 
14:02 Sun 23-09-07 <br/> 
14:02 Sun 23-09-07 <br/> 
14:02 Sun 23-09-07 <br/> 
14:03 Sun 23-09-07 <br/> 
14:07 Sun 23-09-07 <br/> 
5:04 Mon 24-09-07 <br/> 
0:31 Tue 25-09-07 <br/> 
1:50 Tue 25-09-07 <br/> 
15:39 Tue 25-09-07 <br/> 
17:34 Tue 25-09-07 <br/> 
17:34 Tue 25-09-07 <br/> 
22:59 Tue 25-09-07 <br/> 
23:09 Tue 25-09-07 <br/> 
23:09 Tue 25-09-07 <br/> 
11:09 Wed 26-09-07 <br/> 
11:38 Wed 26-09-07 <br/> 
17:46 Wed 26-09-07 <br/> 
22:50 Wed 26-09-07 <br/> 
23:46 Wed 26-09-07 <br/> 
23:47 Wed 26-09-07 <br/> 
14:50 Thu 27-09-07 <br/> 
14:51 Thu 27-09-07 <br/> 
23:08 Thu 27-09-07 <br/> 
23:16 Thu 27-09-07 <br/> 
23:17 Thu 27-09-07 <br/> 
15:11 Fri 28-09-07 <br/> 
12:15 Sat 29-09-07 <br/> 
17:50 Sun 30-09-07 <br/> 
23:35 Sun 30-09-07 <br/> 
23:36 Sun 30-09-07 <br/> 
5:31 Mon 01-10-07 <br/> 
11:10 Mon 01-10-07 <br/> 
11:10 Mon 01-10-07 <br/> 
11:10 Mon 01-10-07 <br/> 
11:10 Mon 01-10-07 <br/> 
16:45 Tue 02-10-07 <br/> 
17:23 Tue 02-10-07 <br/> 
17:24 Tue 02-10-07 <br/> 
17:25 Tue 02-10-07 <br/> 
17:25 Tue 02-10-07 <br/> 
17:26 Tue 02-10-07 <br/> 
17:26 Tue 02-10-07 <br/> 
17:26 Tue 02-10-07 <br/> 
17:36 Tue 02-10-07 <br/> 
17:40 Tue 02-10-07 <br/> 
17:40 Tue 02-10-07 <br/> 
17:40 Tue 02-10-07 <br/> 
17:43 Tue 02-10-07 <br/> 
22:17 Tue 02-10-07 <br/> 
23:55 Tue 02-10-07 <br/> 
0:03 Wed 03-10-07 <br/> 
0:04 Wed 03-10-07 <br/> 
12:13 Wed 03-10-07 <br/> 
15:02 Wed 03-10-07 <br/> 
1:41 Thu 04-10-07 <br/> 
1:59 Thu 04-10-07 <br/> 
17:10 Thu 04-10-07 <br/> 
17:11 Thu 04-10-07 <br/> 
17:11 Thu 04-10-07 <br/> 
17:12 Thu 04-10-07 <br/> 
19:01 Thu 04-10-07 <br/> 
19:01 Thu 04-10-07 <br/> 
23:35 Thu 04-10-07 <br/> 
23:36 Thu 04-10-07 <br/> 
23:36 Thu 04-10-07 <br/> 
0:00 Fri 05-10-07 <br/> 
0:08 Fri 05-10-07 <br/> 
0:08 Fri 05-10-07 <br/> 
6:38 Fri 05-10-07 <br/> 
10:57 Fri 05-10-07 <br/> 
0:21 Sat 06-10-07 <br/> 
0:21 Sat 06-10-07 <br/> 
0:21 Sat 06-10-07 <br/> 
0:22 Sat 06-10-07 <br/> 
0:22 Sat 06-10-07 <br/> 
0:22 Sat 06-10-07 <br/> 
0:22 Sat 06-10-07 <br/> 
0:23 Sat 06-10-07 <br/> 
0:23 Sat 06-10-07 <br/> 
0:23 Sat 06-10-07 <br/> 
0:23 Sat 06-10-07 <br/> 
0:24 Sat 06-10-07 <br/> 
0:27 Sat 06-10-07 <br/> 
0:28 Sat 06-10-07 <br/> 
0:29 Sat 06-10-07 <br/> 
0:30 Sat 06-10-07 <br/> 
0:30 Sat 06-10-07 <br/> 
0:39 Sat 06-10-07 <br/> 
20:52 Sat 06-10-07 <br/> 
22:54 Sat 06-10-07 <br/> 
22:54 Sat 06-10-07 <br/> 
22:55 Sat 06-10-07 <br/> 
22:55 Sat 06-10-07 <br/> 
22:55 Sat 06-10-07 <br/> 
22:56 Sat 06-10-07 <br/> 
22:58 Sat 06-10-07 <br/> 
4:48 Sun 07-10-07 <br/> 
4:48 Sun 07-10-07 <br/> 
4:50 Sun 07-10-07 <br/> 
4:50 Sun 07-10-07 <br/> 
14:52 Sun 07-10-07 <br/> 
14:52 Sun 07-10-07 <br/> 
14:53 Sun 07-10-07 <br/> 
14:54 Sun 07-10-07 <br/> 
14:54 Sun 07-10-07 <br/> 
14:54 Sun 07-10-07 <br/> 
17:46 Sun 07-10-07 <br/> 
23:11 Sun 07-10-07 <br/> 
3:06 Mon 08-10-07 <br/> 
3:45 Mon 08-10-07 <br/> 
3:46 Mon 08-10-07 <br/> 
19:55 Mon 08-10-07 <br/> 
19:55 Mon 08-10-07 <br/> 
4:33 Tue 09-10-07 <br/> 
7:07 Tue 09-10-07 <br/> 
17:31 Tue 09-10-07 <br/> 
17:31 Tue 09-10-07 <br/> 
17:31 Tue 09-10-07 <br/> 
17:32 Tue 09-10-07 <br/> 
20:52 Tue 09-10-07 <br/> 
20:55 Tue 09-10-07 <br/> 
5:57 Wed 10-10-07 <br/> 
12:15 Wed 10-10-07 <br/> 
12:17 Wed 10-10-07 <br/> 
0:14 Thu 11-10-07 <br/> 
0:23 Thu 11-10-07 <br/> 
0:23 Thu 11-10-07 <br/> 
1:57 Thu 11-10-07 <br/> 
6:22 Thu 11-10-07 <br/> 
23:36 Thu 11-10-07 <br/> 
23:45 Thu 11-10-07 <br/> 
23:45 Thu 11-10-07 <br/> 
0:39 Sat 13-10-07 <br/> 
0:47 Sat 13-10-07 <br/> 
0:47 Sat 13-10-07 <br/> 
17:47 Sat 13-10-07 <br/> 
1:10 Mon 15-10-07 <br/> 
1:54 Mon 15-10-07 <br/> 
1:55 Mon 15-10-07 <br/> 
23:47 Mon 15-10-07 <br/> 
23:56 Mon 15-10-07 <br/> 
23:57 Mon 15-10-07 <br/> 
23:48 Tue 16-10-07 <br/> 
23:48 Tue 16-10-07 <br/> 
23:49 Tue 16-10-07 <br/> 
23:58 Tue 16-10-07 <br/> 
23:59 Tue 16-10-07 <br/> 
2:14 Wed 17-10-07 <br/> 
2:15 Wed 17-10-07 <br/> 
2:15 Wed 17-10-07 <br/> 
2:15 Wed 17-10-07 <br/> 
2:15 Wed 17-10-07 <br/> 
19:13 Wed 17-10-07 <br/> 
19:13 Wed 17-10-07 <br/> 
0:19 Thu 18-10-07 <br/> 
0:29 Thu 18-10-07 <br/> 
0:29 Thu 18-10-07 <br/> 
6:36 Thu 18-10-07 <br/> 
7:49 Thu 18-10-07 <br/> 
14:12 Fri 19-10-07 <br/> 
15:39 Fri 19-10-07 <br/> 
15:40 Fri 19-10-07 <br/> 
15:40 Fri 19-10-07 <br/> 
15:40 Fri 19-10-07 <br/> 
15:40 Fri 19-10-07 <br/> 
15:40 Fri 19-10-07 <br/> 
15:41 Fri 19-10-07 <br/> 
5:20 Sat 20-10-07 <br/> 
14:01 Sat 20-10-07 <br/> 
14:11 Sat 20-10-07 <br/> 
14:11 Sat 20-10-07 <br/> 
14:45 Sat 20-10-07 <br/> 
15:14 Sat 20-10-07 <br/> 
2:06 Sun 21-10-07 <br/> 
2:55 Sun 21-10-07 <br/> 
2:56 Sun 21-10-07 <br/> 
1:33 Mon 22-10-07 <br/> 
1:43 Mon 22-10-07 <br/> 
1:43 Mon 22-10-07 <br/> 
16:02 Mon 22-10-07 <br/> 
22:14 Mon 22-10-07 <br/> 
0:15 Tue 23-10-07 <br/> 
0:25 Tue 23-10-07 <br/> 
0:25 Tue 23-10-07 <br/> 
23:57 Tue 23-10-07 <br/> 
0:07 Wed 24-10-07 <br/> 
0:07 Wed 24-10-07 <br/> 
16:12 Wed 24-10-07 <br/> 
16:12 Wed 24-10-07 <br/> 
16:12 Wed 24-10-07 <br/> 
16:12 Wed 24-10-07 <br/> 
16:13 Wed 24-10-07 <br/> 
16:14 Wed 24-10-07 <br/> 
16:15 Wed 24-10-07 <br/> 
23:46 Wed 24-10-07 <br/> 
23:56 Wed 24-10-07 <br/> 
23:57 Wed 24-10-07 <br/> 
6:39 Thu 25-10-07 <br/> 
7:52 Thu 25-10-07 <br/> 
22:23 Thu 25-10-07 <br/> 
22:24 Thu 25-10-07 <br/> 
22:24 Thu 25-10-07 <br/> 
0:13 Fri 26-10-07 <br/> 
0:23 Fri 26-10-07 <br/> 
0:24 Fri 26-10-07 <br/> 
6:34 Fri 26-10-07 <br/> 
10:05 Fri 26-10-07 <br/> 
10:06 Fri 26-10-07 <br/> 
10:06 Fri 26-10-07 <br/> 
18:18 Fri 26-10-07 <br/> 
18:18 Fri 26-10-07 <br/> 
3:14 Sat 27-10-07 <br/> 
4:01 Sat 27-10-07 <br/> 
4:02 Sat 27-10-07 <br/> 
6:28 Sat 27-10-07 <br/> 
11:39 Sat 27-10-07 <br/> 
0:18 Sun 28-10-07 <br/> 
6:59 Sun 28-10-07 <br/> 
12:23 Sun 28-10-07 <br/> 
12:23 Sun 28-10-07 <br/> 
2:03 Mon 29-10-07 <br/> 
3:42 Mon 29-10-07 <br/> 
1:02 Tue 30-10-07 <br/> 
4:58 Tue 30-10-07 <br/> 
4:58 Tue 30-10-07 <br/> 
4:58 Tue 30-10-07 <br/> 
6:02 Tue 30-10-07 <br/> 
6:02 Tue 30-10-07 <br/> 
10:50 Tue 30-10-07 <br/> 
10:50 Tue 30-10-07 <br/> 
23:44 Tue 30-10-07 <br/> 
23:56 Tue 30-10-07 <br/> 
23:56 Tue 30-10-07 <br/> 
5:40 Wed 31-10-07 <br/> 
8:05 Wed 31-10-07 <br/> 
1:54 Thu 01-11-07 <br/> 
5:42 Thu 01-11-07 <br/> 
12:40 Thu 01-11-07 <br/> 
15:57 Thu 01-11-07 <br/> 
15:57 Thu 01-11-07 <br/> 
15:57 Thu 01-11-07 <br/> 
0:18 Fri 02-11-07 <br/> 
19:38 Fri 02-11-07 <br/> 
0:43 Sat 03-11-07 <br/> 
19:55 Sat 03-11-07 <br/> 
19:55 Sat 03-11-07 <br/> 
19:55 Sat 03-11-07 <br/> 
19:55 Sat 03-11-07 <br/> 
19:55 Sat 03-11-07 <br/> 
19:56 Sat 03-11-07 <br/> 
19:56 Sat 03-11-07 <br/> 
19:56 Sat 03-11-07 <br/> 
19:56 Sat 03-11-07 <br/> 
19:56 Sat 03-11-07 <br/> 
19:56 Sat 03-11-07 <br/> 
19:56 Sat 03-11-07 <br/> 
19:56 Sat 03-11-07 <br/> 
19:56 Sat 03-11-07 <br/> 
19:56 Sat 03-11-07 <br/> 
19:56 Sat 03-11-07 <br/> 
19:56 Sat 03-11-07 <br/> 
19:56 Sat 03-11-07 <br/> 
19:56 Sat 03-11-07 <br/> 
19:56 Sat 03-11-07 <br/> 
19:56 Sat 03-11-07 <br/> 
19:56 Sat 03-11-07 <br/> 
19:56 Sat 03-11-07 <br/> 
19:56 Sat 03-11-07 <br/> 
19:56 Sat 03-11-07 <br/> 
19:56 Sat 03-11-07 <br/> 
19:56 Sat 03-11-07 <br/> 
19:56 Sat 03-11-07 <br/> 
19:56 Sat 03-11-07 <br/> 
19:56 Sat 03-11-07 <br/> 
19:56 Sat 03-11-07 <br/> 
19:56 Sat 03-11-07 <br/> 
19:56 Sat 03-11-07 <br/> 
19:56 Sat 03-11-07 <br/> 
19:56 Sat 03-11-07 <br/> 
19:56 Sat 03-11-07 <br/> 
19:56 Sat 03-11-07 <br/> 
19:56 Sat 03-11-07 <br/> 
7:01 Sun 04-11-07 <br/> 
7:03 Sun 04-11-07 <br/> 
15:40 Sun 04-11-07 <br/> 
15:41 Sun 04-11-07 <br/> 
23:21 Sun 04-11-07 <br/> 
23:31 Sun 04-11-07 <br/> 
1:26 Mon 05-11-07 <br/> 
1:37 Mon 05-11-07 <br/> 
1:38 Mon 05-11-07 <br/> 
18:08 Mon 05-11-07 <br/> 
18:09 Mon 05-11-07 <br/> 
18:09 Mon 05-11-07 <br/> 
23:59 Mon 05-11-07 <br/> 
0:09 Tue 06-11-07 <br/> 
0:10 Tue 06-11-07 <br/> 
1:05 Tue 06-11-07 <br/> 
1:05 Tue 06-11-07 <br/> 
8:55 Tue 06-11-07 <br/> 
22:39 Tue 06-11-07 <br/> 
22:39 Tue 06-11-07 <br/> 
22:39 Tue 06-11-07 <br/> 
23:49 Tue 06-11-07 <br/> 
13:32 Wed 07-11-07 <br/> 
16:19 Wed 07-11-07 <br/> 
16:19 Wed 07-11-07 <br/> 
16:31 Wed 07-11-07 <br/> 
23:47 Wed 07-11-07 <br/> 
23:54 Wed 07-11-07 <br/> 
23:55 Wed 07-11-07 <br/> 
4:28 Thu 08-11-07 <br/> 
12:43 Thu 08-11-07 <br/> 
20:00 Thu 08-11-07 <br/> 
20:00 Thu 08-11-07 <br/> 
0:22 Fri 09-11-07 <br/> 
0:41 Fri 09-11-07 <br/> 
0:52 Fri 09-11-07 <br/> 
0:52 Fri 09-11-07 <br/> 
4:51 Fri 09-11-07 <br/> 
16:40 Fri 09-11-07 <br/> 
19:07 Fri 09-11-07 <br/> 
1:18 Sat 10-11-07 <br/> 
1:48 Sat 10-11-07 <br/> 
1:48 Sat 10-11-07 <br/> 
3:13 Sat 10-11-07 <br/> 
4:16 Sat 10-11-07 <br/> 
4:27 Sat 10-11-07 <br/> 
4:27 Sat 10-11-07 <br/> 
5:01 Sat 10-11-07 <br/> 
0:08 Sun 11-11-07 <br/> 
0:08 Sun 11-11-07 <br/> 
2:32 Sun 11-11-07 <br/> 
8:46 Sun 11-11-07 <br/> 
9:16 Sun 11-11-07 <br/> 
9:27 Sun 11-11-07 <br/> 
9:45 Sun 11-11-07 <br/> 
10:20 Sun 11-11-07 <br/> 
14:24 Sun 11-11-07 <br/> 
15:06 Sun 11-11-07 <br/> 
15:07 Sun 11-11-07 <br/> 
4:07 Mon 12-11-07 <br/> 
7:58 Mon 12-11-07 <br/> 
12:11 Mon 12-11-07 <br/> 
23:59 Mon 12-11-07 <br/> 
0:15 Tue 13-11-07 <br/> 
0:16 Tue 13-11-07 <br/> 
3:24 Tue 13-11-07 <br/> 
21:43 Tue 13-11-07 <br/> 
0:00 Wed 14-11-07 <br/> 
0:11 Wed 14-11-07 <br/> 
0:11 Wed 14-11-07 <br/> 
11:23 Wed 14-11-07 <br/> 
11:24 Wed 14-11-07 <br/> 
15:18 Wed 14-11-07 <br/> 
15:19 Wed 14-11-07 <br/> 
15:19 Wed 14-11-07 <br/> 
15:33 Wed 14-11-07 <br/> 
19:33 Wed 14-11-07 <br/> 
23:56 Wed 14-11-07 <br/> 
0:07 Thu 15-11-07 <br/> 
0:08 Thu 15-11-07 <br/> 
6:02 Thu 15-11-07 <br/> 
12:57 Thu 15-11-07 <br/> 
23:58 Thu 15-11-07 <br/> 
0:26 Fri 16-11-07 <br/> 
8:10 Fri 16-11-07 <br/> 
8:10 Fri 16-11-07 <br/> 
0:07 Sat 17-11-07 <br/> 
7:21 Sat 17-11-07 <br/> 
8:36 Sat 17-11-07 <br/> 
20:56 Sat 17-11-07 <br/> 
5:57 Sun 18-11-07 <br/> 
12:51 Sun 18-11-07 <br/> 
16:22 Sun 18-11-07 <br/> 
19:39 Sun 18-11-07 <br/> 
2:13 Mon 19-11-07 <br/> 
2:51 Mon 19-11-07 <br/> 
2:54 Mon 19-11-07 <br/> 
2:54 Mon 19-11-07 <br/> 
9:30 Mon 19-11-07 <br/> 
9:30 Mon 19-11-07 <br/> 
13:26 Mon 19-11-07 <br/> 
21:14 Mon 19-11-07 <br/> 
0:21 Tue 20-11-07 <br/> 
0:33 Tue 20-11-07 <br/> 
0:33 Tue 20-11-07 <br/> 
3:31 Tue 20-11-07 <br/> 
9:10 Tue 20-11-07 <br/> 
9:58 Tue 20-11-07 <br/> 
10:19 Tue 20-11-07 <br/> 
18:18 Tue 20-11-07 <br/> 
20:16 Tue 20-11-07 <br/> 
21:13 Tue 20-11-07 <br/> 
22:40 Tue 20-11-07 <br/> 
23:54 Tue 20-11-07 <br/> 
23:54 Tue 20-11-07 <br/> 
23:59 Tue 20-11-07 <br/> 
0:00 Wed 21-11-07 <br/> 
0:00 Wed 21-11-07 <br/> 
0:00 Wed 21-11-07 <br/> 
0:00 Wed 21-11-07 <br/> 
0:01 Wed 21-11-07 <br/> 
0:03 Wed 21-11-07 <br/> 
0:15 Wed 21-11-07 <br/> 
0:15 Wed 21-11-07 <br/> 
6:51 Wed 21-11-07 <br/> 
8:38 Wed 21-11-07 <br/> 
8:38 Wed 21-11-07 <br/> 
8:39 Wed 21-11-07 <br/> 
10:27 Wed 21-11-07 <br/> 
18:07 Wed 21-11-07 <br/> 
18:08 Wed 21-11-07 <br/> 
19:08 Wed 21-11-07 <br/> 
20:30 Wed 21-11-07 <br/> 
0:02 Thu 22-11-07 <br/> 
0:15 Thu 22-11-07 <br/> 
0:15 Thu 22-11-07 <br/> 
1:42 Thu 22-11-07 <br/> 
1:42 Thu 22-11-07 <br/> 
10:43 Thu 22-11-07 <br/> 
12:07 Thu 22-11-07 <br/> 
12:59 Thu 22-11-07 <br/> 
0:30 Fri 23-11-07 <br/> 
0:42 Fri 23-11-07 <br/> 
0:43 Fri 23-11-07 <br/> 
0:51 Fri 23-11-07 <br/> 
4:18 Fri 23-11-07 <br/> 
4:19 Fri 23-11-07 <br/> 
23:48 Fri 23-11-07 <br/> 
0:00 Sat 24-11-07 <br/> 
0:00 Sat 24-11-07 <br/> 
0:37 Sat 24-11-07 <br/> 
16:33 Sat 24-11-07 <br/> 
16:53 Sat 24-11-07 <br/> 
2:38 Sun 25-11-07 <br/> 
8:14 Sun 25-11-07 <br/> 
8:15 Sun 25-11-07 <br/> 
19:46 Sun 25-11-07 <br/> 
19:46 Sun 25-11-07 <br/> 
3:26 Mon 26-11-07 <br/> 
3:40 Mon 26-11-07 <br/> 
3:44 Mon 26-11-07 <br/> 
4:10 Mon 26-11-07 <br/> 
12:40 Mon 26-11-07 <br/> 
12:40 Mon 26-11-07 <br/> 
15:05 Mon 26-11-07 <br/> 
18:07 Mon 26-11-07 <br/> 
0:33 Tue 27-11-07 <br/> 
0:46 Tue 27-11-07 <br/> 
0:46 Tue 27-11-07 <br/> 
12:13 Tue 27-11-07 <br/> 
23:26 Tue 27-11-07 <br/> 
23:34 Tue 27-11-07 <br/> 
0:31 Wed 28-11-07 <br/> 
0:44 Wed 28-11-07 <br/> 
0:44 Wed 28-11-07 <br/> 
11:01 Wed 28-11-07 <br/> 
0:19 Thu 29-11-07 <br/> 
0:31 Thu 29-11-07 <br/> 
0:31 Thu 29-11-07 <br/> 
0:46 Thu 29-11-07 <br/> 
0:46 Thu 29-11-07 <br/> 
1:57 Thu 29-11-07 <br/> 
2:11 Thu 29-11-07 <br/> 
2:11 Thu 29-11-07 <br/> 
15:22 Thu 29-11-07 <br/> 
20:03 Thu 29-11-07 <br/> 
23:56 Thu 29-11-07 <br/> 
0:06 Fri 30-11-07 <br/> 
0:07 Fri 30-11-07 <br/> 
21:11 Fri 30-11-07 <br/> 
21:11 Fri 30-11-07 <br/> 
0:32 Sat 01-12-07 <br/> 
0:44 Sat 01-12-07 <br/> 
0:44 Sat 01-12-07 <br/> 
12:52 Sat 01-12-07 <br/> 
12:52 Sat 01-12-07 <br/> 
12:52 Sat 01-12-07 <br/> 
16:36 Sat 01-12-07 <br/> 
17:06 Sat 01-12-07 <br/> 
21:57 Sat 01-12-07 <br/> 
2:01 Sun 02-12-07 <br/> 
2:02 Sun 02-12-07 <br/> 
3:17 Sun 02-12-07 <br/> 
4:01 Sun 02-12-07 <br/> 
6:01 Sun 02-12-07 <br/> 
8:13 Sun 02-12-07 <br/> 
17:50 Sun 02-12-07 <br/> 
17:50 Sun 02-12-07 <br/> 
17:50 Sun 02-12-07 <br/> 
18:00 Sun 02-12-07 <br/> 
21:01 Sun 02-12-07 <br/> 
4:02 Mon 03-12-07 <br/> 
11:33 Mon 03-12-07 <br/> 
11:33 Mon 03-12-07 <br/> 
11:33 Mon 03-12-07 <br/> 
17:28 Mon 03-12-07 <br/> 
20:58 Mon 03-12-07 <br/> 
20:58 Mon 03-12-07 <br/> 
23:30 Mon 03-12-07 <br/> 
0:48 Tue 04-12-07 <br/> 
5:08 Tue 04-12-07 <br/> 
5:08 Tue 04-12-07 <br/> 
13:13 Tue 04-12-07 <br/> 
13:14 Tue 04-12-07 <br/> 
22:25 Tue 04-12-07 <br/> 
0:13 Wed 05-12-07 <br/> 
2:14 Wed 05-12-07 <br/> 
2:19 Wed 05-12-07 <br/> 
2:19 Wed 05-12-07 <br/> 
2:31 Wed 05-12-07 <br/> 
2:31 Wed 05-12-07 <br/> 
10:17 Wed 05-12-07 <br/> 
13:16 Wed 05-12-07 <br/> 
13:16 Wed 05-12-07 <br/> 
14:39 Wed 05-12-07 <br/> 
14:39 Wed 05-12-07 <br/> 
16:15 Wed 05-12-07 <br/> 
20:31 Wed 05-12-07 <br/> 
20:34 Wed 05-12-07 <br/> 
20:34 Wed 05-12-07 <br/> 
19:59 Thu 06-12-07 <br/> 
20:00 Thu 06-12-07 <br/> 
22:39 Thu 06-12-07 <br/> 
23:54 Thu 06-12-07 <br/> 
0:08 Fri 07-12-07 <br/> 
0:09 Fri 07-12-07 <br/> 
13:24 Fri 07-12-07 <br/> 
15:51 Fri 07-12-07 <br/> 
15:51 Fri 07-12-07 <br/> 
18:07 Fri 07-12-07 <br/> 
18:19 Fri 07-12-07 <br/> 
18:38 Fri 07-12-07 <br/> 
19:07 Fri 07-12-07 <br/> 
19:13 Fri 07-12-07 <br/> 
19:29 Fri 07-12-07 <br/> 
23:37 Fri 07-12-07 <br/> 
23:37 Fri 07-12-07 <br/> 
23:56 Fri 07-12-07 <br/> 
5:19 Sat 08-12-07 <br/> 
7:53 Sat 08-12-07 <br/> 
9:22 Sat 08-12-07 <br/> 
16:42 Sat 08-12-07 <br/> 
21:29 Sat 08-12-07 <br/> 
21:29 Sat 08-12-07 <br/> 
21:29 Sat 08-12-07 <br/> 
21:30 Sat 08-12-07 <br/> 
0:02 Sun 09-12-07 <br/> 
8:31 Sun 09-12-07 <br/> 
9:33 Sun 09-12-07 <br/> 
9:48 Sun 09-12-07 <br/> 
9:49 Sun 09-12-07 <br/> 
22:13 Sun 09-12-07 <br/> 
22:47 Sun 09-12-07 <br/> 
23:00 Sun 09-12-07 <br/> 
23:28 Mon 10-12-07 <br/> 
23:28 Mon 10-12-07 <br/> 
23:52 Mon 10-12-07 <br/> 
0:06 Tue 11-12-07 <br/> 
0:06 Tue 11-12-07 <br/> 
11:40 Tue 11-12-07 <br/> 
12:59 Tue 11-12-07 <br/> 
12:59 Tue 11-12-07 <br/> 
16:54 Tue 11-12-07 <br/> 
16:54 Tue 11-12-07 <br/> 
16:55 Tue 11-12-07 <br/> 
23:59 Tue 11-12-07 <br/> 
0:14 Wed 12-12-07 <br/> 
0:14 Wed 12-12-07 <br/> 
0:26 Thu 13-12-07 <br/> 
0:42 Thu 13-12-07 <br/> 
0:42 Thu 13-12-07 <br/> 
1:03 Thu 13-12-07 <br/> 
4:36 Thu 13-12-07 <br/> 
16:04 Thu 13-12-07 <br/> 
18:32 Thu 13-12-07 <br/> 
18:32 Thu 13-12-07 <br/> 
18:57 Thu 13-12-07 <br/> 
18:58 Thu 13-12-07 <br/> 
22:30 Thu 13-12-07 <br/> 
22:30 Thu 13-12-07 <br/> 
0:48 Fri 14-12-07 <br/> 
11:35 Fri 14-12-07 <br/> 
11:35 Fri 14-12-07 <br/> 
16:30 Fri 14-12-07 <br/> 
16:31 Fri 14-12-07 <br/> 
0:06 Sat 15-12-07 <br/> 
1:38 Sat 15-12-07 <br/> 
18:59 Sat 15-12-07 <br/> 
18:59 Sat 15-12-07 <br/> 
1:16 Sun 16-12-07 <br/> 
1:19 Sun 16-12-07 <br/> 
1:20 Sun 16-12-07 <br/> 
1:21 Sun 16-12-07 <br/> 
2:47 Sun 16-12-07 <br/> 
3:35 Sun 16-12-07 <br/> 
3:38 Sun 16-12-07 <br/> 
16:06 Sun 16-12-07 <br/> 
16:06 Sun 16-12-07 <br/> 
16:15 Sun 16-12-07 <br/> 
20:11 Sun 16-12-07 <br/> 
21:29 Sun 16-12-07 <br/> 
2:59 Mon 17-12-07 <br/> 
4:40 Mon 17-12-07 <br/> 
4:40 Mon 17-12-07 <br/> 
5:55 Mon 17-12-07 <br/> 
5:55 Mon 17-12-07 <br/> 
5:55 Mon 17-12-07 <br/> 
10:13 Mon 17-12-07 <br/> 
12:52 Mon 17-12-07 <br/> 
15:26 Mon 17-12-07 <br/> 
15:26 Mon 17-12-07 <br/> 
17:46 Mon 17-12-07 <br/> 
20:24 Mon 17-12-07 <br/> 
22:06 Mon 17-12-07 <br/> 
23:50 Mon 17-12-07 <br/> 
0:08 Tue 18-12-07 <br/> 
0:08 Tue 18-12-07 <br/> 
2:59 Tue 18-12-07 <br/> 
18:55 Tue 18-12-07 <br/> 
18:55 Tue 18-12-07 <br/> 
18:56 Tue 18-12-07 <br/> 
0:18 Wed 19-12-07 <br/> 
0:33 Wed 19-12-07 <br/> 
0:34 Wed 19-12-07 <br/> 
10:10 Wed 19-12-07 <br/> 
12:32 Wed 19-12-07 <br/> 
12:32 Wed 19-12-07 <br/> 
13:17 Wed 19-12-07 <br/> 
0:27 Thu 20-12-07 <br/> 
0:43 Thu 20-12-07 <br/> 
0:43 Thu 20-12-07 <br/> 
15:04 Thu 20-12-07 <br/> 
15:05 Thu 20-12-07 <br/> 
16:05 Thu 20-12-07 <br/> 
16:53 Thu 20-12-07 <br/> 
18:29 Thu 20-12-07 <br/> 
20:14 Thu 20-12-07 <br/> 
23:16 Thu 20-12-07 <br/> 
0:23 Fri 21-12-07 <br/> 
0:39 Fri 21-12-07 <br/> 
0:40 Fri 21-12-07 <br/> 
17:57 Fri 21-12-07 <br/> 
18:50 Sat 22-12-07 <br/> 
19:10 Sat 22-12-07 <br/> 
19:11 Sat 22-12-07 <br/> 
19:46 Sat 22-12-07 <br/> 
19:47 Sat 22-12-07 <br/> 
19:48 Sat 22-12-07 <br/> 
19:48 Sat 22-12-07 <br/> 
19:49 Sat 22-12-07 <br/> 
23:05 Sat 22-12-07 <br/> 
0:28 Sun 23-12-07 <br/> 
0:28 Sun 23-12-07 <br/> 
0:28 Sun 23-12-07 <br/> 
8:07 Sun 23-12-07 <br/> 
8:07 Sun 23-12-07 <br/> 
8:07 Sun 23-12-07 <br/> 
8:28 Sun 23-12-07 <br/> 
8:28 Sun 23-12-07 <br/> 
8:37 Sun 23-12-07 <br/> 
10:55 Sun 23-12-07 <br/> 
10:55 Sun 23-12-07 <br/> 
13:26 Sun 23-12-07 <br/> 
21:23 Sun 23-12-07 <br/> 
2:02 Tue 25-12-07 <br/> 
2:25 Tue 25-12-07 <br/> 
2:31 Tue 25-12-07 <br/> 
3:19 Tue 25-12-07 <br/> 
13:36 Tue 25-12-07 <br/> 
13:37 Tue 25-12-07 <br/> 
14:39 Tue 25-12-07 <br/> 
1:09 Wed 26-12-07 <br/> 
1:17 Wed 26-12-07 <br/> 
1:17 Wed 26-12-07 <br/> 
1:28 Wed 26-12-07 <br/> 
19:47 Wed 26-12-07 <br/> 
21:48 Wed 26-12-07 <br/> 
21:48 Wed 26-12-07 <br/> 
21:48 Wed 26-12-07 <br/> 
21:49 Wed 26-12-07 <br/> 
21:49 Wed 26-12-07 <br/> 
21:49 Wed 26-12-07 <br/> 
22:57 Wed 26-12-07 <br/> 
22:57 Wed 26-12-07 <br/> 
2:19 Thu 27-12-07 <br/> 
2:41 Thu 27-12-07 <br/> 
2:46 Thu 27-12-07 <br/> 
9:46 Thu 27-12-07 <br/> 
14:47 Thu 27-12-07 <br/> 
16:27 Thu 27-12-07 <br/> 
17:52 Thu 27-12-07 <br/> 
20:43 Thu 27-12-07 <br/> 
20:52 Thu 27-12-07 <br/> 
4:11 Fri 28-12-07 <br/> 
13:54 Fri 28-12-07 <br/> 
13:54 Fri 28-12-07 <br/> 
13:54 Fri 28-12-07 <br/> 
13:55 Fri 28-12-07 <br/> 
14:54 Fri 28-12-07 <br/> 
14:54 Fri 28-12-07 <br/> 
14:58 Fri 28-12-07 <br/> 
15:18 Fri 28-12-07 <br/> 
15:18 Fri 28-12-07 <br/> 
0:29 Sat 29-12-07 <br/> 
0:29 Sat 29-12-07 <br/> 
18:52 Sat 29-12-07 <br/> 
21:08 Sun 30-12-07 <br/> 
21:08 Sun 30-12-07 <br/> 
23:31 Sun 30-12-07 <br/> 
5:30 Mon 31-12-07 <br/> 
7:29 Mon 31-12-07 <br/> 
14:01 Mon 31-12-07 <br/> 
4:13 Tue 01-01-08 <br/> 
4:46 Tue 01-01-08 <br/> 
4:47 Tue 01-01-08 <br/> 
6:32 Tue 01-01-08 <br/> 
14:44 Tue 01-01-08 <br/> 
15:08 Tue 01-01-08 <br/> 
15:08 Tue 01-01-08 <br/> 
16:02 Tue 01-01-08 <br/> 
16:28 Tue 01-01-08 <br/> 
5:19 Wed 02-01-08 <br/> 
23:46 Wed 02-01-08 <br/> 
23:46 Wed 02-01-08 <br/> 
23:46 Wed 02-01-08 <br/> 
23:46 Wed 02-01-08 <br/> 
5:08 Thu 03-01-08 <br/> 
5:08 Thu 03-01-08 <br/> 
5:12 Thu 03-01-08 <br/> 
14:27 Thu 03-01-08 <br/> 
14:27 Thu 03-01-08 <br/> 
17:34 Thu 03-01-08 <br/> 
20:48 Thu 03-01-08 <br/> 
11:30 Fri 04-01-08 <br/> 
