17:00 Wed 31-12-69 <br/> 
15:27 Fri 24-07-09 <br/> 
15:41 Fri 24-07-09 <br/> 
16:08 Fri 24-07-09 <br/> 
0:27 Sat 25-07-09 <br/> 
3:46 Sat 25-07-09 <br/> 
7:04 Sat 25-07-09 <br/> 
10:47 Sat 25-07-09 <br/> 
13:11 Sat 25-07-09 <br/> 
13:54 Sat 25-07-09 <br/> 
10:45 Sun 26-07-09 <br/> 
16:23 Sun 26-07-09 <br/> 
14:34 Mon 27-07-09 <br/> 
18:32 Mon 27-07-09 <br/> 
23:45 Mon 27-07-09 <br/> 
0:39 Tue 28-07-09 <br/> 
6:48 Tue 28-07-09 <br/> 
12:03 Tue 28-07-09 <br/> 
22:30 Tue 28-07-09 <br/> 
16:26 Thu 30-07-09 <br/> 
16:45 Thu 30-07-09 <br/> 
2:28 Fri 31-07-09 <br/> 
16:40 Fri 31-07-09 <br/> 
6:07 Sat 01-08-09 <br/> 
8:02 Sat 01-08-09 <br/> 
16:43 Sat 01-08-09 <br/> 
18:01 Sat 01-08-09 <br/> 
23:06 Sat 01-08-09 <br/> 
9:53 Sun 02-08-09 <br/> 
9:53 Sun 02-08-09 <br/> 
16:51 Sun 02-08-09 <br/> 
17:09 Mon 03-08-09 <br/> 
19:15 Mon 03-08-09 <br/> 
11:11 Tue 04-08-09 <br/> 
11:44 Tue 04-08-09 <br/> 
17:36 Tue 04-08-09 <br/> 
20:59 Tue 04-08-09 <br/> 
21:27 Tue 04-08-09 <br/> 
6:43 Wed 05-08-09 <br/> 
12:00 Wed 05-08-09 <br/> 
4:07 Thu 06-08-09 <br/> 
8:18 Thu 06-08-09 <br/> 
20:00 Thu 06-08-09 <br/> 
21:03 Thu 06-08-09 <br/> 
3:23 Fri 07-08-09 <br/> 
7:51 Fri 07-08-09 <br/> 
9:05 Fri 07-08-09 <br/> 
16:43 Fri 07-08-09 <br/> 
18:32 Fri 07-08-09 <br/> 
22:10 Fri 07-08-09 <br/> 
23:05 Fri 07-08-09 <br/> 
18:12 Sat 08-08-09 <br/> 
18:32 Sat 08-08-09 <br/> 
6:57 Sun 09-08-09 <br/> 
7:23 Sun 09-08-09 <br/> 
13:34 Sun 09-08-09 <br/> 
16:05 Sun 09-08-09 <br/> 
7:56 Mon 10-08-09 <br/> 
9:19 Mon 10-08-09 <br/> 
11:47 Mon 10-08-09 <br/> 
5:06 Tue 11-08-09 <br/> 
3:40 Wed 12-08-09 <br/> 
21:47 Wed 12-08-09 <br/> 
10:19 Fri 14-08-09 <br/> 
12:04 Fri 14-08-09 <br/> 
7:47 Sat 15-08-09 <br/> 
8:49 Sat 15-08-09 <br/> 
17:36 Sat 15-08-09 <br/> 
1:32 Sun 16-08-09 <br/> 
14:05 Sun 16-08-09 <br/> 
0:44 Mon 17-08-09 <br/> 
7:48 Mon 17-08-09 <br/> 
8:39 Mon 17-08-09 <br/> 
13:45 Mon 17-08-09 <br/> 
13:56 Tue 18-08-09 <br/> 
17:41 Tue 18-08-09 <br/> 
14:02 Wed 19-08-09 <br/> 
19:49 Wed 19-08-09 <br/> 
23:27 Wed 19-08-09 <br/> 
5:56 Thu 20-08-09 <br/> 
8:20 Thu 20-08-09 <br/> 
14:46 Thu 20-08-09 <br/> 
13:42 Fri 21-08-09 <br/> 
14:49 Fri 21-08-09 <br/> 
21:33 Fri 21-08-09 <br/> 
21:50 Fri 21-08-09 <br/> 
0:47 Sat 22-08-09 <br/> 
11:11 Sat 22-08-09 <br/> 
14:59 Sat 22-08-09 <br/> 
15:48 Sat 22-08-09 <br/> 
18:25 Sat 22-08-09 <br/> 
18:52 Sat 22-08-09 <br/> 
18:58 Sun 23-08-09 <br/> 
15:09 Mon 24-08-09 <br/> 
16:34 Mon 24-08-09 <br/> 
0:02 Tue 25-08-09 <br/> 
10:27 Tue 25-08-09 <br/> 
12:21 Tue 25-08-09 <br/> 
15:53 Tue 25-08-09 <br/> 
16:37 Tue 25-08-09 <br/> 
20:56 Tue 25-08-09 <br/> 
0:42 Thu 27-08-09 <br/> 
1:25 Thu 27-08-09 <br/> 
8:48 Thu 27-08-09 <br/> 
9:09 Thu 27-08-09 <br/> 
1:03 Fri 28-08-09 <br/> 
5:13 Fri 28-08-09 <br/> 
8:26 Fri 28-08-09 <br/> 
10:32 Fri 28-08-09 <br/> 
20:01 Fri 28-08-09 <br/> 
5:45 Sat 29-08-09 <br/> 
10:15 Sat 29-08-09 <br/> 
8:54 Sun 30-08-09 <br/> 
18:55 Sun 30-08-09 <br/> 
9:28 Mon 31-08-09 <br/> 
22:23 Mon 31-08-09 <br/> 
5:43 Tue 01-09-09 <br/> 
13:35 Tue 01-09-09 <br/> 
13:45 Wed 02-09-09 <br/> 
21:54 Wed 02-09-09 <br/> 
10:24 Thu 03-09-09 <br/> 
12:11 Thu 03-09-09 <br/> 
12:14 Thu 03-09-09 <br/> 
13:48 Thu 03-09-09 <br/> 
4:10 Fri 04-09-09 <br/> 
5:26 Fri 04-09-09 <br/> 
13:51 Fri 04-09-09 <br/> 
11:20 Sun 06-09-09 <br/> 
12:32 Sun 06-09-09 <br/> 
14:04 Sun 06-09-09 <br/> 
15:26 Sun 06-09-09 <br/> 
21:33 Sun 06-09-09 <br/> 
9:30 Mon 07-09-09 <br/> 
15:25 Mon 07-09-09 <br/> 
16:39 Mon 07-09-09 <br/> 
15:45 Tue 08-09-09 <br/> 
0:08 Wed 09-09-09 <br/> 
7:25 Wed 09-09-09 <br/> 
10:43 Wed 09-09-09 <br/> 
17:11 Wed 09-09-09 <br/> 
1:17 Thu 10-09-09 <br/> 
4:10 Thu 10-09-09 <br/> 
6:32 Thu 10-09-09 <br/> 
13:02 Thu 10-09-09 <br/> 
17:16 Thu 10-09-09 <br/> 
2:58 Fri 11-09-09 <br/> 
7:43 Fri 11-09-09 <br/> 
9:27 Fri 11-09-09 <br/> 
11:22 Fri 11-09-09 <br/> 
7:25 Sat 12-09-09 <br/> 
11:11 Sat 12-09-09 <br/> 
14:28 Sat 12-09-09 <br/> 
21:08 Sat 12-09-09 <br/> 
7:01 Sun 13-09-09 <br/> 
13:00 Sun 13-09-09 <br/> 
17:35 Sun 13-09-09 <br/> 
19:39 Sun 13-09-09 <br/> 
5:17 Mon 14-09-09 <br/> 
7:25 Mon 14-09-09 <br/> 
0:39 Tue 15-09-09 <br/> 
9:03 Tue 15-09-09 <br/> 
11:54 Tue 15-09-09 <br/> 
10:41 Wed 16-09-09 <br/> 
14:57 Wed 16-09-09 <br/> 
15:20 Wed 16-09-09 <br/> 
17:32 Wed 16-09-09 <br/> 
3:25 Thu 17-09-09 <br/> 
13:24 Thu 17-09-09 <br/> 
21:30 Thu 17-09-09 <br/> 
13:34 Fri 18-09-09 <br/> 
0:37 Sat 19-09-09 <br/> 
1:32 Sat 19-09-09 <br/> 
2:30 Sat 19-09-09 <br/> 
9:06 Sat 19-09-09 <br/> 
13:35 Sat 19-09-09 <br/> 
13:47 Sat 19-09-09 <br/> 
23:31 Sat 19-09-09 <br/> 
3:45 Sun 20-09-09 <br/> 
4:58 Sun 20-09-09 <br/> 
14:01 Sun 20-09-09 <br/> 
6:51 Mon 21-09-09 <br/> 
9:55 Mon 21-09-09 <br/> 
21:32 Mon 21-09-09 <br/> 
3:30 Tue 22-09-09 <br/> 
8:01 Wed 23-09-09 <br/> 
11:48 Wed 23-09-09 <br/> 
20:34 Wed 23-09-09 <br/> 
8:17 Thu 24-09-09 <br/> 
4:20 Fri 25-09-09 <br/> 
5:29 Fri 25-09-09 <br/> 
15:04 Fri 25-09-09 <br/> 
21:25 Fri 25-09-09 <br/> 
0:05 Sat 26-09-09 <br/> 
5:15 Sat 26-09-09 <br/> 
5:47 Sat 26-09-09 <br/> 
21:43 Sat 26-09-09 <br/> 
0:12 Sun 27-09-09 <br/> 
17:17 Sun 27-09-09 <br/> 
19:29 Sun 27-09-09 <br/> 
5:09 Mon 28-09-09 <br/> 
4:13 Tue 29-09-09 <br/> 
22:28 Tue 29-09-09 <br/> 
3:18 Wed 30-09-09 <br/> 
4:22 Wed 30-09-09 <br/> 
8:17 Wed 30-09-09 <br/> 
13:28 Wed 30-09-09 <br/> 
10:16 Thu 01-10-09 <br/> 
0:13 Fri 02-10-09 <br/> 
15:00 Fri 02-10-09 <br/> 
21:19 Fri 02-10-09 <br/> 
0:07 Sat 03-10-09 <br/> 
0:22 Sat 03-10-09 <br/> 
1:46 Sat 03-10-09 <br/> 
1:47 Sat 03-10-09 <br/> 
12:36 Sat 03-10-09 <br/> 
0:37 Sun 04-10-09 <br/> 
1:48 Sun 04-10-09 <br/> 
6:11 Sun 04-10-09 <br/> 
8:01 Sun 04-10-09 <br/> 
20:42 Sun 04-10-09 <br/> 
4:02 Mon 05-10-09 <br/> 
10:25 Mon 05-10-09 <br/> 
14:34 Mon 05-10-09 <br/> 
20:13 Mon 05-10-09 <br/> 
8:46 Tue 06-10-09 <br/> 
9:12 Tue 06-10-09 <br/> 
9:58 Tue 06-10-09 <br/> 
7:36 Wed 07-10-09 <br/> 
15:10 Wed 07-10-09 <br/> 
7:33 Thu 08-10-09 <br/> 
16:15 Thu 08-10-09 <br/> 
20:41 Thu 08-10-09 <br/> 
2:44 Fri 09-10-09 <br/> 
8:18 Fri 09-10-09 <br/> 
2:42 Sat 10-10-09 <br/> 
3:08 Sun 11-10-09 <br/> 
10:08 Sun 11-10-09 <br/> 
19:15 Sun 11-10-09 <br/> 
2:14 Mon 12-10-09 <br/> 
12:44 Mon 12-10-09 <br/> 
16:33 Tue 13-10-09 <br/> 
17:53 Tue 13-10-09 <br/> 
20:19 Tue 13-10-09 <br/> 
20:19 Tue 13-10-09 <br/> 
3:08 Wed 14-10-09 <br/> 
5:23 Wed 14-10-09 <br/> 
10:02 Wed 14-10-09 <br/> 
10:02 Wed 14-10-09 <br/> 
14:04 Wed 14-10-09 <br/> 
21:51 Wed 14-10-09 <br/> 
0:36 Thu 15-10-09 <br/> 
16:23 Thu 15-10-09 <br/> 
4:50 Fri 16-10-09 <br/> 
5:17 Sat 17-10-09 <br/> 
17:44 Sat 17-10-09 <br/> 
7:49 Sun 18-10-09 <br/> 
0:15 Mon 19-10-09 <br/> 
3:11 Tue 20-10-09 <br/> 
22:54 Tue 20-10-09 <br/> 
5:16 Wed 21-10-09 <br/> 
16:58 Wed 21-10-09 <br/> 
22:11 Wed 21-10-09 <br/> 
2:36 Thu 22-10-09 <br/> 
2:59 Thu 22-10-09 <br/> 
4:02 Thu 22-10-09 <br/> 
8:50 Thu 22-10-09 <br/> 
19:58 Thu 22-10-09 <br/> 
21:51 Thu 22-10-09 <br/> 
9:08 Fri 23-10-09 <br/> 
10:16 Fri 23-10-09 <br/> 
18:44 Fri 23-10-09 <br/> 
4:43 Sat 24-10-09 <br/> 
9:17 Sat 24-10-09 <br/> 
20:54 Sat 24-10-09 <br/> 
0:21 Sun 25-10-09 <br/> 
11:51 Thu 29-10-09 <br/> 
23:21 Thu 29-10-09 <br/> 
23:52 Thu 29-10-09 <br/> 
6:56 Fri 30-10-09 <br/> 
10:15 Fri 30-10-09 <br/> 
18:05 Sat 31-10-09 <br/> 
21:36 Sat 31-10-09 <br/> 
6:20 Sun 01-11-09 <br/> 
13:22 Sun 01-11-09 <br/> 
2:35 Mon 02-11-09 <br/> 
4:22 Mon 02-11-09 <br/> 
10:20 Mon 02-11-09 <br/> 
13:52 Mon 02-11-09 <br/> 
16:22 Mon 02-11-09 <br/> 
7:38 Tue 03-11-09 <br/> 
22:23 Tue 03-11-09 <br/> 
3:02 Wed 04-11-09 <br/> 
3:04 Wed 04-11-09 <br/> 
8:26 Wed 04-11-09 <br/> 
16:54 Wed 04-11-09 <br/> 
21:21 Wed 04-11-09 <br/> 
23:40 Wed 04-11-09 <br/> 
1:59 Thu 05-11-09 <br/> 
4:11 Thu 05-11-09 <br/> 
7:14 Thu 05-11-09 <br/> 
15:15 Fri 06-11-09 <br/> 
20:17 Fri 06-11-09 <br/> 
0:41 Sat 07-11-09 <br/> 
4:22 Sat 07-11-09 <br/> 
16:43 Sun 08-11-09 <br/> 
11:41 Mon 09-11-09 <br/> 
15:37 Mon 09-11-09 <br/> 
18:51 Mon 09-11-09 <br/> 
22:00 Mon 09-11-09 <br/> 
1:41 Tue 10-11-09 <br/> 
16:28 Tue 10-11-09 <br/> 
16:57 Tue 10-11-09 <br/> 
1:50 Wed 11-11-09 <br/> 
16:32 Wed 11-11-09 <br/> 
22:11 Wed 11-11-09 <br/> 
6:33 Thu 12-11-09 <br/> 
10:13 Thu 12-11-09 <br/> 
14:37 Thu 12-11-09 <br/> 
15:24 Thu 12-11-09 <br/> 
16:35 Thu 12-11-09 <br/> 
17:08 Thu 12-11-09 <br/> 
3:24 Fri 13-11-09 <br/> 
3:35 Fri 13-11-09 <br/> 
6:11 Fri 13-11-09 <br/> 
8:55 Fri 13-11-09 <br/> 
16:38 Fri 13-11-09 <br/> 
18:13 Fri 13-11-09 <br/> 
22:20 Fri 13-11-09 <br/> 
1:17 Sun 15-11-09 <br/> 
12:23 Sun 15-11-09 <br/> 
16:45 Sun 15-11-09 <br/> 
18:10 Sun 15-11-09 <br/> 
16:47 Mon 16-11-09 <br/> 
14:58 Tue 17-11-09 <br/> 
1:43 Wed 18-11-09 <br/> 
6:13 Wed 18-11-09 <br/> 
16:03 Wed 18-11-09 <br/> 
16:54 Wed 18-11-09 <br/> 
22:14 Wed 18-11-09 <br/> 
22:36 Wed 18-11-09 <br/> 
3:36 Thu 19-11-09 <br/> 
16:56 Thu 19-11-09 <br/> 
23:14 Thu 19-11-09 <br/> 
2:02 Fri 20-11-09 <br/> 
14:16 Fri 20-11-09 <br/> 
17:02 Fri 20-11-09 <br/> 
17:27 Fri 20-11-09 <br/> 
21:16 Fri 20-11-09 <br/> 
10:55 Sat 21-11-09 <br/> 
13:50 Sat 21-11-09 <br/> 
17:07 Sat 21-11-09 <br/> 
22:11 Sat 21-11-09 <br/> 
10:49 Sun 22-11-09 <br/> 
17:11 Sun 22-11-09 <br/> 
17:50 Sun 22-11-09 <br/> 
12:38 Mon 23-11-09 <br/> 
14:59 Mon 23-11-09 <br/> 
17:14 Mon 23-11-09 <br/> 
16:22 Tue 24-11-09 <br/> 
17:22 Tue 24-11-09 <br/> 
3:47 Wed 25-11-09 <br/> 
5:31 Wed 25-11-09 <br/> 
5:55 Wed 25-11-09 <br/> 
17:26 Wed 25-11-09 <br/> 
2:29 Thu 26-11-09 <br/> 
3:19 Thu 26-11-09 <br/> 
20:37 Thu 26-11-09 <br/> 
5:24 Fri 27-11-09 <br/> 
8:18 Fri 27-11-09 <br/> 
20:22 Fri 27-11-09 <br/> 
10:22 Sat 28-11-09 <br/> 
4:09 Sun 29-11-09 <br/> 
9:27 Sun 29-11-09 <br/> 
10:17 Sun 29-11-09 <br/> 
10:27 Sun 29-11-09 <br/> 
3:17 Mon 30-11-09 <br/> 
3:17 Mon 30-11-09 <br/> 
6:16 Mon 30-11-09 <br/> 
12:25 Mon 30-11-09 <br/> 
21:09 Mon 30-11-09 <br/> 
4:02 Tue 01-12-09 <br/> 
7:29 Tue 01-12-09 <br/> 
7:29 Tue 01-12-09 <br/> 
9:54 Wed 02-12-09 <br/> 
9:58 Wed 02-12-09 <br/> 
19:25 Wed 02-12-09 <br/> 
0:12 Thu 03-12-09 <br/> 
0:29 Thu 03-12-09 <br/> 
3:36 Thu 03-12-09 <br/> 
1:52 Fri 04-12-09 <br/> 
5:42 Fri 04-12-09 <br/> 
7:04 Fri 04-12-09 <br/> 
8:38 Fri 04-12-09 <br/> 
10:33 Fri 04-12-09 <br/> 
3:51 Sat 05-12-09 <br/> 
6:30 Sat 05-12-09 <br/> 
13:11 Sat 05-12-09 <br/> 
15:01 Sat 05-12-09 <br/> 
3:36 Sun 06-12-09 <br/> 
4:33 Mon 07-12-09 <br/> 
17:18 Mon 07-12-09 <br/> 
22:07 Mon 07-12-09 <br/> 
22:54 Mon 07-12-09 <br/> 
22:09 Tue 08-12-09 <br/> 
0:54 Wed 09-12-09 <br/> 
6:00 Wed 09-12-09 <br/> 
10:43 Wed 09-12-09 <br/> 
15:52 Wed 09-12-09 <br/> 
16:21 Wed 09-12-09 <br/> 
3:27 Thu 10-12-09 <br/> 
16:29 Thu 10-12-09 <br/> 
22:29 Thu 10-12-09 <br/> 
0:04 Fri 11-12-09 <br/> 
3:09 Fri 11-12-09 <br/> 
6:13 Fri 11-12-09 <br/> 
22:16 Fri 11-12-09 <br/> 
14:38 Sat 12-12-09 <br/> 
1:08 Mon 14-12-09 <br/> 
3:06 Mon 14-12-09 <br/> 
9:35 Mon 14-12-09 <br/> 
12:22 Mon 14-12-09 <br/> 
13:20 Tue 15-12-09 <br/> 
16:37 Tue 15-12-09 <br/> 
16:45 Tue 15-12-09 <br/> 
11:05 Wed 16-12-09 <br/> 
12:43 Wed 16-12-09 <br/> 
21:54 Wed 16-12-09 <br/> 
3:32 Thu 17-12-09 <br/> 
3:33 Thu 17-12-09 <br/> 
3:34 Thu 17-12-09 <br/> 
15:30 Thu 17-12-09 <br/> 
22:52 Thu 17-12-09 <br/> 
6:16 Fri 18-12-09 <br/> 
15:32 Fri 18-12-09 <br/> 
18:33 Fri 18-12-09 <br/> 
0:01 Sat 19-12-09 <br/> 
0:03 Sat 19-12-09 <br/> 
8:03 Sat 19-12-09 <br/> 
11:41 Sat 19-12-09 <br/> 
14:51 Sat 19-12-09 <br/> 
15:05 Sat 19-12-09 <br/> 
15:33 Sat 19-12-09 <br/> 
16:47 Sat 19-12-09 <br/> 
15:35 Sun 20-12-09 <br/> 
23:24 Sun 20-12-09 <br/> 
15:31 Mon 21-12-09 <br/> 
15:37 Mon 21-12-09 <br/> 
15:41 Tue 22-12-09 <br/> 
1:02 Wed 23-12-09 <br/> 
1:58 Wed 23-12-09 <br/> 
10:54 Wed 23-12-09 <br/> 
20:03 Wed 23-12-09 <br/> 
20:22 Wed 23-12-09 <br/> 
13:52 Thu 24-12-09 <br/> 
15:44 Thu 24-12-09 <br/> 
23:45 Thu 24-12-09 <br/> 
6:19 Fri 25-12-09 <br/> 
8:48 Fri 25-12-09 <br/> 
11:27 Sat 26-12-09 <br/> 
19:50 Sat 26-12-09 <br/> 
20:30 Sat 26-12-09 <br/> 
3:28 Sun 27-12-09 <br/> 
15:50 Sun 27-12-09 <br/> 
17:33 Sun 27-12-09 <br/> 
6:24 Mon 28-12-09 <br/> 
6:50 Mon 28-12-09 <br/> 
2:47 Tue 29-12-09 <br/> 
18:22 Tue 29-12-09 <br/> 
20:52 Tue 29-12-09 <br/> 
22:00 Tue 29-12-09 <br/> 
2:24 Wed 30-12-09 <br/> 
4:16 Wed 30-12-09 <br/> 
12:49 Wed 30-12-09 <br/> 
13:31 Wed 30-12-09 <br/> 
15:56 Thu 31-12-09 <br/> 
15:58 Fri 01-01-10 <br/> 
17:06 Fri 01-01-10 <br/> 
2:47 Sat 02-01-10 <br/> 
9:35 Sat 02-01-10 <br/> 
16:03 Sat 02-01-10 <br/> 
22:34 Sat 02-01-10 <br/> 
16:04 Sun 03-01-10 <br/> 
18:06 Sun 03-01-10 <br/> 
22:41 Sun 03-01-10 <br/> 
1:16 Mon 04-01-10 <br/> 
2:34 Mon 04-01-10 <br/> 
6:55 Mon 04-01-10 <br/> 
14:43 Mon 04-01-10 <br/> 
18:15 Mon 04-01-10 <br/> 
3:13 Tue 05-01-10 <br/> 
7:58 Tue 05-01-10 <br/> 
13:03 Tue 05-01-10 <br/> 
18:16 Tue 05-01-10 <br/> 
5:46 Wed 06-01-10 <br/> 
13:53 Wed 06-01-10 <br/> 
21:37 Wed 06-01-10 <br/> 
22:44 Wed 06-01-10 <br/> 
8:41 Thu 07-01-10 <br/> 
9:28 Thu 07-01-10 <br/> 
10:00 Thu 07-01-10 <br/> 
12:12 Thu 07-01-10 <br/> 
8:43 Fri 08-01-10 <br/> 
12:45 Fri 08-01-10 <br/> 
13:01 Sat 09-01-10 <br/> 
16:19 Sat 09-01-10 <br/> 
19:04 Sat 09-01-10 <br/> 
22:30 Sat 09-01-10 <br/> 
0:40 Sun 10-01-10 <br/> 
5:25 Sun 10-01-10 <br/> 
5:45 Sun 10-01-10 <br/> 
7:04 Sun 10-01-10 <br/> 
3:16 Mon 11-01-10 <br/> 
8:21 Mon 11-01-10 <br/> 
8:28 Mon 11-01-10 <br/> 
8:56 Mon 11-01-10 <br/> 
15:51 Mon 11-01-10 <br/> 
15:51 Mon 11-01-10 <br/> 
18:48 Mon 11-01-10 <br/> 
22:14 Mon 11-01-10 <br/> 
23:46 Mon 11-01-10 <br/> 
0:28 Tue 12-01-10 <br/> 
8:23 Tue 12-01-10 <br/> 
20:57 Tue 12-01-10 <br/> 
6:31 Wed 13-01-10 <br/> 
7:53 Wed 13-01-10 <br/> 
8:28 Wed 13-01-10 <br/> 
19:54 Wed 13-01-10 <br/> 
8:32 Thu 14-01-10 <br/> 
23:19 Thu 14-01-10 <br/> 
2:12 Fri 15-01-10 <br/> 
5:17 Fri 15-01-10 <br/> 
15:32 Fri 15-01-10 <br/> 
18:56 Fri 15-01-10 <br/> 
19:55 Fri 15-01-10 <br/> 
11:41 Sat 16-01-10 <br/> 
13:30 Sat 16-01-10 <br/> 
14:26 Sat 16-01-10 <br/> 
19:04 Sat 16-01-10 <br/> 
10:28 Sun 17-01-10 <br/> 
12:23 Sun 17-01-10 <br/> 
14:51 Sun 17-01-10 <br/> 
15:03 Sun 17-01-10 <br/> 
19:07 Sun 17-01-10 <br/> 
20:02 Sun 17-01-10 <br/> 
20:22 Sun 17-01-10 <br/> 
6:53 Mon 18-01-10 <br/> 
8:41 Mon 18-01-10 <br/> 
9:31 Mon 18-01-10 <br/> 
9:44 Mon 18-01-10 <br/> 
14:37 Mon 18-01-10 <br/> 
19:09 Mon 18-01-10 <br/> 
15:04 Tue 19-01-10 <br/> 
15:44 Tue 19-01-10 <br/> 
16:04 Tue 19-01-10 <br/> 
22:24 Tue 19-01-10 <br/> 
0:00 Wed 20-01-10 <br/> 
3:03 Wed 20-01-10 <br/> 
13:11 Wed 20-01-10 <br/> 
16:10 Wed 20-01-10 <br/> 
22:57 Wed 20-01-10 <br/> 
8:31 Thu 21-01-10 <br/> 
4:49 Fri 22-01-10 <br/> 
9:08 Fri 22-01-10 <br/> 
11:14 Fri 22-01-10 <br/> 
13:50 Fri 22-01-10 <br/> 
15:32 Fri 22-01-10 <br/> 
15:47 Fri 22-01-10 <br/> 
21:29 Fri 22-01-10 <br/> 
6:29 Sat 23-01-10 <br/> 
9:05 Sat 23-01-10 <br/> 
15:36 Sat 23-01-10 <br/> 
15:39 Sat 23-01-10 <br/> 
17:31 Sat 23-01-10 <br/> 
18:13 Sat 23-01-10 <br/> 
20:28 Sat 23-01-10 <br/> 
21:33 Sat 23-01-10 <br/> 
4:50 Sun 24-01-10 <br/> 
8:08 Sun 24-01-10 <br/> 
12:08 Sun 24-01-10 <br/> 
14:21 Sun 24-01-10 <br/> 
14:39 Sun 24-01-10 <br/> 
21:36 Sun 24-01-10 <br/> 
3:22 Mon 25-01-10 <br/> 
5:13 Mon 25-01-10 <br/> 
5:26 Mon 25-01-10 <br/> 
5:48 Mon 25-01-10 <br/> 
8:21 Mon 25-01-10 <br/> 
9:04 Mon 25-01-10 <br/> 
15:16 Mon 25-01-10 <br/> 
16:13 Mon 25-01-10 <br/> 
21:43 Mon 25-01-10 <br/> 
23:17 Mon 25-01-10 <br/> 
2:59 Tue 26-01-10 <br/> 
5:21 Tue 26-01-10 <br/> 
9:03 Tue 26-01-10 <br/> 
13:01 Tue 26-01-10 <br/> 
21:45 Tue 26-01-10 <br/> 
1:46 Wed 27-01-10 <br/> 
22:13 Wed 27-01-10 <br/> 
22:22 Wed 27-01-10 <br/> 
15:40 Thu 28-01-10 <br/> 
23:58 Thu 28-01-10 <br/> 
1:36 Fri 29-01-10 <br/> 
22:32 Fri 29-01-10 <br/> 
23:59 Fri 29-01-10 <br/> 
1:46 Sat 30-01-10 <br/> 
9:37 Sat 30-01-10 <br/> 
0:06 Sun 31-01-10 <br/> 
5:21 Sun 31-01-10 <br/> 
15:53 Sun 31-01-10 <br/> 
3:54 Mon 01-02-10 <br/> 
11:57 Mon 01-02-10 <br/> 
16:32 Mon 01-02-10 <br/> 
6:05 Tue 02-02-10 <br/> 
11:49 Tue 02-02-10 <br/> 
0:39 Wed 03-02-10 <br/> 
8:33 Wed 03-02-10 <br/> 
11:00 Wed 03-02-10 <br/> 
14:14 Wed 03-02-10 <br/> 
16:36 Wed 03-02-10 <br/> 
19:47 Wed 03-02-10 <br/> 
22:16 Wed 03-02-10 <br/> 
0:13 Thu 04-02-10 <br/> 
1:50 Thu 04-02-10 <br/> 
5:02 Thu 04-02-10 <br/> 
14:24 Thu 04-02-10 <br/> 
14:36 Thu 04-02-10 <br/> 
22:49 Thu 04-02-10 <br/> 
9:44 Fri 05-02-10 <br/> 
10:37 Fri 05-02-10 <br/> 
16:20 Fri 05-02-10 <br/> 
20:44 Fri 05-02-10 <br/> 
4:33 Sat 06-02-10 <br/> 
11:16 Sat 06-02-10 <br/> 
11:46 Sat 06-02-10 <br/> 
16:22 Sat 06-02-10 <br/> 
17:49 Sat 06-02-10 <br/> 
19:45 Sat 06-02-10 <br/> 
20:39 Sat 06-02-10 <br/> 
22:57 Sat 06-02-10 <br/> 
3:18 Sun 07-02-10 <br/> 
16:32 Sun 07-02-10 <br/> 
22:00 Sun 07-02-10 <br/> 
22:20 Sun 07-02-10 <br/> 
22:24 Sun 07-02-10 <br/> 
11:17 Mon 08-02-10 <br/> 
13:02 Mon 08-02-10 <br/> 
22:34 Mon 08-02-10 <br/> 
1:11 Tue 09-02-10 <br/> 
3:34 Tue 09-02-10 <br/> 
12:24 Tue 09-02-10 <br/> 
14:48 Tue 09-02-10 <br/> 
23:23 Tue 09-02-10 <br/> 
12:58 Wed 10-02-10 <br/> 
23:25 Wed 10-02-10 <br/> 
23:28 Thu 11-02-10 <br/> 
2:37 Fri 12-02-10 <br/> 
15:07 Fri 12-02-10 <br/> 
23:29 Fri 12-02-10 <br/> 
4:26 Sat 13-02-10 <br/> 
7:44 Sat 13-02-10 <br/> 
22:04 Sat 13-02-10 <br/> 
23:31 Sat 13-02-10 <br/> 
11:02 Sun 14-02-10 <br/> 
13:10 Sun 14-02-10 <br/> 
14:45 Sun 14-02-10 <br/> 
23:33 Sun 14-02-10 <br/> 
19:17 Mon 15-02-10 <br/> 
21:05 Mon 15-02-10 <br/> 
21:10 Mon 15-02-10 <br/> 
23:56 Mon 15-02-10 <br/> 
7:26 Tue 16-02-10 <br/> 
18:07 Tue 16-02-10 <br/> 
20:54 Tue 16-02-10 <br/> 
23:43 Tue 16-02-10 <br/> 
23:58 Tue 16-02-10 <br/> 
23:59 Tue 16-02-10 <br/> 
4:16 Wed 17-02-10 <br/> 
0:01 Thu 18-02-10 <br/> 
16:29 Thu 18-02-10 <br/> 
0:04 Fri 19-02-10 <br/> 
10:35 Fri 19-02-10 <br/> 
22:08 Fri 19-02-10 <br/> 
0:06 Sat 20-02-10 <br/> 
1:27 Sat 20-02-10 <br/> 
14:02 Sat 20-02-10 <br/> 
14:14 Sat 20-02-10 <br/> 
0:10 Sun 21-02-10 <br/> 
1:15 Sun 21-02-10 <br/> 
2:00 Sun 21-02-10 <br/> 
4:40 Sun 21-02-10 <br/> 
8:20 Sun 21-02-10 <br/> 
8:45 Sun 21-02-10 <br/> 
17:56 Sun 21-02-10 <br/> 
0:56 Mon 22-02-10 <br/> 
5:02 Mon 22-02-10 <br/> 
6:04 Mon 22-02-10 <br/> 
6:06 Tue 23-02-10 <br/> 
0:24 Wed 24-02-10 <br/> 
4:32 Wed 24-02-10 <br/> 
6:08 Wed 24-02-10 <br/> 
12:53 Wed 24-02-10 <br/> 
20:47 Thu 25-02-10 <br/> 
20:51 Thu 25-02-10 <br/> 
8:07 Fri 26-02-10 <br/> 
9:46 Fri 26-02-10 <br/> 
10:59 Fri 26-02-10 <br/> 
11:43 Fri 26-02-10 <br/> 
22:31 Fri 26-02-10 <br/> 
23:23 Fri 26-02-10 <br/> 
0:56 Sat 27-02-10 <br/> 
2:12 Sat 27-02-10 <br/> 
3:23 Sat 27-02-10 <br/> 
11:59 Sat 27-02-10 <br/> 
14:30 Sat 27-02-10 <br/> 
20:59 Sat 27-02-10 <br/> 
0:33 Sun 28-02-10 <br/> 
4:40 Sun 28-02-10 <br/> 
4:42 Sun 28-02-10 <br/> 
5:24 Sun 28-02-10 <br/> 
5:36 Sun 28-02-10 <br/> 
8:07 Sun 28-02-10 <br/> 
13:20 Sun 28-02-10 <br/> 
4:05 Mon 01-03-10 <br/> 
4:40 Mon 01-03-10 <br/> 
4:40 Mon 01-03-10 <br/> 
10:44 Mon 01-03-10 <br/> 
11:48 Mon 01-03-10 <br/> 
12:15 Mon 01-03-10 <br/> 
13:47 Mon 01-03-10 <br/> 
15:45 Mon 01-03-10 <br/> 
18:59 Mon 01-03-10 <br/> 
21:59 Mon 01-03-10 <br/> 
1:20 Tue 02-03-10 <br/> 
14:35 Tue 02-03-10 <br/> 
17:10 Tue 02-03-10 <br/> 
19:36 Tue 02-03-10 <br/> 
19:43 Tue 02-03-10 <br/> 
3:37 Wed 03-03-10 <br/> 
8:15 Wed 03-03-10 <br/> 
14:49 Wed 03-03-10 <br/> 
19:25 Wed 03-03-10 <br/> 
1:41 Thu 04-03-10 <br/> 
2:33 Thu 04-03-10 <br/> 
4:17 Thu 04-03-10 <br/> 
4:54 Thu 04-03-10 <br/> 
6:15 Thu 04-03-10 <br/> 
6:51 Thu 04-03-10 <br/> 
7:04 Thu 04-03-10 <br/> 
8:01 Thu 04-03-10 <br/> 
11:57 Thu 04-03-10 <br/> 
12:14 Thu 04-03-10 <br/> 
12:50 Thu 04-03-10 <br/> 
12:54 Thu 04-03-10 <br/> 
12:55 Thu 04-03-10 <br/> 
13:05 Thu 04-03-10 <br/> 
13:19 Thu 04-03-10 <br/> 
13:19 Thu 04-03-10 <br/> 
21:38 Thu 04-03-10 <br/> 
1:23 Fri 05-03-10 <br/> 
2:30 Fri 05-03-10 <br/> 
7:23 Fri 05-03-10 <br/> 
8:36 Fri 05-03-10 <br/> 
12:56 Fri 05-03-10 <br/> 
18:08 Fri 05-03-10 <br/> 
19:48 Fri 05-03-10 <br/> 
20:59 Fri 05-03-10 <br/> 
3:01 Sat 06-03-10 <br/> 
3:01 Sat 06-03-10 <br/> 
6:34 Sat 06-03-10 <br/> 
7:23 Sat 06-03-10 <br/> 
9:38 Sat 06-03-10 <br/> 
10:10 Sat 06-03-10 <br/> 
19:48 Sat 06-03-10 <br/> 
2:47 Sun 07-03-10 <br/> 
4:40 Sun 07-03-10 <br/> 
5:21 Sun 07-03-10 <br/> 
7:26 Sun 07-03-10 <br/> 
7:40 Sun 07-03-10 <br/> 
9:52 Sun 07-03-10 <br/> 
10:09 Sun 07-03-10 <br/> 
11:47 Sun 07-03-10 <br/> 
12:07 Sun 07-03-10 <br/> 
4:35 Mon 08-03-10 <br/> 
4:48 Mon 08-03-10 <br/> 
6:29 Mon 08-03-10 <br/> 
6:48 Mon 08-03-10 <br/> 
7:30 Mon 08-03-10 <br/> 
12:33 Mon 08-03-10 <br/> 
15:15 Mon 08-03-10 <br/> 
15:49 Mon 08-03-10 <br/> 
23:13 Mon 08-03-10 <br/> 
23:46 Mon 08-03-10 <br/> 
4:02 Tue 09-03-10 <br/> 
6:01 Tue 09-03-10 <br/> 
6:01 Tue 09-03-10 <br/> 
6:06 Tue 09-03-10 <br/> 
7:33 Tue 09-03-10 <br/> 
13:39 Tue 09-03-10 <br/> 
14:07 Tue 09-03-10 <br/> 
14:23 Tue 09-03-10 <br/> 
14:44 Tue 09-03-10 <br/> 
15:38 Tue 09-03-10 <br/> 
19:38 Tue 09-03-10 <br/> 
21:14 Tue 09-03-10 <br/> 
7:39 Wed 10-03-10 <br/> 
8:57 Wed 10-03-10 <br/> 
10:33 Wed 10-03-10 <br/> 
20:44 Wed 10-03-10 <br/> 
21:54 Wed 10-03-10 <br/> 
22:43 Wed 10-03-10 <br/> 
6:04 Thu 11-03-10 <br/> 
7:42 Thu 11-03-10 <br/> 
7:53 Thu 11-03-10 <br/> 
11:31 Thu 11-03-10 <br/> 
19:06 Thu 11-03-10 <br/> 
0:49 Fri 12-03-10 <br/> 
7:03 Fri 12-03-10 <br/> 
7:46 Fri 12-03-10 <br/> 
8:40 Fri 12-03-10 <br/> 
10:26 Fri 12-03-10 <br/> 
12:13 Fri 12-03-10 <br/> 
12:23 Fri 12-03-10 <br/> 
17:00 Fri 12-03-10 <br/> 
22:12 Fri 12-03-10 <br/> 
1:12 Sat 13-03-10 <br/> 
2:21 Sat 13-03-10 <br/> 
3:10 Sat 13-03-10 <br/> 
3:22 Sat 13-03-10 <br/> 
5:31 Sat 13-03-10 <br/> 
7:49 Sat 13-03-10 <br/> 
11:20 Sat 13-03-10 <br/> 
11:39 Sat 13-03-10 <br/> 
11:57 Sat 13-03-10 <br/> 
13:51 Sat 13-03-10 <br/> 
22:51 Sat 13-03-10 <br/> 
23:20 Sat 13-03-10 <br/> 
1:07 Sun 14-03-10 <br/> 
5:34 Sun 14-03-10 <br/> 
6:03 Sun 14-03-10 <br/> 
6:59 Sun 14-03-10 <br/> 
8:52 Sun 14-03-10 <br/> 
11:04 Sun 14-03-10 <br/> 
12:04 Sun 14-03-10 <br/> 
12:45 Sun 14-03-10 <br/> 
18:03 Sun 14-03-10 <br/> 
19:03 Sun 14-03-10 <br/> 
1:17 Mon 15-03-10 <br/> 
6:22 Mon 15-03-10 <br/> 
8:54 Mon 15-03-10 <br/> 
10:44 Mon 15-03-10 <br/> 
13:08 Mon 15-03-10 <br/> 
13:49 Mon 15-03-10 <br/> 
14:43 Mon 15-03-10 <br/> 
16:16 Mon 15-03-10 <br/> 
1:38 Tue 16-03-10 <br/> 
4:15 Tue 16-03-10 <br/> 
4:25 Tue 16-03-10 <br/> 
4:43 Tue 16-03-10 <br/> 
8:59 Tue 16-03-10 <br/> 
9:19 Tue 16-03-10 <br/> 
9:23 Tue 16-03-10 <br/> 
10:04 Tue 16-03-10 <br/> 
20:14 Tue 16-03-10 <br/> 
20:39 Tue 16-03-10 <br/> 
22:35 Tue 16-03-10 <br/> 
0:55 Wed 17-03-10 <br/> 
1:24 Wed 17-03-10 <br/> 
6:07 Wed 17-03-10 <br/> 
6:12 Wed 17-03-10 <br/> 
9:01 Wed 17-03-10 <br/> 
12:15 Wed 17-03-10 <br/> 
18:45 Wed 17-03-10 <br/> 
21:35 Wed 17-03-10 <br/> 
0:45 Thu 18-03-10 <br/> 
9:04 Thu 18-03-10 <br/> 
15:42 Thu 18-03-10 <br/> 
21:05 Thu 18-03-10 <br/> 
21:37 Thu 18-03-10 <br/> 
5:26 Fri 19-03-10 <br/> 
6:07 Fri 19-03-10 <br/> 
9:06 Fri 19-03-10 <br/> 
13:36 Fri 19-03-10 <br/> 
13:57 Fri 19-03-10 <br/> 
14:18 Fri 19-03-10 <br/> 
14:38 Fri 19-03-10 <br/> 
15:58 Fri 19-03-10 <br/> 
16:27 Fri 19-03-10 <br/> 
23:39 Fri 19-03-10 <br/> 
1:28 Sat 20-03-10 <br/> 
5:43 Sat 20-03-10 <br/> 
6:26 Sat 20-03-10 <br/> 
8:36 Sat 20-03-10 <br/> 
9:08 Sat 20-03-10 <br/> 
11:54 Sat 20-03-10 <br/> 
12:49 Sat 20-03-10 <br/> 
13:06 Sat 20-03-10 <br/> 
13:17 Sat 20-03-10 <br/> 
13:32 Sat 20-03-10 <br/> 
14:07 Sat 20-03-10 <br/> 
15:18 Sat 20-03-10 <br/> 
15:31 Sat 20-03-10 <br/> 
15:50 Sat 20-03-10 <br/> 
16:02 Sat 20-03-10 <br/> 
9:09 Sun 21-03-10 <br/> 
9:49 Sun 21-03-10 <br/> 
15:15 Sun 21-03-10 <br/> 
16:30 Sun 21-03-10 <br/> 
9:10 Mon 22-03-10 <br/> 
11:19 Mon 22-03-10 <br/> 
16:01 Mon 22-03-10 <br/> 
23:48 Mon 22-03-10 <br/> 
9:29 Tue 23-03-10 <br/> 
11:13 Tue 23-03-10 <br/> 
11:52 Tue 23-03-10 <br/> 
18:14 Tue 23-03-10 <br/> 
21:50 Tue 23-03-10 <br/> 
0:23 Wed 24-03-10 <br/> 
10:37 Wed 24-03-10 <br/> 
10:43 Wed 24-03-10 <br/> 
11:38 Wed 24-03-10 <br/> 
5:13 Thu 25-03-10 <br/> 
5:36 Thu 25-03-10 <br/> 
10:45 Thu 25-03-10 <br/> 
19:53 Thu 25-03-10 <br/> 
20:42 Thu 25-03-10 <br/> 
3:57 Fri 26-03-10 <br/> 
8:51 Fri 26-03-10 <br/> 
9:15 Fri 26-03-10 <br/> 
10:50 Fri 26-03-10 <br/> 
3:32 Sat 27-03-10 <br/> 
4:24 Sat 27-03-10 <br/> 
10:38 Sat 27-03-10 <br/> 
11:12 Sat 27-03-10 <br/> 
13:45 Sat 27-03-10 <br/> 
16:00 Sat 27-03-10 <br/> 
16:14 Sat 27-03-10 <br/> 
19:18 Sat 27-03-10 <br/> 
0:35 Sun 28-03-10 <br/> 
2:09 Sun 28-03-10 <br/> 
5:33 Sun 28-03-10 <br/> 
6:08 Sun 28-03-10 <br/> 
8:24 Sun 28-03-10 <br/> 
11:14 Sun 28-03-10 <br/> 
11:55 Sun 28-03-10 <br/> 
19:28 Sun 28-03-10 <br/> 
1:06 Mon 29-03-10 <br/> 
1:48 Mon 29-03-10 <br/> 
11:17 Mon 29-03-10 <br/> 
13:51 Mon 29-03-10 <br/> 
19:15 Mon 29-03-10 <br/> 
3:13 Tue 30-03-10 <br/> 
9:08 Tue 30-03-10 <br/> 
12:39 Tue 30-03-10 <br/> 
12:55 Tue 30-03-10 <br/> 
13:27 Tue 30-03-10 <br/> 
21:53 Tue 30-03-10 <br/> 
5:04 Wed 31-03-10 <br/> 
8:31 Wed 31-03-10 <br/> 
13:15 Wed 31-03-10 <br/> 
17:26 Wed 31-03-10 <br/> 
21:13 Wed 31-03-10 <br/> 
22:16 Wed 31-03-10 <br/> 
5:20 Thu 01-04-10 <br/> 
6:42 Thu 01-04-10 <br/> 
15:25 Thu 01-04-10 <br/> 
16:32 Thu 01-04-10 <br/> 
21:32 Thu 01-04-10 <br/> 
7:06 Fri 02-04-10 <br/> 
8:27 Fri 02-04-10 <br/> 
16:27 Fri 02-04-10 <br/> 
14:27 Sat 03-04-10 <br/> 
16:25 Sat 03-04-10 <br/> 
16:30 Sat 03-04-10 <br/> 
1:58 Sun 04-04-10 <br/> 
3:54 Sun 04-04-10 <br/> 
12:17 Sun 04-04-10 <br/> 
13:51 Sun 04-04-10 <br/> 
13:54 Sun 04-04-10 <br/> 
16:39 Sun 04-04-10 <br/> 
0:05 Mon 05-04-10 <br/> 
3:10 Mon 05-04-10 <br/> 
11:39 Mon 05-04-10 <br/> 
14:38 Mon 05-04-10 <br/> 
16:47 Mon 05-04-10 <br/> 
8:49 Tue 06-04-10 <br/> 
16:50 Tue 06-04-10 <br/> 
21:54 Tue 06-04-10 <br/> 
0:51 Wed 07-04-10 <br/> 
4:53 Wed 07-04-10 <br/> 
16:57 Wed 07-04-10 <br/> 
4:06 Thu 08-04-10 <br/> 
5:05 Thu 08-04-10 <br/> 
5:47 Thu 08-04-10 <br/> 
15:36 Thu 08-04-10 <br/> 
16:13 Thu 08-04-10 <br/> 
16:59 Thu 08-04-10 <br/> 
2:32 Fri 09-04-10 <br/> 
2:33 Fri 09-04-10 <br/> 
6:25 Fri 09-04-10 <br/> 
8:12 Fri 09-04-10 <br/> 
17:11 Fri 09-04-10 <br/> 
17:26 Fri 09-04-10 <br/> 
4:16 Sat 10-04-10 <br/> 
8:47 Sat 10-04-10 <br/> 
10:25 Sat 10-04-10 <br/> 
16:14 Sat 10-04-10 <br/> 
17:30 Sat 10-04-10 <br/> 
21:37 Sat 10-04-10 <br/> 
4:40 Sun 11-04-10 <br/> 
5:09 Sun 11-04-10 <br/> 
12:33 Sun 11-04-10 <br/> 
16:19 Sun 11-04-10 <br/> 
17:36 Sun 11-04-10 <br/> 
18:29 Sun 11-04-10 <br/> 
4:25 Mon 12-04-10 <br/> 
5:58 Mon 12-04-10 <br/> 
16:42 Mon 12-04-10 <br/> 
16:45 Mon 12-04-10 <br/> 
17:54 Mon 12-04-10 <br/> 
21:22 Mon 12-04-10 <br/> 
4:43 Tue 13-04-10 <br/> 
14:01 Tue 13-04-10 <br/> 
18:04 Tue 13-04-10 <br/> 
21:51 Tue 13-04-10 <br/> 
21:55 Tue 13-04-10 <br/> 
23:38 Tue 13-04-10 <br/> 
3:02 Wed 14-04-10 <br/> 
10:25 Wed 14-04-10 <br/> 
14:32 Wed 14-04-10 <br/> 
18:14 Wed 14-04-10 <br/> 
18:41 Wed 14-04-10 <br/> 
3:11 Thu 15-04-10 <br/> 
6:11 Thu 15-04-10 <br/> 
15:52 Thu 15-04-10 <br/> 
18:51 Thu 15-04-10 <br/> 
18:55 Thu 15-04-10 <br/> 
8:00 Fri 16-04-10 <br/> 
12:13 Sat 17-04-10 <br/> 
12:33 Sat 17-04-10 <br/> 
20:35 Sat 17-04-10 <br/> 
0:10 Sun 18-04-10 <br/> 
3:06 Sun 18-04-10 <br/> 
3:13 Sun 18-04-10 <br/> 
23:19 Sun 18-04-10 <br/> 
0:48 Mon 19-04-10 <br/> 
5:37 Mon 19-04-10 <br/> 
7:28 Mon 19-04-10 <br/> 
9:50 Mon 19-04-10 <br/> 
10:36 Mon 19-04-10 <br/> 
11:11 Mon 19-04-10 <br/> 
13:11 Mon 19-04-10 <br/> 
19:16 Mon 19-04-10 <br/> 
9:28 Tue 20-04-10 <br/> 
11:37 Tue 20-04-10 <br/> 
13:22 Tue 20-04-10 <br/> 
21:35 Tue 20-04-10 <br/> 
21:57 Tue 20-04-10 <br/> 
22:14 Tue 20-04-10 <br/> 
21:44 Wed 21-04-10 <br/> 
0:54 Thu 22-04-10 <br/> 
7:20 Thu 22-04-10 <br/> 
8:50 Thu 22-04-10 <br/> 
10:24 Thu 22-04-10 <br/> 
19:35 Thu 22-04-10 <br/> 
21:49 Thu 22-04-10 <br/> 
0:26 Fri 23-04-10 <br/> 
4:16 Fri 23-04-10 <br/> 
9:34 Fri 23-04-10 <br/> 
22:15 Fri 23-04-10 <br/> 
22:55 Fri 23-04-10 <br/> 
8:26 Sat 24-04-10 <br/> 
10:42 Sat 24-04-10 <br/> 
10:45 Sat 24-04-10 <br/> 
12:00 Sat 24-04-10 <br/> 
15:45 Sat 24-04-10 <br/> 
19:49 Sat 24-04-10 <br/> 
20:22 Sat 24-04-10 <br/> 
21:23 Sat 24-04-10 <br/> 
21:35 Sat 24-04-10 <br/> 
22:17 Sat 24-04-10 <br/> 
6:24 Sun 25-04-10 <br/> 
9:08 Sun 25-04-10 <br/> 
14:16 Sun 25-04-10 <br/> 
16:14 Sun 25-04-10 <br/> 
19:02 Sun 25-04-10 <br/> 
20:37 Sun 25-04-10 <br/> 
22:34 Sun 25-04-10 <br/> 
0:42 Mon 26-04-10 <br/> 
3:10 Mon 26-04-10 <br/> 
6:18 Mon 26-04-10 <br/> 
7:20 Mon 26-04-10 <br/> 
7:52 Mon 26-04-10 <br/> 
11:28 Mon 26-04-10 <br/> 
12:25 Mon 26-04-10 <br/> 
16:43 Mon 26-04-10 <br/> 
17:24 Mon 26-04-10 <br/> 
3:34 Tue 27-04-10 <br/> 
16:24 Tue 27-04-10 <br/> 
17:25 Tue 27-04-10 <br/> 
22:02 Tue 27-04-10 <br/> 
22:31 Tue 27-04-10 <br/> 
23:04 Tue 27-04-10 <br/> 
2:54 Wed 28-04-10 <br/> 
8:34 Wed 28-04-10 <br/> 
20:08 Wed 28-04-10 <br/> 
23:24 Wed 28-04-10 <br/> 
2:53 Thu 29-04-10 <br/> 
13:58 Thu 29-04-10 <br/> 
17:33 Thu 29-04-10 <br/> 
22:58 Thu 29-04-10 <br/> 
3:22 Fri 30-04-10 <br/> 
18:41 Fri 30-04-10 <br/> 
20:08 Fri 30-04-10 <br/> 
0:30 Sat 01-05-10 <br/> 
0:43 Sat 01-05-10 <br/> 
1:54 Sat 01-05-10 <br/> 
2:55 Sat 01-05-10 <br/> 
9:02 Sat 01-05-10 <br/> 
9:24 Sat 01-05-10 <br/> 
16:29 Sat 01-05-10 <br/> 
19:52 Sat 01-05-10 <br/> 
22:27 Sat 01-05-10 <br/> 
8:20 Sun 02-05-10 <br/> 
12:42 Sun 02-05-10 <br/> 
14:27 Sun 02-05-10 <br/> 
17:52 Sun 02-05-10 <br/> 
19:57 Sun 02-05-10 <br/> 
20:20 Sun 02-05-10 <br/> 
2:26 Mon 03-05-10 <br/> 
5:01 Mon 03-05-10 <br/> 
5:33 Mon 03-05-10 <br/> 
6:46 Mon 03-05-10 <br/> 
10:49 Mon 03-05-10 <br/> 
16:07 Mon 03-05-10 <br/> 
18:38 Mon 03-05-10 <br/> 
20:01 Mon 03-05-10 <br/> 
0:53 Tue 04-05-10 <br/> 
10:09 Tue 04-05-10 <br/> 
11:59 Tue 04-05-10 <br/> 
12:16 Tue 04-05-10 <br/> 
16:21 Tue 04-05-10 <br/> 
20:03 Tue 04-05-10 <br/> 
2:40 Wed 05-05-10 <br/> 
3:01 Wed 05-05-10 <br/> 
12:36 Wed 05-05-10 <br/> 
20:49 Wed 05-05-10 <br/> 
4:32 Thu 06-05-10 <br/> 
5:02 Thu 06-05-10 <br/> 
16:50 Thu 06-05-10 <br/> 
20:52 Thu 06-05-10 <br/> 
1:36 Fri 07-05-10 <br/> 
15:51 Fri 07-05-10 <br/> 
20:57 Fri 07-05-10 <br/> 
8:45 Sat 08-05-10 <br/> 
14:27 Sat 08-05-10 <br/> 
16:58 Sat 08-05-10 <br/> 
21:00 Sat 08-05-10 <br/> 
5:12 Sun 09-05-10 <br/> 
7:11 Sun 09-05-10 <br/> 
21:33 Sun 09-05-10 <br/> 
22:10 Sun 09-05-10 <br/> 
7:58 Mon 10-05-10 <br/> 
12:47 Mon 10-05-10 <br/> 
12:51 Mon 10-05-10 <br/> 
13:19 Mon 10-05-10 <br/> 
13:19 Mon 10-05-10 <br/> 
14:22 Mon 10-05-10 <br/> 
19:23 Mon 10-05-10 <br/> 
21:34 Mon 10-05-10 <br/> 
0:40 Tue 11-05-10 <br/> 
2:30 Tue 11-05-10 <br/> 
4:10 Tue 11-05-10 <br/> 
5:55 Tue 11-05-10 <br/> 
14:35 Tue 11-05-10 <br/> 
15:13 Tue 11-05-10 <br/> 
22:23 Tue 11-05-10 <br/> 
23:27 Tue 11-05-10 <br/> 
4:29 Wed 12-05-10 <br/> 
7:25 Wed 12-05-10 <br/> 
10:40 Wed 12-05-10 <br/> 
12:50 Wed 12-05-10 <br/> 
19:45 Wed 12-05-10 <br/> 
2:25 Thu 13-05-10 <br/> 
5:06 Thu 13-05-10 <br/> 
22:38 Thu 13-05-10 <br/> 
5:54 Fri 14-05-10 <br/> 
5:55 Sat 15-05-10 <br/> 
10:25 Sat 15-05-10 <br/> 
12:18 Sat 15-05-10 <br/> 
12:51 Sat 15-05-10 <br/> 
19:09 Sat 15-05-10 <br/> 
5:56 Sun 16-05-10 <br/> 
7:23 Sun 16-05-10 <br/> 
9:41 Sun 16-05-10 <br/> 
9:41 Sun 16-05-10 <br/> 
12:28 Sun 16-05-10 <br/> 
21:21 Sun 16-05-10 <br/> 
22:32 Sun 16-05-10 <br/> 
1:25 Mon 17-05-10 <br/> 
11:24 Mon 17-05-10 <br/> 
12:11 Mon 17-05-10 <br/> 
15:45 Mon 17-05-10 <br/> 
20:41 Mon 17-05-10 <br/> 
20:59 Mon 17-05-10 <br/> 
1:48 Tue 18-05-10 <br/> 
2:30 Tue 18-05-10 <br/> 
3:12 Tue 18-05-10 <br/> 
4:29 Tue 18-05-10 <br/> 
5:59 Tue 18-05-10 <br/> 
13:52 Tue 18-05-10 <br/> 
14:07 Tue 18-05-10 <br/> 
6:01 Wed 19-05-10 <br/> 
13:02 Wed 19-05-10 <br/> 
18:16 Wed 19-05-10 <br/> 
19:05 Wed 19-05-10 <br/> 
21:29 Wed 19-05-10 <br/> 
23:33 Wed 19-05-10 <br/> 
5:55 Thu 20-05-10 <br/> 
6:16 Thu 20-05-10 <br/> 
7:45 Thu 20-05-10 <br/> 
3:14 Fri 21-05-10 <br/> 
3:38 Fri 21-05-10 <br/> 
5:29 Fri 21-05-10 <br/> 
6:19 Fri 21-05-10 <br/> 
6:31 Fri 21-05-10 <br/> 
14:58 Fri 21-05-10 <br/> 
2:07 Sat 22-05-10 <br/> 
2:59 Sat 22-05-10 <br/> 
6:51 Sat 22-05-10 <br/> 
13:20 Sat 22-05-10 <br/> 
15:16 Sat 22-05-10 <br/> 
17:01 Sat 22-05-10 <br/> 
0:26 Sun 23-05-10 <br/> 
13:22 Sun 23-05-10 <br/> 
21:00 Sun 23-05-10 <br/> 
3:42 Mon 24-05-10 <br/> 
13:24 Mon 24-05-10 <br/> 
14:49 Mon 24-05-10 <br/> 
14:52 Mon 24-05-10 <br/> 
7:10 Tue 25-05-10 <br/> 
12:45 Tue 25-05-10 <br/> 
12:51 Tue 25-05-10 <br/> 
13:25 Tue 25-05-10 <br/> 
15:12 Tue 25-05-10 <br/> 
22:14 Tue 25-05-10 <br/> 
4:56 Wed 26-05-10 <br/> 
9:39 Wed 26-05-10 <br/> 
14:02 Wed 26-05-10 <br/> 
19:43 Wed 26-05-10 <br/> 
22:39 Wed 26-05-10 <br/> 
1:56 Thu 27-05-10 <br/> 
7:24 Thu 27-05-10 <br/> 
8:22 Thu 27-05-10 <br/> 
10:12 Thu 27-05-10 <br/> 
10:13 Thu 27-05-10 <br/> 
16:57 Thu 27-05-10 <br/> 
18:48 Thu 27-05-10 <br/> 
22:42 Thu 27-05-10 <br/> 
1:45 Fri 28-05-10 <br/> 
11:11 Fri 28-05-10 <br/> 
0:09 Sat 29-05-10 <br/> 
22:46 Sat 29-05-10 <br/> 
1:29 Sun 30-05-10 <br/> 
2:05 Sun 30-05-10 <br/> 
2:50 Sun 30-05-10 <br/> 
3:15 Sun 30-05-10 <br/> 
3:46 Sun 30-05-10 <br/> 
8:10 Sun 30-05-10 <br/> 
0:58 Mon 31-05-10 <br/> 
3:12 Mon 31-05-10 <br/> 
3:22 Mon 31-05-10 <br/> 
7:33 Mon 31-05-10 <br/> 
3:29 Tue 01-06-10 <br/> 
6:41 Tue 01-06-10 <br/> 
8:06 Tue 01-06-10 <br/> 
8:57 Tue 01-06-10 <br/> 
13:52 Tue 01-06-10 <br/> 
22:20 Tue 01-06-10 <br/> 
22:51 Tue 01-06-10 <br/> 
2:48 Wed 02-06-10 <br/> 
3:00 Wed 02-06-10 <br/> 
3:10 Wed 02-06-10 <br/> 
4:02 Wed 02-06-10 <br/> 
5:19 Wed 02-06-10 <br/> 
20:02 Wed 02-06-10 <br/> 
23:38 Wed 02-06-10 <br/> 
2:42 Thu 03-06-10 <br/> 
4:05 Thu 03-06-10 <br/> 
4:06 Thu 03-06-10 <br/> 
6:46 Thu 03-06-10 <br/> 
13:22 Thu 03-06-10 <br/> 
22:20 Thu 03-06-10 <br/> 
2:31 Fri 04-06-10 <br/> 
3:51 Fri 04-06-10 <br/> 
5:20 Fri 04-06-10 <br/> 
11:06 Fri 04-06-10 <br/> 
23:27 Fri 04-06-10 <br/> 
4:03 Sat 05-06-10 <br/> 
10:39 Sat 05-06-10 <br/> 
11:21 Sat 05-06-10 <br/> 
17:56 Sat 05-06-10 <br/> 
23:56 Sat 05-06-10 <br/> 
4:05 Sun 06-06-10 <br/> 
5:28 Sun 06-06-10 <br/> 
22:41 Sun 06-06-10 <br/> 
23:38 Sun 06-06-10 <br/> 
0:00 Mon 07-06-10 <br/> 
1:50 Mon 07-06-10 <br/> 
4:08 Mon 07-06-10 <br/> 
6:18 Mon 07-06-10 <br/> 
22:24 Mon 07-06-10 <br/> 
0:29 Tue 08-06-10 <br/> 
1:47 Tue 08-06-10 <br/> 
4:11 Tue 08-06-10 <br/> 
5:45 Tue 08-06-10 <br/> 
10:02 Tue 08-06-10 <br/> 
18:55 Tue 08-06-10 <br/> 
4:12 Wed 09-06-10 <br/> 
7:31 Wed 09-06-10 <br/> 
12:24 Wed 09-06-10 <br/> 
12:40 Wed 09-06-10 <br/> 
12:57 Wed 09-06-10 <br/> 
13:02 Wed 09-06-10 <br/> 
14:23 Wed 09-06-10 <br/> 
14:58 Wed 09-06-10 <br/> 
0:01 Thu 10-06-10 <br/> 
2:44 Thu 10-06-10 <br/> 
4:14 Thu 10-06-10 <br/> 
11:38 Thu 10-06-10 <br/> 
12:48 Thu 10-06-10 <br/> 
13:24 Thu 10-06-10 <br/> 
4:15 Fri 11-06-10 <br/> 
4:58 Fri 11-06-10 <br/> 
14:38 Fri 11-06-10 <br/> 
3:50 Sat 12-06-10 <br/> 
4:17 Sat 12-06-10 <br/> 
5:44 Sat 12-06-10 <br/> 
18:07 Sat 12-06-10 <br/> 
4:15 Sun 13-06-10 <br/> 
5:00 Sun 13-06-10 <br/> 
9:24 Sun 13-06-10 <br/> 
9:51 Sun 13-06-10 <br/> 
14:32 Sun 13-06-10 <br/> 
17:25 Sun 13-06-10 <br/> 
19:52 Sun 13-06-10 <br/> 
21:18 Sun 13-06-10 <br/> 
4:19 Mon 14-06-10 <br/> 
16:23 Mon 14-06-10 <br/> 
4:57 Tue 15-06-10 <br/> 
5:02 Tue 15-06-10 <br/> 
11:53 Tue 15-06-10 <br/> 
14:35 Tue 15-06-10 <br/> 
8:03 Wed 16-06-10 <br/> 
14:09 Wed 16-06-10 <br/> 
23:09 Wed 16-06-10 <br/> 
1:27 Thu 17-06-10 <br/> 
4:35 Thu 17-06-10 <br/> 
6:56 Thu 17-06-10 <br/> 
13:26 Thu 17-06-10 <br/> 
14:17 Thu 17-06-10 <br/> 
15:08 Thu 17-06-10 <br/> 
15:16 Thu 17-06-10 <br/> 
21:14 Thu 17-06-10 <br/> 
0:39 Fri 18-06-10 <br/> 
1:35 Fri 18-06-10 <br/> 
7:12 Fri 18-06-10 <br/> 
14:51 Fri 18-06-10 <br/> 
21:15 Fri 18-06-10 <br/> 
22:37 Fri 18-06-10 <br/> 
12:47 Sat 19-06-10 <br/> 
13:27 Sat 19-06-10 <br/> 
14:54 Sat 19-06-10 <br/> 
23:02 Sat 19-06-10 <br/> 
23:23 Sat 19-06-10 <br/> 
1:06 Sun 20-06-10 <br/> 
5:34 Sun 20-06-10 <br/> 
6:17 Sun 20-06-10 <br/> 
9:44 Sun 20-06-10 <br/> 
11:43 Sun 20-06-10 <br/> 
14:57 Sun 20-06-10 <br/> 
17:20 Sun 20-06-10 <br/> 
18:31 Sun 20-06-10 <br/> 
23:56 Sun 20-06-10 <br/> 
8:52 Mon 21-06-10 <br/> 
9:20 Mon 21-06-10 <br/> 
9:46 Mon 21-06-10 <br/> 
13:34 Mon 21-06-10 <br/> 
13:44 Mon 21-06-10 <br/> 
15:30 Mon 21-06-10 <br/> 
20:41 Mon 21-06-10 <br/> 
22:53 Mon 21-06-10 <br/> 
23:15 Mon 21-06-10 <br/> 
23:30 Mon 21-06-10 <br/> 
2:57 Tue 22-06-10 <br/> 
2:57 Tue 22-06-10 <br/> 
3:17 Tue 22-06-10 <br/> 
3:37 Tue 22-06-10 <br/> 
5:07 Tue 22-06-10 <br/> 
10:03 Tue 22-06-10 <br/> 
14:49 Tue 22-06-10 <br/> 
15:45 Tue 22-06-10 <br/> 
0:41 Wed 23-06-10 <br/> 
7:14 Wed 23-06-10 <br/> 
7:14 Wed 23-06-10 <br/> 
9:56 Wed 23-06-10 <br/> 
9:56 Wed 23-06-10 <br/> 
13:41 Wed 23-06-10 <br/> 
13:41 Wed 23-06-10 <br/> 
13:41 Wed 23-06-10 <br/> 
15:48 Wed 23-06-10 <br/> 
22:45 Wed 23-06-10 <br/> 
1:09 Thu 24-06-10 <br/> 
4:02 Thu 24-06-10 <br/> 
4:02 Thu 24-06-10 <br/> 
7:00 Thu 24-06-10 <br/> 
12:23 Thu 24-06-10 <br/> 
13:35 Thu 24-06-10 <br/> 
20:59 Thu 24-06-10 <br/> 
22:48 Thu 24-06-10 <br/> 
5:50 Fri 25-06-10 <br/> 
6:34 Fri 25-06-10 <br/> 
6:34 Fri 25-06-10 <br/> 
6:38 Fri 25-06-10 <br/> 
7:16 Fri 25-06-10 <br/> 
9:04 Fri 25-06-10 <br/> 
20:49 Fri 25-06-10 <br/> 
1:56 Sat 26-06-10 <br/> 
1:56 Sat 26-06-10 <br/> 
3:31 Sat 26-06-10 <br/> 
4:44 Sat 26-06-10 <br/> 
9:22 Sat 26-06-10 <br/> 
21:03 Sat 26-06-10 <br/> 
23:26 Sat 26-06-10 <br/> 
1:12 Sun 27-06-10 <br/> 
6:17 Mon 28-06-10 <br/> 
15:01 Mon 28-06-10 <br/> 
15:42 Mon 28-06-10 <br/> 
23:41 Mon 28-06-10 <br/> 
0:12 Tue 29-06-10 <br/> 
3:18 Tue 29-06-10 <br/> 
3:18 Tue 29-06-10 <br/> 
3:22 Tue 29-06-10 <br/> 
3:22 Tue 29-06-10 <br/> 
3:22 Tue 29-06-10 <br/> 
6:03 Tue 29-06-10 <br/> 
6:21 Tue 29-06-10 <br/> 
9:07 Tue 29-06-10 <br/> 
17:07 Tue 29-06-10 <br/> 
17:07 Tue 29-06-10 <br/> 
17:07 Tue 29-06-10 <br/> 
17:08 Tue 29-06-10 <br/> 
1:08 Wed 30-06-10 <br/> 
4:17 Wed 30-06-10 <br/> 
6:11 Wed 30-06-10 <br/> 
6:22 Wed 30-06-10 <br/> 
6:28 Wed 30-06-10 <br/> 
11:15 Wed 30-06-10 <br/> 
12:14 Wed 30-06-10 <br/> 
12:14 Wed 30-06-10 <br/> 
17:04 Wed 30-06-10 <br/> 
3:21 Thu 01-07-10 <br/> 
5:47 Thu 01-07-10 <br/> 
6:23 Thu 01-07-10 <br/> 
7:21 Thu 01-07-10 <br/> 
14:22 Thu 01-07-10 <br/> 
14:22 Thu 01-07-10 <br/> 
16:46 Thu 01-07-10 <br/> 
17:09 Thu 01-07-10 <br/> 
3:04 Fri 02-07-10 <br/> 
6:25 Fri 02-07-10 <br/> 
6:52 Fri 02-07-10 <br/> 
16:07 Fri 02-07-10 <br/> 
3:59 Sat 03-07-10 <br/> 
6:29 Sat 03-07-10 <br/> 
6:34 Sat 03-07-10 <br/> 
6:34 Sat 03-07-10 <br/> 
14:39 Sat 03-07-10 <br/> 
1:18 Sun 04-07-10 <br/> 
6:32 Sun 04-07-10 <br/> 
20:47 Sun 04-07-10 <br/> 
0:29 Mon 05-07-10 <br/> 
1:38 Mon 05-07-10 <br/> 
5:02 Mon 05-07-10 <br/> 
6:33 Mon 05-07-10 <br/> 
6:34 Tue 06-07-10 <br/> 
7:25 Tue 06-07-10 <br/> 
10:35 Tue 06-07-10 <br/> 
21:49 Tue 06-07-10 <br/> 
22:30 Tue 06-07-10 <br/> 
23:05 Tue 06-07-10 <br/> 
4:01 Wed 07-07-10 <br/> 
6:10 Wed 07-07-10 <br/> 
9:22 Wed 07-07-10 <br/> 
3:47 Thu 08-07-10 <br/> 
8:40 Thu 08-07-10 <br/> 
9:17 Thu 08-07-10 <br/> 
11:22 Thu 08-07-10 <br/> 
12:35 Thu 08-07-10 <br/> 
19:02 Thu 08-07-10 <br/> 
2:21 Fri 09-07-10 <br/> 
2:59 Fri 09-07-10 <br/> 
3:11 Fri 09-07-10 <br/> 
3:42 Fri 09-07-10 <br/> 
4:58 Fri 09-07-10 <br/> 
7:20 Fri 09-07-10 <br/> 
12:54 Fri 09-07-10 <br/> 
17:56 Fri 09-07-10 <br/> 
8:35 Sat 10-07-10 <br/> 
8:43 Sat 10-07-10 <br/> 
12:14 Sat 10-07-10 <br/> 
15:25 Sat 10-07-10 <br/> 
21:58 Sat 10-07-10 <br/> 
2:51 Sun 11-07-10 <br/> 
7:51 Sun 11-07-10 <br/> 
10:43 Sun 11-07-10 <br/> 
21:59 Sun 11-07-10 <br/> 
1:27 Mon 12-07-10 <br/> 
5:13 Mon 12-07-10 <br/> 
13:29 Mon 12-07-10 <br/> 
22:00 Mon 12-07-10 <br/> 
1:01 Tue 13-07-10 <br/> 
1:38 Tue 13-07-10 <br/> 
1:54 Tue 13-07-10 <br/> 
11:05 Tue 13-07-10 <br/> 
14:26 Tue 13-07-10 <br/> 
22:01 Tue 13-07-10 <br/> 
2:57 Wed 14-07-10 <br/> 
3:09 Wed 14-07-10 <br/> 
6:02 Wed 14-07-10 <br/> 
12:09 Wed 14-07-10 <br/> 
13:34 Wed 14-07-10 <br/> 
21:09 Wed 14-07-10 <br/> 
22:05 Wed 14-07-10 <br/> 
7:28 Thu 15-07-10 <br/> 
22:07 Thu 15-07-10 <br/> 
1:30 Fri 16-07-10 <br/> 
1:43 Fri 16-07-10 <br/> 
3:09 Fri 16-07-10 <br/> 
3:14 Fri 16-07-10 <br/> 
6:09 Fri 16-07-10 <br/> 
11:10 Fri 16-07-10 <br/> 
15:35 Fri 16-07-10 <br/> 
15:41 Fri 16-07-10 <br/> 
22:08 Fri 16-07-10 <br/> 
5:36 Sat 17-07-10 <br/> 
11:04 Sat 17-07-10 <br/> 
17:34 Sat 17-07-10 <br/> 
22:09 Sat 17-07-10 <br/> 
23:53 Sat 17-07-10 <br/> 
9:12 Sun 18-07-10 <br/> 
11:01 Sun 18-07-10 <br/> 
1:23 Mon 19-07-10 <br/> 
6:13 Mon 19-07-10 <br/> 
7:34 Mon 19-07-10 <br/> 
7:54 Mon 19-07-10 <br/> 
23:38 Mon 19-07-10 <br/> 
4:00 Tue 20-07-10 <br/> 
5:21 Tue 20-07-10 <br/> 
6:04 Tue 20-07-10 <br/> 
7:32 Tue 20-07-10 <br/> 
14:04 Tue 20-07-10 <br/> 
14:51 Tue 20-07-10 <br/> 
11:14 Wed 21-07-10 <br/> 
11:26 Wed 21-07-10 <br/> 
12:37 Wed 21-07-10 <br/> 
14:04 Wed 21-07-10 <br/> 
21:06 Wed 21-07-10 <br/> 
22:40 Wed 21-07-10 <br/> 
7:43 Thu 22-07-10 <br/> 
8:52 Thu 22-07-10 <br/> 
10:54 Thu 22-07-10 <br/> 
11:25 Thu 22-07-10 <br/> 
14:09 Thu 22-07-10 <br/> 
0:23 Fri 23-07-10 <br/> 
3:16 Fri 23-07-10 <br/> 
9:15 Fri 23-07-10 <br/> 
12:19 Fri 23-07-10 <br/> 
14:11 Fri 23-07-10 <br/> 
17:22 Fri 23-07-10 <br/> 
6:54 Sat 24-07-10 <br/> 
8:19 Sat 24-07-10 <br/> 
9:07 Sat 24-07-10 <br/> 
14:13 Sat 24-07-10 <br/> 
0:04 Sun 25-07-10 <br/> 
0:33 Sun 25-07-10 <br/> 
14:14 Sun 25-07-10 <br/> 
15:13 Sun 25-07-10 <br/> 
16:46 Sun 25-07-10 <br/> 
17:09 Sun 25-07-10 <br/> 
19:34 Sun 25-07-10 <br/> 
6:44 Mon 26-07-10 <br/> 
6:52 Mon 26-07-10 <br/> 
8:58 Mon 26-07-10 <br/> 
9:34 Mon 26-07-10 <br/> 
9:59 Mon 26-07-10 <br/> 
13:12 Mon 26-07-10 <br/> 
16:57 Mon 26-07-10 <br/> 
21:02 Mon 26-07-10 <br/> 
0:58 Tue 27-07-10 <br/> 
5:50 Tue 27-07-10 <br/> 
8:05 Tue 27-07-10 <br/> 
8:13 Tue 27-07-10 <br/> 
12:25 Tue 27-07-10 <br/> 
14:06 Tue 27-07-10 <br/> 
22:49 Tue 27-07-10 <br/> 
5:08 Wed 28-07-10 <br/> 
5:28 Wed 28-07-10 <br/> 
6:47 Wed 28-07-10 <br/> 
9:49 Wed 28-07-10 <br/> 
12:29 Wed 28-07-10 <br/> 
19:23 Wed 28-07-10 <br/> 
21:12 Wed 28-07-10 <br/> 
21:14 Wed 28-07-10 <br/> 
23:44 Wed 28-07-10 <br/> 
9:21 Thu 29-07-10 <br/> 
10:42 Thu 29-07-10 <br/> 
12:30 Thu 29-07-10 <br/> 
6:42 Fri 30-07-10 <br/> 
7:23 Fri 30-07-10 <br/> 
10:30 Fri 30-07-10 <br/> 
10:32 Fri 30-07-10 <br/> 
12:36 Fri 30-07-10 <br/> 
14:30 Fri 30-07-10 <br/> 
18:56 Fri 30-07-10 <br/> 
21:17 Fri 30-07-10 <br/> 
1:23 Sat 31-07-10 <br/> 
4:40 Sat 31-07-10 <br/> 
8:11 Sat 31-07-10 <br/> 
8:17 Sat 31-07-10 <br/> 
11:33 Sat 31-07-10 <br/> 
12:04 Sat 31-07-10 <br/> 
12:37 Sat 31-07-10 <br/> 
12:47 Sat 31-07-10 <br/> 
21:46 Sat 31-07-10 <br/> 
2:54 Sun 01-08-10 <br/> 
3:42 Sun 01-08-10 <br/> 
5:15 Sun 01-08-10 <br/> 
5:33 Sun 01-08-10 <br/> 
6:02 Sun 01-08-10 <br/> 
6:54 Sun 01-08-10 <br/> 
9:39 Sun 01-08-10 <br/> 
9:51 Sun 01-08-10 <br/> 
11:34 Sun 01-08-10 <br/> 
12:39 Sun 01-08-10 <br/> 
13:05 Sun 01-08-10 <br/> 
13:54 Sun 01-08-10 <br/> 
18:07 Sun 01-08-10 <br/> 
3:10 Mon 02-08-10 <br/> 
3:51 Mon 02-08-10 <br/> 
4:40 Mon 02-08-10 <br/> 
4:43 Mon 02-08-10 <br/> 
6:37 Mon 02-08-10 <br/> 
6:54 Mon 02-08-10 <br/> 
10:07 Mon 02-08-10 <br/> 
11:20 Mon 02-08-10 <br/> 
12:06 Mon 02-08-10 <br/> 
13:57 Mon 02-08-10 <br/> 
20:44 Mon 02-08-10 <br/> 
23:11 Mon 02-08-10 <br/> 
0:58 Tue 03-08-10 <br/> 
1:15 Tue 03-08-10 <br/> 
2:29 Tue 03-08-10 <br/> 
3:04 Tue 03-08-10 <br/> 
6:05 Tue 03-08-10 <br/> 
6:16 Tue 03-08-10 <br/> 
6:16 Tue 03-08-10 <br/> 
9:36 Tue 03-08-10 <br/> 
9:52 Tue 03-08-10 <br/> 
10:30 Tue 03-08-10 <br/> 
10:39 Tue 03-08-10 <br/> 
10:52 Tue 03-08-10 <br/> 
10:56 Tue 03-08-10 <br/> 
13:55 Tue 03-08-10 <br/> 
20:57 Tue 03-08-10 <br/> 
21:45 Tue 03-08-10 <br/> 
22:37 Tue 03-08-10 <br/> 
23:38 Tue 03-08-10 <br/> 
0:26 Wed 04-08-10 <br/> 
1:05 Wed 04-08-10 <br/> 
5:18 Wed 04-08-10 <br/> 
7:41 Wed 04-08-10 <br/> 
9:52 Wed 04-08-10 <br/> 
11:18 Wed 04-08-10 <br/> 
16:57 Wed 04-08-10 <br/> 
0:12 Thu 05-08-10 <br/> 
3:22 Thu 05-08-10 <br/> 
4:38 Thu 05-08-10 <br/> 
11:03 Thu 05-08-10 <br/> 
13:18 Thu 05-08-10 <br/> 
14:32 Thu 05-08-10 <br/> 
22:04 Thu 05-08-10 <br/> 
22:46 Thu 05-08-10 <br/> 
23:09 Thu 05-08-10 <br/> 
0:44 Fri 06-08-10 <br/> 
1:02 Fri 06-08-10 <br/> 
2:13 Fri 06-08-10 <br/> 
2:46 Fri 06-08-10 <br/> 
2:59 Fri 06-08-10 <br/> 
3:40 Fri 06-08-10 <br/> 
4:22 Fri 06-08-10 <br/> 
5:05 Fri 06-08-10 <br/> 
10:49 Fri 06-08-10 <br/> 
11:04 Fri 06-08-10 <br/> 
15:37 Fri 06-08-10 <br/> 
23:55 Fri 06-08-10 <br/> 
0:44 Sat 07-08-10 <br/> 
0:46 Sat 07-08-10 <br/> 
1:14 Sat 07-08-10 <br/> 
2:00 Sat 07-08-10 <br/> 
3:12 Sat 07-08-10 <br/> 
4:02 Sat 07-08-10 <br/> 
7:12 Sat 07-08-10 <br/> 
7:49 Sat 07-08-10 <br/> 
8:11 Sat 07-08-10 <br/> 
8:35 Sat 07-08-10 <br/> 
11:05 Sat 07-08-10 <br/> 
11:25 Sat 07-08-10 <br/> 
12:37 Sat 07-08-10 <br/> 
13:58 Sat 07-08-10 <br/> 
14:20 Sat 07-08-10 <br/> 
16:04 Sat 07-08-10 <br/> 
17:34 Sat 07-08-10 <br/> 
21:45 Sat 07-08-10 <br/> 
22:15 Sat 07-08-10 <br/> 
0:27 Sun 08-08-10 <br/> 
1:05 Sun 08-08-10 <br/> 
2:26 Sun 08-08-10 <br/> 
3:30 Sun 08-08-10 <br/> 
3:42 Sun 08-08-10 <br/> 
9:13 Sun 08-08-10 <br/> 
9:45 Sun 08-08-10 <br/> 
10:35 Sun 08-08-10 <br/> 
11:18 Sun 08-08-10 <br/> 
13:48 Sun 08-08-10 <br/> 
20:36 Sun 08-08-10 <br/> 
21:27 Sun 08-08-10 <br/> 
0:47 Mon 09-08-10 <br/> 
2:41 Mon 09-08-10 <br/> 
11:07 Mon 09-08-10 <br/> 
11:07 Mon 09-08-10 <br/> 
16:22 Mon 09-08-10 <br/> 
3:30 Tue 10-08-10 <br/> 
4:23 Tue 10-08-10 <br/> 
8:27 Tue 10-08-10 <br/> 
8:54 Tue 10-08-10 <br/> 
9:30 Tue 10-08-10 <br/> 
10:22 Tue 10-08-10 <br/> 
11:08 Tue 10-08-10 <br/> 
20:15 Tue 10-08-10 <br/> 
20:22 Tue 10-08-10 <br/> 
1:22 Wed 11-08-10 <br/> 
7:58 Wed 11-08-10 <br/> 
9:51 Wed 11-08-10 <br/> 
11:10 Wed 11-08-10 <br/> 
11:56 Wed 11-08-10 <br/> 
19:07 Wed 11-08-10 <br/> 
22:30 Wed 11-08-10 <br/> 
22:33 Wed 11-08-10 <br/> 
2:58 Thu 12-08-10 <br/> 
5:15 Thu 12-08-10 <br/> 
6:44 Thu 12-08-10 <br/> 
9:46 Thu 12-08-10 <br/> 
11:14 Thu 12-08-10 <br/> 
12:15 Thu 12-08-10 <br/> 
13:58 Thu 12-08-10 <br/> 
16:15 Thu 12-08-10 <br/> 
19:38 Thu 12-08-10 <br/> 
21:05 Thu 12-08-10 <br/> 
21:55 Thu 12-08-10 <br/> 
10:54 Fri 13-08-10 <br/> 
11:17 Fri 13-08-10 <br/> 
13:40 Fri 13-08-10 <br/> 
13:47 Fri 13-08-10 <br/> 
15:48 Fri 13-08-10 <br/> 
19:05 Fri 13-08-10 <br/> 
23:28 Fri 13-08-10 <br/> 
23:51 Fri 13-08-10 <br/> 
4:26 Sat 14-08-10 <br/> 
4:32 Sat 14-08-10 <br/> 
6:35 Sat 14-08-10 <br/> 
6:38 Sat 14-08-10 <br/> 
9:07 Sat 14-08-10 <br/> 
11:05 Sat 14-08-10 <br/> 
11:16 Sat 14-08-10 <br/> 
14:34 Sat 14-08-10 <br/> 
21:34 Sat 14-08-10 <br/> 
23:39 Sat 14-08-10 <br/> 
0:28 Sun 15-08-10 <br/> 
1:46 Sun 15-08-10 <br/> 
5:43 Sun 15-08-10 <br/> 
7:23 Sun 15-08-10 <br/> 
8:12 Sun 15-08-10 <br/> 
11:21 Sun 15-08-10 <br/> 
4:33 Mon 16-08-10 <br/> 
8:33 Mon 16-08-10 <br/> 
9:08 Mon 16-08-10 <br/> 
9:17 Mon 16-08-10 <br/> 
10:34 Mon 16-08-10 <br/> 
11:23 Mon 16-08-10 <br/> 
12:08 Mon 16-08-10 <br/> 
13:14 Mon 16-08-10 <br/> 
14:43 Mon 16-08-10 <br/> 
21:00 Mon 16-08-10 <br/> 
0:32 Tue 17-08-10 <br/> 
2:55 Tue 17-08-10 <br/> 
3:49 Tue 17-08-10 <br/> 
6:14 Tue 17-08-10 <br/> 
6:39 Tue 17-08-10 <br/> 
6:51 Tue 17-08-10 <br/> 
11:27 Tue 17-08-10 <br/> 
14:34 Tue 17-08-10 <br/> 
16:13 Tue 17-08-10 <br/> 
16:28 Tue 17-08-10 <br/> 
18:50 Tue 17-08-10 <br/> 
19:00 Tue 17-08-10 <br/> 
21:51 Tue 17-08-10 <br/> 
22:27 Tue 17-08-10 <br/> 
22:35 Tue 17-08-10 <br/> 
23:17 Tue 17-08-10 <br/> 
23:43 Tue 17-08-10 <br/> 
4:39 Wed 18-08-10 <br/> 
6:33 Wed 18-08-10 <br/> 
8:18 Wed 18-08-10 <br/> 
10:16 Wed 18-08-10 <br/> 
13:01 Wed 18-08-10 <br/> 
13:38 Wed 18-08-10 <br/> 
15:07 Wed 18-08-10 <br/> 
16:38 Wed 18-08-10 <br/> 
21:45 Wed 18-08-10 <br/> 
23:52 Wed 18-08-10 <br/> 
0:33 Thu 19-08-10 <br/> 
1:21 Thu 19-08-10 <br/> 
3:29 Thu 19-08-10 <br/> 
3:33 Thu 19-08-10 <br/> 
4:48 Thu 19-08-10 <br/> 
5:18 Thu 19-08-10 <br/> 
6:16 Thu 19-08-10 <br/> 
6:52 Thu 19-08-10 <br/> 
8:02 Thu 19-08-10 <br/> 
8:21 Thu 19-08-10 <br/> 
10:53 Thu 19-08-10 <br/> 
11:31 Thu 19-08-10 <br/> 
12:30 Thu 19-08-10 <br/> 
13:43 Thu 19-08-10 <br/> 
13:54 Thu 19-08-10 <br/> 
14:03 Thu 19-08-10 <br/> 
15:55 Thu 19-08-10 <br/> 
16:17 Thu 19-08-10 <br/> 
18:27 Thu 19-08-10 <br/> 
21:58 Thu 19-08-10 <br/> 
23:40 Thu 19-08-10 <br/> 
0:09 Fri 20-08-10 <br/> 
1:40 Fri 20-08-10 <br/> 
1:44 Fri 20-08-10 <br/> 
1:52 Fri 20-08-10 <br/> 
2:31 Fri 20-08-10 <br/> 
3:35 Fri 20-08-10 <br/> 
3:58 Fri 20-08-10 <br/> 
4:02 Fri 20-08-10 <br/> 
4:22 Fri 20-08-10 <br/> 
5:22 Fri 20-08-10 <br/> 
5:44 Fri 20-08-10 <br/> 
5:47 Fri 20-08-10 <br/> 
6:14 Fri 20-08-10 <br/> 
6:46 Fri 20-08-10 <br/> 
7:51 Fri 20-08-10 <br/> 
8:18 Fri 20-08-10 <br/> 
8:45 Fri 20-08-10 <br/> 
8:57 Fri 20-08-10 <br/> 
11:32 Fri 20-08-10 <br/> 
23:39 Fri 20-08-10 <br/> 
3:23 Sat 21-08-10 <br/> 
5:18 Sat 21-08-10 <br/> 
5:23 Sat 21-08-10 <br/> 
5:38 Sat 21-08-10 <br/> 
5:55 Sat 21-08-10 <br/> 
11:33 Sat 21-08-10 <br/> 
11:36 Sat 21-08-10 <br/> 
11:59 Sat 21-08-10 <br/> 
12:11 Sat 21-08-10 <br/> 
13:24 Sat 21-08-10 <br/> 
14:48 Sat 21-08-10 <br/> 
14:54 Sat 21-08-10 <br/> 
15:03 Sat 21-08-10 <br/> 
17:23 Sat 21-08-10 <br/> 
18:02 Sat 21-08-10 <br/> 
22:47 Sat 21-08-10 <br/> 
0:36 Sun 22-08-10 <br/> 
0:42 Sun 22-08-10 <br/> 
1:28 Sun 22-08-10 <br/> 
7:52 Sun 22-08-10 <br/> 
8:52 Sun 22-08-10 <br/> 
11:29 Sun 22-08-10 <br/> 
13:15 Sun 22-08-10 <br/> 
13:51 Sun 22-08-10 <br/> 
15:39 Sun 22-08-10 <br/> 
20:34 Sun 22-08-10 <br/> 
21:22 Sun 22-08-10 <br/> 
4:20 Mon 23-08-10 <br/> 
6:20 Mon 23-08-10 <br/> 
6:54 Mon 23-08-10 <br/> 
10:59 Mon 23-08-10 <br/> 
15:44 Mon 23-08-10 <br/> 
16:17 Mon 23-08-10 <br/> 
17:48 Mon 23-08-10 <br/> 
18:00 Mon 23-08-10 <br/> 
18:46 Mon 23-08-10 <br/> 
18:52 Mon 23-08-10 <br/> 
21:43 Mon 23-08-10 <br/> 
23:49 Mon 23-08-10 <br/> 
0:25 Tue 24-08-10 <br/> 
2:34 Tue 24-08-10 <br/> 
3:04 Tue 24-08-10 <br/> 
3:44 Tue 24-08-10 <br/> 
9:39 Tue 24-08-10 <br/> 
12:27 Tue 24-08-10 <br/> 
13:01 Tue 24-08-10 <br/> 
16:40 Tue 24-08-10 <br/> 
2:05 Wed 25-08-10 <br/> 
3:26 Wed 25-08-10 <br/> 
9:50 Wed 25-08-10 <br/> 
14:51 Wed 25-08-10 <br/> 
0:23 Thu 26-08-10 <br/> 
3:13 Thu 26-08-10 <br/> 
3:29 Thu 26-08-10 <br/> 
10:52 Thu 26-08-10 <br/> 
14:20 Thu 26-08-10 <br/> 
16:04 Thu 26-08-10 <br/> 
23:41 Thu 26-08-10 <br/> 
23:44 Thu 26-08-10 <br/> 
3:32 Fri 27-08-10 <br/> 
8:40 Fri 27-08-10 <br/> 
9:55 Fri 27-08-10 <br/> 
10:29 Fri 27-08-10 <br/> 
10:35 Fri 27-08-10 <br/> 
10:51 Fri 27-08-10 <br/> 
12:33 Fri 27-08-10 <br/> 
13:52 Fri 27-08-10 <br/> 
0:02 Sat 28-08-10 <br/> 
0:09 Sat 28-08-10 <br/> 
0:19 Sat 28-08-10 <br/> 
2:52 Sat 28-08-10 <br/> 
3:33 Sat 28-08-10 <br/> 
6:14 Sat 28-08-10 <br/> 
8:43 Sat 28-08-10 <br/> 
9:20 Sat 28-08-10 <br/> 
10:11 Sat 28-08-10 <br/> 
14:02 Sat 28-08-10 <br/> 
17:35 Sat 28-08-10 <br/> 
22:46 Sat 28-08-10 <br/> 
0:12 Sun 29-08-10 <br/> 
1:26 Sun 29-08-10 <br/> 
2:10 Sun 29-08-10 <br/> 
2:26 Sun 29-08-10 <br/> 
2:47 Sun 29-08-10 <br/> 
3:35 Sun 29-08-10 <br/> 
4:11 Sun 29-08-10 <br/> 
4:41 Sun 29-08-10 <br/> 
6:22 Sun 29-08-10 <br/> 
10:17 Sun 29-08-10 <br/> 
15:10 Sun 29-08-10 <br/> 
16:17 Sun 29-08-10 <br/> 
18:09 Sun 29-08-10 <br/> 
2:15 Mon 30-08-10 <br/> 
3:37 Mon 30-08-10 <br/> 
8:30 Mon 30-08-10 <br/> 
13:23 Mon 30-08-10 <br/> 
15:24 Mon 30-08-10 <br/> 
15:55 Mon 30-08-10 <br/> 
21:50 Mon 30-08-10 <br/> 
23:43 Mon 30-08-10 <br/> 
2:30 Tue 31-08-10 <br/> 
3:30 Tue 31-08-10 <br/> 
3:40 Tue 31-08-10 <br/> 
6:38 Tue 31-08-10 <br/> 
11:58 Tue 31-08-10 <br/> 
13:32 Tue 31-08-10 <br/> 
18:23 Tue 31-08-10 <br/> 
2:59 Wed 01-09-10 <br/> 
3:42 Wed 01-09-10 <br/> 
5:38 Wed 01-09-10 <br/> 
7:48 Wed 01-09-10 <br/> 
16:17 Wed 01-09-10 <br/> 
16:28 Wed 01-09-10 <br/> 
18:12 Wed 01-09-10 <br/> 
23:21 Wed 01-09-10 <br/> 
23:22 Wed 01-09-10 <br/> 
3:11 Thu 02-09-10 <br/> 
3:48 Thu 02-09-10 <br/> 
18:37 Thu 02-09-10 <br/> 
23:36 Thu 02-09-10 <br/> 
23:46 Thu 02-09-10 <br/> 
3:02 Fri 03-09-10 <br/> 
8:16 Fri 03-09-10 <br/> 
10:33 Fri 03-09-10 <br/> 
21:55 Fri 03-09-10 <br/> 
14:31 Sat 04-09-10 <br/> 
15:26 Sat 04-09-10 <br/> 
18:27 Sat 04-09-10 <br/> 
18:54 Sat 04-09-10 <br/> 
14:35 Sun 05-09-10 <br/> 
17:16 Sun 05-09-10 <br/> 
19:19 Sun 05-09-10 <br/> 
21:52 Sun 05-09-10 <br/> 
0:06 Mon 06-09-10 <br/> 
2:31 Mon 06-09-10 <br/> 
5:32 Mon 06-09-10 <br/> 
6:50 Mon 06-09-10 <br/> 
12:52 Mon 06-09-10 <br/> 
13:07 Mon 06-09-10 <br/> 
20:23 Mon 06-09-10 <br/> 
3:39 Tue 07-09-10 <br/> 
4:57 Tue 07-09-10 <br/> 
10:27 Tue 07-09-10 <br/> 
13:29 Tue 07-09-10 <br/> 
19:19 Tue 07-09-10 <br/> 
20:25 Tue 07-09-10 <br/> 
21:37 Tue 07-09-10 <br/> 
22:05 Tue 07-09-10 <br/> 
0:57 Wed 08-09-10 <br/> 
4:42 Wed 08-09-10 <br/> 
12:42 Wed 08-09-10 <br/> 
20:26 Wed 08-09-10 <br/> 
7:50 Thu 09-09-10 <br/> 
17:22 Thu 09-09-10 <br/> 
18:33 Thu 09-09-10 <br/> 
20:28 Thu 09-09-10 <br/> 
23:41 Thu 09-09-10 <br/> 
23:47 Thu 09-09-10 <br/> 
2:58 Fri 10-09-10 <br/> 
4:02 Fri 10-09-10 <br/> 
20:29 Fri 10-09-10 <br/> 
0:29 Sat 11-09-10 <br/> 
10:38 Sat 11-09-10 <br/> 
13:11 Sat 11-09-10 <br/> 
13:29 Sat 11-09-10 <br/> 
20:31 Sat 11-09-10 <br/> 
6:20 Sun 12-09-10 <br/> 
8:52 Sun 12-09-10 <br/> 
12:26 Sun 12-09-10 <br/> 
3:08 Mon 13-09-10 <br/> 
9:12 Mon 13-09-10 <br/> 
9:42 Mon 13-09-10 <br/> 
14:01 Mon 13-09-10 <br/> 
14:31 Mon 13-09-10 <br/> 
0:13 Tue 14-09-10 <br/> 
3:12 Tue 14-09-10 <br/> 
6:17 Tue 14-09-10 <br/> 
10:22 Tue 14-09-10 <br/> 
10:37 Tue 14-09-10 <br/> 
11:01 Tue 14-09-10 <br/> 
19:59 Tue 14-09-10 <br/> 
3:14 Wed 15-09-10 <br/> 
21:33 Wed 15-09-10 <br/> 
0:19 Thu 16-09-10 <br/> 
1:02 Thu 16-09-10 <br/> 
2:30 Thu 16-09-10 <br/> 
3:17 Thu 16-09-10 <br/> 
11:15 Thu 16-09-10 <br/> 
13:12 Thu 16-09-10 <br/> 
13:28 Thu 16-09-10 <br/> 
15:19 Thu 16-09-10 <br/> 
15:20 Thu 16-09-10 <br/> 
16:53 Thu 16-09-10 <br/> 
3:18 Fri 17-09-10 <br/> 
7:12 Fri 17-09-10 <br/> 
