2:00 Thu 01-01-70 
15:15 Thu 06-07-06 
15:58 Thu 06-07-06 
17:39 Thu 06-07-06 
19:03 Thu 06-07-06 
19:03 Thu 06-07-06 
19:09 Thu 06-07-06 
0:01 Fri 07-07-06 
2:37 Fri 07-07-06 
3:49 Fri 07-07-06 
6:24 Fri 07-07-06 
6:28 Fri 07-07-06 
9:55 Fri 07-07-06 
11:42 Fri 07-07-06 
11:43 Fri 07-07-06 
15:25 Fri 07-07-06 
17:33 Fri 07-07-06 
18:46 Fri 07-07-06 
20:44 Fri 07-07-06 
2:08 Sat 08-07-06 
2:58 Sat 08-07-06 
3:09 Sat 08-07-06 
5:19 Sat 08-07-06 
6:46 Sat 08-07-06 
6:58 Sat 08-07-06 
9:32 Sat 08-07-06 
11:23 Sat 08-07-06 
11:25 Sat 08-07-06 
14:59 Sat 08-07-06 
14:59 Sat 08-07-06 
15:16 Sat 08-07-06 
15:41 Sat 08-07-06 
16:19 Sat 08-07-06 
18:18 Sat 08-07-06 
18:19 Sat 08-07-06 
18:19 Sat 08-07-06 
18:33 Sat 08-07-06 
18:39 Sat 08-07-06 
18:40 Sat 08-07-06 
19:10 Sat 08-07-06 
19:49 Sat 08-07-06 
20:24 Sat 08-07-06 
0:44 Sun 09-07-06 
11:43 Sun 09-07-06 
11:46 Sun 09-07-06 
14:44 Sun 09-07-06 
17:33 Sun 09-07-06 
17:34 Sun 09-07-06 
18:49 Sun 09-07-06 
20:13 Sun 09-07-06 
20:14 Sun 09-07-06 
23:29 Sun 09-07-06 
23:55 Sun 09-07-06 
0:11 Mon 10-07-06 
0:37 Mon 10-07-06 
0:47 Mon 10-07-06 
0:48 Mon 10-07-06 
0:49 Mon 10-07-06 
3:01 Mon 10-07-06 
3:01 Mon 10-07-06 
4:47 Mon 10-07-06 
4:48 Mon 10-07-06 
4:48 Mon 10-07-06 
6:03 Mon 10-07-06 
10:57 Mon 10-07-06 
11:15 Mon 10-07-06 
13:32 Mon 10-07-06 
18:30 Mon 10-07-06 
18:58 Mon 10-07-06 
19:00 Mon 10-07-06 
20:56 Mon 10-07-06 
22:49 Mon 10-07-06 
1:46 Tue 11-07-06 
2:01 Tue 11-07-06 
2:29 Tue 11-07-06 
2:47 Tue 11-07-06 
2:50 Tue 11-07-06 
3:02 Tue 11-07-06 
3:23 Tue 11-07-06 
3:38 Tue 11-07-06 
3:39 Tue 11-07-06 
3:56 Tue 11-07-06 
5:56 Tue 11-07-06 
9:27 Tue 11-07-06 
9:42 Tue 11-07-06 
16:04 Tue 11-07-06 
16:57 Tue 11-07-06 
18:06 Tue 11-07-06 
18:30 Tue 11-07-06 
20:38 Tue 11-07-06 
4:46 Wed 12-07-06 
4:52 Wed 12-07-06 
4:53 Wed 12-07-06 
4:59 Wed 12-07-06 
4:59 Wed 12-07-06 
5:02 Wed 12-07-06 
5:03 Wed 12-07-06 
5:05 Wed 12-07-06 
5:12 Wed 12-07-06 
5:13 Wed 12-07-06 
5:14 Wed 12-07-06 
5:16 Wed 12-07-06 
5:20 Wed 12-07-06 
5:43 Wed 12-07-06 
5:44 Wed 12-07-06 
8:57 Wed 12-07-06 
10:32 Wed 12-07-06 
13:09 Wed 12-07-06 
14:32 Wed 12-07-06 
23:06 Wed 12-07-06 
4:32 Thu 13-07-06 
7:30 Thu 13-07-06 
8:19 Thu 13-07-06 
9:34 Thu 13-07-06 
11:02 Thu 13-07-06 
11:40 Thu 13-07-06 
14:41 Thu 13-07-06 
18:22 Thu 13-07-06 
19:36 Thu 13-07-06 
20:45 Thu 13-07-06 
20:59 Thu 13-07-06 
1:48 Fri 14-07-06 
1:50 Fri 14-07-06 
2:46 Fri 14-07-06 
3:58 Fri 14-07-06 
5:31 Fri 14-07-06 
5:34 Fri 14-07-06 
9:14 Fri 14-07-06 
9:14 Fri 14-07-06 
9:17 Fri 14-07-06 
13:25 Fri 14-07-06 
16:12 Fri 14-07-06 
21:26 Fri 14-07-06 
22:20 Fri 14-07-06 
22:45 Fri 14-07-06 
23:01 Fri 14-07-06 
23:14 Fri 14-07-06 
23:29 Fri 14-07-06 
23:30 Fri 14-07-06 
23:36 Fri 14-07-06 
23:47 Fri 14-07-06 
1:26 Sat 15-07-06 
3:18 Sat 15-07-06 
5:26 Sat 15-07-06 
11:03 Sat 15-07-06 
11:04 Sat 15-07-06 
11:04 Sat 15-07-06 
11:04 Sat 15-07-06 
14:37 Sat 15-07-06 
14:40 Sat 15-07-06 
16:53 Sat 15-07-06 
17:10 Sat 15-07-06 
19:48 Sat 15-07-06 
21:08 Sat 15-07-06 
21:09 Sat 15-07-06 
21:29 Sat 15-07-06 
21:30 Sat 15-07-06 
23:05 Sat 15-07-06 
0:23 Sun 16-07-06 
0:30 Sun 16-07-06 
1:47 Sun 16-07-06 
2:39 Sun 16-07-06 
3:37 Sun 16-07-06 
9:22 Sun 16-07-06 
10:39 Sun 16-07-06 
11:45 Sun 16-07-06 
11:46 Sun 16-07-06 
12:51 Sun 16-07-06 
12:54 Sun 16-07-06 
12:54 Sun 16-07-06 
12:59 Sun 16-07-06 
14:00 Sun 16-07-06 
14:06 Sun 16-07-06 
15:19 Sun 16-07-06 
15:19 Sun 16-07-06 
16:19 Sun 16-07-06 
16:27 Sun 16-07-06 
18:44 Sun 16-07-06 
20:48 Sun 16-07-06 
20:57 Sun 16-07-06 
20:57 Sun 16-07-06 
20:59 Sun 16-07-06 
20:59 Sun 16-07-06 
21:00 Sun 16-07-06 
21:58 Sun 16-07-06 
21:58 Sun 16-07-06 
21:58 Sun 16-07-06 
6:14 Mon 17-07-06 
6:17 Mon 17-07-06 
9:16 Mon 17-07-06 
9:16 Mon 17-07-06 
10:18 Mon 17-07-06 
10:27 Mon 17-07-06 
15:59 Mon 17-07-06 
16:00 Mon 17-07-06 
17:20 Mon 17-07-06 
18:22 Mon 17-07-06 
18:33 Mon 17-07-06 
21:12 Mon 17-07-06 
23:33 Mon 17-07-06 
3:22 Tue 18-07-06 
3:23 Tue 18-07-06 
5:48 Tue 18-07-06 
12:23 Tue 18-07-06 
12:24 Tue 18-07-06 
12:25 Tue 18-07-06 
12:34 Tue 18-07-06 
12:34 Tue 18-07-06 
12:45 Tue 18-07-06 
12:46 Tue 18-07-06 
12:56 Tue 18-07-06 
13:05 Tue 18-07-06 
13:08 Tue 18-07-06 
13:08 Tue 18-07-06 
13:09 Tue 18-07-06 
13:10 Tue 18-07-06 
13:11 Tue 18-07-06 
14:47 Tue 18-07-06 
18:12 Tue 18-07-06 
23:07 Tue 18-07-06 
2:45 Wed 19-07-06 
4:00 Wed 19-07-06 
6:17 Wed 19-07-06 
8:35 Wed 19-07-06 
9:47 Wed 19-07-06 
11:39 Wed 19-07-06 
12:13 Wed 19-07-06 
12:13 Wed 19-07-06 
12:33 Wed 19-07-06 
12:44 Wed 19-07-06 
13:01 Wed 19-07-06 
13:17 Wed 19-07-06 
13:18 Wed 19-07-06 
13:18 Wed 19-07-06 
14:28 Wed 19-07-06 <br/> 
19:58 Wed 19-07-06 <br/> 
3:25 Thu 20-07-06 <br/> 
6:36 Thu 20-07-06 <br/> 
8:00 Thu 20-07-06 <br/> 
9:16 Thu 20-07-06 <br/> 
10:05 Thu 20-07-06 <br/> 
10:47 Thu 20-07-06 <br/> 
12:23 Thu 20-07-06 <br/> 
13:29 Thu 20-07-06 <br/> 
16:50 Thu 20-07-06 <br/> 
18:05 Thu 20-07-06 <br/> 
1:11 Fri 21-07-06 <br/> 
7:45 Fri 21-07-06 <br/> 
10:07 Fri 21-07-06 <br/> 
10:08 Fri 21-07-06 <br/> 
11:17 Fri 21-07-06 <br/> 
14:57 Fri 21-07-06 <br/> 
16:12 Fri 21-07-06 <br/> 
16:14 Fri 21-07-06 <br/> 
16:24 Fri 21-07-06 <br/> 
17:35 Fri 21-07-06 <br/> 
18:43 Fri 21-07-06 <br/> 
18:48 Fri 21-07-06 <br/> 
23:10 Fri 21-07-06 <br/> 
1:28 Sat 22-07-06 <br/> 
4:06 Sat 22-07-06 <br/> 
8:47 Sat 22-07-06 <br/> 
8:54 Sat 22-07-06 <br/> 
9:17 Sat 22-07-06 <br/> 
9:26 Sat 22-07-06 <br/> 
9:33 Sat 22-07-06 <br/> 
9:38 Sat 22-07-06 <br/> 
14:39 Sat 22-07-06 <br/> 
19:33 Sat 22-07-06 <br/> 
19:34 Sat 22-07-06 <br/> 
20:48 Sat 22-07-06 <br/> 
20:48 Sat 22-07-06 <br/> 
21:54 Sat 22-07-06 <br/> 
0:22 Sun 23-07-06 <br/> 
0:23 Sun 23-07-06 <br/> 
0:24 Sun 23-07-06 <br/> 
0:32 Sun 23-07-06 <br/> 
0:37 Sun 23-07-06 <br/> 
4:00 Sun 23-07-06 <br/> 
4:00 Sun 23-07-06 <br/> 
6:24 Sun 23-07-06 <br/> 
6:43 Sun 23-07-06 <br/> 
6:51 Sun 23-07-06 <br/> 
6:53 Sun 23-07-06 <br/> 
6:56 Sun 23-07-06 <br/> 
7:02 Sun 23-07-06 <br/> 
7:02 Sun 23-07-06 <br/> 
7:33 Sun 23-07-06 <br/> 
18:42 Sun 15-10-06 <br/> 
1:05 Fri 10-11-06 <br/> 
2:19 Fri 10-11-06 <br/> 
2:28 Fri 10-11-06 <br/> 
9:25 Fri 10-11-06 <br/> 
10:03 Fri 10-11-06 <br/> 
11:16 Fri 10-11-06 <br/> 
12:08 Fri 10-11-06 <br/> 
14:00 Fri 10-11-06 <br/> 
16:32 Fri 10-11-06 <br/> 
17:46 Fri 10-11-06 <br/> 
18:10 Fri 10-11-06 <br/> 
18:27 Fri 10-11-06 <br/> 
20:24 Fri 10-11-06 <br/> 
22:01 Fri 10-11-06 <br/> 
22:23 Fri 10-11-06 <br/> 
23:17 Fri 10-11-06 <br/> 
0:09 Sat 11-11-06 <br/> 
1:33 Sat 11-11-06 <br/> 
4:27 Sat 11-11-06 <br/> 
4:52 Sat 11-11-06 <br/> 
4:52 Sat 11-11-06 <br/> 
5:55 Sat 11-11-06 <br/> 
5:55 Sat 11-11-06 <br/> 
10:52 Sat 11-11-06 <br/> 
11:24 Sat 11-11-06 <br/> 
13:09 Sat 11-11-06 <br/> 
13:29 Sat 11-11-06 <br/> 
19:13 Sat 11-11-06 <br/> 
19:24 Sat 11-11-06 <br/> 
10:16 Sun 12-11-06 <br/> 
10:51 Mon 13-11-06 <br/> 
12:17 Mon 13-11-06 <br/> 
12:59 Mon 13-11-06 <br/> 
14:50 Mon 13-11-06 <br/> 
14:55 Mon 13-11-06 <br/> 
16:30 Mon 13-11-06 <br/> 
16:50 Mon 13-11-06 <br/> 
18:07 Mon 13-11-06 <br/> 
19:24 Mon 13-11-06 <br/> 
20:06 Mon 13-11-06 <br/> 
21:52 Mon 13-11-06 <br/> 
1:35 Tue 14-11-06 <br/> 
1:35 Tue 14-11-06 <br/> 
1:35 Tue 14-11-06 <br/> 
2:25 Tue 14-11-06 <br/> 
10:35 Tue 14-11-06 <br/> 
10:42 Tue 14-11-06 <br/> 
13:07 Tue 14-11-06 <br/> 
14:01 Tue 14-11-06 <br/> 
19:19 Tue 14-11-06 <br/> 
22:55 Tue 14-11-06 <br/> 
23:54 Tue 14-11-06 <br/> 
11:15 Wed 15-11-06 <br/> 
13:43 Wed 15-11-06 <br/> 
14:27 Wed 15-11-06 <br/> 
15:36 Wed 15-11-06 <br/> 
15:37 Wed 15-11-06 <br/> 
16:19 Wed 15-11-06 <br/> 
22:43 Wed 15-11-06 <br/> 
0:00 Thu 16-11-06 <br/> 
0:19 Thu 16-11-06 <br/> 
1:14 Thu 16-11-06 <br/> 
6:45 Thu 16-11-06 <br/> 
9:37 Thu 16-11-06 <br/> 
9:39 Thu 16-11-06 <br/> 
11:57 Thu 16-11-06 <br/> 
12:17 Thu 16-11-06 <br/> 
14:08 Thu 16-11-06 <br/> 
16:10 Thu 16-11-06 <br/> 
16:11 Thu 16-11-06 <br/> 
16:11 Thu 16-11-06 <br/> 
17:55 Thu 16-11-06 <br/> 
9:53 Fri 17-11-06 <br/> 
11:53 Fri 17-11-06 <br/> 
15:07 Fri 17-11-06 <br/> 
15:08 Fri 17-11-06 <br/> 
16:42 Fri 17-11-06 <br/> 
21:20 Fri 17-11-06 <br/> 
21:21 Fri 17-11-06 <br/> 
21:22 Fri 17-11-06 <br/> 
23:53 Fri 17-11-06 <br/> 
6:12 Sat 18-11-06 <br/> 
7:03 Sat 18-11-06 <br/> 
9:22 Sat 18-11-06 <br/> 
9:36 Sat 18-11-06 <br/> 
12:08 Sat 18-11-06 <br/> 
13:21 Sat 18-11-06 <br/> 
15:29 Sat 18-11-06 <br/> 
16:56 Sat 18-11-06 <br/> 
18:48 Sat 18-11-06 <br/> 
18:48 Sat 18-11-06 <br/> 
18:55 Sat 18-11-06 <br/> 
18:57 Sat 18-11-06 <br/> 
9:25 Sun 19-11-06 <br/> 
10:55 Sun 19-11-06 <br/> 
12:17 Sun 19-11-06 <br/> 
17:49 Sun 19-11-06 <br/> 
23:22 Sun 19-11-06 <br/> 
23:36 Sun 19-11-06 <br/> 
23:43 Sun 19-11-06 <br/> 
0:58 Mon 20-11-06 <br/> 
2:27 Mon 20-11-06 <br/> 
5:07 Mon 20-11-06 <br/> 
5:33 Mon 20-11-06 <br/> 
12:18 Mon 20-11-06 <br/> 
16:34 Mon 20-11-06 <br/> 
16:40 Mon 20-11-06 <br/> 
19:41 Mon 20-11-06 <br/> 
20:42 Mon 20-11-06 <br/> 
20:43 Mon 20-11-06 <br/> 
20:44 Mon 20-11-06 <br/> 
21:22 Mon 20-11-06 <br/> 
0:20 Tue 21-11-06 <br/> 
0:23 Tue 21-11-06 <br/> 
3:29 Tue 21-11-06 <br/> 
3:53 Tue 21-11-06 <br/> 
4:01 Tue 21-11-06 <br/> 
4:35 Tue 21-11-06 <br/> 
5:28 Tue 21-11-06 <br/> 
8:08 Tue 21-11-06 <br/> 
8:13 Tue 21-11-06 <br/> 
8:15 Tue 21-11-06 <br/> 
18:57 Tue 21-11-06 <br/> 
21:06 Tue 21-11-06 <br/> 
21:09 Tue 21-11-06 <br/> 
21:17 Tue 21-11-06 <br/> 
2:13 Wed 22-11-06 <br/> 
2:41 Wed 22-11-06 <br/> 
5:22 Wed 22-11-06 <br/> 
10:54 Wed 22-11-06 <br/> 
10:58 Wed 22-11-06 <br/> 
14:42 Wed 22-11-06 <br/> 
14:44 Wed 22-11-06 <br/> 
15:14 Wed 22-11-06 <br/> 
16:45 Wed 22-11-06 <br/> 
18:35 Wed 22-11-06 <br/> 
19:35 Wed 22-11-06 <br/> 
22:05 Wed 22-11-06 <br/> 
22:18 Wed 22-11-06 <br/> 
22:49 Wed 22-11-06 <br/> 
7:20 Thu 23-11-06 <br/> 
8:17 Thu 23-11-06 <br/> 
18:28 Thu 23-11-06 <br/> 
19:55 Thu 23-11-06 <br/> 
21:31 Thu 23-11-06 <br/> 
22:25 Thu 23-11-06 <br/> 
0:24 Fri 24-11-06 <br/> 
0:29 Fri 24-11-06 <br/> 
0:46 Fri 24-11-06 <br/> 
1:14 Fri 24-11-06 <br/> 
1:20 Fri 24-11-06 <br/> 
2:14 Fri 24-11-06 <br/> 
2:34 Fri 24-11-06 <br/> 
7:23 Fri 24-11-06 <br/> 
7:38 Fri 24-11-06 <br/> 
9:20 Fri 24-11-06 <br/> 
9:21 Fri 24-11-06 <br/> 
14:42 Fri 24-11-06 <br/> 
14:43 Fri 24-11-06 <br/> 
14:44 Fri 24-11-06 <br/> 
15:37 Fri 24-11-06 <br/> 
15:49 Fri 24-11-06 <br/> 
16:23 Fri 24-11-06 <br/> 
18:39 Fri 24-11-06 <br/> 
23:42 Fri 24-11-06 <br/> 
23:42 Fri 24-11-06 <br/> 
23:45 Fri 24-11-06 <br/> 
7:03 Sat 25-11-06 <br/> 
7:30 Sat 25-11-06 <br/> 
7:45 Sat 25-11-06 <br/> 
8:06 Sat 25-11-06 <br/> 
8:52 Sat 25-11-06 <br/> 
11:49 Sat 25-11-06 <br/> 
13:02 Sat 25-11-06 <br/> 
13:35 Sat 25-11-06 <br/> 
21:03 Sat 25-11-06 <br/> 
21:05 Sat 25-11-06 <br/> 
22:17 Sat 25-11-06 <br/> 
22:43 Sat 25-11-06 <br/> 
2:03 Sun 26-11-06 <br/> 
3:37 Sun 26-11-06 <br/> 
6:00 Sun 26-11-06 <br/> 
13:02 Sun 26-11-06 <br/> 
19:07 Sun 26-11-06 <br/> 
22:48 Sun 26-11-06 <br/> 
2:41 Mon 27-11-06 <br/> 
3:57 Mon 27-11-06 <br/> 
9:16 Mon 27-11-06 <br/> 
11:13 Mon 27-11-06 <br/> 
16:42 Mon 27-11-06 <br/> 
17:13 Mon 27-11-06 <br/> 
22:33 Mon 27-11-06 <br/> 
22:50 Mon 27-11-06 <br/> 
23:41 Mon 27-11-06 <br/> 
23:45 Mon 27-11-06 <br/> 
8:22 Tue 28-11-06 <br/> 
12:41 Tue 28-11-06 <br/> 
16:19 Tue 28-11-06 <br/> 
16:24 Tue 28-11-06 <br/> 
17:19 Tue 28-11-06 <br/> 
19:24 Tue 28-11-06 <br/> 
20:12 Tue 28-11-06 <br/> 
21:40 Tue 28-11-06 <br/> 
22:32 Tue 28-11-06 <br/> 
23:53 Tue 28-11-06 <br/> 
0:45 Wed 29-11-06 <br/> 
9:28 Wed 29-11-06 <br/> 
11:24 Wed 29-11-06 <br/> 
16:37 Wed 29-11-06 <br/> 
17:34 Wed 29-11-06 <br/> 
21:19 Wed 29-11-06 <br/> 
21:27 Wed 29-11-06 <br/> 
22:26 Wed 29-11-06 <br/> 
23:37 Wed 29-11-06 <br/> 
0:23 Thu 30-11-06 <br/> 
5:56 Thu 30-11-06 <br/> 
11:12 Thu 30-11-06 <br/> 
13:51 Thu 30-11-06 <br/> 
19:13 Thu 30-11-06 <br/> 
21:24 Thu 30-11-06 <br/> 
22:44 Thu 30-11-06 <br/> 
22:47 Thu 30-11-06 <br/> 
23:33 Thu 30-11-06 <br/> 
0:20 Fri 01-12-06 <br/> 
3:22 Fri 01-12-06 <br/> 
8:38 Fri 01-12-06 <br/> 
11:19 Fri 01-12-06 <br/> 
14:43 Fri 01-12-06 <br/> 
16:21 Fri 01-12-06 <br/> 
16:47 Fri 01-12-06 <br/> 
23:52 Fri 01-12-06 <br/> 
0:21 Sat 02-12-06 <br/> 
0:43 Sat 02-12-06 <br/> 
0:47 Sat 02-12-06 <br/> 
6:04 Sat 02-12-06 <br/> 
10:02 Sat 02-12-06 <br/> 
12:43 Sat 02-12-06 <br/> 
17:03 Sat 02-12-06 <br/> 
19:07 Sat 02-12-06 <br/> 
23:23 Sat 02-12-06 <br/> 
23:24 Sat 02-12-06 <br/> 
1:08 Sun 03-12-06 <br/> 
3:07 Sun 03-12-06 <br/> 
17:23 Sun 03-12-06 <br/> 
18:55 Sun 03-12-06 <br/> 
19:22 Sun 03-12-06 <br/> 
21:20 Sun 03-12-06 <br/> 
23:38 Sun 03-12-06 <br/> 
1:45 Mon 04-12-06 <br/> 
1:48 Mon 04-12-06 <br/> 
1:48 Mon 04-12-06 <br/> 
5:36 Mon 04-12-06 <br/> 
15:47 Mon 04-12-06 <br/> 
23:19 Mon 04-12-06 <br/> 
1:04 Tue 05-12-06 <br/> 
1:09 Tue 05-12-06 <br/> 
6:59 Tue 05-12-06 <br/> 
7:38 Tue 05-12-06 <br/> 
7:52 Tue 05-12-06 <br/> 
10:14 Tue 05-12-06 <br/> 
13:43 Tue 05-12-06 <br/> 
20:49 Tue 05-12-06 <br/> 
21:46 Tue 05-12-06 <br/> 
22:05 Tue 05-12-06 <br/> 
23:36 Tue 05-12-06 <br/> 
23:36 Tue 05-12-06 <br/> 
0:37 Wed 06-12-06 <br/> 
0:47 Wed 06-12-06 <br/> 
1:38 Wed 06-12-06 <br/> 
2:21 Wed 06-12-06 <br/> 
2:21 Wed 06-12-06 <br/> 
2:28 Wed 06-12-06 <br/> 
2:32 Wed 06-12-06 <br/> 
4:13 Wed 06-12-06 <br/> 
6:48 Wed 06-12-06 <br/> 
7:35 Wed 06-12-06 <br/> 
8:57 Wed 06-12-06 <br/> 
8:58 Wed 06-12-06 <br/> 
15:17 Wed 06-12-06 <br/> 
1:23 Thu 07-12-06 <br/> 
1:30 Thu 07-12-06 <br/> 
1:34 Thu 07-12-06 <br/> 
2:32 Thu 07-12-06 <br/> 
2:39 Thu 07-12-06 <br/> 
2:40 Thu 07-12-06 <br/> 
2:41 Thu 07-12-06 <br/> 
4:03 Thu 07-12-06 <br/> 
6:06 Thu 07-12-06 <br/> 
8:56 Thu 07-12-06 <br/> 
9:41 Thu 07-12-06 <br/> 
11:51 Thu 07-12-06 <br/> 
13:38 Thu 07-12-06 <br/> 
16:25 Thu 07-12-06 <br/> 
0:02 Fri 08-12-06 <br/> 
4:23 Fri 08-12-06 <br/> 
6:02 Fri 08-12-06 <br/> 
12:53 Fri 08-12-06 <br/> 
19:22 Fri 08-12-06 <br/> 
0:51 Sat 09-12-06 <br/> 
0:59 Sat 09-12-06 <br/> 
4:19 Sat 09-12-06 <br/> 
4:23 Sat 09-12-06 <br/> 
12:31 Sat 09-12-06 <br/> 
13:09 Sat 09-12-06 <br/> 
15:40 Sat 09-12-06 <br/> 
15:48 Sat 09-12-06 <br/> 
16:17 Sat 09-12-06 <br/> 
19:59 Sat 09-12-06 <br/> 
21:06 Sat 09-12-06 <br/> 
21:46 Sat 09-12-06 <br/> 
4:23 Sun 10-12-06 <br/> 
15:14 Sun 10-12-06 <br/> 
17:41 Sun 10-12-06 <br/> 
22:01 Sun 10-12-06 <br/> 
1:34 Mon 11-12-06 <br/> 
4:26 Mon 11-12-06 <br/> 
15:11 Mon 11-12-06 <br/> 
15:36 Mon 11-12-06 <br/> 
4:27 Tue 12-12-06 <br/> 
6:04 Tue 12-12-06 <br/> 
7:57 Tue 12-12-06 <br/> 
9:17 Tue 12-12-06 <br/> 
10:36 Tue 12-12-06 <br/> 
10:37 Tue 12-12-06 <br/> 
12:07 Tue 12-12-06 <br/> 
13:10 Tue 12-12-06 <br/> 
13:11 Tue 12-12-06 <br/> 
13:11 Tue 12-12-06 <br/> 
15:24 Tue 12-12-06 <br/> 
15:36 Tue 12-12-06 <br/> 
15:44 Tue 12-12-06 <br/> 
15:56 Tue 12-12-06 <br/> 
16:40 Tue 12-12-06 <br/> 
18:46 Tue 12-12-06 <br/> 
20:27 Tue 12-12-06 <br/> 
21:32 Tue 12-12-06 <br/> 
0:09 Wed 13-12-06 <br/> 
0:55 Wed 13-12-06 <br/> 
4:27 Wed 13-12-06 <br/> 
15:45 Wed 13-12-06 <br/> 
17:48 Wed 13-12-06 <br/> 
18:36 Wed 13-12-06 <br/> 
20:49 Wed 13-12-06 <br/> 
21:09 Wed 13-12-06 <br/> 
0:02 Thu 14-12-06 <br/> 
4:28 Thu 14-12-06 <br/> 
7:38 Thu 14-12-06 <br/> 
8:18 Thu 14-12-06 <br/> 
11:36 Thu 14-12-06 <br/> 
11:38 Thu 14-12-06 <br/> 
18:37 Thu 14-12-06 <br/> 
18:57 Thu 14-12-06 <br/> 
19:29 Thu 14-12-06 <br/> 
0:24 Fri 15-12-06 <br/> 
0:30 Fri 15-12-06 <br/> 
0:30 Fri 15-12-06 <br/> 
4:01 Fri 15-12-06 <br/> 
4:29 Fri 15-12-06 <br/> 
13:18 Fri 15-12-06 <br/> 
20:51 Fri 15-12-06 <br/> 
23:38 Fri 15-12-06 <br/> 
4:30 Sat 16-12-06 <br/> 
8:05 Sat 16-12-06 <br/> 
9:03 Sat 16-12-06 <br/> 
10:44 Sat 16-12-06 <br/> 
12:20 Sat 16-12-06 <br/> 
15:54 Sat 16-12-06 <br/> 
18:01 Sat 16-12-06 <br/> 
20:00 Sat 16-12-06 <br/> 
21:10 Sat 16-12-06 <br/> 
22:35 Sat 16-12-06 <br/> 
23:20 Sat 16-12-06 <br/> 
23:20 Sat 16-12-06 <br/> 
3:00 Sun 17-12-06 <br/> 
4:30 Sun 17-12-06 <br/> 
5:24 Sun 17-12-06 <br/> 
6:51 Sun 17-12-06 <br/> 
8:37 Sun 17-12-06 <br/> 
9:04 Sun 17-12-06 <br/> 
9:51 Sun 17-12-06 <br/> 
12:48 Sun 17-12-06 <br/> 
13:06 Sun 17-12-06 <br/> 
15:09 Sun 17-12-06 <br/> 
15:53 Sun 17-12-06 <br/> 
16:03 Sun 17-12-06 <br/> 
19:04 Sun 17-12-06 <br/> 
0:58 Mon 18-12-06 <br/> 
2:51 Mon 18-12-06 <br/> 
4:12 Mon 18-12-06 <br/> 
4:31 Mon 18-12-06 <br/> 
8:01 Mon 18-12-06 <br/> 
8:25 Mon 18-12-06 <br/> 
9:15 Mon 18-12-06 <br/> 
9:48 Mon 18-12-06 <br/> 
13:40 Mon 18-12-06 <br/> 
16:35 Mon 18-12-06 <br/> 
18:07 Mon 18-12-06 <br/> 
19:46 Mon 18-12-06 <br/> 
20:13 Mon 18-12-06 <br/> 
20:34 Mon 18-12-06 <br/> 
21:15 Mon 18-12-06 <br/> 
21:38 Mon 18-12-06 <br/> 
22:58 Mon 18-12-06 <br/> 
0:37 Tue 19-12-06 <br/> 
4:31 Tue 19-12-06 <br/> 
6:09 Tue 19-12-06 <br/> 
11:54 Tue 19-12-06 <br/> 
15:45 Tue 19-12-06 <br/> 
17:25 Tue 19-12-06 <br/> 
18:29 Tue 19-12-06 <br/> 
19:06 Tue 19-12-06 <br/> 
20:01 Tue 19-12-06 <br/> 
4:32 Wed 20-12-06 <br/> 
6:28 Wed 20-12-06 <br/> 
7:18 Wed 20-12-06 <br/> 
8:42 Wed 20-12-06 <br/> 
11:16 Wed 20-12-06 <br/> 
11:41 Wed 20-12-06 <br/> 
12:02 Wed 20-12-06 <br/> 
19:50 Wed 20-12-06 <br/> 
20:19 Wed 20-12-06 <br/> 
22:25 Wed 20-12-06 <br/> 
22:31 Wed 20-12-06 <br/> 
4:32 Thu 21-12-06 <br/> 
6:08 Thu 21-12-06 <br/> 
7:54 Thu 21-12-06 <br/> 
8:08 Thu 21-12-06 <br/> 
8:27 Thu 21-12-06 <br/> 
8:45 Thu 21-12-06 <br/> 
9:40 Thu 21-12-06 <br/> 
16:17 Thu 21-12-06 <br/> 
19:41 Thu 21-12-06 <br/> 
1:02 Fri 22-12-06 <br/> 
3:01 Fri 22-12-06 <br/> 
4:33 Fri 22-12-06 <br/> 
8:50 Fri 22-12-06 <br/> 
11:16 Fri 22-12-06 <br/> 
15:38 Fri 22-12-06 <br/> 
17:37 Fri 22-12-06 <br/> 
22:38 Fri 22-12-06 <br/> 
22:54 Fri 22-12-06 <br/> 
4:33 Sat 23-12-06 <br/> 
9:01 Sat 23-12-06 <br/> 
9:08 Sat 23-12-06 <br/> 
12:19 Sat 23-12-06 <br/> 
15:19 Sat 23-12-06 <br/> 
15:29 Sat 23-12-06 <br/> 
16:00 Sat 23-12-06 <br/> 
16:32 Sat 23-12-06 <br/> 
18:14 Sat 23-12-06 <br/> 
19:13 Sat 23-12-06 <br/> 
19:37 Sat 23-12-06 <br/> 
20:21 Sat 23-12-06 <br/> 
4:33 Sun 24-12-06 <br/> 
6:00 Sun 24-12-06 <br/> 
8:05 Sun 24-12-06 <br/> 
12:47 Sun 24-12-06 <br/> 
13:08 Sun 24-12-06 <br/> 
15:33 Sun 24-12-06 <br/> 
16:48 Sun 24-12-06 <br/> 
17:28 Sun 24-12-06 <br/> 
19:08 Sun 24-12-06 <br/> 
19:25 Sun 24-12-06 <br/> 
23:35 Sun 24-12-06 <br/> 
2:34 Mon 25-12-06 <br/> 
4:34 Mon 25-12-06 <br/> 
7:58 Mon 25-12-06 <br/> 
10:24 Mon 25-12-06 <br/> 
11:08 Mon 25-12-06 <br/> 
11:11 Mon 25-12-06 <br/> 
11:22 Mon 25-12-06 <br/> 
11:53 Mon 25-12-06 <br/> 
16:06 Mon 25-12-06 <br/> 
18:21 Mon 25-12-06 <br/> 
19:34 Mon 25-12-06 <br/> 
23:41 Mon 25-12-06 <br/> 
0:36 Tue 26-12-06 <br/> 
4:34 Tue 26-12-06 <br/> 
4:57 Tue 26-12-06 <br/> 
6:21 Tue 26-12-06 <br/> 
6:22 Tue 26-12-06 <br/> 
7:40 Tue 26-12-06 <br/> 
7:48 Tue 26-12-06 <br/> 
8:47 Tue 26-12-06 <br/> 
9:50 Tue 26-12-06 <br/> 
9:50 Tue 26-12-06 <br/> 
10:03 Tue 26-12-06 <br/> 
10:17 Tue 26-12-06 <br/> 
10:35 Tue 26-12-06 <br/> 
10:47 Tue 26-12-06 <br/> 
10:52 Tue 26-12-06 <br/> 
11:00 Tue 26-12-06 <br/> 
11:08 Tue 26-12-06 <br/> 
11:46 Tue 26-12-06 <br/> 
12:37 Tue 26-12-06 <br/> 
1:14 Wed 27-12-06 <br/> 
1:27 Wed 27-12-06 <br/> 
1:47 Wed 27-12-06 <br/> 
2:28 Wed 27-12-06 <br/> 
2:59 Wed 27-12-06 <br/> 
3:42 Wed 27-12-06 <br/> 
4:20 Wed 27-12-06 <br/> 
4:35 Wed 27-12-06 <br/> 
4:36 Wed 27-12-06 <br/> 
4:41 Wed 27-12-06 <br/> 
5:32 Wed 27-12-06 <br/> 
5:39 Wed 27-12-06 <br/> 
5:55 Wed 27-12-06 <br/> 
6:25 Wed 27-12-06 <br/> 
6:32 Wed 27-12-06 <br/> 
6:38 Wed 27-12-06 <br/> 
6:43 Wed 27-12-06 <br/> 
6:45 Wed 27-12-06 <br/> 
6:54 Wed 27-12-06 <br/> 
7:01 Wed 27-12-06 <br/> 
7:07 Wed 27-12-06 <br/> 
7:09 Wed 27-12-06 <br/> 
7:16 Wed 27-12-06 <br/> 
7:21 Wed 27-12-06 <br/> 
7:30 Wed 27-12-06 <br/> 
7:35 Wed 27-12-06 <br/> 
7:35 Wed 27-12-06 <br/> 
7:39 Wed 27-12-06 <br/> 
7:39 Wed 27-12-06 <br/> 
7:46 Wed 27-12-06 <br/> 
7:47 Wed 27-12-06 <br/> 
7:55 Wed 27-12-06 <br/> 
7:58 Wed 27-12-06 <br/> 
7:58 Wed 27-12-06 <br/> 
8:41 Wed 27-12-06 <br/> 
8:47 Wed 27-12-06 <br/> 
8:57 Wed 27-12-06 <br/> 
9:26 Wed 27-12-06 <br/> 
9:27 Wed 27-12-06 <br/> 
9:35 Wed 27-12-06 <br/> 
9:38 Wed 27-12-06 <br/> 
10:03 Wed 27-12-06 <br/> 
10:09 Wed 27-12-06 <br/> 
10:44 Wed 27-12-06 <br/> 
10:47 Wed 27-12-06 <br/> 
10:58 Wed 27-12-06 <br/> 
12:12 Wed 27-12-06 <br/> 
12:24 Wed 27-12-06 <br/> 
13:20 Wed 27-12-06 <br/> 
13:28 Wed 27-12-06 <br/> 
13:43 Wed 27-12-06 <br/> 
13:51 Wed 27-12-06 <br/> 
14:00 Wed 27-12-06 <br/> 
14:15 Wed 27-12-06 <br/> 
14:30 Wed 27-12-06 <br/> 
15:10 Wed 27-12-06 <br/> 
15:27 Wed 27-12-06 <br/> 
16:05 Wed 27-12-06 <br/> 
16:14 Wed 27-12-06 <br/> 
16:30 Wed 27-12-06 <br/> 
16:50 Wed 27-12-06 <br/> 
17:19 Wed 27-12-06 <br/> 
17:23 Wed 27-12-06 <br/> 
17:49 Wed 27-12-06 <br/> 
17:56 Wed 27-12-06 <br/> 
18:14 Wed 27-12-06 <br/> 
18:28 Wed 27-12-06 <br/> 
18:38 Wed 27-12-06 <br/> 
19:06 Wed 27-12-06 <br/> 
19:15 Wed 27-12-06 <br/> 
19:20 Wed 27-12-06 <br/> 
19:28 Wed 27-12-06 <br/> 
19:29 Wed 27-12-06 <br/> 
19:33 Wed 27-12-06 <br/> 
19:39 Wed 27-12-06 <br/> 
19:47 Wed 27-12-06 <br/> 
19:49 Wed 27-12-06 <br/> 
19:53 Wed 27-12-06 <br/> 
20:14 Wed 27-12-06 <br/> 
20:21 Wed 27-12-06 <br/> 
20:51 Wed 27-12-06 <br/> 
21:21 Wed 27-12-06 <br/> 
21:45 Wed 27-12-06 <br/> 
22:05 Wed 27-12-06 <br/> 
22:27 Wed 27-12-06 <br/> 
22:28 Wed 27-12-06 <br/> 
22:46 Wed 27-12-06 <br/> 
23:16 Wed 27-12-06 <br/> 
23:25 Wed 27-12-06 <br/> 
23:41 Wed 27-12-06 <br/> 
23:52 Wed 27-12-06 <br/> 
23:52 Wed 27-12-06 <br/> 
23:55 Wed 27-12-06 <br/> 
0:15 Thu 28-12-06 <br/> 
1:08 Thu 28-12-06 <br/> 
2:55 Thu 28-12-06 <br/> 
3:13 Thu 28-12-06 <br/> 
4:35 Thu 28-12-06 <br/> 
6:16 Thu 28-12-06 <br/> 
6:57 Thu 28-12-06 <br/> 
8:06 Thu 28-12-06 <br/> 
8:12 Thu 28-12-06 <br/> 
8:15 Thu 28-12-06 <br/> 
8:46 Thu 28-12-06 <br/> 
9:15 Thu 28-12-06 <br/> 
9:40 Thu 28-12-06 <br/> 
9:56 Thu 28-12-06 <br/> 
11:02 Thu 28-12-06 <br/> 
11:25 Thu 28-12-06 <br/> 
12:44 Thu 28-12-06 <br/> 
13:49 Thu 28-12-06 <br/> 
14:55 Thu 28-12-06 <br/> 
15:53 Thu 28-12-06 <br/> 
16:25 Thu 28-12-06 <br/> 
16:44 Thu 28-12-06 <br/> 
16:50 Thu 28-12-06 <br/> 
16:58 Thu 28-12-06 <br/> 
17:18 Thu 28-12-06 <br/> 
17:57 Thu 28-12-06 <br/> 
18:39 Thu 28-12-06 <br/> 
18:52 Thu 28-12-06 <br/> 
20:03 Thu 28-12-06 <br/> 
22:26 Thu 28-12-06 <br/> 
23:31 Thu 28-12-06 <br/> 
0:42 Fri 29-12-06 <br/> 
3:51 Fri 29-12-06 <br/> 
4:36 Fri 29-12-06 <br/> 
8:48 Fri 29-12-06 <br/> 
8:57 Fri 29-12-06 <br/> 
13:56 Fri 29-12-06 <br/> 
16:02 Fri 29-12-06 <br/> 
16:36 Fri 29-12-06 <br/> 
16:57 Fri 29-12-06 <br/> 
16:58 Fri 29-12-06 <br/> 
19:32 Fri 29-12-06 <br/> 
20:50 Fri 29-12-06 <br/> 
22:35 Fri 29-12-06 <br/> 
22:55 Fri 29-12-06 <br/> 
23:34 Fri 29-12-06 <br/> 
23:42 Fri 29-12-06 <br/> 
0:16 Sat 30-12-06 <br/> 
3:02 Sat 30-12-06 <br/> 
4:58 Sat 30-12-06 <br/> 
5:46 Sat 30-12-06 <br/> 
5:54 Sat 30-12-06 <br/> 
6:50 Sat 30-12-06 <br/> 
7:05 Sat 30-12-06 <br/> 
7:57 Sat 30-12-06 <br/> 
11:03 Sat 30-12-06 <br/> 
11:11 Sat 30-12-06 <br/> 
12:53 Sat 30-12-06 <br/> 
13:46 Sat 30-12-06 <br/> 
13:55 Sat 30-12-06 <br/> 
19:11 Sat 30-12-06 <br/> 
0:57 Sun 31-12-06 <br/> 
3:05 Sun 31-12-06 <br/> 
3:09 Sun 31-12-06 <br/> 
3:14 Sun 31-12-06 <br/> 
3:37 Sun 31-12-06 <br/> 
5:22 Sun 31-12-06 <br/> 
7:05 Sun 31-12-06 <br/> 
8:12 Sun 31-12-06 <br/> 
11:37 Sun 31-12-06 <br/> 
12:00 Sun 31-12-06 <br/> 
12:46 Sun 31-12-06 <br/> 
12:55 Sun 31-12-06 <br/> 
13:09 Sun 31-12-06 <br/> 
13:23 Sun 31-12-06 <br/> 
14:27 Sun 31-12-06 <br/> 
14:30 Sun 31-12-06 <br/> 
14:39 Sun 31-12-06 <br/> 
14:57 Sun 31-12-06 <br/> 
14:58 Sun 31-12-06 <br/> 
15:04 Sun 31-12-06 <br/> 
17:30 Sun 31-12-06 <br/> 
22:43 Sun 31-12-06 <br/> 
0:07 Mon 01-01-07 <br/> 
3:54 Mon 01-01-07 <br/> 
4:57 Mon 01-01-07 <br/> 
7:06 Mon 01-01-07 <br/> 
9:31 Mon 01-01-07 <br/> 
11:48 Mon 01-01-07 <br/> 
14:11 Mon 01-01-07 <br/> 
15:45 Mon 01-01-07 <br/> 
18:17 Mon 01-01-07 <br/> 
19:13 Mon 01-01-07 <br/> 
19:35 Mon 01-01-07 <br/> 
19:49 Mon 01-01-07 <br/> 
1:58 Tue 02-01-07 <br/> 
7:09 Tue 02-01-07 <br/> 
7:23 Tue 02-01-07 <br/> 
10:06 Tue 02-01-07 <br/> 
10:07 Tue 02-01-07 <br/> 
12:24 Tue 02-01-07 <br/> 
12:25 Tue 02-01-07 <br/> 
14:36 Tue 02-01-07 <br/> 
16:32 Tue 02-01-07 <br/> 
18:25 Tue 02-01-07 <br/> 
19:33 Tue 02-01-07 <br/> 
21:04 Tue 02-01-07 <br/> 
22:38 Tue 02-01-07 <br/> 
3:13 Wed 03-01-07 <br/> 
7:14 Wed 03-01-07 <br/> 
8:09 Wed 03-01-07 <br/> 
8:51 Wed 03-01-07 <br/> 
13:56 Wed 03-01-07 <br/> 
18:09 Wed 03-01-07 <br/> 
19:39 Wed 03-01-07 <br/> 
19:43 Wed 03-01-07 <br/> 
20:12 Wed 03-01-07 <br/> 
21:21 Wed 03-01-07 <br/> 
1:59 Thu 04-01-07 <br/> 
3:19 Thu 04-01-07 <br/> 
3:57 Thu 04-01-07 <br/> 
4:05 Thu 04-01-07 <br/> 
7:17 Thu 04-01-07 <br/> 
10:17 Thu 04-01-07 <br/> 
11:52 Thu 04-01-07 <br/> 
15:45 Thu 04-01-07 <br/> 
18:07 Thu 04-01-07 <br/> 
21:10 Thu 04-01-07 <br/> 
0:14 Fri 05-01-07 <br/> 
2:31 Fri 05-01-07 <br/> 
3:54 Fri 05-01-07 <br/> 
4:57 Fri 05-01-07 <br/> 
7:25 Fri 05-01-07 <br/> 
11:03 Fri 05-01-07 <br/> 
11:47 Fri 05-01-07 <br/> 
13:18 Fri 05-01-07 <br/> 
13:34 Fri 05-01-07 <br/> 
15:03 Fri 05-01-07 <br/> 
16:58 Fri 05-01-07 <br/> 
18:00 Fri 05-01-07 <br/> 
18:18 Fri 05-01-07 <br/> 
18:27 Fri 05-01-07 <br/> 
18:40 Fri 05-01-07 <br/> 
19:01 Fri 05-01-07 <br/> 
20:08 Fri 05-01-07 <br/> 
20:49 Fri 05-01-07 <br/> 
21:01 Fri 05-01-07 <br/> 
21:25 Fri 05-01-07 <br/> 
21:44 Fri 05-01-07 <br/> 
23:07 Fri 05-01-07 <br/> 
0:42 Sat 06-01-07 <br/> 
1:19 Sat 06-01-07 <br/> 
1:20 Sat 06-01-07 <br/> 
3:51 Sat 06-01-07 <br/> 
8:10 Sat 06-01-07 <br/> 
10:13 Sat 06-01-07 <br/> 
10:41 Sat 06-01-07 <br/> 
11:22 Sat 06-01-07 <br/> 
15:01 Sat 06-01-07 <br/> 
15:05 Sat 06-01-07 <br/> 
15:45 Sat 06-01-07 <br/> 
16:09 Sat 06-01-07 <br/> 
17:20 Sat 06-01-07 <br/> 
17:56 Sat 06-01-07 <br/> 
20:10 Sat 06-01-07 <br/> 
22:05 Sat 06-01-07 <br/> 
22:26 Sat 06-01-07 <br/> 
0:26 Sun 07-01-07 <br/> 
0:39 Sun 07-01-07 <br/> 
0:40 Sun 07-01-07 <br/> 
1:19 Sun 07-01-07 <br/> 
2:03 Sun 07-01-07 <br/> 
2:42 Sun 07-01-07 <br/> 
5:04 Sun 07-01-07 <br/> 
5:26 Sun 07-01-07 <br/> 
5:51 Sun 07-01-07 <br/> 
7:54 Sun 07-01-07 <br/> 
8:04 Sun 07-01-07 <br/> 
8:20 Sun 07-01-07 <br/> 
9:08 Sun 07-01-07 <br/> 
10:08 Sun 07-01-07 <br/> 
14:05 Sun 07-01-07 <br/> 
14:12 Sun 07-01-07 <br/> 
14:43 Sun 07-01-07 <br/> 
15:35 Sun 07-01-07 <br/> 
0:57 Mon 08-01-07 <br/> 
1:37 Mon 08-01-07 <br/> 
8:21 Mon 08-01-07 <br/> 
14:07 Mon 08-01-07 <br/> 
14:26 Mon 08-01-07 <br/> 
20:07 Mon 08-01-07 <br/> 
21:37 Mon 08-01-07 <br/> 
1:14 Tue 09-01-07 <br/> 
7:42 Tue 09-01-07 <br/> 
8:21 Tue 09-01-07 <br/> 
19:47 Tue 09-01-07 <br/> 
21:05 Tue 09-01-07 <br/> 
23:06 Tue 09-01-07 <br/> 
0:28 Wed 10-01-07 <br/> 
2:08 Wed 10-01-07 <br/> 
8:22 Wed 10-01-07 <br/> 
22:20 Wed 10-01-07 <br/> 
23:29 Wed 10-01-07 <br/> 
23:57 Wed 10-01-07 <br/> 
0:59 Thu 11-01-07 <br/> 
1:08 Thu 11-01-07 <br/> 
8:28 Thu 11-01-07 <br/> 
9:35 Thu 11-01-07 <br/> 
9:48 Thu 11-01-07 <br/> 
16:39 Thu 11-01-07 <br/> 
21:12 Thu 11-01-07 <br/> 
22:15 Thu 11-01-07 <br/> 
22:45 Thu 11-01-07 <br/> 
1:49 Fri 12-01-07 <br/> 
4:19 Fri 12-01-07 <br/> 
5:20 Fri 12-01-07 <br/> 
7:48 Fri 12-01-07 <br/> 
8:29 Fri 12-01-07 <br/> 
14:20 Fri 12-01-07 <br/> 
19:58 Fri 12-01-07 <br/> 
20:01 Fri 12-01-07 <br/> 
20:02 Fri 12-01-07 <br/> 
21:15 Fri 12-01-07 <br/> 
4:42 Sat 13-01-07 <br/> 
8:29 Sat 13-01-07 <br/> 
18:43 Sat 13-01-07 <br/> 
1:29 Sun 14-01-07 <br/> 
2:00 Sun 14-01-07 <br/> 
8:36 Sun 14-01-07 <br/> 
12:19 Sun 14-01-07 <br/> 
14:50 Sun 14-01-07 <br/> 
17:03 Sun 14-01-07 <br/> 
22:12 Sun 14-01-07 <br/> 
0:59 Mon 15-01-07 <br/> 
2:37 Mon 15-01-07 <br/> 
9:10 Mon 15-01-07 <br/> 
9:39 Mon 15-01-07 <br/> 
10:01 Mon 15-01-07 <br/> 
10:20 Mon 15-01-07 <br/> 
21:58 Mon 15-01-07 <br/> 
22:59 Mon 15-01-07 <br/> 
23:22 Mon 15-01-07 <br/> 
7:41 Tue 16-01-07 <br/> 
9:36 Tue 16-01-07 <br/> 
10:31 Tue 16-01-07 <br/> 
11:04 Tue 16-01-07 <br/> 
15:13 Tue 16-01-07 <br/> 
15:29 Tue 16-01-07 <br/> 
21:57 Tue 16-01-07 <br/> 
2:08 Wed 17-01-07 <br/> 
2:31 Wed 17-01-07 <br/> 
9:45 Wed 17-01-07 <br/> 
9:48 Wed 17-01-07 <br/> 
10:18 Wed 17-01-07 <br/> 
21:39 Wed 17-01-07 <br/> 
1:34 Thu 18-01-07 <br/> 
1:36 Thu 18-01-07 <br/> 
9:46 Thu 18-01-07 <br/> 
18:34 Thu 18-01-07 <br/> 
19:17 Thu 18-01-07 <br/> 
22:29 Thu 18-01-07 <br/> 
22:48 Thu 18-01-07 <br/> 
0:26 Fri 19-01-07 <br/> 
1:51 Fri 19-01-07 <br/> 
3:43 Fri 19-01-07 <br/> 
9:56 Fri 19-01-07 <br/> 
12:12 Fri 19-01-07 <br/> 
18:47 Fri 19-01-07 <br/> 
18:55 Fri 19-01-07 <br/> 
20:26 Fri 19-01-07 <br/> 
22:20 Fri 19-01-07 <br/> 
1:41 Sat 20-01-07 <br/> 
1:41 Sat 20-01-07 <br/> 
6:17 Sat 20-01-07 <br/> 
6:58 Sat 20-01-07 <br/> 
7:24 Sat 20-01-07 <br/> 
8:05 Sat 20-01-07 <br/> 
8:21 Sat 20-01-07 <br/> 
8:25 Sat 20-01-07 <br/> 
9:24 Sat 20-01-07 <br/> 
9:56 Sat 20-01-07 <br/> 
10:52 Sat 20-01-07 <br/> 
12:25 Sat 20-01-07 <br/> 
13:49 Sat 20-01-07 <br/> 
14:13 Sat 20-01-07 <br/> 
14:59 Sat 20-01-07 <br/> 
15:26 Sat 20-01-07 <br/> 
15:45 Sat 20-01-07 <br/> 
15:45 Sat 20-01-07 <br/> 
16:30 Sat 20-01-07 <br/> 
16:37 Sat 20-01-07 <br/> 
16:55 Sat 20-01-07 <br/> 
17:18 Sat 20-01-07 <br/> 
19:01 Sat 20-01-07 <br/> 
19:29 Sat 20-01-07 <br/> 
19:47 Sat 20-01-07 <br/> 
19:59 Sat 20-01-07 <br/> 
20:18 Sat 20-01-07 <br/> 
20:21 Sat 20-01-07 <br/> 
20:38 Sat 20-01-07 <br/> 
20:39 Sat 20-01-07 <br/> 
20:54 Sat 20-01-07 <br/> 
21:06 Sat 20-01-07 <br/> 
21:23 Sat 20-01-07 <br/> 
21:34 Sat 20-01-07 <br/> 
21:53 Sat 20-01-07 <br/> 
21:57 Sat 20-01-07 <br/> 
22:20 Sat 20-01-07 <br/> 
22:24 Sat 20-01-07 <br/> 
22:46 Sat 20-01-07 <br/> 
23:10 Sat 20-01-07 <br/> 
0:20 Sun 21-01-07 <br/> 
0:37 Sun 21-01-07 <br/> 
4:38 Sun 21-01-07 <br/> 
7:20 Sun 21-01-07 <br/> 
8:22 Sun 21-01-07 <br/> 
8:37 Sun 21-01-07 <br/> 
8:45 Sun 21-01-07 <br/> 
9:46 Sun 21-01-07 <br/> 
10:08 Sun 21-01-07 <br/> 
12:01 Sun 21-01-07 <br/> 
14:18 Sun 21-01-07 <br/> 
14:39 Sun 21-01-07 <br/> 
16:48 Sun 21-01-07 <br/> 
18:31 Sun 21-01-07 <br/> 
19:16 Sun 21-01-07 <br/> 
21:11 Sun 21-01-07 <br/> 
21:38 Sun 21-01-07 <br/> 
22:14 Sun 21-01-07 <br/> 
23:16 Sun 21-01-07 <br/> 
23:30 Sun 21-01-07 <br/> 
2:53 Mon 22-01-07 <br/> 
3:22 Mon 22-01-07 <br/> 
4:31 Mon 22-01-07 <br/> 
5:04 Mon 22-01-07 <br/> 
8:30 Mon 22-01-07 <br/> 
9:04 Mon 22-01-07 <br/> 
14:42 Mon 22-01-07 <br/> 
16:32 Mon 22-01-07 <br/> 
16:59 Mon 22-01-07 <br/> 
20:21 Mon 22-01-07 <br/> 
22:21 Mon 22-01-07 <br/> 
23:52 Mon 22-01-07 <br/> 
2:44 Tue 23-01-07 <br/> 
4:11 Tue 23-01-07 <br/> 
10:13 Tue 23-01-07 <br/> 
11:16 Tue 23-01-07 <br/> 
11:18 Tue 23-01-07 <br/> 
15:32 Tue 23-01-07 <br/> 
15:40 Tue 23-01-07 <br/> 
18:03 Tue 23-01-07 <br/> 
18:54 Tue 23-01-07 <br/> 
19:01 Tue 23-01-07 <br/> 
22:16 Tue 23-01-07 <br/> 
22:37 Tue 23-01-07 <br/> 
23:04 Tue 23-01-07 <br/> 
23:04 Tue 23-01-07 <br/> 
0:11 Wed 24-01-07 <br/> 
3:15 Wed 24-01-07 <br/> 
3:39 Wed 24-01-07 <br/> 
11:56 Wed 24-01-07 <br/> 
12:49 Wed 24-01-07 <br/> 
22:50 Wed 24-01-07 <br/> 
22:52 Wed 24-01-07 <br/> 
23:49 Wed 24-01-07 <br/> 
2:01 Thu 25-01-07 <br/> 
5:18 Thu 25-01-07 <br/> 
10:25 Thu 25-01-07 <br/> 
18:24 Thu 25-01-07 <br/> 
20:02 Thu 25-01-07 <br/> 
22:25 Thu 25-01-07 <br/> 
22:59 Thu 25-01-07 <br/> 
2:12 Fri 26-01-07 <br/> 
14:20 Fri 26-01-07 <br/> 
14:38 Fri 26-01-07 <br/> 
22:49 Fri 26-01-07 <br/> 
23:02 Fri 26-01-07 <br/> 
23:26 Fri 26-01-07 <br/> 
0:33 Sat 27-01-07 <br/> 
7:29 Sat 27-01-07 <br/> 
7:42 Sat 27-01-07 <br/> 
8:47 Sat 27-01-07 <br/> 
9:07 Sat 27-01-07 <br/> 
18:03 Sat 27-01-07 <br/> 
18:13 Sat 27-01-07 <br/> 
22:34 Sat 27-01-07 <br/> 
23:10 Sat 27-01-07 <br/> 
1:48 Sun 28-01-07 <br/> 
3:50 Sun 28-01-07 <br/> 
6:52 Sun 28-01-07 <br/> 
13:54 Sun 28-01-07 <br/> 
14:22 Sun 28-01-07 <br/> 
14:23 Sun 28-01-07 <br/> 
18:09 Sun 28-01-07 <br/> 
21:32 Sun 28-01-07 <br/> 
22:28 Sun 28-01-07 <br/> 
23:32 Sun 28-01-07 <br/> 
23:33 Sun 28-01-07 <br/> 
0:13 Mon 29-01-07 <br/> 
0:38 Mon 29-01-07 <br/> 
0:45 Mon 29-01-07 <br/> 
2:56 Mon 29-01-07 <br/> 
3:15 Mon 29-01-07 <br/> 
4:25 Mon 29-01-07 <br/> 
5:17 Mon 29-01-07 <br/> 
5:29 Mon 29-01-07 <br/> 
8:01 Mon 29-01-07 <br/> 
12:05 Mon 29-01-07 <br/> 
12:56 Mon 29-01-07 <br/> 
17:24 Mon 29-01-07 <br/> 
21:07 Mon 29-01-07 <br/> 
23:34 Mon 29-01-07 <br/> 
2:53 Tue 30-01-07 <br/> 
4:01 Tue 30-01-07 <br/> 
4:22 Tue 30-01-07 <br/> 
5:36 Tue 30-01-07 <br/> 
6:46 Tue 30-01-07 <br/> 
6:55 Tue 30-01-07 <br/> 
9:26 Tue 30-01-07 <br/> 
9:26 Tue 30-01-07 <br/> 
12:52 Tue 30-01-07 <br/> 
13:06 Tue 30-01-07 <br/> 
20:16 Tue 30-01-07 <br/> 
22:50 Tue 30-01-07 <br/> 
0:56 Wed 31-01-07 <br/> 
2:04 Wed 31-01-07 <br/> 
2:20 Wed 31-01-07 <br/> 
2:57 Wed 31-01-07 <br/> 
5:29 Wed 31-01-07 <br/> 
7:28 Wed 31-01-07 <br/> 
8:11 Wed 31-01-07 <br/> 
8:38 Wed 31-01-07 <br/> 
10:13 Wed 31-01-07 <br/> 
10:56 Wed 31-01-07 <br/> 
16:31 Wed 31-01-07 <br/> 
20:16 Wed 31-01-07 <br/> 
20:35 Wed 31-01-07 <br/> 
21:22 Wed 31-01-07 <br/> 
21:23 Wed 31-01-07 <br/> 
23:55 Wed 31-01-07 <br/> 
0:04 Thu 01-02-07 <br/> 
2:08 Thu 01-02-07 <br/> 
4:39 Thu 01-02-07 <br/> 
5:56 Thu 01-02-07 <br/> 
6:27 Thu 01-02-07 <br/> 
8:07 Thu 01-02-07 <br/> 
13:45 Thu 01-02-07 <br/> 
19:08 Thu 01-02-07 <br/> 
0:38 Fri 02-02-07 <br/> 
0:41 Fri 02-02-07 <br/> 
0:54 Fri 02-02-07 <br/> 
1:17 Fri 02-02-07 <br/> 
3:02 Fri 02-02-07 <br/> 
3:33 Fri 02-02-07 <br/> 
6:57 Fri 02-02-07 <br/> 
7:53 Fri 02-02-07 <br/> 
8:15 Fri 02-02-07 <br/> 
14:24 Fri 02-02-07 <br/> 
15:20 Fri 02-02-07 <br/> 
18:45 Fri 02-02-07 <br/> 
22:56 Fri 02-02-07 <br/> 
23:22 Fri 02-02-07 <br/> 
23:27 Fri 02-02-07 <br/> 
0:13 Sat 03-02-07 <br/> 
6:08 Sat 03-02-07 <br/> 
8:44 Sat 03-02-07 <br/> 
9:34 Sat 03-02-07 <br/> 
11:37 Sat 03-02-07 <br/> 
12:43 Sat 03-02-07 <br/> 
13:16 Sat 03-02-07 <br/> 
13:30 Sat 03-02-07 <br/> 
13:49 Sat 03-02-07 <br/> 
14:07 Sat 03-02-07 <br/> 
14:53 Sat 03-02-07 <br/> 
15:11 Sat 03-02-07 <br/> 
16:36 Sat 03-02-07 <br/> 
16:47 Sat 03-02-07 <br/> 
17:32 Sat 03-02-07 <br/> 
17:54 Sat 03-02-07 <br/> 
17:56 Sat 03-02-07 <br/> 
17:58 Sat 03-02-07 <br/> 
18:05 Sat 03-02-07 <br/> 
18:19 Sat 03-02-07 <br/> 
18:37 Sat 03-02-07 <br/> 
18:43 Sat 03-02-07 <br/> 
18:51 Sat 03-02-07 <br/> 
18:59 Sat 03-02-07 <br/> 
20:28 Sat 03-02-07 <br/> 
21:45 Sat 03-02-07 <br/> 
22:15 Sat 03-02-07 <br/> 
23:04 Sat 03-02-07 <br/> 
23:14 Sat 03-02-07 <br/> 
23:42 Sat 03-02-07 <br/> 
23:43 Sat 03-02-07 <br/> 
23:59 Sat 03-02-07 <br/> 
0:00 Sun 04-02-07 <br/> 
0:08 Sun 04-02-07 <br/> 
0:09 Sun 04-02-07 <br/> 
1:30 Sun 04-02-07 <br/> 
1:58 Sun 04-02-07 <br/> 
2:12 Sun 04-02-07 <br/> 
2:19 Sun 04-02-07 <br/> 
2:40 Sun 04-02-07 <br/> 
3:07 Sun 04-02-07 <br/> 
3:12 Sun 04-02-07 <br/> 
7:28 Sun 04-02-07 <br/> 
7:53 Sun 04-02-07 <br/> 
8:44 Sun 04-02-07 <br/> 
9:37 Sun 04-02-07 <br/> 
10:11 Sun 04-02-07 <br/> 
11:10 Sun 04-02-07 <br/> 
11:40 Sun 04-02-07 <br/> 
13:07 Sun 04-02-07 <br/> 
13:19 Sun 04-02-07 <br/> 
15:19 Sun 04-02-07 <br/> 
15:24 Sun 04-02-07 <br/> 
16:06 Sun 04-02-07 <br/> 
17:45 Sun 04-02-07 <br/> 
18:27 Sun 04-02-07 <br/> 
21:17 Sun 04-02-07 <br/> 
22:39 Sun 04-02-07 <br/> 
23:20 Sun 04-02-07 <br/> 
0:18 Mon 05-02-07 <br/> 
0:58 Mon 05-02-07 <br/> 
1:49 Mon 05-02-07 <br/> 
3:07 Mon 05-02-07 <br/> 
6:51 Mon 05-02-07 <br/> 
10:11 Mon 05-02-07 <br/> 
10:22 Mon 05-02-07 <br/> 
14:58 Mon 05-02-07 <br/> 
15:20 Mon 05-02-07 <br/> 
15:23 Mon 05-02-07 <br/> 
16:04 Mon 05-02-07 <br/> 
16:59 Mon 05-02-07 <br/> 
18:58 Mon 05-02-07 <br/> 
19:08 Mon 05-02-07 <br/> 
19:42 Mon 05-02-07 <br/> 
20:30 Mon 05-02-07 <br/> 
0:37 Tue 06-02-07 <br/> 
0:59 Tue 06-02-07 <br/> 
1:21 Tue 06-02-07 <br/> 
6:39 Tue 06-02-07 <br/> 
6:41 Tue 06-02-07 <br/> 
9:39 Tue 06-02-07 <br/> 
12:53 Tue 06-02-07 <br/> 
14:12 Tue 06-02-07 <br/> 
17:24 Tue 06-02-07 <br/> 
18:15 Tue 06-02-07 <br/> 
20:31 Tue 06-02-07 <br/> 
20:47 Tue 06-02-07 <br/> 
20:53 Tue 06-02-07 <br/> 
22:56 Tue 06-02-07 <br/> 
23:26 Tue 06-02-07 <br/> 
2:43 Wed 07-02-07 <br/> 
6:01 Wed 07-02-07 <br/> 
7:10 Wed 07-02-07 <br/> 
9:35 Wed 07-02-07 <br/> 
10:52 Wed 07-02-07 <br/> 
11:04 Wed 07-02-07 <br/> 
14:18 Wed 07-02-07 <br/> 
15:31 Wed 07-02-07 <br/> 
0:16 Thu 08-02-07 <br/> 
0:45 Thu 08-02-07 <br/> 
2:01 Thu 08-02-07 <br/> 
2:47 Thu 08-02-07 <br/> 
4:40 Thu 08-02-07 <br/> 
5:22 Thu 08-02-07 <br/> 
5:47 Thu 08-02-07 <br/> 
6:37 Thu 08-02-07 <br/> 
12:45 Thu 08-02-07 <br/> 
13:27 Thu 08-02-07 <br/> 
14:18 Thu 08-02-07 <br/> 
16:50 Thu 08-02-07 <br/> 
17:41 Thu 08-02-07 <br/> 
22:40 Thu 08-02-07 <br/> 
22:55 Thu 08-02-07 <br/> 
2:41 Fri 09-02-07 <br/> 
3:17 Fri 09-02-07 <br/> 
5:01 Fri 09-02-07 <br/> 
5:32 Fri 09-02-07 <br/> 
5:33 Fri 09-02-07 <br/> 
8:05 Fri 09-02-07 <br/> 
8:42 Fri 09-02-07 <br/> 
9:48 Fri 09-02-07 <br/> 
14:06 Fri 09-02-07 <br/> 
17:53 Fri 09-02-07 <br/> 
18:34 Fri 09-02-07 <br/> 
21:10 Fri 09-02-07 <br/> 
22:16 Fri 09-02-07 <br/> 
22:46 Fri 09-02-07 <br/> 
3:11 Sat 10-02-07 <br/> 
3:19 Sat 10-02-07 <br/> 
4:20 Sat 10-02-07 <br/> 
5:41 Sat 10-02-07 <br/> 
7:14 Sat 10-02-07 <br/> 
7:58 Sat 10-02-07 <br/> 
8:16 Sat 10-02-07 <br/> 
15:47 Sat 10-02-07 <br/> 
19:35 Sat 10-02-07 <br/> 
2:04 Sun 11-02-07 <br/> 
2:06 Sun 11-02-07 <br/> 
3:10 Sun 11-02-07 <br/> 
3:28 Sun 11-02-07 <br/> 
5:10 Sun 11-02-07 <br/> 
5:22 Sun 11-02-07 <br/> 
16:05 Sun 11-02-07 <br/> 
18:21 Sun 11-02-07 <br/> 
0:04 Mon 12-02-07 <br/> 
0:15 Mon 12-02-07 <br/> 
0:16 Mon 12-02-07 <br/> 
0:19 Mon 12-02-07 <br/> 
0:26 Mon 12-02-07 <br/> 
1:51 Mon 12-02-07 <br/> 
2:32 Mon 12-02-07 <br/> 
4:03 Mon 12-02-07 <br/> 
10:09 Mon 12-02-07 <br/> 
10:40 Mon 12-02-07 <br/> 
12:51 Mon 12-02-07 <br/> 
12:51 Mon 12-02-07 <br/> 
18:13 Mon 12-02-07 <br/> 
22:16 Mon 12-02-07 <br/> 
1:29 Tue 13-02-07 <br/> 
2:12 Tue 13-02-07 <br/> 
3:19 Tue 13-02-07 <br/> 
4:25 Tue 13-02-07 <br/> 
5:39 Tue 13-02-07 <br/> 
6:42 Tue 13-02-07 <br/> 
11:48 Tue 13-02-07 <br/> 
14:43 Tue 13-02-07 <br/> 
14:59 Tue 13-02-07 <br/> 
15:09 Tue 13-02-07 <br/> 
15:09 Tue 13-02-07 <br/> 
17:21 Tue 13-02-07 <br/> 
17:50 Tue 13-02-07 <br/> 
1:17 Wed 14-02-07 <br/> 
2:57 Wed 14-02-07 <br/> 
3:30 Wed 14-02-07 <br/> 
8:37 Wed 14-02-07 <br/> 
8:45 Wed 14-02-07 <br/> 
9:52 Wed 14-02-07 <br/> 
11:35 Wed 14-02-07 <br/> 
12:12 Wed 14-02-07 <br/> 
17:27 Wed 14-02-07 <br/> 
18:40 Wed 14-02-07 <br/> 
1:16 Thu 15-02-07 <br/> 
3:10 Thu 15-02-07 <br/> 
5:04 Thu 15-02-07 <br/> 
10:30 Thu 15-02-07 <br/> 
10:44 Thu 15-02-07 <br/> 
17:28 Thu 15-02-07 <br/> 
19:24 Thu 15-02-07 <br/> 
20:14 Thu 15-02-07 <br/> 
20:24 Thu 15-02-07 <br/> 
21:43 Thu 15-02-07 <br/> 
22:24 Thu 15-02-07 <br/> 
23:08 Thu 15-02-07 <br/> 
23:43 Thu 15-02-07 <br/> 
0:23 Fri 16-02-07 <br/> 
0:26 Fri 16-02-07 <br/> 
1:09 Fri 16-02-07 <br/> 
5:50 Fri 16-02-07 <br/> 
8:27 Fri 16-02-07 <br/> 
9:19 Fri 16-02-07 <br/> 
16:01 Fri 16-02-07 <br/> 
17:26 Fri 16-02-07 <br/> 
18:07 Fri 16-02-07 <br/> 
21:17 Fri 16-02-07 <br/> 
23:27 Fri 16-02-07 <br/> 
0:52 Sat 17-02-07 <br/> 
2:10 Sat 17-02-07 <br/> 
2:52 Sat 17-02-07 <br/> 
8:31 Sat 17-02-07 <br/> 
12:04 Sat 17-02-07 <br/> 
17:52 Sat 17-02-07 <br/> 
22:31 Sat 17-02-07 <br/> 
23:42 Sat 17-02-07 <br/> 
0:01 Sun 18-02-07 <br/> 
6:14 Sun 18-02-07 <br/> 
6:26 Sun 18-02-07 <br/> 
8:36 Sun 18-02-07 <br/> 
9:21 Sun 18-02-07 <br/> 
9:28 Sun 18-02-07 <br/> 
9:41 Sun 18-02-07 <br/> 
10:36 Sun 18-02-07 <br/> 
12:33 Sun 18-02-07 <br/> 
12:47 Sun 18-02-07 <br/> 
15:33 Sun 18-02-07 <br/> 
17:10 Sun 18-02-07 <br/> 
17:30 Sun 18-02-07 <br/> 
17:59 Sun 18-02-07 <br/> 
20:30 Sun 18-02-07 <br/> 
21:12 Sun 18-02-07 <br/> 
21:34 Sun 18-02-07 <br/> 
21:35 Sun 18-02-07 <br/> 
21:35 Sun 18-02-07 <br/> 
2:04 Mon 19-02-07 <br/> 
2:20 Mon 19-02-07 <br/> 
2:45 Mon 19-02-07 <br/> 
9:16 Mon 19-02-07 <br/> 
10:56 Mon 19-02-07 <br/> 
11:43 Mon 19-02-07 <br/> 
16:48 Mon 19-02-07 <br/> 
20:38 Mon 19-02-07 <br/> 
2:09 Tue 20-02-07 <br/> 
3:25 Tue 20-02-07 <br/> 
5:32 Tue 20-02-07 <br/> 
10:22 Tue 20-02-07 <br/> 
22:26 Tue 20-02-07 <br/> 
23:52 Tue 20-02-07 <br/> 
1:20 Wed 21-02-07 <br/> 
2:34 Wed 21-02-07 <br/> 
10:51 Wed 21-02-07 <br/> 
13:08 Wed 21-02-07 <br/> 
14:59 Wed 21-02-07 <br/> 
15:51 Wed 21-02-07 <br/> 
17:43 Wed 21-02-07 <br/> 
18:17 Wed 21-02-07 <br/> 
19:30 Wed 21-02-07 <br/> 
21:54 Wed 21-02-07 <br/> 
23:32 Wed 21-02-07 <br/> 
0:26 Thu 22-02-07 <br/> 
1:49 Thu 22-02-07 <br/> 
13:50 Thu 22-02-07 <br/> 
14:02 Thu 22-02-07 <br/> 
14:03 Thu 22-02-07 <br/> 
15:54 Thu 22-02-07 <br/> 
16:46 Thu 22-02-07 <br/> 
17:28 Thu 22-02-07 <br/> 
23:01 Thu 22-02-07 <br/> 
0:53 Fri 23-02-07 <br/> 
4:16 Fri 23-02-07 <br/> 
7:08 Fri 23-02-07 <br/> 
9:39 Fri 23-02-07 <br/> 
10:13 Fri 23-02-07 <br/> 
13:23 Fri 23-02-07 <br/> 
14:58 Fri 23-02-07 <br/> 
22:50 Fri 23-02-07 <br/> 
1:37 Sat 24-02-07 <br/> 
5:22 Sat 24-02-07 <br/> 
7:29 Sat 24-02-07 <br/> 
11:15 Sat 24-02-07 <br/> 
13:56 Sat 24-02-07 <br/> 
18:32 Sat 24-02-07 <br/> 
20:58 Sat 24-02-07 <br/> 
2:26 Sun 25-02-07 <br/> 
3:28 Sun 25-02-07 <br/> 
4:25 Sun 25-02-07 <br/> 
9:42 Sun 25-02-07 <br/> 
10:59 Sun 25-02-07 <br/> 
16:38 Sun 25-02-07 <br/> 
18:54 Sun 25-02-07 <br/> 
22:30 Sun 25-02-07 <br/> 
0:48 Mon 26-02-07 <br/> 
1:12 Mon 26-02-07 <br/> 
2:45 Mon 26-02-07 <br/> 
4:38 Mon 26-02-07 <br/> 
5:11 Mon 26-02-07 <br/> 
11:10 Mon 26-02-07 <br/> 
11:41 Mon 26-02-07 <br/> 
14:33 Mon 26-02-07 <br/> 
16:10 Mon 26-02-07 <br/> 
16:52 Mon 26-02-07 <br/> 
17:21 Mon 26-02-07 <br/> 
18:09 Mon 26-02-07 <br/> 
21:48 Mon 26-02-07 <br/> 
0:17 Tue 27-02-07 <br/> 
1:48 Tue 27-02-07 <br/> 
3:19 Tue 27-02-07 <br/> 
4:16 Tue 27-02-07 <br/> 
5:10 Tue 27-02-07 <br/> 
18:21 Tue 27-02-07 <br/> 
21:05 Tue 27-02-07 <br/> 
0:46 Wed 28-02-07 <br/> 
1:51 Wed 28-02-07 <br/> 
3:20 Wed 28-02-07 <br/> 
4:26 Wed 28-02-07 <br/> 
15:46 Wed 28-02-07 <br/> 
18:42 Wed 28-02-07 <br/> 
18:45 Wed 28-02-07 <br/> 
2:26 Thu 01-03-07 <br/> 
2:54 Thu 01-03-07 <br/> 
11:04 Thu 01-03-07 <br/> 
14:15 Thu 01-03-07 <br/> 
16:23 Thu 01-03-07 <br/> 
17:15 Thu 01-03-07 <br/> 
1:02 Fri 02-03-07 <br/> 
1:31 Fri 02-03-07 <br/> 
2:12 Fri 02-03-07 <br/> 
6:06 Fri 02-03-07 <br/> 
12:52 Fri 02-03-07 <br/> 
18:15 Fri 02-03-07 <br/> 
23:05 Fri 02-03-07 <br/> 
2:13 Sat 03-03-07 <br/> 
5:05 Sat 03-03-07 <br/> 
7:18 Sat 03-03-07 <br/> 
18:55 Sat 03-03-07 <br/> 
1:32 Sun 04-03-07 <br/> 
3:22 Sun 04-03-07 <br/> 
4:01 Sun 04-03-07 <br/> 
4:46 Sun 04-03-07 <br/> 
6:27 Sun 04-03-07 <br/> 
6:45 Sun 04-03-07 <br/> 
13:12 Sun 04-03-07 <br/> 
16:47 Sun 04-03-07 <br/> 
17:29 Sun 04-03-07 <br/> 
18:27 Sun 04-03-07 <br/> 
22:41 Sun 04-03-07 <br/> 
2:20 Mon 05-03-07 <br/> 
3:22 Mon 05-03-07 <br/> 
3:23 Mon 05-03-07 <br/> 
3:24 Mon 05-03-07 <br/> 
4:07 Mon 05-03-07 <br/> 
4:33 Mon 05-03-07 <br/> 
8:57 Mon 05-03-07 <br/> 
10:55 Mon 05-03-07 <br/> 
11:45 Mon 05-03-07 <br/> 
18:06 Mon 05-03-07 <br/> 
22:58 Mon 05-03-07 <br/> 
2:04 Tue 06-03-07 <br/> 
3:26 Tue 06-03-07 <br/> 
10:51 Tue 06-03-07 <br/> 
11:33 Tue 06-03-07 <br/> 
11:44 Tue 06-03-07 <br/> 
12:54 Tue 06-03-07 <br/> 
13:04 Tue 06-03-07 <br/> 
16:40 Tue 06-03-07 <br/> 
19:53 Tue 06-03-07 <br/> 
20:55 Tue 06-03-07 <br/> 
1:27 Wed 07-03-07 <br/> 
2:27 Wed 07-03-07 <br/> 
5:48 Wed 07-03-07 <br/> 
8:55 Wed 07-03-07 <br/> 
11:31 Wed 07-03-07 <br/> 
17:13 Wed 07-03-07 <br/> 
21:21 Wed 07-03-07 <br/> 
1:34 Thu 08-03-07 <br/> 
2:17 Thu 08-03-07 <br/> 
3:20 Thu 08-03-07 <br/> 
6:46 Thu 08-03-07 <br/> 
7:32 Thu 08-03-07 <br/> 
9:20 Thu 08-03-07 <br/> 
14:09 Thu 08-03-07 <br/> 
19:51 Thu 08-03-07 <br/> 
0:35 Fri 09-03-07 <br/> 
0:48 Fri 09-03-07 <br/> 
2:21 Fri 09-03-07 <br/> 
5:05 Fri 09-03-07 <br/> 
9:00 Fri 09-03-07 <br/> 
16:03 Fri 09-03-07 <br/> 
17:16 Fri 09-03-07 <br/> 
17:31 Fri 09-03-07 <br/> 
23:11 Fri 09-03-07 <br/> 
2:32 Sat 10-03-07 <br/> 
17:15 Sat 10-03-07 <br/> 
19:41 Sat 10-03-07 <br/> 
0:46 Sun 11-03-07 <br/> 
4:34 Sun 11-03-07 <br/> 
4:51 Sun 11-03-07 <br/> 
4:53 Sun 11-03-07 <br/> 
5:00 Sun 11-03-07 <br/> 
5:25 Sun 11-03-07 <br/> 
8:17 Sun 11-03-07 <br/> 
9:07 Sun 11-03-07 <br/> 
17:35 Sun 11-03-07 <br/> 
19:14 Sun 11-03-07 <br/> 
19:29 Sun 11-03-07 <br/> 
20:49 Sun 11-03-07 <br/> 
22:56 Sun 11-03-07 <br/> 
23:23 Sun 11-03-07 <br/> 
23:33 Sun 11-03-07 <br/> 
1:39 Mon 12-03-07 <br/> 
3:34 Mon 12-03-07 <br/> 
5:13 Mon 12-03-07 <br/> 
8:02 Mon 12-03-07 <br/> 
9:50 Mon 12-03-07 <br/> 
16:12 Mon 12-03-07 <br/> 
16:44 Mon 12-03-07 <br/> 
19:50 Mon 12-03-07 <br/> 
20:00 Mon 12-03-07 <br/> 
20:13 Mon 12-03-07 <br/> 
21:10 Mon 12-03-07 <br/> 
21:30 Mon 12-03-07 <br/> 
22:39 Mon 12-03-07 <br/> 
23:56 Mon 12-03-07 <br/> 
0:47 Tue 13-03-07 <br/> 
1:26 Tue 13-03-07 <br/> 
9:09 Tue 13-03-07 <br/> 
11:04 Tue 13-03-07 <br/> 
13:29 Tue 13-03-07 <br/> 
18:55 Tue 13-03-07 <br/> 
19:09 Tue 13-03-07 <br/> 
21:09 Tue 13-03-07 <br/> 
23:53 Tue 13-03-07 <br/> 
0:30 Wed 14-03-07 <br/> 
0:50 Wed 14-03-07 <br/> 
3:01 Wed 14-03-07 <br/> 
9:08 Wed 14-03-07 <br/> 
9:35 Wed 14-03-07 <br/> 
11:27 Wed 14-03-07 <br/> 
11:52 Wed 14-03-07 <br/> 
11:56 Wed 14-03-07 <br/> 
12:09 Wed 14-03-07 <br/> 
13:33 Wed 14-03-07 <br/> 
13:37 Wed 14-03-07 <br/> 
13:39 Wed 14-03-07 <br/> 
13:41 Wed 14-03-07 <br/> 
13:41 Wed 14-03-07 <br/> 
13:41 Wed 14-03-07 <br/> 
15:35 Wed 14-03-07 <br/> 
16:17 Wed 14-03-07 <br/> 
16:40 Wed 14-03-07 <br/> 
12:42 Thu 15-03-07 <br/> 
13:12 Thu 15-03-07 <br/> 
13:52 Thu 15-03-07 <br/> 
14:26 Thu 15-03-07 <br/> 
15:09 Thu 15-03-07 <br/> 
15:09 Thu 15-03-07 <br/> 
15:10 Thu 15-03-07 <br/> 
16:10 Thu 15-03-07 <br/> 
16:41 Thu 15-03-07 <br/> 
17:09 Thu 15-03-07 <br/> 
17:11 Thu 15-03-07 <br/> 
17:35 Thu 15-03-07 <br/> 
17:38 Thu 15-03-07 <br/> 
17:52 Thu 15-03-07 <br/> 
18:07 Thu 15-03-07 <br/> 
18:24 Thu 15-03-07 <br/> 
18:40 Thu 15-03-07 <br/> 
18:59 Thu 15-03-07 <br/> 
19:07 Thu 15-03-07 <br/> 
20:13 Thu 15-03-07 <br/> 
20:38 Thu 15-03-07 <br/> 
21:03 Thu 15-03-07 <br/> 
21:39 Thu 15-03-07 <br/> 
21:57 Thu 15-03-07 <br/> 
22:07 Thu 15-03-07 <br/> 
22:28 Thu 15-03-07 <br/> 
0:45 Fri 16-03-07 <br/> 
3:09 Fri 16-03-07 <br/> 
4:41 Fri 16-03-07 <br/> 
5:14 Fri 16-03-07 <br/> 
8:56 Fri 16-03-07 <br/> 
9:50 Fri 16-03-07 <br/> 
11:40 Fri 16-03-07 <br/> 
13:44 Fri 16-03-07 <br/> 
16:46 Fri 16-03-07 <br/> 
17:12 Fri 16-03-07 <br/> 
18:40 Fri 16-03-07 <br/> 
19:40 Fri 16-03-07 <br/> 
22:08 Fri 16-03-07 <br/> 
0:30 Sat 17-03-07 <br/> 
0:53 Sat 17-03-07 <br/> 
1:36 Sat 17-03-07 <br/> 
2:28 Sat 17-03-07 <br/> 
6:11 Sat 17-03-07 <br/> 
11:19 Sat 17-03-07 <br/> 
15:06 Sat 17-03-07 <br/> 
15:24 Sat 17-03-07 <br/> 
17:20 Sat 17-03-07 <br/> 
19:20 Sat 17-03-07 <br/> 
19:46 Sat 17-03-07 <br/> 
2:59 Sun 18-03-07 <br/> 
4:48 Sun 18-03-07 <br/> 
5:14 Sun 18-03-07 <br/> 
5:25 Sun 18-03-07 <br/> 
5:42 Sun 18-03-07 <br/> 
5:46 Sun 18-03-07 <br/> 
7:57 Sun 18-03-07 <br/> 
9:27 Sun 18-03-07 <br/> 
11:02 Sun 18-03-07 <br/> 
19:14 Sun 18-03-07 <br/> 
22:56 Sun 18-03-07 <br/> 
0:39 Mon 19-03-07 <br/> 
1:06 Mon 19-03-07 <br/> 
1:49 Mon 19-03-07 <br/> 
2:31 Mon 19-03-07 <br/> 
3:09 Mon 19-03-07 <br/> 
15:09 Mon 19-03-07 <br/> 
19:11 Mon 19-03-07 <br/> 
19:27 Mon 19-03-07 <br/> 
19:34 Mon 19-03-07 <br/> 
20:11 Mon 19-03-07 <br/> 
20:11 Mon 19-03-07 <br/> 
22:58 Mon 19-03-07 <br/> 
2:59 Tue 20-03-07 <br/> 
13:46 Tue 20-03-07 <br/> 
17:28 Tue 20-03-07 <br/> 
18:12 Tue 20-03-07 <br/> 
11:15 Wed 21-03-07 <br/> 
13:06 Wed 21-03-07 <br/> 
19:18 Wed 21-03-07 <br/> 
2:13 Thu 22-03-07 <br/> 
3:57 Thu 22-03-07 <br/> 
4:41 Thu 22-03-07 <br/> 
8:49 Thu 22-03-07 <br/> 
9:27 Thu 22-03-07 <br/> 
9:53 Thu 22-03-07 <br/> 
10:18 Thu 22-03-07 <br/> 
18:10 Thu 22-03-07 <br/> 
20:10 Thu 22-03-07 <br/> 
22:10 Thu 22-03-07 <br/> 
23:27 Thu 22-03-07 <br/> 
23:35 Thu 22-03-07 <br/> 
0:07 Fri 23-03-07 <br/> 
12:40 Fri 23-03-07 <br/> 
17:20 Fri 23-03-07 <br/> 
22:22 Fri 23-03-07 <br/> 
22:22 Fri 23-03-07 <br/> 
0:24 Sat 24-03-07 <br/> 
0:45 Sat 24-03-07 <br/> 
2:08 Sat 24-03-07 <br/> 
4:21 Sat 24-03-07 <br/> 
8:27 Sat 24-03-07 <br/> 
15:52 Sat 24-03-07 <br/> 
16:17 Sat 24-03-07 <br/> 
16:30 Sat 24-03-07 <br/> 
22:40 Sat 24-03-07 <br/> 
3:16 Sun 25-03-07 <br/> 
9:03 Sun 25-03-07 <br/> 
9:54 Sun 25-03-07 <br/> 
10:37 Sun 25-03-07 <br/> 
15:03 Sun 25-03-07 <br/> 
15:22 Sun 25-03-07 <br/> 
18:05 Sun 25-03-07 <br/> 
0:35 Mon 26-03-07 <br/> 
1:18 Mon 26-03-07 <br/> 
1:43 Mon 26-03-07 <br/> 
2:49 Mon 26-03-07 <br/> 
3:44 Mon 26-03-07 <br/> 
9:33 Mon 26-03-07 <br/> 
12:26 Mon 26-03-07 <br/> 
12:40 Mon 26-03-07 <br/> 
14:23 Mon 26-03-07 <br/> 
16:01 Mon 26-03-07 <br/> 
22:35 Mon 26-03-07 <br/> 
23:56 Mon 26-03-07 <br/> 
3:11 Tue 27-03-07 <br/> 
3:35 Tue 27-03-07 <br/> 
9:22 Tue 27-03-07 <br/> 
12:18 Tue 27-03-07 <br/> 
13:23 Tue 27-03-07 <br/> 
13:37 Tue 27-03-07 <br/> 
15:52 Tue 27-03-07 <br/> 
19:13 Tue 27-03-07 <br/> 
3:09 Wed 28-03-07 <br/> 
4:44 Wed 28-03-07 <br/> 
9:27 Wed 28-03-07 <br/> 
12:24 Wed 28-03-07 <br/> 
13:04 Wed 28-03-07 <br/> 
15:47 Wed 28-03-07 <br/> 
18:23 Wed 28-03-07 <br/> 
23:47 Wed 28-03-07 <br/> 
0:30 Thu 29-03-07 <br/> 
2:53 Thu 29-03-07 <br/> 
4:24 Thu 29-03-07 <br/> 
5:13 Thu 29-03-07 <br/> 
11:25 Thu 29-03-07 <br/> 
19:00 Thu 29-03-07 <br/> 
21:47 Thu 29-03-07 <br/> 
1:04 Fri 30-03-07 <br/> 
1:16 Fri 30-03-07 <br/> 
2:25 Fri 30-03-07 <br/> 
2:26 Fri 30-03-07 <br/> 
12:37 Fri 30-03-07 <br/> 
14:45 Fri 30-03-07 <br/> 
18:05 Fri 30-03-07 <br/> 
23:07 Fri 30-03-07 <br/> 
3:02 Sat 31-03-07 <br/> 
16:33 Sat 31-03-07 <br/> 
16:35 Sat 31-03-07 <br/> 
19:25 Sat 31-03-07 <br/> 
20:08 Sat 31-03-07 <br/> 
20:34 Sat 31-03-07 <br/> 
20:57 Sat 31-03-07 <br/> 
21:50 Sat 31-03-07 <br/> 
22:13 Sat 31-03-07 <br/> 
1:34 Sun 01-04-07 <br/> 
1:34 Sun 01-04-07 <br/> 
4:51 Sun 01-04-07 <br/> 
5:05 Sun 01-04-07 <br/> 
6:22 Sun 01-04-07 <br/> 
8:51 Sun 01-04-07 <br/> 
17:45 Sun 01-04-07 <br/> 
18:38 Sun 01-04-07 <br/> 
21:53 Sun 01-04-07 <br/> 
23:03 Sun 01-04-07 <br/> 
23:44 Sun 01-04-07 <br/> 
2:49 Mon 02-04-07 <br/> 
2:53 Mon 02-04-07 <br/> 
10:35 Mon 02-04-07 <br/> 
13:42 Mon 02-04-07 <br/> 
13:49 Mon 02-04-07 <br/> 
22:26 Mon 02-04-07 <br/> 
23:49 Mon 02-04-07 <br/> 
1:04 Tue 03-04-07 <br/> 
10:17 Tue 03-04-07 <br/> 
13:55 Tue 03-04-07 <br/> 
14:05 Tue 03-04-07 <br/> 
14:08 Tue 03-04-07 <br/> 
18:59 Tue 03-04-07 <br/> 
19:27 Tue 03-04-07 <br/> 
23:02 Tue 03-04-07 <br/> 
23:41 Tue 03-04-07 <br/> 
23:53 Tue 03-04-07 <br/> 
5:14 Wed 04-04-07 <br/> 
19:48 Wed 04-04-07 <br/> 
22:18 Wed 04-04-07 <br/> 
0:12 Thu 05-04-07 <br/> 
2:09 Thu 05-04-07 <br/> 
2:59 Thu 05-04-07 <br/> 
5:47 Thu 05-04-07 <br/> 
9:23 Thu 05-04-07 <br/> 
10:24 Thu 05-04-07 <br/> 
12:06 Thu 05-04-07 <br/> 
12:33 Thu 05-04-07 <br/> 
21:39 Thu 05-04-07 <br/> 
23:37 Thu 05-04-07 <br/> 
23:58 Thu 05-04-07 <br/> 
1:00 Fri 06-04-07 <br/> 
3:06 Fri 06-04-07 <br/> 
10:14 Fri 06-04-07 <br/> 
10:36 Fri 06-04-07 <br/> 
13:22 Fri 06-04-07 <br/> 
17:18 Fri 06-04-07 <br/> 
21:40 Fri 06-04-07 <br/> 
4:29 Sat 07-04-07 <br/> 
4:30 Sat 07-04-07 <br/> 
4:31 Sat 07-04-07 <br/> 
7:58 Sat 07-04-07 <br/> 
12:07 Sat 07-04-07 <br/> 
13:27 Sat 07-04-07 <br/> 
14:25 Sat 07-04-07 <br/> 
15:21 Sat 07-04-07 <br/> 
18:41 Sat 07-04-07 <br/> 
23:34 Sat 07-04-07 <br/> 
23:40 Sat 07-04-07 <br/> 
1:30 Sun 08-04-07 <br/> 
1:52 Sun 08-04-07 <br/> 
5:44 Sun 08-04-07 <br/> 
9:44 Sun 08-04-07 <br/> 
10:34 Sun 08-04-07 <br/> 
22:18 Sun 08-04-07 <br/> 
1:51 Mon 09-04-07 <br/> 
2:51 Mon 09-04-07 <br/> 
4:22 Mon 09-04-07 <br/> 
7:33 Mon 09-04-07 <br/> 
9:18 Mon 09-04-07 <br/> 
9:34 Mon 09-04-07 <br/> 
13:54 Mon 09-04-07 <br/> 
15:14 Mon 09-04-07 <br/> 
17:27 Mon 09-04-07 <br/> 
19:47 Mon 09-04-07 <br/> 
0:27 Tue 10-04-07 <br/> 
2:05 Tue 10-04-07 <br/> 
7:55 Tue 10-04-07 <br/> 
10:12 Tue 10-04-07 <br/> 
12:14 Tue 10-04-07 <br/> 
13:13 Tue 10-04-07 <br/> 
13:37 Tue 10-04-07 <br/> 
19:16 Tue 10-04-07 <br/> 
1:03 Wed 11-04-07 <br/> 
1:20 Wed 11-04-07 <br/> 
1:30 Wed 11-04-07 <br/> 
2:36 Wed 11-04-07 <br/> 
2:57 Wed 11-04-07 <br/> 
12:30 Wed 11-04-07 <br/> 
15:02 Wed 11-04-07 <br/> 
18:38 Wed 11-04-07 <br/> 
22:39 Wed 11-04-07 <br/> 
23:31 Wed 11-04-07 <br/> 
23:54 Wed 11-04-07 <br/> 
3:05 Thu 12-04-07 <br/> 
5:04 Thu 12-04-07 <br/> 
6:34 Thu 12-04-07 <br/> 
7:14 Thu 12-04-07 <br/> 
7:18 Thu 12-04-07 <br/> 
7:41 Thu 12-04-07 <br/> 
9:50 Thu 12-04-07 <br/> 
19:41 Thu 12-04-07 <br/> 
22:56 Thu 12-04-07 <br/> 
0:06 Fri 13-04-07 <br/> 
1:06 Fri 13-04-07 <br/> 
2:52 Fri 13-04-07 <br/> 
11:04 Fri 13-04-07 <br/> 
12:11 Fri 13-04-07 <br/> 
18:54 Fri 13-04-07 <br/> 
21:06 Fri 13-04-07 <br/> 
22:43 Fri 13-04-07 <br/> 
0:44 Sat 14-04-07 <br/> 
1:37 Sat 14-04-07 <br/> 
3:13 Sat 14-04-07 <br/> 
3:50 Sat 14-04-07 <br/> 
6:34 Sat 14-04-07 <br/> 
11:56 Sat 14-04-07 <br/> 
12:23 Sat 14-04-07 <br/> 
14:14 Sat 14-04-07 <br/> 
22:27 Sat 14-04-07 <br/> 
22:32 Sat 14-04-07 <br/> 
3:46 Sun 15-04-07 <br/> 
4:01 Sun 15-04-07 <br/> 
8:04 Sun 15-04-07 <br/> 
8:51 Sun 15-04-07 <br/> 
15:34 Sun 15-04-07 <br/> 
19:27 Sun 15-04-07 <br/> 
20:24 Sun 15-04-07 <br/> 
21:23 Sun 15-04-07 <br/> 
23:43 Sun 15-04-07 <br/> 
3:23 Mon 16-04-07 <br/> 
7:19 Mon 16-04-07 <br/> 
11:05 Mon 16-04-07 <br/> 
13:55 Mon 16-04-07 <br/> 
15:09 Mon 16-04-07 <br/> 
21:45 Mon 16-04-07 <br/> 
0:00 Tue 17-04-07 <br/> 
0:22 Tue 17-04-07 <br/> 
6:06 Tue 17-04-07 <br/> 
8:15 Tue 17-04-07 <br/> 
10:13 Tue 17-04-07 <br/> 
14:08 Tue 17-04-07 <br/> 
14:35 Tue 17-04-07 <br/> 
15:48 Tue 17-04-07 <br/> 
22:05 Tue 17-04-07 <br/> 
0:34 Wed 18-04-07 <br/> 
1:23 Wed 18-04-07 <br/> 
2:52 Wed 18-04-07 <br/> 
3:09 Wed 18-04-07 <br/> 
9:27 Wed 18-04-07 <br/> 
9:36 Wed 18-04-07 <br/> 
11:11 Wed 18-04-07 <br/> 
13:14 Wed 18-04-07 <br/> 
15:53 Wed 18-04-07 <br/> 
19:50 Wed 18-04-07 <br/> 
23:55 Wed 18-04-07 <br/> 
0:30 Thu 19-04-07 <br/> 
0:41 Thu 19-04-07 <br/> 
4:20 Thu 19-04-07 <br/> 
6:00 Thu 19-04-07 <br/> 
8:32 Thu 19-04-07 <br/> 
10:01 Thu 19-04-07 <br/> 
10:05 Thu 19-04-07 <br/> 
22:23 Thu 19-04-07 <br/> 
1:31 Fri 20-04-07 <br/> 
4:16 Fri 20-04-07 <br/> 
10:37 Fri 20-04-07 <br/> 
22:08 Fri 20-04-07 <br/> 
22:18 Fri 20-04-07 <br/> 
0:44 Sat 21-04-07 <br/> 
1:55 Sat 21-04-07 <br/> 
2:56 Sat 21-04-07 <br/> 
5:46 Sat 21-04-07 <br/> 
8:25 Sat 21-04-07 <br/> 
9:34 Sat 21-04-07 <br/> 
13:12 Sat 21-04-07 <br/> 
23:55 Sat 21-04-07 <br/> 
3:49 Sun 22-04-07 <br/> 
4:19 Sun 22-04-07 <br/> 
5:08 Sun 22-04-07 <br/> 
5:57 Sun 22-04-07 <br/> 
9:19 Sun 22-04-07 <br/> 
9:29 Sun 22-04-07 <br/> 
9:50 Sun 22-04-07 <br/> 
9:52 Sun 22-04-07 <br/> 
11:27 Sun 22-04-07 <br/> 
15:22 Sun 22-04-07 <br/> 
19:31 Sun 22-04-07 <br/> 
21:11 Sun 22-04-07 <br/> 
23:30 Sun 22-04-07 <br/> 
1:26 Mon 23-04-07 <br/> 
2:30 Mon 23-04-07 <br/> 
9:43 Mon 23-04-07 <br/> 
10:36 Mon 23-04-07 <br/> 
12:49 Mon 23-04-07 <br/> 
16:10 Mon 23-04-07 <br/> 
16:16 Mon 23-04-07 <br/> 
23:56 Mon 23-04-07 <br/> 
0:04 Tue 24-04-07 <br/> 
2:53 Tue 24-04-07 <br/> 
6:04 Tue 24-04-07 <br/> 
13:48 Tue 24-04-07 <br/> 
17:12 Tue 24-04-07 <br/> 
1:04 Wed 25-04-07 <br/> 
2:26 Wed 25-04-07 <br/> 
3:29 Wed 25-04-07 <br/> 
14:16 Wed 25-04-07 <br/> 
15:25 Wed 25-04-07 <br/> 
19:43 Wed 25-04-07 <br/> 
21:13 Wed 25-04-07 <br/> 
0:44 Thu 26-04-07 <br/> 
0:54 Thu 26-04-07 <br/> 
3:43 Thu 26-04-07 <br/> 
4:19 Thu 26-04-07 <br/> 
4:34 Thu 26-04-07 <br/> 
5:51 Thu 26-04-07 <br/> 
15:24 Thu 26-04-07 <br/> 
15:58 Thu 26-04-07 <br/> 
0:07 Fri 27-04-07 <br/> 
0:23 Fri 27-04-07 <br/> 
0:37 Fri 27-04-07 <br/> 
3:02 Fri 27-04-07 <br/> 
6:00 Fri 27-04-07 <br/> 
13:29 Fri 27-04-07 <br/> 
15:02 Fri 27-04-07 <br/> 
23:26 Fri 27-04-07 <br/> 
0:43 Sat 28-04-07 <br/> 
2:29 Sat 28-04-07 <br/> 
4:27 Sat 28-04-07 <br/> 
5:02 Sat 28-04-07 <br/> 
5:41 Sat 28-04-07 <br/> 
7:48 Sat 28-04-07 <br/> 
11:49 Sat 28-04-07 <br/> 
11:55 Sat 28-04-07 <br/> 
17:01 Sat 28-04-07 <br/> 
17:12 Sat 28-04-07 <br/> 
3:13 Sun 29-04-07 <br/> 
5:26 Sun 29-04-07 <br/> 
7:16 Sun 29-04-07 <br/> 
8:38 Sun 29-04-07 <br/> 
13:16 Sun 29-04-07 <br/> 
16:56 Sun 29-04-07 <br/> 
0:22 Mon 30-04-07 <br/> 
3:58 Mon 30-04-07 <br/> 
6:32 Mon 30-04-07 <br/> 
7:11 Mon 30-04-07 <br/> 
8:06 Mon 30-04-07 <br/> 
10:04 Mon 30-04-07 <br/> 
13:13 Mon 30-04-07 <br/> 
7:46 Tue 01-05-07 <br/> 
12:31 Tue 01-05-07 <br/> 
16:06 Tue 01-05-07 <br/> 
23:47 Tue 01-05-07 <br/> 
0:04 Wed 02-05-07 <br/> 
0:42 Wed 02-05-07 <br/> 
3:34 Wed 02-05-07 <br/> 
5:20 Wed 02-05-07 <br/> 
7:05 Wed 02-05-07 <br/> 
15:31 Wed 02-05-07 <br/> 
15:49 Wed 02-05-07 <br/> 
16:37 Wed 02-05-07 <br/> 
20:44 Wed 02-05-07 <br/> 
23:11 Wed 02-05-07 <br/> 
2:27 Thu 03-05-07 <br/> 
3:40 Thu 03-05-07 <br/> 
7:20 Thu 03-05-07 <br/> 
8:49 Thu 03-05-07 <br/> 
8:57 Thu 03-05-07 <br/> 
9:34 Thu 03-05-07 <br/> 
12:43 Thu 03-05-07 <br/> 
14:30 Thu 03-05-07 <br/> 
19:11 Thu 03-05-07 <br/> 
23:59 Thu 03-05-07 <br/> 
1:52 Fri 04-05-07 <br/> 
2:20 Fri 04-05-07 <br/> 
10:06 Fri 04-05-07 <br/> 
23:35 Fri 04-05-07 <br/> 
0:24 Sat 05-05-07 <br/> 
3:07 Sat 05-05-07 <br/> 
3:12 Sat 05-05-07 <br/> 
9:48 Sat 05-05-07 <br/> 
11:44 Sat 05-05-07 <br/> 
18:56 Sat 05-05-07 <br/> 
22:46 Sat 05-05-07 <br/> 
1:25 Sun 06-05-07 <br/> 
3:12 Sun 06-05-07 <br/> 
3:34 Sun 06-05-07 <br/> 
4:01 Sun 06-05-07 <br/> 
4:41 Sun 06-05-07 <br/> 
12:07 Sun 06-05-07 <br/> 
14:46 Sun 06-05-07 <br/> 
17:26 Sun 06-05-07 <br/> 
18:15 Sun 06-05-07 <br/> 
1:04 Mon 07-05-07 <br/> 
1:27 Mon 07-05-07 <br/> 
3:38 Mon 07-05-07 <br/> 
7:26 Mon 07-05-07 <br/> 
13:53 Mon 07-05-07 <br/> 
14:30 Mon 07-05-07 <br/> 
14:55 Mon 07-05-07 <br/> 
17:29 Mon 07-05-07 <br/> 
20:45 Mon 07-05-07 <br/> 
23:49 Mon 07-05-07 <br/> 
2:29 Tue 08-05-07 <br/> 
3:50 Tue 08-05-07 <br/> 
5:19 Tue 08-05-07 <br/> 
8:52 Tue 08-05-07 <br/> 
10:47 Tue 08-05-07 <br/> 
11:06 Tue 08-05-07 <br/> 
14:15 Tue 08-05-07 <br/> 
16:22 Tue 08-05-07 <br/> 
17:17 Tue 08-05-07 <br/> 
17:24 Tue 08-05-07 <br/> 
20:11 Tue 08-05-07 <br/> 
21:12 Tue 08-05-07 <br/> 
1:05 Wed 09-05-07 <br/> 
1:31 Wed 09-05-07 <br/> 
15:12 Wed 09-05-07 <br/> 
17:44 Wed 09-05-07 <br/> 
17:48 Wed 09-05-07 <br/> 
19:14 Wed 09-05-07 <br/> 
23:31 Wed 09-05-07 <br/> 
0:24 Thu 10-05-07 <br/> 
1:00 Thu 10-05-07 <br/> 
3:22 Thu 10-05-07 <br/> 
3:22 Thu 10-05-07 <br/> 
12:07 Thu 10-05-07 <br/> 
12:56 Thu 10-05-07 <br/> 
14:46 Thu 10-05-07 <br/> 
14:55 Thu 10-05-07 <br/> 
16:53 Thu 10-05-07 <br/> 
19:01 Thu 10-05-07 <br/> 
0:03 Fri 11-05-07 <br/> 
0:08 Fri 11-05-07 <br/> 
8:17 Fri 11-05-07 <br/> 
11:55 Fri 11-05-07 <br/> 
15:47 Fri 11-05-07 <br/> 
19:08 Fri 11-05-07 <br/> 
0:28 Sat 12-05-07 <br/> 
0:46 Sat 12-05-07 <br/> 
3:51 Sat 12-05-07 <br/> 
4:09 Sat 12-05-07 <br/> 
7:44 Sat 12-05-07 <br/> 
8:56 Sat 12-05-07 <br/> 
8:56 Sat 12-05-07 <br/> 
11:40 Sat 12-05-07 <br/> 
12:17 Sat 12-05-07 <br/> 
14:57 Sat 12-05-07 <br/> 
15:31 Sat 12-05-07 <br/> 
16:16 Sat 12-05-07 <br/> 
17:17 Sat 12-05-07 <br/> 
17:30 Sat 12-05-07 <br/> 
17:41 Sat 12-05-07 <br/> 
19:44 Sat 12-05-07 <br/> 
20:08 Sat 12-05-07 <br/> 
21:00 Sat 12-05-07 <br/> 
0:11 Sun 13-05-07 <br/> 
1:09 Sun 13-05-07 <br/> 
2:08 Sun 13-05-07 <br/> 
4:07 Sun 13-05-07 <br/> 
4:48 Sun 13-05-07 <br/> 
4:59 Sun 13-05-07 <br/> 
5:02 Sun 13-05-07 <br/> 
6:36 Sun 13-05-07 <br/> 
9:06 Sun 13-05-07 <br/> 
9:15 Sun 13-05-07 <br/> 
11:41 Sun 13-05-07 <br/> 
15:28 Sun 13-05-07 <br/> 
15:51 Sun 13-05-07 <br/> 
21:58 Sun 13-05-07 <br/> 
23:43 Sun 13-05-07 <br/> 
0:35 Mon 14-05-07 <br/> 
2:44 Mon 14-05-07 <br/> 
3:50 Mon 14-05-07 <br/> 
5:05 Mon 14-05-07 <br/> 
9:16 Mon 14-05-07 <br/> 
15:49 Mon 14-05-07 <br/> 
15:57 Mon 14-05-07 <br/> 
18:29 Mon 14-05-07 <br/> 
20:17 Mon 14-05-07 <br/> 
23:48 Mon 14-05-07 <br/> 
2:48 Tue 15-05-07 <br/> 
3:02 Tue 15-05-07 <br/> 
3:49 Tue 15-05-07 <br/> 
4:22 Tue 15-05-07 <br/> 
13:37 Tue 15-05-07 <br/> 
14:53 Tue 15-05-07 <br/> 
21:40 Tue 15-05-07 <br/> 
21:48 Tue 15-05-07 <br/> 
22:46 Tue 15-05-07 <br/> 
23:42 Tue 15-05-07 <br/> 
2:13 Wed 16-05-07 <br/> 
2:48 Wed 16-05-07 <br/> 
5:50 Wed 16-05-07 <br/> 
6:14 Wed 16-05-07 <br/> 
9:22 Wed 16-05-07 <br/> 
10:06 Wed 16-05-07 <br/> 
10:55 Wed 16-05-07 <br/> 
12:39 Wed 16-05-07 <br/> 
13:33 Wed 16-05-07 <br/> 
14:28 Wed 16-05-07 <br/> 
14:50 Wed 16-05-07 <br/> 
14:56 Wed 16-05-07 <br/> 
15:16 Wed 16-05-07 <br/> 
15:32 Wed 16-05-07 <br/> 
15:49 Wed 16-05-07 <br/> 
16:22 Wed 16-05-07 <br/> 
16:53 Wed 16-05-07 <br/> 
18:09 Wed 16-05-07 <br/> 
18:20 Wed 16-05-07 <br/> 
20:05 Wed 16-05-07 <br/> 
21:34 Wed 16-05-07 <br/> 
23:18 Wed 16-05-07 <br/> 
0:39 Thu 17-05-07 <br/> 
1:09 Thu 17-05-07 <br/> 
1:42 Thu 17-05-07 <br/> 
5:38 Thu 17-05-07 <br/> 
9:01 Thu 17-05-07 <br/> 
11:30 Thu 17-05-07 <br/> 
11:40 Thu 17-05-07 <br/> 
12:01 Thu 17-05-07 <br/> 
17:01 Thu 17-05-07 <br/> 
21:26 Thu 17-05-07 <br/> 
0:37 Fri 18-05-07 <br/> 
0:38 Fri 18-05-07 <br/> 
1:38 Fri 18-05-07 <br/> 
4:03 Fri 18-05-07 <br/> 
7:11 Fri 18-05-07 <br/> 
7:24 Fri 18-05-07 <br/> 
10:03 Fri 18-05-07 <br/> 
11:13 Fri 18-05-07 <br/> 
12:33 Fri 18-05-07 <br/> 
15:55 Fri 18-05-07 <br/> 
17:18 Fri 18-05-07 <br/> 
19:12 Fri 18-05-07 <br/> 
19:16 Fri 18-05-07 <br/> 
20:47 Fri 18-05-07 <br/> 
21:21 Fri 18-05-07 <br/> 
4:53 Sat 19-05-07 <br/> 
4:57 Sat 19-05-07 <br/> 
9:19 Sat 19-05-07 <br/> 
14:14 Sat 19-05-07 <br/> 
14:45 Sat 19-05-07 <br/> 
14:45 Sat 19-05-07 <br/> 
20:48 Sat 19-05-07 <br/> 
22:10 Sat 19-05-07 <br/> 
1:49 Sun 20-05-07 <br/> 
1:49 Sun 20-05-07 <br/> 
2:01 Sun 20-05-07 <br/> 
3:30 Sun 20-05-07 <br/> 
4:00 Sun 20-05-07 <br/> 
8:03 Sun 20-05-07 <br/> 
13:49 Sun 20-05-07 <br/> 
14:11 Sun 20-05-07 <br/> 
15:55 Sun 20-05-07 <br/> 
18:10 Sun 20-05-07 <br/> 
18:10 Sun 20-05-07 <br/> 
20:24 Sun 20-05-07 <br/> 
22:07 Sun 20-05-07 <br/> 
0:15 Mon 21-05-07 <br/> 
0:15 Mon 21-05-07 <br/> 
2:06 Mon 21-05-07 <br/> 
2:08 Mon 21-05-07 <br/> 
3:02 Mon 21-05-07 <br/> 
6:30 Mon 21-05-07 <br/> 
6:30 Mon 21-05-07 <br/> 
11:07 Mon 21-05-07 <br/> 
16:17 Mon 21-05-07 <br/> 
16:17 Mon 21-05-07 <br/> 
0:09 Tue 22-05-07 <br/> 
0:41 Tue 22-05-07 <br/> 
1:52 Tue 22-05-07 <br/> 
2:03 Tue 22-05-07 <br/> 
2:03 Tue 22-05-07 <br/> 
4:50 Tue 22-05-07 <br/> 
4:56 Tue 22-05-07 <br/> 
5:06 Tue 22-05-07 <br/> 
5:13 Tue 22-05-07 <br/> 
5:49 Tue 22-05-07 <br/> 
10:18 Tue 22-05-07 <br/> 
10:18 Tue 22-05-07 <br/> 
16:22 Tue 22-05-07 <br/> 
17:14 Tue 22-05-07 <br/> 
17:44 Tue 22-05-07 <br/> 
18:34 Tue 22-05-07 <br/> 
22:34 Tue 22-05-07 <br/> 
0:14 Wed 23-05-07 <br/> 
0:14 Wed 23-05-07 <br/> 
1:59 Wed 23-05-07 <br/> 
4:56 Wed 23-05-07 <br/> 
8:35 Wed 23-05-07 <br/> 
17:49 Wed 23-05-07 <br/> 
21:41 Wed 23-05-07 <br/> 
22:13 Wed 23-05-07 <br/> 
0:48 Thu 24-05-07 <br/> 
2:40 Thu 24-05-07 <br/> 
3:04 Thu 24-05-07 <br/> 
4:45 Thu 24-05-07 <br/> 
5:12 Thu 24-05-07 <br/> 
7:57 Thu 24-05-07 <br/> 
10:02 Thu 24-05-07 <br/> 
13:07 Thu 24-05-07 <br/> 
13:07 Thu 24-05-07 <br/> 
13:50 Thu 24-05-07 <br/> 
15:25 Thu 24-05-07 <br/> 
17:46 Thu 24-05-07 <br/> 
19:18 Thu 24-05-07 <br/> 
19:18 Thu 24-05-07 <br/> 
19:27 Thu 24-05-07 <br/> 
20:01 Thu 24-05-07 <br/> 
20:39 Thu 24-05-07 <br/> 
21:19 Thu 24-05-07 <br/> 
21:19 Thu 24-05-07 <br/> 
23:44 Thu 24-05-07 <br/> 
0:53 Fri 25-05-07 <br/> 
1:47 Fri 25-05-07 <br/> 
1:47 Fri 25-05-07 <br/> 
4:05 Fri 25-05-07 <br/> 
8:26 Fri 25-05-07 <br/> 
11:29 Fri 25-05-07 <br/> 
14:03 Fri 25-05-07 <br/> 
14:28 Fri 25-05-07 <br/> 
18:48 Fri 25-05-07 <br/> 
3:32 Sat 26-05-07 <br/> 
5:59 Sat 26-05-07 <br/> 
10:35 Sat 26-05-07 <br/> 
10:39 Sat 26-05-07 <br/> 
10:49 Sat 26-05-07 <br/> 
12:59 Sat 26-05-07 <br/> 
14:51 Sat 26-05-07 <br/> 
17:54 Sat 26-05-07 <br/> 
18:43 Sat 26-05-07 <br/> 
22:12 Sat 26-05-07 <br/> 
2:40 Sun 27-05-07 <br/> 
4:25 Sun 27-05-07 <br/> 
4:43 Sun 27-05-07 <br/> 
5:05 Sun 27-05-07 <br/> 
5:06 Sun 27-05-07 <br/> 
7:20 Sun 27-05-07 <br/> 
7:20 Sun 27-05-07 <br/> 
13:52 Sun 27-05-07 <br/> 
13:52 Sun 27-05-07 <br/> 
15:05 Sun 27-05-07 <br/> 
18:02 Sun 27-05-07 <br/> 
20:37 Sun 27-05-07 <br/> 
1:38 Mon 28-05-07 <br/> 
1:56 Mon 28-05-07 <br/> 
2:24 Mon 28-05-07 <br/> 
2:28 Mon 28-05-07 <br/> 
4:24 Mon 28-05-07 <br/> 
7:42 Mon 28-05-07 <br/> 
11:32 Mon 28-05-07 <br/> 
12:25 Mon 28-05-07 <br/> 
14:19 Mon 28-05-07 <br/> 
23:51 Mon 28-05-07 <br/> 
23:51 Mon 28-05-07 <br/> 
0:51 Tue 29-05-07 <br/> 
2:00 Tue 29-05-07 <br/> 
2:58 Tue 29-05-07 <br/> 
3:23 Tue 29-05-07 <br/> 
3:23 Tue 29-05-07 <br/> 
5:24 Tue 29-05-07 <br/> 
7:58 Tue 29-05-07 <br/> 
7:58 Tue 29-05-07 <br/> 
9:21 Tue 29-05-07 <br/> 
9:31 Tue 29-05-07 <br/> 
10:29 Tue 29-05-07 <br/> 
11:44 Tue 29-05-07 <br/> 
13:38 Tue 29-05-07 <br/> 
17:31 Tue 29-05-07 <br/> 
17:59 Tue 29-05-07 <br/> 
21:42 Tue 29-05-07 <br/> 
1:00 Wed 30-05-07 <br/> 
2:06 Wed 30-05-07 <br/> 
2:38 Wed 30-05-07 <br/> 
2:38 Wed 30-05-07 <br/> 
2:54 Wed 30-05-07 <br/> 
5:13 Wed 30-05-07 <br/> 
5:13 Wed 30-05-07 <br/> 
13:34 Wed 30-05-07 <br/> 
15:43 Wed 30-05-07 <br/> 
17:49 Wed 30-05-07 <br/> 
17:51 Wed 30-05-07 <br/> 
21:19 Wed 30-05-07 <br/> 
21:33 Wed 30-05-07 <br/> 
21:33 Wed 30-05-07 <br/> 
23:48 Wed 30-05-07 <br/> 
3:27 Thu 31-05-07 <br/> 
4:56 Thu 31-05-07 <br/> 
6:42 Thu 31-05-07 <br/> 
6:42 Thu 31-05-07 <br/> 
8:01 Thu 31-05-07 <br/> 
9:42 Thu 31-05-07 <br/> 
12:51 Thu 31-05-07 <br/> 
12:51 Thu 31-05-07 <br/> 
16:23 Thu 31-05-07 <br/> 
20:24 Thu 31-05-07 <br/> 
20:24 Thu 31-05-07 <br/> 
0:19 Fri 01-06-07 <br/> 
0:38 Fri 01-06-07 <br/> 
0:38 Fri 01-06-07 <br/> 
3:20 Fri 01-06-07 <br/> 
5:13 Fri 01-06-07 <br/> 
12:46 Fri 01-06-07 <br/> 
15:18 Fri 01-06-07 <br/> 
17:41 Fri 01-06-07 <br/> 
20:42 Fri 01-06-07 <br/> 
21:00 Fri 01-06-07 <br/> 
21:35 Fri 01-06-07 <br/> 
0:02 Sat 02-06-07 <br/> 
5:53 Sat 02-06-07 <br/> 
6:33 Sat 02-06-07 <br/> 
7:58 Sat 02-06-07 <br/> 
12:34 Sat 02-06-07 <br/> 
12:38 Sat 02-06-07 <br/> 
12:51 Sat 02-06-07 <br/> 
22:06 Sat 02-06-07 <br/> 
22:09 Sat 02-06-07 <br/> 
3:21 Sun 03-06-07 <br/> 
6:07 Sun 03-06-07 <br/> 
11:03 Sun 03-06-07 <br/> 
11:19 Sun 03-06-07 <br/> 
11:50 Sun 03-06-07 <br/> 
14:34 Sun 03-06-07 <br/> 
23:52 Sun 03-06-07 <br/> 
4:02 Mon 04-06-07 <br/> 
6:31 Mon 04-06-07 <br/> 
8:16 Mon 04-06-07 <br/> 
8:43 Mon 04-06-07 <br/> 
12:02 Mon 04-06-07 <br/> 
13:47 Mon 04-06-07 <br/> 
14:34 Mon 04-06-07 <br/> 
14:52 Mon 04-06-07 <br/> 
17:01 Mon 04-06-07 <br/> 
18:06 Mon 04-06-07 <br/> 
21:17 Mon 04-06-07 <br/> 
21:54 Mon 04-06-07 <br/> 
22:08 Mon 04-06-07 <br/> 
23:48 Mon 04-06-07 <br/> 
1:21 Tue 05-06-07 <br/> 
3:21 Tue 05-06-07 <br/> 
4:21 Tue 05-06-07 <br/> 
5:21 Tue 05-06-07 <br/> 
12:05 Tue 05-06-07 <br/> 
12:31 Tue 05-06-07 <br/> 
13:23 Tue 05-06-07 <br/> 
13:47 Tue 05-06-07 <br/> 
14:05 Tue 05-06-07 <br/> 
15:44 Tue 05-06-07 <br/> 
16:04 Tue 05-06-07 <br/> 
0:38 Wed 06-06-07 <br/> 
0:39 Wed 06-06-07 <br/> 
1:15 Wed 06-06-07 <br/> 
1:59 Wed 06-06-07 <br/> 
2:15 Wed 06-06-07 <br/> 
5:27 Wed 06-06-07 <br/> 
11:07 Wed 06-06-07 <br/> 
13:16 Wed 06-06-07 <br/> 
13:31 Wed 06-06-07 <br/> 
14:00 Wed 06-06-07 <br/> 
15:20 Wed 06-06-07 <br/> 
17:03 Wed 06-06-07 <br/> 
17:30 Wed 06-06-07 <br/> 
17:41 Wed 06-06-07 <br/> 
17:47 Wed 06-06-07 <br/> 
22:10 Wed 06-06-07 <br/> 
0:25 Thu 07-06-07 <br/> 
0:54 Thu 07-06-07 <br/> 
2:30 Thu 07-06-07 <br/> 
2:56 Thu 07-06-07 <br/> 
7:17 Thu 07-06-07 <br/> 
10:42 Thu 07-06-07 <br/> 
13:58 Thu 07-06-07 <br/> 
19:30 Thu 07-06-07 <br/> 
21:24 Thu 07-06-07 <br/> 
2:18 Fri 08-06-07 <br/> 
3:53 Fri 08-06-07 <br/> 
4:06 Fri 08-06-07 <br/> 
5:06 Fri 08-06-07 <br/> 
9:18 Fri 08-06-07 <br/> 
9:37 Fri 08-06-07 <br/> 
11:08 Fri 08-06-07 <br/> 
13:37 Fri 08-06-07 <br/> 
14:06 Fri 08-06-07 <br/> 
16:02 Fri 08-06-07 <br/> 
17:41 Fri 08-06-07 <br/> 
17:45 Fri 08-06-07 <br/> 
17:56 Fri 08-06-07 <br/> 
18:07 Fri 08-06-07 <br/> 
19:12 Fri 08-06-07 <br/> 
0:24 Sat 09-06-07 <br/> 
8:53 Sat 09-06-07 <br/> 
10:15 Sat 09-06-07 <br/> 
12:35 Sat 09-06-07 <br/> 
14:16 Sat 09-06-07 <br/> 
16:44 Sat 09-06-07 <br/> 
1:54 Sun 10-06-07 <br/> 
2:17 Sun 10-06-07 <br/> 
5:26 Sun 10-06-07 <br/> 
6:04 Sun 10-06-07 <br/> 
10:31 Sun 10-06-07 <br/> 
13:15 Sun 10-06-07 <br/> 
13:49 Sun 10-06-07 <br/> 
18:21 Sun 10-06-07 <br/> 
18:46 Sun 10-06-07 <br/> 
22:45 Sun 10-06-07 <br/> 
23:12 Sun 10-06-07 <br/> 
23:38 Sun 10-06-07 <br/> 
1:21 Mon 11-06-07 <br/> 
2:40 Mon 11-06-07 <br/> 
8:59 Mon 11-06-07 <br/> 
14:14 Mon 11-06-07 <br/> 
14:20 Mon 11-06-07 <br/> 
18:21 Mon 11-06-07 <br/> 
23:27 Mon 11-06-07 <br/> 
1:33 Tue 12-06-07 <br/> 
2:40 Tue 12-06-07 <br/> 
5:17 Tue 12-06-07 <br/> 
8:30 Tue 12-06-07 <br/> 
9:52 Tue 12-06-07 <br/> 
11:08 Tue 12-06-07 <br/> 
14:03 Tue 12-06-07 <br/> 
14:11 Tue 12-06-07 <br/> 
17:17 Tue 12-06-07 <br/> 
18:21 Tue 12-06-07 <br/> 
18:26 Tue 12-06-07 <br/> 
19:01 Tue 12-06-07 <br/> 
21:21 Tue 12-06-07 <br/> 
0:14 Wed 13-06-07 <br/> 
1:36 Wed 13-06-07 <br/> 
1:55 Wed 13-06-07 <br/> 
4:06 Wed 13-06-07 <br/> 
7:49 Wed 13-06-07 <br/> 
8:23 Wed 13-06-07 <br/> 
11:11 Wed 13-06-07 <br/> 
11:51 Wed 13-06-07 <br/> 
21:13 Wed 13-06-07 <br/> 
23:13 Wed 13-06-07 <br/> 
0:19 Thu 14-06-07 <br/> 
1:12 Thu 14-06-07 <br/> 
1:15 Thu 14-06-07 <br/> 
2:52 Thu 14-06-07 <br/> 
4:53 Thu 14-06-07 <br/> 
4:55 Thu 14-06-07 <br/> 
5:05 Thu 14-06-07 <br/> 
12:17 Thu 14-06-07 <br/> 
13:11 Thu 14-06-07 <br/> 
16:10 Thu 14-06-07 <br/> 
16:30 Thu 14-06-07 <br/> 
21:45 Thu 14-06-07 <br/> 
23:19 Thu 14-06-07 <br/> 
23:50 Thu 14-06-07 <br/> 
3:36 Fri 15-06-07 <br/> 
4:45 Fri 15-06-07 <br/> 
5:07 Fri 15-06-07 <br/> 
7:03 Fri 15-06-07 <br/> 
10:25 Fri 15-06-07 <br/> 
11:05 Fri 15-06-07 <br/> 
11:53 Fri 15-06-07 <br/> 
14:07 Fri 15-06-07 <br/> 
0:39 Sat 16-06-07 <br/> 
1:55 Sat 16-06-07 <br/> 
4:40 Sat 16-06-07 <br/> 
9:13 Sat 16-06-07 <br/> 
16:46 Sat 16-06-07 <br/> 
17:31 Sat 16-06-07 <br/> 
23:06 Sat 16-06-07 <br/> 
0:17 Sun 17-06-07 <br/> 
0:40 Sun 17-06-07 <br/> 
3:00 Sun 17-06-07 <br/> 
3:01 Sun 17-06-07 <br/> 
9:19 Sun 17-06-07 <br/> 
14:39 Sun 17-06-07 <br/> 
15:55 Sun 17-06-07 <br/> 
17:37 Sun 17-06-07 <br/> 
2:29 Mon 18-06-07 <br/> 
3:53 Mon 18-06-07 <br/> 
9:33 Mon 18-06-07 <br/> 
11:35 Mon 18-06-07 <br/> 
16:49 Mon 18-06-07 <br/> 
18:59 Mon 18-06-07 <br/> 
20:42 Mon 18-06-07 <br/> 
23:51 Mon 18-06-07 <br/> 
2:02 Tue 19-06-07 <br/> 
3:57 Tue 19-06-07 <br/> 
4:01 Tue 19-06-07 <br/> 
6:20 Tue 19-06-07 <br/> 
8:53 Tue 19-06-07 <br/> 
9:45 Tue 19-06-07 <br/> 
11:05 Tue 19-06-07 <br/> 
13:08 Tue 19-06-07 <br/> 
16:58 Tue 19-06-07 <br/> 
23:47 Tue 19-06-07 <br/> 
1:08 Wed 20-06-07 <br/> 
1:16 Wed 20-06-07 <br/> 
1:44 Wed 20-06-07 <br/> 
3:37 Wed 20-06-07 <br/> 
4:32 Wed 20-06-07 <br/> 
7:23 Wed 20-06-07 <br/> 
8:46 Wed 20-06-07 <br/> 
9:47 Wed 20-06-07 <br/> 
16:41 Wed 20-06-07 <br/> 
19:50 Wed 20-06-07 <br/> 
23:03 Wed 20-06-07 <br/> 
23:32 Wed 20-06-07 <br/> 
2:51 Thu 21-06-07 <br/> 
4:17 Thu 21-06-07 <br/> 
15:12 Thu 21-06-07 <br/> 
15:49 Thu 21-06-07 <br/> 
16:35 Thu 21-06-07 <br/> 
16:58 Thu 21-06-07 <br/> 
17:20 Thu 21-06-07 <br/> 
18:55 Thu 21-06-07 <br/> 
22:50 Thu 21-06-07 <br/> 
23:58 Thu 21-06-07 <br/> 
1:16 Fri 22-06-07 <br/> 
5:25 Fri 22-06-07 <br/> 
10:06 Fri 22-06-07 <br/> 
19:25 Fri 22-06-07 <br/> 
19:54 Fri 22-06-07 <br/> 
23:23 Fri 22-06-07 <br/> 
2:06 Sat 23-06-07 <br/> 
4:48 Sat 23-06-07 <br/> 
5:31 Sat 23-06-07 <br/> 
6:54 Sat 23-06-07 <br/> 
8:57 Sat 23-06-07 <br/> 
10:40 Sat 23-06-07 <br/> 
13:20 Sat 23-06-07 <br/> 
13:22 Sat 23-06-07 <br/> 
13:31 Sat 23-06-07 <br/> 
13:35 Sat 23-06-07 <br/> 
13:52 Sat 23-06-07 <br/> 
13:53 Sat 23-06-07 <br/> 
14:53 Sat 23-06-07 <br/> 
15:13 Sat 23-06-07 <br/> 
17:22 Sat 23-06-07 <br/> 
17:22 Sat 23-06-07 <br/> 
20:20 Sat 23-06-07 <br/> 
22:16 Sat 23-06-07 <br/> 
22:41 Sat 23-06-07 <br/> 
22:49 Sat 23-06-07 <br/> 
22:54 Sat 23-06-07 <br/> 
2:42 Sun 24-06-07 <br/> 
5:19 Sun 24-06-07 <br/> 
7:09 Sun 24-06-07 <br/> 
8:39 Sun 24-06-07 <br/> 
11:15 Sun 24-06-07 <br/> 
11:19 Sun 24-06-07 <br/> 
11:54 Sun 24-06-07 <br/> 
11:56 Sun 24-06-07 <br/> 
12:14 Sun 24-06-07 <br/> 
13:33 Sun 24-06-07 <br/> 
13:48 Sun 24-06-07 <br/> 
14:18 Sun 24-06-07 <br/> 
14:46 Sun 24-06-07 <br/> 
14:48 Sun 24-06-07 <br/> 
15:34 Sun 24-06-07 <br/> 
16:33 Sun 24-06-07 <br/> 
17:09 Sun 24-06-07 <br/> 
19:15 Sun 24-06-07 <br/> 
20:09 Sun 24-06-07 <br/> 
21:04 Sun 24-06-07 <br/> 
21:52 Sun 24-06-07 <br/> 
23:30 Sun 24-06-07 <br/> 
0:09 Mon 25-06-07 <br/> 
5:08 Mon 25-06-07 <br/> 
5:30 Mon 25-06-07 <br/> 
6:46 Mon 25-06-07 <br/> 
6:56 Mon 25-06-07 <br/> 
7:39 Mon 25-06-07 <br/> 
8:27 Mon 25-06-07 <br/> 
8:58 Mon 25-06-07 <br/> 
9:59 Mon 25-06-07 <br/> 
11:15 Mon 25-06-07 <br/> 
11:30 Mon 25-06-07 <br/> 
11:36 Mon 25-06-07 <br/> 
11:53 Mon 25-06-07 <br/> 
12:20 Mon 25-06-07 <br/> 
12:50 Mon 25-06-07 <br/> 
13:14 Mon 25-06-07 <br/> 
13:19 Mon 25-06-07 <br/> 
15:04 Mon 25-06-07 <br/> 
15:19 Mon 25-06-07 <br/> 
15:59 Mon 25-06-07 <br/> 
16:03 Mon 25-06-07 <br/> 
16:49 Mon 25-06-07 <br/> 
17:15 Mon 25-06-07 <br/> 
17:35 Mon 25-06-07 <br/> 
18:02 Mon 25-06-07 <br/> 
18:19 Mon 25-06-07 <br/> 
18:43 Mon 25-06-07 <br/> 
18:55 Mon 25-06-07 <br/> 
18:59 Mon 25-06-07 <br/> 
19:07 Mon 25-06-07 <br/> 
19:19 Mon 25-06-07 <br/> 
19:39 Mon 25-06-07 <br/> 
20:32 Mon 25-06-07 <br/> 
21:44 Mon 25-06-07 <br/> 
22:52 Mon 25-06-07 <br/> 
23:27 Mon 25-06-07 <br/> 
23:31 Mon 25-06-07 <br/> 
23:51 Mon 25-06-07 <br/> 
0:02 Tue 26-06-07 <br/> 
0:23 Tue 26-06-07 <br/> 
1:40 Tue 26-06-07 <br/> 
1:49 Tue 26-06-07 <br/> 
2:22 Tue 26-06-07 <br/> 
2:39 Tue 26-06-07 <br/> 
3:36 Tue 26-06-07 <br/> 
8:09 Tue 26-06-07 <br/> 
8:58 Tue 26-06-07 <br/> 
9:48 Tue 26-06-07 <br/> 
10:03 Tue 26-06-07 <br/> 
11:55 Tue 26-06-07 <br/> 
13:17 Tue 26-06-07 <br/> 
13:33 Tue 26-06-07 <br/> 
13:51 Tue 26-06-07 <br/> 
14:22 Tue 26-06-07 <br/> 
14:39 Tue 26-06-07 <br/> 
16:11 Tue 26-06-07 <br/> 
16:26 Tue 26-06-07 <br/> 
16:33 Tue 26-06-07 <br/> 
17:13 Tue 26-06-07 <br/> 
17:57 Tue 26-06-07 <br/> 
18:01 Tue 26-06-07 <br/> 
19:30 Tue 26-06-07 <br/> 
19:45 Tue 26-06-07 <br/> 
21:39 Tue 26-06-07 <br/> 
21:47 Tue 26-06-07 <br/> 
22:40 Tue 26-06-07 <br/> 
23:03 Tue 26-06-07 <br/> 
0:49 Wed 27-06-07 <br/> 
1:47 Wed 27-06-07 <br/> 
3:05 Wed 27-06-07 <br/> 
4:06 Wed 27-06-07 <br/> 
5:09 Wed 27-06-07 <br/> 
5:39 Wed 27-06-07 <br/> 
9:11 Wed 27-06-07 <br/> 
9:16 Wed 27-06-07 <br/> 
9:50 Wed 27-06-07 <br/> 
11:57 Wed 27-06-07 <br/> 
13:42 Wed 27-06-07 <br/> 
13:47 Wed 27-06-07 <br/> 
14:03 Wed 27-06-07 <br/> 
14:35 Wed 27-06-07 <br/> 
14:50 Wed 27-06-07 <br/> 
15:03 Wed 27-06-07 <br/> 
15:33 Wed 27-06-07 <br/> 
15:51 Wed 27-06-07 <br/> 
16:04 Wed 27-06-07 <br/> 
16:16 Wed 27-06-07 <br/> 
16:33 Wed 27-06-07 <br/> 
16:48 Wed 27-06-07 <br/> 
17:06 Wed 27-06-07 <br/> 
17:49 Wed 27-06-07 <br/> 
18:21 Wed 27-06-07 <br/> 
18:36 Wed 27-06-07 <br/> 
21:38 Wed 27-06-07 <br/> 
22:30 Wed 27-06-07 <br/> 
0:15 Thu 28-06-07 <br/> 
1:47 Thu 28-06-07 <br/> 
2:06 Thu 28-06-07 <br/> 
2:17 Thu 28-06-07 <br/> 
5:10 Thu 28-06-07 <br/> 
6:39 Thu 28-06-07 <br/> 
7:06 Thu 28-06-07 <br/> 
7:42 Thu 28-06-07 <br/> 
9:51 Thu 28-06-07 <br/> 
10:04 Thu 28-06-07 <br/> 
10:20 Thu 28-06-07 <br/> 
10:40 Thu 28-06-07 <br/> 
10:47 Thu 28-06-07 <br/> 
11:04 Thu 28-06-07 <br/> 
11:16 Thu 28-06-07 <br/> 
11:39 Thu 28-06-07 <br/> 
11:53 Thu 28-06-07 <br/> 
12:19 Thu 28-06-07 <br/> 
12:44 Thu 28-06-07 <br/> 
12:52 Thu 28-06-07 <br/> 
13:04 Thu 28-06-07 <br/> 
13:22 Thu 28-06-07 <br/> 
13:37 Thu 28-06-07 <br/> 
13:50 Thu 28-06-07 <br/> 
14:02 Thu 28-06-07 <br/> 
14:27 Thu 28-06-07 <br/> 
14:45 Thu 28-06-07 <br/> 
14:46 Thu 28-06-07 <br/> 
15:30 Thu 28-06-07 <br/> 
16:03 Thu 28-06-07 <br/> 
16:40 Thu 28-06-07 <br/> 
17:39 Thu 28-06-07 <br/> 
17:51 Thu 28-06-07 <br/> 
18:35 Thu 28-06-07 <br/> 
23:18 Thu 28-06-07 <br/> 
2:37 Fri 29-06-07 <br/> 
4:02 Fri 29-06-07 <br/> 
5:25 Fri 29-06-07 <br/> 
6:07 Fri 29-06-07 <br/> 
7:49 Fri 29-06-07 <br/> 
10:49 Fri 29-06-07 <br/> 
10:52 Fri 29-06-07 <br/> 
11:25 Fri 29-06-07 <br/> 
12:01 Fri 29-06-07 <br/> 
12:42 Fri 29-06-07 <br/> 
13:34 Fri 29-06-07 <br/> 
15:01 Fri 29-06-07 <br/> 
16:38 Fri 29-06-07 <br/> 
17:05 Fri 29-06-07 <br/> 
18:29 Fri 29-06-07 <br/> 
18:45 Fri 29-06-07 <br/> 
22:14 Fri 29-06-07 <br/> 
1:26 Sat 30-06-07 <br/> 
2:17 Sat 30-06-07 <br/> 
4:20 Sat 30-06-07 <br/> 
5:35 Sat 30-06-07 <br/> 
9:03 Sat 30-06-07 <br/> 
9:04 Sat 30-06-07 <br/> 
11:05 Sat 30-06-07 <br/> 
13:06 Sat 30-06-07 <br/> 
14:04 Sat 30-06-07 <br/> 
14:31 Sat 30-06-07 <br/> 
15:27 Sat 30-06-07 <br/> 
15:31 Sat 30-06-07 <br/> 
16:59 Sat 30-06-07 <br/> 
17:01 Sat 30-06-07 <br/> 
20:07 Sat 30-06-07 <br/> 
22:02 Sat 30-06-07 <br/> 
22:41 Sat 30-06-07 <br/> 
22:48 Sat 30-06-07 <br/> 
1:03 Sun 01-07-07 <br/> 
1:30 Sun 01-07-07 <br/> 
1:56 Sun 01-07-07 <br/> 
3:07 Sun 01-07-07 <br/> 
3:07 Sun 01-07-07 <br/> 
4:14 Sun 01-07-07 <br/> 
5:34 Sun 01-07-07 <br/> 
10:55 Sun 01-07-07 <br/> 
12:58 Sun 01-07-07 <br/> 
14:20 Sun 01-07-07 <br/> 
15:00 Sun 01-07-07 <br/> 
18:10 Sun 01-07-07 <br/> 
21:27 Sun 01-07-07 <br/> 
22:26 Sun 01-07-07 <br/> 
23:43 Sun 01-07-07 <br/> 
2:05 Mon 02-07-07 <br/> 
2:23 Mon 02-07-07 <br/> 
3:45 Mon 02-07-07 <br/> 
4:38 Mon 02-07-07 <br/> 
15:03 Mon 02-07-07 <br/> 
21:35 Mon 02-07-07 <br/> 
21:43 Mon 02-07-07 <br/> 
2:59 Tue 03-07-07 <br/> 
3:42 Tue 03-07-07 <br/> 
5:08 Tue 03-07-07 <br/> 
5:53 Tue 03-07-07 <br/> 
10:04 Tue 03-07-07 <br/> 
11:22 Tue 03-07-07 <br/> 
12:29 Tue 03-07-07 <br/> 
14:05 Tue 03-07-07 <br/> 
16:27 Tue 03-07-07 <br/> 
0:08 Wed 04-07-07 <br/> 
1:37 Wed 04-07-07 <br/> 
2:12 Wed 04-07-07 <br/> 
3:44 Wed 04-07-07 <br/> 
3:55 Wed 04-07-07 <br/> 
5:59 Wed 04-07-07 <br/> 
7:46 Wed 04-07-07 <br/> 
12:07 Wed 04-07-07 <br/> 
13:36 Wed 04-07-07 <br/> 
14:05 Wed 04-07-07 <br/> 
14:24 Wed 04-07-07 <br/> 
18:29 Wed 04-07-07 <br/> 
20:59 Wed 04-07-07 <br/> 
22:45 Wed 04-07-07 <br/> 
0:46 Thu 05-07-07 <br/> 
1:57 Thu 05-07-07 <br/> 
3:46 Thu 05-07-07 <br/> 
4:35 Thu 05-07-07 <br/> 
5:39 Thu 05-07-07 <br/> 
10:26 Thu 05-07-07 <br/> 
12:01 Thu 05-07-07 <br/> 
14:37 Thu 05-07-07 <br/> 
15:10 Thu 05-07-07 <br/> 
15:21 Thu 05-07-07 <br/> 
16:24 Thu 05-07-07 <br/> 
18:30 Thu 05-07-07 <br/> 
3:40 Fri 06-07-07 <br/> 
6:55 Fri 06-07-07 <br/> 
7:17 Fri 06-07-07 <br/> 
8:19 Fri 06-07-07 <br/> 
10:41 Fri 06-07-07 <br/> 
0:19 Sat 07-07-07 <br/> 
2:33 Sat 07-07-07 <br/> 
3:49 Sat 07-07-07 <br/> 
4:12 Sat 07-07-07 <br/> 
7:17 Sat 07-07-07 <br/> 
8:03 Sat 07-07-07 <br/> 
14:14 Sat 07-07-07 <br/> 
19:05 Sat 07-07-07 <br/> 
19:13 Sat 07-07-07 <br/> 
20:11 Sat 07-07-07 <br/> 
2:25 Sun 08-07-07 <br/> 
3:31 Sun 08-07-07 <br/> 
3:51 Sun 08-07-07 <br/> 
16:28 Sun 08-07-07 <br/> 
0:03 Mon 09-07-07 <br/> 
3:53 Mon 09-07-07 <br/> 
4:05 Mon 09-07-07 <br/> 
4:16 Mon 09-07-07 <br/> 
5:08 Mon 09-07-07 <br/> 
6:12 Mon 09-07-07 <br/> 
12:04 Mon 09-07-07 <br/> 
12:16 Mon 09-07-07 <br/> 
23:08 Mon 09-07-07 <br/> 
0:05 Tue 10-07-07 <br/> 
1:05 Tue 10-07-07 <br/> 
3:54 Tue 10-07-07 <br/> 
6:01 Tue 10-07-07 <br/> 
7:36 Tue 10-07-07 <br/> 
7:37 Tue 10-07-07 <br/> 
11:16 Tue 10-07-07 <br/> 
18:51 Tue 10-07-07 <br/> 
20:17 Tue 10-07-07 <br/> 
22:49 Tue 10-07-07 <br/> 
0:04 Wed 11-07-07 <br/> 
3:00 Wed 11-07-07 <br/> 
3:56 Wed 11-07-07 <br/> 
6:44 Wed 11-07-07 <br/> 
9:50 Wed 11-07-07 <br/> 
10:50 Wed 11-07-07 <br/> 
17:01 Wed 11-07-07 <br/> 
19:31 Wed 11-07-07 <br/> 
22:28 Wed 11-07-07 <br/> 
23:35 Wed 11-07-07 <br/> 
1:47 Thu 12-07-07 <br/> 
2:22 Thu 12-07-07 <br/> 
3:57 Thu 12-07-07 <br/> 
4:12 Thu 12-07-07 <br/> 
6:10 Thu 12-07-07 <br/> 
6:53 Thu 12-07-07 <br/> 
10:44 Thu 12-07-07 <br/> 
10:50 Thu 12-07-07 <br/> 
21:45 Thu 12-07-07 <br/> 
0:40 Fri 13-07-07 <br/> 
2:06 Fri 13-07-07 <br/> 
3:59 Fri 13-07-07 <br/> 
5:34 Fri 13-07-07 <br/> 
14:07 Fri 13-07-07 <br/> 
14:54 Fri 13-07-07 <br/> 
15:17 Fri 13-07-07 <br/> 
23:51 Fri 13-07-07 <br/> 
0:42 Sat 14-07-07 <br/> 
1:55 Sat 14-07-07 <br/> 
2:40 Sat 14-07-07 <br/> 
3:18 Sat 14-07-07 <br/> 
4:00 Sat 14-07-07 <br/> 
8:10 Sat 14-07-07 <br/> 
9:13 Sat 14-07-07 <br/> 
17:42 Sat 14-07-07 <br/> 
20:00 Sat 14-07-07 <br/> 
20:19 Sat 14-07-07 <br/> 
1:42 Sun 15-07-07 <br/> 
2:42 Sun 15-07-07 <br/> 
2:54 Sun 15-07-07 <br/> 
3:53 Sun 15-07-07 <br/> 
3:58 Sun 15-07-07 <br/> 
6:48 Sun 15-07-07 <br/> 
17:58 Sun 15-07-07 <br/> 
18:29 Sun 15-07-07 <br/> 
19:07 Sun 15-07-07 <br/> 
19:43 Sun 15-07-07 <br/> 
20:59 Sun 15-07-07 <br/> 
22:53 Sun 15-07-07 <br/> 
0:25 Mon 16-07-07 <br/> 
1:42 Mon 16-07-07 <br/> 
4:06 Mon 16-07-07 <br/> 
5:12 Mon 16-07-07 <br/> 
5:25 Mon 16-07-07 <br/> 
10:44 Mon 16-07-07 <br/> 
12:06 Mon 16-07-07 <br/> 
16:53 Mon 16-07-07 <br/> 
18:44 Mon 16-07-07 <br/> 
20:42 Mon 16-07-07 <br/> 
21:04 Mon 16-07-07 <br/> 
23:46 Mon 16-07-07 <br/> 
0:47 Tue 17-07-07 <br/> 
2:10 Tue 17-07-07 <br/> 
3:36 Tue 17-07-07 <br/> 
4:10 Tue 17-07-07 <br/> 
7:54 Tue 17-07-07 <br/> 
15:08 Tue 17-07-07 <br/> 
17:17 Tue 17-07-07 <br/> 
20:07 Tue 17-07-07 <br/> 
0:29 Wed 18-07-07 <br/> 
1:44 Wed 18-07-07 <br/> 
2:41 Wed 18-07-07 <br/> 
3:31 Wed 18-07-07 <br/> 
3:31 Wed 18-07-07 <br/> 
5:50 Wed 18-07-07 <br/> 
9:00 Wed 18-07-07 <br/> 
12:42 Wed 18-07-07 <br/> 
13:34 Wed 18-07-07 <br/> 
14:41 Wed 18-07-07 <br/> 
17:52 Wed 18-07-07 <br/> 
18:11 Wed 18-07-07 <br/> 
19:02 Wed 18-07-07 <br/> 
20:35 Wed 18-07-07 <br/> 
21:16 Wed 18-07-07 <br/> 
21:45 Wed 18-07-07 <br/> 
23:23 Wed 18-07-07 <br/> 
0:11 Thu 19-07-07 <br/> 
5:58 Thu 19-07-07 <br/> 
7:51 Thu 19-07-07 <br/> 
11:52 Thu 19-07-07 <br/> 
12:14 Thu 19-07-07 <br/> 
15:40 Thu 19-07-07 <br/> 
19:04 Thu 19-07-07 <br/> 
23:05 Thu 19-07-07 <br/> 
23:25 Thu 19-07-07 <br/> 
1:31 Fri 20-07-07 <br/> 
1:57 Fri 20-07-07 <br/> 
2:20 Fri 20-07-07 <br/> 
7:40 Fri 20-07-07 <br/> 
9:39 Fri 20-07-07 <br/> 
14:48 Fri 20-07-07 <br/> 
15:06 Fri 20-07-07 <br/> 
17:58 Fri 20-07-07 <br/> 
23:52 Fri 20-07-07 <br/> 
1:12 Sat 21-07-07 <br/> 
2:20 Sat 21-07-07 <br/> 
2:42 Sat 21-07-07 <br/> 
3:21 Sat 21-07-07 <br/> 
4:16 Sat 21-07-07 <br/> 
14:45 Sat 21-07-07 <br/> 
17:44 Sat 21-07-07 <br/> 
1:33 Sun 22-07-07 <br/> 
2:16 Sun 22-07-07 <br/> 
10:36 Sun 22-07-07 <br/> 
10:55 Sun 22-07-07 <br/> 
16:28 Sun 22-07-07 <br/> 
20:51 Sun 22-07-07 <br/> 
1:47 Mon 23-07-07 <br/> 
3:47 Mon 23-07-07 <br/> 
6:01 Mon 23-07-07 <br/> 
8:25 Mon 23-07-07 <br/> 
8:39 Mon 23-07-07 <br/> 
11:44 Mon 23-07-07 <br/> 
12:08 Mon 23-07-07 <br/> 
16:54 Mon 23-07-07 <br/> 
17:17 Mon 23-07-07 <br/> 
19:38 Mon 23-07-07 <br/> 
23:05 Mon 23-07-07 <br/> 
1:03 Tue 24-07-07 <br/> 
3:00 Tue 24-07-07 <br/> 
12:16 Tue 24-07-07 <br/> 
12:19 Tue 24-07-07 <br/> 
13:45 Tue 24-07-07 <br/> 
16:39 Tue 24-07-07 <br/> 
17:41 Tue 24-07-07 <br/> 
22:00 Tue 24-07-07 <br/> 
22:23 Tue 24-07-07 <br/> 
23:57 Tue 24-07-07 <br/> 
0:52 Wed 25-07-07 <br/> 
4:19 Wed 25-07-07 <br/> 
6:02 Wed 25-07-07 <br/> 
7:41 Wed 25-07-07 <br/> 
9:55 Wed 25-07-07 <br/> 
10:20 Wed 25-07-07 <br/> 
10:36 Wed 25-07-07 <br/> 
13:44 Wed 25-07-07 <br/> 
14:10 Wed 25-07-07 <br/> 
15:37 Wed 25-07-07 <br/> 
16:23 Wed 25-07-07 <br/> 
17:44 Wed 25-07-07 <br/> 
18:18 Wed 25-07-07 <br/> 
18:18 Wed 25-07-07 <br/> 
23:52 Wed 25-07-07 <br/> 
0:21 Thu 26-07-07 <br/> 
0:45 Thu 26-07-07 <br/> 
4:05 Thu 26-07-07 <br/> 
9:48 Thu 26-07-07 <br/> 
10:17 Thu 26-07-07 <br/> 
10:19 Thu 26-07-07 <br/> 
11:29 Thu 26-07-07 <br/> 
12:12 Thu 26-07-07 <br/> 
13:23 Thu 26-07-07 <br/> 
15:03 Thu 26-07-07 <br/> 
15:13 Thu 26-07-07 <br/> 
15:31 Thu 26-07-07 <br/> 
16:35 Thu 26-07-07 <br/> 
17:39 Thu 26-07-07 <br/> 
17:56 Thu 26-07-07 <br/> 
18:54 Thu 26-07-07 <br/> 
20:24 Thu 26-07-07 <br/> 
22:52 Thu 26-07-07 <br/> 
