2:00 Thu 01-01-70 
11:52 Wed 05-07-06 
12:01 Wed 05-07-06 
9:39 Thu 06-07-06 
9:44 Thu 06-07-06 
9:51 Thu 06-07-06 
21:12 Thu 06-07-06 
2:18 Fri 07-07-06 
2:59 Fri 07-07-06 
6:16 Fri 07-07-06 
7:32 Fri 07-07-06 
10:52 Fri 07-07-06 
19:54 Fri 07-07-06 
14:53 Sat 08-07-06 
15:41 Sat 08-07-06 
15:43 Sat 08-07-06 
17:41 Sat 08-07-06 
15:04 Sun 09-07-06 
7:18 Mon 10-07-06 
23:21 Mon 10-07-06 
9:14 Tue 11-07-06 
17:45 Tue 11-07-06 
19:07 Tue 11-07-06 
0:04 Wed 12-07-06 
0:05 Wed 12-07-06 
13:51 Wed 12-07-06 
15:29 Wed 12-07-06 
20:08 Wed 12-07-06 
5:59 Thu 13-07-06 
21:17 Fri 14-07-06 
23:47 Fri 14-07-06 
7:30 Sat 15-07-06 
10:15 Sat 15-07-06 
14:37 Sat 15-07-06 
12:37 Mon 17-07-06 
13:29 Mon 17-07-06 
18:29 Mon 17-07-06 
18:48 Mon 17-07-06 
19:17 Mon 17-07-06 
20:19 Mon 17-07-06 
23:34 Mon 17-07-06 
5:58 Tue 18-07-06 
6:01 Tue 18-07-06 
6:04 Tue 18-07-06 
12:30 Tue 18-07-06 
13:26 Tue 18-07-06 
7:10 Wed 19-07-06 
11:59 Wed 19-07-06 
12:51 Wed 19-07-06 <br/> 
4:34 Thu 20-07-06 <br/> 
9:00 Thu 20-07-06 <br/> 
1:11 Fri 21-07-06 <br/> 
5:44 Fri 21-07-06 <br/> 
8:54 Fri 21-07-06 <br/> 
13:34 Fri 21-07-06 <br/> 
1:28 Sat 22-07-06 <br/> 
18:42 Sun 15-10-06 <br/> 
7:26 Sat 11-11-06 <br/> 
16:56 Sat 11-11-06 <br/> 
5:06 Sun 12-11-06 <br/> 
3:29 Tue 21-11-06 <br/> 
23:35 Tue 21-11-06 <br/> 
4:57 Wed 22-11-06 <br/> 
23:23 Wed 22-11-06 <br/> 
7:47 Thu 23-11-06 <br/> 
15:20 Fri 24-11-06 <br/> 
15:20 Fri 24-11-06 <br/> 
15:33 Fri 24-11-06 <br/> 
10:56 Sat 25-11-06 <br/> 
17:17 Sat 25-11-06 <br/> 
22:27 Sat 25-11-06 <br/> 
5:53 Sun 26-11-06 <br/> 
6:55 Sun 26-11-06 <br/> 
8:18 Sun 26-11-06 <br/> 
10:47 Sun 26-11-06 <br/> 
21:40 Tue 28-11-06 <br/> 
21:43 Tue 28-11-06 <br/> 
21:45 Tue 28-11-06 <br/> 
22:41 Wed 29-11-06 <br/> 
0:57 Thu 30-11-06 <br/> 
1:27 Thu 30-11-06 <br/> 
23:58 Thu 30-11-06 <br/> 
23:43 Sun 03-12-06 <br/> 
23:44 Sun 03-12-06 <br/> 
19:55 Mon 04-12-06 <br/> 
21:56 Mon 04-12-06 <br/> 
23:04 Tue 05-12-06 <br/> 
6:12 Wed 06-12-06 <br/> 
19:31 Thu 07-12-06 <br/> 
14:33 Fri 08-12-06 <br/> 
14:29 Sat 09-12-06 <br/> 
7:17 Sun 10-12-06 <br/> 
6:54 Mon 11-12-06 <br/> 
6:04 Tue 12-12-06 <br/> 
6:56 Tue 12-12-06 <br/> 
12:45 Tue 12-12-06 <br/> 
22:18 Tue 12-12-06 <br/> 
0:06 Wed 13-12-06 <br/> 
0:16 Thu 14-12-06 <br/> 
23:47 Thu 14-12-06 <br/> 
11:42 Fri 15-12-06 <br/> 
11:43 Fri 15-12-06 <br/> 
6:06 Sat 16-12-06 <br/> 
18:07 Sat 16-12-06 <br/> 
18:13 Sat 16-12-06 <br/> 
18:35 Sun 17-12-06 <br/> 
18:36 Mon 18-12-06 <br/> 
7:55 Tue 19-12-06 <br/> 
18:40 Tue 19-12-06 <br/> 
18:46 Wed 20-12-06 <br/> 
18:47 Thu 21-12-06 <br/> 
1:15 Fri 22-12-06 <br/> 
13:02 Fri 22-12-06 <br/> 
14:24 Fri 22-12-06 <br/> 
0:05 Sat 23-12-06 <br/> 
18:14 Sat 23-12-06 <br/> 
13:47 Sun 24-12-06 <br/> 
14:20 Sun 24-12-06 <br/> 
18:18 Sun 24-12-06 <br/> 
2:29 Mon 25-12-06 <br/> 
0:31 Tue 26-12-06 <br/> 
4:26 Tue 26-12-06 <br/> 
4:27 Tue 26-12-06 <br/> 
21:16 Wed 27-12-06 <br/> 
22:30 Wed 27-12-06 <br/> 
23:38 Wed 27-12-06 <br/> 
0:15 Thu 28-12-06 <br/> 
1:44 Thu 28-12-06 <br/> 
2:09 Thu 28-12-06 <br/> 
7:39 Thu 28-12-06 <br/> 
8:49 Thu 28-12-06 <br/> 
9:27 Thu 28-12-06 <br/> 
14:11 Thu 28-12-06 <br/> 
15:09 Thu 28-12-06 <br/> 
17:18 Thu 28-12-06 <br/> 
17:36 Thu 28-12-06 <br/> 
22:46 Thu 28-12-06 <br/> 
13:04 Fri 29-12-06 <br/> 
11:46 Sat 30-12-06 <br/> 
20:08 Sat 30-12-06 <br/> 
21:49 Sat 30-12-06 <br/> 
21:50 Sat 30-12-06 <br/> 
15:46 Sun 31-12-06 <br/> 
17:02 Sun 31-12-06 <br/> 
12:05 Tue 02-01-07 <br/> 
18:34 Tue 02-01-07 <br/> 
2:55 Wed 03-01-07 <br/> 
6:37 Wed 03-01-07 <br/> 
7:10 Wed 03-01-07 <br/> 
1:12 Thu 04-01-07 <br/> 
2:13 Thu 04-01-07 <br/> 
7:26 Thu 04-01-07 <br/> 
2:46 Fri 05-01-07 <br/> 
5:26 Fri 05-01-07 <br/> 
9:54 Fri 05-01-07 <br/> 
13:36 Fri 05-01-07 <br/> 
15:08 Fri 05-01-07 <br/> 
16:42 Fri 05-01-07 <br/> 
17:01 Fri 05-01-07 <br/> 
17:06 Fri 05-01-07 <br/> 
23:17 Fri 05-01-07 <br/> 
1:21 Sat 06-01-07 <br/> 
1:23 Sat 06-01-07 <br/> 
1:24 Sat 06-01-07 <br/> 
1:24 Sat 06-01-07 <br/> 
7:59 Sat 06-01-07 <br/> 
9:30 Sat 06-01-07 <br/> 
11:12 Sat 06-01-07 <br/> 
12:02 Sat 06-01-07 <br/> 
22:37 Sat 06-01-07 <br/> 
5:12 Mon 08-01-07 <br/> 
10:42 Tue 09-01-07 <br/> 
0:34 Wed 10-01-07 <br/> 
14:27 Wed 10-01-07 <br/> 
10:11 Thu 11-01-07 <br/> 
10:12 Thu 11-01-07 <br/> 
14:37 Fri 12-01-07 <br/> 
14:37 Fri 12-01-07 <br/> 
16:16 Fri 12-01-07 <br/> 
17:53 Fri 12-01-07 <br/> 
19:24 Fri 12-01-07 <br/> 
0:42 Sat 13-01-07 <br/> 
2:39 Sat 13-01-07 <br/> 
23:48 Sat 13-01-07 <br/> 
0:51 Mon 15-01-07 <br/> 
1:26 Mon 15-01-07 <br/> 
17:20 Mon 15-01-07 <br/> 
17:20 Mon 15-01-07 <br/> 
0:11 Wed 17-01-07 <br/> 
0:23 Thu 18-01-07 <br/> 
11:55 Thu 18-01-07 <br/> 
12:06 Fri 19-01-07 <br/> 
15:07 Fri 19-01-07 <br/> 
15:07 Fri 19-01-07 <br/> 
17:00 Fri 19-01-07 <br/> 
1:16 Sat 20-01-07 <br/> 
12:24 Sat 20-01-07 <br/> 
12:44 Sat 20-01-07 <br/> 
18:06 Sat 20-01-07 <br/> 
18:27 Sat 20-01-07 <br/> 
19:16 Sat 20-01-07 <br/> 
1:47 Sun 21-01-07 <br/> 
5:37 Sun 21-01-07 <br/> 
10:29 Sun 21-01-07 <br/> 
12:51 Sun 21-01-07 <br/> 
14:30 Sun 21-01-07 <br/> 
15:54 Sun 21-01-07 <br/> 
23:44 Sun 21-01-07 <br/> 
7:22 Mon 22-01-07 <br/> 
8:48 Mon 22-01-07 <br/> 
8:48 Mon 22-01-07 <br/> 
5:37 Tue 23-01-07 <br/> 
5:48 Tue 23-01-07 <br/> 
7:41 Tue 23-01-07 <br/> 
23:06 Tue 23-01-07 <br/> 
23:08 Tue 23-01-07 <br/> 
23:08 Tue 23-01-07 <br/> 
0:29 Wed 24-01-07 <br/> 
3:42 Wed 24-01-07 <br/> 
3:42 Wed 24-01-07 <br/> 
22:44 Wed 24-01-07 <br/> 
23:47 Wed 24-01-07 <br/> 
23:54 Wed 24-01-07 <br/> 
11:57 Thu 25-01-07 <br/> 
13:03 Thu 25-01-07 <br/> 
13:05 Thu 25-01-07 <br/> 
13:10 Thu 25-01-07 <br/> 
13:15 Thu 25-01-07 <br/> 
13:16 Thu 25-01-07 <br/> 
13:16 Thu 25-01-07 <br/> 
16:52 Thu 25-01-07 <br/> 
17:50 Thu 25-01-07 <br/> 
11:43 Fri 26-01-07 <br/> 
19:46 Fri 26-01-07 <br/> 
22:03 Fri 26-01-07 <br/> 
23:36 Fri 26-01-07 <br/> 
23:36 Fri 26-01-07 <br/> 
9:37 Sat 27-01-07 <br/> 
11:26 Sat 27-01-07 <br/> 
16:51 Sat 27-01-07 <br/> 
14:27 Sun 28-01-07 <br/> 
20:42 Sun 28-01-07 <br/> 
21:42 Sun 28-01-07 <br/> 
21:43 Sun 28-01-07 <br/> 
21:43 Sun 28-01-07 <br/> 
21:52 Sun 28-01-07 <br/> 
21:52 Sun 28-01-07 <br/> 
8:27 Mon 29-01-07 <br/> 
13:54 Mon 29-01-07 <br/> 
3:52 Tue 30-01-07 <br/> 
14:02 Tue 30-01-07 <br/> 
20:56 Tue 30-01-07 <br/> 
6:44 Wed 31-01-07 <br/> 
8:22 Wed 31-01-07 <br/> 
8:22 Wed 31-01-07 <br/> 
8:43 Wed 31-01-07 <br/> 
17:58 Wed 31-01-07 <br/> 
18:04 Wed 31-01-07 <br/> 
0:10 Thu 01-02-07 <br/> 
7:37 Thu 01-02-07 <br/> 
12:07 Thu 01-02-07 <br/> 
18:10 Sat 03-02-07 <br/> 
18:36 Sat 03-02-07 <br/> 
23:06 Sat 03-02-07 <br/> 
23:06 Sat 03-02-07 <br/> 
2:52 Sun 04-02-07 <br/> 
16:38 Sun 04-02-07 <br/> 
5:41 Mon 05-02-07 <br/> 
15:12 Mon 05-02-07 <br/> 
0:42 Tue 06-02-07 <br/> 
16:39 Tue 06-02-07 <br/> 
16:39 Tue 06-02-07 <br/> 
16:47 Tue 06-02-07 <br/> 
23:12 Tue 06-02-07 <br/> 
0:49 Wed 07-02-07 <br/> 
3:59 Wed 07-02-07 <br/> 
5:35 Wed 07-02-07 <br/> 
10:55 Wed 07-02-07 <br/> 
13:51 Wed 07-02-07 <br/> 
0:50 Thu 08-02-07 <br/> 
12:13 Thu 08-02-07 <br/> 
2:27 Fri 09-02-07 <br/> 
21:10 Fri 09-02-07 <br/> 
21:29 Fri 09-02-07 <br/> 
21:29 Fri 09-02-07 <br/> 
2:03 Sat 10-02-07 <br/> 
19:44 Sat 10-02-07 <br/> 
21:31 Mon 12-02-07 <br/> 
18:54 Wed 14-02-07 <br/> 
22:13 Wed 14-02-07 <br/> 
23:41 Wed 14-02-07 <br/> 
20:32 Thu 15-02-07 <br/> 
23:11 Thu 15-02-07 <br/> 
23:11 Thu 15-02-07 <br/> 
1:00 Fri 16-02-07 <br/> 
9:45 Fri 16-02-07 <br/> 
18:41 Fri 16-02-07 <br/> 
2:12 Sat 17-02-07 <br/> 
17:58 Sat 17-02-07 <br/> 
0:56 Sun 18-02-07 <br/> 
0:56 Sun 18-02-07 <br/> 
0:56 Sun 18-02-07 <br/> 
1:27 Sun 18-02-07 <br/> 
4:45 Sun 18-02-07 <br/> 
18:15 Sun 18-02-07 <br/> 
10:39 Mon 19-02-07 <br/> 
9:48 Tue 20-02-07 <br/> 
23:59 Tue 20-02-07 <br/> 
9:03 Wed 21-02-07 <br/> 
10:27 Wed 21-02-07 <br/> 
13:05 Wed 21-02-07 <br/> 
14:45 Wed 21-02-07 <br/> 
14:52 Wed 21-02-07 <br/> 
8:34 Thu 22-02-07 <br/> 
8:34 Thu 22-02-07 <br/> 
15:03 Thu 22-02-07 <br/> 
17:03 Thu 22-02-07 <br/> 
1:00 Fri 23-02-07 <br/> 
12:21 Fri 23-02-07 <br/> 
19:02 Fri 23-02-07 <br/> 
23:57 Fri 23-02-07 <br/> 
13:46 Sat 24-02-07 <br/> 
14:01 Sat 24-02-07 <br/> 
3:41 Sun 25-02-07 <br/> 
9:20 Sun 25-02-07 <br/> 
8:31 Mon 26-02-07 <br/> 
8:31 Mon 26-02-07 <br/> 
13:21 Mon 26-02-07 <br/> 
0:27 Tue 27-02-07 <br/> 
20:38 Tue 27-02-07 <br/> 
5:04 Wed 28-02-07 <br/> 
19:43 Wed 28-02-07 <br/> 
0:13 Thu 01-03-07 <br/> 
19:22 Thu 01-03-07 <br/> 
0:10 Fri 02-03-07 <br/> 
0:10 Fri 02-03-07 <br/> 
12:35 Fri 02-03-07 <br/> 
15:24 Sat 03-03-07 <br/> 
9:21 Sun 04-03-07 <br/> 
10:59 Tue 06-03-07 <br/> 
10:59 Tue 06-03-07 <br/> 
19:27 Tue 06-03-07 <br/> 
3:07 Thu 08-03-07 <br/> 
5:13 Thu 08-03-07 <br/> 
9:14 Fri 09-03-07 <br/> 
1:18 Sat 10-03-07 <br/> 
3:00 Sat 10-03-07 <br/> 
3:00 Sat 10-03-07 <br/> 
13:45 Sat 10-03-07 <br/> 
13:46 Sat 10-03-07 <br/> 
3:21 Sun 11-03-07 <br/> 
9:22 Sun 11-03-07 <br/> 
23:53 Mon 12-03-07 <br/> 
3:44 Wed 14-03-07 <br/> 
11:32 Wed 14-03-07 <br/> 
11:32 Wed 14-03-07 <br/> 
13:38 Wed 14-03-07 <br/> 
13:38 Wed 14-03-07 <br/> 
13:38 Wed 14-03-07 <br/> 
13:38 Wed 14-03-07 <br/> 
13:38 Wed 14-03-07 <br/> 
13:38 Wed 14-03-07 <br/> 
16:07 Thu 15-03-07 <br/> 
16:17 Thu 15-03-07 <br/> 
16:27 Thu 15-03-07 <br/> 
16:41 Thu 15-03-07 <br/> 
0:25 Fri 16-03-07 <br/> 
7:53 Fri 16-03-07 <br/> 
16:51 Fri 16-03-07 <br/> 
16:58 Fri 16-03-07 <br/> 
0:12 Sat 17-03-07 <br/> 
1:15 Sat 17-03-07 <br/> 
23:48 Sat 17-03-07 <br/> 
9:23 Sun 18-03-07 <br/> 
2:07 Mon 19-03-07 <br/> 
3:06 Mon 19-03-07 <br/> 
16:59 Tue 20-03-07 <br/> 
12:36 Wed 21-03-07 <br/> 
13:12 Wed 21-03-07 <br/> 
0:02 Thu 22-03-07 <br/> 
0:02 Thu 22-03-07 <br/> 
7:45 Thu 22-03-07 <br/> 
3:06 Fri 23-03-07 <br/> 
6:24 Sat 24-03-07 <br/> 
16:00 Sat 24-03-07 <br/> 
8:53 Sun 25-03-07 <br/> 
9:24 Sun 25-03-07 <br/> 
13:11 Mon 26-03-07 <br/> 
20:14 Mon 26-03-07 <br/> 
4:06 Wed 28-03-07 <br/> 
20:22 Wed 28-03-07 <br/> 
20:22 Wed 28-03-07 <br/> 
5:38 Thu 29-03-07 <br/> 
5:25 Fri 30-03-07 <br/> 
23:45 Fri 30-03-07 <br/> 
0:29 Sun 01-04-07 <br/> 
9:26 Sun 01-04-07 <br/> 
13:34 Sun 01-04-07 <br/> 
19:09 Sun 01-04-07 <br/> 
19:09 Sun 01-04-07 <br/> 
23:46 Mon 02-04-07 <br/> 
18:50 Tue 03-04-07 <br/> 
23:51 Tue 03-04-07 <br/> 
20:20 Wed 04-04-07 <br/> 
20:20 Wed 04-04-07 <br/> 
0:22 Thu 05-04-07 <br/> 
16:05 Thu 05-04-07 <br/> 
21:29 Thu 05-04-07 <br/> 
14:27 Sat 07-04-07 <br/> 
6:51 Sun 08-04-07 <br/> 
6:51 Sun 08-04-07 <br/> 
17:24 Sun 08-04-07 <br/> 
1:49 Mon 09-04-07 <br/> 
6:46 Mon 09-04-07 <br/> 
0:24 Tue 10-04-07 <br/> 
20:38 Tue 10-04-07 <br/> 
20:38 Tue 10-04-07 <br/> 
13:04 Wed 11-04-07 <br/> 
19:48 Wed 11-04-07 <br/> 
0:04 Thu 12-04-07 <br/> 
1:40 Thu 12-04-07 <br/> 
4:08 Thu 12-04-07 <br/> 
22:09 Thu 12-04-07 <br/> 
22:09 Thu 12-04-07 <br/> 
22:54 Thu 12-04-07 <br/> 
0:43 Fri 13-04-07 <br/> 
2:12 Fri 13-04-07 <br/> 
16:18 Fri 13-04-07 <br/> 
16:18 Fri 13-04-07 <br/> 
18:26 Fri 13-04-07 <br/> 
7:25 Sat 14-04-07 <br/> 
8:01 Sat 14-04-07 <br/> 
9:52 Sat 14-04-07 <br/> 
14:26 Sat 14-04-07 <br/> 
13:15 Mon 16-04-07 <br/> 
19:44 Mon 16-04-07 <br/> 
0:11 Tue 17-04-07 <br/> 
0:53 Tue 17-04-07 <br/> 
16:08 Tue 17-04-07 <br/> 
5:02 Thu 19-04-07 <br/> 
11:56 Thu 19-04-07 <br/> 
11:56 Thu 19-04-07 <br/> 
21:58 Thu 19-04-07 <br/> 
11:25 Fri 20-04-07 <br/> 
21:46 Fri 20-04-07 <br/> 
10:06 Sat 21-04-07 <br/> 
0:48 Sun 22-04-07 <br/> 
1:43 Mon 23-04-07 <br/> 
8:34 Mon 23-04-07 <br/> 
19:17 Mon 23-04-07 <br/> 
0:51 Tue 24-04-07 <br/> 
2:52 Tue 24-04-07 <br/> 
5:34 Wed 25-04-07 <br/> 
14:26 Wed 25-04-07 <br/> 
23:22 Wed 25-04-07 <br/> 
1:46 Thu 26-04-07 <br/> 
18:45 Thu 26-04-07 <br/> 
0:35 Fri 27-04-07 <br/> 
15:24 Fri 27-04-07 <br/> 
15:25 Fri 27-04-07 <br/> 
15:25 Fri 27-04-07 <br/> 
18:57 Fri 27-04-07 <br/> 
0:56 Sat 28-04-07 <br/> 
13:39 Sat 28-04-07 <br/> 
22:02 Sat 28-04-07 <br/> 
3:52 Sun 29-04-07 <br/> 
11:16 Sun 29-04-07 <br/> 
11:17 Sun 29-04-07 <br/> 
11:17 Sun 29-04-07 <br/> 
5:26 Tue 01-05-07 <br/> 
0:32 Thu 03-05-07 <br/> 
3:48 Thu 03-05-07 <br/> 
11:41 Sun 06-05-07 <br/> 
11:41 Sun 06-05-07 <br/> 
14:21 Mon 07-05-07 <br/> 
19:27 Mon 07-05-07 <br/> 
0:08 Tue 08-05-07 <br/> 
5:26 Tue 08-05-07 <br/> 
6:58 Tue 08-05-07 <br/> 
10:02 Tue 08-05-07 <br/> 
22:03 Tue 08-05-07 <br/> 
2:33 Wed 09-05-07 <br/> 
13:57 Thu 10-05-07 <br/> 
13:59 Thu 10-05-07 <br/> 
14:00 Thu 10-05-07 <br/> 
15:06 Thu 10-05-07 <br/> 
17:53 Thu 10-05-07 <br/> 
17:53 Thu 10-05-07 <br/> 
17:53 Thu 10-05-07 <br/> 
17:53 Thu 10-05-07 <br/> 
17:53 Thu 10-05-07 <br/> 
0:32 Fri 11-05-07 <br/> 
10:50 Fri 11-05-07 <br/> 
10:50 Fri 11-05-07 <br/> 
10:51 Fri 11-05-07 <br/> 
10:51 Fri 11-05-07 <br/> 
10:51 Fri 11-05-07 <br/> 
10:51 Fri 11-05-07 <br/> 
10:52 Fri 11-05-07 <br/> 
16:47 Tue 15-05-07 <br/> 
6:51 Wed 16-05-07 <br/> 
15:10 Wed 16-05-07 <br/> 
15:10 Wed 16-05-07 <br/> 
7:51 Thu 17-05-07 <br/> 
3:18 Sat 19-05-07 <br/> 
3:18 Sat 19-05-07 <br/> 
3:18 Sat 19-05-07 <br/> 
17:44 Sat 19-05-07 <br/> 
22:11 Sat 19-05-07 <br/> 
11:52 Sun 20-05-07 <br/> 
5:38 Mon 21-05-07 <br/> 
2:24 Tue 22-05-07 <br/> 
12:43 Tue 22-05-07 <br/> 
16:25 Tue 22-05-07 <br/> 
8:38 Wed 23-05-07 <br/> 
8:43 Wed 23-05-07 <br/> 
8:43 Wed 23-05-07 <br/> 
20:08 Thu 24-05-07 <br/> 
6:08 Sat 26-05-07 <br/> 
21:13 Sun 27-05-07 <br/> 
21:13 Sun 27-05-07 <br/> 
14:03 Mon 28-05-07 <br/> 
23:10 Mon 28-05-07 <br/> 
11:23 Tue 29-05-07 <br/> 
15:04 Tue 29-05-07 <br/> 
21:15 Tue 29-05-07 <br/> 
20:11 Wed 30-05-07 <br/> 
22:30 Wed 30-05-07 <br/> 
0:03 Thu 31-05-07 <br/> 
0:45 Thu 31-05-07 <br/> 
8:00 Thu 31-05-07 <br/> 
11:35 Sun 03-06-07 <br/> 
11:35 Sun 03-06-07 <br/> 
15:26 Sun 03-06-07 <br/> 
21:05 Mon 04-06-07 <br/> 
15:57 Tue 05-06-07 <br/> 
13:51 Wed 06-06-07 <br/> 
8:14 Thu 07-06-07 <br/> 
12:13 Sat 09-06-07 <br/> 
16:36 Sat 09-06-07 <br/> 
7:22 Sun 10-06-07 <br/> 
7:22 Sun 10-06-07 <br/> 
7:22 Sun 10-06-07 <br/> 
0:51 Mon 11-06-07 <br/> 
23:44 Mon 11-06-07 <br/> 
10:10 Tue 12-06-07 <br/> 
19:14 Tue 12-06-07 <br/> 
19:29 Tue 12-06-07 <br/> 
19:31 Tue 12-06-07 <br/> 
20:09 Wed 13-06-07 <br/> 
20:20 Wed 13-06-07 <br/> 
11:27 Thu 14-06-07 <br/> 
20:41 Thu 14-06-07 <br/> 
14:15 Fri 15-06-07 <br/> 
17:12 Fri 15-06-07 <br/> 
13:38 Sat 16-06-07 <br/> 
21:42 Sat 16-06-07 <br/> 
5:29 Mon 18-06-07 <br/> 
21:50 Mon 18-06-07 <br/> 
21:51 Mon 18-06-07 <br/> 
22:21 Mon 18-06-07 <br/> 
22:52 Mon 18-06-07 <br/> 
0:08 Tue 19-06-07 <br/> 
0:58 Wed 20-06-07 <br/> 
2:42 Wed 20-06-07 <br/> 
23:49 Wed 20-06-07 <br/> 
1:20 Thu 21-06-07 <br/> 
0:09 Fri 22-06-07 <br/> 
1:27 Fri 22-06-07 <br/> 
21:20 Fri 22-06-07 <br/> 
22:48 Sat 23-06-07 <br/> 
13:14 Mon 25-06-07 <br/> 
13:15 Mon 25-06-07 <br/> 
13:15 Mon 25-06-07 <br/> 
13:15 Mon 25-06-07 <br/> 
13:15 Mon 25-06-07 <br/> 
13:15 Mon 25-06-07 <br/> 
13:29 Mon 25-06-07 <br/> 
13:30 Mon 25-06-07 <br/> 
0:16 Tue 26-06-07 <br/> 
3:47 Wed 27-06-07 <br/> 
0:28 Thu 28-06-07 <br/> 
12:19 Thu 28-06-07 <br/> 
14:03 Thu 28-06-07 <br/> 
11:44 Fri 29-06-07 <br/> 
19:53 Fri 29-06-07 <br/> 
4:22 Sat 30-06-07 <br/> 
4:27 Sat 30-06-07 <br/> 
4:27 Sat 30-06-07 <br/> 
15:40 Sat 30-06-07 <br/> 
20:52 Sat 30-06-07 <br/> 
21:17 Sat 30-06-07 <br/> 
21:55 Sat 30-06-07 <br/> 
22:00 Sat 30-06-07 <br/> 
23:25 Sat 30-06-07 <br/> 
0:34 Sun 01-07-07 <br/> 
9:53 Sun 01-07-07 <br/> 
9:59 Sun 01-07-07 <br/> 
20:11 Sun 01-07-07 <br/> 
20:25 Sun 01-07-07 <br/> 
20:50 Sun 01-07-07 <br/> 
20:50 Sun 01-07-07 <br/> 
4:24 Mon 02-07-07 <br/> 
19:16 Wed 04-07-07 <br/> 
19:16 Wed 04-07-07 <br/> 
20:12 Wed 04-07-07 <br/> 
11:30 Thu 05-07-07 <br/> 
21:52 Thu 05-07-07 <br/> 
10:51 Sat 07-07-07 <br/> 
10:51 Sat 07-07-07 <br/> 
10:51 Sat 07-07-07 <br/> 
10:53 Sat 07-07-07 <br/> 
10:53 Sat 07-07-07 <br/> 
10:00 Sun 08-07-07 <br/> 
15:22 Sun 08-07-07 <br/> 
5:45 Mon 09-07-07 <br/> 
12:15 Mon 09-07-07 <br/> 
14:29 Mon 09-07-07 <br/> 
17:52 Mon 09-07-07 <br/> 
12:01 Tue 10-07-07 <br/> 
23:46 Wed 11-07-07 <br/> 
13:26 Thu 12-07-07 <br/> 
14:16 Thu 12-07-07 <br/> 
23:47 Thu 12-07-07 <br/> 
23:47 Thu 12-07-07 <br/> 
23:48 Thu 12-07-07 <br/> 
23:48 Thu 12-07-07 <br/> 
23:49 Thu 12-07-07 <br/> 
0:02 Fri 13-07-07 <br/> 
0:04 Fri 13-07-07 <br/> 
0:05 Fri 13-07-07 <br/> 
0:05 Fri 13-07-07 <br/> 
0:05 Fri 13-07-07 <br/> 
0:06 Fri 13-07-07 <br/> 
0:06 Fri 13-07-07 <br/> 
0:51 Fri 13-07-07 <br/> 
14:48 Fri 13-07-07 <br/> 
14:48 Fri 13-07-07 <br/> 
0:53 Sat 14-07-07 <br/> 
1:26 Sun 15-07-07 <br/> 
3:25 Sun 15-07-07 <br/> 
4:28 Sun 15-07-07 <br/> 
10:01 Sun 15-07-07 <br/> 
5:38 Mon 16-07-07 <br/> 
12:18 Mon 16-07-07 <br/> 
18:34 Mon 16-07-07 <br/> 
18:42 Mon 16-07-07 <br/> 
21:13 Mon 16-07-07 <br/> 
23:59 Mon 16-07-07 <br/> 
0:22 Tue 17-07-07 <br/> 
0:40 Wed 18-07-07 <br/> 
0:25 Thu 19-07-07 <br/> 
19:49 Thu 19-07-07 <br/> 
19:50 Thu 19-07-07 <br/> 
19:50 Thu 19-07-07 <br/> 
0:43 Fri 20-07-07 <br/> 
1:07 Fri 20-07-07 <br/> 
0:04 Sat 21-07-07 <br/> 
9:03 Sat 21-07-07 <br/> 
13:23 Sat 21-07-07 <br/> 
21:30 Sat 21-07-07 <br/> 
2:08 Sun 22-07-07 <br/> 
10:15 Sun 22-07-07 <br/> 
12:19 Mon 23-07-07 <br/> 
6:15 Tue 24-07-07 <br/> 
8:14 Tue 24-07-07 <br/> 
0:08 Wed 25-07-07 <br/> 
0:32 Wed 25-07-07 <br/> 
0:32 Wed 25-07-07 <br/> 
3:30 Wed 25-07-07 <br/> 
0:03 Thu 26-07-07 <br/> 
15:00 Thu 26-07-07 <br/> 
0:04 Fri 27-07-07 <br/> 
13:04 Fri 27-07-07 <br/> 
13:04 Fri 27-07-07 <br/> 
13:04 Fri 27-07-07 <br/> 
13:04 Fri 27-07-07 <br/> 
13:04 Fri 27-07-07 <br/> 
13:05 Fri 27-07-07 <br/> 
13:05 Fri 27-07-07 <br/> 
13:05 Fri 27-07-07 <br/> 
13:05 Fri 27-07-07 <br/> 
13:06 Fri 27-07-07 <br/> 
13:06 Fri 27-07-07 <br/> 
13:06 Fri 27-07-07 <br/> 
13:06 Fri 27-07-07 <br/> 
13:06 Fri 27-07-07 <br/> 
23:10 Fri 27-07-07 <br/> 
23:10 Fri 27-07-07 <br/> 
23:55 Fri 27-07-07 <br/> 
1:04 Sun 29-07-07 <br/> 
4:39 Sun 29-07-07 <br/> 
23:39 Sun 29-07-07 <br/> 
23:39 Sun 29-07-07 <br/> 
1:41 Mon 30-07-07 <br/> 
0:11 Tue 31-07-07 <br/> 
6:37 Tue 31-07-07 <br/> 
14:33 Thu 02-08-07 <br/> 
4:20 Fri 03-08-07 <br/> 
6:55 Wed 08-08-07 <br/> 
21:08 Wed 08-08-07 <br/> 
18:17 Thu 09-08-07 <br/> 
18:17 Thu 09-08-07 <br/> 
18:17 Thu 09-08-07 <br/> 
18:18 Thu 09-08-07 <br/> 
18:18 Thu 09-08-07 <br/> 
18:18 Thu 09-08-07 <br/> 
18:19 Thu 09-08-07 <br/> 
23:42 Thu 09-08-07 <br/> 
5:59 Fri 10-08-07 <br/> 
9:58 Fri 10-08-07 <br/> 
4:05 Sun 12-08-07 <br/> 
7:34 Sun 12-08-07 <br/> 
12:23 Mon 13-08-07 <br/> 
14:59 Wed 15-08-07 <br/> 
14:59 Wed 15-08-07 <br/> 
7:54 Fri 17-08-07 <br/> 
15:02 Fri 17-08-07 <br/> 
18:43 Fri 17-08-07 <br/> 
1:10 Sun 19-08-07 <br/> 
18:43 Sun 19-08-07 <br/> 
2:25 Mon 20-08-07 <br/> 
12:25 Mon 20-08-07 <br/> 
11:21 Tue 21-08-07 <br/> 
9:35 Wed 22-08-07 <br/> 
15:19 Wed 22-08-07 <br/> 
0:22 Thu 23-08-07 <br/> 
23:01 Thu 23-08-07 <br/> 
0:32 Fri 24-08-07 <br/> 
8:00 Fri 24-08-07 <br/> 
9:22 Fri 24-08-07 <br/> 
23:10 Fri 24-08-07 <br/> 
18:28 Sat 25-08-07 <br/> 
1:58 Sun 26-08-07 <br/> 
9:00 Sun 26-08-07 <br/> 
22:36 Sun 26-08-07 <br/> 
4:24 Mon 27-08-07 <br/> 
1:12 Tue 28-08-07 <br/> 
5:05 Tue 28-08-07 <br/> 
6:17 Tue 28-08-07 <br/> 
7:48 Tue 28-08-07 <br/> 
13:29 Tue 28-08-07 <br/> 
16:57 Tue 28-08-07 <br/> 
17:04 Tue 28-08-07 <br/> 
18:40 Tue 28-08-07 <br/> 
23:09 Tue 28-08-07 <br/> 
23:10 Tue 28-08-07 <br/> 
23:10 Tue 28-08-07 <br/> 
23:11 Tue 28-08-07 <br/> 
3:17 Wed 29-08-07 <br/> 
0:01 Thu 30-08-07 <br/> 
0:30 Thu 30-08-07 <br/> 
10:21 Fri 31-08-07 <br/> 
10:31 Sat 01-09-07 <br/> 
8:19 Sun 02-09-07 <br/> 
14:06 Sun 02-09-07 <br/> 
14:06 Sun 02-09-07 <br/> 
14:07 Sun 02-09-07 <br/> 
14:07 Sun 02-09-07 <br/> 
14:08 Sun 02-09-07 <br/> 
13:22 Mon 03-09-07 <br/> 
5:39 Wed 05-09-07 <br/> 
5:39 Wed 05-09-07 <br/> 
14:12 Thu 06-09-07 <br/> 
14:14 Thu 06-09-07 <br/> 
22:05 Thu 06-09-07 <br/> 
0:47 Fri 07-09-07 <br/> 
13:09 Fri 07-09-07 <br/> 
11:52 Sun 09-09-07 <br/> 
9:52 Thu 13-09-07 <br/> 
21:37 Thu 13-09-07 <br/> 
0:06 Fri 14-09-07 <br/> 
0:53 Fri 14-09-07 <br/> 
12:53 Fri 14-09-07 <br/> 
22:37 Fri 14-09-07 <br/> 
22:37 Fri 14-09-07 <br/> 
22:37 Fri 14-09-07 <br/> 
22:38 Fri 14-09-07 <br/> 
22:38 Fri 14-09-07 <br/> 
22:38 Fri 14-09-07 <br/> 
17:38 Sat 15-09-07 <br/> 
0:26 Sun 16-09-07 <br/> 
0:26 Sun 16-09-07 <br/> 
4:05 Tue 18-09-07 <br/> 
11:19 Wed 19-09-07 <br/> 
23:47 Wed 19-09-07 <br/> 
12:16 Fri 21-09-07 <br/> 
15:28 Fri 21-09-07 <br/> 
23:19 Fri 21-09-07 <br/> 
7:32 Sat 22-09-07 <br/> 
7:32 Sat 22-09-07 <br/> 
22:03 Sat 22-09-07 <br/> 
13:54 Sun 23-09-07 <br/> 
4:32 Tue 25-09-07 <br/> 
7:39 Tue 25-09-07 <br/> 
23:09 Tue 25-09-07 <br/> 
0:16 Fri 28-09-07 <br/> 
23:03 Mon 01-10-07 <br/> 
23:04 Mon 01-10-07 <br/> 
8:45 Tue 02-10-07 <br/> 
0:04 Wed 03-10-07 <br/> 
7:42 Thu 04-10-07 <br/> 
7:45 Thu 04-10-07 <br/> 
20:28 Thu 04-10-07 <br/> 
20:28 Thu 04-10-07 <br/> 
0:08 Fri 05-10-07 <br/> 
9:28 Fri 05-10-07 <br/> 
9:28 Fri 05-10-07 <br/> 
9:28 Fri 05-10-07 <br/> 
9:28 Fri 05-10-07 <br/> 
9:28 Fri 05-10-07 <br/> 
19:22 Fri 05-10-07 <br/> 
2:04 Sat 06-10-07 <br/> 
2:05 Sat 06-10-07 <br/> 
2:05 Sat 06-10-07 <br/> 
23:30 Sat 06-10-07 <br/> 
23:31 Sat 06-10-07 <br/> 
4:49 Sun 07-10-07 <br/> 
4:50 Sun 07-10-07 <br/> 
16:19 Sun 07-10-07 <br/> 
3:46 Mon 08-10-07 <br/> 
14:54 Mon 08-10-07 <br/> 
14:54 Mon 08-10-07 <br/> 
3:29 Tue 09-10-07 <br/> 
3:31 Tue 09-10-07 <br/> 
8:46 Tue 09-10-07 <br/> 
0:23 Thu 11-10-07 <br/> 
11:47 Thu 11-10-07 <br/> 
23:45 Thu 11-10-07 <br/> 
0:47 Sat 13-10-07 <br/> 
3:44 Sat 13-10-07 <br/> 
3:44 Sat 13-10-07 <br/> 
3:44 Sat 13-10-07 <br/> 
1:54 Mon 15-10-07 <br/> 
23:56 Mon 15-10-07 <br/> 
8:09 Tue 16-10-07 <br/> 
8:50 Tue 16-10-07 <br/> 
23:58 Tue 16-10-07 <br/> 
0:29 Thu 18-10-07 <br/> 
20:08 Thu 18-10-07 <br/> 
20:08 Thu 18-10-07 <br/> 
20:08 Thu 18-10-07 <br/> 
20:08 Thu 18-10-07 <br/> 
23:19 Thu 18-10-07 <br/> 
23:19 Thu 18-10-07 <br/> 
23:19 Thu 18-10-07 <br/> 
23:19 Thu 18-10-07 <br/> 
14:11 Sat 20-10-07 <br/> 
14:44 Sat 20-10-07 <br/> 
17:39 Sat 20-10-07 <br/> 
2:55 Sun 21-10-07 <br/> 
11:20 Sun 21-10-07 <br/> 
1:43 Mon 22-10-07 <br/> 
0:25 Tue 23-10-07 <br/> 
8:56 Tue 23-10-07 <br/> 
0:07 Wed 24-10-07 <br/> 
13:04 Wed 24-10-07 <br/> 
13:05 Wed 24-10-07 <br/> 
13:05 Wed 24-10-07 <br/> 
0:23 Fri 26-10-07 <br/> 
4:01 Sat 27-10-07 <br/> 
22:11 Sun 28-10-07 <br/> 
22:11 Sun 28-10-07 <br/> 
4:58 Tue 30-10-07 <br/> 
4:58 Tue 30-10-07 <br/> 
4:59 Tue 30-10-07 <br/> 
10:51 Tue 30-10-07 <br/> 
23:56 Tue 30-10-07 <br/> 
4:39 Wed 31-10-07 <br/> 
9:47 Thu 01-11-07 <br/> 
19:56 Sat 03-11-07 <br/> 
19:56 Sat 03-11-07 <br/> 
19:56 Sat 03-11-07 <br/> 
19:56 Sat 03-11-07 <br/> 
19:56 Sat 03-11-07 <br/> 
19:56 Sat 03-11-07 <br/> 
19:57 Sat 03-11-07 <br/> 
19:57 Sat 03-11-07 <br/> 
19:57 Sat 03-11-07 <br/> 
19:57 Sat 03-11-07 <br/> 
19:57 Sat 03-11-07 <br/> 
19:57 Sat 03-11-07 <br/> 
19:57 Sat 03-11-07 <br/> 
19:57 Sat 03-11-07 <br/> 
19:57 Sat 03-11-07 <br/> 
19:57 Sat 03-11-07 <br/> 
19:57 Sat 03-11-07 <br/> 
19:57 Sat 03-11-07 <br/> 
19:57 Sat 03-11-07 <br/> 
19:57 Sat 03-11-07 <br/> 
19:57 Sat 03-11-07 <br/> 
19:57 Sat 03-11-07 <br/> 
19:57 Sat 03-11-07 <br/> 
19:57 Sat 03-11-07 <br/> 
19:57 Sat 03-11-07 <br/> 
19:57 Sat 03-11-07 <br/> 
19:57 Sat 03-11-07 <br/> 
19:57 Sat 03-11-07 <br/> 
19:57 Sat 03-11-07 <br/> 
19:57 Sat 03-11-07 <br/> 
19:57 Sat 03-11-07 <br/> 
19:57 Sat 03-11-07 <br/> 
19:57 Sat 03-11-07 <br/> 
19:57 Sat 03-11-07 <br/> 
19:57 Sat 03-11-07 <br/> 
19:57 Sat 03-11-07 <br/> 
19:57 Sat 03-11-07 <br/> 
16:12 Sun 04-11-07 <br/> 
1:37 Mon 05-11-07 <br/> 
6:37 Mon 05-11-07 <br/> 
0:10 Tue 06-11-07 <br/> 
6:17 Tue 06-11-07 <br/> 
4:40 Wed 07-11-07 <br/> 
11:03 Wed 07-11-07 <br/> 
12:35 Wed 07-11-07 <br/> 
23:54 Wed 07-11-07 <br/> 
0:52 Fri 09-11-07 <br/> 
14:33 Fri 09-11-07 <br/> 
1:26 Sat 10-11-07 <br/> 
4:27 Sat 10-11-07 <br/> 
5:01 Sat 10-11-07 <br/> 
23:13 Sat 10-11-07 <br/> 
7:43 Sun 11-11-07 <br/> 
9:59 Sun 11-11-07 <br/> 
10:06 Sun 11-11-07 <br/> 
14:46 Sun 11-11-07 <br/> 
7:59 Mon 12-11-07 <br/> 
12:42 Mon 12-11-07 <br/> 
0:15 Tue 13-11-07 <br/> 
2:46 Tue 13-11-07 <br/> 
13:47 Tue 13-11-07 <br/> 
21:01 Tue 13-11-07 <br/> 
21:48 Tue 13-11-07 <br/> 
0:11 Wed 14-11-07 <br/> 
4:43 Wed 14-11-07 <br/> 
0:07 Thu 15-11-07 <br/> 
4:50 Fri 16-11-07 <br/> 
3:45 Sun 18-11-07 <br/> 
3:46 Sun 18-11-07 <br/> 
5:57 Sun 18-11-07 <br/> 
19:57 Sun 18-11-07 <br/> 
18:03 Mon 19-11-07 <br/> 
18:04 Mon 19-11-07 <br/> 
18:04 Mon 19-11-07 <br/> 
21:15 Mon 19-11-07 <br/> 
0:33 Tue 20-11-07 <br/> 
8:27 Tue 20-11-07 <br/> 
8:27 Tue 20-11-07 <br/> 
8:27 Tue 20-11-07 <br/> 
11:14 Tue 20-11-07 <br/> 
13:06 Tue 20-11-07 <br/> 
18:19 Tue 20-11-07 <br/> 
19:34 Tue 20-11-07 <br/> 
20:17 Tue 20-11-07 <br/> 
21:13 Tue 20-11-07 <br/> 
0:02 Wed 21-11-07 <br/> 
0:15 Wed 21-11-07 <br/> 
4:46 Wed 21-11-07 <br/> 
11:58 Wed 21-11-07 <br/> 
14:21 Wed 21-11-07 <br/> 
14:36 Wed 21-11-07 <br/> 
0:15 Thu 22-11-07 <br/> 
22:38 Thu 22-11-07 <br/> 
0:42 Fri 23-11-07 <br/> 
0:00 Sat 24-11-07 <br/> 
0:37 Sat 24-11-07 <br/> 
20:47 Sat 24-11-07 <br/> 
20:47 Sat 24-11-07 <br/> 
20:47 Sat 24-11-07 <br/> 
19:25 Sun 25-11-07 <br/> 
3:40 Mon 26-11-07 <br/> 
4:10 Mon 26-11-07 <br/> 
12:41 Mon 26-11-07 <br/> 
18:05 Mon 26-11-07 <br/> 
0:46 Tue 27-11-07 <br/> 
23:34 Tue 27-11-07 <br/> 
0:44 Wed 28-11-07 <br/> 
4:49 Wed 28-11-07 <br/> 
21:46 Wed 28-11-07 <br/> 
21:46 Wed 28-11-07 <br/> 
0:31 Thu 29-11-07 <br/> 
0:48 Thu 29-11-07 <br/> 
2:11 Thu 29-11-07 <br/> 
0:06 Fri 30-11-07 <br/> 
1:39 Fri 30-11-07 <br/> 
0:44 Sat 01-12-07 <br/> 
4:01 Sun 02-12-07 <br/> 
8:26 Mon 03-12-07 <br/> 
8:26 Mon 03-12-07 <br/> 
11:31 Mon 03-12-07 <br/> 
11:31 Mon 03-12-07 <br/> 
11:31 Mon 03-12-07 <br/> 
11:31 Mon 03-12-07 <br/> 
11:31 Mon 03-12-07 <br/> 
17:30 Mon 03-12-07 <br/> 
16:52 Tue 04-12-07 <br/> 
5:00 Wed 05-12-07 <br/> 
8:17 Wed 05-12-07 <br/> 
10:08 Wed 05-12-07 <br/> 
13:15 Wed 05-12-07 <br/> 
19:06 Thu 06-12-07 <br/> 
0:08 Fri 07-12-07 <br/> 
9:02 Fri 07-12-07 <br/> 
12:07 Fri 07-12-07 <br/> 
13:24 Fri 07-12-07 <br/> 
19:12 Fri 07-12-07 <br/> 
23:22 Sat 08-12-07 <br/> 
23:25 Sat 08-12-07 <br/> 
9:32 Sun 09-12-07 <br/> 
17:25 Sun 09-12-07 <br/> 
19:30 Sun 09-12-07 <br/> 
19:30 Sun 09-12-07 <br/> 
19:30 Sun 09-12-07 <br/> 
22:42 Sun 09-12-07 <br/> 
20:19 Mon 10-12-07 <br/> 
23:37 Mon 10-12-07 <br/> 
0:07 Tue 11-12-07 <br/> 
15:43 Tue 11-12-07 <br/> 
16:54 Tue 11-12-07 <br/> 
19:37 Tue 11-12-07 <br/> 
0:14 Wed 12-12-07 <br/> 
13:20 Wed 12-12-07 <br/> 
22:39 Wed 12-12-07 <br/> 
0:42 Thu 13-12-07 <br/> 
20:05 Fri 14-12-07 <br/> 
12:15 Sat 15-12-07 <br/> 
12:20 Sat 15-12-07 <br/> 
14:31 Sat 15-12-07 <br/> 
18:43 Sat 15-12-07 <br/> 
23:01 Sat 15-12-07 <br/> 
1:16 Sun 16-12-07 <br/> 
1:17 Sun 16-12-07 <br/> 
3:35 Sun 16-12-07 <br/> 
5:55 Mon 17-12-07 <br/> 
12:52 Mon 17-12-07 <br/> 
0:01 Tue 18-12-07 <br/> 
0:08 Tue 18-12-07 <br/> 
14:58 Tue 18-12-07 <br/> 
0:33 Wed 19-12-07 <br/> 
13:25 Wed 19-12-07 <br/> 
0:43 Thu 20-12-07 <br/> 
14:06 Thu 20-12-07 <br/> 
14:06 Thu 20-12-07 <br/> 
14:08 Thu 20-12-07 <br/> 
20:41 Thu 20-12-07 <br/> 
20:44 Thu 20-12-07 <br/> 
0:39 Fri 21-12-07 <br/> 
4:11 Fri 21-12-07 <br/> 
9:07 Fri 21-12-07 <br/> 
11:20 Fri 21-12-07 <br/> 
17:45 Fri 21-12-07 <br/> 
4:43 Sat 22-12-07 <br/> 
19:10 Sat 22-12-07 <br/> 
8:38 Sun 23-12-07 <br/> 
8:36 Mon 24-12-07 <br/> 
8:57 Mon 24-12-07 <br/> 
2:25 Tue 25-12-07 <br/> 
3:19 Tue 25-12-07 <br/> 
5:13 Tue 25-12-07 <br/> 
1:18 Wed 26-12-07 <br/> 
1:28 Wed 26-12-07 <br/> 
1:48 Wed 26-12-07 <br/> 
11:07 Wed 26-12-07 <br/> 
11:07 Wed 26-12-07 <br/> 
11:13 Wed 26-12-07 <br/> 
13:33 Wed 26-12-07 <br/> 
20:09 Wed 26-12-07 <br/> 
23:51 Wed 26-12-07 <br/> 
2:41 Thu 27-12-07 <br/> 
9:42 Thu 27-12-07 <br/> 
14:39 Thu 27-12-07 <br/> 
20:37 Thu 27-12-07 <br/> 
21:31 Thu 27-12-07 <br/> 
23:22 Thu 27-12-07 <br/> 
13:54 Fri 28-12-07 <br/> 
13:54 Fri 28-12-07 <br/> 
15:15 Fri 28-12-07 <br/> 
20:41 Sun 30-12-07 <br/> 
20:41 Sun 30-12-07 <br/> 
20:51 Sun 30-12-07 <br/> 
21:36 Sun 30-12-07 <br/> 
23:57 Sun 30-12-07 <br/> 
4:46 Tue 01-01-08 <br/> 
16:03 Tue 01-01-08 <br/> 
16:05 Tue 01-01-08 <br/> 
21:56 Tue 01-01-08 <br/> 
21:56 Tue 01-01-08 <br/> 
13:37 Wed 02-01-08 <br/> 
14:15 Wed 02-01-08 <br/> 
23:55 Wed 02-01-08 <br/> 
0:08 Thu 03-01-08 <br/> 
3:59 Fri 04-01-08 <br/> 
