2:00 Thu 01-01-70 
11:51 Wed 05-07-06 
11:51 Wed 05-07-06 
11:53 Wed 05-07-06 
12:02 Wed 05-07-06 
16:45 Wed 05-07-06 
21:14 Thu 06-07-06 
2:24 Fri 07-07-06 
3:01 Fri 07-07-06 
10:58 Fri 07-07-06 
18:53 Fri 07-07-06 
21:04 Fri 07-07-06 
8:35 Sat 08-07-06 
11:23 Sat 08-07-06 
15:21 Sat 08-07-06 
15:41 Sat 08-07-06 
15:55 Sat 08-07-06 
16:13 Sat 08-07-06 
17:47 Sat 08-07-06 
18:49 Sat 08-07-06 
16:26 Sun 09-07-06 
16:54 Sun 09-07-06 
9:43 Mon 10-07-06 
17:32 Mon 10-07-06 
0:59 Tue 11-07-06 
17:43 Tue 11-07-06 
21:01 Tue 11-07-06 
0:02 Wed 12-07-06 
12:58 Wed 12-07-06 
9:56 Thu 13-07-06 
15:27 Thu 13-07-06 
20:36 Thu 13-07-06 
1:04 Fri 14-07-06 
3:10 Fri 14-07-06 
7:02 Fri 14-07-06 
17:27 Fri 14-07-06 
22:00 Fri 14-07-06 
23:47 Fri 14-07-06 
0:25 Sat 15-07-06 
9:12 Sat 15-07-06 
14:37 Sat 15-07-06 
18:31 Mon 17-07-06 
18:51 Mon 17-07-06 
6:04 Tue 18-07-06 
9:45 Wed 19-07-06 
12:35 Wed 19-07-06 <br/> 
10:09 Thu 20-07-06 <br/> 
13:15 Thu 20-07-06 <br/> 
1:11 Fri 21-07-06 <br/> 
5:20 Fri 21-07-06 <br/> 
1:28 Sat 22-07-06 <br/> 
20:40 Sat 22-07-06 <br/> 
18:42 Sun 15-10-06 <br/> 
7:27 Sat 11-11-06 <br/> 
5:08 Sun 12-11-06 <br/> 
5:08 Sun 12-11-06 <br/> 
14:54 Mon 20-11-06 <br/> 
14:56 Mon 20-11-06 <br/> 
3:37 Tue 21-11-06 <br/> 
21:43 Tue 21-11-06 <br/> 
4:58 Wed 22-11-06 <br/> 
23:11 Wed 22-11-06 <br/> 
4:25 Thu 23-11-06 <br/> 
15:14 Fri 24-11-06 <br/> 
15:34 Fri 24-11-06 <br/> 
11:00 Sat 25-11-06 <br/> 
17:16 Sat 25-11-06 <br/> 
21:36 Sat 25-11-06 <br/> 
22:27 Sat 25-11-06 <br/> 
22:40 Sat 25-11-06 <br/> 
4:38 Sun 26-11-06 <br/> 
6:56 Sun 26-11-06 <br/> 
8:18 Sun 26-11-06 <br/> 
0:57 Thu 30-11-06 <br/> 
1:27 Thu 30-11-06 <br/> 
9:10 Thu 30-11-06 <br/> 
23:53 Thu 30-11-06 <br/> 
23:43 Sun 03-12-06 <br/> 
23:43 Sun 03-12-06 <br/> 
23:04 Tue 05-12-06 <br/> 
13:16 Wed 06-12-06 <br/> 
16:59 Thu 07-12-06 <br/> 
15:56 Fri 08-12-06 <br/> 
3:43 Sat 09-12-06 <br/> 
13:20 Sat 09-12-06 <br/> 
14:34 Sat 09-12-06 <br/> 
15:40 Sat 09-12-06 <br/> 
21:13 Sat 09-12-06 <br/> 
10:39 Sun 10-12-06 <br/> 
10:48 Mon 11-12-06 <br/> 
6:00 Tue 12-12-06 <br/> 
10:48 Tue 12-12-06 <br/> 
12:46 Tue 12-12-06 <br/> 
22:09 Tue 12-12-06 <br/> 
22:29 Tue 12-12-06 <br/> 
9:54 Wed 13-12-06 <br/> 
11:32 Wed 13-12-06 <br/> 
0:16 Thu 14-12-06 <br/> 
0:02 Fri 15-12-06 <br/> 
8:25 Fri 15-12-06 <br/> 
15:13 Sat 16-12-06 <br/> 
18:07 Sat 16-12-06 <br/> 
18:13 Sat 16-12-06 <br/> 
7:24 Sun 17-12-06 <br/> 
1:32 Mon 18-12-06 <br/> 
13:11 Mon 18-12-06 <br/> 
1:32 Tue 19-12-06 <br/> 
1:33 Wed 20-12-06 <br/> 
1:34 Thu 21-12-06 <br/> 
9:38 Thu 21-12-06 <br/> 
7:20 Sat 23-12-06 <br/> 
15:14 Sat 23-12-06 <br/> 
18:13 Sat 23-12-06 <br/> 
13:25 Sun 24-12-06 <br/> 
18:14 Sun 24-12-06 <br/> 
13:20 Mon 25-12-06 <br/> 
6:06 Wed 27-12-06 <br/> 
18:00 Wed 27-12-06 <br/> 
20:34 Wed 27-12-06 <br/> 
21:21 Wed 27-12-06 <br/> 
21:49 Wed 27-12-06 <br/> 
21:50 Wed 27-12-06 <br/> 
1:34 Thu 28-12-06 <br/> 
3:17 Thu 28-12-06 <br/> 
9:28 Thu 28-12-06 <br/> 
10:18 Thu 28-12-06 <br/> 
11:23 Thu 28-12-06 <br/> 
15:07 Thu 28-12-06 <br/> 
17:30 Thu 28-12-06 <br/> 
21:17 Thu 28-12-06 <br/> 
21:17 Thu 28-12-06 <br/> 
22:46 Thu 28-12-06 <br/> 
5:29 Fri 29-12-06 <br/> 
13:40 Fri 29-12-06 <br/> 
14:56 Fri 29-12-06 <br/> 
16:03 Fri 29-12-06 <br/> 
0:20 Sat 30-12-06 <br/> 
11:46 Sat 30-12-06 <br/> 
16:13 Sat 30-12-06 <br/> 
18:37 Sat 30-12-06 <br/> 
19:08 Sat 30-12-06 <br/> 
20:15 Sat 30-12-06 <br/> 
21:19 Sat 30-12-06 <br/> 
21:51 Sat 30-12-06 <br/> 
0:22 Sun 31-12-06 <br/> 
15:43 Sun 31-12-06 <br/> 
16:57 Sun 31-12-06 <br/> 
0:33 Mon 01-01-07 <br/> 
15:26 Mon 01-01-07 <br/> 
23:57 Mon 01-01-07 <br/> 
12:05 Tue 02-01-07 <br/> 
18:34 Tue 02-01-07 <br/> 
21:48 Tue 02-01-07 <br/> 
21:49 Tue 02-01-07 <br/> 
2:55 Wed 03-01-07 <br/> 
6:36 Wed 03-01-07 <br/> 
7:10 Wed 03-01-07 <br/> 
17:57 Wed 03-01-07 <br/> 
0:01 Thu 04-01-07 <br/> 
6:26 Thu 04-01-07 <br/> 
7:35 Thu 04-01-07 <br/> 
14:18 Thu 04-01-07 <br/> 
20:02 Thu 04-01-07 <br/> 
7:26 Fri 05-01-07 <br/> 
13:45 Fri 05-01-07 <br/> 
13:46 Fri 05-01-07 <br/> 
14:29 Fri 05-01-07 <br/> 
18:05 Fri 05-01-07 <br/> 
23:17 Fri 05-01-07 <br/> 
1:21 Sat 06-01-07 <br/> 
1:23 Sat 06-01-07 <br/> 
1:24 Sat 06-01-07 <br/> 
1:24 Sat 06-01-07 <br/> 
8:03 Sat 06-01-07 <br/> 
15:18 Sat 06-01-07 <br/> 
16:25 Sat 06-01-07 <br/> 
21:28 Sat 06-01-07 <br/> 
5:09 Sun 07-01-07 <br/> 
5:12 Mon 08-01-07 <br/> 
21:55 Mon 08-01-07 <br/> 
0:34 Wed 10-01-07 <br/> 
21:40 Thu 11-01-07 <br/> 
21:40 Thu 11-01-07 <br/> 
11:09 Fri 12-01-07 <br/> 
18:45 Sat 13-01-07 <br/> 
18:45 Sat 13-01-07 <br/> 
13:31 Sun 14-01-07 <br/> 
17:06 Mon 15-01-07 <br/> 
17:06 Mon 15-01-07 <br/> 
17:20 Mon 15-01-07 <br/> 
17:34 Mon 15-01-07 <br/> 
17:35 Mon 15-01-07 <br/> 
17:35 Mon 15-01-07 <br/> 
17:36 Mon 15-01-07 <br/> 
20:42 Mon 15-01-07 <br/> 
7:03 Tue 16-01-07 <br/> 
7:03 Tue 16-01-07 <br/> 
7:03 Tue 16-01-07 <br/> 
14:07 Tue 16-01-07 <br/> 
1:56 Wed 17-01-07 <br/> 
9:19 Wed 17-01-07 <br/> 
0:32 Fri 19-01-07 <br/> 
1:25 Sat 20-01-07 <br/> 
1:50 Sat 20-01-07 <br/> 
16:23 Sat 20-01-07 <br/> 
16:23 Sat 20-01-07 <br/> 
18:35 Sat 20-01-07 <br/> 
19:17 Sat 20-01-07 <br/> 
21:19 Sat 20-01-07 <br/> 
23:17 Sat 20-01-07 <br/> 
2:02 Sun 21-01-07 <br/> 
6:22 Sun 21-01-07 <br/> 
10:06 Sun 21-01-07 <br/> 
14:30 Sun 21-01-07 <br/> 
14:31 Sun 21-01-07 <br/> 
23:44 Sun 21-01-07 <br/> 
7:22 Mon 22-01-07 <br/> 
0:12 Tue 23-01-07 <br/> 
23:06 Tue 23-01-07 <br/> 
23:08 Tue 23-01-07 <br/> 
23:08 Tue 23-01-07 <br/> 
0:29 Wed 24-01-07 <br/> 
16:12 Wed 24-01-07 <br/> 
22:05 Wed 24-01-07 <br/> 
22:51 Wed 24-01-07 <br/> 
23:54 Wed 24-01-07 <br/> 
4:04 Thu 25-01-07 <br/> 
17:50 Thu 25-01-07 <br/> 
13:56 Fri 26-01-07 <br/> 
13:56 Fri 26-01-07 <br/> 
22:04 Fri 26-01-07 <br/> 
23:21 Fri 26-01-07 <br/> 
23:37 Fri 26-01-07 <br/> 
9:38 Sat 27-01-07 <br/> 
11:33 Sat 27-01-07 <br/> 
2:05 Sun 28-01-07 <br/> 
12:28 Sun 28-01-07 <br/> 
14:27 Sun 28-01-07 <br/> 
19:36 Sun 28-01-07 <br/> 
21:52 Sun 28-01-07 <br/> 
21:52 Sun 28-01-07 <br/> 
2:06 Mon 29-01-07 <br/> 
8:30 Mon 29-01-07 <br/> 
8:30 Mon 29-01-07 <br/> 
8:59 Mon 29-01-07 <br/> 
8:59 Mon 29-01-07 <br/> 
9:11 Mon 29-01-07 <br/> 
3:12 Tue 30-01-07 <br/> 
14:20 Tue 30-01-07 <br/> 
14:26 Tue 30-01-07 <br/> 
14:26 Tue 30-01-07 <br/> 
14:26 Tue 30-01-07 <br/> 
18:22 Tue 30-01-07 <br/> 
18:22 Tue 30-01-07 <br/> 
20:53 Tue 30-01-07 <br/> 
6:44 Wed 31-01-07 <br/> 
8:20 Wed 31-01-07 <br/> 
8:20 Wed 31-01-07 <br/> 
8:40 Wed 31-01-07 <br/> 
17:59 Wed 31-01-07 <br/> 
0:10 Thu 01-02-07 <br/> 
1:29 Thu 01-02-07 <br/> 
23:20 Fri 02-02-07 <br/> 
23:24 Fri 02-02-07 <br/> 
23:30 Fri 02-02-07 <br/> 
7:15 Sat 03-02-07 <br/> 
9:47 Sat 03-02-07 <br/> 
9:48 Sat 03-02-07 <br/> 
18:03 Sat 03-02-07 <br/> 
18:10 Sat 03-02-07 <br/> 
18:10 Sat 03-02-07 <br/> 
18:32 Sat 03-02-07 <br/> 
0:10 Sun 04-02-07 <br/> 
2:52 Sun 04-02-07 <br/> 
16:29 Sun 04-02-07 <br/> 
18:32 Sun 04-02-07 <br/> 
20:36 Sun 04-02-07 <br/> 
0:42 Tue 06-02-07 <br/> 
13:52 Tue 06-02-07 <br/> 
16:31 Tue 06-02-07 <br/> 
16:31 Tue 06-02-07 <br/> 
0:04 Wed 07-02-07 <br/> 
12:44 Wed 07-02-07 <br/> 
17:44 Wed 07-02-07 <br/> 
0:50 Thu 08-02-07 <br/> 
18:15 Fri 09-02-07 <br/> 
19:11 Fri 09-02-07 <br/> 
21:06 Fri 09-02-07 <br/> 
21:30 Fri 09-02-07 <br/> 
19:44 Sat 10-02-07 <br/> 
12:38 Sun 11-02-07 <br/> 
14:06 Sun 11-02-07 <br/> 
14:06 Sun 11-02-07 <br/> 
2:43 Tue 13-02-07 <br/> 
13:46 Tue 13-02-07 <br/> 
13:46 Tue 13-02-07 <br/> 
12:37 Wed 14-02-07 <br/> 
16:03 Wed 14-02-07 <br/> 
8:32 Thu 15-02-07 <br/> 
10:34 Thu 15-02-07 <br/> 
8:03 Fri 16-02-07 <br/> 
10:50 Fri 16-02-07 <br/> 
18:56 Fri 16-02-07 <br/> 
23:39 Fri 16-02-07 <br/> 
17:58 Sat 17-02-07 <br/> 
6:54 Sun 18-02-07 <br/> 
8:25 Sun 18-02-07 <br/> 
0:05 Mon 19-02-07 <br/> 
2:41 Mon 19-02-07 <br/> 
11:54 Mon 19-02-07 <br/> 
11:54 Mon 19-02-07 <br/> 
8:24 Tue 20-02-07 <br/> 
23:59 Tue 20-02-07 <br/> 
9:11 Wed 21-02-07 <br/> 
10:39 Wed 21-02-07 <br/> 
11:43 Wed 21-02-07 <br/> 
7:04 Thu 22-02-07 <br/> 
8:34 Thu 22-02-07 <br/> 
8:34 Thu 22-02-07 <br/> 
14:16 Thu 22-02-07 <br/> 
1:00 Fri 23-02-07 <br/> 
12:22 Fri 23-02-07 <br/> 
16:40 Fri 23-02-07 <br/> 
23:43 Fri 23-02-07 <br/> 
0:00 Sat 24-02-07 <br/> 
13:40 Sat 24-02-07 <br/> 
1:17 Sun 25-02-07 <br/> 
16:04 Sun 25-02-07 <br/> 
20:45 Sun 25-02-07 <br/> 
21:14 Sun 25-02-07 <br/> 
21:14 Sun 25-02-07 <br/> 
8:16 Mon 26-02-07 <br/> 
8:16 Mon 26-02-07 <br/> 
8:17 Mon 26-02-07 <br/> 
8:30 Mon 26-02-07 <br/> 
16:36 Mon 26-02-07 <br/> 
22:35 Mon 26-02-07 <br/> 
0:27 Tue 27-02-07 <br/> 
20:48 Tue 27-02-07 <br/> 
17:17 Wed 28-02-07 <br/> 
18:07 Wed 28-02-07 <br/> 
22:44 Wed 28-02-07 <br/> 
23:14 Wed 28-02-07 <br/> 
0:07 Fri 02-03-07 <br/> 
12:35 Fri 02-03-07 <br/> 
12:35 Fri 02-03-07 <br/> 
12:42 Fri 02-03-07 <br/> 
17:55 Fri 02-03-07 <br/> 
23:49 Fri 02-03-07 <br/> 
19:47 Sat 03-03-07 <br/> 
20:38 Sat 03-03-07 <br/> 
22:23 Sun 04-03-07 <br/> 
22:24 Sun 04-03-07 <br/> 
22:24 Sun 04-03-07 <br/> 
11:00 Tue 06-03-07 <br/> 
11:00 Tue 06-03-07 <br/> 
11:00 Tue 06-03-07 <br/> 
1:36 Thu 08-03-07 <br/> 
1:36 Thu 08-03-07 <br/> 
5:03 Thu 08-03-07 <br/> 
9:27 Thu 08-03-07 <br/> 
5:22 Sat 10-03-07 <br/> 
11:22 Sat 10-03-07 <br/> 
18:00 Sat 10-03-07 <br/> 
18:58 Sun 11-03-07 <br/> 
18:58 Sun 11-03-07 <br/> 
6:44 Tue 13-03-07 <br/> 
11:31 Wed 14-03-07 <br/> 
11:31 Wed 14-03-07 <br/> 
13:40 Wed 14-03-07 <br/> 
13:40 Wed 14-03-07 <br/> 
15:04 Wed 14-03-07 <br/> 
14:44 Thu 15-03-07 <br/> 
16:08 Thu 15-03-07 <br/> 
16:08 Thu 15-03-07 <br/> 
16:18 Thu 15-03-07 <br/> 
17:58 Thu 15-03-07 <br/> 
1:32 Fri 16-03-07 <br/> 
16:39 Fri 16-03-07 <br/> 
16:47 Fri 16-03-07 <br/> 
16:51 Fri 16-03-07 <br/> 
1:15 Sat 17-03-07 <br/> 
1:56 Sat 17-03-07 <br/> 
9:37 Sat 17-03-07 <br/> 
9:37 Sat 17-03-07 <br/> 
18:00 Sat 17-03-07 <br/> 
20:07 Mon 19-03-07 <br/> 
11:14 Wed 21-03-07 <br/> 
12:59 Wed 21-03-07 <br/> 
14:25 Wed 21-03-07 <br/> 
23:31 Wed 21-03-07 <br/> 
23:31 Wed 21-03-07 <br/> 
5:38 Thu 22-03-07 <br/> 
7:45 Thu 22-03-07 <br/> 
3:06 Fri 23-03-07 <br/> 
8:57 Fri 23-03-07 <br/> 
9:31 Sat 24-03-07 <br/> 
9:31 Sat 24-03-07 <br/> 
9:52 Sat 24-03-07 <br/> 
18:01 Sat 24-03-07 <br/> 
23:48 Sun 25-03-07 <br/> 
23:48 Sun 25-03-07 <br/> 
23:49 Sun 25-03-07 <br/> 
23:52 Sun 25-03-07 <br/> 
23:53 Sun 25-03-07 <br/> 
23:55 Sun 25-03-07 <br/> 
23:55 Sun 25-03-07 <br/> 
13:10 Mon 26-03-07 <br/> 
16:02 Tue 27-03-07 <br/> 
0:32 Wed 28-03-07 <br/> 
3:57 Wed 28-03-07 <br/> 
15:32 Wed 28-03-07 <br/> 
20:19 Wed 28-03-07 <br/> 
20:19 Wed 28-03-07 <br/> 
11:48 Thu 29-03-07 <br/> 
23:18 Thu 29-03-07 <br/> 
7:31 Sat 31-03-07 <br/> 
7:31 Sat 31-03-07 <br/> 
18:02 Sat 31-03-07 <br/> 
5:16 Sun 01-04-07 <br/> 
5:59 Sun 01-04-07 <br/> 
13:36 Sun 01-04-07 <br/> 
18:39 Sun 01-04-07 <br/> 
23:45 Mon 02-04-07 <br/> 
23:45 Mon 02-04-07 <br/> 
16:00 Tue 03-04-07 <br/> 
23:51 Tue 03-04-07 <br/> 
20:20 Wed 04-04-07 <br/> 
20:20 Wed 04-04-07 <br/> 
0:22 Thu 05-04-07 <br/> 
13:45 Thu 05-04-07 <br/> 
13:47 Sat 07-04-07 <br/> 
6:37 Sun 08-04-07 <br/> 
6:37 Sun 08-04-07 <br/> 
9:10 Sun 08-04-07 <br/> 
3:28 Mon 09-04-07 <br/> 
7:02 Mon 09-04-07 <br/> 
11:22 Mon 09-04-07 <br/> 
9:05 Tue 10-04-07 <br/> 
9:05 Tue 10-04-07 <br/> 
12:57 Tue 10-04-07 <br/> 
20:38 Tue 10-04-07 <br/> 
21:02 Tue 10-04-07 <br/> 
21:46 Tue 10-04-07 <br/> 
0:55 Wed 11-04-07 <br/> 
8:20 Wed 11-04-07 <br/> 
9:41 Wed 11-04-07 <br/> 
13:02 Wed 11-04-07 <br/> 
16:18 Wed 11-04-07 <br/> 
19:56 Wed 11-04-07 <br/> 
0:04 Thu 12-04-07 <br/> 
22:26 Thu 12-04-07 <br/> 
22:55 Thu 12-04-07 <br/> 
15:08 Fri 13-04-07 <br/> 
23:57 Fri 13-04-07 <br/> 
7:25 Sat 14-04-07 <br/> 
9:58 Sat 14-04-07 <br/> 
14:26 Sat 14-04-07 <br/> 
12:08 Sun 15-04-07 <br/> 
12:08 Sun 15-04-07 <br/> 
0:11 Mon 16-04-07 <br/> 
8:17 Mon 16-04-07 <br/> 
0:11 Tue 17-04-07 <br/> 
2:17 Wed 18-04-07 <br/> 
11:53 Thu 19-04-07 <br/> 
11:53 Thu 19-04-07 <br/> 
21:34 Thu 19-04-07 <br/> 
23:07 Thu 19-04-07 <br/> 
23:10 Thu 19-04-07 <br/> 
5:13 Fri 20-04-07 <br/> 
13:55 Fri 20-04-07 <br/> 
13:57 Fri 20-04-07 <br/> 
22:08 Fri 20-04-07 <br/> 
23:54 Sat 21-04-07 <br/> 
23:54 Sat 21-04-07 <br/> 
7:20 Sun 22-04-07 <br/> 
23:51 Sun 22-04-07 <br/> 
23:51 Sun 22-04-07 <br/> 
7:12 Mon 23-04-07 <br/> 
20:38 Mon 23-04-07 <br/> 
1:17 Tue 24-04-07 <br/> 
13:16 Tue 24-04-07 <br/> 
23:28 Wed 25-04-07 <br/> 
1:32 Thu 26-04-07 <br/> 
15:27 Thu 26-04-07 <br/> 
0:35 Fri 27-04-07 <br/> 
15:23 Fri 27-04-07 <br/> 
15:23 Fri 27-04-07 <br/> 
18:42 Fri 27-04-07 <br/> 
0:56 Sat 28-04-07 <br/> 
13:38 Sat 28-04-07 <br/> 
18:40 Sat 28-04-07 <br/> 
3:58 Sun 29-04-07 <br/> 
18:52 Tue 01-05-07 <br/> 
22:20 Wed 02-05-07 <br/> 
3:52 Thu 03-05-07 <br/> 
5:35 Fri 04-05-07 <br/> 
5:35 Fri 04-05-07 <br/> 
5:37 Fri 04-05-07 <br/> 
21:13 Fri 04-05-07 <br/> 
16:45 Sun 06-05-07 <br/> 
16:45 Sun 06-05-07 <br/> 
19:26 Mon 07-05-07 <br/> 
0:08 Tue 08-05-07 <br/> 
10:00 Tue 08-05-07 <br/> 
11:06 Tue 08-05-07 <br/> 
12:40 Tue 08-05-07 <br/> 
12:41 Tue 08-05-07 <br/> 
22:01 Tue 08-05-07 <br/> 
2:31 Wed 09-05-07 <br/> 
10:33 Wed 09-05-07 <br/> 
13:58 Thu 10-05-07 <br/> 
13:59 Thu 10-05-07 <br/> 
0:32 Fri 11-05-07 <br/> 
10:24 Fri 11-05-07 <br/> 
10:24 Fri 11-05-07 <br/> 
10:24 Fri 11-05-07 <br/> 
9:25 Sat 12-05-07 <br/> 
9:52 Sat 12-05-07 <br/> 
14:44 Sun 13-05-07 <br/> 
14:45 Sun 13-05-07 <br/> 
14:46 Sun 13-05-07 <br/> 
14:47 Sun 13-05-07 <br/> 
14:48 Sun 13-05-07 <br/> 
14:48 Sun 13-05-07 <br/> 
14:48 Sun 13-05-07 <br/> 
14:52 Sun 13-05-07 <br/> 
14:52 Sun 13-05-07 <br/> 
14:52 Sun 13-05-07 <br/> 
23:12 Sun 13-05-07 <br/> 
6:37 Tue 15-05-07 <br/> 
6:37 Tue 15-05-07 <br/> 
6:37 Tue 15-05-07 <br/> 
6:37 Tue 15-05-07 <br/> 
0:45 Wed 16-05-07 <br/> 
1:06 Wed 16-05-07 <br/> 
15:18 Wed 16-05-07 <br/> 
22:13 Wed 16-05-07 <br/> 
22:14 Wed 16-05-07 <br/> 
22:14 Wed 16-05-07 <br/> 
22:32 Thu 17-05-07 <br/> 
1:57 Fri 18-05-07 <br/> 
11:00 Fri 18-05-07 <br/> 
11:00 Fri 18-05-07 <br/> 
11:01 Fri 18-05-07 <br/> 
11:01 Fri 18-05-07 <br/> 
11:01 Fri 18-05-07 <br/> 
11:01 Fri 18-05-07 <br/> 
11:01 Fri 18-05-07 <br/> 
11:01 Fri 18-05-07 <br/> 
11:02 Fri 18-05-07 <br/> 
12:46 Fri 18-05-07 <br/> 
12:46 Fri 18-05-07 <br/> 
12:46 Fri 18-05-07 <br/> 
19:47 Fri 18-05-07 <br/> 
19:48 Fri 18-05-07 <br/> 
9:50 Sat 19-05-07 <br/> 
23:57 Sat 19-05-07 <br/> 
13:25 Sun 20-05-07 <br/> 
13:25 Sun 20-05-07 <br/> 
5:30 Mon 21-05-07 <br/> 
12:34 Tue 22-05-07 <br/> 
16:30 Tue 22-05-07 <br/> 
20:08 Thu 24-05-07 <br/> 
19:55 Sat 26-05-07 <br/> 
14:09 Sun 27-05-07 <br/> 
21:10 Sun 27-05-07 <br/> 
21:10 Sun 27-05-07 <br/> 
21:11 Sun 27-05-07 <br/> 
21:11 Sun 27-05-07 <br/> 
2:35 Mon 28-05-07 <br/> 
17:15 Mon 28-05-07 <br/> 
23:33 Mon 28-05-07 <br/> 
15:06 Wed 30-05-07 <br/> 
15:09 Wed 30-05-07 <br/> 
15:09 Wed 30-05-07 <br/> 
21:18 Wed 30-05-07 <br/> 
22:18 Wed 30-05-07 <br/> 
0:03 Thu 31-05-07 <br/> 
0:36 Thu 31-05-07 <br/> 
0:36 Thu 31-05-07 <br/> 
0:36 Thu 31-05-07 <br/> 
9:01 Thu 31-05-07 <br/> 
10:24 Thu 31-05-07 <br/> 
22:45 Sat 02-06-07 <br/> 
12:21 Tue 05-06-07 <br/> 
15:15 Tue 05-06-07 <br/> 
15:15 Tue 05-06-07 <br/> 
21:42 Tue 05-06-07 <br/> 
21:43 Tue 05-06-07 <br/> 
11:09 Wed 06-06-07 <br/> 
14:06 Wed 06-06-07 <br/> 
17:26 Wed 06-06-07 <br/> 
17:44 Wed 06-06-07 <br/> 
0:24 Thu 07-06-07 <br/> 
12:20 Thu 07-06-07 <br/> 
12:20 Thu 07-06-07 <br/> 
12:21 Thu 07-06-07 <br/> 
15:53 Thu 07-06-07 <br/> 
15:53 Thu 07-06-07 <br/> 
15:53 Thu 07-06-07 <br/> 
11:38 Sat 09-06-07 <br/> 
11:42 Sat 09-06-07 <br/> 
11:48 Sat 09-06-07 <br/> 
7:18 Sun 10-06-07 <br/> 
7:18 Sun 10-06-07 <br/> 
7:19 Sun 10-06-07 <br/> 
7:19 Sun 10-06-07 <br/> 
23:24 Mon 11-06-07 <br/> 
23:24 Mon 11-06-07 <br/> 
23:24 Mon 11-06-07 <br/> 
23:25 Mon 11-06-07 <br/> 
23:44 Mon 11-06-07 <br/> 
10:10 Tue 12-06-07 <br/> 
16:37 Tue 12-06-07 <br/> 
16:37 Tue 12-06-07 <br/> 
19:14 Tue 12-06-07 <br/> 
19:29 Tue 12-06-07 <br/> 
19:31 Tue 12-06-07 <br/> 
9:06 Wed 13-06-07 <br/> 
9:06 Wed 13-06-07 <br/> 
9:07 Wed 13-06-07 <br/> 
9:07 Wed 13-06-07 <br/> 
9:08 Wed 13-06-07 <br/> 
19:32 Wed 13-06-07 <br/> 
19:47 Wed 13-06-07 <br/> 
20:37 Wed 13-06-07 <br/> 
8:35 Thu 14-06-07 <br/> 
12:20 Thu 14-06-07 <br/> 
5:43 Fri 15-06-07 <br/> 
14:09 Fri 15-06-07 <br/> 
14:09 Fri 15-06-07 <br/> 
14:10 Fri 15-06-07 <br/> 
2:16 Sun 17-06-07 <br/> 
12:53 Sun 17-06-07 <br/> 
13:06 Sun 17-06-07 <br/> 
0:08 Tue 19-06-07 <br/> 
12:45 Tue 19-06-07 <br/> 
7:52 Wed 20-06-07 <br/> 
22:32 Wed 20-06-07 <br/> 
23:49 Wed 20-06-07 <br/> 
21:01 Thu 21-06-07 <br/> 
21:19 Thu 21-06-07 <br/> 
21:32 Thu 21-06-07 <br/> 
0:09 Fri 22-06-07 <br/> 
19:44 Fri 22-06-07 <br/> 
1:43 Sat 23-06-07 <br/> 
1:43 Sat 23-06-07 <br/> 
1:48 Sat 23-06-07 <br/> 
13:09 Sat 23-06-07 <br/> 
13:09 Sat 23-06-07 <br/> 
13:09 Sat 23-06-07 <br/> 
13:09 Sat 23-06-07 <br/> 
13:09 Sat 23-06-07 <br/> 
13:09 Sat 23-06-07 <br/> 
13:10 Sat 23-06-07 <br/> 
18:16 Sat 23-06-07 <br/> 
22:48 Sat 23-06-07 <br/> 
19:38 Sun 24-06-07 <br/> 
19:38 Sun 24-06-07 <br/> 
19:39 Sun 24-06-07 <br/> 
1:50 Mon 25-06-07 <br/> 
5:43 Mon 25-06-07 <br/> 
5:43 Mon 25-06-07 <br/> 
5:43 Mon 25-06-07 <br/> 
13:18 Mon 25-06-07 <br/> 
13:18 Mon 25-06-07 <br/> 
13:18 Mon 25-06-07 <br/> 
13:18 Mon 25-06-07 <br/> 
13:19 Mon 25-06-07 <br/> 
13:19 Mon 25-06-07 <br/> 
13:19 Mon 25-06-07 <br/> 
13:20 Mon 25-06-07 <br/> 
13:31 Mon 25-06-07 <br/> 
20:51 Mon 25-06-07 <br/> 
20:51 Mon 25-06-07 <br/> 
21:43 Mon 25-06-07 <br/> 
21:44 Mon 25-06-07 <br/> 
21:44 Mon 25-06-07 <br/> 
21:44 Mon 25-06-07 <br/> 
0:16 Tue 26-06-07 <br/> 
3:44 Wed 27-06-07 <br/> 
0:28 Thu 28-06-07 <br/> 
12:25 Thu 28-06-07 <br/> 
14:02 Thu 28-06-07 <br/> 
9:03 Fri 29-06-07 <br/> 
20:52 Sat 30-06-07 <br/> 
21:17 Sat 30-06-07 <br/> 
21:55 Sat 30-06-07 <br/> 
22:00 Sat 30-06-07 <br/> 
0:34 Sun 01-07-07 <br/> 
5:06 Sun 01-07-07 <br/> 
4:23 Mon 02-07-07 <br/> 
13:42 Tue 03-07-07 <br/> 
13:42 Tue 03-07-07 <br/> 
13:43 Tue 03-07-07 <br/> 
13:44 Tue 03-07-07 <br/> 
16:11 Wed 04-07-07 <br/> 
18:43 Wed 04-07-07 <br/> 
19:20 Wed 04-07-07 <br/> 
19:22 Wed 04-07-07 <br/> 
20:09 Wed 04-07-07 <br/> 
22:27 Wed 04-07-07 <br/> 
22:48 Wed 04-07-07 <br/> 
22:49 Wed 04-07-07 <br/> 
22:50 Wed 04-07-07 <br/> 
22:51 Wed 04-07-07 <br/> 
22:51 Wed 04-07-07 <br/> 
9:16 Thu 05-07-07 <br/> 
9:56 Thu 05-07-07 <br/> 
13:05 Thu 05-07-07 <br/> 
6:16 Sat 07-07-07 <br/> 
10:57 Sat 07-07-07 <br/> 
10:57 Sat 07-07-07 <br/> 
10:57 Sat 07-07-07 <br/> 
10:59 Sat 07-07-07 <br/> 
10:59 Sat 07-07-07 <br/> 
11:00 Sat 07-07-07 <br/> 
14:55 Sat 07-07-07 <br/> 
14:58 Sat 07-07-07 <br/> 
1:27 Mon 09-07-07 <br/> 
5:45 Mon 09-07-07 <br/> 
12:04 Tue 10-07-07 <br/> 
7:23 Wed 11-07-07 <br/> 
7:23 Wed 11-07-07 <br/> 
23:46 Wed 11-07-07 <br/> 
13:09 Thu 12-07-07 <br/> 
14:13 Thu 12-07-07 <br/> 
20:15 Thu 12-07-07 <br/> 
23:50 Thu 12-07-07 <br/> 
23:50 Thu 12-07-07 <br/> 
23:50 Thu 12-07-07 <br/> 
23:51 Thu 12-07-07 <br/> 
23:51 Thu 12-07-07 <br/> 
23:51 Thu 12-07-07 <br/> 
23:52 Thu 12-07-07 <br/> 
23:52 Thu 12-07-07 <br/> 
23:53 Thu 12-07-07 <br/> 
0:00 Fri 13-07-07 <br/> 
0:12 Fri 13-07-07 <br/> 
0:51 Fri 13-07-07 <br/> 
13:53 Fri 13-07-07 <br/> 
14:51 Fri 13-07-07 <br/> 
14:51 Fri 13-07-07 <br/> 
14:54 Fri 13-07-07 <br/> 
14:55 Fri 13-07-07 <br/> 
14:56 Fri 13-07-07 <br/> 
0:53 Sat 14-07-07 <br/> 
15:07 Sat 14-07-07 <br/> 
3:19 Sun 15-07-07 <br/> 
4:28 Sun 15-07-07 <br/> 
18:41 Sun 15-07-07 <br/> 
1:29 Mon 16-07-07 <br/> 
1:41 Mon 16-07-07 <br/> 
5:38 Mon 16-07-07 <br/> 
14:15 Mon 16-07-07 <br/> 
14:16 Mon 16-07-07 <br/> 
16:06 Mon 16-07-07 <br/> 
16:06 Mon 16-07-07 <br/> 
23:59 Mon 16-07-07 <br/> 
0:07 Tue 17-07-07 <br/> 
5:21 Tue 17-07-07 <br/> 
14:10 Tue 17-07-07 <br/> 
19:39 Tue 17-07-07 <br/> 
0:40 Wed 18-07-07 <br/> 
12:15 Wed 18-07-07 <br/> 
0:19 Thu 19-07-07 <br/> 
0:25 Thu 19-07-07 <br/> 
11:52 Thu 19-07-07 <br/> 
9:25 Fri 20-07-07 <br/> 
0:04 Sat 21-07-07 <br/> 
10:29 Sat 21-07-07 <br/> 
10:29 Sat 21-07-07 <br/> 
15:09 Sat 21-07-07 <br/> 
15:45 Sat 21-07-07 <br/> 
2:08 Sun 22-07-07 <br/> 
4:35 Sun 22-07-07 <br/> 
4:35 Sun 22-07-07 <br/> 
4:36 Sun 22-07-07 <br/> 
4:58 Sun 22-07-07 <br/> 
4:59 Sun 22-07-07 <br/> 
4:59 Sun 22-07-07 <br/> 
4:59 Sun 22-07-07 <br/> 
4:59 Sun 22-07-07 <br/> 
5:00 Sun 22-07-07 <br/> 
5:57 Mon 23-07-07 <br/> 
5:57 Mon 23-07-07 <br/> 
6:18 Mon 23-07-07 <br/> 
0:08 Wed 25-07-07 <br/> 
0:33 Wed 25-07-07 <br/> 
0:33 Wed 25-07-07 <br/> 
3:29 Wed 25-07-07 <br/> 
0:03 Thu 26-07-07 <br/> 
3:16 Thu 26-07-07 <br/> 
13:29 Thu 26-07-07 <br/> 
13:29 Thu 26-07-07 <br/> 
13:30 Thu 26-07-07 <br/> 
13:30 Thu 26-07-07 <br/> 
0:04 Fri 27-07-07 <br/> 
1:11 Fri 27-07-07 <br/> 
1:11 Fri 27-07-07 <br/> 
1:11 Fri 27-07-07 <br/> 
13:42 Fri 27-07-07 <br/> 
22:44 Fri 27-07-07 <br/> 
11:31 Sat 28-07-07 <br/> 
11:31 Sat 28-07-07 <br/> 
11:32 Sat 28-07-07 <br/> 
11:32 Sat 28-07-07 <br/> 
11:32 Sat 28-07-07 <br/> 
11:32 Sat 28-07-07 <br/> 
11:32 Sat 28-07-07 <br/> 
11:32 Sat 28-07-07 <br/> 
11:32 Sat 28-07-07 <br/> 
11:33 Sat 28-07-07 <br/> 
1:03 Sun 29-07-07 <br/> 
1:03 Sun 29-07-07 <br/> 
1:03 Sun 29-07-07 <br/> 
1:03 Sun 29-07-07 <br/> 
1:03 Sun 29-07-07 <br/> 
1:04 Sun 29-07-07 <br/> 
1:04 Sun 29-07-07 <br/> 
1:04 Sun 29-07-07 <br/> 
1:04 Sun 29-07-07 <br/> 
11:55 Sun 29-07-07 <br/> 
1:41 Mon 30-07-07 <br/> 
7:38 Mon 30-07-07 <br/> 
12:55 Mon 30-07-07 <br/> 
0:11 Tue 31-07-07 <br/> 
11:00 Tue 31-07-07 <br/> 
2:39 Thu 02-08-07 <br/> 
10:44 Thu 02-08-07 <br/> 
10:44 Thu 02-08-07 <br/> 
13:34 Thu 02-08-07 <br/> 
21:52 Sat 04-08-07 <br/> 
23:58 Mon 06-08-07 <br/> 
23:58 Mon 06-08-07 <br/> 
23:58 Mon 06-08-07 <br/> 
23:59 Mon 06-08-07 <br/> 
23:59 Mon 06-08-07 <br/> 
23:59 Mon 06-08-07 <br/> 
0:00 Tue 07-08-07 <br/> 
0:00 Tue 07-08-07 <br/> 
0:01 Tue 07-08-07 <br/> 
9:48 Tue 07-08-07 <br/> 
15:42 Thu 09-08-07 <br/> 
15:51 Thu 09-08-07 <br/> 
23:42 Thu 09-08-07 <br/> 
2:50 Sat 11-08-07 <br/> 
13:01 Sat 11-08-07 <br/> 
15:16 Sat 11-08-07 <br/> 
20:19 Sat 11-08-07 <br/> 
20:19 Sat 11-08-07 <br/> 
20:19 Sat 11-08-07 <br/> 
20:20 Sat 11-08-07 <br/> 
20:20 Sat 11-08-07 <br/> 
20:21 Sat 11-08-07 <br/> 
20:21 Sat 11-08-07 <br/> 
4:05 Sun 12-08-07 <br/> 
10:38 Sun 12-08-07 <br/> 
4:53 Thu 16-08-07 <br/> 
17:10 Thu 16-08-07 <br/> 
20:19 Fri 17-08-07 <br/> 
20:20 Fri 17-08-07 <br/> 
5:52 Sat 18-08-07 <br/> 
5:52 Sat 18-08-07 <br/> 
5:52 Sat 18-08-07 <br/> 
5:52 Sat 18-08-07 <br/> 
5:52 Sat 18-08-07 <br/> 
15:28 Sat 18-08-07 <br/> 
1:10 Sun 19-08-07 <br/> 
23:21 Tue 21-08-07 <br/> 
9:34 Wed 22-08-07 <br/> 
0:22 Thu 23-08-07 <br/> 
19:54 Thu 23-08-07 <br/> 
19:54 Thu 23-08-07 <br/> 
19:54 Thu 23-08-07 <br/> 
19:54 Thu 23-08-07 <br/> 
19:54 Thu 23-08-07 <br/> 
0:21 Fri 24-08-07 <br/> 
0:23 Fri 24-08-07 <br/> 
0:32 Fri 24-08-07 <br/> 
9:36 Fri 24-08-07 <br/> 
4:30 Sat 25-08-07 <br/> 
4:30 Sat 25-08-07 <br/> 
7:14 Sat 25-08-07 <br/> 
7:37 Sat 25-08-07 <br/> 
7:38 Sat 25-08-07 <br/> 
15:16 Sat 25-08-07 <br/> 
18:36 Sat 25-08-07 <br/> 
18:38 Sat 25-08-07 <br/> 
1:58 Sun 26-08-07 <br/> 
4:24 Mon 27-08-07 <br/> 
16:08 Mon 27-08-07 <br/> 
6:16 Tue 28-08-07 <br/> 
7:24 Tue 28-08-07 <br/> 
7:55 Tue 28-08-07 <br/> 
18:47 Tue 28-08-07 <br/> 
3:17 Wed 29-08-07 <br/> 
11:28 Wed 29-08-07 <br/> 
0:01 Thu 30-08-07 <br/> 
0:30 Thu 30-08-07 <br/> 
6:37 Thu 30-08-07 <br/> 
22:00 Thu 30-08-07 <br/> 
6:25 Sat 01-09-07 <br/> 
6:25 Sat 01-09-07 <br/> 
6:39 Sat 01-09-07 <br/> 
6:39 Sat 01-09-07 <br/> 
7:38 Sun 02-09-07 <br/> 
7:38 Sun 02-09-07 <br/> 
7:38 Sun 02-09-07 <br/> 
14:45 Sun 02-09-07 <br/> 
14:45 Sun 02-09-07 <br/> 
15:54 Sun 02-09-07 <br/> 
15:54 Sun 02-09-07 <br/> 
15:55 Sun 02-09-07 <br/> 
16:01 Sun 02-09-07 <br/> 
17:01 Sun 02-09-07 <br/> 
21:18 Sun 02-09-07 <br/> 
8:10 Mon 03-09-07 <br/> 
8:10 Mon 03-09-07 <br/> 
9:23 Mon 03-09-07 <br/> 
23:41 Wed 05-09-07 <br/> 
23:41 Wed 05-09-07 <br/> 
5:49 Thu 06-09-07 <br/> 
5:50 Thu 06-09-07 <br/> 
5:51 Thu 06-09-07 <br/> 
19:53 Thu 06-09-07 <br/> 
0:47 Fri 07-09-07 <br/> 
11:10 Sat 08-09-07 <br/> 
11:04 Wed 12-09-07 <br/> 
11:04 Wed 12-09-07 <br/> 
9:23 Thu 13-09-07 <br/> 
23:21 Thu 13-09-07 <br/> 
23:21 Thu 13-09-07 <br/> 
0:06 Fri 14-09-07 <br/> 
2:03 Fri 14-09-07 <br/> 
7:37 Fri 14-09-07 <br/> 
22:38 Fri 14-09-07 <br/> 
22:39 Fri 14-09-07 <br/> 
22:39 Fri 14-09-07 <br/> 
22:39 Fri 14-09-07 <br/> 
22:39 Fri 14-09-07 <br/> 
22:40 Fri 14-09-07 <br/> 
22:40 Fri 14-09-07 <br/> 
22:41 Fri 14-09-07 <br/> 
22:41 Fri 14-09-07 <br/> 
22:41 Fri 14-09-07 <br/> 
22:41 Fri 14-09-07 <br/> 
22:41 Fri 14-09-07 <br/> 
17:38 Sat 15-09-07 <br/> 
15:04 Mon 17-09-07 <br/> 
15:05 Mon 17-09-07 <br/> 
23:47 Wed 19-09-07 <br/> 
0:48 Thu 20-09-07 <br/> 
0:48 Thu 20-09-07 <br/> 
7:52 Thu 20-09-07 <br/> 
7:52 Thu 20-09-07 <br/> 
23:19 Fri 21-09-07 <br/> 
22:01 Sat 22-09-07 <br/> 
22:01 Sat 22-09-07 <br/> 
22:03 Sat 22-09-07 <br/> 
19:08 Mon 24-09-07 <br/> 
22:30 Mon 24-09-07 <br/> 
22:30 Mon 24-09-07 <br/> 
22:30 Mon 24-09-07 <br/> 
22:31 Mon 24-09-07 <br/> 
7:51 Tue 25-09-07 <br/> 
19:23 Tue 25-09-07 <br/> 
23:09 Tue 25-09-07 <br/> 
5:34 Wed 26-09-07 <br/> 
10:54 Thu 27-09-07 <br/> 
23:16 Thu 27-09-07 <br/> 
7:05 Fri 28-09-07 <br/> 
2:18 Sun 30-09-07 <br/> 
2:18 Sun 30-09-07 <br/> 
2:18 Sun 30-09-07 <br/> 
2:18 Sun 30-09-07 <br/> 
12:20 Tue 02-10-07 <br/> 
0:04 Wed 03-10-07 <br/> 
1:03 Thu 04-10-07 <br/> 
1:03 Thu 04-10-07 <br/> 
1:04 Thu 04-10-07 <br/> 
1:04 Thu 04-10-07 <br/> 
1:04 Thu 04-10-07 <br/> 
1:04 Thu 04-10-07 <br/> 
17:27 Thu 04-10-07 <br/> 
19:01 Thu 04-10-07 <br/> 
19:02 Thu 04-10-07 <br/> 
0:08 Fri 05-10-07 <br/> 
2:05 Sat 06-10-07 <br/> 
2:05 Sat 06-10-07 <br/> 
21:29 Sat 06-10-07 <br/> 
4:49 Sun 07-10-07 <br/> 
5:02 Sun 07-10-07 <br/> 
21:32 Sun 07-10-07 <br/> 
21:32 Sun 07-10-07 <br/> 
21:32 Sun 07-10-07 <br/> 
21:32 Sun 07-10-07 <br/> 
23:11 Sun 07-10-07 <br/> 
23:12 Sun 07-10-07 <br/> 
23:12 Sun 07-10-07 <br/> 
23:12 Sun 07-10-07 <br/> 
3:46 Mon 08-10-07 <br/> 
9:53 Mon 08-10-07 <br/> 
9:53 Mon 08-10-07 <br/> 
9:53 Mon 08-10-07 <br/> 
9:53 Mon 08-10-07 <br/> 
9:54 Mon 08-10-07 <br/> 
9:54 Mon 08-10-07 <br/> 
13:18 Mon 08-10-07 <br/> 
13:50 Mon 08-10-07 <br/> 
12:30 Tue 09-10-07 <br/> 
0:23 Thu 11-10-07 <br/> 
0:44 Thu 11-10-07 <br/> 
13:54 Thu 11-10-07 <br/> 
18:00 Thu 11-10-07 <br/> 
18:00 Thu 11-10-07 <br/> 
23:45 Thu 11-10-07 <br/> 
12:18 Fri 12-10-07 <br/> 
17:55 Fri 12-10-07 <br/> 
0:47 Sat 13-10-07 <br/> 
23:21 Sun 14-10-07 <br/> 
23:23 Sun 14-10-07 <br/> 
1:54 Mon 15-10-07 <br/> 
7:04 Mon 15-10-07 <br/> 
18:53 Mon 15-10-07 <br/> 
20:17 Mon 15-10-07 <br/> 
23:56 Mon 15-10-07 <br/> 
12:32 Tue 16-10-07 <br/> 
23:47 Tue 16-10-07 <br/> 
23:48 Tue 16-10-07 <br/> 
23:58 Tue 16-10-07 <br/> 
0:29 Thu 18-10-07 <br/> 
23:16 Thu 18-10-07 <br/> 
14:11 Sat 20-10-07 <br/> 
14:44 Sat 20-10-07 <br/> 
2:55 Sun 21-10-07 <br/> 
1:43 Mon 22-10-07 <br/> 
0:25 Tue 23-10-07 <br/> 
12:35 Tue 23-10-07 <br/> 
17:10 Tue 23-10-07 <br/> 
0:07 Wed 24-10-07 <br/> 
23:56 Wed 24-10-07 <br/> 
0:23 Fri 26-10-07 <br/> 
4:01 Sat 27-10-07 <br/> 
10:26 Mon 29-10-07 <br/> 
10:26 Mon 29-10-07 <br/> 
10:29 Mon 29-10-07 <br/> 
10:29 Mon 29-10-07 <br/> 
10:29 Mon 29-10-07 <br/> 
10:29 Mon 29-10-07 <br/> 
2:31 Tue 30-10-07 <br/> 
4:59 Tue 30-10-07 <br/> 
5:00 Tue 30-10-07 <br/> 
5:00 Tue 30-10-07 <br/> 
5:00 Tue 30-10-07 <br/> 
5:00 Tue 30-10-07 <br/> 
5:00 Tue 30-10-07 <br/> 
5:00 Tue 30-10-07 <br/> 
5:01 Tue 30-10-07 <br/> 
16:41 Tue 30-10-07 <br/> 
23:56 Tue 30-10-07 <br/> 
4:31 Wed 31-10-07 <br/> 
4:57 Wed 31-10-07 <br/> 
4:58 Wed 31-10-07 <br/> 
4:58 Wed 31-10-07 <br/> 
4:58 Wed 31-10-07 <br/> 
4:58 Wed 31-10-07 <br/> 
11:55 Sat 03-11-07 <br/> 
11:55 Sat 03-11-07 <br/> 
11:55 Sat 03-11-07 <br/> 
16:14 Sun 04-11-07 <br/> 
1:37 Mon 05-11-07 <br/> 
22:46 Mon 05-11-07 <br/> 
0:10 Tue 06-11-07 <br/> 
11:02 Tue 06-11-07 <br/> 
17:11 Tue 06-11-07 <br/> 
12:33 Wed 07-11-07 <br/> 
12:33 Wed 07-11-07 <br/> 
12:34 Wed 07-11-07 <br/> 
12:34 Wed 07-11-07 <br/> 
12:34 Wed 07-11-07 <br/> 
12:34 Wed 07-11-07 <br/> 
12:34 Wed 07-11-07 <br/> 
12:36 Wed 07-11-07 <br/> 
16:44 Wed 07-11-07 <br/> 
18:15 Wed 07-11-07 <br/> 
18:15 Wed 07-11-07 <br/> 
18:15 Wed 07-11-07 <br/> 
18:15 Wed 07-11-07 <br/> 
23:54 Wed 07-11-07 <br/> 
12:20 Thu 08-11-07 <br/> 
12:45 Thu 08-11-07 <br/> 
14:13 Thu 08-11-07 <br/> 
0:52 Fri 09-11-07 <br/> 
14:45 Fri 09-11-07 <br/> 
20:50 Fri 09-11-07 <br/> 
20:50 Fri 09-11-07 <br/> 
1:24 Sat 10-11-07 <br/> 
1:48 Sat 10-11-07 <br/> 
5:00 Sat 10-11-07 <br/> 
5:01 Sat 10-11-07 <br/> 
7:40 Sun 11-11-07 <br/> 
10:12 Sun 11-11-07 <br/> 
10:17 Sun 11-11-07 <br/> 
12:07 Sun 11-11-07 <br/> 
0:48 Mon 12-11-07 <br/> 
0:48 Mon 12-11-07 <br/> 
7:53 Mon 12-11-07 <br/> 
20:50 Mon 12-11-07 <br/> 
23:35 Mon 12-11-07 <br/> 
0:15 Tue 13-11-07 <br/> 
19:03 Tue 13-11-07 <br/> 
21:49 Tue 13-11-07 <br/> 
0:11 Wed 14-11-07 <br/> 
0:07 Thu 15-11-07 <br/> 
13:20 Thu 15-11-07 <br/> 
15:59 Fri 16-11-07 <br/> 
8:37 Sat 17-11-07 <br/> 
8:37 Sat 17-11-07 <br/> 
8:38 Sat 17-11-07 <br/> 
8:39 Sat 17-11-07 <br/> 
8:39 Sat 17-11-07 <br/> 
5:57 Sun 18-11-07 <br/> 
19:13 Sun 18-11-07 <br/> 
20:31 Mon 19-11-07 <br/> 
20:31 Mon 19-11-07 <br/> 
0:33 Tue 20-11-07 <br/> 
11:34 Tue 20-11-07 <br/> 
11:38 Tue 20-11-07 <br/> 
16:14 Tue 20-11-07 <br/> 
18:19 Tue 20-11-07 <br/> 
18:46 Tue 20-11-07 <br/> 
20:30 Tue 20-11-07 <br/> 
0:15 Wed 21-11-07 <br/> 
9:21 Wed 21-11-07 <br/> 
11:56 Wed 21-11-07 <br/> 
14:39 Wed 21-11-07 <br/> 
15:14 Wed 21-11-07 <br/> 
16:47 Wed 21-11-07 <br/> 
22:15 Wed 21-11-07 <br/> 
22:15 Wed 21-11-07 <br/> 
22:24 Wed 21-11-07 <br/> 
0:15 Thu 22-11-07 <br/> 
6:55 Thu 22-11-07 <br/> 
19:36 Thu 22-11-07 <br/> 
20:57 Thu 22-11-07 <br/> 
22:39 Thu 22-11-07 <br/> 
23:03 Thu 22-11-07 <br/> 
0:42 Fri 23-11-07 <br/> 
0:51 Fri 23-11-07 <br/> 
9:33 Fri 23-11-07 <br/> 
14:56 Fri 23-11-07 <br/> 
20:42 Fri 23-11-07 <br/> 
0:36 Sat 24-11-07 <br/> 
0:37 Sat 24-11-07 <br/> 
20:44 Sat 24-11-07 <br/> 
20:44 Sat 24-11-07 <br/> 
15:54 Sun 25-11-07 <br/> 
19:48 Sun 25-11-07 <br/> 
20:20 Sun 25-11-07 <br/> 
3:40 Mon 26-11-07 <br/> 
4:10 Mon 26-11-07 <br/> 
12:41 Mon 26-11-07 <br/> 
18:06 Mon 26-11-07 <br/> 
0:46 Tue 27-11-07 <br/> 
23:32 Tue 27-11-07 <br/> 
23:32 Tue 27-11-07 <br/> 
0:07 Wed 28-11-07 <br/> 
0:44 Wed 28-11-07 <br/> 
6:26 Wed 28-11-07 <br/> 
0:26 Thu 29-11-07 <br/> 
0:31 Thu 29-11-07 <br/> 
2:11 Thu 29-11-07 <br/> 
6:45 Thu 29-11-07 <br/> 
20:17 Thu 29-11-07 <br/> 
0:06 Fri 30-11-07 <br/> 
15:38 Fri 30-11-07 <br/> 
15:38 Fri 30-11-07 <br/> 
0:44 Sat 01-12-07 <br/> 
7:15 Sat 01-12-07 <br/> 
10:59 Sat 01-12-07 <br/> 
17:09 Sat 01-12-07 <br/> 
4:01 Sun 02-12-07 <br/> 
8:57 Sun 02-12-07 <br/> 
17:56 Sun 02-12-07 <br/> 
18:05 Sun 02-12-07 <br/> 
21:20 Sun 02-12-07 <br/> 
9:28 Mon 03-12-07 <br/> 
11:00 Mon 03-12-07 <br/> 
3:37 Wed 05-12-07 <br/> 
7:19 Wed 05-12-07 <br/> 
9:12 Wed 05-12-07 <br/> 
13:13 Wed 05-12-07 <br/> 
13:13 Wed 05-12-07 <br/> 
13:17 Wed 05-12-07 <br/> 
21:47 Thu 06-12-07 <br/> 
22:38 Thu 06-12-07 <br/> 
0:08 Fri 07-12-07 <br/> 
0:18 Fri 07-12-07 <br/> 
1:04 Fri 07-12-07 <br/> 
8:59 Fri 07-12-07 <br/> 
8:59 Fri 07-12-07 <br/> 
14:00 Fri 07-12-07 <br/> 
19:08 Fri 07-12-07 <br/> 
19:27 Fri 07-12-07 <br/> 
19:28 Fri 07-12-07 <br/> 
23:42 Sat 08-12-07 <br/> 
9:31 Sun 09-12-07 <br/> 
9:31 Sun 09-12-07 <br/> 
19:31 Sun 09-12-07 <br/> 
20:20 Mon 10-12-07 <br/> 
23:18 Mon 10-12-07 <br/> 
23:34 Mon 10-12-07 <br/> 
0:07 Tue 11-12-07 <br/> 
16:54 Tue 11-12-07 <br/> 
16:55 Tue 11-12-07 <br/> 
17:30 Tue 11-12-07 <br/> 
0:14 Wed 12-12-07 <br/> 
7:36 Wed 12-12-07 <br/> 
12:30 Wed 12-12-07 <br/> 
0:42 Thu 13-12-07 <br/> 
12:47 Fri 14-12-07 <br/> 
12:47 Fri 14-12-07 <br/> 
15:18 Fri 14-12-07 <br/> 
15:18 Fri 14-12-07 <br/> 
15:37 Fri 14-12-07 <br/> 
20:04 Fri 14-12-07 <br/> 
13:09 Sat 15-12-07 <br/> 
13:23 Sat 15-12-07 <br/> 
21:52 Sat 15-12-07 <br/> 
1:20 Sun 16-12-07 <br/> 
1:20 Sun 16-12-07 <br/> 
3:35 Sun 16-12-07 <br/> 
16:06 Sun 16-12-07 <br/> 
16:16 Sun 16-12-07 <br/> 
4:42 Mon 17-12-07 <br/> 
5:55 Mon 17-12-07 <br/> 
12:45 Mon 17-12-07 <br/> 
12:52 Mon 17-12-07 <br/> 
13:56 Mon 17-12-07 <br/> 
0:08 Tue 18-12-07 <br/> 
0:37 Tue 18-12-07 <br/> 
0:33 Wed 19-12-07 <br/> 
10:31 Wed 19-12-07 <br/> 
0:43 Thu 20-12-07 <br/> 
14:10 Thu 20-12-07 <br/> 
14:11 Thu 20-12-07 <br/> 
16:11 Thu 20-12-07 <br/> 
16:11 Thu 20-12-07 <br/> 
16:34 Thu 20-12-07 <br/> 
0:39 Fri 21-12-07 <br/> 
18:38 Sat 22-12-07 <br/> 
18:41 Sat 22-12-07 <br/> 
19:10 Sat 22-12-07 <br/> 
23:05 Sat 22-12-07 <br/> 
8:36 Sun 23-12-07 <br/> 
9:53 Sun 23-12-07 <br/> 
19:59 Sun 23-12-07 <br/> 
8:59 Mon 24-12-07 <br/> 
2:25 Tue 25-12-07 <br/> 
3:19 Tue 25-12-07 <br/> 
5:13 Tue 25-12-07 <br/> 
16:41 Tue 25-12-07 <br/> 
17:04 Tue 25-12-07 <br/> 
1:18 Wed 26-12-07 <br/> 
1:28 Wed 26-12-07 <br/> 
1:48 Wed 26-12-07 <br/> 
10:24 Wed 26-12-07 <br/> 
11:10 Wed 26-12-07 <br/> 
23:52 Wed 26-12-07 <br/> 
2:41 Thu 27-12-07 <br/> 
9:33 Thu 27-12-07 <br/> 
14:46 Thu 27-12-07 <br/> 
14:46 Thu 27-12-07 <br/> 
20:08 Thu 27-12-07 <br/> 
21:29 Thu 27-12-07 <br/> 
23:22 Thu 27-12-07 <br/> 
5:10 Fri 28-12-07 <br/> 
13:22 Fri 28-12-07 <br/> 
13:55 Fri 28-12-07 <br/> 
13:55 Fri 28-12-07 <br/> 
14:55 Fri 28-12-07 <br/> 
15:14 Fri 28-12-07 <br/> 
15:15 Fri 28-12-07 <br/> 
15:16 Fri 28-12-07 <br/> 
15:16 Fri 28-12-07 <br/> 
15:17 Fri 28-12-07 <br/> 
15:18 Fri 28-12-07 <br/> 
15:23 Fri 28-12-07 <br/> 
15:47 Fri 28-12-07 <br/> 
15:35 Sat 29-12-07 <br/> 
23:12 Sat 29-12-07 <br/> 
23:12 Sat 29-12-07 <br/> 
16:57 Sun 30-12-07 <br/> 
22:42 Sun 30-12-07 <br/> 
23:44 Sun 30-12-07 <br/> 
17:40 Mon 31-12-07 <br/> 
17:41 Mon 31-12-07 <br/> 
4:46 Tue 01-01-08 <br/> 
16:24 Tue 01-01-08 <br/> 
16:58 Tue 01-01-08 <br/> 
22:41 Tue 01-01-08 <br/> 
23:54 Tue 01-01-08 <br/> 
14:14 Wed 02-01-08 <br/> 
14:14 Wed 02-01-08 <br/> 
23:50 Wed 02-01-08 <br/> 
0:04 Thu 03-01-08 <br/> 
0:09 Thu 03-01-08 <br/> 
5:09 Thu 03-01-08 <br/> 
17:34 Thu 03-01-08 <br/> 
20:00 Thu 03-01-08 <br/> 
3:56 Fri 04-01-08 <br/> 
3:56 Fri 04-01-08 <br/> 
10:27 Fri 04-01-08 <br/> 
16:58 Fri 04-01-08 <br/> 
16:58 Fri 04-01-08 <br/> 
