2:00 Thu 01-01-70 
21:36 Wed 05-07-06 
14:56 Thu 06-07-06 
21:13 Thu 06-07-06 
1:05 Fri 07-07-06 
2:21 Fri 07-07-06 
3:00 Fri 07-07-06 
5:15 Fri 07-07-06 
10:56 Fri 07-07-06 
21:07 Fri 07-07-06 
21:21 Fri 07-07-06 
11:23 Sat 08-07-06 
15:06 Sat 08-07-06 
15:41 Sat 08-07-06 
15:48 Sat 08-07-06 
16:04 Sat 08-07-06 
17:46 Sat 08-07-06 
0:33 Sun 09-07-06 
8:22 Sun 09-07-06 
8:32 Sun 09-07-06 
6:52 Mon 10-07-06 
10:29 Mon 10-07-06 
10:36 Mon 10-07-06 
0:58 Tue 11-07-06 
0:59 Tue 11-07-06 
3:26 Tue 11-07-06 
23:29 Tue 11-07-06 
23:33 Tue 11-07-06 
2:01 Wed 12-07-06 
19:10 Wed 12-07-06 
13:20 Thu 13-07-06 
20:35 Thu 13-07-06 
9:14 Fri 14-07-06 
20:58 Fri 14-07-06 
23:47 Fri 14-07-06 
14:37 Sat 15-07-06 
15:34 Sun 16-07-06 
18:40 Sun 16-07-06 
18:30 Mon 17-07-06 
18:31 Mon 17-07-06 
12:17 Wed 19-07-06 <br/> 
16:07 Thu 20-07-06 <br/> 
1:11 Fri 21-07-06 <br/> 
1:18 Fri 21-07-06 <br/> 
5:19 Fri 21-07-06 <br/> 
1:28 Sat 22-07-06 <br/> 
18:42 Sun 15-10-06 <br/> 
7:25 Sat 11-11-06 <br/> 
16:58 Sat 11-11-06 <br/> 
5:08 Sun 12-11-06 <br/> 
5:08 Sun 12-11-06 <br/> 
18:07 Mon 20-11-06 <br/> 
18:27 Mon 20-11-06 <br/> 
3:39 Tue 21-11-06 <br/> 
11:35 Tue 21-11-06 <br/> 
0:32 Wed 22-11-06 <br/> 
5:02 Wed 22-11-06 <br/> 
23:23 Wed 22-11-06 <br/> 
15:33 Fri 24-11-06 <br/> 
3:56 Sat 25-11-06 <br/> 
11:00 Sat 25-11-06 <br/> 
17:17 Sat 25-11-06 <br/> 
22:27 Sat 25-11-06 <br/> 
22:30 Sat 25-11-06 <br/> 
5:53 Sun 26-11-06 <br/> 
6:55 Sun 26-11-06 <br/> 
8:19 Sun 26-11-06 <br/> 
6:31 Mon 27-11-06 <br/> 
21:13 Mon 27-11-06 <br/> 
21:13 Mon 27-11-06 <br/> 
15:37 Tue 28-11-06 <br/> 
11:54 Wed 29-11-06 <br/> 
23:31 Wed 29-11-06 <br/> 
0:56 Thu 30-11-06 <br/> 
1:26 Thu 30-11-06 <br/> 
23:58 Thu 30-11-06 <br/> 
17:19 Sat 02-12-06 <br/> 
23:41 Sun 03-12-06 <br/> 
5:46 Mon 04-12-06 <br/> 
23:04 Tue 05-12-06 <br/> 
1:29 Thu 07-12-06 <br/> 
19:31 Thu 07-12-06 <br/> 
16:01 Fri 08-12-06 <br/> 
15:31 Sat 09-12-06 <br/> 
15:37 Sat 09-12-06 <br/> 
1:56 Sun 10-12-06 <br/> 
5:43 Mon 11-12-06 <br/> 
21:31 Mon 11-12-06 <br/> 
3:35 Tue 12-12-06 <br/> 
5:43 Tue 12-12-06 <br/> 
5:44 Tue 12-12-06 <br/> 
7:49 Tue 12-12-06 <br/> 
12:47 Tue 12-12-06 <br/> 
23:55 Tue 12-12-06 <br/> 
5:44 Wed 13-12-06 <br/> 
9:54 Wed 13-12-06 <br/> 
0:12 Thu 14-12-06 <br/> 
0:15 Thu 14-12-06 <br/> 
5:44 Thu 14-12-06 <br/> 
0:02 Fri 15-12-06 <br/> 
0:15 Fri 15-12-06 <br/> 
7:09 Fri 15-12-06 <br/> 
18:07 Sat 16-12-06 <br/> 
18:13 Sat 16-12-06 <br/> 
1:57 Sun 17-12-06 <br/> 
7:24 Mon 18-12-06 <br/> 
8:39 Mon 18-12-06 <br/> 
7:26 Tue 19-12-06 <br/> 
7:57 Tue 19-12-06 <br/> 
23:55 Tue 19-12-06 <br/> 
7:29 Wed 20-12-06 <br/> 
7:56 Thu 21-12-06 <br/> 
15:15 Fri 22-12-06 <br/> 
18:14 Sat 23-12-06 <br/> 
1:57 Sun 24-12-06 <br/> 
2:29 Mon 25-12-06 <br/> 
3:26 Mon 25-12-06 <br/> 
2:27 Tue 26-12-06 <br/> 
2:28 Tue 26-12-06 <br/> 
23:56 Tue 26-12-06 <br/> 
23:57 Tue 26-12-06 <br/> 
6:25 Wed 27-12-06 <br/> 
23:37 Wed 27-12-06 <br/> 
1:44 Thu 28-12-06 <br/> 
2:11 Thu 28-12-06 <br/> 
3:17 Thu 28-12-06 <br/> 
14:11 Thu 28-12-06 <br/> 
20:53 Thu 28-12-06 <br/> 
21:04 Thu 28-12-06 <br/> 
21:04 Thu 28-12-06 <br/> 
16:57 Fri 29-12-06 <br/> 
17:18 Sat 30-12-06 <br/> 
0:14 Sun 31-12-06 <br/> 
19:08 Sun 31-12-06 <br/> 
15:28 Mon 01-01-07 <br/> 
5:35 Tue 02-01-07 <br/> 
12:05 Tue 02-01-07 <br/> 
18:34 Tue 02-01-07 <br/> 
23:56 Tue 02-01-07 <br/> 
23:57 Tue 02-01-07 <br/> 
2:55 Wed 03-01-07 <br/> 
5:10 Wed 03-01-07 <br/> 
6:34 Wed 03-01-07 <br/> 
7:10 Wed 03-01-07 <br/> 
2:12 Thu 04-01-07 <br/> 
7:39 Thu 04-01-07 <br/> 
9:46 Thu 04-01-07 <br/> 
9:47 Thu 04-01-07 <br/> 
10:18 Thu 04-01-07 <br/> 
12:49 Thu 04-01-07 <br/> 
20:14 Thu 04-01-07 <br/> 
9:54 Fri 05-01-07 <br/> 
23:17 Fri 05-01-07 <br/> 
1:21 Sat 06-01-07 <br/> 
1:23 Sat 06-01-07 <br/> 
1:23 Sat 06-01-07 <br/> 
1:24 Sat 06-01-07 <br/> 
1:24 Sat 06-01-07 <br/> 
1:24 Sat 06-01-07 <br/> 
1:25 Sat 06-01-07 <br/> 
19:24 Sun 07-01-07 <br/> 
20:33 Sun 07-01-07 <br/> 
21:52 Mon 08-01-07 <br/> 
21:52 Mon 08-01-07 <br/> 
11:38 Tue 09-01-07 <br/> 
11:45 Tue 09-01-07 <br/> 
16:03 Tue 09-01-07 <br/> 
0:25 Wed 10-01-07 <br/> 
0:34 Wed 10-01-07 <br/> 
6:21 Wed 10-01-07 <br/> 
11:53 Wed 10-01-07 <br/> 
12:12 Thu 11-01-07 <br/> 
12:12 Thu 11-01-07 <br/> 
19:26 Thu 11-01-07 <br/> 
23:39 Thu 11-01-07 <br/> 
2:41 Mon 15-01-07 <br/> 
17:09 Mon 15-01-07 <br/> 
17:09 Mon 15-01-07 <br/> 
17:09 Mon 15-01-07 <br/> 
17:14 Mon 15-01-07 <br/> 
20:42 Mon 15-01-07 <br/> 
20:42 Mon 15-01-07 <br/> 
0:14 Wed 17-01-07 <br/> 
3:23 Wed 17-01-07 <br/> 
0:27 Thu 18-01-07 <br/> 
0:27 Thu 18-01-07 <br/> 
18:33 Thu 18-01-07 <br/> 
15:24 Fri 19-01-07 <br/> 
15:25 Fri 19-01-07 <br/> 
19:23 Fri 19-01-07 <br/> 
1:23 Sat 20-01-07 <br/> 
12:47 Sun 21-01-07 <br/> 
14:28 Sun 21-01-07 <br/> 
23:44 Sun 21-01-07 <br/> 
7:22 Mon 22-01-07 <br/> 
5:52 Tue 23-01-07 <br/> 
9:33 Tue 23-01-07 <br/> 
18:53 Tue 23-01-07 <br/> 
23:06 Tue 23-01-07 <br/> 
23:07 Tue 23-01-07 <br/> 
23:08 Tue 23-01-07 <br/> 
23:08 Tue 23-01-07 <br/> 
0:29 Wed 24-01-07 <br/> 
22:21 Wed 24-01-07 <br/> 
22:52 Wed 24-01-07 <br/> 
23:54 Wed 24-01-07 <br/> 
0:06 Thu 25-01-07 <br/> 
2:23 Thu 25-01-07 <br/> 
7:57 Thu 25-01-07 <br/> 
18:37 Thu 25-01-07 <br/> 
15:13 Fri 26-01-07 <br/> 
21:00 Fri 26-01-07 <br/> 
22:06 Fri 26-01-07 <br/> 
9:37 Sat 27-01-07 <br/> 
11:21 Sat 27-01-07 <br/> 
19:33 Sat 27-01-07 <br/> 
11:36 Sun 28-01-07 <br/> 
13:07 Sun 28-01-07 <br/> 
14:27 Sun 28-01-07 <br/> 
19:38 Sun 28-01-07 <br/> 
9:17 Mon 29-01-07 <br/> 
9:17 Mon 29-01-07 <br/> 
20:26 Mon 29-01-07 <br/> 
16:34 Tue 30-01-07 <br/> 
4:18 Wed 31-01-07 <br/> 
22:14 Wed 31-01-07 <br/> 
0:10 Thu 01-02-07 <br/> 
2:26 Thu 01-02-07 <br/> 
14:39 Thu 01-02-07 <br/> 
20:14 Thu 01-02-07 <br/> 
7:49 Fri 02-02-07 <br/> 
11:33 Fri 02-02-07 <br/> 
21:06 Fri 02-02-07 <br/> 
13:56 Sat 03-02-07 <br/> 
18:39 Sat 03-02-07 <br/> 
0:38 Sun 04-02-07 <br/> 
0:38 Sun 04-02-07 <br/> 
2:52 Sun 04-02-07 <br/> 
16:41 Mon 05-02-07 <br/> 
0:42 Tue 06-02-07 <br/> 
15:38 Tue 06-02-07 <br/> 
16:07 Tue 06-02-07 <br/> 
10:56 Wed 07-02-07 <br/> 
10:56 Wed 07-02-07 <br/> 
13:37 Wed 07-02-07 <br/> 
17:44 Wed 07-02-07 <br/> 
0:50 Thu 08-02-07 <br/> 
2:47 Thu 08-02-07 <br/> 
20:18 Thu 08-02-07 <br/> 
7:57 Fri 09-02-07 <br/> 
14:17 Fri 09-02-07 <br/> 
16:23 Fri 09-02-07 <br/> 
21:07 Fri 09-02-07 <br/> 
21:28 Fri 09-02-07 <br/> 
21:35 Fri 09-02-07 <br/> 
11:51 Sat 10-02-07 <br/> 
19:44 Sat 10-02-07 <br/> 
19:57 Sat 10-02-07 <br/> 
12:37 Sun 11-02-07 <br/> 
15:31 Sun 11-02-07 <br/> 
21:19 Sun 11-02-07 <br/> 
14:33 Mon 12-02-07 <br/> 
14:33 Mon 12-02-07 <br/> 
18:00 Mon 12-02-07 <br/> 
16:08 Wed 14-02-07 <br/> 
19:21 Wed 14-02-07 <br/> 
23:34 Wed 14-02-07 <br/> 
23:34 Wed 14-02-07 <br/> 
20:38 Thu 15-02-07 <br/> 
8:18 Fri 16-02-07 <br/> 
11:49 Fri 16-02-07 <br/> 
11:50 Fri 16-02-07 <br/> 
11:50 Fri 16-02-07 <br/> 
11:50 Fri 16-02-07 <br/> 
16:55 Fri 16-02-07 <br/> 
3:05 Sat 17-02-07 <br/> 
8:54 Sat 17-02-07 <br/> 
8:54 Sat 17-02-07 <br/> 
17:58 Sat 17-02-07 <br/> 
10:05 Sun 18-02-07 <br/> 
17:09 Sun 18-02-07 <br/> 
19:44 Sun 18-02-07 <br/> 
10:56 Mon 19-02-07 <br/> 
11:59 Mon 19-02-07 <br/> 
12:32 Mon 19-02-07 <br/> 
9:06 Tue 20-02-07 <br/> 
17:30 Tue 20-02-07 <br/> 
23:59 Tue 20-02-07 <br/> 
9:45 Wed 21-02-07 <br/> 
10:01 Wed 21-02-07 <br/> 
14:45 Wed 21-02-07 <br/> 
14:52 Wed 21-02-07 <br/> 
17:35 Wed 21-02-07 <br/> 
4:19 Thu 22-02-07 <br/> 
8:35 Thu 22-02-07 <br/> 
8:35 Thu 22-02-07 <br/> 
1:00 Fri 23-02-07 <br/> 
3:42 Fri 23-02-07 <br/> 
18:59 Fri 23-02-07 <br/> 
23:59 Fri 23-02-07 <br/> 
13:52 Sat 24-02-07 <br/> 
17:47 Sat 24-02-07 <br/> 
22:55 Sat 24-02-07 <br/> 
22:55 Sat 24-02-07 <br/> 
19:49 Sun 25-02-07 <br/> 
8:30 Mon 26-02-07 <br/> 
0:27 Tue 27-02-07 <br/> 
19:24 Tue 27-02-07 <br/> 
3:15 Wed 28-02-07 <br/> 
6:14 Wed 28-02-07 <br/> 
19:43 Wed 28-02-07 <br/> 
22:17 Wed 28-02-07 <br/> 
0:22 Thu 01-03-07 <br/> 
0:20 Sat 03-03-07 <br/> 
11:12 Sun 04-03-07 <br/> 
19:50 Sun 04-03-07 <br/> 
15:32 Mon 05-03-07 <br/> 
10:48 Tue 06-03-07 <br/> 
10:48 Tue 06-03-07 <br/> 
11:05 Tue 06-03-07 <br/> 
11:05 Tue 06-03-07 <br/> 
11:05 Tue 06-03-07 <br/> 
11:05 Tue 06-03-07 <br/> 
17:11 Tue 06-03-07 <br/> 
11:17 Wed 07-03-07 <br/> 
5:07 Fri 09-03-07 <br/> 
0:35 Sat 10-03-07 <br/> 
9:57 Sat 10-03-07 <br/> 
9:57 Sat 10-03-07 <br/> 
9:57 Sat 10-03-07 <br/> 
9:57 Sat 10-03-07 <br/> 
9:14 Sun 11-03-07 <br/> 
4:19 Mon 12-03-07 <br/> 
5:05 Tue 13-03-07 <br/> 
11:44 Tue 13-03-07 <br/> 
11:37 Wed 14-03-07 <br/> 
11:37 Wed 14-03-07 <br/> 
11:37 Wed 14-03-07 <br/> 
11:37 Wed 14-03-07 <br/> 
11:38 Wed 14-03-07 <br/> 
13:37 Wed 14-03-07 <br/> 
13:37 Wed 14-03-07 <br/> 
13:37 Wed 14-03-07 <br/> 
13:37 Wed 14-03-07 <br/> 
13:37 Wed 14-03-07 <br/> 
13:37 Wed 14-03-07 <br/> 
13:40 Wed 14-03-07 <br/> 
13:40 Wed 14-03-07 <br/> 
16:00 Thu 15-03-07 <br/> 
16:47 Fri 16-03-07 <br/> 
23:34 Fri 16-03-07 <br/> 
1:15 Sat 17-03-07 <br/> 
2:17 Sat 17-03-07 <br/> 
2:57 Sat 17-03-07 <br/> 
11:44 Sat 17-03-07 <br/> 
21:47 Sat 17-03-07 <br/> 
12:07 Sun 18-03-07 <br/> 
2:35 Mon 19-03-07 <br/> 
3:55 Mon 19-03-07 <br/> 
20:55 Mon 19-03-07 <br/> 
3:16 Tue 20-03-07 <br/> 
13:12 Wed 21-03-07 <br/> 
13:48 Wed 21-03-07 <br/> 
7:50 Thu 22-03-07 <br/> 
5:10 Fri 23-03-07 <br/> 
5:10 Fri 23-03-07 <br/> 
15:56 Sat 24-03-07 <br/> 
15:56 Sat 24-03-07 <br/> 
15:56 Sat 24-03-07 <br/> 
16:35 Sat 24-03-07 <br/> 
4:31 Sun 25-03-07 <br/> 
12:08 Sun 25-03-07 <br/> 
4:06 Wed 28-03-07 <br/> 
20:20 Wed 28-03-07 <br/> 
20:20 Wed 28-03-07 <br/> 
3:46 Thu 29-03-07 <br/> 
19:49 Thu 29-03-07 <br/> 
11:49 Fri 30-03-07 <br/> 
14:59 Fri 30-03-07 <br/> 
23:45 Fri 30-03-07 <br/> 
0:03 Sun 01-04-07 <br/> 
12:57 Sun 01-04-07 <br/> 
12:57 Sun 01-04-07 <br/> 
16:08 Mon 02-04-07 <br/> 
16:08 Mon 02-04-07 <br/> 
23:45 Mon 02-04-07 <br/> 
0:05 Tue 03-04-07 <br/> 
23:51 Tue 03-04-07 <br/> 
12:30 Wed 04-04-07 <br/> 
16:17 Wed 04-04-07 <br/> 
18:24 Wed 04-04-07 <br/> 
0:22 Thu 05-04-07 <br/> 
15:58 Thu 05-04-07 <br/> 
3:05 Fri 06-04-07 <br/> 
14:21 Sat 07-04-07 <br/> 
1:45 Mon 09-04-07 <br/> 
1:49 Mon 09-04-07 <br/> 
4:54 Mon 09-04-07 <br/> 
9:05 Tue 10-04-07 <br/> 
9:05 Tue 10-04-07 <br/> 
18:29 Wed 11-04-07 <br/> 
19:29 Wed 11-04-07 <br/> 
0:04 Thu 12-04-07 <br/> 
1:41 Thu 12-04-07 <br/> 
17:14 Thu 12-04-07 <br/> 
22:54 Thu 12-04-07 <br/> 
0:34 Fri 13-04-07 <br/> 
11:27 Fri 13-04-07 <br/> 
11:27 Fri 13-04-07 <br/> 
12:13 Fri 13-04-07 <br/> 
7:25 Sat 14-04-07 <br/> 
12:10 Sat 14-04-07 <br/> 
14:26 Sat 14-04-07 <br/> 
16:33 Sat 14-04-07 <br/> 
8:05 Sun 15-04-07 <br/> 
8:56 Sun 15-04-07 <br/> 
7:29 Mon 16-04-07 <br/> 
19:50 Mon 16-04-07 <br/> 
0:11 Tue 17-04-07 <br/> 
9:23 Tue 17-04-07 <br/> 
19:32 Wed 18-04-07 <br/> 
19:32 Wed 18-04-07 <br/> 
3:51 Thu 19-04-07 <br/> 
12:43 Thu 19-04-07 <br/> 
13:51 Fri 20-04-07 <br/> 
8:31 Sat 21-04-07 <br/> 
20:04 Sat 21-04-07 <br/> 
20:18 Sat 21-04-07 <br/> 
20:57 Sat 21-04-07 <br/> 
2:57 Sun 22-04-07 <br/> 
8:59 Sun 22-04-07 <br/> 
23:48 Sun 22-04-07 <br/> 
23:48 Sun 22-04-07 <br/> 
7:24 Mon 23-04-07 <br/> 
23:47 Mon 23-04-07 <br/> 
0:23 Tue 24-04-07 <br/> 
5:06 Tue 24-04-07 <br/> 
6:20 Tue 24-04-07 <br/> 
12:39 Tue 24-04-07 <br/> 
20:55 Wed 25-04-07 <br/> 
1:08 Thu 26-04-07 <br/> 
7:46 Thu 26-04-07 <br/> 
11:06 Thu 26-04-07 <br/> 
0:35 Fri 27-04-07 <br/> 
5:57 Fri 27-04-07 <br/> 
14:07 Fri 27-04-07 <br/> 
0:56 Sat 28-04-07 <br/> 
13:37 Sat 28-04-07 <br/> 
15:17 Sat 28-04-07 <br/> 
16:09 Sat 28-04-07 <br/> 
4:04 Sun 29-04-07 <br/> 
7:24 Sun 29-04-07 <br/> 
18:44 Sun 29-04-07 <br/> 
3:18 Thu 03-05-07 <br/> 
6:55 Thu 03-05-07 <br/> 
12:53 Thu 03-05-07 <br/> 
13:00 Thu 03-05-07 <br/> 
13:04 Thu 03-05-07 <br/> 
4:37 Sat 05-05-07 <br/> 
11:07 Sun 06-05-07 <br/> 
11:07 Sun 06-05-07 <br/> 
11:07 Sun 06-05-07 <br/> 
19:25 Mon 07-05-07 <br/> 
0:08 Tue 08-05-07 <br/> 
4:53 Tue 08-05-07 <br/> 
6:58 Tue 08-05-07 <br/> 
9:58 Tue 08-05-07 <br/> 
15:27 Tue 08-05-07 <br/> 
21:43 Tue 08-05-07 <br/> 
2:29 Wed 09-05-07 <br/> 
0:32 Fri 11-05-07 <br/> 
16:34 Sun 13-05-07 <br/> 
14:31 Mon 14-05-07 <br/> 
14:33 Mon 14-05-07 <br/> 
21:26 Mon 14-05-07 <br/> 
14:13 Wed 16-05-07 <br/> 
14:13 Wed 16-05-07 <br/> 
14:13 Wed 16-05-07 <br/> 
14:13 Wed 16-05-07 <br/> 
0:43 Fri 18-05-07 <br/> 
5:54 Fri 18-05-07 <br/> 
16:19 Fri 18-05-07 <br/> 
8:34 Sat 19-05-07 <br/> 
21:07 Sat 19-05-07 <br/> 
22:42 Sat 19-05-07 <br/> 
16:43 Sun 20-05-07 <br/> 
5:32 Mon 21-05-07 <br/> 
8:59 Mon 21-05-07 <br/> 
8:25 Tue 22-05-07 <br/> 
8:25 Tue 22-05-07 <br/> 
8:25 Tue 22-05-07 <br/> 
8:25 Tue 22-05-07 <br/> 
8:25 Tue 22-05-07 <br/> 
8:25 Tue 22-05-07 <br/> 
8:25 Tue 22-05-07 <br/> 
12:51 Tue 22-05-07 <br/> 
16:40 Tue 22-05-07 <br/> 
20:08 Thu 24-05-07 <br/> 
5:07 Sat 26-05-07 <br/> 
22:46 Sun 27-05-07 <br/> 
22:46 Sun 27-05-07 <br/> 
22:46 Sun 27-05-07 <br/> 
22:46 Sun 27-05-07 <br/> 
22:30 Mon 28-05-07 <br/> 
2:42 Tue 29-05-07 <br/> 
18:53 Wed 30-05-07 <br/> 
22:17 Wed 30-05-07 <br/> 
0:03 Thu 31-05-07 <br/> 
10:01 Thu 31-05-07 <br/> 
8:31 Fri 01-06-07 <br/> 
14:56 Fri 01-06-07 <br/> 
14:56 Fri 01-06-07 <br/> 
22:13 Fri 01-06-07 <br/> 
0:46 Sat 02-06-07 <br/> 
2:42 Sun 03-06-07 <br/> 
19:25 Sun 03-06-07 <br/> 
21:52 Sun 03-06-07 <br/> 
21:58 Sun 03-06-07 <br/> 
7:09 Mon 04-06-07 <br/> 
22:27 Mon 04-06-07 <br/> 
2:05 Tue 05-06-07 <br/> 
15:58 Fri 08-06-07 <br/> 
15:59 Fri 08-06-07 <br/> 
15:59 Fri 08-06-07 <br/> 
15:59 Fri 08-06-07 <br/> 
16:00 Fri 08-06-07 <br/> 
16:01 Fri 08-06-07 <br/> 
16:03 Fri 08-06-07 <br/> 
23:48 Sun 10-06-07 <br/> 
11:58 Mon 11-06-07 <br/> 
11:59 Mon 11-06-07 <br/> 
14:03 Mon 11-06-07 <br/> 
14:03 Mon 11-06-07 <br/> 
14:03 Mon 11-06-07 <br/> 
14:04 Mon 11-06-07 <br/> 
23:44 Mon 11-06-07 <br/> 
10:10 Tue 12-06-07 <br/> 
13:54 Tue 12-06-07 <br/> 
19:14 Tue 12-06-07 <br/> 
19:22 Tue 12-06-07 <br/> 
19:28 Tue 12-06-07 <br/> 
19:31 Tue 12-06-07 <br/> 
19:33 Wed 13-06-07 <br/> 
13:20 Fri 15-06-07 <br/> 
2:14 Sun 17-06-07 <br/> 
0:44 Mon 18-06-07 <br/> 
0:08 Tue 19-06-07 <br/> 
4:45 Tue 19-06-07 <br/> 
14:48 Tue 19-06-07 <br/> 
18:53 Tue 19-06-07 <br/> 
0:03 Wed 20-06-07 <br/> 
2:03 Wed 20-06-07 <br/> 
11:15 Wed 20-06-07 <br/> 
23:49 Wed 20-06-07 <br/> 
0:09 Fri 22-06-07 <br/> 
10:54 Fri 22-06-07 <br/> 
10:54 Fri 22-06-07 <br/> 
6:27 Sat 23-06-07 <br/> 
19:06 Sat 23-06-07 <br/> 
22:48 Sat 23-06-07 <br/> 
23:09 Sat 23-06-07 <br/> 
9:18 Sun 24-06-07 <br/> 
19:38 Sun 24-06-07 <br/> 
1:43 Mon 25-06-07 <br/> 
7:59 Mon 25-06-07 <br/> 
8:00 Mon 25-06-07 <br/> 
0:16 Tue 26-06-07 <br/> 
0:41 Tue 26-06-07 <br/> 
0:28 Thu 28-06-07 <br/> 
13:57 Thu 28-06-07 <br/> 
15:23 Thu 28-06-07 <br/> 
16:21 Thu 28-06-07 <br/> 
14:07 Fri 29-06-07 <br/> 
20:52 Sat 30-06-07 <br/> 
21:17 Sat 30-06-07 <br/> 
21:40 Sat 30-06-07 <br/> 
21:54 Sat 30-06-07 <br/> 
22:00 Sat 30-06-07 <br/> 
0:31 Sun 01-07-07 <br/> 
6:42 Sun 01-07-07 <br/> 
9:01 Sun 01-07-07 <br/> 
10:46 Sun 01-07-07 <br/> 
16:38 Sun 01-07-07 <br/> 
20:17 Sun 01-07-07 <br/> 
20:21 Sun 01-07-07 <br/> 
2:51 Mon 02-07-07 <br/> 
6:10 Mon 02-07-07 <br/> 
8:29 Mon 02-07-07 <br/> 
16:22 Mon 02-07-07 <br/> 
7:45 Tue 03-07-07 <br/> 
20:11 Wed 04-07-07 <br/> 
20:12 Wed 04-07-07 <br/> 
0:00 Thu 05-07-07 <br/> 
15:06 Thu 05-07-07 <br/> 
17:18 Thu 05-07-07 <br/> 
5:55 Fri 06-07-07 <br/> 
18:41 Fri 06-07-07 <br/> 
17:23 Sat 07-07-07 <br/> 
11:22 Sun 08-07-07 <br/> 
16:41 Sun 08-07-07 <br/> 
1:42 Mon 09-07-07 <br/> 
4:29 Mon 09-07-07 <br/> 
5:45 Mon 09-07-07 <br/> 
12:03 Tue 10-07-07 <br/> 
15:27 Wed 11-07-07 <br/> 
23:46 Wed 11-07-07 <br/> 
7:32 Thu 12-07-07 <br/> 
14:11 Thu 12-07-07 <br/> 
0:22 Fri 13-07-07 <br/> 
0:22 Fri 13-07-07 <br/> 
0:51 Fri 13-07-07 <br/> 
14:56 Fri 13-07-07 <br/> 
14:56 Fri 13-07-07 <br/> 
14:56 Fri 13-07-07 <br/> 
14:56 Fri 13-07-07 <br/> 
18:43 Fri 13-07-07 <br/> 
0:53 Sat 14-07-07 <br/> 
9:40 Sat 14-07-07 <br/> 
3:26 Sun 15-07-07 <br/> 
4:28 Sun 15-07-07 <br/> 
11:24 Sun 15-07-07 <br/> 
16:43 Sun 15-07-07 <br/> 
1:43 Mon 16-07-07 <br/> 
5:22 Mon 16-07-07 <br/> 
5:38 Mon 16-07-07 <br/> 
13:48 Mon 16-07-07 <br/> 
14:18 Mon 16-07-07 <br/> 
14:19 Mon 16-07-07 <br/> 
18:14 Mon 16-07-07 <br/> 
21:02 Mon 16-07-07 <br/> 
23:59 Mon 16-07-07 <br/> 
0:22 Tue 17-07-07 <br/> 
2:04 Tue 17-07-07 <br/> 
9:59 Tue 17-07-07 <br/> 
0:40 Wed 18-07-07 <br/> 
0:25 Thu 19-07-07 <br/> 
19:13 Thu 19-07-07 <br/> 
16:39 Fri 20-07-07 <br/> 
16:39 Fri 20-07-07 <br/> 
18:44 Fri 20-07-07 <br/> 
0:04 Sat 21-07-07 <br/> 
0:35 Sat 21-07-07 <br/> 
1:04 Sat 21-07-07 <br/> 
2:08 Sun 22-07-07 <br/> 
11:26 Sun 22-07-07 <br/> 
16:44 Sun 22-07-07 <br/> 
7:43 Mon 23-07-07 <br/> 
10:28 Mon 23-07-07 <br/> 
0:08 Wed 25-07-07 <br/> 
3:28 Wed 25-07-07 <br/> 
0:03 Thu 26-07-07 <br/> 
0:04 Fri 27-07-07 <br/> 
13:27 Fri 27-07-07 <br/> 
11:33 Sat 28-07-07 <br/> 
11:33 Sat 28-07-07 <br/> 
1:03 Sun 29-07-07 <br/> 
1:41 Mon 30-07-07 <br/> 
9:18 Mon 30-07-07 <br/> 
14:04 Mon 30-07-07 <br/> 
0:11 Tue 31-07-07 <br/> 
5:54 Tue 31-07-07 <br/> 
12:49 Tue 31-07-07 <br/> 
22:43 Tue 31-07-07 <br/> 
22:00 Wed 01-08-07 <br/> 
22:00 Wed 01-08-07 <br/> 
22:00 Wed 01-08-07 <br/> 
22:25 Thu 02-08-07 <br/> 
18:18 Fri 03-08-07 <br/> 
7:21 Sun 05-08-07 <br/> 
9:32 Mon 06-08-07 <br/> 
5:38 Wed 08-08-07 <br/> 
23:42 Thu 09-08-07 <br/> 
8:11 Sat 11-08-07 <br/> 
8:11 Sat 11-08-07 <br/> 
4:05 Sun 12-08-07 <br/> 
11:38 Sun 12-08-07 <br/> 
10:35 Mon 13-08-07 <br/> 
11:31 Mon 13-08-07 <br/> 
15:09 Tue 14-08-07 <br/> 
1:17 Fri 17-08-07 <br/> 
23:03 Sat 18-08-07 <br/> 
1:10 Sun 19-08-07 <br/> 
11:39 Sun 19-08-07 <br/> 
16:24 Sun 19-08-07 <br/> 
16:24 Sun 19-08-07 <br/> 
10:57 Mon 20-08-07 <br/> 
16:16 Tue 21-08-07 <br/> 
16:16 Tue 21-08-07 <br/> 
9:34 Wed 22-08-07 <br/> 
0:22 Thu 23-08-07 <br/> 
0:23 Fri 24-08-07 <br/> 
0:23 Fri 24-08-07 <br/> 
0:32 Fri 24-08-07 <br/> 
14:22 Sat 25-08-07 <br/> 
14:22 Sat 25-08-07 <br/> 
14:22 Sat 25-08-07 <br/> 
14:22 Sat 25-08-07 <br/> 
14:23 Sat 25-08-07 <br/> 
1:58 Sun 26-08-07 <br/> 
7:13 Sun 26-08-07 <br/> 
19:13 Sun 26-08-07 <br/> 
4:24 Mon 27-08-07 <br/> 
16:50 Mon 27-08-07 <br/> 
20:20 Mon 27-08-07 <br/> 
5:00 Tue 28-08-07 <br/> 
6:01 Tue 28-08-07 <br/> 
7:23 Tue 28-08-07 <br/> 
7:42 Tue 28-08-07 <br/> 
18:24 Tue 28-08-07 <br/> 
22:11 Tue 28-08-07 <br/> 
22:11 Tue 28-08-07 <br/> 
22:11 Tue 28-08-07 <br/> 
22:12 Tue 28-08-07 <br/> 
22:12 Tue 28-08-07 <br/> 
22:12 Tue 28-08-07 <br/> 
22:12 Tue 28-08-07 <br/> 
22:12 Tue 28-08-07 <br/> 
22:13 Tue 28-08-07 <br/> 
22:13 Tue 28-08-07 <br/> 
22:13 Tue 28-08-07 <br/> 
22:13 Tue 28-08-07 <br/> 
22:13 Tue 28-08-07 <br/> 
3:17 Wed 29-08-07 <br/> 
0:01 Thu 30-08-07 <br/> 
0:29 Thu 30-08-07 <br/> 
0:30 Thu 30-08-07 <br/> 
16:01 Thu 30-08-07 <br/> 
2:30 Fri 31-08-07 <br/> 
3:29 Fri 31-08-07 <br/> 
14:15 Sun 02-09-07 <br/> 
14:16 Sun 02-09-07 <br/> 
14:16 Sun 02-09-07 <br/> 
14:16 Sun 02-09-07 <br/> 
14:16 Sun 02-09-07 <br/> 
15:14 Sun 02-09-07 <br/> 
19:25 Sun 02-09-07 <br/> 
15:53 Mon 03-09-07 <br/> 
9:25 Tue 04-09-07 <br/> 
5:39 Wed 05-09-07 <br/> 
22:15 Thu 06-09-07 <br/> 
22:15 Thu 06-09-07 <br/> 
22:15 Thu 06-09-07 <br/> 
22:16 Thu 06-09-07 <br/> 
22:17 Thu 06-09-07 <br/> 
0:47 Fri 07-09-07 <br/> 
3:46 Fri 07-09-07 <br/> 
22:19 Fri 07-09-07 <br/> 
16:36 Sun 09-09-07 <br/> 
20:23 Mon 10-09-07 <br/> 
20:05 Tue 11-09-07 <br/> 
5:39 Wed 12-09-07 <br/> 
15:38 Wed 12-09-07 <br/> 
21:38 Wed 12-09-07 <br/> 
0:06 Fri 14-09-07 <br/> 
6:41 Fri 14-09-07 <br/> 
14:51 Fri 14-09-07 <br/> 
22:36 Fri 14-09-07 <br/> 
4:41 Sat 15-09-07 <br/> 
6:22 Sat 15-09-07 <br/> 
17:38 Sat 15-09-07 <br/> 
0:26 Sun 16-09-07 <br/> 
0:26 Sun 16-09-07 <br/> 
0:26 Sun 16-09-07 <br/> 
0:26 Sun 16-09-07 <br/> 
16:30 Mon 17-09-07 <br/> 
23:47 Wed 19-09-07 <br/> 
23:19 Fri 21-09-07 <br/> 
16:18 Sat 22-09-07 <br/> 
13:08 Sun 23-09-07 <br/> 
23:02 Mon 24-09-07 <br/> 
23:20 Mon 24-09-07 <br/> 
16:51 Tue 25-09-07 <br/> 
23:09 Tue 25-09-07 <br/> 
23:39 Tue 25-09-07 <br/> 
7:39 Wed 26-09-07 <br/> 
23:16 Thu 27-09-07 <br/> 
10:10 Fri 28-09-07 <br/> 
15:36 Sun 30-09-07 <br/> 
13:18 Mon 01-10-07 <br/> 
20:40 Mon 01-10-07 <br/> 
16:17 Tue 02-10-07 <br/> 
16:21 Tue 02-10-07 <br/> 
0:04 Wed 03-10-07 <br/> 
8:40 Wed 03-10-07 <br/> 
17:16 Wed 03-10-07 <br/> 
17:16 Wed 03-10-07 <br/> 
17:17 Wed 03-10-07 <br/> 
17:17 Wed 03-10-07 <br/> 
17:18 Wed 03-10-07 <br/> 
17:18 Wed 03-10-07 <br/> 
17:19 Wed 03-10-07 <br/> 
17:19 Wed 03-10-07 <br/> 
18:57 Thu 04-10-07 <br/> 
23:37 Thu 04-10-07 <br/> 
0:08 Fri 05-10-07 <br/> 
15:00 Sat 06-10-07 <br/> 
15:00 Sat 06-10-07 <br/> 
4:48 Sun 07-10-07 <br/> 
4:48 Sun 07-10-07 <br/> 
4:49 Sun 07-10-07 <br/> 
13:02 Sun 07-10-07 <br/> 
3:46 Mon 08-10-07 <br/> 
13:50 Mon 08-10-07 <br/> 
13:50 Mon 08-10-07 <br/> 
13:50 Mon 08-10-07 <br/> 
4:42 Tue 09-10-07 <br/> 
8:43 Wed 10-10-07 <br/> 
0:23 Thu 11-10-07 <br/> 
18:03 Thu 11-10-07 <br/> 
18:03 Thu 11-10-07 <br/> 
23:45 Thu 11-10-07 <br/> 
12:42 Fri 12-10-07 <br/> 
19:32 Fri 12-10-07 <br/> 
21:20 Fri 12-10-07 <br/> 
0:47 Sat 13-10-07 <br/> 
16:59 Sat 13-10-07 <br/> 
1:54 Mon 15-10-07 <br/> 
23:56 Mon 15-10-07 <br/> 
8:10 Tue 16-10-07 <br/> 
8:10 Tue 16-10-07 <br/> 
8:10 Tue 16-10-07 <br/> 
8:10 Tue 16-10-07 <br/> 
12:22 Tue 16-10-07 <br/> 
12:22 Tue 16-10-07 <br/> 
12:23 Tue 16-10-07 <br/> 
23:58 Tue 16-10-07 <br/> 
0:29 Thu 18-10-07 <br/> 
2:57 Thu 18-10-07 <br/> 
14:11 Sat 20-10-07 <br/> 
14:44 Sat 20-10-07 <br/> 
14:44 Sat 20-10-07 <br/> 
17:00 Sat 20-10-07 <br/> 
2:35 Sun 21-10-07 <br/> 
2:55 Sun 21-10-07 <br/> 
1:43 Mon 22-10-07 <br/> 
0:25 Tue 23-10-07 <br/> 
0:07 Wed 24-10-07 <br/> 
23:56 Wed 24-10-07 <br/> 
17:50 Thu 25-10-07 <br/> 
0:23 Fri 26-10-07 <br/> 
20:40 Fri 26-10-07 <br/> 
4:01 Sat 27-10-07 <br/> 
17:44 Sat 27-10-07 <br/> 
4:48 Mon 29-10-07 <br/> 
2:31 Tue 30-10-07 <br/> 
23:56 Tue 30-10-07 <br/> 
16:55 Thu 01-11-07 <br/> 
9:39 Sat 03-11-07 <br/> 
0:39 Sun 04-11-07 <br/> 
16:15 Sun 04-11-07 <br/> 
16:15 Sun 04-11-07 <br/> 
16:15 Sun 04-11-07 <br/> 
21:56 Sun 04-11-07 <br/> 
1:37 Mon 05-11-07 <br/> 
0:10 Tue 06-11-07 <br/> 
7:07 Tue 06-11-07 <br/> 
12:33 Wed 07-11-07 <br/> 
19:05 Wed 07-11-07 <br/> 
19:05 Wed 07-11-07 <br/> 
23:54 Wed 07-11-07 <br/> 
16:18 Thu 08-11-07 <br/> 
17:29 Thu 08-11-07 <br/> 
0:52 Fri 09-11-07 <br/> 
6:48 Fri 09-11-07 <br/> 
1:24 Sat 10-11-07 <br/> 
4:27 Sat 10-11-07 <br/> 
5:00 Sat 10-11-07 <br/> 
5:01 Sat 10-11-07 <br/> 
12:01 Sat 10-11-07 <br/> 
9:09 Sun 11-11-07 <br/> 
9:27 Sun 11-11-07 <br/> 
10:11 Sun 11-11-07 <br/> 
10:17 Sun 11-11-07 <br/> 
12:21 Sun 11-11-07 <br/> 
22:10 Sun 11-11-07 <br/> 
0:15 Tue 13-11-07 <br/> 
0:11 Wed 14-11-07 <br/> 
0:07 Thu 15-11-07 <br/> 
19:12 Thu 15-11-07 <br/> 
5:57 Sun 18-11-07 <br/> 
8:47 Sun 18-11-07 <br/> 
8:47 Sun 18-11-07 <br/> 
22:13 Sun 18-11-07 <br/> 
0:33 Tue 20-11-07 <br/> 
18:19 Tue 20-11-07 <br/> 
0:15 Wed 21-11-07 <br/> 
17:43 Wed 21-11-07 <br/> 
18:17 Wed 21-11-07 <br/> 
0:15 Thu 22-11-07 <br/> 
19:15 Thu 22-11-07 <br/> 
0:42 Fri 23-11-07 <br/> 
0:00 Sat 24-11-07 <br/> 
0:36 Sat 24-11-07 <br/> 
0:37 Sat 24-11-07 <br/> 
3:40 Mon 26-11-07 <br/> 
4:08 Mon 26-11-07 <br/> 
4:10 Mon 26-11-07 <br/> 
0:46 Tue 27-11-07 <br/> 
21:48 Tue 27-11-07 <br/> 
0:44 Wed 28-11-07 <br/> 
13:47 Wed 28-11-07 <br/> 
0:31 Thu 29-11-07 <br/> 
2:11 Thu 29-11-07 <br/> 
19:20 Thu 29-11-07 <br/> 
0:06 Fri 30-11-07 <br/> 
0:44 Sat 01-12-07 <br/> 
10:34 Sat 01-12-07 <br/> 
1:50 Sun 02-12-07 <br/> 
1:50 Sun 02-12-07 <br/> 
1:51 Sun 02-12-07 <br/> 
1:51 Sun 02-12-07 <br/> 
4:01 Sun 02-12-07 <br/> 
21:27 Sun 02-12-07 <br/> 
23:06 Tue 04-12-07 <br/> 
8:27 Wed 05-12-07 <br/> 
14:33 Wed 05-12-07 <br/> 
14:35 Wed 05-12-07 <br/> 
20:27 Wed 05-12-07 <br/> 
20:30 Wed 05-12-07 <br/> 
22:06 Wed 05-12-07 <br/> 
19:47 Thu 06-12-07 <br/> 
21:27 Thu 06-12-07 <br/> 
0:08 Fri 07-12-07 <br/> 
2:13 Fri 07-12-07 <br/> 
2:13 Fri 07-12-07 <br/> 
15:44 Fri 07-12-07 <br/> 
22:29 Fri 07-12-07 <br/> 
9:55 Sun 09-12-07 <br/> 
9:55 Sun 09-12-07 <br/> 
9:55 Sun 09-12-07 <br/> 
0:07 Tue 11-12-07 <br/> 
7:17 Tue 11-12-07 <br/> 
0:14 Wed 12-12-07 <br/> 
19:48 Wed 12-12-07 <br/> 
19:48 Wed 12-12-07 <br/> 
0:42 Thu 13-12-07 <br/> 
20:05 Thu 13-12-07 <br/> 
15:37 Fri 14-12-07 <br/> 
10:09 Sat 15-12-07 <br/> 
10:39 Sat 15-12-07 <br/> 
1:16 Sun 16-12-07 <br/> 
1:18 Sun 16-12-07 <br/> 
1:19 Sun 16-12-07 <br/> 
3:35 Sun 16-12-07 <br/> 
14:02 Sun 16-12-07 <br/> 
1:48 Mon 17-12-07 <br/> 
5:55 Mon 17-12-07 <br/> 
5:55 Mon 17-12-07 <br/> 
12:52 Mon 17-12-07 <br/> 
15:28 Mon 17-12-07 <br/> 
15:29 Mon 17-12-07 <br/> 
15:29 Mon 17-12-07 <br/> 
15:29 Mon 17-12-07 <br/> 
0:08 Tue 18-12-07 <br/> 
3:20 Wed 19-12-07 <br/> 
20:15 Wed 19-12-07 <br/> 
0:43 Thu 20-12-07 <br/> 
20:06 Thu 20-12-07 <br/> 
0:39 Fri 21-12-07 <br/> 
4:07 Fri 21-12-07 <br/> 
12:52 Sat 22-12-07 <br/> 
12:52 Sat 22-12-07 <br/> 
19:10 Sat 22-12-07 <br/> 
9:04 Sun 23-12-07 <br/> 
23:02 Mon 24-12-07 <br/> 
2:25 Tue 25-12-07 <br/> 
3:17 Tue 25-12-07 <br/> 
3:19 Tue 25-12-07 <br/> 
5:13 Tue 25-12-07 <br/> 
1:18 Wed 26-12-07 <br/> 
1:28 Wed 26-12-07 <br/> 
1:48 Wed 26-12-07 <br/> 
11:20 Wed 26-12-07 <br/> 
11:20 Wed 26-12-07 <br/> 
18:51 Wed 26-12-07 <br/> 
2:41 Thu 27-12-07 <br/> 
6:03 Thu 27-12-07 <br/> 
6:03 Thu 27-12-07 <br/> 
6:03 Thu 27-12-07 <br/> 
9:43 Thu 27-12-07 <br/> 
17:40 Thu 27-12-07 <br/> 
20:10 Thu 27-12-07 <br/> 
20:37 Thu 27-12-07 <br/> 
21:30 Thu 27-12-07 <br/> 
13:54 Fri 28-12-07 <br/> 
13:55 Fri 28-12-07 <br/> 
13:55 Fri 28-12-07 <br/> 
15:13 Fri 28-12-07 <br/> 
15:14 Fri 28-12-07 <br/> 
15:21 Fri 28-12-07 <br/> 
4:46 Sun 30-12-07 <br/> 
9:00 Sun 30-12-07 <br/> 
9:00 Sun 30-12-07 <br/> 
9:00 Sun 30-12-07 <br/> 
23:23 Sun 30-12-07 <br/> 
22:00 Mon 31-12-07 <br/> 
4:46 Tue 01-01-08 <br/> 
8:16 Tue 01-01-08 <br/> 
8:16 Tue 01-01-08 <br/> 
1:11 Fri 04-01-08 <br/> 
