17:00 Wed 31-12-69 <br/> 
16:56 Fri 24-07-09 <br/> 
18:48 Fri 24-07-09 <br/> 
0:27 Sat 25-07-09 <br/> 
20:40 Sat 25-07-09 <br/> 
1:57 Sun 26-07-09 <br/> 
4:33 Sun 26-07-09 <br/> 
20:03 Sun 26-07-09 <br/> 
6:12 Mon 27-07-09 <br/> 
11:56 Mon 27-07-09 <br/> 
15:13 Mon 27-07-09 <br/> 
17:38 Tue 28-07-09 <br/> 
20:28 Tue 28-07-09 <br/> 
17:40 Wed 29-07-09 <br/> 
17:33 Thu 30-07-09 <br/> 
17:34 Thu 30-07-09 <br/> 
17:45 Thu 30-07-09 <br/> 
20:09 Thu 30-07-09 <br/> 
6:22 Sun 02-08-09 <br/> 
2:13 Mon 03-08-09 <br/> 
14:49 Tue 04-08-09 <br/> 
18:22 Thu 06-08-09 <br/> 
18:33 Thu 06-08-09 <br/> 
18:33 Thu 06-08-09 <br/> 
19:11 Thu 06-08-09 <br/> 
20:33 Thu 06-08-09 <br/> 
0:05 Fri 07-08-09 <br/> 
7:51 Fri 07-08-09 <br/> 
16:30 Fri 07-08-09 <br/> 
3:42 Sat 08-08-09 <br/> 
10:15 Sun 09-08-09 <br/> 
18:35 Sun 09-08-09 <br/> 
20:00 Mon 10-08-09 <br/> 
9:28 Tue 11-08-09 <br/> 
12:24 Tue 11-08-09 <br/> 
15:15 Tue 11-08-09 <br/> 
20:44 Tue 11-08-09 <br/> 
7:43 Sat 15-08-09 <br/> 
8:49 Sat 15-08-09 <br/> 
4:16 Sun 16-08-09 <br/> 
7:22 Sun 16-08-09 <br/> 
16:19 Mon 17-08-09 <br/> 
15:07 Tue 18-08-09 <br/> 
17:47 Wed 19-08-09 <br/> 
12:17 Thu 20-08-09 <br/> 
8:33 Fri 21-08-09 <br/> 
2:00 Sat 22-08-09 <br/> 
7:05 Mon 24-08-09 <br/> 
14:49 Tue 25-08-09 <br/> 
15:05 Tue 25-08-09 <br/> 
15:38 Tue 25-08-09 <br/> 
3:09 Wed 26-08-09 <br/> 
5:32 Wed 26-08-09 <br/> 
1:21 Thu 27-08-09 <br/> 
12:03 Fri 28-08-09 <br/> 
1:03 Sun 30-08-09 <br/> 
22:58 Sun 30-08-09 <br/> 
7:53 Tue 01-09-09 <br/> 
6:00 Fri 04-09-09 <br/> 
18:24 Sat 05-09-09 <br/> 
18:46 Tue 08-09-09 <br/> 
19:25 Tue 08-09-09 <br/> 
2:20 Thu 10-09-09 <br/> 
15:19 Sat 12-09-09 <br/> 
16:40 Sat 12-09-09 <br/> 
5:22 Mon 14-09-09 <br/> 
5:34 Mon 14-09-09 <br/> 
5:53 Mon 14-09-09 <br/> 
4:12 Tue 15-09-09 <br/> 
5:44 Tue 15-09-09 <br/> 
15:47 Tue 15-09-09 <br/> 
17:00 Thu 17-09-09 <br/> 
2:22 Sat 19-09-09 <br/> 
5:10 Sat 19-09-09 <br/> 
9:14 Sat 19-09-09 <br/> 
11:58 Sun 20-09-09 <br/> 
20:54 Sun 20-09-09 <br/> 
11:48 Tue 22-09-09 <br/> 
18:48 Thu 24-09-09 <br/> 
17:20 Sat 26-09-09 <br/> 
22:20 Sat 26-09-09 <br/> 
17:17 Sun 27-09-09 <br/> 
16:22 Tue 29-09-09 <br/> 
16:26 Tue 29-09-09 <br/> 
22:34 Tue 29-09-09 <br/> 
3:22 Wed 30-09-09 <br/> 
5:24 Wed 30-09-09 <br/> 
0:06 Fri 02-10-09 <br/> 
3:26 Fri 02-10-09 <br/> 
21:11 Fri 02-10-09 <br/> 
5:15 Sun 04-10-09 <br/> 
23:23 Mon 05-10-09 <br/> 
9:28 Tue 06-10-09 <br/> 
15:25 Wed 07-10-09 <br/> 
13:48 Thu 08-10-09 <br/> 
19:46 Thu 08-10-09 <br/> 
0:35 Fri 09-10-09 <br/> 
8:59 Fri 09-10-09 <br/> 
21:49 Fri 09-10-09 <br/> 
2:18 Sat 10-10-09 <br/> 
21:14 Mon 12-10-09 <br/> 
20:19 Tue 13-10-09 <br/> 
20:19 Tue 13-10-09 <br/> 
23:24 Tue 13-10-09 <br/> 
1:43 Wed 14-10-09 <br/> 
10:01 Wed 14-10-09 <br/> 
10:02 Wed 14-10-09 <br/> 
20:36 Wed 14-10-09 <br/> 
23:16 Wed 14-10-09 <br/> 
3:36 Sat 17-10-09 <br/> 
13:38 Sat 17-10-09 <br/> 
17:31 Sat 17-10-09 <br/> 
1:38 Tue 20-10-09 <br/> 
2:33 Wed 21-10-09 <br/> 
12:00 Wed 21-10-09 <br/> 
16:58 Wed 21-10-09 <br/> 
19:40 Wed 21-10-09 <br/> 
23:38 Wed 21-10-09 <br/> 
0:15 Thu 22-10-09 <br/> 
7:53 Thu 22-10-09 <br/> 
8:12 Fri 23-10-09 <br/> 
10:29 Fri 23-10-09 <br/> 
0:22 Sun 25-10-09 <br/> 
19:57 Thu 29-10-09 <br/> 
4:27 Fri 30-10-09 <br/> 
10:09 Fri 30-10-09 <br/> 
1:26 Sat 31-10-09 <br/> 
11:31 Sat 31-10-09 <br/> 
14:15 Sun 01-11-09 <br/> 
16:31 Sun 01-11-09 <br/> 
23:01 Sun 01-11-09 <br/> 
10:47 Mon 02-11-09 <br/> 
3:05 Tue 03-11-09 <br/> 
17:06 Tue 03-11-09 <br/> 
18:42 Tue 03-11-09 <br/> 
13:39 Thu 05-11-09 <br/> 
2:31 Fri 06-11-09 <br/> 
8:02 Fri 06-11-09 <br/> 
10:00 Fri 06-11-09 <br/> 
21:07 Fri 06-11-09 <br/> 
21:20 Fri 06-11-09 <br/> 
5:00 Sat 07-11-09 <br/> 
9:42 Sat 07-11-09 <br/> 
16:05 Sun 08-11-09 <br/> 
23:38 Sun 08-11-09 <br/> 
0:47 Mon 09-11-09 <br/> 
20:43 Mon 09-11-09 <br/> 
5:33 Tue 10-11-09 <br/> 
11:22 Tue 10-11-09 <br/> 
16:32 Wed 11-11-09 <br/> 
20:58 Wed 11-11-09 <br/> 
14:02 Thu 12-11-09 <br/> 
14:06 Sat 14-11-09 <br/> 
14:18 Sat 14-11-09 <br/> 
20:01 Sat 14-11-09 <br/> 
23:44 Sat 14-11-09 <br/> 
1:49 Sun 15-11-09 <br/> 
3:37 Sun 15-11-09 <br/> 
17:36 Sun 15-11-09 <br/> 
23:52 Sun 15-11-09 <br/> 
13:43 Tue 17-11-09 <br/> 
17:45 Tue 17-11-09 <br/> 
20:33 Tue 17-11-09 <br/> 
20:34 Tue 17-11-09 <br/> 
8:01 Wed 18-11-09 <br/> 
17:46 Wed 18-11-09 <br/> 
0:36 Fri 20-11-09 <br/> 
3:33 Fri 20-11-09 <br/> 
9:00 Fri 20-11-09 <br/> 
16:44 Fri 20-11-09 <br/> 
21:14 Sat 21-11-09 <br/> 
1:03 Sun 22-11-09 <br/> 
1:06 Sun 22-11-09 <br/> 
9:20 Sun 22-11-09 <br/> 
7:20 Mon 23-11-09 <br/> 
10:20 Mon 23-11-09 <br/> 
19:09 Mon 23-11-09 <br/> 
16:27 Tue 24-11-09 <br/> 
17:28 Tue 24-11-09 <br/> 
0:18 Wed 25-11-09 <br/> 
0:25 Wed 25-11-09 <br/> 
3:47 Wed 25-11-09 <br/> 
18:57 Thu 26-11-09 <br/> 
18:57 Thu 26-11-09 <br/> 
0:05 Fri 27-11-09 <br/> 
0:29 Fri 27-11-09 <br/> 
8:22 Fri 27-11-09 <br/> 
1:48 Mon 30-11-09 <br/> 
1:59 Mon 30-11-09 <br/> 
2:06 Mon 30-11-09 <br/> 
5:27 Mon 30-11-09 <br/> 
13:15 Mon 30-11-09 <br/> 
13:17 Mon 30-11-09 <br/> 
8:32 Tue 01-12-09 <br/> 
21:05 Tue 01-12-09 <br/> 
0:47 Wed 02-12-09 <br/> 
0:42 Thu 03-12-09 <br/> 
2:20 Thu 03-12-09 <br/> 
18:50 Thu 03-12-09 <br/> 
14:35 Sat 05-12-09 <br/> 
21:00 Sat 05-12-09 <br/> 
23:38 Sun 06-12-09 <br/> 
23:54 Sun 06-12-09 <br/> 
10:05 Mon 07-12-09 <br/> 
17:17 Mon 07-12-09 <br/> 
5:57 Wed 09-12-09 <br/> 
7:17 Wed 09-12-09 <br/> 
19:14 Wed 09-12-09 <br/> 
10:06 Fri 11-12-09 <br/> 
0:09 Sat 12-12-09 <br/> 
13:54 Sun 13-12-09 <br/> 
10:54 Mon 14-12-09 <br/> 
4:07 Tue 15-12-09 <br/> 
16:37 Tue 15-12-09 <br/> 
18:51 Tue 15-12-09 <br/> 
3:25 Wed 16-12-09 <br/> 
22:34 Wed 16-12-09 <br/> 
0:46 Fri 18-12-09 <br/> 
8:08 Fri 18-12-09 <br/> 
16:34 Fri 18-12-09 <br/> 
4:00 Sat 19-12-09 <br/> 
19:23 Sat 19-12-09 <br/> 
11:13 Sun 20-12-09 <br/> 
14:51 Tue 22-12-09 <br/> 
18:57 Tue 22-12-09 <br/> 
7:21 Wed 23-12-09 <br/> 
20:22 Wed 23-12-09 <br/> 
22:54 Wed 23-12-09 <br/> 
17:56 Fri 25-12-09 <br/> 
17:57 Fri 25-12-09 <br/> 
13:15 Sat 26-12-09 <br/> 
14:09 Sat 26-12-09 <br/> 
14:51 Sat 26-12-09 <br/> 
7:02 Sun 27-12-09 <br/> 
21:29 Tue 29-12-09 <br/> 
0:31 Wed 30-12-09 <br/> 
0:48 Wed 30-12-09 <br/> 
14:46 Wed 30-12-09 <br/> 
7:30 Thu 31-12-09 <br/> 
20:04 Thu 31-12-09 <br/> 
23:56 Thu 31-12-09 <br/> 
18:03 Fri 01-01-10 <br/> 
20:56 Fri 01-01-10 <br/> 
9:34 Sat 02-01-10 <br/> 
10:26 Sun 03-01-10 <br/> 
10:58 Sun 03-01-10 <br/> 
16:09 Sun 03-01-10 <br/> 
16:39 Sun 03-01-10 <br/> 
11:40 Mon 04-01-10 <br/> 
21:07 Mon 04-01-10 <br/> 
23:34 Tue 05-01-10 <br/> 
0:13 Wed 06-01-10 <br/> 
8:52 Wed 06-01-10 <br/> 
20:32 Wed 06-01-10 <br/> 
13:07 Thu 07-01-10 <br/> 
14:21 Thu 07-01-10 <br/> 
18:18 Thu 07-01-10 <br/> 
12:37 Fri 08-01-10 <br/> 
16:54 Fri 08-01-10 <br/> 
16:34 Sat 09-01-10 <br/> 
16:57 Sat 09-01-10 <br/> 
3:13 Sun 10-01-10 <br/> 
6:56 Sun 10-01-10 <br/> 
8:19 Sun 10-01-10 <br/> 
6:59 Mon 11-01-10 <br/> 
9:48 Mon 11-01-10 <br/> 
15:31 Mon 11-01-10 <br/> 
15:36 Mon 11-01-10 <br/> 
2:08 Tue 12-01-10 <br/> 
0:50 Wed 13-01-10 <br/> 
9:50 Wed 13-01-10 <br/> 
19:51 Wed 13-01-10 <br/> 
3:14 Thu 14-01-10 <br/> 
0:56 Fri 15-01-10 <br/> 
3:04 Fri 15-01-10 <br/> 
5:58 Fri 15-01-10 <br/> 
7:25 Fri 15-01-10 <br/> 
20:45 Fri 15-01-10 <br/> 
21:20 Fri 15-01-10 <br/> 
5:15 Sat 16-01-10 <br/> 
10:59 Sun 17-01-10 <br/> 
11:04 Sun 17-01-10 <br/> 
14:14 Sun 17-01-10 <br/> 
11:05 Mon 18-01-10 <br/> 
11:35 Mon 18-01-10 <br/> 
15:23 Mon 18-01-10 <br/> 
9:50 Tue 19-01-10 <br/> 
8:27 Wed 20-01-10 <br/> 
10:57 Wed 20-01-10 <br/> 
12:51 Wed 20-01-10 <br/> 
14:03 Wed 20-01-10 <br/> 
5:08 Thu 21-01-10 <br/> 
19:01 Thu 21-01-10 <br/> 
9:29 Fri 22-01-10 <br/> 
21:06 Fri 22-01-10 <br/> 
22:33 Fri 22-01-10 <br/> 
10:47 Sat 23-01-10 <br/> 
10:10 Sun 24-01-10 <br/> 
15:00 Sun 24-01-10 <br/> 
10:56 Tue 26-01-10 <br/> 
0:21 Thu 28-01-10 <br/> 
0:39 Thu 28-01-10 <br/> 
12:31 Thu 28-01-10 <br/> 
22:04 Thu 28-01-10 <br/> 
8:34 Fri 29-01-10 <br/> 
11:39 Fri 29-01-10 <br/> 
12:39 Fri 29-01-10 <br/> 
11:03 Sat 30-01-10 <br/> 
15:19 Sat 30-01-10 <br/> 
4:45 Sun 31-01-10 <br/> 
8:32 Sun 31-01-10 <br/> 
15:19 Sun 31-01-10 <br/> 
16:50 Sun 31-01-10 <br/> 
20:49 Sun 31-01-10 <br/> 
16:13 Mon 01-02-10 <br/> 
19:33 Mon 01-02-10 <br/> 
15:24 Tue 02-02-10 <br/> 
12:25 Wed 03-02-10 <br/> 
18:41 Wed 03-02-10 <br/> 
22:20 Wed 03-02-10 <br/> 
2:21 Thu 04-02-10 <br/> 
4:26 Thu 04-02-10 <br/> 
6:12 Thu 04-02-10 <br/> 
12:07 Thu 04-02-10 <br/> 
13:25 Thu 04-02-10 <br/> 
14:17 Thu 04-02-10 <br/> 
17:05 Fri 05-02-10 <br/> 
23:53 Fri 05-02-10 <br/> 
15:42 Sat 06-02-10 <br/> 
3:45 Tue 09-02-10 <br/> 
4:07 Tue 09-02-10 <br/> 
9:09 Tue 09-02-10 <br/> 
10:42 Wed 10-02-10 <br/> 
13:42 Wed 10-02-10 <br/> 
18:37 Wed 10-02-10 <br/> 
5:07 Fri 12-02-10 <br/> 
12:06 Sat 13-02-10 <br/> 
9:35 Sun 14-02-10 <br/> 
9:53 Sun 14-02-10 <br/> 
10:47 Sun 14-02-10 <br/> 
10:51 Sun 14-02-10 <br/> 
14:48 Sun 14-02-10 <br/> 
23:58 Mon 15-02-10 <br/> 
15:50 Tue 16-02-10 <br/> 
1:14 Wed 17-02-10 <br/> 
0:08 Thu 18-02-10 <br/> 
17:29 Thu 18-02-10 <br/> 
18:20 Thu 18-02-10 <br/> 
11:42 Fri 19-02-10 <br/> 
19:56 Fri 19-02-10 <br/> 
1:27 Sat 20-02-10 <br/> 
4:57 Sat 20-02-10 <br/> 
14:36 Sat 20-02-10 <br/> 
9:34 Sun 21-02-10 <br/> 
18:46 Sun 21-02-10 <br/> 
5:38 Mon 22-02-10 <br/> 
11:53 Tue 23-02-10 <br/> 
10:01 Wed 24-02-10 <br/> 
12:42 Thu 25-02-10 <br/> 
16:16 Thu 25-02-10 <br/> 
19:00 Thu 25-02-10 <br/> 
20:11 Thu 25-02-10 <br/> 
5:27 Fri 26-02-10 <br/> 
13:21 Fri 26-02-10 <br/> 
15:08 Fri 26-02-10 <br/> 
16:57 Sat 27-02-10 <br/> 
0:35 Sun 28-02-10 <br/> 
12:57 Sun 28-02-10 <br/> 
3:06 Mon 01-03-10 <br/> 
18:33 Mon 01-03-10 <br/> 
3:20 Tue 02-03-10 <br/> 
15:07 Thu 04-03-10 <br/> 
0:43 Sat 06-03-10 <br/> 
21:04 Sat 06-03-10 <br/> 
6:44 Sun 07-03-10 <br/> 
8:00 Sun 07-03-10 <br/> 
21:40 Sun 07-03-10 <br/> 
6:08 Mon 08-03-10 <br/> 
22:49 Mon 08-03-10 <br/> 
13:58 Wed 10-03-10 <br/> 
20:54 Thu 11-03-10 <br/> 
3:54 Sat 13-03-10 <br/> 
22:37 Sat 13-03-10 <br/> 
0:58 Sun 14-03-10 <br/> 
12:53 Sun 14-03-10 <br/> 
19:35 Mon 15-03-10 <br/> 
9:18 Tue 16-03-10 <br/> 
9:23 Tue 16-03-10 <br/> 
4:16 Wed 17-03-10 <br/> 
9:09 Wed 17-03-10 <br/> 
20:20 Wed 17-03-10 <br/> 
14:02 Thu 18-03-10 <br/> 
0:06 Sat 20-03-10 <br/> 
12:31 Sun 21-03-10 <br/> 
5:13 Mon 22-03-10 <br/> 
3:19 Tue 23-03-10 <br/> 
15:46 Wed 24-03-10 <br/> 
21:39 Wed 24-03-10 <br/> 
22:58 Wed 24-03-10 <br/> 
3:39 Thu 25-03-10 <br/> 
10:39 Thu 25-03-10 <br/> 
3:49 Fri 26-03-10 <br/> 
1:11 Sat 27-03-10 <br/> 
23:49 Sun 28-03-10 <br/> 
4:49 Tue 30-03-10 <br/> 
4:51 Tue 30-03-10 <br/> 
4:48 Wed 31-03-10 <br/> 
7:03 Wed 31-03-10 <br/> 
2:39 Fri 02-04-10 <br/> 
2:34 Sun 04-04-10 <br/> 
12:38 Mon 05-04-10 <br/> 
15:53 Mon 05-04-10 <br/> 
17:53 Thu 08-04-10 <br/> 
17:53 Thu 08-04-10 <br/> 
14:50 Fri 09-04-10 <br/> 
8:50 Sat 10-04-10 <br/> 
13:36 Sat 10-04-10 <br/> 
10:10 Mon 12-04-10 <br/> 
22:22 Mon 12-04-10 <br/> 
19:03 Wed 14-04-10 <br/> 
20:55 Wed 14-04-10 <br/> 
19:15 Fri 16-04-10 <br/> 
19:31 Fri 16-04-10 <br/> 
7:32 Sat 17-04-10 <br/> 
16:43 Sat 17-04-10 <br/> 
16:52 Sat 17-04-10 <br/> 
21:02 Sat 17-04-10 <br/> 
21:11 Sat 17-04-10 <br/> 
0:15 Sun 18-04-10 <br/> 
10:09 Sun 18-04-10 <br/> 
4:02 Mon 19-04-10 <br/> 
7:52 Mon 19-04-10 <br/> 
13:23 Tue 20-04-10 <br/> 
7:49 Wed 21-04-10 <br/> 
18:40 Wed 21-04-10 <br/> 
16:12 Thu 22-04-10 <br/> 
17:20 Thu 22-04-10 <br/> 
1:51 Fri 23-04-10 <br/> 
12:54 Fri 23-04-10 <br/> 
11:38 Sat 24-04-10 <br/> 
10:14 Sun 25-04-10 <br/> 
10:32 Mon 26-04-10 <br/> 
0:18 Tue 27-04-10 <br/> 
3:28 Tue 27-04-10 <br/> 
5:31 Tue 27-04-10 <br/> 
1:03 Wed 28-04-10 <br/> 
17:24 Wed 28-04-10 <br/> 
22:05 Wed 28-04-10 <br/> 
1:32 Thu 29-04-10 <br/> 
7:34 Thu 29-04-10 <br/> 
17:35 Fri 30-04-10 <br/> 
21:26 Fri 30-04-10 <br/> 
23:38 Fri 30-04-10 <br/> 
7:13 Sat 01-05-10 <br/> 
10:52 Sat 01-05-10 <br/> 
16:44 Sat 01-05-10 <br/> 
5:39 Sun 02-05-10 <br/> 
16:16 Sun 02-05-10 <br/> 
10:48 Mon 03-05-10 <br/> 
14:25 Mon 03-05-10 <br/> 
15:09 Mon 03-05-10 <br/> 
20:12 Mon 03-05-10 <br/> 
1:34 Tue 04-05-10 <br/> 
5:01 Tue 04-05-10 <br/> 
9:41 Fri 07-05-10 <br/> 
16:57 Sat 08-05-10 <br/> 
7:27 Sun 09-05-10 <br/> 
10:20 Sun 09-05-10 <br/> 
15:32 Mon 10-05-10 <br/> 
2:03 Tue 11-05-10 <br/> 
13:40 Thu 13-05-10 <br/> 
12:10 Sun 16-05-10 <br/> 
22:36 Sun 16-05-10 <br/> 
16:02 Mon 17-05-10 <br/> 
6:07 Wed 19-05-10 <br/> 
9:41 Wed 19-05-10 <br/> 
21:18 Thu 20-05-10 <br/> 
19:21 Fri 21-05-10 <br/> 
9:17 Sat 22-05-10 <br/> 
13:53 Tue 25-05-10 <br/> 
15:19 Wed 26-05-10 <br/> 
18:43 Wed 26-05-10 <br/> 
22:22 Wed 26-05-10 <br/> 
22:35 Fri 28-05-10 <br/> 
6:19 Sat 29-05-10 <br/> 
6:45 Sun 30-05-10 <br/> 
23:56 Sun 30-05-10 <br/> 
7:13 Tue 01-06-10 <br/> 
0:01 Fri 04-06-10 <br/> 
1:40 Fri 04-06-10 <br/> 
17:30 Fri 04-06-10 <br/> 
4:26 Sat 05-06-10 <br/> 
7:27 Tue 08-06-10 <br/> 
11:40 Tue 08-06-10 <br/> 
17:56 Tue 08-06-10 <br/> 
1:10 Fri 11-06-10 <br/> 
15:22 Sat 12-06-10 <br/> 
6:26 Sun 13-06-10 <br/> 
8:06 Sun 13-06-10 <br/> 
15:51 Sun 13-06-10 <br/> 
5:01 Wed 16-06-10 <br/> 
9:54 Wed 16-06-10 <br/> 
20:14 Wed 16-06-10 <br/> 
3:40 Fri 18-06-10 <br/> 
15:37 Fri 18-06-10 <br/> 
8:05 Mon 21-06-10 <br/> 
3:53 Tue 22-06-10 <br/> 
16:30 Tue 22-06-10 <br/> 
2:32 Wed 23-06-10 <br/> 
17:24 Wed 23-06-10 <br/> 
19:41 Wed 23-06-10 <br/> 
17:01 Thu 24-06-10 <br/> 
7:59 Sun 27-06-10 <br/> 
10:23 Sun 27-06-10 <br/> 
10:37 Sun 27-06-10 <br/> 
18:27 Sun 27-06-10 <br/> 
3:33 Wed 30-06-10 <br/> 
8:00 Thu 01-07-10 <br/> 
9:44 Fri 02-07-10 <br/> 
3:08 Sat 03-07-10 <br/> 
21:58 Sat 03-07-10 <br/> 
3:01 Sun 04-07-10 <br/> 
12:30 Mon 05-07-10 <br/> 
14:28 Mon 05-07-10 <br/> 
3:18 Tue 06-07-10 <br/> 
5:20 Wed 07-07-10 <br/> 
6:17 Wed 07-07-10 <br/> 
3:01 Sat 10-07-10 <br/> 
20:45 Sat 10-07-10 <br/> 
6:06 Sun 11-07-10 <br/> 
12:32 Sun 11-07-10 <br/> 
7:20 Mon 12-07-10 <br/> 
20:36 Mon 12-07-10 <br/> 
2:27 Wed 14-07-10 <br/> 
21:11 Wed 14-07-10 <br/> 
7:22 Thu 15-07-10 <br/> 
20:55 Thu 15-07-10 <br/> 
4:36 Fri 16-07-10 <br/> 
20:14 Sat 17-07-10 <br/> 
3:25 Mon 19-07-10 <br/> 
3:20 Tue 20-07-10 <br/> 
4:36 Tue 20-07-10 <br/> 
3:19 Sat 24-07-10 <br/> 
5:26 Sat 24-07-10 <br/> 
12:39 Sat 24-07-10 <br/> 
0:25 Sun 25-07-10 <br/> 
5:26 Tue 27-07-10 <br/> 
15:45 Tue 27-07-10 <br/> 
10:01 Wed 28-07-10 <br/> 
5:24 Thu 29-07-10 <br/> 
15:26 Thu 29-07-10 <br/> 
4:23 Sun 01-08-10 <br/> 
14:12 Mon 02-08-10 <br/> 
0:40 Tue 03-08-10 <br/> 
13:22 Tue 03-08-10 <br/> 
22:26 Wed 04-08-10 <br/> 
20:52 Thu 05-08-10 <br/> 
15:51 Sun 08-08-10 <br/> 
1:56 Mon 09-08-10 <br/> 
0:20 Wed 11-08-10 <br/> 
15:32 Wed 11-08-10 <br/> 
18:26 Thu 12-08-10 <br/> 
15:17 Fri 13-08-10 <br/> 
18:39 Sun 15-08-10 <br/> 
10:35 Mon 16-08-10 <br/> 
10:42 Wed 18-08-10 <br/> 
20:15 Wed 18-08-10 <br/> 
16:57 Thu 19-08-10 <br/> 
14:54 Fri 20-08-10 <br/> 
9:12 Sat 21-08-10 <br/> 
23:08 Mon 23-08-10 <br/> 
19:56 Tue 24-08-10 <br/> 
23:25 Tue 24-08-10 <br/> 
0:00 Thu 26-08-10 <br/> 
16:00 Thu 26-08-10 <br/> 
19:52 Fri 27-08-10 <br/> 
22:22 Sat 28-08-10 <br/> 
4:58 Sun 29-08-10 <br/> 
18:27 Mon 30-08-10 <br/> 
18:43 Tue 31-08-10 <br/> 
18:12 Thu 02-09-10 <br/> 
14:10 Sat 04-09-10 <br/> 
13:34 Sun 05-09-10 <br/> 
17:11 Wed 08-09-10 <br/> 
22:13 Thu 09-09-10 <br/> 
8:28 Fri 10-09-10 <br/> 
4:23 Sat 11-09-10 <br/> 
21:03 Sun 12-09-10 <br/> 
17:36 Wed 15-09-10 <br/> 
18:00 Wed 15-09-10 <br/> 
18:08 Wed 15-09-10 <br/> 
