2:00 Thu 01-01-70 
12:01 Wed 05-07-06 
9:38 Thu 06-07-06 
9:41 Thu 06-07-06 
9:41 Thu 06-07-06 
9:42 Thu 06-07-06 
9:47 Thu 06-07-06 
18:16 Thu 06-07-06 
21:14 Thu 06-07-06 
1:33 Fri 07-07-06 
1:33 Fri 07-07-06 
1:34 Fri 07-07-06 
2:29 Fri 07-07-06 
3:02 Fri 07-07-06 
6:29 Fri 07-07-06 
11:03 Fri 07-07-06 
17:21 Fri 07-07-06 
2:00 Sat 08-07-06 
2:36 Sat 08-07-06 
11:33 Sat 08-07-06 
11:35 Sat 08-07-06 
11:36 Sat 08-07-06 
15:41 Sat 08-07-06 
15:42 Sat 08-07-06 
15:48 Sat 08-07-06 
15:48 Sat 08-07-06 
15:48 Sat 08-07-06 
16:07 Sat 08-07-06 
17:52 Sat 08-07-06 
1:23 Sun 09-07-06 
1:23 Sun 09-07-06 
6:22 Sun 09-07-06 
13:37 Sun 09-07-06 
17:28 Sun 09-07-06 
19:12 Sun 09-07-06 
1:50 Mon 10-07-06 
1:55 Mon 10-07-06 
15:13 Mon 10-07-06 
3:22 Tue 11-07-06 
5:21 Tue 11-07-06 
17:25 Tue 11-07-06 
19:04 Tue 11-07-06 
22:32 Tue 11-07-06 
5:26 Wed 12-07-06 
5:31 Wed 12-07-06 
5:39 Wed 12-07-06 
19:58 Wed 12-07-06 
20:07 Wed 12-07-06 
10:42 Thu 13-07-06 
10:42 Thu 13-07-06 
13:17 Thu 13-07-06 
17:22 Fri 14-07-06 
22:10 Fri 14-07-06 
23:47 Fri 14-07-06 
0:16 Sat 15-07-06 
9:11 Sat 15-07-06 
10:09 Sat 15-07-06 
14:37 Sat 15-07-06 
21:07 Sat 15-07-06 
21:24 Sat 15-07-06 
6:47 Sun 16-07-06 
22:31 Sun 16-07-06 
5:09 Mon 17-07-06 
6:02 Mon 17-07-06 
7:31 Mon 17-07-06 
8:37 Mon 17-07-06 
12:39 Mon 17-07-06 
13:24 Mon 17-07-06 
18:40 Mon 17-07-06 
18:40 Mon 17-07-06 
18:47 Mon 17-07-06 
18:47 Mon 17-07-06 
18:48 Mon 17-07-06 
18:48 Mon 17-07-06 
18:48 Mon 17-07-06 
18:48 Mon 17-07-06 
18:49 Mon 17-07-06 
22:20 Mon 17-07-06 
0:51 Tue 18-07-06 
10:09 Tue 18-07-06 
12:32 Tue 18-07-06 
13:14 Tue 18-07-06 
13:22 Tue 18-07-06 
11:52 Wed 19-07-06 
11:55 Wed 19-07-06 <br/> 
20:10 Wed 19-07-06 <br/> 
8:57 Thu 20-07-06 <br/> 
14:38 Thu 20-07-06 <br/> 
20:28 Thu 20-07-06 <br/> 
1:11 Fri 21-07-06 <br/> 
1:18 Fri 21-07-06 <br/> 
1:18 Fri 21-07-06 <br/> 
1:18 Fri 21-07-06 <br/> 
5:20 Fri 21-07-06 <br/> 
12:20 Fri 21-07-06 <br/> 
13:26 Fri 21-07-06 <br/> 
17:39 Fri 21-07-06 <br/> 
22:37 Fri 21-07-06 <br/> 
1:28 Sat 22-07-06 <br/> 
5:17 Sat 22-07-06 <br/> 
9:09 Sat 22-07-06 <br/> 
20:40 Sat 22-07-06 <br/> 
18:42 Sun 15-10-06 <br/> 
7:26 Sat 11-11-06 <br/> 
17:03 Sat 11-11-06 <br/> 
17:04 Sat 11-11-06 <br/> 
17:10 Sat 11-11-06 <br/> 
5:07 Sun 12-11-06 <br/> 
8:36 Sun 12-11-06 <br/> 
18:06 Mon 20-11-06 <br/> 
3:37 Tue 21-11-06 <br/> 
11:35 Tue 21-11-06 <br/> 
16:48 Tue 21-11-06 <br/> 
17:53 Tue 21-11-06 <br/> 
19:11 Tue 21-11-06 <br/> 
19:11 Tue 21-11-06 <br/> 
19:11 Tue 21-11-06 <br/> 
19:11 Tue 21-11-06 <br/> 
0:31 Wed 22-11-06 <br/> 
4:36 Wed 22-11-06 <br/> 
23:20 Wed 22-11-06 <br/> 
23:20 Wed 22-11-06 <br/> 
23:21 Wed 22-11-06 <br/> 
23:22 Wed 22-11-06 <br/> 
23:22 Wed 22-11-06 <br/> 
23:22 Wed 22-11-06 <br/> 
23:22 Wed 22-11-06 <br/> 
14:00 Thu 23-11-06 <br/> 
14:00 Thu 23-11-06 <br/> 
14:00 Thu 23-11-06 <br/> 
14:00 Thu 23-11-06 <br/> 
14:01 Thu 23-11-06 <br/> 
18:11 Thu 23-11-06 <br/> 
15:34 Fri 24-11-06 <br/> 
0:24 Sat 25-11-06 <br/> 
0:53 Sat 25-11-06 <br/> 
3:55 Sat 25-11-06 <br/> 
11:07 Sat 25-11-06 <br/> 
17:17 Sat 25-11-06 <br/> 
22:27 Sat 25-11-06 <br/> 
22:30 Sat 25-11-06 <br/> 
22:30 Sat 25-11-06 <br/> 
22:30 Sat 25-11-06 <br/> 
22:34 Sat 25-11-06 <br/> 
6:23 Sun 26-11-06 <br/> 
8:19 Sun 26-11-06 <br/> 
21:45 Tue 28-11-06 <br/> 
22:39 Wed 29-11-06 <br/> 
22:39 Wed 29-11-06 <br/> 
22:40 Wed 29-11-06 <br/> 
22:40 Wed 29-11-06 <br/> 
0:56 Thu 30-11-06 <br/> 
1:26 Thu 30-11-06 <br/> 
1:26 Thu 30-11-06 <br/> 
5:28 Thu 30-11-06 <br/> 
5:40 Thu 30-11-06 <br/> 
5:50 Thu 30-11-06 <br/> 
9:03 Thu 30-11-06 <br/> 
23:57 Thu 30-11-06 <br/> 
17:21 Sat 02-12-06 <br/> 
17:21 Sat 02-12-06 <br/> 
23:42 Sun 03-12-06 <br/> 
23:46 Sun 03-12-06 <br/> 
2:15 Mon 04-12-06 <br/> 
5:47 Mon 04-12-06 <br/> 
19:57 Mon 04-12-06 <br/> 
23:35 Mon 04-12-06 <br/> 
23:04 Tue 05-12-06 <br/> 
13:15 Wed 06-12-06 <br/> 
17:26 Wed 06-12-06 <br/> 
17:27 Wed 06-12-06 <br/> 
17:27 Wed 06-12-06 <br/> 
17:28 Wed 06-12-06 <br/> 
16:59 Thu 07-12-06 <br/> 
19:30 Thu 07-12-06 <br/> 
19:30 Thu 07-12-06 <br/> 
15:14 Fri 08-12-06 <br/> 
15:53 Fri 08-12-06 <br/> 
0:15 Sat 09-12-06 <br/> 
3:40 Sat 09-12-06 <br/> 
9:20 Sat 09-12-06 <br/> 
15:38 Sat 09-12-06 <br/> 
15:40 Sat 09-12-06 <br/> 
15:41 Sat 09-12-06 <br/> 
21:48 Sat 09-12-06 <br/> 
22:34 Sat 09-12-06 <br/> 
23:11 Sat 09-12-06 <br/> 
23:12 Sat 09-12-06 <br/> 
4:19 Mon 11-12-06 <br/> 
2:56 Tue 12-12-06 <br/> 
4:40 Tue 12-12-06 <br/> 
5:43 Tue 12-12-06 <br/> 
7:45 Tue 12-12-06 <br/> 
21:11 Tue 12-12-06 <br/> 
21:12 Tue 12-12-06 <br/> 
21:37 Tue 12-12-06 <br/> 
4:46 Wed 13-12-06 <br/> 
0:12 Thu 14-12-06 <br/> 
3:04 Thu 14-12-06 <br/> 
4:55 Thu 14-12-06 <br/> 
4:57 Thu 14-12-06 <br/> 
0:01 Fri 15-12-06 <br/> 
7:09 Fri 15-12-06 <br/> 
2:29 Sat 16-12-06 <br/> 
2:30 Sat 16-12-06 <br/> 
2:30 Sat 16-12-06 <br/> 
2:32 Sat 16-12-06 <br/> 
18:07 Sat 16-12-06 <br/> 
18:13 Sat 16-12-06 <br/> 
21:49 Sat 16-12-06 <br/> 
22:34 Sat 16-12-06 <br/> 
23:11 Sat 16-12-06 <br/> 
23:14 Sat 16-12-06 <br/> 
8:33 Sun 17-12-06 <br/> 
7:00 Mon 18-12-06 <br/> 
7:25 Mon 18-12-06 <br/> 
9:34 Mon 18-12-06 <br/> 
4:28 Tue 19-12-06 <br/> 
4:28 Tue 19-12-06 <br/> 
4:28 Tue 19-12-06 <br/> 
4:28 Tue 19-12-06 <br/> 
7:26 Tue 19-12-06 <br/> 
7:27 Wed 20-12-06 <br/> 
8:11 Wed 20-12-06 <br/> 
8:12 Wed 20-12-06 <br/> 
9:07 Wed 20-12-06 <br/> 
7:27 Thu 21-12-06 <br/> 
14:00 Sat 23-12-06 <br/> 
18:13 Sat 23-12-06 <br/> 
21:49 Sat 23-12-06 <br/> 
22:35 Sat 23-12-06 <br/> 
23:12 Sat 23-12-06 <br/> 
23:15 Sat 23-12-06 <br/> 
9:28 Sun 24-12-06 <br/> 
10:03 Sun 24-12-06 <br/> 
10:41 Sun 24-12-06 <br/> 
19:54 Sun 24-12-06 <br/> 
22:43 Sun 24-12-06 <br/> 
0:21 Mon 25-12-06 <br/> 
0:21 Mon 25-12-06 <br/> 
0:21 Mon 25-12-06 <br/> 
0:21 Mon 25-12-06 <br/> 
0:21 Mon 25-12-06 <br/> 
13:20 Mon 25-12-06 <br/> 
14:57 Mon 25-12-06 <br/> 
19:13 Mon 25-12-06 <br/> 
23:40 Mon 25-12-06 <br/> 
8:42 Tue 26-12-06 <br/> 
8:43 Tue 26-12-06 <br/> 
11:38 Tue 26-12-06 <br/> 
11:38 Tue 26-12-06 <br/> 
6:52 Wed 27-12-06 <br/> 
12:27 Wed 27-12-06 <br/> 
14:36 Wed 27-12-06 <br/> 
18:16 Wed 27-12-06 <br/> 
18:16 Wed 27-12-06 <br/> 
18:16 Wed 27-12-06 <br/> 
18:19 Wed 27-12-06 <br/> 
18:19 Wed 27-12-06 <br/> 
18:21 Wed 27-12-06 <br/> 
20:18 Wed 27-12-06 <br/> 
20:40 Wed 27-12-06 <br/> 
20:40 Wed 27-12-06 <br/> 
20:40 Wed 27-12-06 <br/> 
20:40 Wed 27-12-06 <br/> 
21:20 Wed 27-12-06 <br/> 
21:20 Wed 27-12-06 <br/> 
21:21 Wed 27-12-06 <br/> 
21:21 Wed 27-12-06 <br/> 
23:02 Wed 27-12-06 <br/> 
23:02 Wed 27-12-06 <br/> 
23:58 Wed 27-12-06 <br/> 
1:27 Thu 28-12-06 <br/> 
1:27 Thu 28-12-06 <br/> 
1:40 Thu 28-12-06 <br/> 
1:41 Thu 28-12-06 <br/> 
1:42 Thu 28-12-06 <br/> 
1:43 Thu 28-12-06 <br/> 
3:44 Thu 28-12-06 <br/> 
4:02 Thu 28-12-06 <br/> 
6:13 Thu 28-12-06 <br/> 
6:14 Thu 28-12-06 <br/> 
6:14 Thu 28-12-06 <br/> 
6:14 Thu 28-12-06 <br/> 
6:21 Thu 28-12-06 <br/> 
7:40 Thu 28-12-06 <br/> 
8:42 Thu 28-12-06 <br/> 
10:20 Thu 28-12-06 <br/> 
10:40 Thu 28-12-06 <br/> 
11:27 Thu 28-12-06 <br/> 
11:28 Thu 28-12-06 <br/> 
11:29 Thu 28-12-06 <br/> 
11:30 Thu 28-12-06 <br/> 
13:08 Thu 28-12-06 <br/> 
15:05 Thu 28-12-06 <br/> 
15:07 Thu 28-12-06 <br/> 
15:07 Thu 28-12-06 <br/> 
15:07 Thu 28-12-06 <br/> 
17:35 Thu 28-12-06 <br/> 
20:07 Thu 28-12-06 <br/> 
20:47 Thu 28-12-06 <br/> 
21:36 Thu 28-12-06 <br/> 
22:46 Thu 28-12-06 <br/> 
23:34 Thu 28-12-06 <br/> 
0:24 Fri 29-12-06 <br/> 
1:47 Fri 29-12-06 <br/> 
9:43 Fri 29-12-06 <br/> 
10:55 Fri 29-12-06 <br/> 
10:55 Fri 29-12-06 <br/> 
10:55 Fri 29-12-06 <br/> 
10:55 Fri 29-12-06 <br/> 
13:40 Fri 29-12-06 <br/> 
14:56 Fri 29-12-06 <br/> 
14:56 Fri 29-12-06 <br/> 
0:20 Sat 30-12-06 <br/> 
9:09 Sat 30-12-06 <br/> 
11:42 Sat 30-12-06 <br/> 
11:46 Sat 30-12-06 <br/> 
18:14 Sat 30-12-06 <br/> 
18:36 Sat 30-12-06 <br/> 
19:39 Sat 30-12-06 <br/> 
21:50 Sat 30-12-06 <br/> 
23:15 Sat 30-12-06 <br/> 
23:18 Sat 30-12-06 <br/> 
0:51 Sun 31-12-06 <br/> 
13:44 Sun 31-12-06 <br/> 
14:56 Sun 31-12-06 <br/> 
14:58 Sun 31-12-06 <br/> 
14:58 Sun 31-12-06 <br/> 
14:59 Sun 31-12-06 <br/> 
15:01 Sun 31-12-06 <br/> 
16:16 Sun 31-12-06 <br/> 
18:43 Sun 31-12-06 <br/> 
21:24 Sun 31-12-06 <br/> 
22:20 Sun 31-12-06 <br/> 
0:33 Mon 01-01-07 <br/> 
5:54 Mon 01-01-07 <br/> 
13:53 Mon 01-01-07 <br/> 
18:56 Mon 01-01-07 <br/> 
18:57 Mon 01-01-07 <br/> 
18:57 Mon 01-01-07 <br/> 
18:57 Mon 01-01-07 <br/> 
22:06 Mon 01-01-07 <br/> 
22:07 Mon 01-01-07 <br/> 
22:09 Mon 01-01-07 <br/> 
22:12 Mon 01-01-07 <br/> 
12:05 Tue 02-01-07 <br/> 
18:34 Tue 02-01-07 <br/> 
19:32 Tue 02-01-07 <br/> 
1:11 Wed 03-01-07 <br/> 
2:54 Wed 03-01-07 <br/> 
4:43 Wed 03-01-07 <br/> 
4:43 Wed 03-01-07 <br/> 
4:43 Wed 03-01-07 <br/> 
6:28 Wed 03-01-07 <br/> 
7:09 Wed 03-01-07 <br/> 
7:09 Wed 03-01-07 <br/> 
17:53 Wed 03-01-07 <br/> 
18:27 Wed 03-01-07 <br/> 
0:00 Thu 04-01-07 <br/> 
1:13 Thu 04-01-07 <br/> 
7:28 Thu 04-01-07 <br/> 
10:21 Thu 04-01-07 <br/> 
10:37 Thu 04-01-07 <br/> 
10:42 Thu 04-01-07 <br/> 
11:46 Thu 04-01-07 <br/> 
21:12 Thu 04-01-07 <br/> 
21:12 Thu 04-01-07 <br/> 
21:13 Thu 04-01-07 <br/> 
21:14 Thu 04-01-07 <br/> 
22:19 Thu 04-01-07 <br/> 
2:44 Fri 05-01-07 <br/> 
2:44 Fri 05-01-07 <br/> 
2:45 Fri 05-01-07 <br/> 
2:45 Fri 05-01-07 <br/> 
8:48 Fri 05-01-07 <br/> 
9:54 Fri 05-01-07 <br/> 
12:57 Fri 05-01-07 <br/> 
14:55 Fri 05-01-07 <br/> 
15:08 Fri 05-01-07 <br/> 
15:16 Fri 05-01-07 <br/> 
17:04 Fri 05-01-07 <br/> 
19:07 Fri 05-01-07 <br/> 
19:14 Fri 05-01-07 <br/> 
23:17 Fri 05-01-07 <br/> 
1:21 Sat 06-01-07 <br/> 
1:22 Sat 06-01-07 <br/> 
1:22 Sat 06-01-07 <br/> 
1:22 Sat 06-01-07 <br/> 
1:23 Sat 06-01-07 <br/> 
1:23 Sat 06-01-07 <br/> 
1:24 Sat 06-01-07 <br/> 
1:24 Sat 06-01-07 <br/> 
1:24 Sat 06-01-07 <br/> 
1:24 Sat 06-01-07 <br/> 
1:25 Sat 06-01-07 <br/> 
8:01 Sat 06-01-07 <br/> 
10:50 Sat 06-01-07 <br/> 
13:45 Sat 06-01-07 <br/> 
20:44 Sat 06-01-07 <br/> 
21:46 Sat 06-01-07 <br/> 
23:26 Sat 06-01-07 <br/> 
4:25 Sun 07-01-07 <br/> 
7:12 Sun 07-01-07 <br/> 
7:12 Sun 07-01-07 <br/> 
7:12 Sun 07-01-07 <br/> 
7:12 Sun 07-01-07 <br/> 
10:24 Sun 07-01-07 <br/> 
5:10 Mon 08-01-07 <br/> 
12:17 Mon 08-01-07 <br/> 
20:13 Mon 08-01-07 <br/> 
21:46 Mon 08-01-07 <br/> 
21:48 Mon 08-01-07 <br/> 
21:49 Mon 08-01-07 <br/> 
21:50 Mon 08-01-07 <br/> 
10:32 Tue 09-01-07 <br/> 
15:39 Tue 09-01-07 <br/> 
16:09 Tue 09-01-07 <br/> 
16:10 Tue 09-01-07 <br/> 
16:34 Tue 09-01-07 <br/> 
0:34 Wed 10-01-07 <br/> 
14:27 Wed 10-01-07 <br/> 
23:16 Wed 10-01-07 <br/> 
23:17 Wed 10-01-07 <br/> 
9:36 Thu 11-01-07 <br/> 
9:54 Thu 11-01-07 <br/> 
13:26 Thu 11-01-07 <br/> 
13:27 Thu 11-01-07 <br/> 
13:27 Thu 11-01-07 <br/> 
14:19 Thu 11-01-07 <br/> 
22:38 Thu 11-01-07 <br/> 
22:38 Thu 11-01-07 <br/> 
22:44 Thu 11-01-07 <br/> 
15:33 Fri 12-01-07 <br/> 
18:24 Fri 12-01-07 <br/> 
20:41 Fri 12-01-07 <br/> 
20:42 Fri 12-01-07 <br/> 
20:42 Fri 12-01-07 <br/> 
2:56 Sat 13-01-07 <br/> 
15:11 Sat 13-01-07 <br/> 
15:11 Sat 13-01-07 <br/> 
18:11 Sat 13-01-07 <br/> 
18:12 Sat 13-01-07 <br/> 
18:12 Sat 13-01-07 <br/> 
18:12 Sat 13-01-07 <br/> 
18:12 Sat 13-01-07 <br/> 
18:12 Sat 13-01-07 <br/> 
19:56 Sat 13-01-07 <br/> 
19:56 Sat 13-01-07 <br/> 
4:47 Sun 14-01-07 <br/> 
10:48 Sun 14-01-07 <br/> 
13:23 Sun 14-01-07 <br/> 
1:27 Mon 15-01-07 <br/> 
14:04 Tue 16-01-07 <br/> 
14:04 Tue 16-01-07 <br/> 
14:04 Tue 16-01-07 <br/> 
14:05 Tue 16-01-07 <br/> 
14:05 Tue 16-01-07 <br/> 
14:05 Tue 16-01-07 <br/> 
14:05 Tue 16-01-07 <br/> 
0:22 Wed 17-01-07 <br/> 
3:11 Wed 17-01-07 <br/> 
0:24 Thu 18-01-07 <br/> 
1:11 Thu 18-01-07 <br/> 
1:29 Thu 18-01-07 <br/> 
0:31 Fri 19-01-07 <br/> 
2:59 Fri 19-01-07 <br/> 
2:59 Fri 19-01-07 <br/> 
16:00 Fri 19-01-07 <br/> 
16:00 Fri 19-01-07 <br/> 
16:00 Fri 19-01-07 <br/> 
16:00 Fri 19-01-07 <br/> 
16:00 Fri 19-01-07 <br/> 
19:25 Fri 19-01-07 <br/> 
19:25 Fri 19-01-07 <br/> 
19:25 Fri 19-01-07 <br/> 
19:25 Fri 19-01-07 <br/> 
19:25 Fri 19-01-07 <br/> 
0:37 Sat 20-01-07 <br/> 
1:20 Sat 20-01-07 <br/> 
13:23 Sat 20-01-07 <br/> 
13:23 Sat 20-01-07 <br/> 
14:24 Sat 20-01-07 <br/> 
18:28 Sat 20-01-07 <br/> 
18:29 Sat 20-01-07 <br/> 
18:29 Sat 20-01-07 <br/> 
19:17 Sat 20-01-07 <br/> 
21:48 Sat 20-01-07 <br/> 
23:17 Sat 20-01-07 <br/> 
1:47 Sun 21-01-07 <br/> 
1:50 Sun 21-01-07 <br/> 
4:52 Sun 21-01-07 <br/> 
6:02 Sun 21-01-07 <br/> 
7:55 Sun 21-01-07 <br/> 
8:55 Sun 21-01-07 <br/> 
9:14 Sun 21-01-07 <br/> 
10:29 Sun 21-01-07 <br/> 
13:25 Sun 21-01-07 <br/> 
14:54 Sun 21-01-07 <br/> 
23:44 Sun 21-01-07 <br/> 
5:47 Mon 22-01-07 <br/> 
7:22 Mon 22-01-07 <br/> 
7:34 Mon 22-01-07 <br/> 
8:29 Mon 22-01-07 <br/> 
10:24 Mon 22-01-07 <br/> 
20:33 Mon 22-01-07 <br/> 
0:54 Tue 23-01-07 <br/> 
0:55 Tue 23-01-07 <br/> 
0:55 Tue 23-01-07 <br/> 
0:56 Tue 23-01-07 <br/> 
0:56 Tue 23-01-07 <br/> 
5:55 Tue 23-01-07 <br/> 
23:06 Tue 23-01-07 <br/> 
23:07 Tue 23-01-07 <br/> 
23:07 Tue 23-01-07 <br/> 
23:07 Tue 23-01-07 <br/> 
23:08 Tue 23-01-07 <br/> 
23:08 Tue 23-01-07 <br/> 
0:29 Wed 24-01-07 <br/> 
4:55 Wed 24-01-07 <br/> 
10:34 Wed 24-01-07 <br/> 
15:31 Wed 24-01-07 <br/> 
22:25 Wed 24-01-07 <br/> 
22:50 Wed 24-01-07 <br/> 
23:46 Wed 24-01-07 <br/> 
23:54 Wed 24-01-07 <br/> 
0:06 Thu 25-01-07 <br/> 
0:06 Thu 25-01-07 <br/> 
0:06 Thu 25-01-07 <br/> 
0:07 Thu 25-01-07 <br/> 
1:08 Thu 25-01-07 <br/> 
1:42 Thu 25-01-07 <br/> 
4:51 Thu 25-01-07 <br/> 
7:49 Thu 25-01-07 <br/> 
16:16 Thu 25-01-07 <br/> 
16:55 Thu 25-01-07 <br/> 
16:56 Thu 25-01-07 <br/> 
16:56 Thu 25-01-07 <br/> 
16:56 Thu 25-01-07 <br/> 
16:56 Thu 25-01-07 <br/> 
16:56 Thu 25-01-07 <br/> 
22:04 Fri 26-01-07 <br/> 
23:33 Fri 26-01-07 <br/> 
23:33 Fri 26-01-07 <br/> 
23:33 Fri 26-01-07 <br/> 
0:09 Sat 27-01-07 <br/> 
0:41 Sat 27-01-07 <br/> 
9:38 Sat 27-01-07 <br/> 
11:22 Sat 27-01-07 <br/> 
1:19 Sun 28-01-07 <br/> 
1:31 Sun 28-01-07 <br/> 
5:02 Sun 28-01-07 <br/> 
12:19 Sun 28-01-07 <br/> 
12:57 Sun 28-01-07 <br/> 
14:27 Sun 28-01-07 <br/> 
14:31 Sun 28-01-07 <br/> 
14:31 Sun 28-01-07 <br/> 
14:31 Sun 28-01-07 <br/> 
15:18 Sun 28-01-07 <br/> 
3:00 Mon 29-01-07 <br/> 
8:28 Mon 29-01-07 <br/> 
13:01 Mon 29-01-07 <br/> 
13:12 Mon 29-01-07 <br/> 
14:32 Mon 29-01-07 <br/> 
14:32 Mon 29-01-07 <br/> 
15:57 Mon 29-01-07 <br/> 
0:12 Tue 30-01-07 <br/> 
0:12 Tue 30-01-07 <br/> 
0:12 Tue 30-01-07 <br/> 
0:12 Tue 30-01-07 <br/> 
0:13 Tue 30-01-07 <br/> 
0:13 Tue 30-01-07 <br/> 
1:35 Tue 30-01-07 <br/> 
1:35 Tue 30-01-07 <br/> 
1:36 Tue 30-01-07 <br/> 
1:37 Tue 30-01-07 <br/> 
1:37 Tue 30-01-07 <br/> 
1:37 Tue 30-01-07 <br/> 
3:22 Tue 30-01-07 <br/> 
7:56 Tue 30-01-07 <br/> 
14:02 Tue 30-01-07 <br/> 
14:44 Tue 30-01-07 <br/> 
15:01 Tue 30-01-07 <br/> 
16:41 Tue 30-01-07 <br/> 
18:06 Tue 30-01-07 <br/> 
23:12 Tue 30-01-07 <br/> 
23:23 Tue 30-01-07 <br/> 
23:25 Tue 30-01-07 <br/> 
23:26 Tue 30-01-07 <br/> 
23:26 Tue 30-01-07 <br/> 
23:48 Tue 30-01-07 <br/> 
23:49 Tue 30-01-07 <br/> 
23:49 Tue 30-01-07 <br/> 
23:50 Tue 30-01-07 <br/> 
3:24 Wed 31-01-07 <br/> 
5:30 Wed 31-01-07 <br/> 
6:59 Wed 31-01-07 <br/> 
8:05 Wed 31-01-07 <br/> 
8:23 Wed 31-01-07 <br/> 
8:23 Wed 31-01-07 <br/> 
17:26 Wed 31-01-07 <br/> 
17:59 Wed 31-01-07 <br/> 
17:59 Wed 31-01-07 <br/> 
17:59 Wed 31-01-07 <br/> 
17:59 Wed 31-01-07 <br/> 
20:25 Wed 31-01-07 <br/> 
20:26 Wed 31-01-07 <br/> 
20:26 Wed 31-01-07 <br/> 
20:26 Wed 31-01-07 <br/> 
20:26 Wed 31-01-07 <br/> 
20:27 Wed 31-01-07 <br/> 
20:27 Wed 31-01-07 <br/> 
22:39 Wed 31-01-07 <br/> 
0:03 Thu 01-02-07 <br/> 
0:10 Thu 01-02-07 <br/> 
4:54 Thu 01-02-07 <br/> 
1:27 Fri 02-02-07 <br/> 
6:15 Fri 02-02-07 <br/> 
12:29 Fri 02-02-07 <br/> 
13:02 Fri 02-02-07 <br/> 
18:35 Fri 02-02-07 <br/> 
23:22 Fri 02-02-07 <br/> 
23:23 Fri 02-02-07 <br/> 
9:54 Sat 03-02-07 <br/> 
9:54 Sat 03-02-07 <br/> 
9:55 Sat 03-02-07 <br/> 
9:55 Sat 03-02-07 <br/> 
9:55 Sat 03-02-07 <br/> 
12:35 Sat 03-02-07 <br/> 
12:35 Sat 03-02-07 <br/> 
12:37 Sat 03-02-07 <br/> 
12:38 Sat 03-02-07 <br/> 
14:57 Sat 03-02-07 <br/> 
15:01 Sat 03-02-07 <br/> 
15:02 Sat 03-02-07 <br/> 
15:02 Sat 03-02-07 <br/> 
15:04 Sat 03-02-07 <br/> 
15:04 Sat 03-02-07 <br/> 
16:58 Sat 03-02-07 <br/> 
18:27 Sat 03-02-07 <br/> 
18:27 Sat 03-02-07 <br/> 
18:35 Sat 03-02-07 <br/> 
18:51 Sat 03-02-07 <br/> 
19:41 Sat 03-02-07 <br/> 
20:01 Sat 03-02-07 <br/> 
21:35 Sat 03-02-07 <br/> 
21:36 Sat 03-02-07 <br/> 
22:49 Sat 03-02-07 <br/> 
23:21 Sat 03-02-07 <br/> 
23:28 Sat 03-02-07 <br/> 
0:39 Sun 04-02-07 <br/> 
2:52 Sun 04-02-07 <br/> 
5:14 Sun 04-02-07 <br/> 
9:28 Sun 04-02-07 <br/> 
14:38 Sun 04-02-07 <br/> 
14:38 Sun 04-02-07 <br/> 
14:39 Sun 04-02-07 <br/> 
14:39 Sun 04-02-07 <br/> 
14:39 Sun 04-02-07 <br/> 
14:39 Sun 04-02-07 <br/> 
15:08 Sun 04-02-07 <br/> 
15:21 Sun 04-02-07 <br/> 
22:09 Sun 04-02-07 <br/> 
8:24 Mon 05-02-07 <br/> 
8:24 Mon 05-02-07 <br/> 
8:50 Mon 05-02-07 <br/> 
21:23 Mon 05-02-07 <br/> 
0:42 Tue 06-02-07 <br/> 
12:01 Tue 06-02-07 <br/> 
12:03 Tue 06-02-07 <br/> 
12:04 Tue 06-02-07 <br/> 
12:05 Tue 06-02-07 <br/> 
16:24 Tue 06-02-07 <br/> 
16:25 Tue 06-02-07 <br/> 
16:26 Tue 06-02-07 <br/> 
16:26 Tue 06-02-07 <br/> 
16:27 Tue 06-02-07 <br/> 
16:29 Tue 06-02-07 <br/> 
16:29 Tue 06-02-07 <br/> 
16:29 Tue 06-02-07 <br/> 
16:30 Tue 06-02-07 <br/> 
19:49 Tue 06-02-07 <br/> 
1:04 Wed 07-02-07 <br/> 
14:26 Wed 07-02-07 <br/> 
17:43 Wed 07-02-07 <br/> 
17:43 Wed 07-02-07 <br/> 
0:23 Thu 08-02-07 <br/> 
0:50 Thu 08-02-07 <br/> 
11:19 Thu 08-02-07 <br/> 
23:12 Thu 08-02-07 <br/> 
0:04 Fri 09-02-07 <br/> 
6:31 Fri 09-02-07 <br/> 
13:08 Fri 09-02-07 <br/> 
17:10 Fri 09-02-07 <br/> 
21:13 Fri 09-02-07 <br/> 
21:28 Fri 09-02-07 <br/> 
21:34 Fri 09-02-07 <br/> 
21:59 Fri 09-02-07 <br/> 
21:59 Fri 09-02-07 <br/> 
21:59 Fri 09-02-07 <br/> 
9:57 Sat 10-02-07 <br/> 
9:57 Sat 10-02-07 <br/> 
18:17 Sat 10-02-07 <br/> 
19:44 Sat 10-02-07 <br/> 
19:57 Sat 10-02-07 <br/> 
19:57 Sat 10-02-07 <br/> 
19:57 Sat 10-02-07 <br/> 
5:25 Sun 11-02-07 <br/> 
12:53 Sun 11-02-07 <br/> 
17:17 Sun 11-02-07 <br/> 
21:24 Sun 11-02-07 <br/> 
1:13 Tue 13-02-07 <br/> 
20:12 Tue 13-02-07 <br/> 
21:14 Tue 13-02-07 <br/> 
15:28 Wed 14-02-07 <br/> 
18:42 Wed 14-02-07 <br/> 
18:42 Wed 14-02-07 <br/> 
19:21 Wed 14-02-07 <br/> 
19:53 Wed 14-02-07 <br/> 
1:58 Thu 15-02-07 <br/> 
4:10 Thu 15-02-07 <br/> 
4:21 Thu 15-02-07 <br/> 
17:36 Thu 15-02-07 <br/> 
21:21 Thu 15-02-07 <br/> 
21:24 Thu 15-02-07 <br/> 
0:26 Fri 16-02-07 <br/> 
9:43 Fri 16-02-07 <br/> 
17:58 Sat 17-02-07 <br/> 
18:24 Sat 17-02-07 <br/> 
22:28 Sat 17-02-07 <br/> 
6:42 Sun 18-02-07 <br/> 
16:43 Sun 18-02-07 <br/> 
18:16 Sun 18-02-07 <br/> 
22:19 Sun 18-02-07 <br/> 
22:46 Sun 18-02-07 <br/> 
14:27 Mon 19-02-07 <br/> 
14:27 Mon 19-02-07 <br/> 
13:27 Tue 20-02-07 <br/> 
13:27 Tue 20-02-07 <br/> 
13:27 Tue 20-02-07 <br/> 
13:28 Tue 20-02-07 <br/> 
13:28 Tue 20-02-07 <br/> 
13:29 Tue 20-02-07 <br/> 
13:30 Tue 20-02-07 <br/> 
23:59 Tue 20-02-07 <br/> 
10:01 Wed 21-02-07 <br/> 
10:54 Wed 21-02-07 <br/> 
11:27 Wed 21-02-07 <br/> 
11:33 Wed 21-02-07 <br/> 
12:23 Wed 21-02-07 <br/> 
14:51 Wed 21-02-07 <br/> 
8:34 Thu 22-02-07 <br/> 
8:34 Thu 22-02-07 <br/> 
17:03 Thu 22-02-07 <br/> 
19:42 Thu 22-02-07 <br/> 
1:00 Fri 23-02-07 <br/> 
6:07 Fri 23-02-07 <br/> 
12:19 Fri 23-02-07 <br/> 
18:59 Fri 23-02-07 <br/> 
23:59 Fri 23-02-07 <br/> 
10:11 Sat 24-02-07 <br/> 
10:34 Sat 24-02-07 <br/> 
11:56 Sat 24-02-07 <br/> 
15:47 Sat 24-02-07 <br/> 
18:47 Sat 24-02-07 <br/> 
19:31 Sat 24-02-07 <br/> 
22:31 Sat 24-02-07 <br/> 
17:25 Sun 25-02-07 <br/> 
20:33 Sun 25-02-07 <br/> 
20:36 Sun 25-02-07 <br/> 
8:28 Mon 26-02-07 <br/> 
12:57 Mon 26-02-07 <br/> 
13:22 Mon 26-02-07 <br/> 
16:55 Mon 26-02-07 <br/> 
16:55 Mon 26-02-07 <br/> 
16:55 Mon 26-02-07 <br/> 
18:07 Mon 26-02-07 <br/> 
18:07 Mon 26-02-07 <br/> 
18:07 Mon 26-02-07 <br/> 
18:07 Mon 26-02-07 <br/> 
18:07 Mon 26-02-07 <br/> 
18:07 Mon 26-02-07 <br/> 
22:35 Mon 26-02-07 <br/> 
0:27 Tue 27-02-07 <br/> 
20:12 Tue 27-02-07 <br/> 
0:29 Wed 28-02-07 <br/> 
5:19 Wed 28-02-07 <br/> 
10:26 Wed 28-02-07 <br/> 
22:16 Wed 28-02-07 <br/> 
0:06 Thu 01-03-07 <br/> 
2:04 Thu 01-03-07 <br/> 
2:25 Thu 01-03-07 <br/> 
2:25 Thu 01-03-07 <br/> 
19:03 Thu 01-03-07 <br/> 
19:09 Thu 01-03-07 <br/> 
22:31 Sat 03-03-07 <br/> 
18:34 Sun 04-03-07 <br/> 
23:11 Mon 05-03-07 <br/> 
23:12 Mon 05-03-07 <br/> 
23:12 Mon 05-03-07 <br/> 
23:12 Mon 05-03-07 <br/> 
0:06 Tue 06-03-07 <br/> 
4:24 Tue 06-03-07 <br/> 
11:01 Tue 06-03-07 <br/> 
11:01 Tue 06-03-07 <br/> 
11:01 Tue 06-03-07 <br/> 
21:56 Tue 06-03-07 <br/> 
8:11 Fri 09-03-07 <br/> 
2:57 Sat 10-03-07 <br/> 
2:58 Sat 10-03-07 <br/> 
2:58 Sat 10-03-07 <br/> 
2:58 Sat 10-03-07 <br/> 
2:58 Sat 10-03-07 <br/> 
2:58 Sat 10-03-07 <br/> 
2:58 Sat 10-03-07 <br/> 
13:20 Sat 10-03-07 <br/> 
13:46 Sat 10-03-07 <br/> 
13:46 Sat 10-03-07 <br/> 
13:46 Sat 10-03-07 <br/> 
22:33 Sat 10-03-07 <br/> 
15:08 Mon 12-03-07 <br/> 
11:08 Tue 13-03-07 <br/> 
11:09 Tue 13-03-07 <br/> 
3:53 Wed 14-03-07 <br/> 
13:38 Wed 14-03-07 <br/> 
13:38 Wed 14-03-07 <br/> 
13:38 Wed 14-03-07 <br/> 
13:38 Wed 14-03-07 <br/> 
13:39 Wed 14-03-07 <br/> 
13:39 Wed 14-03-07 <br/> 
13:36 Thu 15-03-07 <br/> 
13:36 Thu 15-03-07 <br/> 
16:17 Thu 15-03-07 <br/> 
16:21 Thu 15-03-07 <br/> 
16:21 Thu 15-03-07 <br/> 
16:21 Thu 15-03-07 <br/> 
16:22 Thu 15-03-07 <br/> 
16:22 Thu 15-03-07 <br/> 
16:23 Thu 15-03-07 <br/> 
16:23 Thu 15-03-07 <br/> 
16:24 Thu 15-03-07 <br/> 
16:27 Thu 15-03-07 <br/> 
16:27 Thu 15-03-07 <br/> 
16:38 Thu 15-03-07 <br/> 
17:46 Thu 15-03-07 <br/> 
17:46 Thu 15-03-07 <br/> 
17:46 Thu 15-03-07 <br/> 
17:46 Thu 15-03-07 <br/> 
18:04 Thu 15-03-07 <br/> 
1:32 Fri 16-03-07 <br/> 
4:53 Fri 16-03-07 <br/> 
6:12 Fri 16-03-07 <br/> 
6:50 Fri 16-03-07 <br/> 
16:48 Fri 16-03-07 <br/> 
16:49 Fri 16-03-07 <br/> 
16:49 Fri 16-03-07 <br/> 
16:49 Fri 16-03-07 <br/> 
19:10 Fri 16-03-07 <br/> 
19:11 Fri 16-03-07 <br/> 
0:06 Sat 17-03-07 <br/> 
0:06 Sat 17-03-07 <br/> 
1:09 Sat 17-03-07 <br/> 
1:28 Sat 17-03-07 <br/> 
1:57 Sat 17-03-07 <br/> 
11:59 Sun 18-03-07 <br/> 
13:00 Sun 18-03-07 <br/> 
2:49 Mon 19-03-07 <br/> 
12:03 Mon 19-03-07 <br/> 
5:13 Tue 20-03-07 <br/> 
9:30 Tue 20-03-07 <br/> 
18:42 Tue 20-03-07 <br/> 
12:38 Wed 21-03-07 <br/> 
13:18 Wed 21-03-07 <br/> 
14:44 Wed 21-03-07 <br/> 
16:36 Wed 21-03-07 <br/> 
0:57 Thu 22-03-07 <br/> 
7:49 Thu 22-03-07 <br/> 
5:11 Fri 23-03-07 <br/> 
5:11 Fri 23-03-07 <br/> 
9:20 Fri 23-03-07 <br/> 
19:57 Fri 23-03-07 <br/> 
20:00 Fri 23-03-07 <br/> 
7:05 Sat 24-03-07 <br/> 
7:09 Sat 24-03-07 <br/> 
9:20 Sat 24-03-07 <br/> 
10:35 Sat 24-03-07 <br/> 
10:36 Sat 24-03-07 <br/> 
10:36 Sat 24-03-07 <br/> 
10:36 Sat 24-03-07 <br/> 
10:36 Sat 24-03-07 <br/> 
10:36 Sat 24-03-07 <br/> 
10:36 Sat 24-03-07 <br/> 
15:54 Sat 24-03-07 <br/> 
16:10 Sat 24-03-07 <br/> 
18:35 Sat 24-03-07 <br/> 
20:22 Sat 24-03-07 <br/> 
6:50 Sun 25-03-07 <br/> 
12:18 Sun 25-03-07 <br/> 
16:00 Mon 26-03-07 <br/> 
19:49 Mon 26-03-07 <br/> 
20:03 Mon 26-03-07 <br/> 
20:03 Mon 26-03-07 <br/> 
20:03 Mon 26-03-07 <br/> 
20:03 Mon 26-03-07 <br/> 
20:03 Mon 26-03-07 <br/> 
20:03 Mon 26-03-07 <br/> 
20:03 Mon 26-03-07 <br/> 
11:17 Tue 27-03-07 <br/> 
3:01 Wed 28-03-07 <br/> 
4:05 Wed 28-03-07 <br/> 
4:31 Wed 28-03-07 <br/> 
15:26 Wed 28-03-07 <br/> 
22:09 Wed 28-03-07 <br/> 
19:09 Thu 29-03-07 <br/> 
19:12 Thu 29-03-07 <br/> 
12:07 Fri 30-03-07 <br/> 
18:59 Fri 30-03-07 <br/> 
19:03 Fri 30-03-07 <br/> 
19:09 Fri 30-03-07 <br/> 
15:18 Sat 31-03-07 <br/> 
12:57 Sun 01-04-07 <br/> 
12:58 Sun 01-04-07 <br/> 
15:46 Mon 02-04-07 <br/> 
3:18 Tue 03-04-07 <br/> 
22:42 Tue 03-04-07 <br/> 
23:51 Tue 03-04-07 <br/> 
23:09 Wed 04-04-07 <br/> 
0:22 Thu 05-04-07 <br/> 
8:16 Thu 05-04-07 <br/> 
8:16 Thu 05-04-07 <br/> 
1:48 Fri 06-04-07 <br/> 
2:20 Fri 06-04-07 <br/> 
14:04 Sat 07-04-07 <br/> 
17:26 Sun 08-04-07 <br/> 
17:26 Sun 08-04-07 <br/> 
20:38 Tue 10-04-07 <br/> 
3:12 Wed 11-04-07 <br/> 
18:35 Wed 11-04-07 <br/> 
0:04 Thu 12-04-07 <br/> 
3:46 Thu 12-04-07 <br/> 
6:11 Thu 12-04-07 <br/> 
6:12 Thu 12-04-07 <br/> 
7:29 Thu 12-04-07 <br/> 
13:47 Thu 12-04-07 <br/> 
13:47 Thu 12-04-07 <br/> 
22:10 Thu 12-04-07 <br/> 
22:26 Thu 12-04-07 <br/> 
22:54 Thu 12-04-07 <br/> 
0:47 Fri 13-04-07 <br/> 
0:32 Sat 14-04-07 <br/> 
7:24 Sat 14-04-07 <br/> 
13:35 Sat 14-04-07 <br/> 
14:26 Sat 14-04-07 <br/> 
20:22 Sat 14-04-07 <br/> 
0:43 Mon 16-04-07 <br/> 
11:14 Mon 16-04-07 <br/> 
11:36 Mon 16-04-07 <br/> 
13:02 Mon 16-04-07 <br/> 
23:14 Mon 16-04-07 <br/> 
0:11 Tue 17-04-07 <br/> 
1:52 Tue 17-04-07 <br/> 
15:12 Wed 18-04-07 <br/> 
15:12 Wed 18-04-07 <br/> 
18:46 Wed 18-04-07 <br/> 
21:09 Wed 18-04-07 <br/> 
4:14 Fri 20-04-07 <br/> 
16:44 Fri 20-04-07 <br/> 
8:32 Sat 21-04-07 <br/> 
11:31 Sat 21-04-07 <br/> 
22:57 Sat 21-04-07 <br/> 
23:19 Sat 21-04-07 <br/> 
23:49 Sun 22-04-07 <br/> 
23:54 Sun 22-04-07 <br/> 
2:56 Mon 23-04-07 <br/> 
2:56 Mon 23-04-07 <br/> 
2:56 Mon 23-04-07 <br/> 
2:56 Mon 23-04-07 <br/> 
2:57 Mon 23-04-07 <br/> 
2:57 Mon 23-04-07 <br/> 
2:57 Mon 23-04-07 <br/> 
2:58 Mon 23-04-07 <br/> 
6:54 Mon 23-04-07 <br/> 
7:11 Mon 23-04-07 <br/> 
11:23 Mon 23-04-07 <br/> 
11:24 Mon 23-04-07 <br/> 
11:25 Mon 23-04-07 <br/> 
11:26 Mon 23-04-07 <br/> 
11:45 Tue 24-04-07 <br/> 
15:12 Tue 24-04-07 <br/> 
15:12 Tue 24-04-07 <br/> 
8:35 Wed 25-04-07 <br/> 
20:35 Wed 25-04-07 <br/> 
22:58 Wed 25-04-07 <br/> 
2:25 Thu 26-04-07 <br/> 
4:08 Thu 26-04-07 <br/> 
4:37 Thu 26-04-07 <br/> 
7:20 Thu 26-04-07 <br/> 
8:51 Thu 26-04-07 <br/> 
8:51 Thu 26-04-07 <br/> 
8:51 Thu 26-04-07 <br/> 
19:36 Thu 26-04-07 <br/> 
19:36 Thu 26-04-07 <br/> 
0:35 Fri 27-04-07 <br/> 
8:23 Fri 27-04-07 <br/> 
0:56 Sat 28-04-07 <br/> 
13:36 Sat 28-04-07 <br/> 
20:18 Sat 28-04-07 <br/> 
1:53 Sun 29-04-07 <br/> 
1:59 Sun 29-04-07 <br/> 
4:03 Sun 29-04-07 <br/> 
14:40 Sun 29-04-07 <br/> 
16:29 Sun 29-04-07 <br/> 
20:54 Sun 29-04-07 <br/> 
20:55 Sun 29-04-07 <br/> 
3:06 Wed 02-05-07 <br/> 
3:43 Wed 02-05-07 <br/> 
20:12 Wed 02-05-07 <br/> 
0:30 Thu 03-05-07 <br/> 
1:17 Thu 03-05-07 <br/> 
3:51 Thu 03-05-07 <br/> 
21:09 Fri 04-05-07 <br/> 
21:09 Fri 04-05-07 <br/> 
21:09 Fri 04-05-07 <br/> 
21:09 Fri 04-05-07 <br/> 
21:09 Fri 04-05-07 <br/> 
21:09 Fri 04-05-07 <br/> 
21:12 Fri 04-05-07 <br/> 
20:59 Sat 05-05-07 <br/> 
21:28 Sun 06-05-07 <br/> 
21:29 Sun 06-05-07 <br/> 
21:29 Sun 06-05-07 <br/> 
21:29 Sun 06-05-07 <br/> 
21:36 Sun 06-05-07 <br/> 
21:37 Sun 06-05-07 <br/> 
14:48 Mon 07-05-07 <br/> 
19:24 Mon 07-05-07 <br/> 
0:08 Tue 08-05-07 <br/> 
9:56 Tue 08-05-07 <br/> 
15:01 Tue 08-05-07 <br/> 
15:03 Tue 08-05-07 <br/> 
15:05 Tue 08-05-07 <br/> 
20:57 Tue 08-05-07 <br/> 
2:27 Wed 09-05-07 <br/> 
15:22 Wed 09-05-07 <br/> 
19:54 Wed 09-05-07 <br/> 
21:56 Thu 10-05-07 <br/> 
0:16 Fri 11-05-07 <br/> 
0:32 Fri 11-05-07 <br/> 
10:52 Fri 11-05-07 <br/> 
10:52 Fri 11-05-07 <br/> 
10:52 Fri 11-05-07 <br/> 
10:52 Fri 11-05-07 <br/> 
10:52 Fri 11-05-07 <br/> 
10:53 Fri 11-05-07 <br/> 
10:53 Fri 11-05-07 <br/> 
10:53 Fri 11-05-07 <br/> 
12:27 Fri 11-05-07 <br/> 
4:38 Sat 12-05-07 <br/> 
13:46 Sun 13-05-07 <br/> 
19:31 Sun 13-05-07 <br/> 
13:06 Mon 14-05-07 <br/> 
3:52 Tue 15-05-07 <br/> 
5:17 Tue 15-05-07 <br/> 
21:58 Tue 15-05-07 <br/> 
14:09 Wed 16-05-07 <br/> 
14:09 Wed 16-05-07 <br/> 
14:09 Wed 16-05-07 <br/> 
14:10 Wed 16-05-07 <br/> 
14:10 Wed 16-05-07 <br/> 
14:10 Wed 16-05-07 <br/> 
14:10 Wed 16-05-07 <br/> 
14:10 Wed 16-05-07 <br/> 
14:11 Wed 16-05-07 <br/> 
14:11 Wed 16-05-07 <br/> 
14:11 Wed 16-05-07 <br/> 
14:11 Wed 16-05-07 <br/> 
1:10 Thu 17-05-07 <br/> 
12:45 Fri 18-05-07 <br/> 
12:45 Fri 18-05-07 <br/> 
14:15 Fri 18-05-07 <br/> 
21:23 Sat 19-05-07 <br/> 
3:26 Sun 20-05-07 <br/> 
6:46 Sun 20-05-07 <br/> 
17:09 Sun 20-05-07 <br/> 
0:51 Mon 21-05-07 <br/> 
0:51 Mon 21-05-07 <br/> 
0:51 Mon 21-05-07 <br/> 
0:51 Mon 21-05-07 <br/> 
0:51 Mon 21-05-07 <br/> 
0:51 Mon 21-05-07 <br/> 
0:51 Mon 21-05-07 <br/> 
3:33 Mon 21-05-07 <br/> 
3:37 Mon 21-05-07 <br/> 
5:28 Mon 21-05-07 <br/> 
9:06 Mon 21-05-07 <br/> 
9:18 Mon 21-05-07 <br/> 
9:30 Mon 21-05-07 <br/> 
2:30 Tue 22-05-07 <br/> 
12:58 Tue 22-05-07 <br/> 
16:27 Tue 22-05-07 <br/> 
8:36 Wed 23-05-07 <br/> 
8:39 Wed 23-05-07 <br/> 
8:40 Wed 23-05-07 <br/> 
8:40 Wed 23-05-07 <br/> 
8:43 Wed 23-05-07 <br/> 
8:43 Wed 23-05-07 <br/> 
5:07 Thu 24-05-07 <br/> 
20:08 Thu 24-05-07 <br/> 
3:55 Fri 25-05-07 <br/> 
12:59 Sat 26-05-07 <br/> 
12:59 Sat 26-05-07 <br/> 
12:59 Sat 26-05-07 <br/> 
13:00 Sat 26-05-07 <br/> 
13:00 Sat 26-05-07 <br/> 
13:00 Sat 26-05-07 <br/> 
13:00 Sat 26-05-07 <br/> 
13:01 Sat 26-05-07 <br/> 
21:11 Sun 27-05-07 <br/> 
21:12 Sun 27-05-07 <br/> 
21:12 Sun 27-05-07 <br/> 
21:12 Sun 27-05-07 <br/> 
21:12 Sun 27-05-07 <br/> 
21:12 Sun 27-05-07 <br/> 
21:13 Sun 27-05-07 <br/> 
21:13 Sun 27-05-07 <br/> 
11:49 Tue 29-05-07 <br/> 
17:55 Tue 29-05-07 <br/> 
18:02 Tue 29-05-07 <br/> 
15:04 Wed 30-05-07 <br/> 
15:04 Wed 30-05-07 <br/> 
15:04 Wed 30-05-07 <br/> 
15:04 Wed 30-05-07 <br/> 
15:04 Wed 30-05-07 <br/> 
15:04 Wed 30-05-07 <br/> 
15:05 Wed 30-05-07 <br/> 
19:56 Wed 30-05-07 <br/> 
22:45 Wed 30-05-07 <br/> 
0:03 Thu 31-05-07 <br/> 
8:00 Thu 31-05-07 <br/> 
18:56 Fri 01-06-07 <br/> 
2:39 Sun 03-06-07 <br/> 
20:20 Sun 03-06-07 <br/> 
22:40 Sun 03-06-07 <br/> 
11:39 Mon 04-06-07 <br/> 
11:39 Mon 04-06-07 <br/> 
11:40 Mon 04-06-07 <br/> 
22:28 Mon 04-06-07 <br/> 
22:28 Mon 04-06-07 <br/> 
2:05 Tue 05-06-07 <br/> 
7:11 Tue 05-06-07 <br/> 
23:58 Tue 05-06-07 <br/> 
19:47 Wed 06-06-07 <br/> 
11:57 Thu 07-06-07 <br/> 
15:52 Thu 07-06-07 <br/> 
15:53 Thu 07-06-07 <br/> 
15:53 Thu 07-06-07 <br/> 
16:07 Thu 07-06-07 <br/> 
22:18 Thu 07-06-07 <br/> 
23:53 Thu 07-06-07 <br/> 
1:27 Fri 08-06-07 <br/> 
1:34 Fri 08-06-07 <br/> 
2:09 Fri 08-06-07 <br/> 
2:58 Fri 08-06-07 <br/> 
7:00 Fri 08-06-07 <br/> 
20:06 Sat 09-06-07 <br/> 
2:32 Sun 10-06-07 <br/> 
17:30 Sun 10-06-07 <br/> 
17:33 Sun 10-06-07 <br/> 
22:54 Sun 10-06-07 <br/> 
12:06 Mon 11-06-07 <br/> 
14:14 Mon 11-06-07 <br/> 
16:48 Mon 11-06-07 <br/> 
18:32 Mon 11-06-07 <br/> 
23:44 Mon 11-06-07 <br/> 
9:27 Tue 12-06-07 <br/> 
10:10 Tue 12-06-07 <br/> 
13:25 Tue 12-06-07 <br/> 
17:28 Tue 12-06-07 <br/> 
19:14 Tue 12-06-07 <br/> 
19:21 Tue 12-06-07 <br/> 
19:21 Tue 12-06-07 <br/> 
19:22 Tue 12-06-07 <br/> 
19:27 Tue 12-06-07 <br/> 
19:31 Tue 12-06-07 <br/> 
3:33 Thu 14-06-07 <br/> 
15:10 Thu 14-06-07 <br/> 
15:10 Thu 14-06-07 <br/> 
15:10 Thu 14-06-07 <br/> 
15:11 Thu 14-06-07 <br/> 
15:11 Thu 14-06-07 <br/> 
15:25 Thu 14-06-07 <br/> 
15:41 Thu 14-06-07 <br/> 
15:41 Thu 14-06-07 <br/> 
16:13 Thu 14-06-07 <br/> 
16:13 Thu 14-06-07 <br/> 
16:25 Thu 14-06-07 <br/> 
17:29 Thu 14-06-07 <br/> 
17:40 Sat 16-06-07 <br/> 
5:03 Mon 18-06-07 <br/> 
5:26 Mon 18-06-07 <br/> 
5:30 Mon 18-06-07 <br/> 
0:08 Tue 19-06-07 <br/> 
4:45 Tue 19-06-07 <br/> 
5:19 Tue 19-06-07 <br/> 
12:16 Tue 19-06-07 <br/> 
15:00 Tue 19-06-07 <br/> 
1:27 Wed 20-06-07 <br/> 
22:09 Wed 20-06-07 <br/> 
23:49 Wed 20-06-07 <br/> 
11:28 Thu 21-06-07 <br/> 
11:29 Thu 21-06-07 <br/> 
19:55 Thu 21-06-07 <br/> 
0:09 Fri 22-06-07 <br/> 
3:29 Fri 22-06-07 <br/> 
11:32 Fri 22-06-07 <br/> 
22:48 Sat 23-06-07 <br/> 
18:29 Sun 24-06-07 <br/> 
18:30 Sun 24-06-07 <br/> 
0:16 Tue 26-06-07 <br/> 
0:41 Tue 26-06-07 <br/> 
0:41 Tue 26-06-07 <br/> 
0:41 Tue 26-06-07 <br/> 
15:56 Tue 26-06-07 <br/> 
3:44 Wed 27-06-07 <br/> 
0:28 Thu 28-06-07 <br/> 
5:01 Thu 28-06-07 <br/> 
5:01 Thu 28-06-07 <br/> 
5:01 Thu 28-06-07 <br/> 
5:01 Thu 28-06-07 <br/> 
5:01 Thu 28-06-07 <br/> 
5:01 Thu 28-06-07 <br/> 
5:01 Thu 28-06-07 <br/> 
5:01 Thu 28-06-07 <br/> 
5:02 Thu 28-06-07 <br/> 
5:02 Thu 28-06-07 <br/> 
5:02 Thu 28-06-07 <br/> 
5:02 Thu 28-06-07 <br/> 
12:22 Thu 28-06-07 <br/> 
13:56 Thu 28-06-07 <br/> 
14:14 Fri 29-06-07 <br/> 
14:14 Fri 29-06-07 <br/> 
14:15 Fri 29-06-07 <br/> 
14:15 Fri 29-06-07 <br/> 
2:11 Sat 30-06-07 <br/> 
4:21 Sat 30-06-07 <br/> 
4:23 Sat 30-06-07 <br/> 
4:24 Sat 30-06-07 <br/> 
4:24 Sat 30-06-07 <br/> 
4:26 Sat 30-06-07 <br/> 
20:52 Sat 30-06-07 <br/> 
21:17 Sat 30-06-07 <br/> 
21:40 Sat 30-06-07 <br/> 
21:40 Sat 30-06-07 <br/> 
21:40 Sat 30-06-07 <br/> 
21:53 Sat 30-06-07 <br/> 
22:00 Sat 30-06-07 <br/> 
16:43 Sun 01-07-07 <br/> 
16:43 Sun 01-07-07 <br/> 
16:49 Sun 01-07-07 <br/> 
4:19 Mon 02-07-07 <br/> 
6:25 Mon 02-07-07 <br/> 
7:05 Mon 02-07-07 <br/> 
9:52 Mon 02-07-07 <br/> 
10:00 Mon 02-07-07 <br/> 
10:29 Mon 02-07-07 <br/> 
13:46 Mon 02-07-07 <br/> 
0:42 Tue 03-07-07 <br/> 
7:53 Tue 03-07-07 <br/> 
13:46 Tue 03-07-07 <br/> 
12:22 Wed 04-07-07 <br/> 
14:26 Wed 04-07-07 <br/> 
23:57 Wed 04-07-07 <br/> 
0:01 Thu 05-07-07 <br/> 
0:04 Thu 05-07-07 <br/> 
5:52 Fri 06-07-07 <br/> 
7:48 Fri 06-07-07 <br/> 
7:49 Fri 06-07-07 <br/> 
9:41 Fri 06-07-07 <br/> 
15:50 Fri 06-07-07 <br/> 
2:05 Sat 07-07-07 <br/> 
17:28 Sat 07-07-07 <br/> 
23:30 Sat 07-07-07 <br/> 
23:31 Sat 07-07-07 <br/> 
9:36 Sun 08-07-07 <br/> 
19:19 Sun 08-07-07 <br/> 
1:29 Mon 09-07-07 <br/> 
5:01 Mon 09-07-07 <br/> 
5:45 Mon 09-07-07 <br/> 
9:54 Mon 09-07-07 <br/> 
14:17 Mon 09-07-07 <br/> 
14:17 Mon 09-07-07 <br/> 
5:40 Tue 10-07-07 <br/> 
6:18 Tue 10-07-07 <br/> 
11:58 Tue 10-07-07 <br/> 
12:03 Tue 10-07-07 <br/> 
17:23 Tue 10-07-07 <br/> 
18:58 Tue 10-07-07 <br/> 
14:28 Wed 11-07-07 <br/> 
17:43 Wed 11-07-07 <br/> 
17:43 Wed 11-07-07 <br/> 
17:44 Wed 11-07-07 <br/> 
17:55 Wed 11-07-07 <br/> 
23:46 Wed 11-07-07 <br/> 
4:27 Thu 12-07-07 <br/> 
9:37 Thu 12-07-07 <br/> 
14:08 Thu 12-07-07 <br/> 
17:37 Thu 12-07-07 <br/> 
0:00 Fri 13-07-07 <br/> 
0:01 Fri 13-07-07 <br/> 
0:01 Fri 13-07-07 <br/> 
0:01 Fri 13-07-07 <br/> 
0:01 Fri 13-07-07 <br/> 
0:01 Fri 13-07-07 <br/> 
0:01 Fri 13-07-07 <br/> 
0:01 Fri 13-07-07 <br/> 
0:02 Fri 13-07-07 <br/> 
0:02 Fri 13-07-07 <br/> 
0:02 Fri 13-07-07 <br/> 
0:02 Fri 13-07-07 <br/> 
0:02 Fri 13-07-07 <br/> 
0:35 Fri 13-07-07 <br/> 
0:35 Fri 13-07-07 <br/> 
0:35 Fri 13-07-07 <br/> 
0:35 Fri 13-07-07 <br/> 
0:35 Fri 13-07-07 <br/> 
0:50 Fri 13-07-07 <br/> 
12:51 Fri 13-07-07 <br/> 
0:53 Sat 14-07-07 <br/> 
3:10 Sun 15-07-07 <br/> 
4:28 Sun 15-07-07 <br/> 
7:57 Sun 15-07-07 <br/> 
17:00 Sun 15-07-07 <br/> 
18:23 Sun 15-07-07 <br/> 
18:24 Sun 15-07-07 <br/> 
18:24 Sun 15-07-07 <br/> 
18:24 Sun 15-07-07 <br/> 
18:24 Sun 15-07-07 <br/> 
18:24 Sun 15-07-07 <br/> 
0:49 Mon 16-07-07 <br/> 
1:38 Mon 16-07-07 <br/> 
5:38 Mon 16-07-07 <br/> 
8:21 Mon 16-07-07 <br/> 
8:21 Mon 16-07-07 <br/> 
9:55 Mon 16-07-07 <br/> 
20:55 Mon 16-07-07 <br/> 
21:08 Mon 16-07-07 <br/> 
23:59 Mon 16-07-07 <br/> 
0:29 Tue 17-07-07 <br/> 
5:23 Tue 17-07-07 <br/> 
5:23 Tue 17-07-07 <br/> 
6:21 Tue 17-07-07 <br/> 
9:59 Tue 17-07-07 <br/> 
12:10 Tue 17-07-07 <br/> 
0:40 Wed 18-07-07 <br/> 
7:45 Wed 18-07-07 <br/> 
12:32 Wed 18-07-07 <br/> 
12:32 Wed 18-07-07 <br/> 
12:33 Wed 18-07-07 <br/> 
12:33 Wed 18-07-07 <br/> 
12:34 Wed 18-07-07 <br/> 
12:34 Wed 18-07-07 <br/> 
12:34 Wed 18-07-07 <br/> 
12:35 Wed 18-07-07 <br/> 
12:35 Wed 18-07-07 <br/> 
12:35 Wed 18-07-07 <br/> 
12:35 Wed 18-07-07 <br/> 
16:33 Wed 18-07-07 <br/> 
16:34 Wed 18-07-07 <br/> 
16:34 Wed 18-07-07 <br/> 
16:34 Wed 18-07-07 <br/> 
16:34 Wed 18-07-07 <br/> 
16:34 Wed 18-07-07 <br/> 
16:34 Wed 18-07-07 <br/> 
16:34 Wed 18-07-07 <br/> 
16:34 Wed 18-07-07 <br/> 
16:35 Wed 18-07-07 <br/> 
16:35 Wed 18-07-07 <br/> 
16:35 Wed 18-07-07 <br/> 
16:35 Wed 18-07-07 <br/> 
16:35 Wed 18-07-07 <br/> 
0:18 Thu 19-07-07 <br/> 
0:25 Thu 19-07-07 <br/> 
9:48 Thu 19-07-07 <br/> 
19:44 Thu 19-07-07 <br/> 
19:44 Thu 19-07-07 <br/> 
19:45 Thu 19-07-07 <br/> 
19:45 Thu 19-07-07 <br/> 
19:45 Thu 19-07-07 <br/> 
19:45 Thu 19-07-07 <br/> 
19:45 Thu 19-07-07 <br/> 
19:45 Thu 19-07-07 <br/> 
19:45 Thu 19-07-07 <br/> 
19:45 Thu 19-07-07 <br/> 
19:45 Thu 19-07-07 <br/> 
19:46 Thu 19-07-07 <br/> 
19:46 Thu 19-07-07 <br/> 
19:46 Thu 19-07-07 <br/> 
19:46 Thu 19-07-07 <br/> 
19:46 Thu 19-07-07 <br/> 
19:46 Thu 19-07-07 <br/> 
19:47 Thu 19-07-07 <br/> 
19:47 Thu 19-07-07 <br/> 
19:47 Thu 19-07-07 <br/> 
19:47 Thu 19-07-07 <br/> 
19:47 Thu 19-07-07 <br/> 
19:47 Thu 19-07-07 <br/> 
11:43 Fri 20-07-07 <br/> 
0:04 Sat 21-07-07 <br/> 
0:35 Sat 21-07-07 <br/> 
0:35 Sat 21-07-07 <br/> 
0:35 Sat 21-07-07 <br/> 
2:08 Sun 22-07-07 <br/> 
3:12 Sun 22-07-07 <br/> 
9:57 Mon 23-07-07 <br/> 
12:11 Mon 23-07-07 <br/> 
20:14 Tue 24-07-07 <br/> 
21:42 Tue 24-07-07 <br/> 
0:08 Wed 25-07-07 <br/> 
3:27 Wed 25-07-07 <br/> 
17:53 Wed 25-07-07 <br/> 
17:53 Wed 25-07-07 <br/> 
20:04 Wed 25-07-07 <br/> 
0:03 Thu 26-07-07 <br/> 
0:04 Fri 27-07-07 <br/> 
11:31 Sat 28-07-07 <br/> 
11:31 Sat 28-07-07 <br/> 
1:02 Sun 29-07-07 <br/> 
1:02 Sun 29-07-07 <br/> 
1:02 Sun 29-07-07 <br/> 
1:02 Sun 29-07-07 <br/> 
1:02 Sun 29-07-07 <br/> 
1:02 Sun 29-07-07 <br/> 
1:02 Sun 29-07-07 <br/> 
1:03 Sun 29-07-07 <br/> 
1:03 Sun 29-07-07 <br/> 
1:03 Sun 29-07-07 <br/> 
1:03 Sun 29-07-07 <br/> 
1:03 Sun 29-07-07 <br/> 
1:03 Sun 29-07-07 <br/> 
1:03 Sun 29-07-07 <br/> 
1:03 Sun 29-07-07 <br/> 
1:03 Sun 29-07-07 <br/> 
19:18 Sun 29-07-07 <br/> 
19:20 Sun 29-07-07 <br/> 
19:20 Sun 29-07-07 <br/> 
1:41 Mon 30-07-07 <br/> 
10:58 Mon 30-07-07 <br/> 
11:04 Mon 30-07-07 <br/> 
11:37 Mon 30-07-07 <br/> 
11:39 Mon 30-07-07 <br/> 
0:11 Tue 31-07-07 <br/> 
7:23 Tue 31-07-07 <br/> 
12:49 Tue 31-07-07 <br/> 
10:34 Thu 02-08-07 <br/> 
20:01 Fri 03-08-07 <br/> 
21:21 Fri 03-08-07 <br/> 
8:38 Sat 04-08-07 <br/> 
12:53 Sat 04-08-07 <br/> 
22:48 Sat 04-08-07 <br/> 
22:48 Sat 04-08-07 <br/> 
22:48 Sat 04-08-07 <br/> 
22:48 Sat 04-08-07 <br/> 
22:48 Sat 04-08-07 <br/> 
22:48 Sat 04-08-07 <br/> 
22:49 Sat 04-08-07 <br/> 
22:49 Sat 04-08-07 <br/> 
22:49 Sat 04-08-07 <br/> 
22:49 Sat 04-08-07 <br/> 
22:49 Sat 04-08-07 <br/> 
7:21 Sun 05-08-07 <br/> 
9:22 Sun 05-08-07 <br/> 
23:44 Sun 05-08-07 <br/> 
7:31 Mon 06-08-07 <br/> 
7:51 Mon 06-08-07 <br/> 
21:47 Mon 06-08-07 <br/> 
11:26 Tue 07-08-07 <br/> 
13:27 Tue 07-08-07 <br/> 
23:41 Tue 07-08-07 <br/> 
1:24 Wed 08-08-07 <br/> 
2:08 Wed 08-08-07 <br/> 
23:20 Wed 08-08-07 <br/> 
5:51 Thu 09-08-07 <br/> 
9:01 Thu 09-08-07 <br/> 
18:19 Thu 09-08-07 <br/> 
18:19 Thu 09-08-07 <br/> 
18:19 Thu 09-08-07 <br/> 
18:19 Thu 09-08-07 <br/> 
18:20 Thu 09-08-07 <br/> 
18:20 Thu 09-08-07 <br/> 
18:20 Thu 09-08-07 <br/> 
23:42 Thu 09-08-07 <br/> 
8:40 Sat 11-08-07 <br/> 
18:30 Sat 11-08-07 <br/> 
4:05 Sun 12-08-07 <br/> 
17:10 Sun 12-08-07 <br/> 
13:10 Mon 13-08-07 <br/> 
13:12 Mon 13-08-07 <br/> 
22:54 Mon 13-08-07 <br/> 
1:59 Tue 14-08-07 <br/> 
3:27 Tue 14-08-07 <br/> 
5:52 Tue 14-08-07 <br/> 
5:52 Tue 14-08-07 <br/> 
5:53 Tue 14-08-07 <br/> 
15:10 Tue 14-08-07 <br/> 
22:06 Tue 14-08-07 <br/> 
23:54 Tue 14-08-07 <br/> 
2:43 Wed 15-08-07 <br/> 
15:17 Wed 15-08-07 <br/> 
20:20 Wed 15-08-07 <br/> 
9:58 Thu 16-08-07 <br/> 
18:49 Thu 16-08-07 <br/> 
21:21 Thu 16-08-07 <br/> 
21:22 Thu 16-08-07 <br/> 
21:22 Thu 16-08-07 <br/> 
21:55 Thu 16-08-07 <br/> 
13:28 Fri 17-08-07 <br/> 
1:10 Sun 19-08-07 <br/> 
7:55 Sun 19-08-07 <br/> 
7:56 Sun 19-08-07 <br/> 
7:58 Sun 19-08-07 <br/> 
15:46 Tue 21-08-07 <br/> 
2:44 Wed 22-08-07 <br/> 
3:28 Wed 22-08-07 <br/> 
5:34 Wed 22-08-07 <br/> 
6:00 Wed 22-08-07 <br/> 
9:34 Wed 22-08-07 <br/> 
20:21 Wed 22-08-07 <br/> 
0:22 Thu 23-08-07 <br/> 
0:27 Thu 23-08-07 <br/> 
2:46 Thu 23-08-07 <br/> 
4:42 Thu 23-08-07 <br/> 
6:27 Thu 23-08-07 <br/> 
18:53 Thu 23-08-07 <br/> 
0:32 Fri 24-08-07 <br/> 
1:09 Fri 24-08-07 <br/> 
18:29 Sat 25-08-07 <br/> 
18:29 Sat 25-08-07 <br/> 
19:44 Sat 25-08-07 <br/> 
20:48 Sat 25-08-07 <br/> 
20:48 Sat 25-08-07 <br/> 
21:18 Sat 25-08-07 <br/> 
1:58 Sun 26-08-07 <br/> 
14:57 Sun 26-08-07 <br/> 
23:27 Sun 26-08-07 <br/> 
23:27 Sun 26-08-07 <br/> 
4:24 Mon 27-08-07 <br/> 
15:41 Mon 27-08-07 <br/> 
15:44 Mon 27-08-07 <br/> 
5:09 Tue 28-08-07 <br/> 
5:28 Tue 28-08-07 <br/> 
7:57 Tue 28-08-07 <br/> 
18:30 Tue 28-08-07 <br/> 
18:40 Tue 28-08-07 <br/> 
18:40 Tue 28-08-07 <br/> 
19:16 Tue 28-08-07 <br/> 
19:28 Tue 28-08-07 <br/> 
2:52 Wed 29-08-07 <br/> 
3:17 Wed 29-08-07 <br/> 
8:47 Wed 29-08-07 <br/> 
0:01 Thu 30-08-07 <br/> 
0:29 Thu 30-08-07 <br/> 
0:29 Thu 30-08-07 <br/> 
0:29 Thu 30-08-07 <br/> 
0:30 Thu 30-08-07 <br/> 
11:28 Thu 30-08-07 <br/> 
15:36 Thu 30-08-07 <br/> 
18:56 Thu 30-08-07 <br/> 
14:16 Fri 31-08-07 <br/> 
14:52 Fri 31-08-07 <br/> 
14:52 Fri 31-08-07 <br/> 
14:52 Fri 31-08-07 <br/> 
14:52 Fri 31-08-07 <br/> 
14:52 Fri 31-08-07 <br/> 
14:52 Fri 31-08-07 <br/> 
14:53 Fri 31-08-07 <br/> 
14:53 Fri 31-08-07 <br/> 
14:53 Fri 31-08-07 <br/> 
14:53 Fri 31-08-07 <br/> 
14:54 Fri 31-08-07 <br/> 
14:54 Fri 31-08-07 <br/> 
14:54 Fri 31-08-07 <br/> 
14:54 Fri 31-08-07 <br/> 
14:54 Fri 31-08-07 <br/> 
14:54 Fri 31-08-07 <br/> 
2:33 Sat 01-09-07 <br/> 
14:11 Sun 02-09-07 <br/> 
14:47 Sun 02-09-07 <br/> 
14:47 Sun 02-09-07 <br/> 
14:47 Sun 02-09-07 <br/> 
14:47 Sun 02-09-07 <br/> 
14:48 Sun 02-09-07 <br/> 
14:48 Sun 02-09-07 <br/> 
11:30 Mon 03-09-07 <br/> 
5:21 Wed 05-09-07 <br/> 
6:15 Wed 05-09-07 <br/> 
6:45 Wed 05-09-07 <br/> 
9:00 Wed 05-09-07 <br/> 
11:20 Wed 05-09-07 <br/> 
11:21 Wed 05-09-07 <br/> 
4:26 Thu 06-09-07 <br/> 
0:47 Fri 07-09-07 <br/> 
1:05 Fri 07-09-07 <br/> 
10:33 Fri 07-09-07 <br/> 
19:14 Sat 08-09-07 <br/> 
19:32 Sun 09-09-07 <br/> 
10:22 Mon 10-09-07 <br/> 
10:23 Mon 10-09-07 <br/> 
11:38 Mon 10-09-07 <br/> 
19:12 Mon 10-09-07 <br/> 
19:14 Mon 10-09-07 <br/> 
20:06 Tue 11-09-07 <br/> 
12:53 Wed 12-09-07 <br/> 
20:07 Wed 12-09-07 <br/> 
0:06 Fri 14-09-07 <br/> 
7:31 Fri 14-09-07 <br/> 
7:31 Fri 14-09-07 <br/> 
7:31 Fri 14-09-07 <br/> 
7:31 Fri 14-09-07 <br/> 
7:31 Fri 14-09-07 <br/> 
7:31 Fri 14-09-07 <br/> 
7:31 Fri 14-09-07 <br/> 
7:31 Fri 14-09-07 <br/> 
7:31 Fri 14-09-07 <br/> 
7:31 Fri 14-09-07 <br/> 
7:31 Fri 14-09-07 <br/> 
7:31 Fri 14-09-07 <br/> 
15:27 Fri 14-09-07 <br/> 
17:38 Sat 15-09-07 <br/> 
0:26 Sun 16-09-07 <br/> 
0:26 Sun 16-09-07 <br/> 
19:48 Sun 16-09-07 <br/> 
17:30 Mon 17-09-07 <br/> 
2:58 Tue 18-09-07 <br/> 
11:46 Wed 19-09-07 <br/> 
19:16 Wed 19-09-07 <br/> 
23:47 Wed 19-09-07 <br/> 
6:34 Thu 20-09-07 <br/> 
21:52 Fri 21-09-07 <br/> 
21:53 Fri 21-09-07 <br/> 
23:19 Fri 21-09-07 <br/> 
16:10 Sat 22-09-07 <br/> 
16:11 Sat 22-09-07 <br/> 
16:11 Sat 22-09-07 <br/> 
16:11 Sat 22-09-07 <br/> 
16:11 Sat 22-09-07 <br/> 
16:12 Sat 22-09-07 <br/> 
16:12 Sat 22-09-07 <br/> 
16:12 Sat 22-09-07 <br/> 
16:12 Sat 22-09-07 <br/> 
16:12 Sat 22-09-07 <br/> 
16:12 Sat 22-09-07 <br/> 
16:12 Sat 22-09-07 <br/> 
16:13 Sat 22-09-07 <br/> 
16:13 Sat 22-09-07 <br/> 
16:13 Sat 22-09-07 <br/> 
16:13 Sat 22-09-07 <br/> 
16:13 Sat 22-09-07 <br/> 
16:13 Sat 22-09-07 <br/> 
16:13 Sat 22-09-07 <br/> 
16:13 Sat 22-09-07 <br/> 
16:17 Sat 22-09-07 <br/> 
16:17 Sat 22-09-07 <br/> 
16:17 Sat 22-09-07 <br/> 
16:17 Sat 22-09-07 <br/> 
16:17 Sat 22-09-07 <br/> 
16:17 Sat 22-09-07 <br/> 
16:18 Sat 22-09-07 <br/> 
16:18 Sat 22-09-07 <br/> 
16:18 Sat 22-09-07 <br/> 
17:10 Sat 22-09-07 <br/> 
7:25 Sun 23-09-07 <br/> 
7:25 Sun 23-09-07 <br/> 
7:26 Sun 23-09-07 <br/> 
7:27 Sun 23-09-07 <br/> 
7:28 Sun 23-09-07 <br/> 
7:28 Sun 23-09-07 <br/> 
2:42 Mon 24-09-07 <br/> 
20:29 Mon 24-09-07 <br/> 
20:31 Mon 24-09-07 <br/> 
7:36 Tue 25-09-07 <br/> 
17:38 Tue 25-09-07 <br/> 
17:43 Tue 25-09-07 <br/> 
23:09 Tue 25-09-07 <br/> 
23:39 Tue 25-09-07 <br/> 
23:39 Tue 25-09-07 <br/> 
23:39 Tue 25-09-07 <br/> 
17:51 Wed 26-09-07 <br/> 
0:16 Fri 28-09-07 <br/> 
11:10 Mon 01-10-07 <br/> 
11:11 Mon 01-10-07 <br/> 
11:12 Mon 01-10-07 <br/> 
11:12 Mon 01-10-07 <br/> 
11:12 Mon 01-10-07 <br/> 
11:12 Mon 01-10-07 <br/> 
11:12 Mon 01-10-07 <br/> 
11:12 Mon 01-10-07 <br/> 
11:13 Mon 01-10-07 <br/> 
11:13 Mon 01-10-07 <br/> 
11:13 Mon 01-10-07 <br/> 
11:13 Mon 01-10-07 <br/> 
11:13 Mon 01-10-07 <br/> 
11:13 Mon 01-10-07 <br/> 
11:13 Mon 01-10-07 <br/> 
11:13 Mon 01-10-07 <br/> 
11:13 Mon 01-10-07 <br/> 
11:14 Mon 01-10-07 <br/> 
11:14 Mon 01-10-07 <br/> 
8:38 Tue 02-10-07 <br/> 
15:37 Tue 02-10-07 <br/> 
0:04 Wed 03-10-07 <br/> 
13:18 Wed 03-10-07 <br/> 
13:18 Wed 03-10-07 <br/> 
13:18 Wed 03-10-07 <br/> 
13:18 Wed 03-10-07 <br/> 
13:18 Wed 03-10-07 <br/> 
13:18 Wed 03-10-07 <br/> 
13:19 Wed 03-10-07 <br/> 
13:19 Wed 03-10-07 <br/> 
13:19 Wed 03-10-07 <br/> 
13:19 Wed 03-10-07 <br/> 
13:19 Wed 03-10-07 <br/> 
13:19 Wed 03-10-07 <br/> 
13:20 Wed 03-10-07 <br/> 
13:20 Wed 03-10-07 <br/> 
13:20 Wed 03-10-07 <br/> 
13:20 Wed 03-10-07 <br/> 
13:20 Wed 03-10-07 <br/> 
13:20 Wed 03-10-07 <br/> 
13:20 Wed 03-10-07 <br/> 
15:02 Wed 03-10-07 <br/> 
16:02 Wed 03-10-07 <br/> 
15:10 Thu 04-10-07 <br/> 
18:57 Thu 04-10-07 <br/> 
18:58 Thu 04-10-07 <br/> 
18:58 Thu 04-10-07 <br/> 
18:58 Thu 04-10-07 <br/> 
18:58 Thu 04-10-07 <br/> 
18:59 Thu 04-10-07 <br/> 
18:59 Thu 04-10-07 <br/> 
19:05 Thu 04-10-07 <br/> 
0:08 Fri 05-10-07 <br/> 
17:40 Fri 05-10-07 <br/> 
17:40 Fri 05-10-07 <br/> 
17:40 Fri 05-10-07 <br/> 
17:41 Fri 05-10-07 <br/> 
17:41 Fri 05-10-07 <br/> 
17:41 Fri 05-10-07 <br/> 
17:41 Fri 05-10-07 <br/> 
17:41 Fri 05-10-07 <br/> 
17:41 Fri 05-10-07 <br/> 
17:41 Fri 05-10-07 <br/> 
17:41 Fri 05-10-07 <br/> 
17:41 Fri 05-10-07 <br/> 
17:41 Fri 05-10-07 <br/> 
17:41 Fri 05-10-07 <br/> 
23:22 Sat 06-10-07 <br/> 
23:23 Sat 06-10-07 <br/> 
23:23 Sat 06-10-07 <br/> 
23:23 Sat 06-10-07 <br/> 
23:23 Sat 06-10-07 <br/> 
23:23 Sat 06-10-07 <br/> 
23:23 Sat 06-10-07 <br/> 
23:24 Sat 06-10-07 <br/> 
23:24 Sat 06-10-07 <br/> 
23:24 Sat 06-10-07 <br/> 
1:00 Sun 07-10-07 <br/> 
1:01 Sun 07-10-07 <br/> 
1:01 Sun 07-10-07 <br/> 
1:01 Sun 07-10-07 <br/> 
1:01 Sun 07-10-07 <br/> 
1:02 Sun 07-10-07 <br/> 
1:02 Sun 07-10-07 <br/> 
1:02 Sun 07-10-07 <br/> 
1:02 Sun 07-10-07 <br/> 
1:02 Sun 07-10-07 <br/> 
4:48 Sun 07-10-07 <br/> 
4:49 Sun 07-10-07 <br/> 
4:50 Sun 07-10-07 <br/> 
4:50 Sun 07-10-07 <br/> 
4:50 Sun 07-10-07 <br/> 
21:59 Sun 07-10-07 <br/> 
3:46 Mon 08-10-07 <br/> 
4:27 Mon 08-10-07 <br/> 
1:11 Tue 09-10-07 <br/> 
1:11 Tue 09-10-07 <br/> 
16:25 Tue 09-10-07 <br/> 
14:43 Wed 10-10-07 <br/> 
14:44 Wed 10-10-07 <br/> 
0:23 Thu 11-10-07 <br/> 
3:09 Thu 11-10-07 <br/> 
8:44 Thu 11-10-07 <br/> 
14:44 Thu 11-10-07 <br/> 
16:14 Thu 11-10-07 <br/> 
18:49 Thu 11-10-07 <br/> 
18:49 Thu 11-10-07 <br/> 
18:49 Thu 11-10-07 <br/> 
18:50 Thu 11-10-07 <br/> 
23:45 Thu 11-10-07 <br/> 
16:53 Fri 12-10-07 <br/> 
21:43 Fri 12-10-07 <br/> 
0:47 Sat 13-10-07 <br/> 
12:14 Sat 13-10-07 <br/> 
1:54 Mon 15-10-07 <br/> 
14:37 Mon 15-10-07 <br/> 
14:38 Mon 15-10-07 <br/> 
14:39 Mon 15-10-07 <br/> 
15:36 Mon 15-10-07 <br/> 
15:36 Mon 15-10-07 <br/> 
15:36 Mon 15-10-07 <br/> 
19:18 Mon 15-10-07 <br/> 
23:56 Mon 15-10-07 <br/> 
2:11 Tue 16-10-07 <br/> 
23:58 Tue 16-10-07 <br/> 
16:47 Wed 17-10-07 <br/> 
16:48 Wed 17-10-07 <br/> 
0:29 Thu 18-10-07 <br/> 
8:44 Thu 18-10-07 <br/> 
23:02 Thu 18-10-07 <br/> 
23:02 Thu 18-10-07 <br/> 
23:03 Thu 18-10-07 <br/> 
23:03 Thu 18-10-07 <br/> 
23:03 Thu 18-10-07 <br/> 
23:04 Thu 18-10-07 <br/> 
23:04 Thu 18-10-07 <br/> 
23:04 Thu 18-10-07 <br/> 
23:04 Thu 18-10-07 <br/> 
23:04 Thu 18-10-07 <br/> 
23:04 Thu 18-10-07 <br/> 
23:04 Thu 18-10-07 <br/> 
23:04 Thu 18-10-07 <br/> 
23:04 Thu 18-10-07 <br/> 
23:04 Thu 18-10-07 <br/> 
23:04 Thu 18-10-07 <br/> 
23:17 Thu 18-10-07 <br/> 
23:17 Thu 18-10-07 <br/> 
23:17 Thu 18-10-07 <br/> 
23:17 Thu 18-10-07 <br/> 
23:21 Thu 18-10-07 <br/> 
8:41 Fri 19-10-07 <br/> 
21:19 Fri 19-10-07 <br/> 
21:19 Fri 19-10-07 <br/> 
21:20 Fri 19-10-07 <br/> 
21:20 Fri 19-10-07 <br/> 
12:21 Sat 20-10-07 <br/> 
14:11 Sat 20-10-07 <br/> 
14:44 Sat 20-10-07 <br/> 
14:44 Sat 20-10-07 <br/> 
14:44 Sat 20-10-07 <br/> 
14:44 Sat 20-10-07 <br/> 
15:13 Sat 20-10-07 <br/> 
2:55 Sun 21-10-07 <br/> 
1:43 Mon 22-10-07 <br/> 
14:57 Mon 22-10-07 <br/> 
14:57 Mon 22-10-07 <br/> 
14:58 Mon 22-10-07 <br/> 
15:05 Mon 22-10-07 <br/> 
0:25 Tue 23-10-07 <br/> 
11:23 Tue 23-10-07 <br/> 
0:07 Wed 24-10-07 <br/> 
23:56 Wed 24-10-07 <br/> 
16:17 Thu 25-10-07 <br/> 
16:17 Thu 25-10-07 <br/> 
19:59 Thu 25-10-07 <br/> 
20:00 Thu 25-10-07 <br/> 
0:23 Fri 26-10-07 <br/> 
4:24 Fri 26-10-07 <br/> 
8:43 Fri 26-10-07 <br/> 
4:01 Sat 27-10-07 <br/> 
2:23 Sun 28-10-07 <br/> 
2:23 Sun 28-10-07 <br/> 
2:24 Sun 28-10-07 <br/> 
2:24 Sun 28-10-07 <br/> 
2:24 Sun 28-10-07 <br/> 
2:24 Sun 28-10-07 <br/> 
2:24 Sun 28-10-07 <br/> 
2:24 Sun 28-10-07 <br/> 
2:24 Sun 28-10-07 <br/> 
2:24 Sun 28-10-07 <br/> 
2:25 Sun 28-10-07 <br/> 
2:26 Sun 28-10-07 <br/> 
2:26 Sun 28-10-07 <br/> 
2:28 Sun 28-10-07 <br/> 
2:29 Sun 28-10-07 <br/> 
2:29 Sun 28-10-07 <br/> 
2:30 Sun 28-10-07 <br/> 
2:32 Sun 28-10-07 <br/> 
2:32 Sun 28-10-07 <br/> 
4:59 Mon 29-10-07 <br/> 
10:29 Mon 29-10-07 <br/> 
10:29 Mon 29-10-07 <br/> 
10:29 Mon 29-10-07 <br/> 
10:29 Mon 29-10-07 <br/> 
22:44 Mon 29-10-07 <br/> 
22:44 Mon 29-10-07 <br/> 
22:45 Mon 29-10-07 <br/> 
22:45 Mon 29-10-07 <br/> 
22:45 Mon 29-10-07 <br/> 
22:45 Mon 29-10-07 <br/> 
22:45 Mon 29-10-07 <br/> 
22:45 Mon 29-10-07 <br/> 
22:45 Mon 29-10-07 <br/> 
22:45 Mon 29-10-07 <br/> 
22:45 Mon 29-10-07 <br/> 
22:45 Mon 29-10-07 <br/> 
22:45 Mon 29-10-07 <br/> 
22:45 Mon 29-10-07 <br/> 
22:46 Mon 29-10-07 <br/> 
22:46 Mon 29-10-07 <br/> 
22:46 Mon 29-10-07 <br/> 
2:28 Tue 30-10-07 <br/> 
23:56 Tue 30-10-07 <br/> 
20:00 Wed 31-10-07 <br/> 
5:43 Thu 01-11-07 <br/> 
9:43 Thu 01-11-07 <br/> 
7:45 Fri 02-11-07 <br/> 
7:46 Fri 02-11-07 <br/> 
8:59 Fri 02-11-07 <br/> 
11:56 Sat 03-11-07 <br/> 
11:58 Sat 03-11-07 <br/> 
11:58 Sat 03-11-07 <br/> 
11:58 Sat 03-11-07 <br/> 
11:59 Sat 03-11-07 <br/> 
11:59 Sat 03-11-07 <br/> 
11:59 Sat 03-11-07 <br/> 
19:58 Sat 03-11-07 <br/> 
19:58 Sat 03-11-07 <br/> 
19:58 Sat 03-11-07 <br/> 
19:58 Sat 03-11-07 <br/> 
19:58 Sat 03-11-07 <br/> 
19:58 Sat 03-11-07 <br/> 
19:58 Sat 03-11-07 <br/> 
19:58 Sat 03-11-07 <br/> 
19:58 Sat 03-11-07 <br/> 
19:58 Sat 03-11-07 <br/> 
19:58 Sat 03-11-07 <br/> 
19:58 Sat 03-11-07 <br/> 
19:58 Sat 03-11-07 <br/> 
19:58 Sat 03-11-07 <br/> 
19:58 Sat 03-11-07 <br/> 
19:58 Sat 03-11-07 <br/> 
19:58 Sat 03-11-07 <br/> 
19:58 Sat 03-11-07 <br/> 
19:58 Sat 03-11-07 <br/> 
19:58 Sat 03-11-07 <br/> 
19:58 Sat 03-11-07 <br/> 
19:59 Sat 03-11-07 <br/> 
19:59 Sat 03-11-07 <br/> 
19:59 Sat 03-11-07 <br/> 
19:59 Sat 03-11-07 <br/> 
19:59 Sat 03-11-07 <br/> 
19:59 Sat 03-11-07 <br/> 
19:59 Sat 03-11-07 <br/> 
19:59 Sat 03-11-07 <br/> 
19:59 Sat 03-11-07 <br/> 
19:59 Sat 03-11-07 <br/> 
19:59 Sat 03-11-07 <br/> 
19:59 Sat 03-11-07 <br/> 
19:59 Sat 03-11-07 <br/> 
19:59 Sat 03-11-07 <br/> 
19:59 Sat 03-11-07 <br/> 
19:59 Sat 03-11-07 <br/> 
1:37 Mon 05-11-07 <br/> 
5:44 Mon 05-11-07 <br/> 
0:09 Tue 06-11-07 <br/> 
6:14 Tue 06-11-07 <br/> 
6:29 Tue 06-11-07 <br/> 
14:25 Wed 07-11-07 <br/> 
23:54 Wed 07-11-07 <br/> 
3:14 Thu 08-11-07 <br/> 
5:32 Thu 08-11-07 <br/> 
16:18 Thu 08-11-07 <br/> 
0:52 Fri 09-11-07 <br/> 
6:04 Fri 09-11-07 <br/> 
7:47 Fri 09-11-07 <br/> 
12:09 Fri 09-11-07 <br/> 
19:26 Fri 09-11-07 <br/> 
19:26 Fri 09-11-07 <br/> 
19:26 Fri 09-11-07 <br/> 
19:27 Fri 09-11-07 <br/> 
19:27 Fri 09-11-07 <br/> 
19:27 Fri 09-11-07 <br/> 
4:27 Sat 10-11-07 <br/> 
5:00 Sat 10-11-07 <br/> 
5:00 Sat 10-11-07 <br/> 
5:00 Sat 10-11-07 <br/> 
5:01 Sat 10-11-07 <br/> 
13:52 Sat 10-11-07 <br/> 
7:42 Sun 11-11-07 <br/> 
7:42 Sun 11-11-07 <br/> 
7:43 Sun 11-11-07 <br/> 
9:25 Sun 11-11-07 <br/> 
9:26 Sun 11-11-07 <br/> 
9:44 Sun 11-11-07 <br/> 
9:44 Sun 11-11-07 <br/> 
10:20 Sun 11-11-07 <br/> 
12:03 Sun 11-11-07 <br/> 
15:41 Sun 11-11-07 <br/> 
16:38 Sun 11-11-07 <br/> 
21:43 Sun 11-11-07 <br/> 
7:59 Mon 12-11-07 <br/> 
7:59 Mon 12-11-07 <br/> 
0:15 Tue 13-11-07 <br/> 
2:40 Tue 13-11-07 <br/> 
2:40 Tue 13-11-07 <br/> 
11:44 Tue 13-11-07 <br/> 
11:45 Tue 13-11-07 <br/> 
11:46 Tue 13-11-07 <br/> 
11:46 Tue 13-11-07 <br/> 
18:29 Tue 13-11-07 <br/> 
18:29 Tue 13-11-07 <br/> 
18:29 Tue 13-11-07 <br/> 
18:29 Tue 13-11-07 <br/> 
0:07 Thu 15-11-07 <br/> 
18:28 Thu 15-11-07 <br/> 
21:50 Thu 15-11-07 <br/> 
7:50 Fri 16-11-07 <br/> 
8:10 Fri 16-11-07 <br/> 
5:57 Sun 18-11-07 <br/> 
20:05 Sun 18-11-07 <br/> 
22:00 Sun 18-11-07 <br/> 
10:28 Mon 19-11-07 <br/> 
10:28 Mon 19-11-07 <br/> 
10:29 Mon 19-11-07 <br/> 
10:29 Mon 19-11-07 <br/> 
10:29 Mon 19-11-07 <br/> 
10:29 Mon 19-11-07 <br/> 
10:29 Mon 19-11-07 <br/> 
10:29 Mon 19-11-07 <br/> 
10:30 Mon 19-11-07 <br/> 
21:16 Mon 19-11-07 <br/> 
21:16 Mon 19-11-07 <br/> 
0:33 Tue 20-11-07 <br/> 
5:01 Tue 20-11-07 <br/> 
10:18 Tue 20-11-07 <br/> 
15:33 Tue 20-11-07 <br/> 
18:19 Tue 20-11-07 <br/> 
21:13 Tue 20-11-07 <br/> 
0:01 Wed 21-11-07 <br/> 
0:01 Wed 21-11-07 <br/> 
0:03 Wed 21-11-07 <br/> 
0:03 Wed 21-11-07 <br/> 
0:03 Wed 21-11-07 <br/> 
0:03 Wed 21-11-07 <br/> 
0:05 Wed 21-11-07 <br/> 
0:05 Wed 21-11-07 <br/> 
0:05 Wed 21-11-07 <br/> 
0:15 Wed 21-11-07 <br/> 
6:51 Wed 21-11-07 <br/> 
9:53 Wed 21-11-07 <br/> 
9:54 Wed 21-11-07 <br/> 
9:54 Wed 21-11-07 <br/> 
9:55 Wed 21-11-07 <br/> 
15:11 Wed 21-11-07 <br/> 
18:32 Wed 21-11-07 <br/> 
18:32 Wed 21-11-07 <br/> 
18:32 Wed 21-11-07 <br/> 
20:14 Wed 21-11-07 <br/> 
20:22 Wed 21-11-07 <br/> 
0:15 Thu 22-11-07 <br/> 
3:52 Thu 22-11-07 <br/> 
0:42 Fri 23-11-07 <br/> 
17:47 Fri 23-11-07 <br/> 
0:00 Sat 24-11-07 <br/> 
0:36 Sat 24-11-07 <br/> 
0:36 Sat 24-11-07 <br/> 
0:36 Sat 24-11-07 <br/> 
0:37 Sat 24-11-07 <br/> 
10:44 Sat 24-11-07 <br/> 
11:41 Sun 25-11-07 <br/> 
11:41 Sun 25-11-07 <br/> 
3:40 Mon 26-11-07 <br/> 
4:08 Mon 26-11-07 <br/> 
4:08 Mon 26-11-07 <br/> 
4:08 Mon 26-11-07 <br/> 
4:10 Mon 26-11-07 <br/> 
18:05 Mon 26-11-07 <br/> 
0:46 Tue 27-11-07 <br/> 
15:43 Tue 27-11-07 <br/> 
15:43 Tue 27-11-07 <br/> 
0:44 Wed 28-11-07 <br/> 
0:24 Thu 29-11-07 <br/> 
0:31 Thu 29-11-07 <br/> 
2:11 Thu 29-11-07 <br/> 
0:06 Fri 30-11-07 <br/> 
1:45 Fri 30-11-07 <br/> 
17:48 Fri 30-11-07 <br/> 
17:53 Fri 30-11-07 <br/> 
17:54 Fri 30-11-07 <br/> 
20:34 Fri 30-11-07 <br/> 
0:44 Sat 01-12-07 <br/> 
12:52 Sat 01-12-07 <br/> 
12:53 Sat 01-12-07 <br/> 
12:53 Sat 01-12-07 <br/> 
17:08 Sat 01-12-07 <br/> 
17:36 Sat 01-12-07 <br/> 
2:54 Sun 02-12-07 <br/> 
2:54 Sun 02-12-07 <br/> 
2:54 Sun 02-12-07 <br/> 
2:54 Sun 02-12-07 <br/> 
2:55 Sun 02-12-07 <br/> 
4:01 Sun 02-12-07 <br/> 
7:30 Sun 02-12-07 <br/> 
7:50 Sun 02-12-07 <br/> 
17:53 Sun 02-12-07 <br/> 
17:54 Sun 02-12-07 <br/> 
17:55 Sun 02-12-07 <br/> 
17:55 Sun 02-12-07 <br/> 
21:26 Sun 02-12-07 <br/> 
21:26 Sun 02-12-07 <br/> 
11:27 Mon 03-12-07 <br/> 
11:27 Mon 03-12-07 <br/> 
11:28 Mon 03-12-07 <br/> 
11:28 Mon 03-12-07 <br/> 
11:29 Mon 03-12-07 <br/> 
11:29 Mon 03-12-07 <br/> 
11:29 Mon 03-12-07 <br/> 
11:29 Mon 03-12-07 <br/> 
11:29 Mon 03-12-07 <br/> 
11:29 Mon 03-12-07 <br/> 
11:30 Mon 03-12-07 <br/> 
11:30 Mon 03-12-07 <br/> 
11:30 Mon 03-12-07 <br/> 
11:30 Mon 03-12-07 <br/> 
11:30 Mon 03-12-07 <br/> 
11:30 Mon 03-12-07 <br/> 
11:31 Mon 03-12-07 <br/> 
11:31 Mon 03-12-07 <br/> 
11:31 Mon 03-12-07 <br/> 
11:31 Mon 03-12-07 <br/> 
11:36 Mon 03-12-07 <br/> 
11:36 Mon 03-12-07 <br/> 
15:59 Mon 03-12-07 <br/> 
15:59 Mon 03-12-07 <br/> 
16:00 Mon 03-12-07 <br/> 
16:00 Mon 03-12-07 <br/> 
18:30 Mon 03-12-07 <br/> 
19:43 Mon 03-12-07 <br/> 
20:56 Mon 03-12-07 <br/> 
20:56 Mon 03-12-07 <br/> 
20:56 Mon 03-12-07 <br/> 
20:56 Mon 03-12-07 <br/> 
20:57 Mon 03-12-07 <br/> 
22:23 Mon 03-12-07 <br/> 
0:45 Tue 04-12-07 <br/> 
4:58 Tue 04-12-07 <br/> 
4:58 Tue 04-12-07 <br/> 
4:58 Tue 04-12-07 <br/> 
4:59 Tue 04-12-07 <br/> 
6:48 Tue 04-12-07 <br/> 
6:48 Tue 04-12-07 <br/> 
6:49 Tue 04-12-07 <br/> 
6:49 Tue 04-12-07 <br/> 
6:50 Tue 04-12-07 <br/> 
6:50 Tue 04-12-07 <br/> 
6:51 Tue 04-12-07 <br/> 
18:59 Tue 04-12-07 <br/> 
23:38 Tue 04-12-07 <br/> 
2:18 Wed 05-12-07 <br/> 
2:18 Wed 05-12-07 <br/> 
2:19 Wed 05-12-07 <br/> 
7:52 Wed 05-12-07 <br/> 
12:53 Wed 05-12-07 <br/> 
12:54 Wed 05-12-07 <br/> 
13:13 Wed 05-12-07 <br/> 
15:35 Wed 05-12-07 <br/> 
19:06 Thu 06-12-07 <br/> 
21:20 Thu 06-12-07 <br/> 
21:21 Thu 06-12-07 <br/> 
21:48 Thu 06-12-07 <br/> 
23:37 Thu 06-12-07 <br/> 
0:08 Fri 07-12-07 <br/> 
0:58 Fri 07-12-07 <br/> 
12:08 Fri 07-12-07 <br/> 
13:54 Fri 07-12-07 <br/> 
16:47 Fri 07-12-07 <br/> 
16:47 Fri 07-12-07 <br/> 
16:47 Fri 07-12-07 <br/> 
16:48 Fri 07-12-07 <br/> 
16:48 Fri 07-12-07 <br/> 
17:50 Fri 07-12-07 <br/> 
18:18 Fri 07-12-07 <br/> 
18:19 Fri 07-12-07 <br/> 
18:19 Fri 07-12-07 <br/> 
18:20 Fri 07-12-07 <br/> 
18:20 Fri 07-12-07 <br/> 
18:20 Fri 07-12-07 <br/> 
18:20 Fri 07-12-07 <br/> 
19:06 Fri 07-12-07 <br/> 
19:10 Fri 07-12-07 <br/> 
21:04 Fri 07-12-07 <br/> 
23:19 Fri 07-12-07 <br/> 
23:20 Fri 07-12-07 <br/> 
23:20 Fri 07-12-07 <br/> 
23:21 Fri 07-12-07 <br/> 
13:24 Sat 08-12-07 <br/> 
19:26 Sat 08-12-07 <br/> 
19:27 Sat 08-12-07 <br/> 
19:28 Sat 08-12-07 <br/> 
19:28 Sat 08-12-07 <br/> 
19:28 Sat 08-12-07 <br/> 
23:16 Sat 08-12-07 <br/> 
9:52 Sun 09-12-07 <br/> 
9:52 Sun 09-12-07 <br/> 
12:01 Sun 09-12-07 <br/> 
12:07 Sun 09-12-07 <br/> 
19:31 Sun 09-12-07 <br/> 
4:18 Mon 10-12-07 <br/> 
17:10 Mon 10-12-07 <br/> 
20:18 Mon 10-12-07 <br/> 
20:19 Mon 10-12-07 <br/> 
0:07 Tue 11-12-07 <br/> 
7:18 Tue 11-12-07 <br/> 
9:22 Tue 11-12-07 <br/> 
13:02 Tue 11-12-07 <br/> 
13:21 Tue 11-12-07 <br/> 
13:24 Tue 11-12-07 <br/> 
13:26 Tue 11-12-07 <br/> 
13:26 Tue 11-12-07 <br/> 
13:28 Tue 11-12-07 <br/> 
15:44 Tue 11-12-07 <br/> 
19:58 Tue 11-12-07 <br/> 
0:14 Wed 12-12-07 <br/> 
1:02 Wed 12-12-07 <br/> 
3:39 Wed 12-12-07 <br/> 
22:29 Wed 12-12-07 <br/> 
0:42 Thu 13-12-07 <br/> 
13:23 Thu 13-12-07 <br/> 
19:13 Thu 13-12-07 <br/> 
21:22 Thu 13-12-07 <br/> 
21:22 Thu 13-12-07 <br/> 
21:23 Thu 13-12-07 <br/> 
1:11 Fri 14-12-07 <br/> 
12:55 Fri 14-12-07 <br/> 
13:01 Fri 14-12-07 <br/> 
18:29 Fri 14-12-07 <br/> 
4:27 Sat 15-12-07 <br/> 
16:31 Sat 15-12-07 <br/> 
22:33 Sat 15-12-07 <br/> 
22:33 Sat 15-12-07 <br/> 
22:34 Sat 15-12-07 <br/> 
22:36 Sat 15-12-07 <br/> 
22:36 Sat 15-12-07 <br/> 
22:36 Sat 15-12-07 <br/> 
22:36 Sat 15-12-07 <br/> 
23:02 Sat 15-12-07 <br/> 
1:21 Sun 16-12-07 <br/> 
1:21 Sun 16-12-07 <br/> 
1:21 Sun 16-12-07 <br/> 
1:21 Sun 16-12-07 <br/> 
1:21 Sun 16-12-07 <br/> 
3:35 Sun 16-12-07 <br/> 
8:18 Sun 16-12-07 <br/> 
14:16 Sun 16-12-07 <br/> 
18:08 Sun 16-12-07 <br/> 
2:54 Mon 17-12-07 <br/> 
2:54 Mon 17-12-07 <br/> 
4:35 Mon 17-12-07 <br/> 
5:55 Mon 17-12-07 <br/> 
5:55 Mon 17-12-07 <br/> 
5:55 Mon 17-12-07 <br/> 
5:55 Mon 17-12-07 <br/> 
9:55 Mon 17-12-07 <br/> 
12:45 Mon 17-12-07 <br/> 
12:52 Mon 17-12-07 <br/> 
14:05 Mon 17-12-07 <br/> 
0:08 Tue 18-12-07 <br/> 
3:09 Tue 18-12-07 <br/> 
0:14 Wed 19-12-07 <br/> 
0:33 Wed 19-12-07 <br/> 
0:57 Wed 19-12-07 <br/> 
9:55 Wed 19-12-07 <br/> 
12:42 Wed 19-12-07 <br/> 
17:13 Wed 19-12-07 <br/> 
0:43 Thu 20-12-07 <br/> 
5:01 Thu 20-12-07 <br/> 
16:36 Thu 20-12-07 <br/> 
16:37 Thu 20-12-07 <br/> 
16:37 Thu 20-12-07 <br/> 
16:37 Thu 20-12-07 <br/> 
16:37 Thu 20-12-07 <br/> 
16:54 Thu 20-12-07 <br/> 
17:09 Thu 20-12-07 <br/> 
17:11 Thu 20-12-07 <br/> 
17:11 Thu 20-12-07 <br/> 
17:17 Thu 20-12-07 <br/> 
18:29 Thu 20-12-07 <br/> 
18:29 Thu 20-12-07 <br/> 
18:30 Thu 20-12-07 <br/> 
18:30 Thu 20-12-07 <br/> 
18:31 Thu 20-12-07 <br/> 
18:31 Thu 20-12-07 <br/> 
19:51 Thu 20-12-07 <br/> 
19:52 Thu 20-12-07 <br/> 
20:44 Thu 20-12-07 <br/> 
20:45 Thu 20-12-07 <br/> 
22:35 Thu 20-12-07 <br/> 
0:39 Fri 21-12-07 <br/> 
9:05 Fri 21-12-07 <br/> 
13:34 Fri 21-12-07 <br/> 
14:55 Fri 21-12-07 <br/> 
14:55 Fri 21-12-07 <br/> 
14:56 Fri 21-12-07 <br/> 
14:56 Fri 21-12-07 <br/> 
17:14 Fri 21-12-07 <br/> 
18:30 Fri 21-12-07 <br/> 
11:07 Sat 22-12-07 <br/> 
19:10 Sat 22-12-07 <br/> 
19:48 Sat 22-12-07 <br/> 
19:49 Sat 22-12-07 <br/> 
5:23 Sun 23-12-07 <br/> 
5:23 Sun 23-12-07 <br/> 
8:39 Sun 23-12-07 <br/> 
8:39 Sun 23-12-07 <br/> 
8:39 Sun 23-12-07 <br/> 
9:04 Sun 23-12-07 <br/> 
9:04 Sun 23-12-07 <br/> 
9:04 Sun 23-12-07 <br/> 
9:04 Sun 23-12-07 <br/> 
13:26 Sun 23-12-07 <br/> 
13:26 Sun 23-12-07 <br/> 
13:27 Sun 23-12-07 <br/> 
13:28 Sun 23-12-07 <br/> 
13:28 Sun 23-12-07 <br/> 
13:28 Sun 23-12-07 <br/> 
13:28 Sun 23-12-07 <br/> 
13:29 Sun 23-12-07 <br/> 
21:53 Sun 23-12-07 <br/> 
21:54 Sun 23-12-07 <br/> 
21:54 Sun 23-12-07 <br/> 
21:55 Sun 23-12-07 <br/> 
21:55 Sun 23-12-07 <br/> 
21:55 Sun 23-12-07 <br/> 
21:55 Sun 23-12-07 <br/> 
21:55 Sun 23-12-07 <br/> 
8:53 Mon 24-12-07 <br/> 
17:27 Mon 24-12-07 <br/> 
17:29 Mon 24-12-07 <br/> 
22:33 Mon 24-12-07 <br/> 
0:09 Tue 25-12-07 <br/> 
2:25 Tue 25-12-07 <br/> 
3:17 Tue 25-12-07 <br/> 
3:17 Tue 25-12-07 <br/> 
3:17 Tue 25-12-07 <br/> 
3:19 Tue 25-12-07 <br/> 
5:13 Tue 25-12-07 <br/> 
8:27 Tue 25-12-07 <br/> 
8:27 Tue 25-12-07 <br/> 
8:28 Tue 25-12-07 <br/> 
8:28 Tue 25-12-07 <br/> 
10:31 Tue 25-12-07 <br/> 
1:17 Wed 26-12-07 <br/> 
1:28 Wed 26-12-07 <br/> 
1:29 Wed 26-12-07 <br/> 
1:29 Wed 26-12-07 <br/> 
1:48 Wed 26-12-07 <br/> 
2:38 Wed 26-12-07 <br/> 
11:20 Wed 26-12-07 <br/> 
11:21 Wed 26-12-07 <br/> 
22:55 Wed 26-12-07 <br/> 
22:56 Wed 26-12-07 <br/> 
22:56 Wed 26-12-07 <br/> 
22:56 Wed 26-12-07 <br/> 
2:41 Thu 27-12-07 <br/> 
6:04 Thu 27-12-07 <br/> 
6:04 Thu 27-12-07 <br/> 
6:04 Thu 27-12-07 <br/> 
6:04 Thu 27-12-07 <br/> 
6:22 Thu 27-12-07 <br/> 
9:40 Thu 27-12-07 <br/> 
14:06 Thu 27-12-07 <br/> 
14:06 Thu 27-12-07 <br/> 
14:06 Thu 27-12-07 <br/> 
14:06 Thu 27-12-07 <br/> 
14:06 Thu 27-12-07 <br/> 
14:47 Thu 27-12-07 <br/> 
14:47 Thu 27-12-07 <br/> 
14:47 Thu 27-12-07 <br/> 
17:25 Thu 27-12-07 <br/> 
17:27 Thu 27-12-07 <br/> 
17:28 Thu 27-12-07 <br/> 
20:25 Thu 27-12-07 <br/> 
21:31 Thu 27-12-07 <br/> 
11:00 Fri 28-12-07 <br/> 
13:55 Fri 28-12-07 <br/> 
13:55 Fri 28-12-07 <br/> 
13:55 Fri 28-12-07 <br/> 
13:55 Fri 28-12-07 <br/> 
13:55 Fri 28-12-07 <br/> 
15:14 Fri 28-12-07 <br/> 
18:32 Fri 28-12-07 <br/> 
7:58 Sat 29-12-07 <br/> 
10:03 Sat 29-12-07 <br/> 
10:03 Sat 29-12-07 <br/> 
14:08 Sat 29-12-07 <br/> 
18:37 Sat 29-12-07 <br/> 
1:17 Sun 30-12-07 <br/> 
14:52 Sun 30-12-07 <br/> 
14:52 Sun 30-12-07 <br/> 
17:22 Mon 31-12-07 <br/> 
17:26 Mon 31-12-07 <br/> 
17:38 Mon 31-12-07 <br/> 
4:46 Tue 01-01-08 <br/> 
7:51 Tue 01-01-08 <br/> 
13:56 Tue 01-01-08 <br/> 
21:15 Tue 01-01-08 <br/> 
21:19 Tue 01-01-08 <br/> 
21:55 Tue 01-01-08 <br/> 
23:49 Wed 02-01-08 <br/> 
23:49 Wed 02-01-08 <br/> 
23:49 Wed 02-01-08 <br/> 
23:49 Wed 02-01-08 <br/> 
23:49 Wed 02-01-08 <br/> 
23:50 Wed 02-01-08 <br/> 
23:50 Wed 02-01-08 <br/> 
23:50 Wed 02-01-08 <br/> 
0:43 Thu 03-01-08 <br/> 
8:11 Thu 03-01-08 <br/> 
14:51 Thu 03-01-08 <br/> 
14:51 Thu 03-01-08 <br/> 
14:51 Thu 03-01-08 <br/> 
14:51 Thu 03-01-08 <br/> 
15:19 Thu 03-01-08 <br/> 
15:28 Thu 03-01-08 <br/> 
15:28 Thu 03-01-08 <br/> 
15:29 Thu 03-01-08 <br/> 
15:29 Thu 03-01-08 <br/> 
15:56 Thu 03-01-08 <br/> 
15:56 Thu 03-01-08 <br/> 
15:56 Thu 03-01-08 <br/> 
1:11 Fri 04-01-08 <br/> 
1:11 Fri 04-01-08 <br/> 
1:11 Fri 04-01-08 <br/> 
1:11 Fri 04-01-08 <br/> 
1:11 Fri 04-01-08 <br/> 
9:32 Fri 04-01-08 <br/> 
17:27 Fri 04-01-08 <br/> 
18:04 Fri 04-01-08 <br/> 
18:34 Fri 04-01-08 <br/> 
1:33 Sat 05-01-08 <br/> 
1:33 Sat 05-01-08 <br/> 
1:33 Sat 05-01-08 <br/> 
1:33 Sat 05-01-08 <br/> 
