17:00 Wed 31-12-69 <br/> 
16:31 Fri 24-07-09 <br/> 
19:46 Fri 24-07-09 <br/> 
21:30 Fri 24-07-09 <br/> 
5:12 Sat 25-07-09 <br/> 
7:14 Sat 25-07-09 <br/> 
15:58 Sat 25-07-09 <br/> 
5:18 Sun 26-07-09 <br/> 
7:21 Sun 26-07-09 <br/> 
11:14 Sun 26-07-09 <br/> 
16:40 Sun 26-07-09 <br/> 
17:25 Sun 26-07-09 <br/> 
18:50 Sun 26-07-09 <br/> 
5:36 Mon 27-07-09 <br/> 
17:13 Mon 27-07-09 <br/> 
0:11 Tue 28-07-09 <br/> 
1:44 Tue 28-07-09 <br/> 
2:16 Tue 28-07-09 <br/> 
6:39 Tue 28-07-09 <br/> 
8:46 Tue 28-07-09 <br/> 
9:50 Tue 28-07-09 <br/> 
16:14 Tue 28-07-09 <br/> 
17:37 Tue 28-07-09 <br/> 
22:55 Tue 28-07-09 <br/> 
6:47 Wed 29-07-09 <br/> 
1:28 Thu 30-07-09 <br/> 
8:04 Thu 30-07-09 <br/> 
16:08 Thu 30-07-09 <br/> 
18:41 Thu 30-07-09 <br/> 
22:30 Thu 30-07-09 <br/> 
0:12 Fri 31-07-09 <br/> 
9:55 Fri 31-07-09 <br/> 
15:34 Fri 31-07-09 <br/> 
17:37 Fri 31-07-09 <br/> 
23:20 Fri 31-07-09 <br/> 
10:34 Sat 01-08-09 <br/> 
21:16 Sat 01-08-09 <br/> 
0:10 Sun 02-08-09 <br/> 
4:45 Sun 02-08-09 <br/> 
10:51 Sun 02-08-09 <br/> 
20:30 Sun 02-08-09 <br/> 
7:15 Mon 03-08-09 <br/> 
11:00 Mon 03-08-09 <br/> 
23:13 Mon 03-08-09 <br/> 
10:46 Tue 04-08-09 <br/> 
11:15 Tue 04-08-09 <br/> 
15:29 Tue 04-08-09 <br/> 
11:20 Wed 05-08-09 <br/> 
0:16 Thu 06-08-09 <br/> 
0:40 Thu 06-08-09 <br/> 
2:20 Thu 06-08-09 <br/> 
2:24 Thu 06-08-09 <br/> 
4:44 Thu 06-08-09 <br/> 
5:40 Thu 06-08-09 <br/> 
5:54 Thu 06-08-09 <br/> 
8:16 Thu 06-08-09 <br/> 
11:41 Thu 06-08-09 <br/> 
16:37 Thu 06-08-09 <br/> 
17:33 Thu 06-08-09 <br/> 
17:59 Thu 06-08-09 <br/> 
21:17 Thu 06-08-09 <br/> 
1:13 Fri 07-08-09 <br/> 
7:50 Fri 07-08-09 <br/> 
12:21 Fri 07-08-09 <br/> 
13:15 Fri 07-08-09 <br/> 
17:24 Fri 07-08-09 <br/> 
2:50 Sat 08-08-09 <br/> 
12:28 Sat 08-08-09 <br/> 
15:03 Sat 08-08-09 <br/> 
19:08 Sat 08-08-09 <br/> 
6:03 Sun 09-08-09 <br/> 
12:03 Sun 09-08-09 <br/> 
12:43 Sun 09-08-09 <br/> 
9:24 Mon 10-08-09 <br/> 
11:53 Mon 10-08-09 <br/> 
12:51 Mon 10-08-09 <br/> 
14:47 Mon 10-08-09 <br/> 
17:29 Mon 10-08-09 <br/> 
18:11 Mon 10-08-09 <br/> 
13:39 Tue 11-08-09 <br/> 
14:30 Tue 11-08-09 <br/> 
20:53 Tue 11-08-09 <br/> 
3:09 Wed 12-08-09 <br/> 
4:49 Wed 12-08-09 <br/> 
13:43 Wed 12-08-09 <br/> 
22:45 Wed 12-08-09 <br/> 
13:51 Thu 13-08-09 <br/> 
16:28 Thu 13-08-09 <br/> 
18:29 Thu 13-08-09 <br/> 
19:21 Thu 13-08-09 <br/> 
22:10 Thu 13-08-09 <br/> 
2:53 Sat 15-08-09 <br/> 
6:35 Sat 15-08-09 <br/> 
8:48 Sat 15-08-09 <br/> 
21:13 Sun 16-08-09 <br/> 
1:24 Mon 17-08-09 <br/> 
2:13 Mon 17-08-09 <br/> 
2:26 Mon 17-08-09 <br/> 
3:38 Mon 17-08-09 <br/> 
18:52 Mon 17-08-09 <br/> 
21:17 Mon 17-08-09 <br/> 
10:44 Tue 18-08-09 <br/> 
18:25 Tue 18-08-09 <br/> 
23:17 Tue 18-08-09 <br/> 
0:21 Wed 19-08-09 <br/> 
2:15 Wed 19-08-09 <br/> 
14:34 Wed 19-08-09 <br/> 
15:08 Wed 19-08-09 <br/> 
23:23 Wed 19-08-09 <br/> 
10:26 Thu 20-08-09 <br/> 
19:04 Thu 20-08-09 <br/> 
21:52 Thu 20-08-09 <br/> 
23:31 Thu 20-08-09 <br/> 
13:54 Fri 21-08-09 <br/> 
20:06 Fri 21-08-09 <br/> 
23:37 Fri 21-08-09 <br/> 
1:45 Sat 22-08-09 <br/> 
10:11 Sat 22-08-09 <br/> 
12:44 Sat 22-08-09 <br/> 
14:35 Sat 22-08-09 <br/> 
16:15 Sat 22-08-09 <br/> 
0:23 Sun 23-08-09 <br/> 
17:19 Sun 23-08-09 <br/> 
23:12 Sun 23-08-09 <br/> 
6:46 Mon 24-08-09 <br/> 
10:07 Mon 24-08-09 <br/> 
13:04 Mon 24-08-09 <br/> 
16:45 Mon 24-08-09 <br/> 
19:33 Mon 24-08-09 <br/> 
4:46 Tue 25-08-09 <br/> 
4:54 Tue 25-08-09 <br/> 
16:58 Tue 25-08-09 <br/> 
17:08 Tue 25-08-09 <br/> 
21:36 Tue 25-08-09 <br/> 
0:23 Wed 26-08-09 <br/> 
16:27 Wed 26-08-09 <br/> 
17:11 Wed 26-08-09 <br/> 
18:23 Wed 26-08-09 <br/> 
10:20 Thu 27-08-09 <br/> 
15:51 Thu 27-08-09 <br/> 
16:45 Thu 27-08-09 <br/> 
18:32 Thu 27-08-09 <br/> 
23:06 Thu 27-08-09 <br/> 
0:25 Fri 28-08-09 <br/> 
1:01 Fri 28-08-09 <br/> 
10:20 Fri 28-08-09 <br/> 
16:59 Fri 28-08-09 <br/> 
18:48 Fri 28-08-09 <br/> 
18:54 Sat 29-08-09 <br/> 
22:49 Sat 29-08-09 <br/> 
23:49 Sat 29-08-09 <br/> 
0:04 Sun 30-08-09 <br/> 
9:07 Sun 30-08-09 <br/> 
12:44 Sun 30-08-09 <br/> 
16:38 Sun 30-08-09 <br/> 
19:25 Sun 30-08-09 <br/> 
21:49 Sun 30-08-09 <br/> 
16:14 Mon 31-08-09 <br/> 
19:28 Mon 31-08-09 <br/> 
23:54 Mon 31-08-09 <br/> 
4:46 Tue 01-09-09 <br/> 
23:35 Tue 01-09-09 <br/> 
1:18 Wed 02-09-09 <br/> 
4:58 Wed 02-09-09 <br/> 
6:02 Wed 02-09-09 <br/> 
0:24 Thu 03-09-09 <br/> 
0:40 Thu 03-09-09 <br/> 
5:33 Thu 03-09-09 <br/> 
17:55 Thu 03-09-09 <br/> 
0:42 Fri 04-09-09 <br/> 
5:31 Fri 04-09-09 <br/> 
17:18 Fri 04-09-09 <br/> 
0:46 Sat 05-09-09 <br/> 
0:57 Sun 06-09-09 <br/> 
2:44 Sun 06-09-09 <br/> 
13:15 Sun 06-09-09 <br/> 
15:43 Sun 06-09-09 <br/> 
1:56 Mon 07-09-09 <br/> 
11:45 Mon 07-09-09 <br/> 
12:18 Mon 07-09-09 <br/> 
12:31 Mon 07-09-09 <br/> 
15:21 Mon 07-09-09 <br/> 
16:39 Mon 07-09-09 <br/> 
16:55 Mon 07-09-09 <br/> 
18:06 Mon 07-09-09 <br/> 
20:00 Mon 07-09-09 <br/> 
21:14 Mon 07-09-09 <br/> 
18:17 Tue 08-09-09 <br/> 
21:45 Tue 08-09-09 <br/> 
21:47 Tue 08-09-09 <br/> 
9:41 Wed 09-09-09 <br/> 
17:08 Wed 09-09-09 <br/> 
6:14 Thu 10-09-09 <br/> 
9:33 Thu 10-09-09 <br/> 
9:53 Thu 10-09-09 <br/> 
10:12 Thu 10-09-09 <br/> 
10:41 Thu 10-09-09 <br/> 
12:03 Thu 10-09-09 <br/> 
14:30 Thu 10-09-09 <br/> 
1:29 Fri 11-09-09 <br/> 
16:07 Fri 11-09-09 <br/> 
19:00 Fri 11-09-09 <br/> 
19:17 Sat 12-09-09 <br/> 
21:33 Sat 12-09-09 <br/> 
21:40 Sat 12-09-09 <br/> 
1:43 Sun 13-09-09 <br/> 
7:30 Sun 13-09-09 <br/> 
8:41 Sun 13-09-09 <br/> 
18:41 Sun 13-09-09 <br/> 
21:44 Sun 13-09-09 <br/> 
15:09 Mon 14-09-09 <br/> 
21:59 Mon 14-09-09 <br/> 
5:49 Tue 15-09-09 <br/> 
8:29 Tue 15-09-09 <br/> 
11:10 Tue 15-09-09 <br/> 
22:07 Tue 15-09-09 <br/> 
0:49 Wed 16-09-09 <br/> 
10:12 Wed 16-09-09 <br/> 
11:16 Wed 16-09-09 <br/> 
11:29 Wed 16-09-09 <br/> 
22:17 Wed 16-09-09 <br/> 
1:11 Thu 17-09-09 <br/> 
2:33 Thu 17-09-09 <br/> 
3:56 Thu 17-09-09 <br/> 
4:08 Thu 17-09-09 <br/> 
9:56 Thu 17-09-09 <br/> 
20:43 Thu 17-09-09 <br/> 
22:28 Thu 17-09-09 <br/> 
1:37 Fri 18-09-09 <br/> 
21:23 Fri 18-09-09 <br/> 
22:36 Fri 18-09-09 <br/> 
2:11 Sat 19-09-09 <br/> 
2:59 Sat 19-09-09 <br/> 
3:21 Sat 19-09-09 <br/> 
3:28 Sat 19-09-09 <br/> 
4:42 Sat 19-09-09 <br/> 
5:58 Sat 19-09-09 <br/> 
7:38 Sat 19-09-09 <br/> 
10:04 Sat 19-09-09 <br/> 
15:36 Sat 19-09-09 <br/> 
19:20 Sat 19-09-09 <br/> 
21:02 Sat 19-09-09 <br/> 
23:27 Sat 19-09-09 <br/> 
5:43 Sun 20-09-09 <br/> 
7:55 Sun 20-09-09 <br/> 
8:34 Sun 20-09-09 <br/> 
22:26 Sun 20-09-09 <br/> 
23:36 Sun 20-09-09 <br/> 
2:12 Mon 21-09-09 <br/> 
4:06 Mon 21-09-09 <br/> 
7:59 Mon 21-09-09 <br/> 
8:48 Mon 21-09-09 <br/> 
10:42 Mon 21-09-09 <br/> 
0:01 Tue 22-09-09 <br/> 
1:06 Tue 22-09-09 <br/> 
9:38 Tue 22-09-09 <br/> 
18:07 Tue 22-09-09 <br/> 
0:20 Wed 23-09-09 <br/> 
13:46 Wed 23-09-09 <br/> 
18:51 Wed 23-09-09 <br/> 
21:05 Wed 23-09-09 <br/> 
0:28 Thu 24-09-09 <br/> 
17:03 Thu 24-09-09 <br/> 
0:38 Fri 25-09-09 <br/> 
3:52 Fri 25-09-09 <br/> 
5:31 Fri 25-09-09 <br/> 
12:11 Fri 25-09-09 <br/> 
0:59 Sat 26-09-09 <br/> 
17:29 Sat 26-09-09 <br/> 
20:35 Sat 26-09-09 <br/> 
1:08 Sun 27-09-09 <br/> 
9:52 Sun 27-09-09 <br/> 
12:13 Sun 27-09-09 <br/> 
16:05 Sun 27-09-09 <br/> 
17:16 Sun 27-09-09 <br/> 
17:28 Sun 27-09-09 <br/> 
20:29 Sun 27-09-09 <br/> 
21:00 Sun 27-09-09 <br/> 
1:20 Mon 28-09-09 <br/> 
13:19 Mon 28-09-09 <br/> 
5:14 Tue 29-09-09 <br/> 
14:02 Tue 29-09-09 <br/> 
14:17 Tue 29-09-09 <br/> 
15:26 Tue 29-09-09 <br/> 
5:31 Wed 30-09-09 <br/> 
10:18 Wed 30-09-09 <br/> 
22:21 Wed 30-09-09 <br/> 
10:26 Thu 01-10-09 <br/> 
16:42 Thu 01-10-09 <br/> 
17:30 Thu 01-10-09 <br/> 
4:38 Fri 02-10-09 <br/> 
7:40 Fri 02-10-09 <br/> 
10:38 Fri 02-10-09 <br/> 
10:54 Fri 02-10-09 <br/> 
15:24 Fri 02-10-09 <br/> 
16:06 Fri 02-10-09 <br/> 
1:44 Sat 03-10-09 <br/> 
10:48 Sat 03-10-09 <br/> 
12:48 Sat 03-10-09 <br/> 
18:09 Sat 03-10-09 <br/> 
20:03 Sat 03-10-09 <br/> 
2:07 Sun 04-10-09 <br/> 
9:40 Sun 04-10-09 <br/> 
9:55 Sun 04-10-09 <br/> 
11:00 Sun 04-10-09 <br/> 
12:36 Sun 04-10-09 <br/> 
12:47 Sun 04-10-09 <br/> 
13:06 Sun 04-10-09 <br/> 
13:41 Sun 04-10-09 <br/> 
19:47 Sun 04-10-09 <br/> 
4:02 Mon 05-10-09 <br/> 
8:36 Mon 05-10-09 <br/> 
11:08 Mon 05-10-09 <br/> 
12:52 Mon 05-10-09 <br/> 
16:27 Mon 05-10-09 <br/> 
17:53 Mon 05-10-09 <br/> 
21:31 Mon 05-10-09 <br/> 
0:25 Tue 06-10-09 <br/> 
4:47 Tue 06-10-09 <br/> 
5:29 Tue 06-10-09 <br/> 
11:13 Tue 06-10-09 <br/> 
13:48 Tue 06-10-09 <br/> 
13:57 Wed 07-10-09 <br/> 
7:46 Thu 08-10-09 <br/> 
11:41 Thu 08-10-09 <br/> 
15:43 Thu 08-10-09 <br/> 
16:13 Thu 08-10-09 <br/> 
19:57 Thu 08-10-09 <br/> 
22:55 Thu 08-10-09 <br/> 
3:39 Fri 09-10-09 <br/> 
3:50 Fri 09-10-09 <br/> 
6:02 Fri 09-10-09 <br/> 
8:24 Fri 09-10-09 <br/> 
8:32 Fri 09-10-09 <br/> 
10:02 Fri 09-10-09 <br/> 
12:37 Fri 09-10-09 <br/> 
15:49 Fri 09-10-09 <br/> 
17:03 Fri 09-10-09 <br/> 
12:31 Sat 10-10-09 <br/> 
14:09 Sat 10-10-09 <br/> 
15:58 Sat 10-10-09 <br/> 
21:59 Sat 10-10-09 <br/> 
2:15 Sun 11-10-09 <br/> 
6:45 Sun 11-10-09 <br/> 
11:52 Sun 11-10-09 <br/> 
13:35 Sun 11-10-09 <br/> 
13:47 Sun 11-10-09 <br/> 
15:52 Sun 11-10-09 <br/> 
22:15 Sun 11-10-09 <br/> 
23:52 Sun 11-10-09 <br/> 
12:39 Mon 12-10-09 <br/> 
21:45 Mon 12-10-09 <br/> 
22:15 Mon 12-10-09 <br/> 
23:44 Mon 12-10-09 <br/> 
1:59 Tue 13-10-09 <br/> 
11:14 Tue 13-10-09 <br/> 
12:27 Tue 13-10-09 <br/> 
20:18 Tue 13-10-09 <br/> 
20:18 Tue 13-10-09 <br/> 
21:24 Tue 13-10-09 <br/> 
0:19 Wed 14-10-09 <br/> 
2:04 Wed 14-10-09 <br/> 
6:11 Wed 14-10-09 <br/> 
10:01 Wed 14-10-09 <br/> 
10:02 Wed 14-10-09 <br/> 
16:05 Wed 14-10-09 <br/> 
0:48 Thu 15-10-09 <br/> 
2:38 Thu 15-10-09 <br/> 
4:56 Thu 15-10-09 <br/> 
18:08 Thu 15-10-09 <br/> 
20:22 Thu 15-10-09 <br/> 
20:47 Thu 15-10-09 <br/> 
3:07 Fri 16-10-09 <br/> 
6:28 Fri 16-10-09 <br/> 
9:11 Fri 16-10-09 <br/> 
12:46 Fri 16-10-09 <br/> 
2:09 Sat 17-10-09 <br/> 
4:15 Sat 17-10-09 <br/> 
10:26 Sat 17-10-09 <br/> 
11:54 Sat 17-10-09 <br/> 
14:51 Sat 17-10-09 <br/> 
4:24 Sun 18-10-09 <br/> 
5:58 Sun 18-10-09 <br/> 
7:26 Sun 18-10-09 <br/> 
15:32 Sun 18-10-09 <br/> 
18:59 Sun 18-10-09 <br/> 
19:57 Sun 18-10-09 <br/> 
22:00 Sun 18-10-09 <br/> 
3:44 Mon 19-10-09 <br/> 
4:35 Mon 19-10-09 <br/> 
7:43 Mon 19-10-09 <br/> 
11:52 Mon 19-10-09 <br/> 
13:36 Mon 19-10-09 <br/> 
8:08 Tue 20-10-09 <br/> 
13:07 Tue 20-10-09 <br/> 
22:31 Tue 20-10-09 <br/> 
22:57 Tue 20-10-09 <br/> 
16:57 Wed 21-10-09 <br/> 
18:32 Wed 21-10-09 <br/> 
23:03 Wed 21-10-09 <br/> 
0:47 Thu 22-10-09 <br/> 
2:08 Thu 22-10-09 <br/> 
5:30 Thu 22-10-09 <br/> 
11:53 Thu 22-10-09 <br/> 
0:26 Fri 23-10-09 <br/> 
5:47 Fri 23-10-09 <br/> 
6:24 Fri 23-10-09 <br/> 
7:41 Fri 23-10-09 <br/> 
7:46 Fri 23-10-09 <br/> 
8:57 Fri 23-10-09 <br/> 
10:42 Fri 23-10-09 <br/> 
13:44 Fri 23-10-09 <br/> 
0:53 Sat 24-10-09 <br/> 
4:39 Sat 24-10-09 <br/> 
7:01 Sat 24-10-09 <br/> 
13:18 Sat 24-10-09 <br/> 
23:05 Sat 24-10-09 <br/> 
0:19 Sun 25-10-09 <br/> 
12:40 Thu 29-10-09 <br/> 
3:02 Fri 30-10-09 <br/> 
5:44 Fri 30-10-09 <br/> 
6:57 Fri 30-10-09 <br/> 
7:27 Fri 30-10-09 <br/> 
9:50 Fri 30-10-09 <br/> 
12:55 Fri 30-10-09 <br/> 
14:22 Fri 30-10-09 <br/> 
16:05 Fri 30-10-09 <br/> 
20:18 Fri 30-10-09 <br/> 
23:57 Fri 30-10-09 <br/> 
0:19 Sat 31-10-09 <br/> 
5:41 Sat 31-10-09 <br/> 
5:45 Sat 31-10-09 <br/> 
5:53 Sat 31-10-09 <br/> 
8:11 Sat 31-10-09 <br/> 
16:14 Sat 31-10-09 <br/> 
17:48 Sat 31-10-09 <br/> 
9:27 Sun 01-11-09 <br/> 
13:28 Sun 01-11-09 <br/> 
15:22 Sun 01-11-09 <br/> 
15:41 Sun 01-11-09 <br/> 
2:30 Mon 02-11-09 <br/> 
10:21 Mon 02-11-09 <br/> 
14:01 Mon 02-11-09 <br/> 
15:58 Mon 02-11-09 <br/> 
8:55 Tue 03-11-09 <br/> 
10:46 Tue 03-11-09 <br/> 
18:10 Tue 03-11-09 <br/> 
22:01 Tue 03-11-09 <br/> 
1:03 Wed 04-11-09 <br/> 
2:26 Wed 04-11-09 <br/> 
4:40 Wed 04-11-09 <br/> 
16:40 Wed 04-11-09 <br/> 
17:28 Wed 04-11-09 <br/> 
18:19 Wed 04-11-09 <br/> 
22:42 Wed 04-11-09 <br/> 
17:16 Thu 05-11-09 <br/> 
14:27 Fri 06-11-09 <br/> 
17:57 Fri 06-11-09 <br/> 
20:13 Fri 06-11-09 <br/> 
23:27 Fri 06-11-09 <br/> 
4:30 Sat 07-11-09 <br/> 
9:22 Sat 07-11-09 <br/> 
18:01 Sat 07-11-09 <br/> 
22:08 Sat 07-11-09 <br/> 
5:30 Sun 08-11-09 <br/> 
15:37 Sun 08-11-09 <br/> 
22:07 Sun 08-11-09 <br/> 
1:36 Mon 09-11-09 <br/> 
2:28 Mon 09-11-09 <br/> 
9:58 Mon 09-11-09 <br/> 
17:46 Mon 09-11-09 <br/> 
0:44 Tue 10-11-09 <br/> 
10:08 Tue 10-11-09 <br/> 
19:25 Tue 10-11-09 <br/> 
10:11 Wed 11-11-09 <br/> 
17:30 Wed 11-11-09 <br/> 
4:33 Thu 12-11-09 <br/> 
10:14 Thu 12-11-09 <br/> 
10:19 Thu 12-11-09 <br/> 
11:19 Thu 12-11-09 <br/> 
15:18 Thu 12-11-09 <br/> 
16:01 Thu 12-11-09 <br/> 
20:51 Thu 12-11-09 <br/> 
2:45 Fri 13-11-09 <br/> 
7:18 Fri 13-11-09 <br/> 
10:24 Fri 13-11-09 <br/> 
23:03 Fri 13-11-09 <br/> 
23:31 Fri 13-11-09 <br/> 
7:05 Sat 14-11-09 <br/> 
10:27 Sat 14-11-09 <br/> 
10:53 Sun 15-11-09 <br/> 
12:41 Sun 15-11-09 <br/> 
18:29 Sun 15-11-09 <br/> 
10:54 Mon 16-11-09 <br/> 
9:31 Tue 17-11-09 <br/> 
11:02 Tue 17-11-09 <br/> 
11:04 Tue 17-11-09 <br/> 
14:33 Tue 17-11-09 <br/> 
16:42 Tue 17-11-09 <br/> 
20:09 Tue 17-11-09 <br/> 
8:42 Wed 18-11-09 <br/> 
10:04 Wed 18-11-09 <br/> 
11:09 Wed 18-11-09 <br/> 
16:16 Wed 18-11-09 <br/> 
2:00 Thu 19-11-09 <br/> 
4:03 Thu 19-11-09 <br/> 
5:19 Thu 19-11-09 <br/> 
7:14 Thu 19-11-09 <br/> 
10:12 Thu 19-11-09 <br/> 
10:15 Thu 19-11-09 <br/> 
11:12 Thu 19-11-09 <br/> 
17:30 Thu 19-11-09 <br/> 
21:59 Thu 19-11-09 <br/> 
2:02 Fri 20-11-09 <br/> 
7:50 Fri 20-11-09 <br/> 
11:16 Fri 20-11-09 <br/> 
13:26 Fri 20-11-09 <br/> 
14:19 Fri 20-11-09 <br/> 
18:44 Fri 20-11-09 <br/> 
6:52 Sat 21-11-09 <br/> 
10:49 Sat 21-11-09 <br/> 
11:19 Sat 21-11-09 <br/> 
11:51 Sat 21-11-09 <br/> 
15:03 Sat 21-11-09 <br/> 
18:29 Sat 21-11-09 <br/> 
23:11 Sat 21-11-09 <br/> 
5:17 Sun 22-11-09 <br/> 
11:23 Sun 22-11-09 <br/> 
14:42 Sun 22-11-09 <br/> 
17:08 Sun 22-11-09 <br/> 
23:51 Sun 22-11-09 <br/> 
8:57 Mon 23-11-09 <br/> 
14:08 Mon 23-11-09 <br/> 
14:12 Mon 23-11-09 <br/> 
14:38 Mon 23-11-09 <br/> 
13:17 Tue 24-11-09 <br/> 
14:46 Tue 24-11-09 <br/> 
16:22 Tue 24-11-09 <br/> 
16:38 Tue 24-11-09 <br/> 
16:54 Tue 24-11-09 <br/> 
17:48 Tue 24-11-09 <br/> 
21:40 Tue 24-11-09 <br/> 
21:53 Tue 24-11-09 <br/> 
22:38 Tue 24-11-09 <br/> 
23:14 Tue 24-11-09 <br/> 
23:15 Tue 24-11-09 <br/> 
1:07 Wed 25-11-09 <br/> 
3:47 Wed 25-11-09 <br/> 
8:05 Wed 25-11-09 <br/> 
8:16 Wed 25-11-09 <br/> 
8:16 Wed 25-11-09 <br/> 
14:53 Wed 25-11-09 <br/> 
17:37 Wed 25-11-09 <br/> 
15:03 Thu 26-11-09 <br/> 
16:08 Thu 26-11-09 <br/> 
8:18 Fri 27-11-09 <br/> 
8:30 Fri 27-11-09 <br/> 
13:26 Fri 27-11-09 <br/> 
13:26 Fri 27-11-09 <br/> 
14:12 Fri 27-11-09 <br/> 
15:10 Fri 27-11-09 <br/> 
20:59 Fri 27-11-09 <br/> 
2:20 Sat 28-11-09 <br/> 
10:22 Sat 28-11-09 <br/> 
12:12 Sat 28-11-09 <br/> 
15:28 Sat 28-11-09 <br/> 
17:26 Sat 28-11-09 <br/> 
20:58 Sat 28-11-09 <br/> 
2:50 Sun 29-11-09 <br/> 
3:04 Sun 29-11-09 <br/> 
14:29 Sun 29-11-09 <br/> 
14:47 Sun 29-11-09 <br/> 
14:51 Sun 29-11-09 <br/> 
15:03 Sun 29-11-09 <br/> 
2:20 Mon 30-11-09 <br/> 
6:35 Mon 30-11-09 <br/> 
7:14 Mon 30-11-09 <br/> 
12:54 Mon 30-11-09 <br/> 
14:27 Mon 30-11-09 <br/> 
14:29 Mon 30-11-09 <br/> 
2:27 Tue 01-12-09 <br/> 
4:02 Tue 01-12-09 <br/> 
6:45 Tue 01-12-09 <br/> 
6:45 Tue 01-12-09 <br/> 
8:21 Tue 01-12-09 <br/> 
11:20 Tue 01-12-09 <br/> 
14:38 Tue 01-12-09 <br/> 
19:39 Tue 01-12-09 <br/> 
2:30 Wed 02-12-09 <br/> 
19:39 Wed 02-12-09 <br/> 
22:04 Wed 02-12-09 <br/> 
23:54 Wed 02-12-09 <br/> 
2:35 Thu 03-12-09 <br/> 
3:35 Thu 03-12-09 <br/> 
12:34 Thu 03-12-09 <br/> 
18:35 Thu 03-12-09 <br/> 
0:26 Fri 04-12-09 <br/> 
8:48 Fri 04-12-09 <br/> 
5:31 Sat 05-12-09 <br/> 
12:44 Sat 05-12-09 <br/> 
19:23 Sat 05-12-09 <br/> 
22:46 Sat 05-12-09 <br/> 
3:41 Sun 06-12-09 <br/> 
5:44 Sun 06-12-09 <br/> 
22:26 Sun 06-12-09 <br/> 
23:51 Sun 06-12-09 <br/> 
2:50 Mon 07-12-09 <br/> 
3:31 Mon 07-12-09 <br/> 
6:41 Mon 07-12-09 <br/> 
9:42 Mon 07-12-09 <br/> 
11:34 Mon 07-12-09 <br/> 
17:19 Mon 07-12-09 <br/> 
19:16 Mon 07-12-09 <br/> 
3:07 Tue 08-12-09 <br/> 
5:32 Tue 08-12-09 <br/> 
6:39 Tue 08-12-09 <br/> 
8:31 Tue 08-12-09 <br/> 
8:37 Tue 08-12-09 <br/> 
9:47 Tue 08-12-09 <br/> 
10:39 Tue 08-12-09 <br/> 
11:37 Tue 08-12-09 <br/> 
0:40 Wed 09-12-09 <br/> 
13:18 Wed 09-12-09 <br/> 
10:47 Thu 10-12-09 <br/> 
13:22 Thu 10-12-09 <br/> 
1:05 Fri 11-12-09 <br/> 
11:38 Fri 11-12-09 <br/> 
13:27 Fri 11-12-09 <br/> 
15:41 Fri 11-12-09 <br/> 
21:41 Fri 11-12-09 <br/> 
14:53 Sat 12-12-09 <br/> 
21:21 Sat 12-12-09 <br/> 
21:12 Sun 13-12-09 <br/> 
0:17 Mon 14-12-09 <br/> 
0:40 Mon 14-12-09 <br/> 
2:03 Mon 14-12-09 <br/> 
6:11 Mon 14-12-09 <br/> 
17:38 Mon 14-12-09 <br/> 
19:57 Mon 14-12-09 <br/> 
3:54 Tue 15-12-09 <br/> 
7:49 Tue 15-12-09 <br/> 
14:28 Tue 15-12-09 <br/> 
15:01 Tue 15-12-09 <br/> 
15:01 Tue 15-12-09 <br/> 
16:36 Tue 15-12-09 <br/> 
16:56 Tue 15-12-09 <br/> 
20:12 Tue 15-12-09 <br/> 
20:53 Tue 15-12-09 <br/> 
12:11 Wed 16-12-09 <br/> 
20:26 Wed 16-12-09 <br/> 
21:57 Wed 16-12-09 <br/> 
21:59 Wed 16-12-09 <br/> 
2:39 Thu 17-12-09 <br/> 
3:24 Thu 17-12-09 <br/> 
6:02 Thu 17-12-09 <br/> 
6:43 Thu 17-12-09 <br/> 
20:31 Thu 17-12-09 <br/> 
1:32 Fri 18-12-09 <br/> 
16:05 Fri 18-12-09 <br/> 
20:41 Fri 18-12-09 <br/> 
14:51 Sat 19-12-09 <br/> 
15:06 Sat 19-12-09 <br/> 
15:45 Sat 19-12-09 <br/> 
16:58 Sat 19-12-09 <br/> 
20:43 Sat 19-12-09 <br/> 
2:23 Sun 20-12-09 <br/> 
6:21 Sun 20-12-09 <br/> 
9:47 Sun 20-12-09 <br/> 
10:06 Sun 20-12-09 <br/> 
11:55 Sun 20-12-09 <br/> 
12:05 Sun 20-12-09 <br/> 
14:19 Sun 20-12-09 <br/> 
14:59 Sun 20-12-09 <br/> 
20:51 Sun 20-12-09 <br/> 
3:42 Mon 21-12-09 <br/> 
7:19 Mon 21-12-09 <br/> 
7:39 Mon 21-12-09 <br/> 
12:18 Mon 21-12-09 <br/> 
12:20 Tue 22-12-09 <br/> 
19:37 Tue 22-12-09 <br/> 
0:40 Wed 23-12-09 <br/> 
2:26 Wed 23-12-09 <br/> 
9:57 Wed 23-12-09 <br/> 
12:24 Wed 23-12-09 <br/> 
20:22 Wed 23-12-09 <br/> 
22:58 Wed 23-12-09 <br/> 
3:44 Thu 24-12-09 <br/> 
12:25 Thu 24-12-09 <br/> 
15:48 Thu 24-12-09 <br/> 
23:13 Thu 24-12-09 <br/> 
0:26 Fri 25-12-09 <br/> 
4:23 Fri 25-12-09 <br/> 
12:28 Fri 25-12-09 <br/> 
14:21 Fri 25-12-09 <br/> 
17:01 Fri 25-12-09 <br/> 
20:52 Fri 25-12-09 <br/> 
23:15 Fri 25-12-09 <br/> 
11:29 Sat 26-12-09 <br/> 
12:29 Sat 26-12-09 <br/> 
20:21 Sat 26-12-09 <br/> 
23:19 Sat 26-12-09 <br/> 
3:16 Sun 27-12-09 <br/> 
3:29 Sun 27-12-09 <br/> 
7:34 Sun 27-12-09 <br/> 
10:42 Sun 27-12-09 <br/> 
12:34 Sun 27-12-09 <br/> 
20:49 Sun 27-12-09 <br/> 
0:50 Mon 28-12-09 <br/> 
12:34 Mon 28-12-09 <br/> 
17:06 Mon 28-12-09 <br/> 
17:31 Mon 28-12-09 <br/> 
3:46 Tue 29-12-09 <br/> 
12:36 Tue 29-12-09 <br/> 
20:58 Tue 29-12-09 <br/> 
3:28 Wed 30-12-09 <br/> 
11:44 Wed 30-12-09 <br/> 
12:37 Wed 30-12-09 <br/> 
12:49 Wed 30-12-09 <br/> 
13:12 Wed 30-12-09 <br/> 
16:23 Wed 30-12-09 <br/> 
11:49 Thu 31-12-09 <br/> 
12:38 Thu 31-12-09 <br/> 
13:23 Thu 31-12-09 <br/> 
13:29 Thu 31-12-09 <br/> 
12:41 Fri 01-01-10 <br/> 
17:15 Fri 01-01-10 <br/> 
2:48 Sat 02-01-10 <br/> 
9:32 Sat 02-01-10 <br/> 
12:42 Sat 02-01-10 <br/> 
23:40 Sat 02-01-10 <br/> 
6:38 Sun 03-01-10 <br/> 
9:28 Sun 03-01-10 <br/> 
18:15 Sun 03-01-10 <br/> 
20:54 Sun 03-01-10 <br/> 
8:23 Mon 04-01-10 <br/> 
9:30 Mon 04-01-10 <br/> 
11:48 Mon 04-01-10 <br/> 
18:23 Mon 04-01-10 <br/> 
22:11 Mon 04-01-10 <br/> 
1:52 Tue 05-01-10 <br/> 
4:57 Tue 05-01-10 <br/> 
8:50 Tue 05-01-10 <br/> 
10:16 Tue 05-01-10 <br/> 
14:30 Tue 05-01-10 <br/> 
15:48 Tue 05-01-10 <br/> 
18:45 Tue 05-01-10 <br/> 
19:51 Tue 05-01-10 <br/> 
23:02 Tue 05-01-10 <br/> 
11:38 Wed 06-01-10 <br/> 
12:59 Wed 06-01-10 <br/> 
17:52 Wed 06-01-10 <br/> 
18:49 Wed 06-01-10 <br/> 
3:29 Thu 07-01-10 <br/> 
6:33 Thu 07-01-10 <br/> 
19:15 Thu 07-01-10 <br/> 
0:08 Fri 08-01-10 <br/> 
1:24 Fri 08-01-10 <br/> 
5:13 Fri 08-01-10 <br/> 
9:43 Fri 08-01-10 <br/> 
12:13 Fri 08-01-10 <br/> 
19:18 Fri 08-01-10 <br/> 
23:27 Fri 08-01-10 <br/> 
0:18 Sat 09-01-10 <br/> 
0:22 Sat 09-01-10 <br/> 
3:32 Sat 09-01-10 <br/> 
13:20 Sat 09-01-10 <br/> 
19:02 Sat 09-01-10 <br/> 
23:34 Sat 09-01-10 <br/> 
3:55 Sun 10-01-10 <br/> 
10:23 Sun 10-01-10 <br/> 
14:53 Sun 10-01-10 <br/> 
15:41 Sun 10-01-10 <br/> 
19:24 Sun 10-01-10 <br/> 
22:24 Sun 10-01-10 <br/> 
2:56 Mon 11-01-10 <br/> 
3:33 Mon 11-01-10 <br/> 
5:34 Mon 11-01-10 <br/> 
19:29 Mon 11-01-10 <br/> 
21:04 Mon 11-01-10 <br/> 
21:04 Mon 11-01-10 <br/> 
11:31 Tue 12-01-10 <br/> 
11:33 Tue 12-01-10 <br/> 
21:03 Tue 12-01-10 <br/> 
21:32 Tue 12-01-10 <br/> 
0:20 Wed 13-01-10 <br/> 
3:03 Wed 13-01-10 <br/> 
9:39 Wed 13-01-10 <br/> 
20:20 Wed 13-01-10 <br/> 
3:44 Thu 14-01-10 <br/> 
14:08 Thu 14-01-10 <br/> 
14:25 Thu 14-01-10 <br/> 
23:36 Thu 14-01-10 <br/> 
23:53 Thu 14-01-10 <br/> 
3:58 Fri 15-01-10 <br/> 
4:18 Fri 15-01-10 <br/> 
4:40 Fri 15-01-10 <br/> 
7:05 Fri 15-01-10 <br/> 
20:01 Fri 15-01-10 <br/> 
1:07 Sat 16-01-10 <br/> 
4:26 Sat 16-01-10 <br/> 
8:35 Sat 16-01-10 <br/> 
9:06 Sat 16-01-10 <br/> 
10:19 Sat 16-01-10 <br/> 
15:33 Sat 16-01-10 <br/> 
4:32 Sun 17-01-10 <br/> 
4:33 Sun 17-01-10 <br/> 
8:33 Sun 17-01-10 <br/> 
10:31 Sun 17-01-10 <br/> 
10:53 Sun 17-01-10 <br/> 
12:42 Sun 17-01-10 <br/> 
14:03 Sun 17-01-10 <br/> 
14:03 Sun 17-01-10 <br/> 
2:24 Mon 18-01-10 <br/> 
3:06 Mon 18-01-10 <br/> 
4:37 Mon 18-01-10 <br/> 
11:53 Mon 18-01-10 <br/> 
13:19 Mon 18-01-10 <br/> 
13:41 Mon 18-01-10 <br/> 
14:47 Mon 18-01-10 <br/> 
17:04 Mon 18-01-10 <br/> 
18:07 Mon 18-01-10 <br/> 
19:51 Mon 18-01-10 <br/> 
4:39 Tue 19-01-10 <br/> 
5:04 Tue 19-01-10 <br/> 
5:40 Tue 19-01-10 <br/> 
8:37 Tue 19-01-10 <br/> 
16:04 Tue 19-01-10 <br/> 
2:17 Wed 20-01-10 <br/> 
3:10 Wed 20-01-10 <br/> 
3:19 Wed 20-01-10 <br/> 
3:24 Wed 20-01-10 <br/> 
4:40 Wed 20-01-10 <br/> 
5:19 Wed 20-01-10 <br/> 
7:42 Wed 20-01-10 <br/> 
8:29 Wed 20-01-10 <br/> 
10:57 Wed 20-01-10 <br/> 
13:19 Wed 20-01-10 <br/> 
13:36 Wed 20-01-10 <br/> 
13:39 Wed 20-01-10 <br/> 
17:33 Wed 20-01-10 <br/> 
21:21 Wed 20-01-10 <br/> 
22:35 Wed 20-01-10 <br/> 
1:12 Thu 21-01-10 <br/> 
5:37 Thu 21-01-10 <br/> 
12:54 Thu 21-01-10 <br/> 
0:52 Fri 22-01-10 <br/> 
3:56 Fri 22-01-10 <br/> 
6:56 Fri 22-01-10 <br/> 
9:18 Fri 22-01-10 <br/> 
12:49 Fri 22-01-10 <br/> 
15:08 Fri 22-01-10 <br/> 
16:02 Fri 22-01-10 <br/> 
18:13 Fri 22-01-10 <br/> 
5:37 Sat 23-01-10 <br/> 
6:10 Sat 23-01-10 <br/> 
12:50 Sat 23-01-10 <br/> 
14:10 Sat 23-01-10 <br/> 
14:46 Sat 23-01-10 <br/> 
15:33 Sat 23-01-10 <br/> 
22:09 Sat 23-01-10 <br/> 
0:57 Sun 24-01-10 <br/> 
5:38 Sun 24-01-10 <br/> 
6:05 Sun 24-01-10 <br/> 
10:02 Sun 24-01-10 <br/> 
12:11 Sun 24-01-10 <br/> 
13:16 Sun 24-01-10 <br/> 
15:10 Sun 24-01-10 <br/> 
18:38 Sun 24-01-10 <br/> 
20:17 Sun 24-01-10 <br/> 
20:23 Sun 24-01-10 <br/> 
1:26 Mon 25-01-10 <br/> 
2:30 Mon 25-01-10 <br/> 
5:40 Mon 25-01-10 <br/> 
6:45 Mon 25-01-10 <br/> 
6:55 Mon 25-01-10 <br/> 
7:14 Mon 25-01-10 <br/> 
8:30 Mon 25-01-10 <br/> 
15:04 Mon 25-01-10 <br/> 
15:43 Mon 25-01-10 <br/> 
16:23 Mon 25-01-10 <br/> 
21:19 Mon 25-01-10 <br/> 
23:20 Mon 25-01-10 <br/> 
2:56 Tue 26-01-10 <br/> 
3:22 Tue 26-01-10 <br/> 
3:29 Tue 26-01-10 <br/> 
4:38 Tue 26-01-10 <br/> 
6:59 Tue 26-01-10 <br/> 
8:38 Tue 26-01-10 <br/> 
15:46 Tue 26-01-10 <br/> 
19:10 Tue 26-01-10 <br/> 
7:02 Wed 27-01-10 <br/> 
7:16 Wed 27-01-10 <br/> 
7:27 Wed 27-01-10 <br/> 
22:01 Wed 27-01-10 <br/> 
23:53 Wed 27-01-10 <br/> 
5:51 Thu 28-01-10 <br/> 
7:03 Thu 28-01-10 <br/> 
11:40 Thu 28-01-10 <br/> 
16:15 Thu 28-01-10 <br/> 
19:44 Thu 28-01-10 <br/> 
2:25 Fri 29-01-10 <br/> 
5:17 Fri 29-01-10 <br/> 
7:08 Fri 29-01-10 <br/> 
7:49 Fri 29-01-10 <br/> 
16:20 Fri 29-01-10 <br/> 
2:11 Sat 30-01-10 <br/> 
3:52 Sat 30-01-10 <br/> 
7:12 Sat 30-01-10 <br/> 
8:38 Sat 30-01-10 <br/> 
9:15 Sat 30-01-10 <br/> 
10:38 Sat 30-01-10 <br/> 
13:04 Sat 30-01-10 <br/> 
13:48 Sat 30-01-10 <br/> 
15:18 Sat 30-01-10 <br/> 
16:09 Sat 30-01-10 <br/> 
16:25 Sat 30-01-10 <br/> 
20:18 Sat 30-01-10 <br/> 
0:11 Sun 31-01-10 <br/> 
2:29 Sun 31-01-10 <br/> 
6:29 Sun 31-01-10 <br/> 
6:49 Sun 31-01-10 <br/> 
7:14 Sun 31-01-10 <br/> 
7:15 Sun 31-01-10 <br/> 
8:21 Sun 31-01-10 <br/> 
9:06 Sun 31-01-10 <br/> 
11:51 Sun 31-01-10 <br/> 
16:14 Sun 31-01-10 <br/> 
16:28 Sun 31-01-10 <br/> 
16:47 Sun 31-01-10 <br/> 
5:14 Mon 01-02-10 <br/> 
6:06 Mon 01-02-10 <br/> 
6:19 Mon 01-02-10 <br/> 
6:24 Mon 01-02-10 <br/> 
7:17 Mon 01-02-10 <br/> 
9:35 Mon 01-02-10 <br/> 
11:40 Mon 01-02-10 <br/> 
12:10 Mon 01-02-10 <br/> 
12:33 Mon 01-02-10 <br/> 
13:20 Mon 01-02-10 <br/> 
16:30 Mon 01-02-10 <br/> 
19:11 Mon 01-02-10 <br/> 
20:48 Mon 01-02-10 <br/> 
23:50 Mon 01-02-10 <br/> 
5:43 Tue 02-02-10 <br/> 
8:52 Tue 02-02-10 <br/> 
9:57 Tue 02-02-10 <br/> 
10:43 Tue 02-02-10 <br/> 
11:47 Tue 02-02-10 <br/> 
13:17 Tue 02-02-10 <br/> 
13:23 Tue 02-02-10 <br/> 
14:49 Tue 02-02-10 <br/> 
15:13 Tue 02-02-10 <br/> 
16:25 Tue 02-02-10 <br/> 
19:20 Tue 02-02-10 <br/> 
23:43 Tue 02-02-10 <br/> 
1:02 Wed 03-02-10 <br/> 
1:37 Wed 03-02-10 <br/> 
2:14 Wed 03-02-10 <br/> 
2:28 Wed 03-02-10 <br/> 
2:39 Wed 03-02-10 <br/> 
2:55 Wed 03-02-10 <br/> 
3:25 Wed 03-02-10 <br/> 
3:58 Wed 03-02-10 <br/> 
4:22 Wed 03-02-10 <br/> 
5:31 Wed 03-02-10 <br/> 
5:33 Wed 03-02-10 <br/> 
5:53 Wed 03-02-10 <br/> 
6:25 Wed 03-02-10 <br/> 
6:33 Wed 03-02-10 <br/> 
7:40 Wed 03-02-10 <br/> 
7:47 Wed 03-02-10 <br/> 
8:07 Wed 03-02-10 <br/> 
8:46 Wed 03-02-10 <br/> 
9:00 Wed 03-02-10 <br/> 
9:04 Wed 03-02-10 <br/> 
9:29 Wed 03-02-10 <br/> 
9:33 Wed 03-02-10 <br/> 
10:10 Wed 03-02-10 <br/> 
10:47 Wed 03-02-10 <br/> 
11:06 Wed 03-02-10 <br/> 
11:45 Wed 03-02-10 <br/> 
12:03 Wed 03-02-10 <br/> 
12:33 Wed 03-02-10 <br/> 
12:52 Wed 03-02-10 <br/> 
12:56 Wed 03-02-10 <br/> 
13:17 Wed 03-02-10 <br/> 
13:44 Wed 03-02-10 <br/> 
14:04 Wed 03-02-10 <br/> 
14:35 Wed 03-02-10 <br/> 
14:45 Wed 03-02-10 <br/> 
15:12 Wed 03-02-10 <br/> 
15:38 Wed 03-02-10 <br/> 
15:54 Wed 03-02-10 <br/> 
16:04 Wed 03-02-10 <br/> 
16:06 Wed 03-02-10 <br/> 
16:21 Wed 03-02-10 <br/> 
16:29 Wed 03-02-10 <br/> 
16:57 Wed 03-02-10 <br/> 
17:12 Wed 03-02-10 <br/> 
17:17 Wed 03-02-10 <br/> 
19:55 Wed 03-02-10 <br/> 
20:17 Wed 03-02-10 <br/> 
20:24 Wed 03-02-10 <br/> 
21:08 Wed 03-02-10 <br/> 
21:25 Wed 03-02-10 <br/> 
21:37 Wed 03-02-10 <br/> 
22:17 Wed 03-02-10 <br/> 
22:30 Wed 03-02-10 <br/> 
23:00 Wed 03-02-10 <br/> 
0:02 Thu 04-02-10 <br/> 
0:12 Thu 04-02-10 <br/> 
0:48 Thu 04-02-10 <br/> 
0:49 Thu 04-02-10 <br/> 
1:09 Thu 04-02-10 <br/> 
1:26 Thu 04-02-10 <br/> 
4:46 Thu 04-02-10 <br/> 
6:09 Thu 04-02-10 <br/> 
8:21 Thu 04-02-10 <br/> 
9:05 Thu 04-02-10 <br/> 
9:26 Thu 04-02-10 <br/> 
10:13 Thu 04-02-10 <br/> 
10:45 Thu 04-02-10 <br/> 
10:55 Thu 04-02-10 <br/> 
14:52 Thu 04-02-10 <br/> 
16:14 Thu 04-02-10 <br/> 
17:29 Thu 04-02-10 <br/> 
20:04 Thu 04-02-10 <br/> 
20:29 Thu 04-02-10 <br/> 
6:00 Fri 05-02-10 <br/> 
6:14 Fri 05-02-10 <br/> 
6:23 Fri 05-02-10 <br/> 
8:39 Fri 05-02-10 <br/> 
9:57 Fri 05-02-10 <br/> 
16:51 Fri 05-02-10 <br/> 
19:42 Fri 05-02-10 <br/> 
22:02 Fri 05-02-10 <br/> 
1:41 Sat 06-02-10 <br/> 
3:30 Sat 06-02-10 <br/> 
8:30 Sat 06-02-10 <br/> 
9:12 Sat 06-02-10 <br/> 
10:00 Sat 06-02-10 <br/> 
14:29 Sat 06-02-10 <br/> 
14:29 Sat 06-02-10 <br/> 
15:38 Sat 06-02-10 <br/> 
18:32 Sat 06-02-10 <br/> 
18:32 Sat 06-02-10 <br/> 
23:05 Sat 06-02-10 <br/> 
2:06 Sun 07-02-10 <br/> 
2:40 Sun 07-02-10 <br/> 
4:32 Sun 07-02-10 <br/> 
5:45 Sun 07-02-10 <br/> 
8:18 Sun 07-02-10 <br/> 
9:44 Sun 07-02-10 <br/> 
10:30 Sun 07-02-10 <br/> 
10:51 Sun 07-02-10 <br/> 
10:57 Sun 07-02-10 <br/> 
22:10 Sun 07-02-10 <br/> 
22:12 Sun 07-02-10 <br/> 
22:39 Sun 07-02-10 <br/> 
3:33 Mon 08-02-10 <br/> 
3:33 Mon 08-02-10 <br/> 
4:35 Mon 08-02-10 <br/> 
10:33 Mon 08-02-10 <br/> 
12:57 Mon 08-02-10 <br/> 
2:10 Tue 09-02-10 <br/> 
6:53 Tue 09-02-10 <br/> 
6:53 Tue 09-02-10 <br/> 
7:33 Tue 09-02-10 <br/> 
10:14 Tue 09-02-10 <br/> 
10:37 Tue 09-02-10 <br/> 
11:05 Tue 09-02-10 <br/> 
11:42 Tue 09-02-10 <br/> 
11:57 Tue 09-02-10 <br/> 
1:20 Wed 10-02-10 <br/> 
2:39 Wed 10-02-10 <br/> 
2:39 Wed 10-02-10 <br/> 
10:12 Wed 10-02-10 <br/> 
11:48 Wed 10-02-10 <br/> 
12:55 Wed 10-02-10 <br/> 
16:33 Wed 10-02-10 <br/> 
21:05 Wed 10-02-10 <br/> 
5:52 Thu 11-02-10 <br/> 
6:47 Thu 11-02-10 <br/> 
7:37 Thu 11-02-10 <br/> 
9:20 Thu 11-02-10 <br/> 
14:00 Thu 11-02-10 <br/> 
14:00 Thu 11-02-10 <br/> 
0:54 Fri 12-02-10 <br/> 
6:50 Fri 12-02-10 <br/> 
10:20 Sat 13-02-10 <br/> 
12:19 Sat 13-02-10 <br/> 
0:05 Sun 14-02-10 <br/> 
3:16 Sun 14-02-10 <br/> 
3:22 Sun 14-02-10 <br/> 
3:28 Sun 14-02-10 <br/> 
3:59 Sun 14-02-10 <br/> 
5:43 Sun 14-02-10 <br/> 
7:19 Sun 14-02-10 <br/> 
8:00 Sun 14-02-10 <br/> 
9:56 Sun 14-02-10 <br/> 
14:22 Sun 14-02-10 <br/> 
7:21 Mon 15-02-10 <br/> 
9:19 Mon 15-02-10 <br/> 
11:16 Mon 15-02-10 <br/> 
12:34 Mon 15-02-10 <br/> 
13:17 Mon 15-02-10 <br/> 
14:28 Mon 15-02-10 <br/> 
18:54 Mon 15-02-10 <br/> 
19:03 Mon 15-02-10 <br/> 
21:42 Mon 15-02-10 <br/> 
23:44 Mon 15-02-10 <br/> 
7:26 Tue 16-02-10 <br/> 
10:25 Tue 16-02-10 <br/> 
0:25 Wed 17-02-10 <br/> 
0:49 Wed 17-02-10 <br/> 
5:32 Wed 17-02-10 <br/> 
5:32 Wed 17-02-10 <br/> 
7:28 Wed 17-02-10 <br/> 
8:02 Wed 17-02-10 <br/> 
11:26 Wed 17-02-10 <br/> 
14:31 Wed 17-02-10 <br/> 
23:52 Wed 17-02-10 <br/> 
4:50 Thu 18-02-10 <br/> 
4:52 Thu 18-02-10 <br/> 
7:32 Thu 18-02-10 <br/> 
11:24 Thu 18-02-10 <br/> 
14:16 Thu 18-02-10 <br/> 
16:27 Thu 18-02-10 <br/> 
0:19 Fri 19-02-10 <br/> 
1:13 Fri 19-02-10 <br/> 
2:26 Fri 19-02-10 <br/> 
4:17 Fri 19-02-10 <br/> 
6:31 Fri 19-02-10 <br/> 
7:18 Fri 19-02-10 <br/> 
8:20 Fri 19-02-10 <br/> 
13:48 Fri 19-02-10 <br/> 
1:25 Sat 20-02-10 <br/> 
2:44 Sat 20-02-10 <br/> 
2:44 Sat 20-02-10 <br/> 
8:23 Sat 20-02-10 <br/> 
10:58 Sat 20-02-10 <br/> 
11:56 Sat 20-02-10 <br/> 
14:04 Sat 20-02-10 <br/> 
15:42 Sat 20-02-10 <br/> 
20:43 Sat 20-02-10 <br/> 
23:32 Sat 20-02-10 <br/> 
4:39 Sun 21-02-10 <br/> 
8:28 Sun 21-02-10 <br/> 
10:22 Sun 21-02-10 <br/> 
1:32 Mon 22-02-10 <br/> 
7:26 Mon 22-02-10 <br/> 
9:22 Mon 22-02-10 <br/> 
10:37 Mon 22-02-10 <br/> 
11:02 Mon 22-02-10 <br/> 
12:24 Mon 22-02-10 <br/> 
15:17 Mon 22-02-10 <br/> 
20:48 Mon 22-02-10 <br/> 
21:53 Mon 22-02-10 <br/> 
22:13 Mon 22-02-10 <br/> 
23:55 Mon 22-02-10 <br/> 
1:28 Tue 23-02-10 <br/> 
10:49 Tue 23-02-10 <br/> 
11:06 Tue 23-02-10 <br/> 
4:11 Wed 24-02-10 <br/> 
6:56 Wed 24-02-10 <br/> 
11:07 Wed 24-02-10 <br/> 
13:00 Wed 24-02-10 <br/> 
17:02 Wed 24-02-10 <br/> 
1:32 Thu 25-02-10 <br/> 
11:41 Thu 25-02-10 <br/> 
15:59 Thu 25-02-10 <br/> 
23:58 Thu 25-02-10 <br/> 
0:54 Fri 26-02-10 <br/> 
3:41 Fri 26-02-10 <br/> 
4:53 Fri 26-02-10 <br/> 
5:13 Fri 26-02-10 <br/> 
5:44 Fri 26-02-10 <br/> 
6:12 Fri 26-02-10 <br/> 
10:37 Fri 26-02-10 <br/> 
13:33 Fri 26-02-10 <br/> 
13:35 Fri 26-02-10 <br/> 
13:48 Fri 26-02-10 <br/> 
15:21 Fri 26-02-10 <br/> 
19:48 Fri 26-02-10 <br/> 
20:38 Fri 26-02-10 <br/> 
23:32 Fri 26-02-10 <br/> 
2:23 Sat 27-02-10 <br/> 
2:40 Sat 27-02-10 <br/> 
3:58 Sat 27-02-10 <br/> 
13:52 Sat 27-02-10 <br/> 
20:47 Sat 27-02-10 <br/> 
21:53 Sat 27-02-10 <br/> 
1:28 Sun 28-02-10 <br/> 
1:58 Sun 28-02-10 <br/> 
3:42 Sun 28-02-10 <br/> 
3:44 Sun 28-02-10 <br/> 
4:26 Sun 28-02-10 <br/> 
6:55 Sun 28-02-10 <br/> 
14:42 Sun 28-02-10 <br/> 
15:01 Sun 28-02-10 <br/> 
16:20 Sun 28-02-10 <br/> 
1:05 Mon 01-03-10 <br/> 
2:48 Mon 01-03-10 <br/> 
8:21 Mon 01-03-10 <br/> 
8:56 Mon 01-03-10 <br/> 
10:02 Mon 01-03-10 <br/> 
3:08 Tue 02-03-10 <br/> 
15:36 Tue 02-03-10 <br/> 
19:55 Tue 02-03-10 <br/> 
3:51 Wed 03-03-10 <br/> 
5:26 Wed 03-03-10 <br/> 
7:48 Wed 03-03-10 <br/> 
9:02 Wed 03-03-10 <br/> 
9:21 Wed 03-03-10 <br/> 
19:22 Wed 03-03-10 <br/> 
22:48 Wed 03-03-10 <br/> 
3:47 Thu 04-03-10 <br/> 
6:35 Thu 04-03-10 <br/> 
6:50 Thu 04-03-10 <br/> 
7:04 Thu 04-03-10 <br/> 
16:12 Thu 04-03-10 <br/> 
21:32 Thu 04-03-10 <br/> 
23:34 Thu 04-03-10 <br/> 
7:26 Fri 05-03-10 <br/> 
8:28 Fri 05-03-10 <br/> 
16:55 Fri 05-03-10 <br/> 
18:02 Fri 05-03-10 <br/> 
19:00 Fri 05-03-10 <br/> 
19:20 Fri 05-03-10 <br/> 
0:28 Sat 06-03-10 <br/> 
0:58 Sat 06-03-10 <br/> 
6:12 Sat 06-03-10 <br/> 
6:20 Sat 06-03-10 <br/> 
6:28 Sat 06-03-10 <br/> 
8:31 Sat 06-03-10 <br/> 
16:58 Sat 06-03-10 <br/> 
18:20 Sat 06-03-10 <br/> 
6:28 Sun 07-03-10 <br/> 
6:51 Sun 07-03-10 <br/> 
8:33 Sun 07-03-10 <br/> 
11:46 Sun 07-03-10 <br/> 
13:51 Sun 07-03-10 <br/> 
16:34 Sun 07-03-10 <br/> 
20:04 Sun 07-03-10 <br/> 
6:28 Mon 08-03-10 <br/> 
12:30 Mon 08-03-10 <br/> 
13:17 Mon 08-03-10 <br/> 
14:12 Mon 08-03-10 <br/> 
16:35 Mon 08-03-10 <br/> 
17:37 Mon 08-03-10 <br/> 
6:50 Tue 09-03-10 <br/> 
13:05 Tue 09-03-10 <br/> 
16:37 Tue 09-03-10 <br/> 
4:28 Wed 10-03-10 <br/> 
9:50 Wed 10-03-10 <br/> 
16:59 Wed 10-03-10 <br/> 
18:14 Wed 10-03-10 <br/> 
20:25 Wed 10-03-10 <br/> 
2:54 Thu 11-03-10 <br/> 
3:58 Thu 11-03-10 <br/> 
4:33 Thu 11-03-10 <br/> 
11:56 Thu 11-03-10 <br/> 
17:03 Thu 11-03-10 <br/> 
2:13 Fri 12-03-10 <br/> 
3:39 Fri 12-03-10 <br/> 
8:11 Fri 12-03-10 <br/> 
17:04 Fri 12-03-10 <br/> 
18:55 Fri 12-03-10 <br/> 
23:12 Fri 12-03-10 <br/> 
7:40 Sat 13-03-10 <br/> 
13:00 Sat 13-03-10 <br/> 
15:04 Sat 13-03-10 <br/> 
17:06 Sat 13-03-10 <br/> 
8:25 Sun 14-03-10 <br/> 
12:40 Sun 14-03-10 <br/> 
12:49 Sun 14-03-10 <br/> 
15:24 Sun 14-03-10 <br/> 
15:39 Sun 14-03-10 <br/> 
20:42 Sun 14-03-10 <br/> 
20:52 Sun 14-03-10 <br/> 
1:03 Mon 15-03-10 <br/> 
7:58 Mon 15-03-10 <br/> 
19:39 Mon 15-03-10 <br/> 
20:54 Mon 15-03-10 <br/> 
2:07 Tue 16-03-10 <br/> 
9:18 Tue 16-03-10 <br/> 
9:21 Tue 16-03-10 <br/> 
9:23 Tue 16-03-10 <br/> 
9:23 Tue 16-03-10 <br/> 
9:23 Tue 16-03-10 <br/> 
16:36 Tue 16-03-10 <br/> 
18:56 Tue 16-03-10 <br/> 
20:56 Tue 16-03-10 <br/> 
21:19 Tue 16-03-10 <br/> 
0:38 Wed 17-03-10 <br/> 
7:53 Wed 17-03-10 <br/> 
20:58 Wed 17-03-10 <br/> 
7:28 Thu 18-03-10 <br/> 
16:17 Thu 18-03-10 <br/> 
16:29 Thu 18-03-10 <br/> 
20:59 Thu 18-03-10 <br/> 
21:04 Thu 18-03-10 <br/> 
22:18 Thu 18-03-10 <br/> 
23:34 Thu 18-03-10 <br/> 
3:09 Fri 19-03-10 <br/> 
6:45 Fri 19-03-10 <br/> 
13:57 Fri 19-03-10 <br/> 
20:09 Fri 19-03-10 <br/> 
21:00 Fri 19-03-10 <br/> 
21:38 Fri 19-03-10 <br/> 
0:16 Sat 20-03-10 <br/> 
2:16 Sat 20-03-10 <br/> 
6:14 Sat 20-03-10 <br/> 
21:02 Sat 20-03-10 <br/> 
0:17 Sun 21-03-10 <br/> 
1:16 Sun 21-03-10 <br/> 
8:29 Sun 21-03-10 <br/> 
11:15 Sun 21-03-10 <br/> 
11:46 Sun 21-03-10 <br/> 
15:47 Sun 21-03-10 <br/> 
16:42 Sun 21-03-10 <br/> 
21:05 Sun 21-03-10 <br/> 
0:19 Mon 22-03-10 <br/> 
8:48 Mon 22-03-10 <br/> 
10:44 Mon 22-03-10 <br/> 
12:33 Mon 22-03-10 <br/> 
21:06 Mon 22-03-10 <br/> 
0:21 Tue 23-03-10 <br/> 
0:32 Tue 23-03-10 <br/> 
3:42 Tue 23-03-10 <br/> 
10:22 Tue 23-03-10 <br/> 
13:15 Tue 23-03-10 <br/> 
18:01 Tue 23-03-10 <br/> 
21:11 Tue 23-03-10 <br/> 
23:21 Tue 23-03-10 <br/> 
0:22 Wed 24-03-10 <br/> 
15:49 Wed 24-03-10 <br/> 
16:17 Wed 24-03-10 <br/> 
20:23 Wed 24-03-10 <br/> 
21:22 Wed 24-03-10 <br/> 
21:39 Wed 24-03-10 <br/> 
0:25 Thu 25-03-10 <br/> 
3:59 Thu 25-03-10 <br/> 
4:51 Thu 25-03-10 <br/> 
11:05 Thu 25-03-10 <br/> 
12:42 Thu 25-03-10 <br/> 
21:23 Thu 25-03-10 <br/> 
0:27 Fri 26-03-10 <br/> 
1:11 Fri 26-03-10 <br/> 
5:36 Fri 26-03-10 <br/> 
7:07 Fri 26-03-10 <br/> 
19:10 Fri 26-03-10 <br/> 
21:25 Fri 26-03-10 <br/> 
0:28 Sat 27-03-10 <br/> 
13:06 Sat 27-03-10 <br/> 
14:13 Sat 27-03-10 <br/> 
16:11 Sat 27-03-10 <br/> 
16:16 Sat 27-03-10 <br/> 
21:27 Sat 27-03-10 <br/> 
0:29 Sun 28-03-10 <br/> 
10:36 Sun 28-03-10 <br/> 
16:21 Sun 28-03-10 <br/> 
21:05 Sun 28-03-10 <br/> 
21:28 Sun 28-03-10 <br/> 
0:30 Mon 29-03-10 <br/> 
1:26 Mon 29-03-10 <br/> 
7:06 Mon 29-03-10 <br/> 
13:51 Mon 29-03-10 <br/> 
16:17 Mon 29-03-10 <br/> 
2:12 Tue 30-03-10 <br/> 
5:11 Tue 30-03-10 <br/> 
5:20 Tue 30-03-10 <br/> 
6:01 Tue 30-03-10 <br/> 
11:03 Tue 30-03-10 <br/> 
12:16 Tue 30-03-10 <br/> 
13:30 Tue 30-03-10 <br/> 
14:25 Tue 30-03-10 <br/> 
22:34 Tue 30-03-10 <br/> 
12:19 Wed 31-03-10 <br/> 
13:33 Wed 31-03-10 <br/> 
14:33 Wed 31-03-10 <br/> 
12:32 Thu 01-04-10 <br/> 
15:00 Thu 01-04-10 <br/> 
8:25 Fri 02-04-10 <br/> 
9:28 Fri 02-04-10 <br/> 
12:42 Fri 02-04-10 <br/> 
13:41 Fri 02-04-10 <br/> 
15:06 Fri 02-04-10 <br/> 
15:52 Fri 02-04-10 <br/> 
17:21 Fri 02-04-10 <br/> 
0:18 Sat 03-04-10 <br/> 
11:30 Sat 03-04-10 <br/> 
12:29 Sat 03-04-10 <br/> 
12:45 Sat 03-04-10 <br/> 
13:46 Sat 03-04-10 <br/> 
15:54 Sat 03-04-10 <br/> 
18:38 Sat 03-04-10 <br/> 
2:47 Sun 04-04-10 <br/> 
9:52 Sun 04-04-10 <br/> 
12:47 Sun 04-04-10 <br/> 
13:34 Sun 04-04-10 <br/> 
15:41 Sun 04-04-10 <br/> 
15:57 Sun 04-04-10 <br/> 
18:26 Sun 04-04-10 <br/> 
1:11 Mon 05-04-10 <br/> 
7:11 Mon 05-04-10 <br/> 
12:49 Mon 05-04-10 <br/> 
16:02 Mon 05-04-10 <br/> 
18:22 Mon 05-04-10 <br/> 
9:40 Tue 06-04-10 <br/> 
12:52 Tue 06-04-10 <br/> 
16:47 Tue 06-04-10 <br/> 
18:35 Tue 06-04-10 <br/> 
22:09 Tue 06-04-10 <br/> 
3:31 Wed 07-04-10 <br/> 
9:37 Wed 07-04-10 <br/> 
12:53 Wed 07-04-10 <br/> 
22:25 Wed 07-04-10 <br/> 
22:39 Wed 07-04-10 <br/> 
5:01 Thu 08-04-10 <br/> 
13:04 Thu 08-04-10 <br/> 
15:35 Thu 08-04-10 <br/> 
16:38 Thu 08-04-10 <br/> 
17:34 Thu 08-04-10 <br/> 
20:01 Thu 08-04-10 <br/> 
2:04 Fri 09-04-10 <br/> 
13:08 Fri 09-04-10 <br/> 
17:00 Fri 09-04-10 <br/> 
1:34 Sat 10-04-10 <br/> 
10:11 Sat 10-04-10 <br/> 
11:29 Sat 10-04-10 <br/> 
16:25 Sat 10-04-10 <br/> 
18:41 Sat 10-04-10 <br/> 
19:20 Sat 10-04-10 <br/> 
19:46 Sat 10-04-10 <br/> 
0:47 Sun 11-04-10 <br/> 
3:15 Sun 11-04-10 <br/> 
9:30 Sun 11-04-10 <br/> 
12:33 Sun 11-04-10 <br/> 
18:34 Sun 11-04-10 <br/> 
19:54 Sun 11-04-10 <br/> 
3:55 Mon 12-04-10 <br/> 
4:52 Mon 12-04-10 <br/> 
12:08 Mon 12-04-10 <br/> 
13:15 Mon 12-04-10 <br/> 
14:39 Mon 12-04-10 <br/> 
17:38 Mon 12-04-10 <br/> 
19:45 Mon 12-04-10 <br/> 
19:58 Mon 12-04-10 <br/> 
21:55 Mon 12-04-10 <br/> 
4:07 Tue 13-04-10 <br/> 
10:43 Tue 13-04-10 <br/> 
13:39 Tue 13-04-10 <br/> 
20:27 Tue 13-04-10 <br/> 
0:15 Wed 14-04-10 <br/> 
4:09 Wed 14-04-10 <br/> 
11:05 Wed 14-04-10 <br/> 
13:41 Wed 14-04-10 <br/> 
15:42 Wed 14-04-10 <br/> 
21:22 Wed 14-04-10 <br/> 
4:11 Thu 15-04-10 <br/> 
13:43 Thu 15-04-10 <br/> 
16:10 Thu 15-04-10 <br/> 
4:14 Fri 16-04-10 <br/> 
18:15 Fri 16-04-10 <br/> 
19:16 Fri 16-04-10 <br/> 
22:10 Fri 16-04-10 <br/> 
4:16 Sat 17-04-10 <br/> 
11:31 Sat 17-04-10 <br/> 
13:45 Sat 17-04-10 <br/> 
14:38 Sat 17-04-10 <br/> 
23:09 Sat 17-04-10 <br/> 
0:20 Sun 18-04-10 <br/> 
4:18 Sun 18-04-10 <br/> 
4:34 Sun 18-04-10 <br/> 
9:24 Sun 18-04-10 <br/> 
13:45 Sun 18-04-10 <br/> 
16:29 Sun 18-04-10 <br/> 
20:23 Sun 18-04-10 <br/> 
21:23 Sun 18-04-10 <br/> 
22:50 Sun 18-04-10 <br/> 
0:50 Mon 19-04-10 <br/> 
4:23 Mon 19-04-10 <br/> 
5:30 Mon 19-04-10 <br/> 
6:43 Mon 19-04-10 <br/> 
9:47 Mon 19-04-10 <br/> 
11:47 Mon 19-04-10 <br/> 
13:47 Mon 19-04-10 <br/> 
14:28 Mon 19-04-10 <br/> 
0:54 Tue 20-04-10 <br/> 
4:32 Tue 20-04-10 <br/> 
13:48 Tue 20-04-10 <br/> 
19:14 Tue 20-04-10 <br/> 
5:22 Wed 21-04-10 <br/> 
7:54 Wed 21-04-10 <br/> 
13:50 Wed 21-04-10 <br/> 
23:07 Wed 21-04-10 <br/> 
5:32 Thu 22-04-10 <br/> 
5:32 Thu 22-04-10 <br/> 
12:59 Thu 22-04-10 <br/> 
13:52 Thu 22-04-10 <br/> 
23:26 Thu 22-04-10 <br/> 
0:49 Fri 23-04-10 <br/> 
0:54 Fri 23-04-10 <br/> 
1:24 Fri 23-04-10 <br/> 
3:18 Fri 23-04-10 <br/> 
3:50 Fri 23-04-10 <br/> 
13:54 Fri 23-04-10 <br/> 
15:45 Fri 23-04-10 <br/> 
16:54 Fri 23-04-10 <br/> 
23:00 Fri 23-04-10 <br/> 
1:08 Sat 24-04-10 <br/> 
9:04 Sat 24-04-10 <br/> 
13:55 Sat 24-04-10 <br/> 
17:07 Sat 24-04-10 <br/> 
22:22 Sat 24-04-10 <br/> 
1:15 Sun 25-04-10 <br/> 
3:48 Sun 25-04-10 <br/> 
4:07 Sun 25-04-10 <br/> 
4:13 Sun 25-04-10 <br/> 
5:51 Sun 25-04-10 <br/> 
10:09 Sun 25-04-10 <br/> 
10:40 Sun 25-04-10 <br/> 
14:00 Sun 25-04-10 <br/> 
14:06 Sun 25-04-10 <br/> 
17:56 Sun 25-04-10 <br/> 
18:57 Sun 25-04-10 <br/> 
21:15 Sun 25-04-10 <br/> 
1:41 Mon 26-04-10 <br/> 
14:09 Mon 26-04-10 <br/> 
17:32 Mon 26-04-10 <br/> 
21:42 Mon 26-04-10 <br/> 
2:01 Tue 27-04-10 <br/> 
7:06 Tue 27-04-10 <br/> 
11:05 Tue 27-04-10 <br/> 
15:25 Tue 27-04-10 <br/> 
16:36 Tue 27-04-10 <br/> 
16:41 Tue 27-04-10 <br/> 
21:39 Tue 27-04-10 <br/> 
2:03 Wed 28-04-10 <br/> 
4:57 Wed 28-04-10 <br/> 
6:11 Wed 28-04-10 <br/> 
10:34 Wed 28-04-10 <br/> 
14:12 Wed 28-04-10 <br/> 
16:02 Wed 28-04-10 <br/> 
16:42 Wed 28-04-10 <br/> 
21:12 Wed 28-04-10 <br/> 
0:16 Thu 29-04-10 <br/> 
2:06 Thu 29-04-10 <br/> 
2:06 Thu 29-04-10 <br/> 
6:05 Thu 29-04-10 <br/> 
11:20 Thu 29-04-10 <br/> 
12:45 Thu 29-04-10 <br/> 
12:52 Thu 29-04-10 <br/> 
15:12 Thu 29-04-10 <br/> 
17:57 Thu 29-04-10 <br/> 
19:58 Thu 29-04-10 <br/> 
2:12 Fri 30-04-10 <br/> 
4:34 Fri 30-04-10 <br/> 
22:37 Fri 30-04-10 <br/> 
23:30 Fri 30-04-10 <br/> 
1:17 Sat 01-05-10 <br/> 
1:39 Sat 01-05-10 <br/> 
2:14 Sat 01-05-10 <br/> 
4:39 Sat 01-05-10 <br/> 
11:43 Sat 01-05-10 <br/> 
23:32 Sat 01-05-10 <br/> 
2:20 Sun 02-05-10 <br/> 
16:31 Sun 02-05-10 <br/> 
22:21 Sun 02-05-10 <br/> 
23:35 Sun 02-05-10 <br/> 
2:21 Mon 03-05-10 <br/> 
4:49 Mon 03-05-10 <br/> 
9:18 Mon 03-05-10 <br/> 
11:32 Mon 03-05-10 <br/> 
11:56 Mon 03-05-10 <br/> 
15:26 Mon 03-05-10 <br/> 
21:25 Mon 03-05-10 <br/> 
23:37 Mon 03-05-10 <br/> 
2:25 Tue 04-05-10 <br/> 
4:32 Tue 04-05-10 <br/> 
6:23 Tue 04-05-10 <br/> 
14:36 Tue 04-05-10 <br/> 
18:28 Tue 04-05-10 <br/> 
19:51 Tue 04-05-10 <br/> 
22:18 Tue 04-05-10 <br/> 
2:38 Wed 05-05-10 <br/> 
4:37 Wed 05-05-10 <br/> 
5:40 Wed 05-05-10 <br/> 
12:09 Wed 05-05-10 <br/> 
12:47 Wed 05-05-10 <br/> 
15:15 Wed 05-05-10 <br/> 
21:33 Wed 05-05-10 <br/> 
22:07 Wed 05-05-10 <br/> 
22:33 Wed 05-05-10 <br/> 
3:15 Thu 06-05-10 <br/> 
6:07 Thu 06-05-10 <br/> 
10:00 Thu 06-05-10 <br/> 
15:32 Thu 06-05-10 <br/> 
3:22 Fri 07-05-10 <br/> 
5:58 Fri 07-05-10 <br/> 
6:36 Fri 07-05-10 <br/> 
17:54 Fri 07-05-10 <br/> 
19:46 Fri 07-05-10 <br/> 
2:02 Sat 08-05-10 <br/> 
3:15 Sat 08-05-10 <br/> 
3:23 Sat 08-05-10 <br/> 
6:40 Sat 08-05-10 <br/> 
15:09 Sat 08-05-10 <br/> 
17:57 Sat 08-05-10 <br/> 
2:22 Sun 09-05-10 <br/> 
3:26 Sun 09-05-10 <br/> 
4:04 Sun 09-05-10 <br/> 
4:32 Sun 09-05-10 <br/> 
6:03 Sun 09-05-10 <br/> 
6:42 Sun 09-05-10 <br/> 
7:46 Sun 09-05-10 <br/> 
10:20 Sun 09-05-10 <br/> 
13:18 Sun 09-05-10 <br/> 
15:57 Sun 09-05-10 <br/> 
16:11 Sun 09-05-10 <br/> 
18:13 Sun 09-05-10 <br/> 
21:15 Sun 09-05-10 <br/> 
22:16 Sun 09-05-10 <br/> 
3:29 Mon 10-05-10 <br/> 
4:09 Mon 10-05-10 <br/> 
6:44 Mon 10-05-10 <br/> 
9:05 Mon 10-05-10 <br/> 
11:39 Mon 10-05-10 <br/> 
11:48 Mon 10-05-10 <br/> 
15:23 Mon 10-05-10 <br/> 
18:01 Mon 10-05-10 <br/> 
20:13 Mon 10-05-10 <br/> 
22:30 Mon 10-05-10 <br/> 
3:31 Tue 11-05-10 <br/> 
6:45 Tue 11-05-10 <br/> 
13:05 Tue 11-05-10 <br/> 
15:35 Tue 11-05-10 <br/> 
19:16 Tue 11-05-10 <br/> 
3:21 Wed 12-05-10 <br/> 
3:33 Wed 12-05-10 <br/> 
6:50 Wed 12-05-10 <br/> 
7:22 Wed 12-05-10 <br/> 
7:55 Wed 12-05-10 <br/> 
11:45 Wed 12-05-10 <br/> 
17:34 Wed 12-05-10 <br/> 
6:54 Thu 13-05-10 <br/> 
8:37 Thu 13-05-10 <br/> 
12:03 Thu 13-05-10 <br/> 
18:52 Thu 13-05-10 <br/> 
19:31 Thu 13-05-10 <br/> 
0:24 Fri 14-05-10 <br/> 
0:37 Fri 14-05-10 <br/> 
4:36 Fri 14-05-10 <br/> 
6:58 Fri 14-05-10 <br/> 
8:39 Fri 14-05-10 <br/> 
5:46 Sat 15-05-10 <br/> 
7:06 Sat 15-05-10 <br/> 
8:43 Sat 15-05-10 <br/> 
13:31 Sat 15-05-10 <br/> 
14:05 Sat 15-05-10 <br/> 
14:26 Sat 15-05-10 <br/> 
15:31 Sat 15-05-10 <br/> 
17:26 Sat 15-05-10 <br/> 
19:31 Sat 15-05-10 <br/> 
19:49 Sat 15-05-10 <br/> 
20:11 Sat 15-05-10 <br/> 
23:23 Sat 15-05-10 <br/> 
8:55 Sun 16-05-10 <br/> 
9:40 Sun 16-05-10 <br/> 
9:40 Sun 16-05-10 <br/> 
12:10 Sun 16-05-10 <br/> 
12:48 Sun 16-05-10 <br/> 
15:02 Sun 16-05-10 <br/> 
15:07 Sun 16-05-10 <br/> 
22:32 Sun 16-05-10 <br/> 
23:25 Sun 16-05-10 <br/> 
8:57 Mon 17-05-10 <br/> 
18:43 Mon 17-05-10 <br/> 
23:31 Mon 17-05-10 <br/> 
1:12 Tue 18-05-10 <br/> 
8:59 Tue 18-05-10 <br/> 
15:47 Tue 18-05-10 <br/> 
23:29 Tue 18-05-10 <br/> 
23:35 Tue 18-05-10 <br/> 
5:25 Wed 19-05-10 <br/> 
6:10 Wed 19-05-10 <br/> 
12:18 Wed 19-05-10 <br/> 
15:00 Wed 19-05-10 <br/> 
17:08 Wed 19-05-10 <br/> 
19:25 Wed 19-05-10 <br/> 
23:15 Wed 19-05-10 <br/> 
23:40 Wed 19-05-10 <br/> 
7:50 Thu 20-05-10 <br/> 
9:36 Thu 20-05-10 <br/> 
17:08 Thu 20-05-10 <br/> 
23:44 Thu 20-05-10 <br/> 
0:42 Fri 21-05-10 <br/> 
0:42 Fri 21-05-10 <br/> 
4:44 Fri 21-05-10 <br/> 
9:37 Fri 21-05-10 <br/> 
17:13 Fri 21-05-10 <br/> 
20:11 Fri 21-05-10 <br/> 
20:46 Fri 21-05-10 <br/> 
23:46 Fri 21-05-10 <br/> 
4:44 Sat 22-05-10 <br/> 
17:14 Sat 22-05-10 <br/> 
19:12 Sat 22-05-10 <br/> 
23:48 Sat 22-05-10 <br/> 
7:52 Sun 23-05-10 <br/> 
10:36 Sun 23-05-10 <br/> 
20:09 Sun 23-05-10 <br/> 
20:37 Sun 23-05-10 <br/> 
22:03 Sun 23-05-10 <br/> 
22:12 Sun 23-05-10 <br/> 
23:49 Sun 23-05-10 <br/> 
2:35 Mon 24-05-10 <br/> 
2:48 Mon 24-05-10 <br/> 
4:38 Mon 24-05-10 <br/> 
13:40 Mon 24-05-10 <br/> 
17:43 Mon 24-05-10 <br/> 
21:59 Mon 24-05-10 <br/> 
23:52 Mon 24-05-10 <br/> 
5:01 Tue 25-05-10 <br/> 
8:31 Tue 25-05-10 <br/> 
16:29 Tue 25-05-10 <br/> 
22:10 Tue 25-05-10 <br/> 
22:52 Tue 25-05-10 <br/> 
23:53 Tue 25-05-10 <br/> 
2:16 Wed 26-05-10 <br/> 
5:00 Wed 26-05-10 <br/> 
6:14 Wed 26-05-10 <br/> 
13:08 Wed 26-05-10 <br/> 
22:30 Wed 26-05-10 <br/> 
23:05 Wed 26-05-10 <br/> 
23:58 Wed 26-05-10 <br/> 
2:07 Thu 27-05-10 <br/> 
3:26 Thu 27-05-10 <br/> 
13:31 Thu 27-05-10 <br/> 
13:44 Thu 27-05-10 <br/> 
14:15 Thu 27-05-10 <br/> 
20:13 Thu 27-05-10 <br/> 
21:44 Thu 27-05-10 <br/> 
22:32 Thu 27-05-10 <br/> 
0:00 Fri 28-05-10 <br/> 
1:44 Fri 28-05-10 <br/> 
3:01 Fri 28-05-10 <br/> 
5:25 Fri 28-05-10 <br/> 
8:14 Fri 28-05-10 <br/> 
11:36 Fri 28-05-10 <br/> 
17:47 Fri 28-05-10 <br/> 
19:33 Fri 28-05-10 <br/> 
22:35 Fri 28-05-10 <br/> 
3:04 Sat 29-05-10 <br/> 
4:53 Sat 29-05-10 <br/> 
21:07 Sat 29-05-10 <br/> 
22:36 Sat 29-05-10 <br/> 
1:42 Sun 30-05-10 <br/> 
3:05 Sun 30-05-10 <br/> 
4:01 Sun 30-05-10 <br/> 
4:33 Sun 30-05-10 <br/> 
10:14 Sun 30-05-10 <br/> 
18:23 Sun 30-05-10 <br/> 
22:39 Sun 30-05-10 <br/> 
0:13 Mon 31-05-10 <br/> 
1:02 Mon 31-05-10 <br/> 
3:09 Mon 31-05-10 <br/> 
9:35 Mon 31-05-10 <br/> 
21:43 Mon 31-05-10 <br/> 
22:41 Mon 31-05-10 <br/> 
0:29 Tue 01-06-10 <br/> 
3:10 Tue 01-06-10 <br/> 
17:37 Tue 01-06-10 <br/> 
19:09 Tue 01-06-10 <br/> 
19:37 Tue 01-06-10 <br/> 
22:46 Tue 01-06-10 <br/> 
0:35 Wed 02-06-10 <br/> 
2:38 Wed 02-06-10 <br/> 
3:11 Wed 02-06-10 <br/> 
9:45 Wed 02-06-10 <br/> 
14:33 Wed 02-06-10 <br/> 
22:24 Wed 02-06-10 <br/> 
22:48 Wed 02-06-10 <br/> 
23:58 Wed 02-06-10 <br/> 
3:18 Thu 03-06-10 <br/> 
6:12 Thu 03-06-10 <br/> 
9:18 Thu 03-06-10 <br/> 
11:50 Thu 03-06-10 <br/> 
19:10 Thu 03-06-10 <br/> 
23:05 Thu 03-06-10 <br/> 
23:57 Thu 03-06-10 <br/> 
3:21 Fri 04-06-10 <br/> 
7:24 Fri 04-06-10 <br/> 
9:06 Fri 04-06-10 <br/> 
17:49 Fri 04-06-10 <br/> 
18:44 Fri 04-06-10 <br/> 
19:05 Fri 04-06-10 <br/> 
23:08 Fri 04-06-10 <br/> 
2:57 Sat 05-06-10 <br/> 
3:23 Sat 05-06-10 <br/> 
6:12 Sat 05-06-10 <br/> 
10:40 Sat 05-06-10 <br/> 
17:20 Sat 05-06-10 <br/> 
23:09 Sat 05-06-10 <br/> 
0:01 Sun 06-06-10 <br/> 
3:26 Sun 06-06-10 <br/> 
3:31 Sun 06-06-10 <br/> 
22:43 Sun 06-06-10 <br/> 
23:11 Sun 06-06-10 <br/> 
1:00 Mon 07-06-10 <br/> 
1:47 Mon 07-06-10 <br/> 
2:27 Mon 07-06-10 <br/> 
3:28 Mon 07-06-10 <br/> 
4:11 Mon 07-06-10 <br/> 
9:22 Mon 07-06-10 <br/> 
0:17 Tue 08-06-10 <br/> 
1:48 Tue 08-06-10 <br/> 
2:13 Tue 08-06-10 <br/> 
4:33 Tue 08-06-10 <br/> 
6:37 Tue 08-06-10 <br/> 
9:53 Tue 08-06-10 <br/> 
10:24 Tue 08-06-10 <br/> 
0:28 Wed 09-06-10 <br/> 
0:52 Wed 09-06-10 <br/> 
4:13 Wed 09-06-10 <br/> 
9:49 Wed 09-06-10 <br/> 
9:56 Wed 09-06-10 <br/> 
15:00 Wed 09-06-10 <br/> 
0:09 Thu 10-06-10 <br/> 
0:55 Thu 10-06-10 <br/> 
6:43 Thu 10-06-10 <br/> 
9:59 Thu 10-06-10 <br/> 
1:13 Fri 11-06-10 <br/> 
5:14 Fri 11-06-10 <br/> 
6:02 Fri 11-06-10 <br/> 
10:08 Fri 11-06-10 <br/> 
10:27 Fri 11-06-10 <br/> 
1:18 Sat 12-06-10 <br/> 
4:47 Sat 12-06-10 <br/> 
5:04 Sat 12-06-10 <br/> 
7:45 Sat 12-06-10 <br/> 
10:11 Sat 12-06-10 <br/> 
11:58 Sat 12-06-10 <br/> 
12:56 Sat 12-06-10 <br/> 
1:20 Sun 13-06-10 <br/> 
2:38 Sun 13-06-10 <br/> 
10:12 Sun 13-06-10 <br/> 
17:11 Sun 13-06-10 <br/> 
1:12 Mon 14-06-10 <br/> 
1:25 Mon 14-06-10 <br/> 
1:58 Mon 14-06-10 <br/> 
4:45 Mon 14-06-10 <br/> 
10:16 Mon 14-06-10 <br/> 
15:36 Mon 14-06-10 <br/> 
22:10 Mon 14-06-10 <br/> 
1:28 Tue 15-06-10 <br/> 
5:03 Tue 15-06-10 <br/> 
5:04 Tue 15-06-10 <br/> 
10:19 Tue 15-06-10 <br/> 
19:49 Tue 15-06-10 <br/> 
1:31 Wed 16-06-10 <br/> 
5:53 Wed 16-06-10 <br/> 
10:21 Wed 16-06-10 <br/> 
10:33 Wed 16-06-10 <br/> 
14:36 Wed 16-06-10 <br/> 
17:04 Wed 16-06-10 <br/> 
21:54 Wed 16-06-10 <br/> 
23:53 Wed 16-06-10 <br/> 
1:45 Thu 17-06-10 <br/> 
4:38 Thu 17-06-10 <br/> 
6:55 Thu 17-06-10 <br/> 
9:37 Thu 17-06-10 <br/> 
10:23 Thu 17-06-10 <br/> 
1:48 Fri 18-06-10 <br/> 
10:25 Fri 18-06-10 <br/> 
23:13 Fri 18-06-10 <br/> 
1:50 Sat 19-06-10 <br/> 
4:27 Sat 19-06-10 <br/> 
5:30 Sat 19-06-10 <br/> 
5:32 Sat 19-06-10 <br/> 
7:28 Sat 19-06-10 <br/> 
9:44 Sat 19-06-10 <br/> 
10:27 Sat 19-06-10 <br/> 
11:23 Sat 19-06-10 <br/> 
12:03 Sat 19-06-10 <br/> 
12:41 Sat 19-06-10 <br/> 
14:39 Sat 19-06-10 <br/> 
14:55 Sat 19-06-10 <br/> 
1:51 Sun 20-06-10 <br/> 
11:44 Sun 20-06-10 <br/> 
18:29 Sun 20-06-10 <br/> 
1:56 Mon 21-06-10 <br/> 
2:37 Mon 21-06-10 <br/> 
8:40 Mon 21-06-10 <br/> 
14:19 Mon 21-06-10 <br/> 
14:19 Mon 21-06-10 <br/> 
18:41 Mon 21-06-10 <br/> 
21:40 Mon 21-06-10 <br/> 
1:57 Tue 22-06-10 <br/> 
2:47 Tue 22-06-10 <br/> 
6:55 Tue 22-06-10 <br/> 
18:49 Tue 22-06-10 <br/> 
19:24 Tue 22-06-10 <br/> 
20:07 Tue 22-06-10 <br/> 
23:31 Tue 22-06-10 <br/> 
1:59 Wed 23-06-10 <br/> 
3:26 Wed 23-06-10 <br/> 
7:54 Wed 23-06-10 <br/> 
10:53 Wed 23-06-10 <br/> 
10:54 Wed 23-06-10 <br/> 
18:22 Wed 23-06-10 <br/> 
18:51 Wed 23-06-10 <br/> 
23:40 Wed 23-06-10 <br/> 
2:01 Thu 24-06-10 <br/> 
5:54 Thu 24-06-10 <br/> 
7:54 Thu 24-06-10 <br/> 
18:52 Thu 24-06-10 <br/> 
20:05 Thu 24-06-10 <br/> 
0:22 Fri 25-06-10 <br/> 
2:10 Fri 25-06-10 <br/> 
6:34 Fri 25-06-10 <br/> 
7:19 Fri 25-06-10 <br/> 
8:21 Fri 25-06-10 <br/> 
18:54 Fri 25-06-10 <br/> 
2:11 Sat 26-06-10 <br/> 
5:57 Sat 26-06-10 <br/> 
9:15 Sat 26-06-10 <br/> 
18:59 Sat 26-06-10 <br/> 
23:20 Sat 26-06-10 <br/> 
23:20 Sat 26-06-10 <br/> 
2:13 Sun 27-06-10 <br/> 
6:15 Sun 27-06-10 <br/> 
11:25 Sun 27-06-10 <br/> 
19:07 Sun 27-06-10 <br/> 
23:51 Sun 27-06-10 <br/> 
2:15 Mon 28-06-10 <br/> 
5:23 Mon 28-06-10 <br/> 
10:56 Mon 28-06-10 <br/> 
13:22 Mon 28-06-10 <br/> 
14:57 Mon 28-06-10 <br/> 
19:09 Mon 28-06-10 <br/> 
2:16 Tue 29-06-10 <br/> 
17:07 Tue 29-06-10 <br/> 
17:07 Tue 29-06-10 <br/> 
17:07 Tue 29-06-10 <br/> 
17:07 Tue 29-06-10 <br/> 
19:10 Tue 29-06-10 <br/> 
19:56 Tue 29-06-10 <br/> 
2:18 Wed 30-06-10 <br/> 
5:09 Wed 30-06-10 <br/> 
5:45 Wed 30-06-10 <br/> 
7:09 Wed 30-06-10 <br/> 
7:09 Wed 30-06-10 <br/> 
9:58 Wed 30-06-10 <br/> 
12:54 Wed 30-06-10 <br/> 
15:54 Wed 30-06-10 <br/> 
19:13 Wed 30-06-10 <br/> 
2:20 Thu 01-07-10 <br/> 
4:44 Thu 01-07-10 <br/> 
8:03 Thu 01-07-10 <br/> 
10:06 Thu 01-07-10 <br/> 
13:13 Thu 01-07-10 <br/> 
19:14 Thu 01-07-10 <br/> 
2:22 Fri 02-07-10 <br/> 
4:51 Fri 02-07-10 <br/> 
9:26 Fri 02-07-10 <br/> 
16:08 Fri 02-07-10 <br/> 
18:28 Fri 02-07-10 <br/> 
2:04 Sat 03-07-10 <br/> 
2:32 Sat 03-07-10 <br/> 
5:30 Sat 03-07-10 <br/> 
7:56 Sat 03-07-10 <br/> 
22:35 Sat 03-07-10 <br/> 
2:13 Sun 04-07-10 <br/> 
2:33 Sun 04-07-10 <br/> 
4:53 Sun 04-07-10 <br/> 
8:06 Sun 04-07-10 <br/> 
2:17 Mon 05-07-10 <br/> 
2:56 Mon 05-07-10 <br/> 
4:42 Mon 05-07-10 <br/> 
6:16 Mon 05-07-10 <br/> 
6:24 Mon 05-07-10 <br/> 
11:15 Mon 05-07-10 <br/> 
15:07 Mon 05-07-10 <br/> 
2:19 Tue 06-07-10 <br/> 
3:01 Tue 06-07-10 <br/> 
11:02 Tue 06-07-10 <br/> 
11:30 Tue 06-07-10 <br/> 
12:03 Tue 06-07-10 <br/> 
19:05 Tue 06-07-10 <br/> 
20:15 Tue 06-07-10 <br/> 
0:44 Wed 07-07-10 <br/> 
2:20 Wed 07-07-10 <br/> 
3:09 Wed 07-07-10 <br/> 
3:33 Wed 07-07-10 <br/> 
3:44 Wed 07-07-10 <br/> 
8:01 Wed 07-07-10 <br/> 
15:14 Wed 07-07-10 <br/> 
2:22 Thu 08-07-10 <br/> 
3:39 Thu 08-07-10 <br/> 
8:00 Thu 08-07-10 <br/> 
11:56 Thu 08-07-10 <br/> 
2:26 Fri 09-07-10 <br/> 
6:01 Fri 09-07-10 <br/> 
6:46 Fri 09-07-10 <br/> 
8:57 Fri 09-07-10 <br/> 
11:58 Fri 09-07-10 <br/> 
17:56 Fri 09-07-10 <br/> 
2:31 Sat 10-07-10 <br/> 
3:04 Sat 10-07-10 <br/> 
6:05 Sat 10-07-10 <br/> 
12:00 Sat 10-07-10 <br/> 
12:04 Sat 10-07-10 <br/> 
12:17 Sat 10-07-10 <br/> 
12:44 Sat 10-07-10 <br/> 
16:41 Sat 10-07-10 <br/> 
17:42 Sat 10-07-10 <br/> 
2:35 Sun 11-07-10 <br/> 
12:04 Sun 11-07-10 <br/> 
2:36 Mon 12-07-10 <br/> 
5:02 Mon 12-07-10 <br/> 
7:44 Mon 12-07-10 <br/> 
12:05 Mon 12-07-10 <br/> 
21:03 Mon 12-07-10 <br/> 
2:39 Tue 13-07-10 <br/> 
3:40 Tue 13-07-10 <br/> 
5:52 Tue 13-07-10 <br/> 
12:06 Tue 13-07-10 <br/> 
13:16 Tue 13-07-10 <br/> 
20:04 Tue 13-07-10 <br/> 
4:25 Wed 14-07-10 <br/> 
4:43 Wed 14-07-10 <br/> 
5:04 Wed 14-07-10 <br/> 
7:53 Wed 14-07-10 <br/> 
9:31 Wed 14-07-10 <br/> 
11:57 Wed 14-07-10 <br/> 
12:13 Wed 14-07-10 <br/> 
15:31 Wed 14-07-10 <br/> 
21:09 Wed 14-07-10 <br/> 
3:40 Thu 15-07-10 <br/> 
7:32 Thu 15-07-10 <br/> 
7:56 Thu 15-07-10 <br/> 
9:28 Thu 15-07-10 <br/> 
12:16 Thu 15-07-10 <br/> 
13:48 Thu 15-07-10 <br/> 
3:46 Fri 16-07-10 <br/> 
8:00 Fri 16-07-10 <br/> 
9:12 Fri 16-07-10 <br/> 
20:33 Fri 16-07-10 <br/> 
8:05 Sat 17-07-10 <br/> 
20:34 Sat 17-07-10 <br/> 
7:53 Sun 18-07-10 <br/> 
8:28 Sun 18-07-10 <br/> 
20:42 Sun 18-07-10 <br/> 
3:50 Mon 19-07-10 <br/> 
5:30 Mon 19-07-10 <br/> 
8:30 Mon 19-07-10 <br/> 
12:52 Mon 19-07-10 <br/> 
14:10 Mon 19-07-10 <br/> 
19:19 Mon 19-07-10 <br/> 
20:44 Mon 19-07-10 <br/> 
2:52 Tue 20-07-10 <br/> 
3:04 Tue 20-07-10 <br/> 
4:18 Tue 20-07-10 <br/> 
5:12 Tue 20-07-10 <br/> 
8:38 Tue 20-07-10 <br/> 
16:42 Tue 20-07-10 <br/> 
20:45 Tue 20-07-10 <br/> 
8:41 Wed 21-07-10 <br/> 
13:52 Wed 21-07-10 <br/> 
19:01 Wed 21-07-10 <br/> 
20:52 Wed 21-07-10 <br/> 
8:49 Thu 22-07-10 <br/> 
23:55 Thu 22-07-10 <br/> 
4:56 Fri 23-07-10 <br/> 
5:12 Fri 23-07-10 <br/> 
6:01 Fri 23-07-10 <br/> 
8:50 Fri 23-07-10 <br/> 
16:21 Fri 23-07-10 <br/> 
20:02 Fri 23-07-10 <br/> 
6:07 Sat 24-07-10 <br/> 
9:32 Sat 24-07-10 <br/> 
15:24 Sat 24-07-10 <br/> 
16:35 Sat 24-07-10 <br/> 
1:17 Sun 25-07-10 <br/> 
2:28 Sun 25-07-10 <br/> 
2:46 Sun 25-07-10 <br/> 
2:54 Sun 25-07-10 <br/> 
7:51 Sun 25-07-10 <br/> 
9:41 Sun 25-07-10 <br/> 
9:46 Sun 25-07-10 <br/> 
10:40 Sun 25-07-10 <br/> 
12:34 Sun 25-07-10 <br/> 
17:37 Sun 25-07-10 <br/> 
19:56 Sun 25-07-10 <br/> 
22:31 Sun 25-07-10 <br/> 
6:19 Mon 26-07-10 <br/> 
9:32 Mon 26-07-10 <br/> 
9:41 Mon 26-07-10 <br/> 
11:10 Mon 26-07-10 <br/> 
12:32 Mon 26-07-10 <br/> 
22:09 Mon 26-07-10 <br/> 
23:52 Mon 26-07-10 <br/> 
4:25 Tue 27-07-10 <br/> 
5:55 Tue 27-07-10 <br/> 
5:58 Tue 27-07-10 <br/> 
11:24 Tue 27-07-10 <br/> 
11:44 Tue 27-07-10 <br/> 
14:39 Tue 27-07-10 <br/> 
16:38 Tue 27-07-10 <br/> 
17:39 Tue 27-07-10 <br/> 
5:03 Wed 28-07-10 <br/> 
6:00 Wed 28-07-10 <br/> 
8:15 Wed 28-07-10 <br/> 
23:42 Wed 28-07-10 <br/> 
3:20 Thu 29-07-10 <br/> 
5:08 Thu 29-07-10 <br/> 
6:04 Thu 29-07-10 <br/> 
12:00 Thu 29-07-10 <br/> 
15:28 Thu 29-07-10 <br/> 
0:00 Fri 30-07-10 <br/> 
6:05 Fri 30-07-10 <br/> 
7:29 Fri 30-07-10 <br/> 
14:35 Fri 30-07-10 <br/> 
1:31 Sat 31-07-10 <br/> 
3:23 Sat 31-07-10 <br/> 
8:16 Sat 31-07-10 <br/> 
11:24 Sat 31-07-10 <br/> 
14:32 Sat 31-07-10 <br/> 
20:13 Sat 31-07-10 <br/> 
21:47 Sat 31-07-10 <br/> 
3:24 Sun 01-08-10 <br/> 
3:45 Sun 01-08-10 <br/> 
5:06 Sun 01-08-10 <br/> 
6:08 Sun 01-08-10 <br/> 
6:37 Sun 01-08-10 <br/> 
17:20 Sun 01-08-10 <br/> 
21:18 Sun 01-08-10 <br/> 
22:49 Sun 01-08-10 <br/> 
3:32 Mon 02-08-10 <br/> 
13:08 Mon 02-08-10 <br/> 
22:55 Mon 02-08-10 <br/> 
23:32 Mon 02-08-10 <br/> 
0:12 Tue 03-08-10 <br/> 
2:06 Tue 03-08-10 <br/> 
3:35 Tue 03-08-10 <br/> 
3:47 Tue 03-08-10 <br/> 
9:06 Tue 03-08-10 <br/> 
9:18 Tue 03-08-10 <br/> 
13:55 Tue 03-08-10 <br/> 
15:04 Tue 03-08-10 <br/> 
15:18 Tue 03-08-10 <br/> 
20:19 Tue 03-08-10 <br/> 
23:00 Tue 03-08-10 <br/> 
0:37 Wed 04-08-10 <br/> 
1:00 Wed 04-08-10 <br/> 
3:00 Wed 04-08-10 <br/> 
3:39 Wed 04-08-10 <br/> 
10:44 Wed 04-08-10 <br/> 
21:34 Wed 04-08-10 <br/> 
23:02 Wed 04-08-10 <br/> 
1:37 Thu 05-08-10 <br/> 
2:33 Thu 05-08-10 <br/> 
3:43 Thu 05-08-10 <br/> 
13:12 Thu 05-08-10 <br/> 
14:25 Thu 05-08-10 <br/> 
17:42 Thu 05-08-10 <br/> 
23:04 Thu 05-08-10 <br/> 
3:50 Fri 06-08-10 <br/> 
4:32 Fri 06-08-10 <br/> 
5:49 Fri 06-08-10 <br/> 
6:07 Fri 06-08-10 <br/> 
23:07 Fri 06-08-10 <br/> 
23:26 Fri 06-08-10 <br/> 
3:56 Sat 07-08-10 <br/> 
4:31 Sat 07-08-10 <br/> 
6:41 Sat 07-08-10 <br/> 
11:25 Sat 07-08-10 <br/> 
16:40 Sat 07-08-10 <br/> 
20:38 Sat 07-08-10 <br/> 
23:09 Sat 07-08-10 <br/> 
2:03 Sun 08-08-10 <br/> 
4:04 Sun 08-08-10 <br/> 
8:27 Sun 08-08-10 <br/> 
23:33 Sun 08-08-10 <br/> 
2:48 Mon 09-08-10 <br/> 
2:51 Mon 09-08-10 <br/> 
3:44 Mon 09-08-10 <br/> 
4:08 Mon 09-08-10 <br/> 
5:06 Mon 09-08-10 <br/> 
6:54 Mon 09-08-10 <br/> 
9:31 Mon 09-08-10 <br/> 
3:52 Tue 10-08-10 <br/> 
4:10 Tue 10-08-10 <br/> 
5:25 Tue 10-08-10 <br/> 
6:34 Tue 10-08-10 <br/> 
6:47 Wed 11-08-10 <br/> 
7:32 Wed 11-08-10 <br/> 
7:56 Wed 11-08-10 <br/> 
9:44 Wed 11-08-10 <br/> 
12:35 Wed 11-08-10 <br/> 
13:11 Wed 11-08-10 <br/> 
22:09 Wed 11-08-10 <br/> 
4:00 Thu 12-08-10 <br/> 
6:53 Thu 12-08-10 <br/> 
12:39 Thu 12-08-10 <br/> 
17:34 Thu 12-08-10 <br/> 
19:38 Thu 12-08-10 <br/> 
6:54 Fri 13-08-10 <br/> 
16:37 Fri 13-08-10 <br/> 
23:27 Fri 13-08-10 <br/> 
2:19 Sat 14-08-10 <br/> 
4:06 Sat 14-08-10 <br/> 
4:06 Sat 14-08-10 <br/> 
7:01 Sat 14-08-10 <br/> 
9:07 Sat 14-08-10 <br/> 
10:59 Sat 14-08-10 <br/> 
11:05 Sat 14-08-10 <br/> 
15:08 Sat 14-08-10 <br/> 
21:38 Sat 14-08-10 <br/> 
23:10 Sat 14-08-10 <br/> 
3:22 Sun 15-08-10 <br/> 
6:09 Sun 15-08-10 <br/> 
7:45 Sun 15-08-10 <br/> 
9:05 Sun 15-08-10 <br/> 
17:08 Sun 15-08-10 <br/> 
6:08 Mon 16-08-10 <br/> 
7:47 Mon 16-08-10 <br/> 
11:03 Mon 16-08-10 <br/> 
13:25 Mon 16-08-10 <br/> 
15:30 Mon 16-08-10 <br/> 
20:25 Mon 16-08-10 <br/> 
0:47 Tue 17-08-10 <br/> 
1:34 Tue 17-08-10 <br/> 
7:49 Tue 17-08-10 <br/> 
9:03 Tue 17-08-10 <br/> 
13:48 Tue 17-08-10 <br/> 
14:53 Tue 17-08-10 <br/> 
16:46 Tue 17-08-10 <br/> 
17:07 Tue 17-08-10 <br/> 
21:53 Tue 17-08-10 <br/> 
7:55 Wed 18-08-10 <br/> 
12:30 Wed 18-08-10 <br/> 
18:22 Wed 18-08-10 <br/> 
19:22 Wed 18-08-10 <br/> 
19:40 Wed 18-08-10 <br/> 
1:24 Thu 19-08-10 <br/> 
2:56 Thu 19-08-10 <br/> 
4:25 Thu 19-08-10 <br/> 
5:03 Thu 19-08-10 <br/> 
9:02 Thu 19-08-10 <br/> 
15:01 Thu 19-08-10 <br/> 
18:45 Thu 19-08-10 <br/> 
20:45 Thu 19-08-10 <br/> 
1:26 Fri 20-08-10 <br/> 
7:33 Fri 20-08-10 <br/> 
7:56 Fri 20-08-10 <br/> 
8:49 Fri 20-08-10 <br/> 
9:03 Fri 20-08-10 <br/> 
11:20 Fri 20-08-10 <br/> 
12:54 Fri 20-08-10 <br/> 
1:29 Sat 21-08-10 <br/> 
3:44 Sat 21-08-10 <br/> 
5:25 Sat 21-08-10 <br/> 
5:33 Sat 21-08-10 <br/> 
12:31 Sat 21-08-10 <br/> 
14:39 Sat 21-08-10 <br/> 
17:48 Sat 21-08-10 <br/> 
18:40 Sat 21-08-10 <br/> 
19:18 Sat 21-08-10 <br/> 
1:31 Sun 22-08-10 <br/> 
6:46 Sun 22-08-10 <br/> 
9:16 Sun 22-08-10 <br/> 
15:51 Sun 22-08-10 <br/> 
19:05 Sun 22-08-10 <br/> 
19:30 Sun 22-08-10 <br/> 
0:05 Mon 23-08-10 <br/> 
0:30 Mon 23-08-10 <br/> 
1:32 Mon 23-08-10 <br/> 
2:55 Mon 23-08-10 <br/> 
11:45 Mon 23-08-10 <br/> 
14:12 Mon 23-08-10 <br/> 
16:02 Mon 23-08-10 <br/> 
19:09 Mon 23-08-10 <br/> 
20:08 Mon 23-08-10 <br/> 
22:28 Mon 23-08-10 <br/> 
1:34 Tue 24-08-10 <br/> 
1:35 Tue 24-08-10 <br/> 
2:01 Tue 24-08-10 <br/> 
6:36 Tue 24-08-10 <br/> 
6:45 Tue 24-08-10 <br/> 
7:22 Tue 24-08-10 <br/> 
12:27 Tue 24-08-10 <br/> 
16:41 Tue 24-08-10 <br/> 
19:12 Tue 24-08-10 <br/> 
7:10 Wed 25-08-10 <br/> 
10:36 Wed 25-08-10 <br/> 
11:03 Wed 25-08-10 <br/> 
12:28 Wed 25-08-10 <br/> 
15:10 Wed 25-08-10 <br/> 
16:29 Wed 25-08-10 <br/> 
17:55 Wed 25-08-10 <br/> 
19:15 Wed 25-08-10 <br/> 
1:09 Thu 26-08-10 <br/> 
11:30 Thu 26-08-10 <br/> 
13:02 Thu 26-08-10 <br/> 
13:54 Thu 26-08-10 <br/> 
19:01 Thu 26-08-10 <br/> 
22:43 Thu 26-08-10 <br/> 
0:15 Fri 27-08-10 <br/> 
7:19 Fri 27-08-10 <br/> 
11:34 Fri 27-08-10 <br/> 
15:23 Fri 27-08-10 <br/> 
20:49 Fri 27-08-10 <br/> 
23:11 Fri 27-08-10 <br/> 
0:14 Sat 28-08-10 <br/> 
5:57 Sat 28-08-10 <br/> 
11:38 Sat 28-08-10 <br/> 
20:38 Sat 28-08-10 <br/> 
22:40 Sat 28-08-10 <br/> 
22:44 Sat 28-08-10 <br/> 
23:13 Sat 28-08-10 <br/> 
1:40 Sun 29-08-10 <br/> 
11:43 Sun 29-08-10 <br/> 
12:32 Sun 29-08-10 <br/> 
16:39 Sun 29-08-10 <br/> 
23:17 Sun 29-08-10 <br/> 
3:55 Mon 30-08-10 <br/> 
6:50 Mon 30-08-10 <br/> 
8:26 Mon 30-08-10 <br/> 
11:54 Mon 30-08-10 <br/> 
15:42 Mon 30-08-10 <br/> 
19:11 Mon 30-08-10 <br/> 
23:21 Mon 30-08-10 <br/> 
23:51 Mon 30-08-10 <br/> 
9:20 Tue 31-08-10 <br/> 
12:00 Tue 31-08-10 <br/> 
19:03 Tue 31-08-10 <br/> 
21:26 Tue 31-08-10 <br/> 
23:25 Tue 31-08-10 <br/> 
23:25 Tue 31-08-10 <br/> 
9:52 Wed 01-09-10 <br/> 
10:18 Wed 01-09-10 <br/> 
11:38 Wed 01-09-10 <br/> 
13:55 Wed 01-09-10 <br/> 
2:44 Thu 02-09-10 <br/> 
3:13 Thu 02-09-10 <br/> 
5:00 Thu 02-09-10 <br/> 
8:01 Thu 02-09-10 <br/> 
13:36 Thu 02-09-10 <br/> 
14:06 Thu 02-09-10 <br/> 
11:10 Fri 03-09-10 <br/> 
13:43 Fri 03-09-10 <br/> 
14:04 Fri 03-09-10 <br/> 
19:20 Fri 03-09-10 <br/> 
23:21 Fri 03-09-10 <br/> 
13:45 Sat 04-09-10 <br/> 
18:47 Sat 04-09-10 <br/> 
23:02 Sat 04-09-10 <br/> 
0:58 Sun 05-09-10 <br/> 
1:18 Sun 05-09-10 <br/> 
4:51 Sun 05-09-10 <br/> 
11:15 Sun 05-09-10 <br/> 
13:49 Sun 05-09-10 <br/> 
16:41 Sun 05-09-10 <br/> 
22:15 Sun 05-09-10 <br/> 
1:09 Mon 06-09-10 <br/> 
2:32 Mon 06-09-10 <br/> 
5:48 Mon 06-09-10 <br/> 
6:40 Mon 06-09-10 <br/> 
8:39 Mon 06-09-10 <br/> 
9:17 Mon 06-09-10 <br/> 
13:51 Mon 06-09-10 <br/> 
17:33 Mon 06-09-10 <br/> 
2:31 Tue 07-09-10 <br/> 
3:50 Tue 07-09-10 <br/> 
6:53 Tue 07-09-10 <br/> 
9:35 Tue 07-09-10 <br/> 
11:14 Tue 07-09-10 <br/> 
13:53 Tue 07-09-10 <br/> 
20:22 Tue 07-09-10 <br/> 
22:02 Tue 07-09-10 <br/> 
4:44 Wed 08-09-10 <br/> 
12:53 Wed 08-09-10 <br/> 
13:33 Wed 08-09-10 <br/> 
13:54 Wed 08-09-10 <br/> 
14:26 Wed 08-09-10 <br/> 
15:18 Wed 08-09-10 <br/> 
17:37 Wed 08-09-10 <br/> 
22:51 Wed 08-09-10 <br/> 
3:11 Thu 09-09-10 <br/> 
3:34 Thu 09-09-10 <br/> 
10:49 Thu 09-09-10 <br/> 
13:57 Thu 09-09-10 <br/> 
18:20 Thu 09-09-10 <br/> 
20:35 Thu 09-09-10 <br/> 
22:10 Thu 09-09-10 <br/> 
14:07 Fri 10-09-10 <br/> 
19:29 Fri 10-09-10 <br/> 
4:08 Sat 11-09-10 <br/> 
14:11 Sat 11-09-10 <br/> 
16:04 Sat 11-09-10 <br/> 
18:39 Sat 11-09-10 <br/> 
19:36 Sat 11-09-10 <br/> 
22:26 Sat 11-09-10 <br/> 
11:19 Sun 12-09-10 <br/> 
14:13 Sun 12-09-10 <br/> 
19:03 Sun 12-09-10 <br/> 
19:38 Sun 12-09-10 <br/> 
18:23 Mon 13-09-10 <br/> 
19:36 Mon 13-09-10 <br/> 
19:42 Mon 13-09-10 <br/> 
0:45 Tue 14-09-10 <br/> 
16:04 Tue 14-09-10 <br/> 
18:33 Tue 14-09-10 <br/> 
23:44 Tue 14-09-10 <br/> 
0:23 Wed 15-09-10 <br/> 
1:09 Wed 15-09-10 <br/> 
2:25 Wed 15-09-10 <br/> 
18:06 Wed 15-09-10 <br/> 
21:39 Wed 15-09-10 <br/> 
1:17 Thu 16-09-10 <br/> 
1:24 Thu 16-09-10 <br/> 
6:43 Thu 16-09-10 <br/> 
8:44 Thu 16-09-10 <br/> 
11:46 Thu 16-09-10 <br/> 
14:54 Thu 16-09-10 <br/> 
19:16 Thu 16-09-10 <br/> 
1:19 Fri 17-09-10 <br/> 
2:21 Fri 17-09-10 <br/> 
3:52 Fri 17-09-10 <br/> 
