2:00 Thu 01-01-70 
11:53 Wed 05-07-06 
11:53 Wed 05-07-06 
12:01 Wed 05-07-06 
9:39 Thu 06-07-06 
9:45 Thu 06-07-06 
9:46 Thu 06-07-06 
9:52 Thu 06-07-06 
15:19 Thu 06-07-06 
18:16 Thu 06-07-06 
21:12 Thu 06-07-06 
22:39 Thu 06-07-06 
0:28 Fri 07-07-06 
0:29 Fri 07-07-06 
1:46 Fri 07-07-06 
2:58 Fri 07-07-06 
3:43 Fri 07-07-06 
6:57 Fri 07-07-06 
10:47 Fri 07-07-06 
11:33 Fri 07-07-06 
17:58 Fri 07-07-06 
18:00 Fri 07-07-06 
0:46 Sat 08-07-06 
0:48 Sat 08-07-06 
5:28 Sat 08-07-06 
11:08 Sat 08-07-06 
11:14 Sat 08-07-06 
11:23 Sat 08-07-06 
12:25 Sat 08-07-06 
15:41 Sat 08-07-06 
15:47 Sat 08-07-06 
16:10 Sat 08-07-06 
17:36 Sat 08-07-06 
18:54 Sat 08-07-06 
18:54 Sat 08-07-06 
18:54 Sat 08-07-06 
9:09 Sun 09-07-06 
16:15 Sun 09-07-06 
16:25 Sun 09-07-06 
9:43 Mon 10-07-06 
0:52 Tue 11-07-06 
0:57 Tue 11-07-06 
1:36 Tue 11-07-06 
6:16 Tue 11-07-06 
8:16 Tue 11-07-06 
10:01 Tue 11-07-06 
17:22 Tue 11-07-06 
17:42 Tue 11-07-06 
19:03 Tue 11-07-06 
0:05 Wed 12-07-06 
0:05 Wed 12-07-06 
1:52 Wed 12-07-06 
19:59 Wed 12-07-06 
22:21 Wed 12-07-06 
22:33 Wed 12-07-06 
22:33 Wed 12-07-06 
1:03 Thu 13-07-06 
23:27 Thu 13-07-06 
20:10 Fri 14-07-06 
21:58 Fri 14-07-06 
23:47 Fri 14-07-06 
10:06 Sat 15-07-06 
14:37 Sat 15-07-06 
16:12 Sat 15-07-06 
0:28 Sun 16-07-06 
8:13 Sun 16-07-06 
14:58 Sun 16-07-06 
15:15 Sun 16-07-06 
15:18 Sun 16-07-06 
12:17 Mon 17-07-06 
12:40 Mon 17-07-06 
13:19 Mon 17-07-06 
14:35 Mon 17-07-06 
18:27 Mon 17-07-06 
19:17 Mon 17-07-06 
19:20 Mon 17-07-06 
22:23 Mon 17-07-06 
3:26 Tue 18-07-06 
12:34 Tue 18-07-06 
13:17 Tue 18-07-06 
14:19 Tue 18-07-06 
17:47 Tue 18-07-06 
17:47 Tue 18-07-06 
19:32 Tue 18-07-06 
20:42 Tue 18-07-06 <br/> 
5:59 Thu 20-07-06 <br/> 
9:01 Thu 20-07-06 <br/> 
1:11 Fri 21-07-06 <br/> 
1:18 Fri 21-07-06 <br/> 
1:18 Fri 21-07-06 <br/> 
5:44 Fri 21-07-06 <br/> 
13:23 Fri 21-07-06 <br/> 
1:28 Sat 22-07-06 <br/> 
21:41 Sat 22-07-06 <br/> 
15:07 Sun 23-07-06 <br/> 
18:42 Sun 15-10-06 <br/> 
6:54 Sat 11-11-06 <br/> 
17:13 Sat 11-11-06 <br/> 
17:13 Sat 11-11-06 <br/> 
5:07 Sun 12-11-06 <br/> 
6:10 Sun 12-11-06 <br/> 
3:37 Tue 21-11-06 <br/> 
11:36 Tue 21-11-06 <br/> 
16:21 Tue 21-11-06 <br/> 
23:34 Tue 21-11-06 <br/> 
4:43 Wed 22-11-06 <br/> 
15:32 Fri 24-11-06 <br/> 
1:23 Sat 25-11-06 <br/> 
3:59 Sat 25-11-06 <br/> 
11:01 Sat 25-11-06 <br/> 
17:18 Sat 25-11-06 <br/> 
22:27 Sat 25-11-06 <br/> 
22:30 Sat 25-11-06 <br/> 
22:30 Sat 25-11-06 <br/> 
22:34 Sat 25-11-06 <br/> 
6:23 Sun 26-11-06 <br/> 
8:19 Sun 26-11-06 <br/> 
0:56 Thu 30-11-06 <br/> 
0:57 Thu 30-11-06 <br/> 
3:47 Thu 30-11-06 <br/> 
23:57 Thu 30-11-06 <br/> 
17:20 Sat 02-12-06 <br/> 
17:20 Sat 02-12-06 <br/> 
14:37 Sun 03-12-06 <br/> 
23:42 Sun 03-12-06 <br/> 
23:44 Sun 03-12-06 <br/> 
2:25 Mon 04-12-06 <br/> 
19:59 Mon 04-12-06 <br/> 
23:03 Mon 04-12-06 <br/> 
23:05 Tue 05-12-06 <br/> 
2:59 Wed 06-12-06 <br/> 
19:29 Thu 07-12-06 <br/> 
19:30 Thu 07-12-06 <br/> 
19:30 Thu 07-12-06 <br/> 
14:43 Fri 08-12-06 <br/> 
14:53 Sat 09-12-06 <br/> 
15:38 Sat 09-12-06 <br/> 
22:27 Sat 09-12-06 <br/> 
22:27 Sat 09-12-06 <br/> 
23:30 Sat 09-12-06 <br/> 
23:47 Sun 10-12-06 <br/> 
6:54 Mon 11-12-06 <br/> 
23:50 Mon 11-12-06 <br/> 
6:54 Tue 12-12-06 <br/> 
21:41 Tue 12-12-06 <br/> 
2:47 Wed 13-12-06 <br/> 
6:54 Wed 13-12-06 <br/> 
23:42 Wed 13-12-06 <br/> 
23:43 Wed 13-12-06 <br/> 
0:13 Thu 14-12-06 <br/> 
0:14 Thu 14-12-06 <br/> 
0:02 Fri 15-12-06 <br/> 
15:35 Fri 15-12-06 <br/> 
18:07 Sat 16-12-06 <br/> 
18:18 Sat 16-12-06 <br/> 
22:27 Sat 16-12-06 <br/> 
22:27 Sat 16-12-06 <br/> 
23:31 Sat 16-12-06 <br/> 
17:34 Sun 17-12-06 <br/> 
9:22 Mon 18-12-06 <br/> 
12:41 Mon 18-12-06 <br/> 
12:46 Mon 18-12-06 <br/> 
12:48 Mon 18-12-06 <br/> 
17:35 Mon 18-12-06 <br/> 
3:30 Tue 19-12-06 <br/> 
7:13 Tue 19-12-06 <br/> 
17:35 Tue 19-12-06 <br/> 
17:35 Wed 20-12-06 <br/> 
13:47 Fri 22-12-06 <br/> 
13:53 Fri 22-12-06 <br/> 
15:27 Fri 22-12-06 <br/> 
18:19 Sat 23-12-06 <br/> 
22:28 Sat 23-12-06 <br/> 
23:31 Sat 23-12-06 <br/> 
9:28 Sun 24-12-06 <br/> 
10:48 Sun 24-12-06 <br/> 
11:11 Sun 24-12-06 <br/> 
19:54 Sun 24-12-06 <br/> 
19:13 Mon 25-12-06 <br/> 
4:27 Tue 26-12-06 <br/> 
18:45 Wed 27-12-06 <br/> 
22:32 Wed 27-12-06 <br/> 
22:32 Wed 27-12-06 <br/> 
23:59 Wed 27-12-06 <br/> 
2:16 Thu 28-12-06 <br/> 
10:23 Thu 28-12-06 <br/> 
10:23 Thu 28-12-06 <br/> 
10:23 Thu 28-12-06 <br/> 
20:26 Thu 28-12-06 <br/> 
20:26 Thu 28-12-06 <br/> 
20:53 Thu 28-12-06 <br/> 
13:43 Fri 29-12-06 <br/> 
0:36 Sat 30-12-06 <br/> 
17:34 Sat 30-12-06 <br/> 
18:36 Sat 30-12-06 <br/> 
22:28 Sat 30-12-06 <br/> 
23:33 Sat 30-12-06 <br/> 
6:41 Sun 31-12-06 <br/> 
18:43 Sun 31-12-06 <br/> 
12:05 Tue 02-01-07 <br/> 
18:34 Tue 02-01-07 <br/> 
2:54 Wed 03-01-07 <br/> 
4:39 Wed 03-01-07 <br/> 
4:40 Wed 03-01-07 <br/> 
6:22 Wed 03-01-07 <br/> 
7:09 Wed 03-01-07 <br/> 
2:25 Thu 04-01-07 <br/> 
2:26 Thu 04-01-07 <br/> 
7:24 Thu 04-01-07 <br/> 
10:22 Thu 04-01-07 <br/> 
10:36 Thu 04-01-07 <br/> 
12:54 Thu 04-01-07 <br/> 
20:26 Thu 04-01-07 <br/> 
13:44 Fri 05-01-07 <br/> 
17:06 Fri 05-01-07 <br/> 
18:04 Fri 05-01-07 <br/> 
23:17 Fri 05-01-07 <br/> 
1:21 Sat 06-01-07 <br/> 
1:23 Sat 06-01-07 <br/> 
1:23 Sat 06-01-07 <br/> 
1:23 Sat 06-01-07 <br/> 
1:24 Sat 06-01-07 <br/> 
1:24 Sat 06-01-07 <br/> 
1:24 Sat 06-01-07 <br/> 
1:24 Sat 06-01-07 <br/> 
1:25 Sat 06-01-07 <br/> 
8:01 Sat 06-01-07 <br/> 
23:35 Sat 06-01-07 <br/> 
6:41 Sun 07-01-07 <br/> 
8:31 Sun 07-01-07 <br/> 
6:57 Mon 08-01-07 <br/> 
12:42 Tue 09-01-07 <br/> 
13:02 Tue 09-01-07 <br/> 
0:34 Wed 10-01-07 <br/> 
13:54 Wed 10-01-07 <br/> 
14:37 Fri 12-01-07 <br/> 
14:38 Fri 12-01-07 <br/> 
14:38 Fri 12-01-07 <br/> 
16:16 Fri 12-01-07 <br/> 
9:21 Sun 14-01-07 <br/> 
0:52 Mon 15-01-07 <br/> 
0:53 Mon 15-01-07 <br/> 
1:27 Mon 15-01-07 <br/> 
17:19 Mon 15-01-07 <br/> 
17:19 Mon 15-01-07 <br/> 
17:19 Mon 15-01-07 <br/> 
17:19 Mon 15-01-07 <br/> 
17:19 Mon 15-01-07 <br/> 
17:20 Mon 15-01-07 <br/> 
20:41 Mon 15-01-07 <br/> 
20:41 Mon 15-01-07 <br/> 
20:42 Mon 15-01-07 <br/> 
23:07 Tue 16-01-07 <br/> 
0:22 Thu 18-01-07 <br/> 
0:23 Thu 18-01-07 <br/> 
0:26 Thu 18-01-07 <br/> 
1:56 Fri 19-01-07 <br/> 
2:17 Fri 19-01-07 <br/> 
15:11 Fri 19-01-07 <br/> 
15:11 Fri 19-01-07 <br/> 
15:11 Fri 19-01-07 <br/> 
15:11 Fri 19-01-07 <br/> 
15:11 Fri 19-01-07 <br/> 
16:42 Fri 19-01-07 <br/> 
16:43 Fri 19-01-07 <br/> 
16:43 Fri 19-01-07 <br/> 
16:43 Fri 19-01-07 <br/> 
17:02 Fri 19-01-07 <br/> 
17:02 Fri 19-01-07 <br/> 
17:02 Fri 19-01-07 <br/> 
1:21 Sat 20-01-07 <br/> 
1:57 Sat 20-01-07 <br/> 
5:39 Sat 20-01-07 <br/> 
12:24 Sat 20-01-07 <br/> 
12:24 Sat 20-01-07 <br/> 
1:48 Sun 21-01-07 <br/> 
5:40 Sun 21-01-07 <br/> 
7:55 Sun 21-01-07 <br/> 
9:22 Sun 21-01-07 <br/> 
9:28 Sun 21-01-07 <br/> 
9:30 Sun 21-01-07 <br/> 
23:44 Sun 21-01-07 <br/> 
7:22 Mon 22-01-07 <br/> 
5:33 Tue 23-01-07 <br/> 
17:52 Tue 23-01-07 <br/> 
23:06 Tue 23-01-07 <br/> 
23:07 Tue 23-01-07 <br/> 
23:07 Tue 23-01-07 <br/> 
23:08 Tue 23-01-07 <br/> 
23:08 Tue 23-01-07 <br/> 
0:29 Wed 24-01-07 <br/> 
4:05 Wed 24-01-07 <br/> 
8:10 Wed 24-01-07 <br/> 
14:14 Wed 24-01-07 <br/> 
14:50 Wed 24-01-07 <br/> 
22:24 Wed 24-01-07 <br/> 
23:54 Wed 24-01-07 <br/> 
0:06 Thu 25-01-07 <br/> 
0:06 Thu 25-01-07 <br/> 
0:09 Thu 25-01-07 <br/> 
0:26 Thu 25-01-07 <br/> 
0:29 Thu 25-01-07 <br/> 
1:40 Thu 25-01-07 <br/> 
4:06 Thu 25-01-07 <br/> 
16:17 Thu 25-01-07 <br/> 
2:47 Fri 26-01-07 <br/> 
2:47 Fri 26-01-07 <br/> 
20:18 Fri 26-01-07 <br/> 
22:03 Fri 26-01-07 <br/> 
0:03 Sat 27-01-07 <br/> 
3:34 Sat 27-01-07 <br/> 
10:58 Sat 27-01-07 <br/> 
11:22 Sat 27-01-07 <br/> 
15:03 Sat 27-01-07 <br/> 
16:29 Sat 27-01-07 <br/> 
0:04 Sun 28-01-07 <br/> 
1:47 Sun 28-01-07 <br/> 
3:40 Sun 28-01-07 <br/> 
9:24 Sun 28-01-07 <br/> 
11:31 Sun 28-01-07 <br/> 
12:07 Sun 28-01-07 <br/> 
13:14 Sun 28-01-07 <br/> 
14:27 Sun 28-01-07 <br/> 
15:37 Sun 28-01-07 <br/> 
19:06 Sun 28-01-07 <br/> 
22:20 Sun 28-01-07 <br/> 
22:20 Sun 28-01-07 <br/> 
22:20 Sun 28-01-07 <br/> 
22:20 Sun 28-01-07 <br/> 
22:21 Sun 28-01-07 <br/> 
22:21 Sun 28-01-07 <br/> 
0:50 Mon 29-01-07 <br/> 
5:09 Mon 29-01-07 <br/> 
8:30 Mon 29-01-07 <br/> 
9:36 Mon 29-01-07 <br/> 
15:08 Mon 29-01-07 <br/> 
19:52 Mon 29-01-07 <br/> 
6:37 Tue 30-01-07 <br/> 
19:02 Tue 30-01-07 <br/> 
21:33 Tue 30-01-07 <br/> 
6:44 Wed 31-01-07 <br/> 
8:15 Wed 31-01-07 <br/> 
8:42 Wed 31-01-07 <br/> 
15:50 Wed 31-01-07 <br/> 
18:04 Wed 31-01-07 <br/> 
18:55 Wed 31-01-07 <br/> 
20:13 Wed 31-01-07 <br/> 
21:14 Wed 31-01-07 <br/> 
22:12 Wed 31-01-07 <br/> 
0:10 Thu 01-02-07 <br/> 
0:30 Thu 01-02-07 <br/> 
0:32 Thu 01-02-07 <br/> 
4:02 Fri 02-02-07 <br/> 
6:20 Fri 02-02-07 <br/> 
20:25 Fri 02-02-07 <br/> 
23:23 Fri 02-02-07 <br/> 
10:58 Sat 03-02-07 <br/> 
18:41 Sat 03-02-07 <br/> 
23:05 Sat 03-02-07 <br/> 
23:06 Sat 03-02-07 <br/> 
23:06 Sat 03-02-07 <br/> 
2:52 Sun 04-02-07 <br/> 
9:27 Sun 04-02-07 <br/> 
23:02 Mon 05-02-07 <br/> 
0:38 Tue 06-02-07 <br/> 
0:42 Tue 06-02-07 <br/> 
3:17 Tue 06-02-07 <br/> 
19:43 Tue 06-02-07 <br/> 
19:43 Tue 06-02-07 <br/> 
19:44 Tue 06-02-07 <br/> 
19:44 Tue 06-02-07 <br/> 
19:44 Tue 06-02-07 <br/> 
19:44 Tue 06-02-07 <br/> 
5:30 Wed 07-02-07 <br/> 
0:36 Thu 08-02-07 <br/> 
0:38 Thu 08-02-07 <br/> 
0:40 Thu 08-02-07 <br/> 
0:50 Thu 08-02-07 <br/> 
16:31 Thu 08-02-07 <br/> 
4:05 Fri 09-02-07 <br/> 
13:11 Fri 09-02-07 <br/> 
16:08 Fri 09-02-07 <br/> 
19:10 Fri 09-02-07 <br/> 
19:10 Fri 09-02-07 <br/> 
19:11 Fri 09-02-07 <br/> 
19:11 Fri 09-02-07 <br/> 
21:09 Fri 09-02-07 <br/> 
11:51 Sat 10-02-07 <br/> 
19:44 Sat 10-02-07 <br/> 
19:57 Sat 10-02-07 <br/> 
19:57 Sat 10-02-07 <br/> 
6:23 Sun 11-02-07 <br/> 
10:59 Sun 11-02-07 <br/> 
12:50 Sun 11-02-07 <br/> 
20:00 Tue 13-02-07 <br/> 
20:00 Tue 13-02-07 <br/> 
20:00 Tue 13-02-07 <br/> 
20:00 Tue 13-02-07 <br/> 
19:21 Wed 14-02-07 <br/> 
19:53 Wed 14-02-07 <br/> 
4:10 Thu 15-02-07 <br/> 
4:20 Thu 15-02-07 <br/> 
12:09 Thu 15-02-07 <br/> 
0:14 Fri 16-02-07 <br/> 
7:59 Fri 16-02-07 <br/> 
7:59 Fri 16-02-07 <br/> 
9:45 Fri 16-02-07 <br/> 
10:50 Fri 16-02-07 <br/> 
13:08 Fri 16-02-07 <br/> 
23:52 Fri 16-02-07 <br/> 
17:58 Sat 17-02-07 <br/> 
18:07 Sat 17-02-07 <br/> 
22:56 Sat 17-02-07 <br/> 
6:41 Sun 18-02-07 <br/> 
21:19 Sun 18-02-07 <br/> 
2:37 Mon 19-02-07 <br/> 
14:27 Mon 19-02-07 <br/> 
23:59 Tue 20-02-07 <br/> 
9:03 Wed 21-02-07 <br/> 
10:27 Wed 21-02-07 <br/> 
11:30 Wed 21-02-07 <br/> 
11:50 Wed 21-02-07 <br/> 
14:45 Wed 21-02-07 <br/> 
14:51 Wed 21-02-07 <br/> 
14:51 Wed 21-02-07 <br/> 
5:41 Thu 22-02-07 <br/> 
1:00 Fri 23-02-07 <br/> 
13:52 Fri 23-02-07 <br/> 
23:57 Fri 23-02-07 <br/> 
13:44 Sat 24-02-07 <br/> 
23:00 Sat 24-02-07 <br/> 
8:28 Mon 26-02-07 <br/> 
8:28 Mon 26-02-07 <br/> 
8:28 Mon 26-02-07 <br/> 
8:28 Mon 26-02-07 <br/> 
14:49 Mon 26-02-07 <br/> 
0:27 Tue 27-02-07 <br/> 
20:37 Tue 27-02-07 <br/> 
4:31 Wed 28-02-07 <br/> 
22:17 Wed 28-02-07 <br/> 
1:50 Thu 01-03-07 <br/> 
2:12 Thu 01-03-07 <br/> 
2:30 Thu 01-03-07 <br/> 
2:46 Thu 01-03-07 <br/> 
22:07 Thu 01-03-07 <br/> 
23:00 Sat 03-03-07 <br/> 
12:25 Tue 06-03-07 <br/> 
12:25 Tue 06-03-07 <br/> 
12:25 Tue 06-03-07 <br/> 
12:25 Tue 06-03-07 <br/> 
17:54 Tue 06-03-07 <br/> 
19:28 Tue 06-03-07 <br/> 
3:07 Thu 08-03-07 <br/> 
5:02 Thu 08-03-07 <br/> 
6:04 Thu 08-03-07 <br/> 
13:58 Thu 08-03-07 <br/> 
16:51 Thu 08-03-07 <br/> 
9:05 Fri 09-03-07 <br/> 
13:28 Sat 10-03-07 <br/> 
23:04 Sat 10-03-07 <br/> 
2:57 Mon 12-03-07 <br/> 
6:53 Mon 12-03-07 <br/> 
1:22 Wed 14-03-07 <br/> 
7:25 Wed 14-03-07 <br/> 
13:37 Wed 14-03-07 <br/> 
13:37 Wed 14-03-07 <br/> 
13:37 Wed 14-03-07 <br/> 
13:37 Wed 14-03-07 <br/> 
13:40 Wed 14-03-07 <br/> 
13:40 Wed 14-03-07 <br/> 
13:40 Wed 14-03-07 <br/> 
13:41 Wed 14-03-07 <br/> 
16:39 Thu 15-03-07 <br/> 
16:39 Thu 15-03-07 <br/> 
20:12 Thu 15-03-07 <br/> 
20:12 Thu 15-03-07 <br/> 
20:12 Thu 15-03-07 <br/> 
16:46 Fri 16-03-07 <br/> 
16:46 Fri 16-03-07 <br/> 
16:47 Fri 16-03-07 <br/> 
16:56 Fri 16-03-07 <br/> 
16:57 Fri 16-03-07 <br/> 
23:37 Fri 16-03-07 <br/> 
0:27 Sat 17-03-07 <br/> 
2:17 Sat 17-03-07 <br/> 
2:17 Sat 17-03-07 <br/> 
23:06 Sat 17-03-07 <br/> 
11:59 Sun 18-03-07 <br/> 
22:36 Sun 18-03-07 <br/> 
1:35 Mon 19-03-07 <br/> 
2:49 Mon 19-03-07 <br/> 
10:36 Mon 19-03-07 <br/> 
12:36 Wed 21-03-07 <br/> 
13:11 Wed 21-03-07 <br/> 
13:23 Wed 21-03-07 <br/> 
13:23 Wed 21-03-07 <br/> 
13:59 Wed 21-03-07 <br/> 
16:46 Wed 21-03-07 <br/> 
7:46 Thu 22-03-07 <br/> 
15:55 Sat 24-03-07 <br/> 
20:32 Sat 24-03-07 <br/> 
1:15 Sun 25-03-07 <br/> 
16:48 Mon 26-03-07 <br/> 
4:06 Wed 28-03-07 <br/> 
22:13 Wed 28-03-07 <br/> 
17:52 Thu 29-03-07 <br/> 
19:17 Thu 29-03-07 <br/> 
5:13 Fri 30-03-07 <br/> 
12:08 Fri 30-03-07 <br/> 
14:58 Fri 30-03-07 <br/> 
15:02 Fri 30-03-07 <br/> 
20:24 Fri 30-03-07 <br/> 
23:45 Fri 30-03-07 <br/> 
22:10 Sat 31-03-07 <br/> 
1:21 Sun 01-04-07 <br/> 
18:38 Sun 01-04-07 <br/> 
18:38 Sun 01-04-07 <br/> 
13:04 Tue 03-04-07 <br/> 
13:04 Tue 03-04-07 <br/> 
22:43 Tue 03-04-07 <br/> 
23:51 Tue 03-04-07 <br/> 
23:25 Wed 04-04-07 <br/> 
23:26 Wed 04-04-07 <br/> 
23:26 Wed 04-04-07 <br/> 
23:26 Wed 04-04-07 <br/> 
23:26 Wed 04-04-07 <br/> 
0:22 Thu 05-04-07 <br/> 
5:53 Thu 05-04-07 <br/> 
17:48 Thu 05-04-07 <br/> 
23:35 Thu 05-04-07 <br/> 
2:22 Fri 06-04-07 <br/> 
2:22 Fri 06-04-07 <br/> 
2:22 Fri 06-04-07 <br/> 
14:21 Sat 07-04-07 <br/> 
23:51 Sat 07-04-07 <br/> 
12:52 Sun 08-04-07 <br/> 
19:48 Wed 11-04-07 <br/> 
21:22 Wed 11-04-07 <br/> 
21:24 Wed 11-04-07 <br/> 
22:40 Wed 11-04-07 <br/> 
0:04 Thu 12-04-07 <br/> 
22:08 Thu 12-04-07 <br/> 
22:08 Thu 12-04-07 <br/> 
22:08 Thu 12-04-07 <br/> 
22:08 Thu 12-04-07 <br/> 
22:08 Thu 12-04-07 <br/> 
22:08 Thu 12-04-07 <br/> 
0:47 Fri 13-04-07 <br/> 
8:49 Fri 13-04-07 <br/> 
23:04 Fri 13-04-07 <br/> 
7:24 Sat 14-04-07 <br/> 
12:42 Sat 14-04-07 <br/> 
12:42 Sat 14-04-07 <br/> 
12:43 Sat 14-04-07 <br/> 
13:36 Sat 14-04-07 <br/> 
14:26 Sat 14-04-07 <br/> 
6:26 Sun 15-04-07 <br/> 
0:55 Mon 16-04-07 <br/> 
20:03 Mon 16-04-07 <br/> 
21:11 Mon 16-04-07 <br/> 
0:11 Tue 17-04-07 <br/> 
17:11 Tue 17-04-07 <br/> 
17:17 Tue 17-04-07 <br/> 
3:30 Fri 20-04-07 <br/> 
11:36 Fri 20-04-07 <br/> 
13:57 Fri 20-04-07 <br/> 
13:57 Fri 20-04-07 <br/> 
1:15 Sat 21-04-07 <br/> 
10:04 Sat 21-04-07 <br/> 
22:21 Sat 21-04-07 <br/> 
6:46 Sun 22-04-07 <br/> 
0:49 Tue 24-04-07 <br/> 
2:01 Tue 24-04-07 <br/> 
3:21 Tue 24-04-07 <br/> 
3:45 Tue 24-04-07 <br/> 
4:58 Tue 24-04-07 <br/> 
22:14 Tue 24-04-07 <br/> 
2:25 Thu 26-04-07 <br/> 
8:05 Thu 26-04-07 <br/> 
9:35 Thu 26-04-07 <br/> 
0:35 Fri 27-04-07 <br/> 
0:53 Fri 27-04-07 <br/> 
21:14 Fri 27-04-07 <br/> 
0:56 Sat 28-04-07 <br/> 
13:35 Sat 28-04-07 <br/> 
20:22 Sat 28-04-07 <br/> 
3:59 Sun 29-04-07 <br/> 
6:27 Mon 30-04-07 <br/> 
1:21 Wed 02-05-07 <br/> 
18:19 Wed 02-05-07 <br/> 
18:19 Wed 02-05-07 <br/> 
18:20 Wed 02-05-07 <br/> 
20:42 Wed 02-05-07 <br/> 
3:49 Thu 03-05-07 <br/> 
9:39 Fri 04-05-07 <br/> 
17:36 Sun 06-05-07 <br/> 
0:12 Mon 07-05-07 <br/> 
19:23 Mon 07-05-07 <br/> 
0:08 Tue 08-05-07 <br/> 
7:56 Tue 08-05-07 <br/> 
7:56 Tue 08-05-07 <br/> 
7:56 Tue 08-05-07 <br/> 
7:56 Tue 08-05-07 <br/> 
7:56 Tue 08-05-07 <br/> 
7:56 Tue 08-05-07 <br/> 
7:57 Tue 08-05-07 <br/> 
7:57 Tue 08-05-07 <br/> 
9:54 Tue 08-05-07 <br/> 
14:37 Tue 08-05-07 <br/> 
14:39 Tue 08-05-07 <br/> 
20:19 Tue 08-05-07 <br/> 
2:25 Wed 09-05-07 <br/> 
0:32 Fri 11-05-07 <br/> 
13:06 Mon 14-05-07 <br/> 
5:41 Tue 15-05-07 <br/> 
22:19 Tue 15-05-07 <br/> 
18:28 Wed 16-05-07 <br/> 
18:28 Wed 16-05-07 <br/> 
22:33 Wed 16-05-07 <br/> 
17:25 Sat 19-05-07 <br/> 
21:22 Sat 19-05-07 <br/> 
22:13 Sat 19-05-07 <br/> 
23:25 Sat 19-05-07 <br/> 
1:03 Sun 20-05-07 <br/> 
2:21 Sun 20-05-07 <br/> 
11:19 Sun 20-05-07 <br/> 
5:44 Mon 21-05-07 <br/> 
8:58 Mon 21-05-07 <br/> 
12:11 Tue 22-05-07 <br/> 
13:05 Tue 22-05-07 <br/> 
16:22 Tue 22-05-07 <br/> 
8:36 Wed 23-05-07 <br/> 
8:39 Wed 23-05-07 <br/> 
8:40 Wed 23-05-07 <br/> 
8:42 Wed 23-05-07 <br/> 
8:43 Wed 23-05-07 <br/> 
20:08 Thu 24-05-07 <br/> 
21:09 Sun 27-05-07 <br/> 
21:09 Sun 27-05-07 <br/> 
21:09 Sun 27-05-07 <br/> 
21:09 Sun 27-05-07 <br/> 
23:08 Mon 28-05-07 <br/> 
1:04 Tue 29-05-07 <br/> 
1:30 Tue 29-05-07 <br/> 
2:35 Tue 29-05-07 <br/> 
22:47 Wed 30-05-07 <br/> 
0:03 Thu 31-05-07 <br/> 
5:55 Thu 31-05-07 <br/> 
15:49 Sat 02-06-07 <br/> 
2:40 Sun 03-06-07 <br/> 
21:38 Sun 03-06-07 <br/> 
17:29 Mon 04-06-07 <br/> 
18:23 Mon 04-06-07 <br/> 
22:27 Mon 04-06-07 <br/> 
22:28 Mon 04-06-07 <br/> 
22:43 Tue 05-06-07 <br/> 
19:10 Fri 08-06-07 <br/> 
2:07 Sat 09-06-07 <br/> 
0:17 Sun 10-06-07 <br/> 
15:54 Mon 11-06-07 <br/> 
19:00 Mon 11-06-07 <br/> 
23:44 Mon 11-06-07 <br/> 
2:41 Tue 12-06-07 <br/> 
10:09 Tue 12-06-07 <br/> 
12:43 Tue 12-06-07 <br/> 
19:14 Tue 12-06-07 <br/> 
19:21 Tue 12-06-07 <br/> 
19:21 Tue 12-06-07 <br/> 
19:27 Tue 12-06-07 <br/> 
19:31 Tue 12-06-07 <br/> 
19:33 Wed 13-06-07 <br/> 
20:10 Wed 13-06-07 <br/> 
20:10 Wed 13-06-07 <br/> 
22:25 Wed 13-06-07 <br/> 
20:07 Thu 14-06-07 <br/> 
14:16 Fri 15-06-07 <br/> 
14:16 Fri 15-06-07 <br/> 
21:27 Sat 16-06-07 <br/> 
6:46 Sun 17-06-07 <br/> 
5:32 Mon 18-06-07 <br/> 
18:08 Mon 18-06-07 <br/> 
0:08 Tue 19-06-07 <br/> 
12:44 Tue 19-06-07 <br/> 
15:23 Tue 19-06-07 <br/> 
23:49 Wed 20-06-07 <br/> 
22:26 Thu 21-06-07 <br/> 
22:26 Thu 21-06-07 <br/> 
0:09 Fri 22-06-07 <br/> 
9:17 Fri 22-06-07 <br/> 
10:56 Fri 22-06-07 <br/> 
21:56 Fri 22-06-07 <br/> 
0:32 Sat 23-06-07 <br/> 
6:32 Sat 23-06-07 <br/> 
16:23 Sat 23-06-07 <br/> 
22:48 Sat 23-06-07 <br/> 
3:36 Sun 24-06-07 <br/> 
14:56 Sun 24-06-07 <br/> 
14:56 Sun 24-06-07 <br/> 
13:13 Mon 25-06-07 <br/> 
13:13 Mon 25-06-07 <br/> 
13:13 Mon 25-06-07 <br/> 
17:37 Mon 25-06-07 <br/> 
0:16 Tue 26-06-07 <br/> 
0:41 Tue 26-06-07 <br/> 
0:41 Tue 26-06-07 <br/> 
17:21 Tue 26-06-07 <br/> 
0:28 Thu 28-06-07 <br/> 
9:44 Thu 28-06-07 <br/> 
9:44 Thu 28-06-07 <br/> 
9:44 Thu 28-06-07 <br/> 
9:44 Thu 28-06-07 <br/> 
9:44 Thu 28-06-07 <br/> 
10:14 Thu 28-06-07 <br/> 
13:50 Thu 28-06-07 <br/> 
1:20 Fri 29-06-07 <br/> 
12:53 Fri 29-06-07 <br/> 
21:36 Fri 29-06-07 <br/> 
21:37 Fri 29-06-07 <br/> 
21:37 Fri 29-06-07 <br/> 
22:49 Fri 29-06-07 <br/> 
22:50 Fri 29-06-07 <br/> 
4:21 Sat 30-06-07 <br/> 
4:23 Sat 30-06-07 <br/> 
4:24 Sat 30-06-07 <br/> 
17:47 Sat 30-06-07 <br/> 
19:15 Sat 30-06-07 <br/> 
20:52 Sat 30-06-07 <br/> 
21:17 Sat 30-06-07 <br/> 
21:40 Sat 30-06-07 <br/> 
21:40 Sat 30-06-07 <br/> 
21:52 Sat 30-06-07 <br/> 
22:00 Sat 30-06-07 <br/> 
23:23 Sat 30-06-07 <br/> 
0:31 Sun 01-07-07 <br/> 
6:43 Sun 01-07-07 <br/> 
9:19 Sun 01-07-07 <br/> 
9:59 Sun 01-07-07 <br/> 
10:03 Sun 01-07-07 <br/> 
10:04 Sun 01-07-07 <br/> 
16:01 Sun 01-07-07 <br/> 
4:24 Mon 02-07-07 <br/> 
6:26 Mon 02-07-07 <br/> 
2:00 Wed 04-07-07 <br/> 
16:46 Wed 04-07-07 <br/> 
18:35 Wed 04-07-07 <br/> 
23:57 Wed 04-07-07 <br/> 
0:02 Thu 05-07-07 <br/> 
14:50 Thu 05-07-07 <br/> 
5:54 Fri 06-07-07 <br/> 
4:41 Sat 07-07-07 <br/> 
17:28 Sat 07-07-07 <br/> 
10:00 Sun 08-07-07 <br/> 
10:05 Sun 08-07-07 <br/> 
10:08 Sun 08-07-07 <br/> 
20:54 Sun 08-07-07 <br/> 
20:54 Sun 08-07-07 <br/> 
1:29 Mon 09-07-07 <br/> 
5:45 Mon 09-07-07 <br/> 
13:47 Mon 09-07-07 <br/> 
14:17 Mon 09-07-07 <br/> 
18:30 Mon 09-07-07 <br/> 
22:49 Mon 09-07-07 <br/> 
6:17 Tue 10-07-07 <br/> 
12:02 Tue 10-07-07 <br/> 
17:23 Tue 10-07-07 <br/> 
20:23 Tue 10-07-07 <br/> 
6:22 Wed 11-07-07 <br/> 
10:43 Wed 11-07-07 <br/> 
14:28 Wed 11-07-07 <br/> 
17:42 Wed 11-07-07 <br/> 
18:30 Wed 11-07-07 <br/> 
18:30 Wed 11-07-07 <br/> 
18:30 Wed 11-07-07 <br/> 
18:30 Wed 11-07-07 <br/> 
18:30 Wed 11-07-07 <br/> 
23:46 Wed 11-07-07 <br/> 
5:15 Thu 12-07-07 <br/> 
14:04 Thu 12-07-07 <br/> 
17:55 Thu 12-07-07 <br/> 
17:56 Thu 12-07-07 <br/> 
17:57 Thu 12-07-07 <br/> 
0:14 Fri 13-07-07 <br/> 
0:15 Fri 13-07-07 <br/> 
0:15 Fri 13-07-07 <br/> 
0:15 Fri 13-07-07 <br/> 
0:15 Fri 13-07-07 <br/> 
0:15 Fri 13-07-07 <br/> 
0:16 Fri 13-07-07 <br/> 
0:16 Fri 13-07-07 <br/> 
0:16 Fri 13-07-07 <br/> 
0:50 Fri 13-07-07 <br/> 
7:55 Fri 13-07-07 <br/> 
16:39 Fri 13-07-07 <br/> 
16:39 Fri 13-07-07 <br/> 
0:53 Sat 14-07-07 <br/> 
13:22 Sat 14-07-07 <br/> 
1:26 Sun 15-07-07 <br/> 
3:18 Sun 15-07-07 <br/> 
4:28 Sun 15-07-07 <br/> 
10:03 Sun 15-07-07 <br/> 
10:07 Sun 15-07-07 <br/> 
10:10 Sun 15-07-07 <br/> 
23:10 Sun 15-07-07 <br/> 
5:38 Mon 16-07-07 <br/> 
9:09 Mon 16-07-07 <br/> 
14:17 Mon 16-07-07 <br/> 
16:47 Mon 16-07-07 <br/> 
20:17 Mon 16-07-07 <br/> 
23:59 Mon 16-07-07 <br/> 
0:29 Tue 17-07-07 <br/> 
20:25 Tue 17-07-07 <br/> 
0:40 Wed 18-07-07 <br/> 
4:42 Wed 18-07-07 <br/> 
12:16 Wed 18-07-07 <br/> 
12:16 Wed 18-07-07 <br/> 
12:16 Wed 18-07-07 <br/> 
22:15 Wed 18-07-07 <br/> 
0:25 Thu 19-07-07 <br/> 
15:57 Thu 19-07-07 <br/> 
15:57 Thu 19-07-07 <br/> 
15:57 Thu 19-07-07 <br/> 
15:57 Thu 19-07-07 <br/> 
0:04 Sat 21-07-07 <br/> 
0:33 Sat 21-07-07 <br/> 
0:35 Sat 21-07-07 <br/> 
0:35 Sat 21-07-07 <br/> 
1:51 Sat 21-07-07 <br/> 
6:20 Sat 21-07-07 <br/> 
6:25 Sat 21-07-07 <br/> 
10:28 Sat 21-07-07 <br/> 
10:28 Sat 21-07-07 <br/> 
10:28 Sat 21-07-07 <br/> 
10:28 Sat 21-07-07 <br/> 
10:28 Sat 21-07-07 <br/> 
2:08 Sun 22-07-07 <br/> 
10:04 Sun 22-07-07 <br/> 
10:09 Sun 22-07-07 <br/> 
10:11 Sun 22-07-07 <br/> 
3:22 Tue 24-07-07 <br/> 
6:16 Tue 24-07-07 <br/> 
20:14 Tue 24-07-07 <br/> 
0:08 Wed 25-07-07 <br/> 
3:26 Wed 25-07-07 <br/> 
14:23 Wed 25-07-07 <br/> 
14:23 Wed 25-07-07 <br/> 
14:23 Wed 25-07-07 <br/> 
14:23 Wed 25-07-07 <br/> 
0:03 Thu 26-07-07 <br/> 
0:04 Fri 27-07-07 <br/> 
13:53 Fri 27-07-07 <br/> 
1:01 Sun 29-07-07 <br/> 
1:01 Sun 29-07-07 <br/> 
1:01 Sun 29-07-07 <br/> 
1:01 Sun 29-07-07 <br/> 
1:01 Sun 29-07-07 <br/> 
1:01 Sun 29-07-07 <br/> 
1:01 Sun 29-07-07 <br/> 
1:02 Sun 29-07-07 <br/> 
1:02 Sun 29-07-07 <br/> 
1:02 Sun 29-07-07 <br/> 
1:02 Sun 29-07-07 <br/> 
1:02 Sun 29-07-07 <br/> 
1:02 Sun 29-07-07 <br/> 
4:38 Sun 29-07-07 <br/> 
17:18 Sun 29-07-07 <br/> 
1:41 Mon 30-07-07 <br/> 
0:11 Tue 31-07-07 <br/> 
12:36 Tue 31-07-07 <br/> 
7:06 Wed 01-08-07 <br/> 
14:34 Thu 02-08-07 <br/> 
10:23 Sat 04-08-07 <br/> 
19:23 Sat 04-08-07 <br/> 
21:32 Sat 04-08-07 <br/> 
7:21 Sun 05-08-07 <br/> 
9:19 Tue 07-08-07 <br/> 
13:45 Tue 07-08-07 <br/> 
23:41 Tue 07-08-07 <br/> 
23:42 Thu 09-08-07 <br/> 
11:27 Fri 10-08-07 <br/> 
4:05 Sun 12-08-07 <br/> 
7:33 Sun 12-08-07 <br/> 
13:30 Sun 12-08-07 <br/> 
9:00 Wed 15-08-07 <br/> 
18:10 Wed 15-08-07 <br/> 
9:58 Thu 16-08-07 <br/> 
9:58 Thu 16-08-07 <br/> 
11:24 Sat 18-08-07 <br/> 
11:24 Sat 18-08-07 <br/> 
11:25 Sat 18-08-07 <br/> 
11:25 Sat 18-08-07 <br/> 
11:25 Sat 18-08-07 <br/> 
11:25 Sat 18-08-07 <br/> 
12:42 Sat 18-08-07 <br/> 
1:10 Sun 19-08-07 <br/> 
13:32 Sun 19-08-07 <br/> 
16:25 Sun 19-08-07 <br/> 
2:14 Mon 20-08-07 <br/> 
12:12 Tue 21-08-07 <br/> 
3:31 Wed 22-08-07 <br/> 
9:35 Wed 22-08-07 <br/> 
0:22 Thu 23-08-07 <br/> 
0:32 Fri 24-08-07 <br/> 
18:52 Fri 24-08-07 <br/> 
18:52 Fri 24-08-07 <br/> 
18:53 Fri 24-08-07 <br/> 
18:54 Fri 24-08-07 <br/> 
18:54 Fri 24-08-07 <br/> 
18:54 Fri 24-08-07 <br/> 
18:55 Fri 24-08-07 <br/> 
18:55 Fri 24-08-07 <br/> 
0:49 Sat 25-08-07 <br/> 
11:05 Sat 25-08-07 <br/> 
11:05 Sat 25-08-07 <br/> 
13:46 Sat 25-08-07 <br/> 
14:07 Sat 25-08-07 <br/> 
21:07 Sat 25-08-07 <br/> 
21:18 Sat 25-08-07 <br/> 
21:18 Sat 25-08-07 <br/> 
1:58 Sun 26-08-07 <br/> 
9:00 Sun 26-08-07 <br/> 
4:24 Mon 27-08-07 <br/> 
6:05 Tue 28-08-07 <br/> 
7:18 Tue 28-08-07 <br/> 
7:57 Tue 28-08-07 <br/> 
17:07 Tue 28-08-07 <br/> 
17:07 Tue 28-08-07 <br/> 
17:07 Tue 28-08-07 <br/> 
17:07 Tue 28-08-07 <br/> 
18:40 Tue 28-08-07 <br/> 
20:11 Tue 28-08-07 <br/> 
20:11 Tue 28-08-07 <br/> 
3:17 Wed 29-08-07 <br/> 
6:23 Wed 29-08-07 <br/> 
11:16 Wed 29-08-07 <br/> 
23:57 Wed 29-08-07 <br/> 
0:01 Thu 30-08-07 <br/> 
0:29 Thu 30-08-07 <br/> 
0:29 Thu 30-08-07 <br/> 
0:30 Thu 30-08-07 <br/> 
15:21 Sat 01-09-07 <br/> 
17:11 Sat 01-09-07 <br/> 
21:50 Sat 01-09-07 <br/> 
7:38 Sun 02-09-07 <br/> 
13:15 Sun 02-09-07 <br/> 
13:15 Sun 02-09-07 <br/> 
13:17 Sun 02-09-07 <br/> 
13:17 Sun 02-09-07 <br/> 
21:07 Sun 02-09-07 <br/> 
2:12 Mon 03-09-07 <br/> 
9:48 Mon 03-09-07 <br/> 
13:46 Mon 03-09-07 <br/> 
19:50 Tue 04-09-07 <br/> 
5:55 Wed 05-09-07 <br/> 
6:45 Wed 05-09-07 <br/> 
5:51 Thu 06-09-07 <br/> 
14:12 Thu 06-09-07 <br/> 
22:15 Thu 06-09-07 <br/> 
22:15 Thu 06-09-07 <br/> 
22:15 Thu 06-09-07 <br/> 
0:47 Fri 07-09-07 <br/> 
17:23 Fri 07-09-07 <br/> 
1:11 Sun 09-09-07 <br/> 
9:13 Sun 09-09-07 <br/> 
11:52 Sun 09-09-07 <br/> 
10:08 Mon 10-09-07 <br/> 
12:52 Wed 12-09-07 <br/> 
16:38 Wed 12-09-07 <br/> 
5:39 Thu 13-09-07 <br/> 
0:06 Fri 14-09-07 <br/> 
2:23 Sat 15-09-07 <br/> 
17:38 Sat 15-09-07 <br/> 
17:58 Sat 15-09-07 <br/> 
0:27 Sun 16-09-07 <br/> 
0:27 Sun 16-09-07 <br/> 
1:14 Sun 16-09-07 <br/> 
23:34 Sun 16-09-07 <br/> 
14:09 Mon 17-09-07 <br/> 
19:07 Mon 17-09-07 <br/> 
23:47 Wed 19-09-07 <br/> 
19:14 Thu 20-09-07 <br/> 
19:14 Thu 20-09-07 <br/> 
19:14 Thu 20-09-07 <br/> 
6:31 Fri 21-09-07 <br/> 
23:19 Fri 21-09-07 <br/> 
13:54 Sun 23-09-07 <br/> 
7:36 Tue 25-09-07 <br/> 
23:09 Tue 25-09-07 <br/> 
23:39 Tue 25-09-07 <br/> 
23:39 Tue 25-09-07 <br/> 
16:04 Wed 26-09-07 <br/> 
14:49 Thu 27-09-07 <br/> 
14:50 Thu 27-09-07 <br/> 
0:16 Fri 28-09-07 <br/> 
21:34 Sat 29-09-07 <br/> 
17:42 Tue 02-10-07 <br/> 
17:42 Tue 02-10-07 <br/> 
17:42 Tue 02-10-07 <br/> 
17:42 Tue 02-10-07 <br/> 
17:43 Tue 02-10-07 <br/> 
17:43 Tue 02-10-07 <br/> 
17:44 Tue 02-10-07 <br/> 
17:44 Tue 02-10-07 <br/> 
17:46 Tue 02-10-07 <br/> 
0:04 Wed 03-10-07 <br/> 
3:14 Wed 03-10-07 <br/> 
5:53 Wed 03-10-07 <br/> 
12:47 Wed 03-10-07 <br/> 
12:47 Wed 03-10-07 <br/> 
12:52 Wed 03-10-07 <br/> 
15:02 Wed 03-10-07 <br/> 
12:44 Thu 04-10-07 <br/> 
12:46 Thu 04-10-07 <br/> 
18:59 Thu 04-10-07 <br/> 
18:59 Thu 04-10-07 <br/> 
0:08 Fri 05-10-07 <br/> 
22:52 Sat 06-10-07 <br/> 
22:52 Sat 06-10-07 <br/> 
22:53 Sat 06-10-07 <br/> 
22:53 Sat 06-10-07 <br/> 
22:53 Sat 06-10-07 <br/> 
22:53 Sat 06-10-07 <br/> 
22:54 Sat 06-10-07 <br/> 
22:54 Sat 06-10-07 <br/> 
22:54 Sat 06-10-07 <br/> 
4:48 Sun 07-10-07 <br/> 
4:49 Sun 07-10-07 <br/> 
4:50 Sun 07-10-07 <br/> 
4:50 Sun 07-10-07 <br/> 
4:50 Sun 07-10-07 <br/> 
16:19 Sun 07-10-07 <br/> 
21:20 Sun 07-10-07 <br/> 
21:20 Sun 07-10-07 <br/> 
21:32 Sun 07-10-07 <br/> 
3:46 Mon 08-10-07 <br/> 
9:52 Mon 08-10-07 <br/> 
9:52 Mon 08-10-07 <br/> 
13:50 Mon 08-10-07 <br/> 
13:50 Mon 08-10-07 <br/> 
5:57 Wed 10-10-07 <br/> 
10:09 Wed 10-10-07 <br/> 
0:23 Thu 11-10-07 <br/> 
23:45 Thu 11-10-07 <br/> 
20:19 Fri 12-10-07 <br/> 
0:47 Sat 13-10-07 <br/> 
12:19 Sat 13-10-07 <br/> 
1:54 Mon 15-10-07 <br/> 
6:25 Mon 15-10-07 <br/> 
23:56 Mon 15-10-07 <br/> 
23:48 Tue 16-10-07 <br/> 
23:48 Tue 16-10-07 <br/> 
23:49 Tue 16-10-07 <br/> 
23:49 Tue 16-10-07 <br/> 
23:49 Tue 16-10-07 <br/> 
23:49 Tue 16-10-07 <br/> 
23:49 Tue 16-10-07 <br/> 
23:58 Tue 16-10-07 <br/> 
0:29 Thu 18-10-07 <br/> 
2:27 Thu 18-10-07 <br/> 
23:16 Thu 18-10-07 <br/> 
23:20 Thu 18-10-07 <br/> 
23:20 Thu 18-10-07 <br/> 
23:20 Thu 18-10-07 <br/> 
20:24 Fri 19-10-07 <br/> 
21:20 Fri 19-10-07 <br/> 
10:32 Sat 20-10-07 <br/> 
10:33 Sat 20-10-07 <br/> 
10:33 Sat 20-10-07 <br/> 
10:33 Sat 20-10-07 <br/> 
10:33 Sat 20-10-07 <br/> 
14:11 Sat 20-10-07 <br/> 
14:44 Sat 20-10-07 <br/> 
14:44 Sat 20-10-07 <br/> 
14:44 Sat 20-10-07 <br/> 
2:55 Sun 21-10-07 <br/> 
4:36 Sun 21-10-07 <br/> 
1:43 Mon 22-10-07 <br/> 
18:32 Mon 22-10-07 <br/> 
18:33 Mon 22-10-07 <br/> 
0:25 Tue 23-10-07 <br/> 
14:05 Tue 23-10-07 <br/> 
0:07 Wed 24-10-07 <br/> 
23:56 Wed 24-10-07 <br/> 
2:29 Thu 25-10-07 <br/> 
0:23 Fri 26-10-07 <br/> 
21:02 Fri 26-10-07 <br/> 
21:02 Fri 26-10-07 <br/> 
4:01 Sat 27-10-07 <br/> 
6:06 Sat 27-10-07 <br/> 
22:05 Sun 28-10-07 <br/> 
22:05 Sun 28-10-07 <br/> 
22:05 Sun 28-10-07 <br/> 
22:05 Sun 28-10-07 <br/> 
22:11 Sun 28-10-07 <br/> 
4:58 Tue 30-10-07 <br/> 
4:58 Tue 30-10-07 <br/> 
4:58 Tue 30-10-07 <br/> 
4:58 Tue 30-10-07 <br/> 
23:56 Tue 30-10-07 <br/> 
11:03 Wed 31-10-07 <br/> 
1:32 Thu 01-11-07 <br/> 
11:25 Fri 02-11-07 <br/> 
19:59 Sat 03-11-07 <br/> 
19:59 Sat 03-11-07 <br/> 
19:59 Sat 03-11-07 <br/> 
19:59 Sat 03-11-07 <br/> 
19:59 Sat 03-11-07 <br/> 
19:59 Sat 03-11-07 <br/> 
19:59 Sat 03-11-07 <br/> 
19:59 Sat 03-11-07 <br/> 
19:59 Sat 03-11-07 <br/> 
19:59 Sat 03-11-07 <br/> 
19:59 Sat 03-11-07 <br/> 
19:59 Sat 03-11-07 <br/> 
19:59 Sat 03-11-07 <br/> 
19:59 Sat 03-11-07 <br/> 
19:59 Sat 03-11-07 <br/> 
19:59 Sat 03-11-07 <br/> 
19:59 Sat 03-11-07 <br/> 
20:00 Sat 03-11-07 <br/> 
20:00 Sat 03-11-07 <br/> 
20:00 Sat 03-11-07 <br/> 
20:00 Sat 03-11-07 <br/> 
20:00 Sat 03-11-07 <br/> 
20:00 Sat 03-11-07 <br/> 
20:00 Sat 03-11-07 <br/> 
20:00 Sat 03-11-07 <br/> 
20:00 Sat 03-11-07 <br/> 
20:00 Sat 03-11-07 <br/> 
20:00 Sat 03-11-07 <br/> 
20:00 Sat 03-11-07 <br/> 
20:00 Sat 03-11-07 <br/> 
20:00 Sat 03-11-07 <br/> 
20:00 Sat 03-11-07 <br/> 
20:00 Sat 03-11-07 <br/> 
20:00 Sat 03-11-07 <br/> 
20:00 Sat 03-11-07 <br/> 
20:00 Sat 03-11-07 <br/> 
20:00 Sat 03-11-07 <br/> 
21:26 Sat 03-11-07 <br/> 
16:15 Sun 04-11-07 <br/> 
16:15 Sun 04-11-07 <br/> 
16:15 Sun 04-11-07 <br/> 
16:16 Sun 04-11-07 <br/> 
1:37 Mon 05-11-07 <br/> 
19:03 Mon 05-11-07 <br/> 
0:09 Tue 06-11-07 <br/> 
6:57 Wed 07-11-07 <br/> 
11:38 Wed 07-11-07 <br/> 
23:54 Wed 07-11-07 <br/> 
1:35 Thu 08-11-07 <br/> 
2:18 Thu 08-11-07 <br/> 
0:52 Fri 09-11-07 <br/> 
3:34 Sat 10-11-07 <br/> 
4:27 Sat 10-11-07 <br/> 
5:00 Sat 10-11-07 <br/> 
5:00 Sat 10-11-07 <br/> 
5:01 Sat 10-11-07 <br/> 
12:21 Sat 10-11-07 <br/> 
7:38 Sun 11-11-07 <br/> 
9:26 Sun 11-11-07 <br/> 
9:30 Sun 11-11-07 <br/> 
9:45 Sun 11-11-07 <br/> 
9:58 Sun 11-11-07 <br/> 
10:20 Sun 11-11-07 <br/> 
18:53 Mon 12-11-07 <br/> 
0:15 Tue 13-11-07 <br/> 
2:47 Tue 13-11-07 <br/> 
0:11 Wed 14-11-07 <br/> 
17:01 Wed 14-11-07 <br/> 
0:07 Thu 15-11-07 <br/> 
1:38 Thu 15-11-07 <br/> 
5:57 Sun 18-11-07 <br/> 
19:25 Sun 18-11-07 <br/> 
19:26 Sun 18-11-07 <br/> 
19:26 Sun 18-11-07 <br/> 
19:26 Sun 18-11-07 <br/> 
10:28 Mon 19-11-07 <br/> 
10:28 Mon 19-11-07 <br/> 
10:28 Mon 19-11-07 <br/> 
0:33 Tue 20-11-07 <br/> 
18:19 Tue 20-11-07 <br/> 
0:15 Wed 21-11-07 <br/> 
9:41 Wed 21-11-07 <br/> 
18:32 Wed 21-11-07 <br/> 
0:15 Thu 22-11-07 <br/> 
12:43 Thu 22-11-07 <br/> 
0:42 Fri 23-11-07 <br/> 
4:18 Fri 23-11-07 <br/> 
9:32 Fri 23-11-07 <br/> 
0:00 Sat 24-11-07 <br/> 
0:36 Sat 24-11-07 <br/> 
0:36 Sat 24-11-07 <br/> 
0:37 Sat 24-11-07 <br/> 
8:14 Sun 25-11-07 <br/> 
3:40 Mon 26-11-07 <br/> 
4:08 Mon 26-11-07 <br/> 
4:08 Mon 26-11-07 <br/> 
4:10 Mon 26-11-07 <br/> 
12:53 Mon 26-11-07 <br/> 
22:21 Mon 26-11-07 <br/> 
0:46 Tue 27-11-07 <br/> 
12:13 Tue 27-11-07 <br/> 
21:49 Tue 27-11-07 <br/> 
21:58 Tue 27-11-07 <br/> 
0:44 Wed 28-11-07 <br/> 
0:31 Thu 29-11-07 <br/> 
2:11 Thu 29-11-07 <br/> 
17:09 Thu 29-11-07 <br/> 
20:03 Thu 29-11-07 <br/> 
0:06 Fri 30-11-07 <br/> 
9:04 Fri 30-11-07 <br/> 
17:57 Fri 30-11-07 <br/> 
0:44 Sat 01-12-07 <br/> 
2:03 Sun 02-12-07 <br/> 
2:03 Sun 02-12-07 <br/> 
2:03 Sun 02-12-07 <br/> 
2:03 Sun 02-12-07 <br/> 
2:03 Sun 02-12-07 <br/> 
4:01 Sun 02-12-07 <br/> 
6:01 Sun 02-12-07 <br/> 
21:26 Sun 02-12-07 <br/> 
20:42 Tue 04-12-07 <br/> 
21:08 Tue 04-12-07 <br/> 
2:17 Wed 05-12-07 <br/> 
3:33 Wed 05-12-07 <br/> 
3:36 Wed 05-12-07 <br/> 
3:36 Wed 05-12-07 <br/> 
3:36 Wed 05-12-07 <br/> 
8:08 Wed 05-12-07 <br/> 
13:17 Wed 05-12-07 <br/> 
14:39 Wed 05-12-07 <br/> 
15:44 Wed 05-12-07 <br/> 
16:20 Wed 05-12-07 <br/> 
0:39 Thu 06-12-07 <br/> 
17:13 Thu 06-12-07 <br/> 
0:08 Fri 07-12-07 <br/> 
9:00 Fri 07-12-07 <br/> 
13:47 Fri 07-12-07 <br/> 
0:56 Sat 08-12-07 <br/> 
0:56 Sat 08-12-07 <br/> 
0:56 Sat 08-12-07 <br/> 
0:56 Sat 08-12-07 <br/> 
0:56 Sat 08-12-07 <br/> 
0:56 Sat 08-12-07 <br/> 
21:08 Sat 08-12-07 <br/> 
23:30 Sat 08-12-07 <br/> 
6:57 Sun 09-12-07 <br/> 
9:56 Sun 09-12-07 <br/> 
9:56 Sun 09-12-07 <br/> 
9:56 Sun 09-12-07 <br/> 
17:02 Sun 09-12-07 <br/> 
17:03 Sun 09-12-07 <br/> 
17:03 Sun 09-12-07 <br/> 
17:03 Sun 09-12-07 <br/> 
17:03 Sun 09-12-07 <br/> 
20:20 Mon 10-12-07 <br/> 
23:34 Mon 10-12-07 <br/> 
23:37 Mon 10-12-07 <br/> 
23:39 Mon 10-12-07 <br/> 
0:06 Tue 11-12-07 <br/> 
6:57 Tue 11-12-07 <br/> 
16:53 Tue 11-12-07 <br/> 
20:07 Tue 11-12-07 <br/> 
0:14 Wed 12-12-07 <br/> 
1:19 Wed 12-12-07 <br/> 
7:05 Wed 12-12-07 <br/> 
22:39 Wed 12-12-07 <br/> 
0:42 Thu 13-12-07 <br/> 
21:28 Thu 13-12-07 <br/> 
23:59 Thu 13-12-07 <br/> 
6:15 Sat 15-12-07 <br/> 
12:02 Sat 15-12-07 <br/> 
1:22 Sun 16-12-07 <br/> 
1:23 Sun 16-12-07 <br/> 
1:23 Sun 16-12-07 <br/> 
1:23 Sun 16-12-07 <br/> 
3:35 Sun 16-12-07 <br/> 
18:10 Sun 16-12-07 <br/> 
5:55 Mon 17-12-07 <br/> 
5:55 Mon 17-12-07 <br/> 
5:55 Mon 17-12-07 <br/> 
5:55 Mon 17-12-07 <br/> 
12:52 Mon 17-12-07 <br/> 
0:08 Tue 18-12-07 <br/> 
23:21 Tue 18-12-07 <br/> 
0:33 Wed 19-12-07 <br/> 
19:46 Wed 19-12-07 <br/> 
0:43 Thu 20-12-07 <br/> 
23:16 Thu 20-12-07 <br/> 
23:17 Thu 20-12-07 <br/> 
0:39 Fri 21-12-07 <br/> 
4:30 Fri 21-12-07 <br/> 
19:10 Sat 22-12-07 <br/> 
23:05 Sat 22-12-07 <br/> 
21:51 Sun 23-12-07 <br/> 
8:30 Mon 24-12-07 <br/> 
11:06 Mon 24-12-07 <br/> 
2:25 Tue 25-12-07 <br/> 
3:17 Tue 25-12-07 <br/> 
3:17 Tue 25-12-07 <br/> 
3:19 Tue 25-12-07 <br/> 
5:13 Tue 25-12-07 <br/> 
1:17 Wed 26-12-07 <br/> 
1:28 Wed 26-12-07 <br/> 
1:29 Wed 26-12-07 <br/> 
1:48 Wed 26-12-07 <br/> 
1:48 Wed 26-12-07 <br/> 
11:21 Wed 26-12-07 <br/> 
11:21 Wed 26-12-07 <br/> 
20:10 Wed 26-12-07 <br/> 
2:41 Thu 27-12-07 <br/> 
9:47 Thu 27-12-07 <br/> 
14:45 Thu 27-12-07 <br/> 
17:57 Thu 27-12-07 <br/> 
17:58 Thu 27-12-07 <br/> 
20:56 Thu 27-12-07 <br/> 
21:28 Thu 27-12-07 <br/> 
5:32 Fri 28-12-07 <br/> 
13:55 Fri 28-12-07 <br/> 
13:55 Fri 28-12-07 <br/> 
13:55 Fri 28-12-07 <br/> 
13:55 Fri 28-12-07 <br/> 
16:33 Fri 28-12-07 <br/> 
16:47 Fri 28-12-07 <br/> 
20:52 Sun 30-12-07 <br/> 
20:52 Sun 30-12-07 <br/> 
23:10 Sun 30-12-07 <br/> 
23:40 Sun 30-12-07 <br/> 
4:46 Tue 01-01-08 <br/> 
16:03 Tue 01-01-08 <br/> 
16:04 Tue 01-01-08 <br/> 
