2:00 Thu 01-01-70 
12:01 Wed 05-07-06 
12:27 Wed 05-07-06 
12:28 Wed 05-07-06 
14:02 Wed 05-07-06 
18:20 Wed 05-07-06 
23:26 Wed 05-07-06 
11:41 Thu 06-07-06 
21:14 Thu 06-07-06 
1:12 Fri 07-07-06 
2:24 Fri 07-07-06 
3:01 Fri 07-07-06 
10:59 Fri 07-07-06 
20:04 Fri 07-07-06 
21:40 Fri 07-07-06 
2:55 Sat 08-07-06 
15:23 Sat 08-07-06 
15:41 Sat 08-07-06 
15:48 Sat 08-07-06 
16:13 Sat 08-07-06 
17:49 Sat 08-07-06 
18:18 Sat 08-07-06 
18:55 Sat 08-07-06 
1:30 Sun 09-07-06 
3:37 Sun 09-07-06 
17:31 Sun 09-07-06 
20:57 Mon 10-07-06 
20:59 Mon 10-07-06 
1:16 Tue 11-07-06 
1:38 Tue 11-07-06 
11:56 Wed 12-07-06 
10:46 Thu 13-07-06 
18:35 Thu 13-07-06 
0:49 Fri 14-07-06 
23:47 Fri 14-07-06 
8:50 Sat 15-07-06 
9:13 Sat 15-07-06 
14:37 Sat 15-07-06 
8:13 Sun 16-07-06 
20:44 Sun 16-07-06 
18:32 Mon 17-07-06 
18:34 Mon 17-07-06 
18:47 Mon 17-07-06 
19:16 Mon 17-07-06 
19:17 Mon 17-07-06 
6:00 Tue 18-07-06 
6:00 Tue 18-07-06 
11:59 Wed 19-07-06 
13:36 Wed 19-07-06 <br/> 
21:59 Thu 20-07-06 <br/> 
1:11 Fri 21-07-06 <br/> 
1:18 Fri 21-07-06 <br/> 
5:45 Fri 21-07-06 <br/> 
18:02 Fri 21-07-06 <br/> 
19:52 Fri 21-07-06 <br/> 
1:28 Sat 22-07-06 <br/> 
20:38 Sat 22-07-06 <br/> 
18:42 Sun 15-10-06 <br/> 
7:28 Sat 11-11-06 <br/> 
0:51 Sun 12-11-06 <br/> 
0:55 Sun 12-11-06 <br/> 
5:06 Sun 12-11-06 <br/> 
3:38 Tue 21-11-06 <br/> 
18:21 Tue 21-11-06 <br/> 
0:31 Wed 22-11-06 <br/> 
4:59 Wed 22-11-06 <br/> 
22:16 Thu 23-11-06 <br/> 
15:18 Fri 24-11-06 <br/> 
15:33 Fri 24-11-06 <br/> 
0:48 Sat 25-11-06 <br/> 
11:04 Sat 25-11-06 <br/> 
17:18 Sat 25-11-06 <br/> 
22:27 Sat 25-11-06 <br/> 
22:29 Sat 25-11-06 <br/> 
22:33 Sat 25-11-06 <br/> 
5:53 Sun 26-11-06 <br/> 
6:49 Sun 26-11-06 <br/> 
7:11 Sun 26-11-06 <br/> 
20:54 Mon 27-11-06 <br/> 
12:03 Tue 28-11-06 <br/> 
21:38 Tue 28-11-06 <br/> 
21:39 Tue 28-11-06 <br/> 
21:40 Tue 28-11-06 <br/> 
21:42 Tue 28-11-06 <br/> 
21:45 Tue 28-11-06 <br/> 
0:59 Thu 30-11-06 <br/> 
1:25 Thu 30-11-06 <br/> 
1:26 Thu 30-11-06 <br/> 
21:48 Thu 30-11-06 <br/> 
21:48 Thu 30-11-06 <br/> 
23:57 Thu 30-11-06 <br/> 
3:23 Fri 01-12-06 <br/> 
16:47 Sat 02-12-06 <br/> 
23:41 Sun 03-12-06 <br/> 
23:44 Sun 03-12-06 <br/> 
5:47 Mon 04-12-06 <br/> 
19:58 Mon 04-12-06 <br/> 
23:04 Tue 05-12-06 <br/> 
1:48 Wed 06-12-06 <br/> 
1:48 Wed 06-12-06 <br/> 
13:14 Wed 06-12-06 <br/> 
13:15 Wed 06-12-06 <br/> 
19:42 Wed 06-12-06 <br/> 
19:29 Thu 07-12-06 <br/> 
16:07 Fri 08-12-06 <br/> 
0:14 Sat 09-12-06 <br/> 
3:41 Sat 09-12-06 <br/> 
13:20 Sat 09-12-06 <br/> 
14:38 Sat 09-12-06 <br/> 
14:44 Sat 09-12-06 <br/> 
15:37 Sat 09-12-06 <br/> 
15:51 Sat 09-12-06 <br/> 
22:29 Sat 09-12-06 <br/> 
1:26 Sun 10-12-06 <br/> 
10:52 Sun 10-12-06 <br/> 
11:32 Sun 10-12-06 <br/> 
11:36 Mon 11-12-06 <br/> 
5:57 Tue 12-12-06 <br/> 
11:40 Tue 12-12-06 <br/> 
15:02 Tue 12-12-06 <br/> 
15:09 Tue 12-12-06 <br/> 
15:11 Tue 12-12-06 <br/> 
21:04 Tue 12-12-06 <br/> 
21:41 Tue 12-12-06 <br/> 
22:46 Tue 12-12-06 <br/> 
11:40 Wed 13-12-06 <br/> 
0:15 Thu 14-12-06 <br/> 
21:57 Thu 14-12-06 <br/> 
0:07 Fri 15-12-06 <br/> 
8:42 Fri 15-12-06 <br/> 
0:23 Sat 16-12-06 <br/> 
2:29 Sat 16-12-06 <br/> 
18:07 Sat 16-12-06 <br/> 
18:19 Sat 16-12-06 <br/> 
1:27 Sun 17-12-06 <br/> 
19:33 Sun 17-12-06 <br/> 
9:24 Mon 18-12-06 <br/> 
18:07 Mon 18-12-06 <br/> 
19:33 Mon 18-12-06 <br/> 
8:07 Tue 19-12-06 <br/> 
19:33 Tue 19-12-06 <br/> 
20:03 Tue 19-12-06 <br/> 
19:34 Wed 20-12-06 <br/> 
19:34 Thu 21-12-06 <br/> 
15:30 Fri 22-12-06 <br/> 
0:05 Sat 23-12-06 <br/> 
7:18 Sat 23-12-06 <br/> 
8:14 Sat 23-12-06 <br/> 
18:19 Sat 23-12-06 <br/> 
1:27 Sun 24-12-06 <br/> 
21:35 Sun 24-12-06 <br/> 
2:29 Mon 25-12-06 <br/> 
5:07 Mon 25-12-06 <br/> 
8:56 Mon 25-12-06 <br/> 
4:29 Tue 26-12-06 <br/> 
4:29 Tue 26-12-06 <br/> 
4:30 Tue 26-12-06 <br/> 
8:44 Tue 26-12-06 <br/> 
6:25 Wed 27-12-06 <br/> 
13:24 Wed 27-12-06 <br/> 
19:30 Wed 27-12-06 <br/> 
19:30 Wed 27-12-06 <br/> 
20:32 Wed 27-12-06 <br/> 
21:21 Wed 27-12-06 <br/> 
21:21 Wed 27-12-06 <br/> 
22:04 Wed 27-12-06 <br/> 
22:30 Wed 27-12-06 <br/> 
22:30 Wed 27-12-06 <br/> 
23:32 Wed 27-12-06 <br/> 
23:38 Wed 27-12-06 <br/> 
23:49 Wed 27-12-06 <br/> 
23:50 Wed 27-12-06 <br/> 
0:44 Thu 28-12-06 <br/> 
2:10 Thu 28-12-06 <br/> 
3:17 Thu 28-12-06 <br/> 
3:39 Thu 28-12-06 <br/> 
5:16 Thu 28-12-06 <br/> 
6:16 Thu 28-12-06 <br/> 
7:22 Thu 28-12-06 <br/> 
7:41 Thu 28-12-06 <br/> 
15:01 Thu 28-12-06 <br/> 
15:03 Thu 28-12-06 <br/> 
17:29 Thu 28-12-06 <br/> 
22:17 Thu 28-12-06 <br/> 
22:17 Thu 28-12-06 <br/> 
22:42 Thu 28-12-06 <br/> 
22:43 Thu 28-12-06 <br/> 
5:48 Fri 29-12-06 <br/> 
15:09 Fri 29-12-06 <br/> 
20:11 Sat 30-12-06 <br/> 
21:18 Sat 30-12-06 <br/> 
21:18 Sat 30-12-06 <br/> 
22:47 Sat 30-12-06 <br/> 
23:34 Sat 30-12-06 <br/> 
0:25 Sun 31-12-06 <br/> 
0:27 Sun 31-12-06 <br/> 
13:42 Sun 31-12-06 <br/> 
15:45 Sun 31-12-06 <br/> 
15:45 Sun 31-12-06 <br/> 
17:41 Sun 31-12-06 <br/> 
1:40 Mon 01-01-07 <br/> 
3:49 Mon 01-01-07 <br/> 
18:54 Mon 01-01-07 <br/> 
18:55 Mon 01-01-07 <br/> 
12:05 Tue 02-01-07 <br/> 
18:34 Tue 02-01-07 <br/> 
18:53 Tue 02-01-07 <br/> 
1:10 Wed 03-01-07 <br/> 
1:43 Wed 03-01-07 <br/> 
2:54 Wed 03-01-07 <br/> 
4:36 Wed 03-01-07 <br/> 
6:05 Wed 03-01-07 <br/> 
7:09 Wed 03-01-07 <br/> 
7:36 Thu 04-01-07 <br/> 
10:25 Thu 04-01-07 <br/> 
13:09 Thu 04-01-07 <br/> 
20:38 Thu 04-01-07 <br/> 
2:43 Fri 05-01-07 <br/> 
9:54 Fri 05-01-07 <br/> 
13:41 Fri 05-01-07 <br/> 
13:44 Fri 05-01-07 <br/> 
16:38 Fri 05-01-07 <br/> 
17:05 Fri 05-01-07 <br/> 
18:58 Fri 05-01-07 <br/> 
19:09 Fri 05-01-07 <br/> 
23:17 Fri 05-01-07 <br/> 
1:21 Sat 06-01-07 <br/> 
1:23 Sat 06-01-07 <br/> 
1:23 Sat 06-01-07 <br/> 
1:24 Sat 06-01-07 <br/> 
1:24 Sat 06-01-07 <br/> 
1:24 Sat 06-01-07 <br/> 
1:25 Sat 06-01-07 <br/> 
8:02 Sat 06-01-07 <br/> 
12:16 Sat 06-01-07 <br/> 
22:17 Sat 06-01-07 <br/> 
2:52 Sun 07-01-07 <br/> 
6:25 Sun 07-01-07 <br/> 
6:38 Sun 07-01-07 <br/> 
8:41 Sun 07-01-07 <br/> 
12:08 Sun 07-01-07 <br/> 
20:55 Sun 07-01-07 <br/> 
2:49 Mon 08-01-07 <br/> 
12:14 Mon 08-01-07 <br/> 
21:52 Mon 08-01-07 <br/> 
22:06 Mon 08-01-07 <br/> 
9:50 Tue 09-01-07 <br/> 
15:44 Tue 09-01-07 <br/> 
16:10 Tue 09-01-07 <br/> 
22:46 Tue 09-01-07 <br/> 
0:34 Wed 10-01-07 <br/> 
13:53 Wed 10-01-07 <br/> 
13:54 Wed 10-01-07 <br/> 
23:14 Wed 10-01-07 <br/> 
23:15 Wed 10-01-07 <br/> 
14:18 Thu 11-01-07 <br/> 
14:18 Thu 11-01-07 <br/> 
14:18 Thu 11-01-07 <br/> 
23:39 Thu 11-01-07 <br/> 
23:44 Thu 11-01-07 <br/> 
23:44 Thu 11-01-07 <br/> 
8:41 Fri 12-01-07 <br/> 
15:55 Fri 12-01-07 <br/> 
15:55 Fri 12-01-07 <br/> 
11:46 Sat 13-01-07 <br/> 
11:46 Sat 13-01-07 <br/> 
23:50 Sat 13-01-07 <br/> 
1:27 Mon 15-01-07 <br/> 
2:39 Mon 15-01-07 <br/> 
3:57 Mon 15-01-07 <br/> 
20:40 Mon 15-01-07 <br/> 
20:41 Mon 15-01-07 <br/> 
20:41 Mon 15-01-07 <br/> 
20:41 Mon 15-01-07 <br/> 
1:58 Tue 16-01-07 <br/> 
4:44 Tue 16-01-07 <br/> 
10:21 Tue 16-01-07 <br/> 
10:08 Wed 17-01-07 <br/> 
13:15 Wed 17-01-07 <br/> 
21:07 Wed 17-01-07 <br/> 
23:17 Wed 17-01-07 <br/> 
9:12 Thu 18-01-07 <br/> 
13:16 Thu 18-01-07 <br/> 
13:41 Fri 19-01-07 <br/> 
14:19 Fri 19-01-07 <br/> 
14:19 Fri 19-01-07 <br/> 
15:10 Fri 19-01-07 <br/> 
15:10 Fri 19-01-07 <br/> 
15:10 Fri 19-01-07 <br/> 
16:59 Fri 19-01-07 <br/> 
17:00 Fri 19-01-07 <br/> 
19:15 Fri 19-01-07 <br/> 
1:40 Sat 20-01-07 <br/> 
5:25 Sat 20-01-07 <br/> 
7:40 Sat 20-01-07 <br/> 
7:40 Sat 20-01-07 <br/> 
7:40 Sat 20-01-07 <br/> 
8:21 Sat 20-01-07 <br/> 
12:26 Sat 20-01-07 <br/> 
12:26 Sat 20-01-07 <br/> 
13:58 Sat 20-01-07 <br/> 
18:19 Sat 20-01-07 <br/> 
18:19 Sat 20-01-07 <br/> 
19:17 Sat 20-01-07 <br/> 
22:48 Sat 20-01-07 <br/> 
14:30 Sun 21-01-07 <br/> 
23:44 Sun 21-01-07 <br/> 
7:22 Mon 22-01-07 <br/> 
5:54 Tue 23-01-07 <br/> 
12:00 Tue 23-01-07 <br/> 
23:06 Tue 23-01-07 <br/> 
23:07 Tue 23-01-07 <br/> 
23:08 Tue 23-01-07 <br/> 
23:08 Tue 23-01-07 <br/> 
0:29 Wed 24-01-07 <br/> 
10:12 Wed 24-01-07 <br/> 
10:23 Wed 24-01-07 <br/> 
22:21 Wed 24-01-07 <br/> 
22:54 Wed 24-01-07 <br/> 
23:54 Wed 24-01-07 <br/> 
0:01 Thu 25-01-07 <br/> 
0:06 Thu 25-01-07 <br/> 
9:14 Thu 25-01-07 <br/> 
16:53 Thu 25-01-07 <br/> 
16:54 Thu 25-01-07 <br/> 
17:40 Fri 26-01-07 <br/> 
17:40 Fri 26-01-07 <br/> 
22:05 Fri 26-01-07 <br/> 
23:34 Fri 26-01-07 <br/> 
23:34 Fri 26-01-07 <br/> 
23:35 Fri 26-01-07 <br/> 
9:36 Sat 27-01-07 <br/> 
11:21 Sat 27-01-07 <br/> 
12:41 Sun 28-01-07 <br/> 
13:51 Sun 28-01-07 <br/> 
13:51 Sun 28-01-07 <br/> 
14:27 Sun 28-01-07 <br/> 
16:43 Sun 28-01-07 <br/> 
0:10 Mon 29-01-07 <br/> 
8:51 Mon 29-01-07 <br/> 
8:54 Mon 29-01-07 <br/> 
8:59 Mon 29-01-07 <br/> 
12:55 Mon 29-01-07 <br/> 
14:08 Mon 29-01-07 <br/> 
14:09 Mon 29-01-07 <br/> 
14:09 Mon 29-01-07 <br/> 
14:32 Mon 29-01-07 <br/> 
14:32 Mon 29-01-07 <br/> 
11:26 Tue 30-01-07 <br/> 
12:13 Tue 30-01-07 <br/> 
14:19 Tue 30-01-07 <br/> 
14:27 Tue 30-01-07 <br/> 
20:55 Tue 30-01-07 <br/> 
5:30 Wed 31-01-07 <br/> 
8:19 Wed 31-01-07 <br/> 
8:19 Wed 31-01-07 <br/> 
10:16 Wed 31-01-07 <br/> 
11:17 Wed 31-01-07 <br/> 
16:29 Wed 31-01-07 <br/> 
18:04 Wed 31-01-07 <br/> 
18:05 Wed 31-01-07 <br/> 
20:27 Wed 31-01-07 <br/> 
22:10 Wed 31-01-07 <br/> 
0:10 Thu 01-02-07 <br/> 
5:49 Thu 01-02-07 <br/> 
9:18 Thu 01-02-07 <br/> 
17:14 Thu 01-02-07 <br/> 
17:14 Thu 01-02-07 <br/> 
21:18 Thu 01-02-07 <br/> 
4:16 Fri 02-02-07 <br/> 
9:23 Fri 02-02-07 <br/> 
19:02 Fri 02-02-07 <br/> 
19:02 Fri 02-02-07 <br/> 
20:15 Fri 02-02-07 <br/> 
9:45 Sat 03-02-07 <br/> 
12:21 Sat 03-02-07 <br/> 
12:39 Sat 03-02-07 <br/> 
12:39 Sat 03-02-07 <br/> 
12:40 Sat 03-02-07 <br/> 
12:40 Sat 03-02-07 <br/> 
15:46 Sat 03-02-07 <br/> 
18:40 Sat 03-02-07 <br/> 
19:18 Sat 03-02-07 <br/> 
22:27 Sat 03-02-07 <br/> 
22:28 Sat 03-02-07 <br/> 
2:52 Sun 04-02-07 <br/> 
7:38 Sun 04-02-07 <br/> 
15:12 Sun 04-02-07 <br/> 
1:59 Mon 05-02-07 <br/> 
13:51 Mon 05-02-07 <br/> 
19:01 Mon 05-02-07 <br/> 
0:42 Tue 06-02-07 <br/> 
4:14 Tue 06-02-07 <br/> 
7:00 Tue 06-02-07 <br/> 
7:00 Tue 06-02-07 <br/> 
16:07 Tue 06-02-07 <br/> 
17:12 Tue 06-02-07 <br/> 
19:22 Tue 06-02-07 <br/> 
2:31 Wed 07-02-07 <br/> 
10:21 Wed 07-02-07 <br/> 
0:50 Thu 08-02-07 <br/> 
3:34 Thu 08-02-07 <br/> 
9:25 Thu 08-02-07 <br/> 
21:16 Thu 08-02-07 <br/> 
4:25 Fri 09-02-07 <br/> 
14:27 Fri 09-02-07 <br/> 
14:27 Fri 09-02-07 <br/> 
16:23 Fri 09-02-07 <br/> 
21:16 Fri 09-02-07 <br/> 
21:35 Fri 09-02-07 <br/> 
18:28 Sat 10-02-07 <br/> 
19:43 Sat 10-02-07 <br/> 
19:57 Sat 10-02-07 <br/> 
22:07 Sat 10-02-07 <br/> 
12:52 Sun 11-02-07 <br/> 
19:40 Sun 11-02-07 <br/> 
20:14 Tue 13-02-07 <br/> 
20:16 Tue 13-02-07 <br/> 
16:08 Wed 14-02-07 <br/> 
19:22 Wed 14-02-07 <br/> 
0:48 Thu 15-02-07 <br/> 
0:49 Thu 15-02-07 <br/> 
0:49 Thu 15-02-07 <br/> 
0:50 Thu 15-02-07 <br/> 
0:50 Thu 15-02-07 <br/> 
0:50 Thu 15-02-07 <br/> 
0:50 Thu 15-02-07 <br/> 
20:34 Thu 15-02-07 <br/> 
20:34 Thu 15-02-07 <br/> 
4:14 Fri 16-02-07 <br/> 
7:06 Fri 16-02-07 <br/> 
8:17 Fri 16-02-07 <br/> 
10:50 Fri 16-02-07 <br/> 
10:50 Fri 16-02-07 <br/> 
3:28 Sat 17-02-07 <br/> 
6:27 Sat 17-02-07 <br/> 
11:33 Sat 17-02-07 <br/> 
13:22 Sat 17-02-07 <br/> 
17:58 Sat 17-02-07 <br/> 
18:24 Sat 17-02-07 <br/> 
2:34 Sun 18-02-07 <br/> 
9:14 Sun 18-02-07 <br/> 
12:01 Sun 18-02-07 <br/> 
17:18 Sun 18-02-07 <br/> 
18:47 Mon 19-02-07 <br/> 
18:48 Mon 19-02-07 <br/> 
15:16 Tue 20-02-07 <br/> 
20:15 Tue 20-02-07 <br/> 
20:16 Tue 20-02-07 <br/> 
20:16 Tue 20-02-07 <br/> 
20:17 Tue 20-02-07 <br/> 
20:17 Tue 20-02-07 <br/> 
23:26 Tue 20-02-07 <br/> 
23:59 Tue 20-02-07 <br/> 
9:11 Wed 21-02-07 <br/> 
10:26 Wed 21-02-07 <br/> 
12:16 Wed 21-02-07 <br/> 
14:53 Wed 21-02-07 <br/> 
14:53 Wed 21-02-07 <br/> 
16:00 Wed 21-02-07 <br/> 
4:48 Thu 22-02-07 <br/> 
8:34 Thu 22-02-07 <br/> 
19:38 Thu 22-02-07 <br/> 
19:39 Thu 22-02-07 <br/> 
19:41 Thu 22-02-07 <br/> 
19:41 Thu 22-02-07 <br/> 
1:00 Fri 23-02-07 <br/> 
12:19 Fri 23-02-07 <br/> 
19:01 Fri 23-02-07 <br/> 
21:13 Fri 23-02-07 <br/> 
23:58 Fri 23-02-07 <br/> 
13:49 Sat 24-02-07 <br/> 
13:52 Sat 24-02-07 <br/> 
22:21 Sat 24-02-07 <br/> 
1:17 Sun 25-02-07 <br/> 
1:17 Sun 25-02-07 <br/> 
3:12 Sun 25-02-07 <br/> 
4:45 Sun 25-02-07 <br/> 
20:47 Sun 25-02-07 <br/> 
20:47 Sun 25-02-07 <br/> 
20:47 Sun 25-02-07 <br/> 
8:13 Mon 26-02-07 <br/> 
8:26 Mon 26-02-07 <br/> 
16:35 Mon 26-02-07 <br/> 
16:35 Mon 26-02-07 <br/> 
17:28 Mon 26-02-07 <br/> 
0:27 Tue 27-02-07 <br/> 
20:54 Tue 27-02-07 <br/> 
5:18 Wed 28-02-07 <br/> 
19:43 Wed 28-02-07 <br/> 
22:04 Wed 28-02-07 <br/> 
23:56 Wed 28-02-07 <br/> 
20:08 Thu 01-03-07 <br/> 
9:53 Fri 02-03-07 <br/> 
9:54 Fri 02-03-07 <br/> 
4:46 Sun 04-03-07 <br/> 
23:10 Mon 05-03-07 <br/> 
10:56 Tue 06-03-07 <br/> 
7:37 Wed 07-03-07 <br/> 
19:28 Wed 07-03-07 <br/> 
19:28 Wed 07-03-07 <br/> 
5:02 Thu 08-03-07 <br/> 
7:04 Fri 09-03-07 <br/> 
22:43 Fri 09-03-07 <br/> 
0:35 Sat 10-03-07 <br/> 
3:01 Sat 10-03-07 <br/> 
6:32 Sat 10-03-07 <br/> 
14:42 Sat 10-03-07 <br/> 
14:42 Sat 10-03-07 <br/> 
5:22 Sun 11-03-07 <br/> 
7:30 Tue 13-03-07 <br/> 
11:33 Wed 14-03-07 <br/> 
11:33 Wed 14-03-07 <br/> 
11:36 Wed 14-03-07 <br/> 
11:36 Wed 14-03-07 <br/> 
11:37 Wed 14-03-07 <br/> 
11:37 Wed 14-03-07 <br/> 
13:37 Wed 14-03-07 <br/> 
13:37 Wed 14-03-07 <br/> 
13:38 Wed 14-03-07 <br/> 
13:38 Wed 14-03-07 <br/> 
13:38 Wed 14-03-07 <br/> 
13:38 Wed 14-03-07 <br/> 
14:51 Thu 15-03-07 <br/> 
15:24 Thu 15-03-07 <br/> 
16:07 Thu 15-03-07 <br/> 
16:24 Thu 15-03-07 <br/> 
21:08 Thu 15-03-07 <br/> 
1:32 Fri 16-03-07 <br/> 
16:42 Fri 16-03-07 <br/> 
16:42 Fri 16-03-07 <br/> 
16:45 Fri 16-03-07 <br/> 
23:38 Fri 16-03-07 <br/> 
0:51 Sat 17-03-07 <br/> 
1:15 Sat 17-03-07 <br/> 
2:58 Sat 17-03-07 <br/> 
14:55 Sat 17-03-07 <br/> 
11:03 Sun 18-03-07 <br/> 
11:03 Sun 18-03-07 <br/> 
11:04 Sun 18-03-07 <br/> 
7:40 Tue 20-03-07 <br/> 
14:18 Wed 21-03-07 <br/> 
15:54 Wed 21-03-07 <br/> 
17:11 Wed 21-03-07 <br/> 
7:32 Thu 22-03-07 <br/> 
7:46 Thu 22-03-07 <br/> 
3:03 Fri 23-03-07 <br/> 
3:03 Fri 23-03-07 <br/> 
3:07 Fri 23-03-07 <br/> 
14:57 Sat 24-03-07 <br/> 
16:42 Sat 24-03-07 <br/> 
4:37 Sun 25-03-07 <br/> 
19:46 Mon 26-03-07 <br/> 
19:46 Mon 26-03-07 <br/> 
19:49 Mon 26-03-07 <br/> 
19:49 Mon 26-03-07 <br/> 
4:07 Wed 28-03-07 <br/> 
20:22 Wed 28-03-07 <br/> 
19:44 Thu 29-03-07 <br/> 
14:52 Fri 30-03-07 <br/> 
19:07 Sat 31-03-07 <br/> 
23:25 Sat 31-03-07 <br/> 
12:57 Sun 01-04-07 <br/> 
21:36 Sun 01-04-07 <br/> 
22:04 Sun 01-04-07 <br/> 
13:04 Tue 03-04-07 <br/> 
13:04 Tue 03-04-07 <br/> 
23:51 Tue 03-04-07 <br/> 
14:35 Wed 04-04-07 <br/> 
20:20 Wed 04-04-07 <br/> 
20:20 Wed 04-04-07 <br/> 
20:21 Wed 04-04-07 <br/> 
20:21 Wed 04-04-07 <br/> 
0:22 Thu 05-04-07 <br/> 
1:38 Thu 05-04-07 <br/> 
4:12 Thu 05-04-07 <br/> 
13:45 Thu 05-04-07 <br/> 
23:35 Thu 05-04-07 <br/> 
2:09 Fri 06-04-07 <br/> 
20:27 Fri 06-04-07 <br/> 
13:19 Sat 07-04-07 <br/> 
3:47 Sun 08-04-07 <br/> 
6:35 Sun 08-04-07 <br/> 
6:35 Sun 08-04-07 <br/> 
6:37 Sun 08-04-07 <br/> 
4:54 Mon 09-04-07 <br/> 
13:44 Mon 09-04-07 <br/> 
23:23 Tue 10-04-07 <br/> 
0:44 Wed 11-04-07 <br/> 
16:23 Wed 11-04-07 <br/> 
18:11 Wed 11-04-07 <br/> 
0:04 Thu 12-04-07 <br/> 
1:41 Thu 12-04-07 <br/> 
1:41 Thu 12-04-07 <br/> 
13:47 Thu 12-04-07 <br/> 
17:13 Thu 12-04-07 <br/> 
21:58 Thu 12-04-07 <br/> 
22:26 Thu 12-04-07 <br/> 
0:35 Fri 13-04-07 <br/> 
18:26 Fri 13-04-07 <br/> 
18:27 Fri 13-04-07 <br/> 
18:27 Fri 13-04-07 <br/> 
7:24 Sat 14-04-07 <br/> 
10:20 Sat 14-04-07 <br/> 
10:20 Sat 14-04-07 <br/> 
12:34 Sat 14-04-07 <br/> 
14:26 Sat 14-04-07 <br/> 
17:36 Sat 14-04-07 <br/> 
23:36 Sun 15-04-07 <br/> 
3:03 Mon 16-04-07 <br/> 
19:50 Mon 16-04-07 <br/> 
0:11 Tue 17-04-07 <br/> 
2:11 Wed 18-04-07 <br/> 
18:47 Wed 18-04-07 <br/> 
18:47 Wed 18-04-07 <br/> 
3:51 Thu 19-04-07 <br/> 
7:57 Thu 19-04-07 <br/> 
5:19 Fri 20-04-07 <br/> 
23:33 Fri 20-04-07 <br/> 
1:19 Sat 21-04-07 <br/> 
13:50 Sat 21-04-07 <br/> 
20:57 Sat 21-04-07 <br/> 
16:22 Sun 22-04-07 <br/> 
16:23 Sun 22-04-07 <br/> 
2:45 Mon 23-04-07 <br/> 
7:09 Mon 23-04-07 <br/> 
7:12 Mon 23-04-07 <br/> 
7:12 Mon 23-04-07 <br/> 
7:12 Mon 23-04-07 <br/> 
20:45 Mon 23-04-07 <br/> 
23:44 Mon 23-04-07 <br/> 
8:12 Tue 24-04-07 <br/> 
12:40 Tue 24-04-07 <br/> 
15:35 Tue 24-04-07 <br/> 
15:37 Tue 24-04-07 <br/> 
7:54 Wed 25-04-07 <br/> 
7:54 Wed 25-04-07 <br/> 
19:11 Wed 25-04-07 <br/> 
1:08 Thu 26-04-07 <br/> 
12:35 Thu 26-04-07 <br/> 
0:35 Fri 27-04-07 <br/> 
14:07 Fri 27-04-07 <br/> 
14:23 Fri 27-04-07 <br/> 
14:23 Fri 27-04-07 <br/> 
14:23 Fri 27-04-07 <br/> 
15:24 Fri 27-04-07 <br/> 
15:24 Fri 27-04-07 <br/> 
15:24 Fri 27-04-07 <br/> 
15:24 Fri 27-04-07 <br/> 
0:56 Sat 28-04-07 <br/> 
13:34 Sat 28-04-07 <br/> 
22:42 Sat 28-04-07 <br/> 
4:00 Sun 29-04-07 <br/> 
14:22 Sun 29-04-07 <br/> 
16:48 Sun 29-04-07 <br/> 
16:48 Sun 29-04-07 <br/> 
16:48 Sun 29-04-07 <br/> 
10:01 Mon 30-04-07 <br/> 
9:52 Wed 02-05-07 <br/> 
21:35 Wed 02-05-07 <br/> 
2:31 Thu 03-05-07 <br/> 
3:51 Thu 03-05-07 <br/> 
4:40 Thu 03-05-07 <br/> 
12:42 Thu 03-05-07 <br/> 
17:47 Fri 04-05-07 <br/> 
17:47 Fri 04-05-07 <br/> 
17:48 Fri 04-05-07 <br/> 
17:48 Fri 04-05-07 <br/> 
17:49 Fri 04-05-07 <br/> 
17:49 Fri 04-05-07 <br/> 
17:49 Fri 04-05-07 <br/> 
5:07 Sat 05-05-07 <br/> 
19:22 Mon 07-05-07 <br/> 
23:13 Mon 07-05-07 <br/> 
0:08 Tue 08-05-07 <br/> 
4:53 Tue 08-05-07 <br/> 
6:58 Tue 08-05-07 <br/> 
9:09 Tue 08-05-07 <br/> 
9:09 Tue 08-05-07 <br/> 
9:52 Tue 08-05-07 <br/> 
10:57 Tue 08-05-07 <br/> 
14:15 Tue 08-05-07 <br/> 
20:13 Tue 08-05-07 <br/> 
2:23 Wed 09-05-07 <br/> 
14:51 Wed 09-05-07 <br/> 
14:52 Wed 09-05-07 <br/> 
14:52 Wed 09-05-07 <br/> 
14:53 Wed 09-05-07 <br/> 
14:53 Wed 09-05-07 <br/> 
14:53 Wed 09-05-07 <br/> 
14:54 Wed 09-05-07 <br/> 
14:54 Wed 09-05-07 <br/> 
14:54 Wed 09-05-07 <br/> 
13:55 Thu 10-05-07 <br/> 
17:55 Thu 10-05-07 <br/> 
17:55 Thu 10-05-07 <br/> 
17:55 Thu 10-05-07 <br/> 
17:55 Thu 10-05-07 <br/> 
17:55 Thu 10-05-07 <br/> 
17:55 Thu 10-05-07 <br/> 
17:56 Thu 10-05-07 <br/> 
17:56 Thu 10-05-07 <br/> 
17:56 Thu 10-05-07 <br/> 
17:56 Thu 10-05-07 <br/> 
17:56 Thu 10-05-07 <br/> 
17:56 Thu 10-05-07 <br/> 
17:57 Thu 10-05-07 <br/> 
19:02 Thu 10-05-07 <br/> 
0:32 Fri 11-05-07 <br/> 
1:54 Fri 11-05-07 <br/> 
1:54 Fri 11-05-07 <br/> 
10:55 Fri 11-05-07 <br/> 
10:55 Fri 11-05-07 <br/> 
10:56 Fri 11-05-07 <br/> 
10:56 Fri 11-05-07 <br/> 
10:56 Fri 11-05-07 <br/> 
10:56 Fri 11-05-07 <br/> 
10:56 Fri 11-05-07 <br/> 
10:56 Fri 11-05-07 <br/> 
13:09 Fri 11-05-07 <br/> 
13:10 Fri 11-05-07 <br/> 
13:10 Fri 11-05-07 <br/> 
13:10 Fri 11-05-07 <br/> 
15:13 Sat 12-05-07 <br/> 
18:27 Tue 15-05-07 <br/> 
18:27 Tue 15-05-07 <br/> 
18:27 Tue 15-05-07 <br/> 
18:28 Tue 15-05-07 <br/> 
12:22 Thu 17-05-07 <br/> 
19:44 Fri 18-05-07 <br/> 
19:44 Fri 18-05-07 <br/> 
19:45 Fri 18-05-07 <br/> 
19:45 Fri 18-05-07 <br/> 
19:45 Fri 18-05-07 <br/> 
19:46 Fri 18-05-07 <br/> 
19:46 Fri 18-05-07 <br/> 
19:46 Fri 18-05-07 <br/> 
19:46 Fri 18-05-07 <br/> 
19:46 Fri 18-05-07 <br/> 
19:46 Fri 18-05-07 <br/> 
19:47 Fri 18-05-07 <br/> 
19:47 Fri 18-05-07 <br/> 
19:47 Fri 18-05-07 <br/> 
19:47 Fri 18-05-07 <br/> 
23:14 Fri 18-05-07 <br/> 
22:42 Sat 19-05-07 <br/> 
3:18 Sun 20-05-07 <br/> 
4:10 Sun 20-05-07 <br/> 
10:59 Sun 20-05-07 <br/> 
10:59 Sun 20-05-07 <br/> 
3:03 Mon 21-05-07 <br/> 
5:32 Mon 21-05-07 <br/> 
9:13 Mon 21-05-07 <br/> 
12:22 Mon 21-05-07 <br/> 
16:18 Mon 21-05-07 <br/> 
8:05 Tue 22-05-07 <br/> 
8:28 Tue 22-05-07 <br/> 
8:29 Tue 22-05-07 <br/> 
12:48 Tue 22-05-07 <br/> 
16:37 Tue 22-05-07 <br/> 
20:08 Thu 24-05-07 <br/> 
23:39 Thu 24-05-07 <br/> 
7:50 Sat 26-05-07 <br/> 
1:22 Sun 27-05-07 <br/> 
1:22 Sun 27-05-07 <br/> 
1:22 Sun 27-05-07 <br/> 
1:22 Sun 27-05-07 <br/> 
1:22 Sun 27-05-07 <br/> 
22:44 Sun 27-05-07 <br/> 
22:45 Sun 27-05-07 <br/> 
22:45 Sun 27-05-07 <br/> 
22:45 Sun 27-05-07 <br/> 
17:23 Mon 28-05-07 <br/> 
21:06 Mon 28-05-07 <br/> 
4:06 Wed 30-05-07 <br/> 
4:13 Wed 30-05-07 <br/> 
15:02 Wed 30-05-07 <br/> 
15:02 Wed 30-05-07 <br/> 
15:02 Wed 30-05-07 <br/> 
15:03 Wed 30-05-07 <br/> 
15:03 Wed 30-05-07 <br/> 
15:03 Wed 30-05-07 <br/> 
15:03 Wed 30-05-07 <br/> 
15:03 Wed 30-05-07 <br/> 
15:03 Wed 30-05-07 <br/> 
15:03 Wed 30-05-07 <br/> 
15:03 Wed 30-05-07 <br/> 
16:06 Wed 30-05-07 <br/> 
22:18 Wed 30-05-07 <br/> 
0:03 Thu 31-05-07 <br/> 
9:10 Thu 31-05-07 <br/> 
10:52 Sat 02-06-07 <br/> 
15:44 Sun 03-06-07 <br/> 
21:52 Sun 03-06-07 <br/> 
1:07 Mon 04-06-07 <br/> 
1:08 Thu 07-06-07 <br/> 
5:40 Fri 08-06-07 <br/> 
7:17 Sun 10-06-07 <br/> 
7:18 Sun 10-06-07 <br/> 
7:18 Sun 10-06-07 <br/> 
11:27 Mon 11-06-07 <br/> 
16:47 Mon 11-06-07 <br/> 
23:44 Mon 11-06-07 <br/> 
9:34 Tue 12-06-07 <br/> 
10:09 Tue 12-06-07 <br/> 
19:14 Tue 12-06-07 <br/> 
19:20 Tue 12-06-07 <br/> 
19:26 Tue 12-06-07 <br/> 
19:31 Tue 12-06-07 <br/> 
23:52 Wed 13-06-07 <br/> 
16:12 Thu 14-06-07 <br/> 
10:20 Fri 15-06-07 <br/> 
12:05 Fri 15-06-07 <br/> 
14:16 Fri 15-06-07 <br/> 
14:16 Fri 15-06-07 <br/> 
20:47 Fri 15-06-07 <br/> 
12:07 Sat 16-06-07 <br/> 
12:07 Sat 16-06-07 <br/> 
12:07 Sat 16-06-07 <br/> 
12:07 Sat 16-06-07 <br/> 
12:07 Sat 16-06-07 <br/> 
12:08 Sat 16-06-07 <br/> 
12:08 Sat 16-06-07 <br/> 
12:08 Sat 16-06-07 <br/> 
12:08 Sat 16-06-07 <br/> 
12:08 Sat 16-06-07 <br/> 
5:27 Mon 18-06-07 <br/> 
0:08 Tue 19-06-07 <br/> 
8:17 Tue 19-06-07 <br/> 
13:10 Tue 19-06-07 <br/> 
15:09 Tue 19-06-07 <br/> 
18:56 Wed 20-06-07 <br/> 
20:55 Wed 20-06-07 <br/> 
23:49 Wed 20-06-07 <br/> 
2:09 Thu 21-06-07 <br/> 
12:24 Thu 21-06-07 <br/> 
12:24 Thu 21-06-07 <br/> 
12:25 Thu 21-06-07 <br/> 
12:25 Thu 21-06-07 <br/> 
15:22 Thu 21-06-07 <br/> 
15:22 Thu 21-06-07 <br/> 
15:22 Thu 21-06-07 <br/> 
15:23 Thu 21-06-07 <br/> 
15:23 Thu 21-06-07 <br/> 
15:25 Thu 21-06-07 <br/> 
0:09 Fri 22-06-07 <br/> 
0:17 Sat 23-06-07 <br/> 
0:19 Sat 23-06-07 <br/> 
0:28 Sat 23-06-07 <br/> 
15:09 Sat 23-06-07 <br/> 
22:48 Sat 23-06-07 <br/> 
4:07 Mon 25-06-07 <br/> 
5:43 Mon 25-06-07 <br/> 
5:43 Mon 25-06-07 <br/> 
13:13 Mon 25-06-07 <br/> 
13:14 Mon 25-06-07 <br/> 
13:28 Mon 25-06-07 <br/> 
13:28 Mon 25-06-07 <br/> 
13:29 Mon 25-06-07 <br/> 
0:16 Tue 26-06-07 <br/> 
0:41 Tue 26-06-07 <br/> 
0:28 Thu 28-06-07 <br/> 
8:50 Thu 28-06-07 <br/> 
12:24 Thu 28-06-07 <br/> 
13:48 Thu 28-06-07 <br/> 
16:20 Thu 28-06-07 <br/> 
18:10 Thu 28-06-07 <br/> 
20:52 Fri 29-06-07 <br/> 
14:01 Sat 30-06-07 <br/> 
20:52 Sat 30-06-07 <br/> 
21:17 Sat 30-06-07 <br/> 
21:39 Sat 30-06-07 <br/> 
21:52 Sat 30-06-07 <br/> 
22:00 Sat 30-06-07 <br/> 
4:56 Sun 01-07-07 <br/> 
5:28 Sun 01-07-07 <br/> 
6:46 Sun 01-07-07 <br/> 
9:54 Sun 01-07-07 <br/> 
9:58 Sun 01-07-07 <br/> 
10:01 Sun 01-07-07 <br/> 
16:18 Sun 01-07-07 <br/> 
1:34 Mon 02-07-07 <br/> 
4:23 Mon 02-07-07 <br/> 
6:10 Mon 02-07-07 <br/> 
20:54 Tue 03-07-07 <br/> 
3:30 Wed 04-07-07 <br/> 
3:30 Wed 04-07-07 <br/> 
7:16 Wed 04-07-07 <br/> 
20:05 Wed 04-07-07 <br/> 
20:09 Wed 04-07-07 <br/> 
23:55 Wed 04-07-07 <br/> 
17:19 Thu 05-07-07 <br/> 
21:43 Thu 05-07-07 <br/> 
5:53 Fri 06-07-07 <br/> 
12:25 Fri 06-07-07 <br/> 
15:45 Fri 06-07-07 <br/> 
17:01 Sat 07-07-07 <br/> 
17:01 Sat 07-07-07 <br/> 
17:02 Sat 07-07-07 <br/> 
17:02 Sat 07-07-07 <br/> 
17:02 Sat 07-07-07 <br/> 
17:02 Sat 07-07-07 <br/> 
17:03 Sat 07-07-07 <br/> 
17:03 Sat 07-07-07 <br/> 
17:03 Sat 07-07-07 <br/> 
17:03 Sat 07-07-07 <br/> 
17:03 Sat 07-07-07 <br/> 
22:23 Sat 07-07-07 <br/> 
9:55 Sun 08-07-07 <br/> 
10:01 Sun 08-07-07 <br/> 
10:04 Sun 08-07-07 <br/> 
13:52 Sun 08-07-07 <br/> 
17:51 Sun 08-07-07 <br/> 
18:24 Sun 08-07-07 <br/> 
20:26 Sun 08-07-07 <br/> 
5:45 Mon 09-07-07 <br/> 
7:30 Mon 09-07-07 <br/> 
20:41 Mon 09-07-07 <br/> 
12:03 Tue 10-07-07 <br/> 
17:50 Wed 11-07-07 <br/> 
23:46 Wed 11-07-07 <br/> 
14:02 Thu 12-07-07 <br/> 
15:57 Thu 12-07-07 <br/> 
20:44 Thu 12-07-07 <br/> 
22:12 Thu 12-07-07 <br/> 
23:38 Thu 12-07-07 <br/> 
23:53 Thu 12-07-07 <br/> 
23:53 Thu 12-07-07 <br/> 
23:54 Thu 12-07-07 <br/> 
23:54 Thu 12-07-07 <br/> 
23:55 Thu 12-07-07 <br/> 
0:06 Fri 13-07-07 <br/> 
0:07 Fri 13-07-07 <br/> 
0:07 Fri 13-07-07 <br/> 
0:07 Fri 13-07-07 <br/> 
0:08 Fri 13-07-07 <br/> 
0:08 Fri 13-07-07 <br/> 
0:08 Fri 13-07-07 <br/> 
0:08 Fri 13-07-07 <br/> 
0:08 Fri 13-07-07 <br/> 
0:09 Fri 13-07-07 <br/> 
0:09 Fri 13-07-07 <br/> 
0:09 Fri 13-07-07 <br/> 
0:10 Fri 13-07-07 <br/> 
0:11 Fri 13-07-07 <br/> 
0:11 Fri 13-07-07 <br/> 
0:11 Fri 13-07-07 <br/> 
0:12 Fri 13-07-07 <br/> 
0:17 Fri 13-07-07 <br/> 
0:17 Fri 13-07-07 <br/> 
0:17 Fri 13-07-07 <br/> 
0:36 Fri 13-07-07 <br/> 
0:36 Fri 13-07-07 <br/> 
0:36 Fri 13-07-07 <br/> 
0:36 Fri 13-07-07 <br/> 
0:36 Fri 13-07-07 <br/> 
0:50 Fri 13-07-07 <br/> 
1:11 Fri 13-07-07 <br/> 
14:51 Fri 13-07-07 <br/> 
14:51 Fri 13-07-07 <br/> 
14:51 Fri 13-07-07 <br/> 
0:06 Sat 14-07-07 <br/> 
0:53 Sat 14-07-07 <br/> 
17:27 Sat 14-07-07 <br/> 
1:34 Sun 15-07-07 <br/> 
3:09 Sun 15-07-07 <br/> 
4:28 Sun 15-07-07 <br/> 
9:56 Sun 15-07-07 <br/> 
10:03 Sun 15-07-07 <br/> 
10:06 Sun 15-07-07 <br/> 
19:49 Sun 15-07-07 <br/> 
2:56 Mon 16-07-07 <br/> 
5:38 Mon 16-07-07 <br/> 
17:58 Mon 16-07-07 <br/> 
18:14 Mon 16-07-07 <br/> 
18:15 Mon 16-07-07 <br/> 
18:15 Mon 16-07-07 <br/> 
18:15 Mon 16-07-07 <br/> 
18:15 Mon 16-07-07 <br/> 
18:15 Mon 16-07-07 <br/> 
18:15 Mon 16-07-07 <br/> 
18:48 Mon 16-07-07 <br/> 
23:59 Mon 16-07-07 <br/> 
0:22 Tue 17-07-07 <br/> 
4:04 Tue 17-07-07 <br/> 
19:10 Tue 17-07-07 <br/> 
0:40 Wed 18-07-07 <br/> 
19:03 Wed 18-07-07 <br/> 
0:25 Thu 19-07-07 <br/> 
11:12 Thu 19-07-07 <br/> 
16:08 Thu 19-07-07 <br/> 
19:14 Thu 19-07-07 <br/> 
0:27 Fri 20-07-07 <br/> 
0:04 Sat 21-07-07 <br/> 
0:35 Sat 21-07-07 <br/> 
11:16 Sat 21-07-07 <br/> 
2:08 Sun 22-07-07 <br/> 
9:58 Sun 22-07-07 <br/> 
10:04 Sun 22-07-07 <br/> 
10:05 Sun 22-07-07 <br/> 
10:08 Sun 22-07-07 <br/> 
22:37 Tue 24-07-07 <br/> 
22:37 Tue 24-07-07 <br/> 
22:40 Tue 24-07-07 <br/> 
0:08 Wed 25-07-07 <br/> 
0:30 Wed 25-07-07 <br/> 
0:35 Wed 25-07-07 <br/> 
3:25 Wed 25-07-07 <br/> 
0:03 Thu 26-07-07 <br/> 
18:49 Thu 26-07-07 <br/> 
18:51 Thu 26-07-07 <br/> 
18:51 Thu 26-07-07 <br/> 
0:04 Fri 27-07-07 <br/> 
1:08 Fri 27-07-07 <br/> 
1:11 Fri 27-07-07 <br/> 
1:11 Fri 27-07-07 <br/> 
1:11 Fri 27-07-07 <br/> 
1:11 Fri 27-07-07 <br/> 
1:12 Fri 27-07-07 <br/> 
1:14 Fri 27-07-07 <br/> 
1:14 Fri 27-07-07 <br/> 
1:14 Fri 27-07-07 <br/> 
13:44 Fri 27-07-07 <br/> 
13:44 Fri 27-07-07 <br/> 
13:59 Fri 27-07-07 <br/> 
16:16 Fri 27-07-07 <br/> 
20:31 Fri 27-07-07 <br/> 
11:30 Sat 28-07-07 <br/> 
13:26 Sat 28-07-07 <br/> 
18:33 Sat 28-07-07 <br/> 
0:58 Sun 29-07-07 <br/> 
0:59 Sun 29-07-07 <br/> 
0:59 Sun 29-07-07 <br/> 
0:59 Sun 29-07-07 <br/> 
0:59 Sun 29-07-07 <br/> 
0:59 Sun 29-07-07 <br/> 
0:59 Sun 29-07-07 <br/> 
1:00 Sun 29-07-07 <br/> 
1:00 Sun 29-07-07 <br/> 
1:00 Sun 29-07-07 <br/> 
1:00 Sun 29-07-07 <br/> 
1:00 Sun 29-07-07 <br/> 
1:00 Sun 29-07-07 <br/> 
1:00 Sun 29-07-07 <br/> 
1:01 Sun 29-07-07 <br/> 
1:01 Sun 29-07-07 <br/> 
1:01 Sun 29-07-07 <br/> 
10:52 Sun 29-07-07 <br/> 
1:41 Mon 30-07-07 <br/> 
15:19 Mon 30-07-07 <br/> 
0:11 Tue 31-07-07 <br/> 
9:43 Tue 31-07-07 <br/> 
22:09 Tue 31-07-07 <br/> 
7:13 Wed 01-08-07 <br/> 
22:26 Thu 02-08-07 <br/> 
2:19 Fri 03-08-07 <br/> 
7:10 Fri 03-08-07 <br/> 
7:10 Fri 03-08-07 <br/> 
2:54 Sat 04-08-07 <br/> 
2:54 Sat 04-08-07 <br/> 
2:54 Sat 04-08-07 <br/> 
2:54 Sat 04-08-07 <br/> 
22:44 Sat 04-08-07 <br/> 
22:44 Sat 04-08-07 <br/> 
22:45 Sat 04-08-07 <br/> 
22:45 Sat 04-08-07 <br/> 
22:45 Sat 04-08-07 <br/> 
22:46 Sat 04-08-07 <br/> 
22:46 Sat 04-08-07 <br/> 
22:47 Sat 04-08-07 <br/> 
14:20 Sun 05-08-07 <br/> 
18:08 Thu 09-08-07 <br/> 
18:09 Thu 09-08-07 <br/> 
18:09 Thu 09-08-07 <br/> 
18:11 Thu 09-08-07 <br/> 
18:12 Thu 09-08-07 <br/> 
18:12 Thu 09-08-07 <br/> 
18:12 Thu 09-08-07 <br/> 
18:13 Thu 09-08-07 <br/> 
18:13 Thu 09-08-07 <br/> 
18:14 Thu 09-08-07 <br/> 
23:31 Thu 09-08-07 <br/> 
23:42 Thu 09-08-07 <br/> 
7:18 Fri 10-08-07 <br/> 
11:29 Fri 10-08-07 <br/> 
21:13 Fri 10-08-07 <br/> 
21:13 Fri 10-08-07 <br/> 
21:13 Fri 10-08-07 <br/> 
20:35 Sat 11-08-07 <br/> 
4:05 Sun 12-08-07 <br/> 
14:16 Sun 12-08-07 <br/> 
17:58 Sun 12-08-07 <br/> 
1:17 Fri 17-08-07 <br/> 
3:46 Fri 17-08-07 <br/> 
22:36 Sat 18-08-07 <br/> 
22:36 Sat 18-08-07 <br/> 
22:36 Sat 18-08-07 <br/> 
22:36 Sat 18-08-07 <br/> 
22:37 Sat 18-08-07 <br/> 
22:37 Sat 18-08-07 <br/> 
22:37 Sat 18-08-07 <br/> 
1:09 Sun 19-08-07 <br/> 
14:17 Sun 19-08-07 <br/> 
18:00 Sun 19-08-07 <br/> 
9:09 Mon 20-08-07 <br/> 
9:09 Mon 20-08-07 <br/> 
9:09 Mon 20-08-07 <br/> 
9:10 Mon 20-08-07 <br/> 
9:10 Mon 20-08-07 <br/> 
9:10 Mon 20-08-07 <br/> 
9:10 Mon 20-08-07 <br/> 
9:40 Mon 20-08-07 <br/> 
9:41 Mon 20-08-07 <br/> 
9:41 Mon 20-08-07 <br/> 
9:41 Mon 20-08-07 <br/> 
9:41 Mon 20-08-07 <br/> 
9:41 Mon 20-08-07 <br/> 
9:42 Mon 20-08-07 <br/> 
9:42 Mon 20-08-07 <br/> 
9:42 Mon 20-08-07 <br/> 
9:42 Mon 20-08-07 <br/> 
2:04 Tue 21-08-07 <br/> 
9:34 Wed 22-08-07 <br/> 
0:22 Thu 23-08-07 <br/> 
0:32 Fri 24-08-07 <br/> 
15:45 Fri 24-08-07 <br/> 
10:47 Sat 25-08-07 <br/> 
14:19 Sat 25-08-07 <br/> 
14:19 Sat 25-08-07 <br/> 
14:20 Sat 25-08-07 <br/> 
14:20 Sat 25-08-07 <br/> 
14:20 Sat 25-08-07 <br/> 
14:21 Sat 25-08-07 <br/> 
14:21 Sat 25-08-07 <br/> 
14:21 Sat 25-08-07 <br/> 
14:22 Sat 25-08-07 <br/> 
23:26 Sat 25-08-07 <br/> 
1:58 Sun 26-08-07 <br/> 
14:22 Sun 26-08-07 <br/> 
18:04 Sun 26-08-07 <br/> 
22:06 Sun 26-08-07 <br/> 
4:24 Mon 27-08-07 <br/> 
5:02 Tue 28-08-07 <br/> 
6:18 Tue 28-08-07 <br/> 
7:43 Tue 28-08-07 <br/> 
7:43 Tue 28-08-07 <br/> 
17:02 Tue 28-08-07 <br/> 
3:17 Wed 29-08-07 <br/> 
0:01 Thu 30-08-07 <br/> 
0:29 Thu 30-08-07 <br/> 
0:30 Thu 30-08-07 <br/> 
4:17 Thu 30-08-07 <br/> 
4:17 Thu 30-08-07 <br/> 
4:17 Thu 30-08-07 <br/> 
4:18 Thu 30-08-07 <br/> 
12:11 Thu 30-08-07 <br/> 
3:31 Fri 31-08-07 <br/> 
6:24 Fri 31-08-07 <br/> 
14:53 Fri 31-08-07 <br/> 
14:53 Fri 31-08-07 <br/> 
14:53 Fri 31-08-07 <br/> 
14:53 Fri 31-08-07 <br/> 
10:49 Sat 01-09-07 <br/> 
7:34 Sun 02-09-07 <br/> 
7:34 Sun 02-09-07 <br/> 
7:34 Sun 02-09-07 <br/> 
7:34 Sun 02-09-07 <br/> 
7:35 Sun 02-09-07 <br/> 
7:35 Sun 02-09-07 <br/> 
15:51 Sun 02-09-07 <br/> 
15:51 Sun 02-09-07 <br/> 
15:52 Sun 02-09-07 <br/> 
15:52 Sun 02-09-07 <br/> 
15:52 Sun 02-09-07 <br/> 
15:53 Sun 02-09-07 <br/> 
15:53 Sun 02-09-07 <br/> 
15:53 Sun 02-09-07 <br/> 
15:54 Sun 02-09-07 <br/> 
5:03 Mon 03-09-07 <br/> 
13:09 Mon 03-09-07 <br/> 
9:38 Tue 04-09-07 <br/> 
19:01 Wed 05-09-07 <br/> 
19:01 Wed 05-09-07 <br/> 
23:42 Wed 05-09-07 <br/> 
23:42 Wed 05-09-07 <br/> 
23:42 Wed 05-09-07 <br/> 
23:42 Wed 05-09-07 <br/> 
5:46 Thu 06-09-07 <br/> 
5:46 Thu 06-09-07 <br/> 
5:46 Thu 06-09-07 <br/> 
5:46 Thu 06-09-07 <br/> 
5:47 Thu 06-09-07 <br/> 
5:47 Thu 06-09-07 <br/> 
0:47 Fri 07-09-07 <br/> 
0:47 Sat 08-09-07 <br/> 
17:39 Sat 08-09-07 <br/> 
2:40 Sun 09-09-07 <br/> 
13:10 Mon 10-09-07 <br/> 
20:59 Mon 10-09-07 <br/> 
13:26 Wed 12-09-07 <br/> 
13:26 Wed 12-09-07 <br/> 
13:26 Wed 12-09-07 <br/> 
13:27 Wed 12-09-07 <br/> 
13:27 Wed 12-09-07 <br/> 
13:27 Wed 12-09-07 <br/> 
13:27 Wed 12-09-07 <br/> 
13:28 Wed 12-09-07 <br/> 
13:28 Wed 12-09-07 <br/> 
13:28 Wed 12-09-07 <br/> 
13:28 Wed 12-09-07 <br/> 
13:29 Wed 12-09-07 <br/> 
0:06 Fri 14-09-07 <br/> 
6:41 Fri 14-09-07 <br/> 
8:48 Fri 14-09-07 <br/> 
17:38 Sat 15-09-07 <br/> 
0:27 Sun 16-09-07 <br/> 
0:27 Sun 16-09-07 <br/> 
0:27 Sun 16-09-07 <br/> 
0:27 Sun 16-09-07 <br/> 
7:55 Mon 17-09-07 <br/> 
7:55 Mon 17-09-07 <br/> 
7:56 Mon 17-09-07 <br/> 
7:56 Mon 17-09-07 <br/> 
7:56 Mon 17-09-07 <br/> 
7:57 Mon 17-09-07 <br/> 
21:41 Mon 17-09-07 <br/> 
21:41 Mon 17-09-07 <br/> 
22:13 Mon 17-09-07 <br/> 
23:47 Wed 19-09-07 <br/> 
11:17 Fri 21-09-07 <br/> 
11:25 Fri 21-09-07 <br/> 
23:19 Fri 21-09-07 <br/> 
2:26 Sat 22-09-07 <br/> 
7:34 Sat 22-09-07 <br/> 
7:34 Sat 22-09-07 <br/> 
7:38 Sat 22-09-07 <br/> 
7:40 Sat 22-09-07 <br/> 
16:18 Sat 22-09-07 <br/> 
3:07 Sun 23-09-07 <br/> 
3:08 Sun 23-09-07 <br/> 
3:08 Sun 23-09-07 <br/> 
3:33 Sun 23-09-07 <br/> 
7:29 Sun 23-09-07 <br/> 
23:09 Tue 25-09-07 <br/> 
23:39 Tue 25-09-07 <br/> 
2:14 Wed 26-09-07 <br/> 
23:16 Thu 27-09-07 <br/> 
10:11 Fri 28-09-07 <br/> 
9:28 Tue 02-10-07 <br/> 
9:29 Tue 02-10-07 <br/> 
17:46 Tue 02-10-07 <br/> 
17:46 Tue 02-10-07 <br/> 
17:48 Tue 02-10-07 <br/> 
23:45 Tue 02-10-07 <br/> 
0:03 Wed 03-10-07 <br/> 
2:31 Wed 03-10-07 <br/> 
3:28 Wed 03-10-07 <br/> 
12:35 Wed 03-10-07 <br/> 
14:04 Thu 04-10-07 <br/> 
14:59 Thu 04-10-07 <br/> 
0:08 Fri 05-10-07 <br/> 
9:04 Fri 05-10-07 <br/> 
16:01 Fri 05-10-07 <br/> 
16:51 Fri 05-10-07 <br/> 
16:53 Fri 05-10-07 <br/> 
1:17 Sat 06-10-07 <br/> 
6:51 Sat 06-10-07 <br/> 
16:23 Sat 06-10-07 <br/> 
16:24 Sat 06-10-07 <br/> 
4:48 Sun 07-10-07 <br/> 
4:48 Sun 07-10-07 <br/> 
5:59 Sun 07-10-07 <br/> 
5:59 Sun 07-10-07 <br/> 
6:00 Sun 07-10-07 <br/> 
6:00 Sun 07-10-07 <br/> 
6:00 Sun 07-10-07 <br/> 
6:00 Sun 07-10-07 <br/> 
6:01 Sun 07-10-07 <br/> 
8:15 Sun 07-10-07 <br/> 
12:50 Sun 07-10-07 <br/> 
21:33 Sun 07-10-07 <br/> 
21:33 Sun 07-10-07 <br/> 
21:33 Sun 07-10-07 <br/> 
21:33 Sun 07-10-07 <br/> 
21:33 Sun 07-10-07 <br/> 
21:33 Sun 07-10-07 <br/> 
21:34 Sun 07-10-07 <br/> 
21:34 Sun 07-10-07 <br/> 
21:34 Sun 07-10-07 <br/> 
21:34 Sun 07-10-07 <br/> 
21:34 Sun 07-10-07 <br/> 
21:34 Sun 07-10-07 <br/> 
21:37 Sun 07-10-07 <br/> 
3:46 Mon 08-10-07 <br/> 
9:49 Mon 08-10-07 <br/> 
9:52 Mon 08-10-07 <br/> 
13:16 Mon 08-10-07 <br/> 
21:33 Mon 08-10-07 <br/> 
15:10 Tue 09-10-07 <br/> 
15:17 Tue 09-10-07 <br/> 
17:31 Tue 09-10-07 <br/> 
3:30 Wed 10-10-07 <br/> 
14:41 Wed 10-10-07 <br/> 
19:42 Wed 10-10-07 <br/> 
19:42 Wed 10-10-07 <br/> 
19:42 Wed 10-10-07 <br/> 
20:44 Wed 10-10-07 <br/> 
20:44 Wed 10-10-07 <br/> 
21:12 Wed 10-10-07 <br/> 
0:23 Thu 11-10-07 <br/> 
1:01 Thu 11-10-07 <br/> 
23:45 Thu 11-10-07 <br/> 
18:38 Fri 12-10-07 <br/> 
18:39 Fri 12-10-07 <br/> 
18:39 Fri 12-10-07 <br/> 
18:39 Fri 12-10-07 <br/> 
18:39 Fri 12-10-07 <br/> 
18:39 Fri 12-10-07 <br/> 
18:39 Fri 12-10-07 <br/> 
18:40 Fri 12-10-07 <br/> 
19:19 Fri 12-10-07 <br/> 
19:32 Fri 12-10-07 <br/> 
20:04 Fri 12-10-07 <br/> 
0:47 Sat 13-10-07 <br/> 
20:52 Sun 14-10-07 <br/> 
20:52 Sun 14-10-07 <br/> 
20:53 Sun 14-10-07 <br/> 
1:54 Mon 15-10-07 <br/> 
14:37 Mon 15-10-07 <br/> 
14:37 Mon 15-10-07 <br/> 
23:56 Mon 15-10-07 <br/> 
23:48 Tue 16-10-07 <br/> 
23:49 Tue 16-10-07 <br/> 
23:49 Tue 16-10-07 <br/> 
23:49 Tue 16-10-07 <br/> 
23:58 Tue 16-10-07 <br/> 
5:57 Wed 17-10-07 <br/> 
6:25 Wed 17-10-07 <br/> 
21:55 Wed 17-10-07 <br/> 
21:57 Wed 17-10-07 <br/> 
0:29 Thu 18-10-07 <br/> 
23:04 Thu 18-10-07 <br/> 
23:04 Thu 18-10-07 <br/> 
23:05 Thu 18-10-07 <br/> 
23:05 Thu 18-10-07 <br/> 
23:10 Thu 18-10-07 <br/> 
23:11 Thu 18-10-07 <br/> 
23:11 Thu 18-10-07 <br/> 
23:11 Thu 18-10-07 <br/> 
23:11 Thu 18-10-07 <br/> 
23:11 Thu 18-10-07 <br/> 
23:11 Thu 18-10-07 <br/> 
23:12 Thu 18-10-07 <br/> 
23:12 Thu 18-10-07 <br/> 
23:12 Thu 18-10-07 <br/> 
23:12 Thu 18-10-07 <br/> 
23:13 Thu 18-10-07 <br/> 
23:13 Thu 18-10-07 <br/> 
23:13 Thu 18-10-07 <br/> 
23:13 Thu 18-10-07 <br/> 
23:13 Thu 18-10-07 <br/> 
23:14 Thu 18-10-07 <br/> 
23:14 Thu 18-10-07 <br/> 
23:14 Thu 18-10-07 <br/> 
23:21 Thu 18-10-07 <br/> 
23:21 Thu 18-10-07 <br/> 
23:31 Thu 18-10-07 <br/> 
23:32 Thu 18-10-07 <br/> 
23:32 Thu 18-10-07 <br/> 
23:32 Thu 18-10-07 <br/> 
23:32 Thu 18-10-07 <br/> 
23:32 Thu 18-10-07 <br/> 
23:33 Thu 18-10-07 <br/> 
20:13 Fri 19-10-07 <br/> 
22:47 Fri 19-10-07 <br/> 
1:49 Sat 20-10-07 <br/> 
14:11 Sat 20-10-07 <br/> 
14:44 Sat 20-10-07 <br/> 
14:44 Sat 20-10-07 <br/> 
2:55 Sun 21-10-07 <br/> 
11:19 Sun 21-10-07 <br/> 
1:43 Mon 22-10-07 <br/> 
2:43 Mon 22-10-07 <br/> 
12:06 Mon 22-10-07 <br/> 
12:06 Mon 22-10-07 <br/> 
0:25 Tue 23-10-07 <br/> 
0:07 Wed 24-10-07 <br/> 
16:56 Wed 24-10-07 <br/> 
23:56 Wed 24-10-07 <br/> 
22:25 Thu 25-10-07 <br/> 
22:26 Thu 25-10-07 <br/> 
0:23 Fri 26-10-07 <br/> 
20:22 Fri 26-10-07 <br/> 
4:01 Sat 27-10-07 <br/> 
15:08 Sat 27-10-07 <br/> 
23:56 Tue 30-10-07 <br/> 
7:22 Wed 31-10-07 <br/> 
0:36 Thu 01-11-07 <br/> 
0:36 Thu 01-11-07 <br/> 
20:34 Thu 01-11-07 <br/> 
20:35 Thu 01-11-07 <br/> 
22:35 Thu 01-11-07 <br/> 
11:53 Fri 02-11-07 <br/> 
11:53 Fri 02-11-07 <br/> 
11:54 Fri 02-11-07 <br/> 
21:46 Fri 02-11-07 <br/> 
16:10 Sun 04-11-07 <br/> 
16:10 Sun 04-11-07 <br/> 
1:37 Mon 05-11-07 <br/> 
0:09 Tue 06-11-07 <br/> 
22:49 Tue 06-11-07 <br/> 
22:49 Tue 06-11-07 <br/> 
22:49 Tue 06-11-07 <br/> 
1:39 Wed 07-11-07 <br/> 
1:40 Wed 07-11-07 <br/> 
1:40 Wed 07-11-07 <br/> 
1:40 Wed 07-11-07 <br/> 
1:41 Wed 07-11-07 <br/> 
1:41 Wed 07-11-07 <br/> 
1:41 Wed 07-11-07 <br/> 
12:31 Wed 07-11-07 <br/> 
12:31 Wed 07-11-07 <br/> 
12:32 Wed 07-11-07 <br/> 
12:32 Wed 07-11-07 <br/> 
12:32 Wed 07-11-07 <br/> 
12:32 Wed 07-11-07 <br/> 
12:32 Wed 07-11-07 <br/> 
12:33 Wed 07-11-07 <br/> 
12:33 Wed 07-11-07 <br/> 
23:54 Wed 07-11-07 <br/> 
0:10 Thu 08-11-07 <br/> 
14:14 Thu 08-11-07 <br/> 
15:56 Thu 08-11-07 <br/> 
20:46 Thu 08-11-07 <br/> 
21:17 Thu 08-11-07 <br/> 
0:52 Fri 09-11-07 <br/> 
3:08 Fri 09-11-07 <br/> 
7:08 Fri 09-11-07 <br/> 
21:50 Fri 09-11-07 <br/> 
1:06 Sat 10-11-07 <br/> 
1:14 Sat 10-11-07 <br/> 
4:27 Sat 10-11-07 <br/> 
5:00 Sat 10-11-07 <br/> 
5:01 Sat 10-11-07 <br/> 
12:41 Sat 10-11-07 <br/> 
4:29 Sun 11-11-07 <br/> 
7:31 Sun 11-11-07 <br/> 
7:35 Sun 11-11-07 <br/> 
7:35 Sun 11-11-07 <br/> 
9:44 Sun 11-11-07 <br/> 
10:17 Sun 11-11-07 <br/> 
11:02 Sun 11-11-07 <br/> 
12:18 Sun 11-11-07 <br/> 
12:21 Sun 11-11-07 <br/> 
22:43 Sun 11-11-07 <br/> 
0:48 Mon 12-11-07 <br/> 
7:46 Mon 12-11-07 <br/> 
10:35 Mon 12-11-07 <br/> 
0:15 Tue 13-11-07 <br/> 
2:41 Tue 13-11-07 <br/> 
11:20 Tue 13-11-07 <br/> 
0:11 Wed 14-11-07 <br/> 
0:07 Thu 15-11-07 <br/> 
6:59 Thu 15-11-07 <br/> 
5:05 Fri 16-11-07 <br/> 
8:10 Fri 16-11-07 <br/> 
15:58 Fri 16-11-07 <br/> 
4:24 Sat 17-11-07 <br/> 
5:57 Sun 18-11-07 <br/> 
21:43 Sun 18-11-07 <br/> 
21:43 Sun 18-11-07 <br/> 
10:26 Mon 19-11-07 <br/> 
10:26 Mon 19-11-07 <br/> 
10:26 Mon 19-11-07 <br/> 
22:17 Mon 19-11-07 <br/> 
0:33 Tue 20-11-07 <br/> 
14:09 Tue 20-11-07 <br/> 
18:19 Tue 20-11-07 <br/> 
23:00 Tue 20-11-07 <br/> 
0:15 Wed 21-11-07 <br/> 
9:23 Wed 21-11-07 <br/> 
9:52 Wed 21-11-07 <br/> 
16:47 Wed 21-11-07 <br/> 
22:14 Wed 21-11-07 <br/> 
23:39 Wed 21-11-07 <br/> 
23:44 Wed 21-11-07 <br/> 
0:15 Thu 22-11-07 <br/> 
0:15 Thu 22-11-07 <br/> 
10:54 Thu 22-11-07 <br/> 
10:54 Thu 22-11-07 <br/> 
10:54 Thu 22-11-07 <br/> 
17:22 Thu 22-11-07 <br/> 
19:36 Thu 22-11-07 <br/> 
0:42 Fri 23-11-07 <br/> 
13:21 Fri 23-11-07 <br/> 
0:00 Sat 24-11-07 <br/> 
0:36 Sat 24-11-07 <br/> 
0:37 Sat 24-11-07 <br/> 
5:59 Sat 24-11-07 <br/> 
10:46 Sat 24-11-07 <br/> 
10:46 Sat 24-11-07 <br/> 
10:47 Sat 24-11-07 <br/> 
23:16 Sat 24-11-07 <br/> 
3:40 Mon 26-11-07 <br/> 
4:08 Mon 26-11-07 <br/> 
4:10 Mon 26-11-07 <br/> 
0:46 Tue 27-11-07 <br/> 
0:44 Wed 28-11-07 <br/> 
0:24 Thu 29-11-07 <br/> 
0:24 Thu 29-11-07 <br/> 
0:31 Thu 29-11-07 <br/> 
0:47 Thu 29-11-07 <br/> 
2:11 Thu 29-11-07 <br/> 
6:46 Thu 29-11-07 <br/> 
9:19 Thu 29-11-07 <br/> 
9:20 Thu 29-11-07 <br/> 
9:20 Thu 29-11-07 <br/> 
0:06 Fri 30-11-07 <br/> 
1:41 Fri 30-11-07 <br/> 
1:43 Fri 30-11-07 <br/> 
15:22 Fri 30-11-07 <br/> 
0:44 Sat 01-12-07 <br/> 
14:07 Sat 01-12-07 <br/> 
4:01 Sun 02-12-07 <br/> 
8:43 Sun 02-12-07 <br/> 
8:47 Sun 02-12-07 <br/> 
14:55 Sun 02-12-07 <br/> 
21:26 Sun 02-12-07 <br/> 
23:17 Mon 03-12-07 <br/> 
23:18 Mon 03-12-07 <br/> 
6:53 Tue 04-12-07 <br/> 
9:45 Tue 04-12-07 <br/> 
12:18 Tue 04-12-07 <br/> 
15:07 Tue 04-12-07 <br/> 
15:08 Tue 04-12-07 <br/> 
22:33 Tue 04-12-07 <br/> 
5:19 Wed 05-12-07 <br/> 
8:29 Wed 05-12-07 <br/> 
16:14 Wed 05-12-07 <br/> 
17:53 Thu 06-12-07 <br/> 
17:53 Thu 06-12-07 <br/> 
19:39 Thu 06-12-07 <br/> 
0:08 Fri 07-12-07 <br/> 
8:53 Fri 07-12-07 <br/> 
13:40 Fri 07-12-07 <br/> 
13:46 Fri 07-12-07 <br/> 
13:46 Fri 07-12-07 <br/> 
19:04 Fri 07-12-07 <br/> 
10:37 Sat 08-12-07 <br/> 
10:42 Sat 08-12-07 <br/> 
15:54 Sat 08-12-07 <br/> 
0:30 Sun 09-12-07 <br/> 
11:59 Sun 09-12-07 <br/> 
12:00 Sun 09-12-07 <br/> 
12:01 Sun 09-12-07 <br/> 
17:24 Sun 09-12-07 <br/> 
2:35 Mon 10-12-07 <br/> 
4:18 Mon 10-12-07 <br/> 
23:35 Mon 10-12-07 <br/> 
23:37 Mon 10-12-07 <br/> 
0:06 Tue 11-12-07 <br/> 
7:32 Tue 11-12-07 <br/> 
10:32 Tue 11-12-07 <br/> 
10:34 Tue 11-12-07 <br/> 
10:35 Tue 11-12-07 <br/> 
16:15 Tue 11-12-07 <br/> 
16:20 Tue 11-12-07 <br/> 
16:53 Tue 11-12-07 <br/> 
16:53 Tue 11-12-07 <br/> 
0:14 Wed 12-12-07 <br/> 
2:40 Wed 12-12-07 <br/> 
11:18 Wed 12-12-07 <br/> 
21:51 Wed 12-12-07 <br/> 
0:42 Thu 13-12-07 <br/> 
6:24 Thu 13-12-07 <br/> 
12:47 Fri 14-12-07 <br/> 
12:54 Fri 14-12-07 <br/> 
16:09 Fri 14-12-07 <br/> 
4:47 Sat 15-12-07 <br/> 
13:02 Sat 15-12-07 <br/> 
14:29 Sat 15-12-07 <br/> 
14:29 Sat 15-12-07 <br/> 
14:29 Sat 15-12-07 <br/> 
14:29 Sat 15-12-07 <br/> 
14:30 Sat 15-12-07 <br/> 
0:33 Sun 16-12-07 <br/> 
1:16 Sun 16-12-07 <br/> 
1:16 Sun 16-12-07 <br/> 
1:18 Sun 16-12-07 <br/> 
1:50 Sun 16-12-07 <br/> 
3:35 Sun 16-12-07 <br/> 
22:33 Sun 16-12-07 <br/> 
22:33 Sun 16-12-07 <br/> 
2:55 Mon 17-12-07 <br/> 
5:55 Mon 17-12-07 <br/> 
5:55 Mon 17-12-07 <br/> 
11:19 Mon 17-12-07 <br/> 
12:45 Mon 17-12-07 <br/> 
12:52 Mon 17-12-07 <br/> 
0:08 Tue 18-12-07 <br/> 
18:39 Tue 18-12-07 <br/> 
18:42 Tue 18-12-07 <br/> 
19:27 Tue 18-12-07 <br/> 
23:05 Tue 18-12-07 <br/> 
0:33 Wed 19-12-07 <br/> 
10:40 Wed 19-12-07 <br/> 
11:39 Wed 19-12-07 <br/> 
11:39 Wed 19-12-07 <br/> 
12:11 Wed 19-12-07 <br/> 
12:34 Wed 19-12-07 <br/> 
12:37 Wed 19-12-07 <br/> 
18:49 Wed 19-12-07 <br/> 
21:01 Wed 19-12-07 <br/> 
23:32 Wed 19-12-07 <br/> 
0:17 Thu 20-12-07 <br/> 
0:43 Thu 20-12-07 <br/> 
2:55 Thu 20-12-07 <br/> 
16:11 Thu 20-12-07 <br/> 
16:15 Thu 20-12-07 <br/> 
16:15 Thu 20-12-07 <br/> 
16:16 Thu 20-12-07 <br/> 
16:17 Thu 20-12-07 <br/> 
22:35 Thu 20-12-07 <br/> 
22:36 Thu 20-12-07 <br/> 
0:39 Fri 21-12-07 <br/> 
4:30 Fri 21-12-07 <br/> 
8:21 Fri 21-12-07 <br/> 
8:21 Fri 21-12-07 <br/> 
14:54 Fri 21-12-07 <br/> 
19:10 Sat 22-12-07 <br/> 
20:19 Sat 22-12-07 <br/> 
20:20 Sat 22-12-07 <br/> 
5:43 Sun 23-12-07 <br/> 
11:32 Sun 23-12-07 <br/> 
11:32 Sun 23-12-07 <br/> 
8:36 Mon 24-12-07 <br/> 
14:11 Mon 24-12-07 <br/> 
14:11 Mon 24-12-07 <br/> 
15:18 Mon 24-12-07 <br/> 
2:25 Tue 25-12-07 <br/> 
3:17 Tue 25-12-07 <br/> 
3:19 Tue 25-12-07 <br/> 
5:13 Tue 25-12-07 <br/> 
8:26 Tue 25-12-07 <br/> 
13:19 Tue 25-12-07 <br/> 
13:20 Tue 25-12-07 <br/> 
13:21 Tue 25-12-07 <br/> 
13:21 Tue 25-12-07 <br/> 
15:35 Tue 25-12-07 <br/> 
1:17 Wed 26-12-07 <br/> 
1:27 Wed 26-12-07 <br/> 
1:28 Wed 26-12-07 <br/> 
1:48 Wed 26-12-07 <br/> 
7:35 Wed 26-12-07 <br/> 
8:17 Wed 26-12-07 <br/> 
11:13 Wed 26-12-07 <br/> 
18:51 Wed 26-12-07 <br/> 
2:41 Thu 27-12-07 <br/> 
6:05 Thu 27-12-07 <br/> 
9:50 Thu 27-12-07 <br/> 
14:05 Thu 27-12-07 <br/> 
14:05 Thu 27-12-07 <br/> 
14:06 Thu 27-12-07 <br/> 
14:06 Thu 27-12-07 <br/> 
14:06 Thu 27-12-07 <br/> 
14:41 Thu 27-12-07 <br/> 
14:44 Thu 27-12-07 <br/> 
15:46 Thu 27-12-07 <br/> 
18:03 Thu 27-12-07 <br/> 
21:04 Thu 27-12-07 <br/> 
21:29 Thu 27-12-07 <br/> 
13:54 Fri 28-12-07 <br/> 
13:54 Fri 28-12-07 <br/> 
13:55 Fri 28-12-07 <br/> 
15:09 Fri 28-12-07 <br/> 
15:10 Fri 28-12-07 <br/> 
15:14 Fri 28-12-07 <br/> 
15:14 Fri 28-12-07 <br/> 
21:39 Fri 28-12-07 <br/> 
2:39 Sat 29-12-07 <br/> 
2:40 Sat 29-12-07 <br/> 
17:49 Sat 29-12-07 <br/> 
23:17 Sat 29-12-07 <br/> 
23:17 Sat 29-12-07 <br/> 
20:29 Sun 30-12-07 <br/> 
20:29 Sun 30-12-07 <br/> 
20:33 Sun 30-12-07 <br/> 
21:37 Sun 30-12-07 <br/> 
11:21 Mon 31-12-07 <br/> 
17:23 Mon 31-12-07 <br/> 
17:26 Mon 31-12-07 <br/> 
20:24 Mon 31-12-07 <br/> 
4:46 Tue 01-01-08 <br/> 
7:51 Tue 01-01-08 <br/> 
7:54 Tue 01-01-08 <br/> 
7:54 Tue 01-01-08 <br/> 
9:20 Tue 01-01-08 <br/> 
23:47 Wed 02-01-08 <br/> 
23:47 Wed 02-01-08 <br/> 
0:31 Thu 03-01-08 <br/> 
9:24 Thu 03-01-08 <br/> 
11:29 Fri 04-01-08 <br/> 
11:30 Fri 04-01-08 <br/> 
15:38 Fri 04-01-08 <br/> 
19:29 Fri 04-01-08 <br/> 
1:22 Sat 05-01-08 <br/> 
1:22 Sat 05-01-08 <br/> 
1:23 Sat 05-01-08 <br/> 
