2:00 Thu 01-01-70 
21:13 Thu 06-07-06 
2:20 Fri 07-07-06 
3:00 Fri 07-07-06 
4:57 Fri 07-07-06 
4:57 Fri 07-07-06 
5:06 Fri 07-07-06 
5:06 Fri 07-07-06 
5:06 Fri 07-07-06 
5:06 Fri 07-07-06 
5:06 Fri 07-07-06 
5:06 Fri 07-07-06 
6:20 Fri 07-07-06 
10:55 Fri 07-07-06 
11:23 Sat 08-07-06 
15:05 Sat 08-07-06 
15:41 Sat 08-07-06 
15:58 Sat 08-07-06 
17:44 Sat 08-07-06 
13:32 Mon 10-07-06 
1:12 Tue 11-07-06 
17:43 Tue 11-07-06 
17:44 Tue 11-07-06 
22:27 Tue 11-07-06 
2:34 Wed 12-07-06 
5:18 Wed 12-07-06 
11:07 Fri 14-07-06 
23:47 Fri 14-07-06 
1:59 Sat 15-07-06 
14:37 Sat 15-07-06 
9:01 Mon 17-07-06 
18:30 Mon 17-07-06 
18:31 Mon 17-07-06 
18:54 Mon 17-07-06 
4:13 Tue 18-07-06 
5:59 Tue 18-07-06 
17:48 Tue 18-07-06 
23:18 Tue 18-07-06 
11:51 Wed 19-07-06 
12:12 Wed 19-07-06 <br/> 
9:34 Thu 20-07-06 <br/> 
10:08 Thu 20-07-06 <br/> 
1:11 Fri 21-07-06 <br/> 
3:57 Fri 21-07-06 <br/> 
16:25 Fri 21-07-06 <br/> 
16:54 Fri 21-07-06 <br/> 
18:46 Fri 21-07-06 <br/> 
1:28 Sat 22-07-06 <br/> 
18:42 Sun 15-10-06 <br/> 
6:53 Sat 11-11-06 <br/> 
17:05 Sat 11-11-06 <br/> 
5:08 Sun 12-11-06 <br/> 
3:38 Tue 21-11-06 <br/> 
22:32 Tue 21-11-06 <br/> 
5:04 Wed 22-11-06 <br/> 
23:13 Wed 22-11-06 <br/> 
15:21 Fri 24-11-06 <br/> 
11:02 Sat 25-11-06 <br/> 
17:16 Sat 25-11-06 <br/> 
22:27 Sat 25-11-06 <br/> 
22:33 Sat 25-11-06 <br/> 
4:39 Sun 26-11-06 <br/> 
10:37 Sun 26-11-06 <br/> 
6:11 Mon 27-11-06 <br/> 
20:54 Mon 27-11-06 <br/> 
21:45 Tue 28-11-06 <br/> 
1:26 Thu 30-11-06 <br/> 
3:47 Thu 30-11-06 <br/> 
23:57 Thu 30-11-06 <br/> 
23:43 Sun 03-12-06 <br/> 
23:44 Sun 03-12-06 <br/> 
23:36 Mon 04-12-06 <br/> 
23:04 Tue 05-12-06 <br/> 
13:15 Wed 06-12-06 <br/> 
15:18 Wed 06-12-06 <br/> 
19:26 Thu 07-12-06 <br/> 
15:39 Fri 08-12-06 <br/> 
3:44 Sat 09-12-06 <br/> 
14:23 Sat 09-12-06 <br/> 
15:42 Sat 09-12-06 <br/> 
13:18 Sun 10-12-06 <br/> 
4:10 Mon 11-12-06 <br/> 
4:39 Tue 12-12-06 <br/> 
5:29 Tue 12-12-06 <br/> 
7:25 Tue 12-12-06 <br/> 
21:42 Tue 12-12-06 <br/> 
4:39 Wed 13-12-06 <br/> 
0:16 Thu 14-12-06 <br/> 
4:44 Thu 14-12-06 <br/> 
0:01 Fri 15-12-06 <br/> 
12:34 Fri 15-12-06 <br/> 
2:27 Sat 16-12-06 <br/> 
12:17 Sat 16-12-06 <br/> 
18:07 Sat 16-12-06 <br/> 
18:15 Sat 16-12-06 <br/> 
8:35 Sun 17-12-06 <br/> 
4:18 Mon 18-12-06 <br/> 
4:18 Tue 19-12-06 <br/> 
4:19 Wed 20-12-06 <br/> 
22:55 Wed 20-12-06 <br/> 
4:22 Thu 21-12-06 <br/> 
4:22 Fri 22-12-06 <br/> 
15:55 Fri 22-12-06 <br/> 
4:23 Sat 23-12-06 <br/> 
12:18 Sat 23-12-06 <br/> 
18:16 Sat 23-12-06 <br/> 
13:25 Sun 24-12-06 <br/> 
18:26 Sun 24-12-06 <br/> 
0:45 Tue 26-12-06 <br/> 
2:25 Tue 26-12-06 <br/> 
11:38 Tue 26-12-06 <br/> 
4:12 Wed 27-12-06 <br/> 
4:37 Wed 27-12-06 <br/> 
5:31 Wed 27-12-06 <br/> 
7:25 Wed 27-12-06 <br/> 
13:14 Wed 27-12-06 <br/> 
17:47 Wed 27-12-06 <br/> 
18:25 Wed 27-12-06 <br/> 
21:50 Wed 27-12-06 <br/> 
23:36 Wed 27-12-06 <br/> 
2:10 Thu 28-12-06 <br/> 
7:23 Thu 28-12-06 <br/> 
10:17 Thu 28-12-06 <br/> 
11:16 Thu 28-12-06 <br/> 
13:07 Thu 28-12-06 <br/> 
15:10 Thu 28-12-06 <br/> 
17:19 Thu 28-12-06 <br/> 
17:27 Thu 28-12-06 <br/> 
19:46 Thu 28-12-06 <br/> 
5:55 Fri 29-12-06 <br/> 
20:55 Sat 30-12-06 <br/> 
14:55 Sun 31-12-06 <br/> 
0:33 Mon 01-01-07 <br/> 
18:55 Mon 01-01-07 <br/> 
12:05 Tue 02-01-07 <br/> 
18:34 Tue 02-01-07 <br/> 
21:48 Tue 02-01-07 <br/> 
1:09 Wed 03-01-07 <br/> 
2:53 Wed 03-01-07 <br/> 
5:59 Wed 03-01-07 <br/> 
7:09 Wed 03-01-07 <br/> 
19:09 Wed 03-01-07 <br/> 
7:38 Thu 04-01-07 <br/> 
21:26 Thu 04-01-07 <br/> 
13:36 Fri 05-01-07 <br/> 
13:41 Fri 05-01-07 <br/> 
14:05 Fri 05-01-07 <br/> 
14:12 Fri 05-01-07 <br/> 
14:30 Fri 05-01-07 <br/> 
15:17 Fri 05-01-07 <br/> 
15:54 Fri 05-01-07 <br/> 
16:42 Fri 05-01-07 <br/> 
17:06 Fri 05-01-07 <br/> 
23:17 Fri 05-01-07 <br/> 
1:21 Sat 06-01-07 <br/> 
1:23 Sat 06-01-07 <br/> 
1:24 Sat 06-01-07 <br/> 
1:24 Sat 06-01-07 <br/> 
8:00 Sat 06-01-07 <br/> 
8:00 Sat 06-01-07 <br/> 
12:16 Sat 06-01-07 <br/> 
22:52 Sat 06-01-07 <br/> 
23:37 Sun 07-01-07 <br/> 
14:42 Tue 09-01-07 <br/> 
16:19 Tue 09-01-07 <br/> 
19:07 Tue 09-01-07 <br/> 
0:34 Wed 10-01-07 <br/> 
13:24 Wed 10-01-07 <br/> 
14:26 Wed 10-01-07 <br/> 
0:58 Fri 12-01-07 <br/> 
7:12 Fri 12-01-07 <br/> 
11:19 Fri 12-01-07 <br/> 
11:19 Fri 12-01-07 <br/> 
23:34 Sat 13-01-07 <br/> 
1:26 Mon 15-01-07 <br/> 
0:22 Wed 17-01-07 <br/> 
2:33 Thu 18-01-07 <br/> 
3:41 Fri 19-01-07 <br/> 
19:57 Fri 19-01-07 <br/> 
19:57 Fri 19-01-07 <br/> 
1:29 Sat 20-01-07 <br/> 
2:55 Sat 20-01-07 <br/> 
5:02 Sat 20-01-07 <br/> 
7:40 Sat 20-01-07 <br/> 
12:26 Sat 20-01-07 <br/> 
23:47 Sat 20-01-07 <br/> 
5:03 Sun 21-01-07 <br/> 
6:22 Sun 21-01-07 <br/> 
23:44 Sun 21-01-07 <br/> 
7:22 Mon 22-01-07 <br/> 
5:48 Tue 23-01-07 <br/> 
15:35 Tue 23-01-07 <br/> 
23:06 Tue 23-01-07 <br/> 
23:08 Tue 23-01-07 <br/> 
23:08 Tue 23-01-07 <br/> 
0:29 Wed 24-01-07 <br/> 
7:05 Wed 24-01-07 <br/> 
8:53 Wed 24-01-07 <br/> 
11:31 Wed 24-01-07 <br/> 
11:41 Wed 24-01-07 <br/> 
16:12 Wed 24-01-07 <br/> 
22:03 Wed 24-01-07 <br/> 
22:51 Wed 24-01-07 <br/> 
23:54 Wed 24-01-07 <br/> 
16:53 Thu 25-01-07 <br/> 
17:50 Thu 25-01-07 <br/> 
22:06 Fri 26-01-07 <br/> 
9:38 Sat 27-01-07 <br/> 
11:33 Sat 27-01-07 <br/> 
23:49 Sat 27-01-07 <br/> 
12:43 Sun 28-01-07 <br/> 
14:27 Sun 28-01-07 <br/> 
17:35 Sun 28-01-07 <br/> 
17:36 Sun 28-01-07 <br/> 
23:17 Sun 28-01-07 <br/> 
23:55 Mon 29-01-07 <br/> 
4:41 Tue 30-01-07 <br/> 
4:41 Tue 30-01-07 <br/> 
14:27 Tue 30-01-07 <br/> 
18:06 Tue 30-01-07 <br/> 
20:55 Tue 30-01-07 <br/> 
6:44 Wed 31-01-07 <br/> 
18:04 Wed 31-01-07 <br/> 
21:57 Wed 31-01-07 <br/> 
0:10 Thu 01-02-07 <br/> 
18:08 Fri 02-02-07 <br/> 
19:58 Fri 02-02-07 <br/> 
14:57 Sat 03-02-07 <br/> 
14:57 Sat 03-02-07 <br/> 
14:57 Sat 03-02-07 <br/> 
16:57 Sat 03-02-07 <br/> 
21:35 Sat 03-02-07 <br/> 
21:35 Sat 03-02-07 <br/> 
23:10 Sat 03-02-07 <br/> 
23:41 Sat 03-02-07 <br/> 
0:24 Sun 04-02-07 <br/> 
2:52 Sun 04-02-07 <br/> 
9:24 Sun 04-02-07 <br/> 
13:52 Sun 04-02-07 <br/> 
18:13 Sun 04-02-07 <br/> 
22:22 Sun 04-02-07 <br/> 
0:16 Mon 05-02-07 <br/> 
0:42 Tue 06-02-07 <br/> 
1:14 Tue 06-02-07 <br/> 
1:14 Tue 06-02-07 <br/> 
4:52 Tue 06-02-07 <br/> 
13:52 Tue 06-02-07 <br/> 
16:55 Tue 06-02-07 <br/> 
9:09 Wed 07-02-07 <br/> 
9:21 Wed 07-02-07 <br/> 
9:21 Wed 07-02-07 <br/> 
0:50 Thu 08-02-07 <br/> 
15:21 Thu 08-02-07 <br/> 
15:12 Fri 09-02-07 <br/> 
16:45 Fri 09-02-07 <br/> 
18:25 Fri 09-02-07 <br/> 
21:16 Fri 09-02-07 <br/> 
11:04 Sat 10-02-07 <br/> 
19:43 Sat 10-02-07 <br/> 
6:21 Sun 11-02-07 <br/> 
12:52 Sun 11-02-07 <br/> 
17:34 Tue 13-02-07 <br/> 
12:36 Wed 14-02-07 <br/> 
23:33 Wed 14-02-07 <br/> 
23:33 Wed 14-02-07 <br/> 
17:19 Thu 15-02-07 <br/> 
8:18 Fri 16-02-07 <br/> 
16:03 Fri 16-02-07 <br/> 
17:58 Sat 17-02-07 <br/> 
22:18 Sat 17-02-07 <br/> 
16:31 Sun 18-02-07 <br/> 
17:03 Sun 18-02-07 <br/> 
18:15 Sun 18-02-07 <br/> 
18:15 Sun 18-02-07 <br/> 
18:55 Sun 18-02-07 <br/> 
2:39 Mon 19-02-07 <br/> 
23:59 Tue 20-02-07 <br/> 
4:07 Wed 21-02-07 <br/> 
9:03 Wed 21-02-07 <br/> 
10:39 Wed 21-02-07 <br/> 
14:54 Wed 21-02-07 <br/> 
16:51 Wed 21-02-07 <br/> 
9:16 Thu 22-02-07 <br/> 
17:02 Thu 22-02-07 <br/> 
1:00 Fri 23-02-07 <br/> 
12:24 Fri 23-02-07 <br/> 
15:57 Fri 23-02-07 <br/> 
17:27 Fri 23-02-07 <br/> 
17:28 Fri 23-02-07 <br/> 
23:57 Fri 23-02-07 <br/> 
13:48 Sat 24-02-07 <br/> 
22:22 Sat 24-02-07 <br/> 
7:45 Sun 25-02-07 <br/> 
8:26 Mon 26-02-07 <br/> 
0:27 Tue 27-02-07 <br/> 
20:40 Tue 27-02-07 <br/> 
22:44 Wed 28-02-07 <br/> 
14:52 Thu 01-03-07 <br/> 
0:08 Fri 02-03-07 <br/> 
1:19 Fri 02-03-07 <br/> 
22:23 Sat 03-03-07 <br/> 
17:04 Sun 04-03-07 <br/> 
0:06 Tue 06-03-07 <br/> 
0:06 Tue 06-03-07 <br/> 
10:56 Tue 06-03-07 <br/> 
5:01 Thu 08-03-07 <br/> 
22:43 Fri 09-03-07 <br/> 
22:43 Fri 09-03-07 <br/> 
3:01 Sat 10-03-07 <br/> 
5:22 Sat 10-03-07 <br/> 
22:24 Sat 10-03-07 <br/> 
23:35 Sat 10-03-07 <br/> 
2:46 Sun 11-03-07 <br/> 
8:27 Sun 11-03-07 <br/> 
19:17 Tue 13-03-07 <br/> 
19:17 Tue 13-03-07 <br/> 
0:14 Wed 14-03-07 <br/> 
11:38 Wed 14-03-07 <br/> 
13:40 Wed 14-03-07 <br/> 
13:40 Wed 14-03-07 <br/> 
13:40 Wed 14-03-07 <br/> 
13:40 Wed 14-03-07 <br/> 
15:58 Wed 14-03-07 <br/> 
1:32 Fri 16-03-07 <br/> 
1:15 Sat 17-03-07 <br/> 
4:03 Sat 17-03-07 <br/> 
17:20 Sat 17-03-07 <br/> 
22:26 Sat 17-03-07 <br/> 
7:36 Mon 19-03-07 <br/> 
9:23 Mon 19-03-07 <br/> 
20:06 Mon 19-03-07 <br/> 
11:14 Wed 21-03-07 <br/> 
12:52 Wed 21-03-07 <br/> 
7:44 Thu 22-03-07 <br/> 
10:44 Thu 22-03-07 <br/> 
10:44 Thu 22-03-07 <br/> 
5:09 Fri 23-03-07 <br/> 
13:55 Fri 23-03-07 <br/> 
22:27 Sat 24-03-07 <br/> 
21:39 Sun 25-03-07 <br/> 
21:39 Sun 25-03-07 <br/> 
4:03 Wed 28-03-07 <br/> 
20:22 Wed 28-03-07 <br/> 
20:22 Wed 28-03-07 <br/> 
11:44 Thu 29-03-07 <br/> 
2:51 Fri 30-03-07 <br/> 
22:29 Sat 31-03-07 <br/> 
13:36 Sun 01-04-07 <br/> 
19:04 Sun 01-04-07 <br/> 
13:05 Tue 03-04-07 <br/> 
13:05 Tue 03-04-07 <br/> 
22:32 Tue 03-04-07 <br/> 
23:51 Tue 03-04-07 <br/> 
0:22 Thu 05-04-07 <br/> 
2:22 Fri 06-04-07 <br/> 
2:22 Fri 06-04-07 <br/> 
14:34 Sat 07-04-07 <br/> 
9:20 Sun 08-04-07 <br/> 
9:20 Sun 08-04-07 <br/> 
11:22 Mon 09-04-07 <br/> 
10:18 Wed 11-04-07 <br/> 
16:17 Wed 11-04-07 <br/> 
19:48 Wed 11-04-07 <br/> 
21:33 Wed 11-04-07 <br/> 
1:41 Thu 12-04-07 <br/> 
1:41 Thu 12-04-07 <br/> 
14:58 Thu 12-04-07 <br/> 
17:07 Thu 12-04-07 <br/> 
19:12 Thu 12-04-07 <br/> 
22:55 Thu 12-04-07 <br/> 
18:26 Fri 13-04-07 <br/> 
23:57 Fri 13-04-07 <br/> 
7:25 Sat 14-04-07 <br/> 
10:16 Sat 14-04-07 <br/> 
10:16 Sat 14-04-07 <br/> 
14:09 Sat 14-04-07 <br/> 
14:26 Sat 14-04-07 <br/> 
15:59 Sat 14-04-07 <br/> 
18:03 Sat 14-04-07 <br/> 
22:01 Sat 14-04-07 <br/> 
23:15 Mon 16-04-07 <br/> 
23:30 Mon 16-04-07 <br/> 
0:11 Tue 17-04-07 <br/> 
19:48 Tue 17-04-07 <br/> 
21:34 Thu 19-04-07 <br/> 
11:22 Mon 23-04-07 <br/> 
11:22 Mon 23-04-07 <br/> 
11:22 Mon 23-04-07 <br/> 
20:38 Mon 23-04-07 <br/> 
1:32 Tue 24-04-07 <br/> 
11:36 Tue 24-04-07 <br/> 
8:48 Wed 25-04-07 <br/> 
23:27 Wed 25-04-07 <br/> 
0:35 Fri 27-04-07 <br/> 
12:31 Fri 27-04-07 <br/> 
12:31 Fri 27-04-07 <br/> 
0:56 Sat 28-04-07 <br/> 
13:33 Sat 28-04-07 <br/> 
4:02 Sun 29-04-07 <br/> 
12:49 Sun 29-04-07 <br/> 
20:39 Sun 29-04-07 <br/> 
20:39 Sun 29-04-07 <br/> 
23:18 Sun 29-04-07 <br/> 
0:12 Wed 02-05-07 <br/> 
3:43 Wed 02-05-07 <br/> 
3:45 Thu 03-05-07 <br/> 
3:45 Thu 03-05-07 <br/> 
3:47 Thu 03-05-07 <br/> 
3:49 Thu 03-05-07 <br/> 
21:14 Thu 03-05-07 <br/> 
4:09 Fri 04-05-07 <br/> 
14:33 Fri 04-05-07 <br/> 
22:31 Sat 05-05-07 <br/> 
22:31 Sat 05-05-07 <br/> 
22:32 Sat 05-05-07 <br/> 
19:21 Mon 07-05-07 <br/> 
0:08 Tue 08-05-07 <br/> 
9:50 Tue 08-05-07 <br/> 
11:06 Tue 08-05-07 <br/> 
20:11 Tue 08-05-07 <br/> 
2:21 Wed 09-05-07 <br/> 
7:18 Wed 09-05-07 <br/> 
7:18 Wed 09-05-07 <br/> 
7:19 Wed 09-05-07 <br/> 
13:29 Thu 10-05-07 <br/> 
18:27 Thu 10-05-07 <br/> 
18:27 Thu 10-05-07 <br/> 
18:27 Thu 10-05-07 <br/> 
18:28 Thu 10-05-07 <br/> 
18:28 Thu 10-05-07 <br/> 
0:32 Fri 11-05-07 <br/> 
6:03 Fri 11-05-07 <br/> 
10:14 Fri 11-05-07 <br/> 
5:55 Sat 12-05-07 <br/> 
9:49 Sat 12-05-07 <br/> 
23:13 Sun 13-05-07 <br/> 
8:19 Wed 16-05-07 <br/> 
16:42 Wed 16-05-07 <br/> 
16:43 Wed 16-05-07 <br/> 
19:03 Thu 17-05-07 <br/> 
19:04 Thu 17-05-07 <br/> 
19:04 Thu 17-05-07 <br/> 
23:52 Thu 17-05-07 <br/> 
23:52 Thu 17-05-07 <br/> 
23:52 Thu 17-05-07 <br/> 
1:57 Fri 18-05-07 <br/> 
12:45 Fri 18-05-07 <br/> 
12:45 Fri 18-05-07 <br/> 
12:45 Fri 18-05-07 <br/> 
9:55 Sat 19-05-07 <br/> 
1:52 Mon 21-05-07 <br/> 
5:41 Mon 21-05-07 <br/> 
8:25 Tue 22-05-07 <br/> 
13:09 Tue 22-05-07 <br/> 
16:38 Tue 22-05-07 <br/> 
20:08 Thu 24-05-07 <br/> 
8:35 Fri 25-05-07 <br/> 
17:34 Sat 26-05-07 <br/> 
18:38 Sat 26-05-07 <br/> 
18:39 Sat 26-05-07 <br/> 
19:55 Sat 26-05-07 <br/> 
1:23 Sun 27-05-07 <br/> 
5:47 Mon 28-05-07 <br/> 
17:07 Mon 28-05-07 <br/> 
17:08 Mon 28-05-07 <br/> 
23:06 Mon 28-05-07 <br/> 
7:35 Tue 29-05-07 <br/> 
7:35 Tue 29-05-07 <br/> 
22:18 Wed 30-05-07 <br/> 
0:03 Thu 31-05-07 <br/> 
3:52 Thu 31-05-07 <br/> 
9:11 Thu 31-05-07 <br/> 
10:55 Thu 31-05-07 <br/> 
10:56 Thu 31-05-07 <br/> 
7:30 Fri 01-06-07 <br/> 
14:56 Fri 01-06-07 <br/> 
14:56 Fri 01-06-07 <br/> 
11:09 Wed 06-06-07 <br/> 
14:06 Wed 06-06-07 <br/> 
17:31 Wed 06-06-07 <br/> 
21:29 Thu 07-06-07 <br/> 
21:29 Thu 07-06-07 <br/> 
21:29 Thu 07-06-07 <br/> 
21:30 Thu 07-06-07 <br/> 
21:30 Thu 07-06-07 <br/> 
21:43 Thu 07-06-07 <br/> 
14:04 Mon 11-06-07 <br/> 
14:04 Mon 11-06-07 <br/> 
14:05 Mon 11-06-07 <br/> 
23:44 Mon 11-06-07 <br/> 
10:09 Tue 12-06-07 <br/> 
19:14 Tue 12-06-07 <br/> 
19:26 Tue 12-06-07 <br/> 
19:31 Tue 12-06-07 <br/> 
10:47 Wed 13-06-07 <br/> 
8:36 Thu 14-06-07 <br/> 
17:12 Thu 14-06-07 <br/> 
21:20 Thu 14-06-07 <br/> 
5:37 Fri 15-06-07 <br/> 
14:10 Fri 15-06-07 <br/> 
14:10 Fri 15-06-07 <br/> 
2:13 Sun 17-06-07 <br/> 
16:32 Sun 17-06-07 <br/> 
0:08 Tue 19-06-07 <br/> 
10:04 Tue 19-06-07 <br/> 
15:08 Tue 19-06-07 <br/> 
15:09 Tue 19-06-07 <br/> 
23:49 Wed 20-06-07 <br/> 
0:09 Fri 22-06-07 <br/> 
10:14 Fri 22-06-07 <br/> 
18:58 Fri 22-06-07 <br/> 
6:26 Sat 23-06-07 <br/> 
22:48 Sat 23-06-07 <br/> 
0:16 Tue 26-06-07 <br/> 
9:17 Wed 27-06-07 <br/> 
9:17 Wed 27-06-07 <br/> 
9:18 Wed 27-06-07 <br/> 
0:28 Thu 28-06-07 <br/> 
3:39 Thu 28-06-07 <br/> 
12:23 Thu 28-06-07 <br/> 
13:47 Thu 28-06-07 <br/> 
19:07 Thu 28-06-07 <br/> 
0:03 Fri 29-06-07 <br/> 
8:29 Fri 29-06-07 <br/> 
20:52 Sat 30-06-07 <br/> 
21:17 Sat 30-06-07 <br/> 
21:52 Sat 30-06-07 <br/> 
22:00 Sat 30-06-07 <br/> 
4:59 Sun 01-07-07 <br/> 
9:39 Sun 01-07-07 <br/> 
16:42 Sun 01-07-07 <br/> 
16:42 Sun 01-07-07 <br/> 
16:42 Sun 01-07-07 <br/> 
18:08 Sun 01-07-07 <br/> 
18:38 Sun 01-07-07 <br/> 
18:38 Sun 01-07-07 <br/> 
18:38 Sun 01-07-07 <br/> 
4:22 Mon 02-07-07 <br/> 
13:36 Tue 03-07-07 <br/> 
13:44 Tue 03-07-07 <br/> 
22:06 Tue 03-07-07 <br/> 
12:16 Wed 04-07-07 <br/> 
20:12 Wed 04-07-07 <br/> 
20:14 Wed 04-07-07 <br/> 
22:27 Wed 04-07-07 <br/> 
14:45 Thu 05-07-07 <br/> 
16:59 Thu 05-07-07 <br/> 
23:57 Sat 07-07-07 <br/> 
1:31 Mon 09-07-07 <br/> 
5:45 Mon 09-07-07 <br/> 
12:02 Tue 10-07-07 <br/> 
13:31 Wed 11-07-07 <br/> 
14:12 Wed 11-07-07 <br/> 
23:46 Wed 11-07-07 <br/> 
14:01 Thu 12-07-07 <br/> 
14:47 Thu 12-07-07 <br/> 
23:46 Thu 12-07-07 <br/> 
23:46 Thu 12-07-07 <br/> 
23:46 Thu 12-07-07 <br/> 
23:47 Thu 12-07-07 <br/> 
0:50 Fri 13-07-07 <br/> 
10:17 Fri 13-07-07 <br/> 
11:22 Fri 13-07-07 <br/> 
11:23 Fri 13-07-07 <br/> 
11:23 Fri 13-07-07 <br/> 
13:33 Fri 13-07-07 <br/> 
0:53 Sat 14-07-07 <br/> 
2:28 Sat 14-07-07 <br/> 
3:10 Sun 15-07-07 <br/> 
4:28 Sun 15-07-07 <br/> 
18:32 Sun 15-07-07 <br/> 
2:54 Mon 16-07-07 <br/> 
5:38 Mon 16-07-07 <br/> 
22:22 Mon 16-07-07 <br/> 
23:59 Mon 16-07-07 <br/> 
0:07 Tue 17-07-07 <br/> 
19:12 Tue 17-07-07 <br/> 
0:40 Wed 18-07-07 <br/> 
14:15 Wed 18-07-07 <br/> 
0:19 Thu 19-07-07 <br/> 
0:25 Thu 19-07-07 <br/> 
11:41 Thu 19-07-07 <br/> 
11:41 Thu 19-07-07 <br/> 
14:50 Thu 19-07-07 <br/> 
16:39 Fri 20-07-07 <br/> 
0:04 Sat 21-07-07 <br/> 
2:08 Sun 22-07-07 <br/> 
2:43 Sun 22-07-07 <br/> 
5:03 Sun 22-07-07 <br/> 
5:03 Sun 22-07-07 <br/> 
5:03 Sun 22-07-07 <br/> 
5:03 Sun 22-07-07 <br/> 
5:57 Mon 23-07-07 <br/> 
0:08 Wed 25-07-07 <br/> 
3:24 Wed 25-07-07 <br/> 
0:03 Thu 26-07-07 <br/> 
0:04 Fri 27-07-07 <br/> 
13:18 Fri 27-07-07 <br/> 
13:18 Fri 27-07-07 <br/> 
13:44 Fri 27-07-07 <br/> 
13:44 Fri 27-07-07 <br/> 
22:44 Fri 27-07-07 <br/> 
1:41 Mon 30-07-07 <br/> 
6:23 Mon 30-07-07 <br/> 
23:34 Mon 30-07-07 <br/> 
23:50 Mon 30-07-07 <br/> 
23:50 Mon 30-07-07 <br/> 
0:11 Tue 31-07-07 <br/> 
8:23 Tue 31-07-07 <br/> 
23:08 Tue 31-07-07 <br/> 
9:17 Wed 01-08-07 <br/> 
2:38 Thu 02-08-07 <br/> 
10:12 Fri 03-08-07 <br/> 
10:12 Fri 03-08-07 <br/> 
10:12 Fri 03-08-07 <br/> 
22:47 Sat 04-08-07 <br/> 
22:47 Sat 04-08-07 <br/> 
20:57 Sun 05-08-07 <br/> 
3:08 Mon 06-08-07 <br/> 
23:57 Mon 06-08-07 <br/> 
23:57 Mon 06-08-07 <br/> 
10:46 Tue 07-08-07 <br/> 
14:21 Wed 08-08-07 <br/> 
4:24 Thu 09-08-07 <br/> 
23:42 Thu 09-08-07 <br/> 
2:50 Sat 11-08-07 <br/> 
8:05 Sat 11-08-07 <br/> 
4:05 Sun 12-08-07 <br/> 
15:59 Mon 13-08-07 <br/> 
21:54 Tue 14-08-07 <br/> 
21:54 Tue 14-08-07 <br/> 
14:22 Wed 15-08-07 <br/> 
4:52 Thu 16-08-07 <br/> 
1:09 Sun 19-08-07 <br/> 
9:35 Wed 22-08-07 <br/> 
14:24 Wed 22-08-07 <br/> 
0:22 Thu 23-08-07 <br/> 
16:29 Thu 23-08-07 <br/> 
0:24 Fri 24-08-07 <br/> 
0:24 Fri 24-08-07 <br/> 
0:32 Fri 24-08-07 <br/> 
6:09 Sat 25-08-07 <br/> 
1:58 Sun 26-08-07 <br/> 
10:59 Sun 26-08-07 <br/> 
4:24 Mon 27-08-07 <br/> 
5:28 Tue 28-08-07 <br/> 
6:17 Tue 28-08-07 <br/> 
7:22 Tue 28-08-07 <br/> 
15:26 Tue 28-08-07 <br/> 
2:15 Wed 29-08-07 <br/> 
3:17 Wed 29-08-07 <br/> 
0:01 Thu 30-08-07 <br/> 
0:30 Thu 30-08-07 <br/> 
6:37 Thu 30-08-07 <br/> 
8:52 Thu 30-08-07 <br/> 
13:13 Sun 02-09-07 <br/> 
13:13 Sun 02-09-07 <br/> 
14:14 Sun 02-09-07 <br/> 
14:15 Sun 02-09-07 <br/> 
3:02 Mon 03-09-07 <br/> 
0:56 Tue 04-09-07 <br/> 
0:57 Tue 04-09-07 <br/> 
20:57 Thu 06-09-07 <br/> 
0:47 Fri 07-09-07 <br/> 
5:45 Fri 07-09-07 <br/> 
7:09 Sat 08-09-07 <br/> 
23:44 Mon 10-09-07 <br/> 
9:20 Thu 13-09-07 <br/> 
0:06 Fri 14-09-07 <br/> 
5:47 Fri 14-09-07 <br/> 
22:37 Fri 14-09-07 <br/> 
22:37 Fri 14-09-07 <br/> 
17:38 Sat 15-09-07 <br/> 
0:27 Sun 16-09-07 <br/> 
0:27 Sun 16-09-07 <br/> 
0:27 Sun 16-09-07 <br/> 
0:27 Sun 16-09-07 <br/> 
11:06 Mon 17-09-07 <br/> 
11:52 Wed 19-09-07 <br/> 
23:47 Wed 19-09-07 <br/> 
15:28 Fri 21-09-07 <br/> 
15:29 Fri 21-09-07 <br/> 
16:26 Fri 21-09-07 <br/> 
23:19 Fri 21-09-07 <br/> 
16:08 Sat 22-09-07 <br/> 
16:08 Sat 22-09-07 <br/> 
16:08 Sat 22-09-07 <br/> 
16:15 Mon 24-09-07 <br/> 
16:06 Tue 25-09-07 <br/> 
17:22 Tue 25-09-07 <br/> 
17:22 Tue 25-09-07 <br/> 
23:09 Tue 25-09-07 <br/> 
19:34 Wed 26-09-07 <br/> 
19:34 Wed 26-09-07 <br/> 
19:34 Wed 26-09-07 <br/> 
10:53 Thu 27-09-07 <br/> 
23:16 Thu 27-09-07 <br/> 
12:01 Fri 28-09-07 <br/> 
13:01 Fri 28-09-07 <br/> 
17:26 Sun 30-09-07 <br/> 
17:28 Sun 30-09-07 <br/> 
11:10 Mon 01-10-07 <br/> 
11:10 Mon 01-10-07 <br/> 
21:53 Mon 01-10-07 <br/> 
17:42 Tue 02-10-07 <br/> 
17:42 Tue 02-10-07 <br/> 
17:43 Tue 02-10-07 <br/> 
0:03 Wed 03-10-07 <br/> 
17:50 Thu 04-10-07 <br/> 
17:51 Thu 04-10-07 <br/> 
0:08 Fri 05-10-07 <br/> 
1:05 Fri 05-10-07 <br/> 
19:32 Sat 06-10-07 <br/> 
1:00 Sun 07-10-07 <br/> 
1:00 Sun 07-10-07 <br/> 
4:49 Sun 07-10-07 <br/> 
21:20 Sun 07-10-07 <br/> 
21:20 Sun 07-10-07 <br/> 
21:20 Sun 07-10-07 <br/> 
21:21 Sun 07-10-07 <br/> 
3:46 Mon 08-10-07 <br/> 
17:49 Tue 09-10-07 <br/> 
20:31 Tue 09-10-07 <br/> 
23:13 Tue 09-10-07 <br/> 
13:31 Wed 10-10-07 <br/> 
0:23 Thu 11-10-07 <br/> 
13:54 Thu 11-10-07 <br/> 
23:45 Thu 11-10-07 <br/> 
0:47 Sat 13-10-07 <br/> 
13:35 Sun 14-10-07 <br/> 
13:35 Sun 14-10-07 <br/> 
19:16 Sun 14-10-07 <br/> 
1:54 Mon 15-10-07 <br/> 
20:10 Mon 15-10-07 <br/> 
23:56 Mon 15-10-07 <br/> 
17:54 Tue 16-10-07 <br/> 
23:48 Tue 16-10-07 <br/> 
23:58 Tue 16-10-07 <br/> 
19:40 Wed 17-10-07 <br/> 
0:29 Thu 18-10-07 <br/> 
23:16 Thu 18-10-07 <br/> 
23:17 Thu 18-10-07 <br/> 
23:22 Thu 18-10-07 <br/> 
23:22 Thu 18-10-07 <br/> 
14:11 Sat 20-10-07 <br/> 
14:44 Sat 20-10-07 <br/> 
2:55 Sun 21-10-07 <br/> 
1:43 Mon 22-10-07 <br/> 
0:25 Tue 23-10-07 <br/> 
9:30 Tue 23-10-07 <br/> 
9:30 Tue 23-10-07 <br/> 
17:55 Tue 23-10-07 <br/> 
0:07 Wed 24-10-07 <br/> 
23:56 Wed 24-10-07 <br/> 
0:23 Fri 26-10-07 <br/> 
4:15 Fri 26-10-07 <br/> 
4:15 Fri 26-10-07 <br/> 
4:16 Fri 26-10-07 <br/> 
4:01 Sat 27-10-07 <br/> 
17:45 Mon 29-10-07 <br/> 
17:45 Mon 29-10-07 <br/> 
21:07 Tue 30-10-07 <br/> 
23:56 Tue 30-10-07 <br/> 
19:01 Thu 01-11-07 <br/> 
23:29 Sat 03-11-07 <br/> 
23:53 Sat 03-11-07 <br/> 
1:37 Mon 05-11-07 <br/> 
0:09 Tue 06-11-07 <br/> 
5:39 Tue 06-11-07 <br/> 
16:18 Tue 06-11-07 <br/> 
21:09 Tue 06-11-07 <br/> 
12:33 Wed 07-11-07 <br/> 
23:54 Wed 07-11-07 <br/> 
5:21 Thu 08-11-07 <br/> 
16:18 Thu 08-11-07 <br/> 
0:52 Fri 09-11-07 <br/> 
4:02 Fri 09-11-07 <br/> 
6:57 Fri 09-11-07 <br/> 
1:24 Sat 10-11-07 <br/> 
1:48 Sat 10-11-07 <br/> 
4:27 Sat 10-11-07 <br/> 
5:01 Sat 10-11-07 <br/> 
10:03 Sun 11-11-07 <br/> 
12:07 Sun 11-11-07 <br/> 
12:07 Sun 11-11-07 <br/> 
7:52 Mon 12-11-07 <br/> 
7:53 Mon 12-11-07 <br/> 
19:18 Mon 12-11-07 <br/> 
0:15 Tue 13-11-07 <br/> 
21:16 Tue 13-11-07 <br/> 
0:11 Wed 14-11-07 <br/> 
19:01 Wed 14-11-07 <br/> 
19:41 Wed 14-11-07 <br/> 
0:07 Thu 15-11-07 <br/> 
4:04 Thu 15-11-07 <br/> 
21:01 Thu 15-11-07 <br/> 
8:10 Fri 16-11-07 <br/> 
5:57 Sun 18-11-07 <br/> 
9:08 Sun 18-11-07 <br/> 
19:56 Sun 18-11-07 <br/> 
19:56 Sun 18-11-07 <br/> 
21:42 Sun 18-11-07 <br/> 
0:49 Mon 19-11-07 <br/> 
0:33 Tue 20-11-07 <br/> 
18:19 Tue 20-11-07 <br/> 
0:15 Wed 21-11-07 <br/> 
10:27 Wed 21-11-07 <br/> 
20:17 Wed 21-11-07 <br/> 
0:15 Thu 22-11-07 <br/> 
0:42 Fri 23-11-07 <br/> 
6:20 Fri 23-11-07 <br/> 
9:36 Fri 23-11-07 <br/> 
9:36 Fri 23-11-07 <br/> 
0:00 Sat 24-11-07 <br/> 
0:37 Sat 24-11-07 <br/> 
3:40 Mon 26-11-07 <br/> 
4:10 Mon 26-11-07 <br/> 
21:40 Mon 26-11-07 <br/> 
21:41 Mon 26-11-07 <br/> 
0:46 Tue 27-11-07 <br/> 
1:12 Tue 27-11-07 <br/> 
16:15 Tue 27-11-07 <br/> 
0:44 Wed 28-11-07 <br/> 
16:45 Wed 28-11-07 <br/> 
0:31 Thu 29-11-07 <br/> 
0:47 Thu 29-11-07 <br/> 
2:11 Thu 29-11-07 <br/> 
6:46 Thu 29-11-07 <br/> 
0:06 Fri 30-11-07 <br/> 
6:26 Fri 30-11-07 <br/> 
17:58 Fri 30-11-07 <br/> 
0:44 Sat 01-12-07 <br/> 
17:06 Sat 01-12-07 <br/> 
17:06 Sat 01-12-07 <br/> 
4:01 Sun 02-12-07 <br/> 
9:14 Mon 03-12-07 <br/> 
12:15 Mon 03-12-07 <br/> 
18:30 Mon 03-12-07 <br/> 
22:22 Mon 03-12-07 <br/> 
6:39 Tue 04-12-07 <br/> 
11:52 Tue 04-12-07 <br/> 
13:39 Tue 04-12-07 <br/> 
15:07 Tue 04-12-07 <br/> 
2:17 Wed 05-12-07 <br/> 
9:17 Wed 05-12-07 <br/> 
19:05 Thu 06-12-07 <br/> 
19:59 Thu 06-12-07 <br/> 
22:53 Thu 06-12-07 <br/> 
0:08 Fri 07-12-07 <br/> 
6:29 Fri 07-12-07 <br/> 
13:24 Fri 07-12-07 <br/> 
13:46 Fri 07-12-07 <br/> 
19:25 Sat 08-12-07 <br/> 
5:21 Sun 09-12-07 <br/> 
9:55 Sun 09-12-07 <br/> 
22:41 Mon 10-12-07 <br/> 
22:43 Mon 10-12-07 <br/> 
23:38 Mon 10-12-07 <br/> 
0:06 Tue 11-12-07 <br/> 
3:23 Tue 11-12-07 <br/> 
7:31 Tue 11-12-07 <br/> 
16:54 Tue 11-12-07 <br/> 
22:10 Tue 11-12-07 <br/> 
0:14 Wed 12-12-07 <br/> 
0:42 Thu 13-12-07 <br/> 
6:02 Thu 13-12-07 <br/> 
6:32 Fri 14-12-07 <br/> 
15:20 Fri 14-12-07 <br/> 
17:01 Fri 14-12-07 <br/> 
0:54 Sat 15-12-07 <br/> 
8:28 Sat 15-12-07 <br/> 
18:44 Sat 15-12-07 <br/> 
22:36 Sat 15-12-07 <br/> 
22:36 Sat 15-12-07 <br/> 
1:19 Sun 16-12-07 <br/> 
1:20 Sun 16-12-07 <br/> 
3:35 Sun 16-12-07 <br/> 
10:55 Sun 16-12-07 <br/> 
14:07 Sun 16-12-07 <br/> 
16:06 Sun 16-12-07 <br/> 
20:05 Sun 16-12-07 <br/> 
23:36 Sun 16-12-07 <br/> 
5:55 Mon 17-12-07 <br/> 
8:15 Mon 17-12-07 <br/> 
8:15 Mon 17-12-07 <br/> 
12:52 Mon 17-12-07 <br/> 
12:54 Mon 17-12-07 <br/> 
15:28 Mon 17-12-07 <br/> 
0:08 Tue 18-12-07 <br/> 
0:17 Wed 19-12-07 <br/> 
0:33 Wed 19-12-07 <br/> 
0:43 Thu 20-12-07 <br/> 
15:46 Thu 20-12-07 <br/> 
15:47 Thu 20-12-07 <br/> 
16:34 Thu 20-12-07 <br/> 
22:34 Thu 20-12-07 <br/> 
0:39 Fri 21-12-07 <br/> 
6:46 Fri 21-12-07 <br/> 
17:13 Fri 21-12-07 <br/> 
19:10 Sat 22-12-07 <br/> 
5:29 Sun 23-12-07 <br/> 
5:29 Sun 23-12-07 <br/> 
8:54 Mon 24-12-07 <br/> 
2:25 Tue 25-12-07 <br/> 
3:19 Tue 25-12-07 <br/> 
5:13 Tue 25-12-07 <br/> 
20:02 Tue 25-12-07 <br/> 
1:17 Wed 26-12-07 <br/> 
1:27 Wed 26-12-07 <br/> 
1:48 Wed 26-12-07 <br/> 
20:09 Wed 26-12-07 <br/> 
23:40 Wed 26-12-07 <br/> 
2:41 Thu 27-12-07 <br/> 
6:05 Thu 27-12-07 <br/> 
9:49 Thu 27-12-07 <br/> 
14:47 Thu 27-12-07 <br/> 
14:47 Thu 27-12-07 <br/> 
21:04 Thu 27-12-07 <br/> 
21:31 Thu 27-12-07 <br/> 
13:55 Fri 28-12-07 <br/> 
13:55 Fri 28-12-07 <br/> 
15:14 Fri 28-12-07 <br/> 
2:13 Sat 29-12-07 <br/> 
2:13 Sat 29-12-07 <br/> 
10:03 Sat 29-12-07 <br/> 
20:44 Sat 29-12-07 <br/> 
20:49 Sat 29-12-07 <br/> 
4:46 Tue 01-01-08 <br/> 
16:04 Tue 01-01-08 <br/> 
16:04 Tue 01-01-08 <br/> 
17:34 Thu 03-01-08 <br/> 
17:34 Thu 03-01-08 <br/> 
20:01 Thu 03-01-08 <br/> 
12:16 Fri 04-01-08 <br/> 
17:55 Fri 04-01-08 <br/> 
