2:00 Thu 01-01-70 
14:03 Thu 06-07-06 
14:03 Thu 06-07-06 
14:20 Thu 06-07-06 
14:21 Thu 06-07-06 
15:15 Thu 06-07-06 
15:15 Thu 06-07-06 
16:45 Thu 06-07-06 
17:43 Thu 06-07-06 
18:03 Thu 06-07-06 
19:10 Thu 06-07-06 
23:59 Thu 06-07-06 
1:02 Fri 07-07-06 
2:29 Fri 07-07-06 
3:46 Fri 07-07-06 
3:53 Fri 07-07-06 
5:19 Fri 07-07-06 
8:51 Fri 07-07-06 
8:53 Fri 07-07-06 
8:55 Fri 07-07-06 
8:58 Fri 07-07-06 
10:19 Fri 07-07-06 
10:21 Fri 07-07-06 
10:22 Fri 07-07-06 
10:22 Fri 07-07-06 
10:41 Fri 07-07-06 
11:33 Fri 07-07-06 
11:33 Fri 07-07-06 
11:33 Fri 07-07-06 
14:01 Fri 07-07-06 
17:24 Fri 07-07-06 
17:26 Fri 07-07-06 
17:41 Fri 07-07-06 
17:42 Fri 07-07-06 
17:42 Fri 07-07-06 
18:05 Fri 07-07-06 
20:10 Fri 07-07-06 
23:06 Fri 07-07-06 
1:50 Sat 08-07-06 
2:42 Sat 08-07-06 
3:26 Sat 08-07-06 
7:46 Sat 08-07-06 
11:23 Sat 08-07-06 
13:03 Sat 08-07-06 
14:58 Sat 08-07-06 
14:59 Sat 08-07-06 
15:08 Sat 08-07-06 
15:16 Sat 08-07-06 
15:42 Sat 08-07-06 
16:33 Sat 08-07-06 
16:41 Sat 08-07-06 
16:42 Sat 08-07-06 
16:48 Sat 08-07-06 
18:31 Sat 08-07-06 
18:50 Sat 08-07-06 
19:10 Sat 08-07-06 
19:14 Sat 08-07-06 
19:14 Sat 08-07-06 
4:33 Sun 09-07-06 
4:33 Sun 09-07-06 
5:47 Sun 09-07-06 
7:03 Sun 09-07-06 
9:21 Sun 09-07-06 
11:17 Sun 09-07-06 
12:25 Sun 09-07-06 
12:46 Sun 09-07-06 
16:26 Sun 09-07-06 
17:31 Sun 09-07-06 
20:53 Sun 09-07-06 
21:01 Sun 09-07-06 
21:18 Sun 09-07-06 
22:09 Sun 09-07-06 
23:42 Sun 09-07-06 
4:30 Mon 10-07-06 
4:43 Mon 10-07-06 
4:43 Mon 10-07-06 
4:46 Mon 10-07-06 
4:47 Mon 10-07-06 
4:47 Mon 10-07-06 
4:58 Mon 10-07-06 
5:50 Mon 10-07-06 
5:51 Mon 10-07-06 
6:02 Mon 10-07-06 
6:24 Mon 10-07-06 
7:14 Mon 10-07-06 
11:52 Mon 10-07-06 
11:54 Mon 10-07-06 
13:32 Mon 10-07-06 
14:25 Mon 10-07-06 
17:51 Mon 10-07-06 
19:25 Mon 10-07-06 
20:50 Mon 10-07-06 
22:32 Mon 10-07-06 
22:52 Mon 10-07-06 
22:55 Mon 10-07-06 
1:22 Tue 11-07-06 
2:56 Tue 11-07-06 
4:40 Tue 11-07-06 
5:38 Tue 11-07-06 
5:38 Tue 11-07-06 
5:47 Tue 11-07-06 
6:54 Tue 11-07-06 
6:59 Tue 11-07-06 
7:01 Tue 11-07-06 
7:02 Tue 11-07-06 
8:12 Tue 11-07-06 
8:13 Tue 11-07-06 
8:42 Tue 11-07-06 
11:21 Tue 11-07-06 
12:02 Tue 11-07-06 
17:31 Tue 11-07-06 
20:52 Tue 11-07-06 
4:45 Wed 12-07-06 
4:50 Wed 12-07-06 
4:55 Wed 12-07-06 
5:08 Wed 12-07-06 
5:09 Wed 12-07-06 
5:09 Wed 12-07-06 
5:16 Wed 12-07-06 
5:17 Wed 12-07-06 
5:17 Wed 12-07-06 
5:17 Wed 12-07-06 
5:18 Wed 12-07-06 
5:18 Wed 12-07-06 
5:19 Wed 12-07-06 
5:20 Wed 12-07-06 
5:26 Wed 12-07-06 
5:27 Wed 12-07-06 
5:30 Wed 12-07-06 
5:31 Wed 12-07-06 
5:37 Wed 12-07-06 
5:38 Wed 12-07-06 
6:44 Wed 12-07-06 
8:06 Wed 12-07-06 
9:18 Wed 12-07-06 
9:21 Wed 12-07-06 
9:44 Wed 12-07-06 
11:55 Wed 12-07-06 
13:25 Wed 12-07-06 
13:25 Wed 12-07-06 
21:54 Wed 12-07-06 
4:31 Thu 13-07-06 
9:34 Thu 13-07-06 
10:29 Thu 13-07-06 
19:35 Thu 13-07-06 
4:39 Fri 14-07-06 
5:34 Fri 14-07-06 
9:14 Fri 14-07-06 
12:54 Fri 14-07-06 
15:32 Fri 14-07-06 
22:47 Fri 14-07-06 
22:57 Fri 14-07-06 
23:04 Fri 14-07-06 
23:06 Fri 14-07-06 
23:08 Fri 14-07-06 
23:25 Fri 14-07-06 
23:47 Fri 14-07-06 
0:38 Sat 15-07-06 
0:38 Sat 15-07-06 
3:11 Sat 15-07-06 
3:15 Sat 15-07-06 
4:13 Sat 15-07-06 
5:24 Sat 15-07-06 
10:00 Sat 15-07-06 
11:04 Sat 15-07-06 
13:35 Sat 15-07-06 
13:53 Sat 15-07-06 
14:37 Sat 15-07-06 
16:52 Sat 15-07-06 
18:45 Sat 15-07-06 
20:38 Sat 15-07-06 
20:46 Sat 15-07-06 
20:56 Sat 15-07-06 
21:05 Sat 15-07-06 
21:10 Sat 15-07-06 
21:20 Sat 15-07-06 
21:24 Sat 15-07-06 
23:05 Sat 15-07-06 
1:01 Sun 16-07-06 
1:26 Sun 16-07-06 
10:35 Sun 16-07-06 
11:45 Sun 16-07-06 
14:41 Sun 16-07-06 
17:30 Sun 16-07-06 
17:30 Sun 16-07-06 
21:00 Sun 16-07-06 
21:31 Sun 16-07-06 
21:59 Sun 16-07-06 
10:33 Mon 17-07-06 
10:57 Mon 17-07-06 
19:45 Mon 17-07-06 
19:48 Mon 17-07-06 
22:24 Mon 17-07-06 
23:31 Mon 17-07-06 
23:31 Mon 17-07-06 
3:25 Tue 18-07-06 
9:15 Tue 18-07-06 
12:20 Tue 18-07-06 
12:20 Tue 18-07-06 
12:28 Tue 18-07-06 
12:33 Tue 18-07-06 
12:36 Tue 18-07-06 
12:37 Tue 18-07-06 
12:43 Tue 18-07-06 
12:43 Tue 18-07-06 
12:44 Tue 18-07-06 
12:47 Tue 18-07-06 
12:55 Tue 18-07-06 
12:56 Tue 18-07-06 
12:57 Tue 18-07-06 
13:02 Tue 18-07-06 
13:09 Tue 18-07-06 
13:15 Tue 18-07-06 
13:19 Tue 18-07-06 
16:57 Tue 18-07-06 
22:28 Tue 18-07-06 
7:28 Wed 19-07-06 
8:36 Wed 19-07-06 
9:50 Wed 19-07-06 
12:02 Wed 19-07-06 
12:08 Wed 19-07-06 
12:13 Wed 19-07-06 
12:14 Wed 19-07-06 
12:20 Wed 19-07-06 
12:28 Wed 19-07-06 
12:28 Wed 19-07-06 
12:31 Wed 19-07-06 
12:44 Wed 19-07-06 
12:44 Wed 19-07-06 
14:01 Wed 19-07-06 
17:31 Wed 19-07-06 
17:40 Wed 19-07-06 <br/> 
19:58 Wed 19-07-06 <br/> 
22:44 Wed 19-07-06 <br/> 
0:31 Thu 20-07-06 <br/> 
2:28 Thu 20-07-06 <br/> 
6:52 Thu 20-07-06 <br/> 
7:01 Thu 20-07-06 <br/> 
8:59 Thu 20-07-06 <br/> 
9:03 Thu 20-07-06 <br/> 
10:05 Thu 20-07-06 <br/> 
10:18 Thu 20-07-06 <br/> 
11:18 Thu 20-07-06 <br/> 
11:34 Thu 20-07-06 <br/> 
12:21 Thu 20-07-06 <br/> 
12:23 Thu 20-07-06 <br/> 
12:23 Thu 20-07-06 <br/> 
12:23 Thu 20-07-06 <br/> 
12:24 Thu 20-07-06 <br/> 
13:27 Thu 20-07-06 <br/> 
13:38 Thu 20-07-06 <br/> 
16:11 Thu 20-07-06 <br/> 
16:11 Thu 20-07-06 <br/> 
16:11 Thu 20-07-06 <br/> 
21:31 Thu 20-07-06 <br/> 
0:24 Fri 21-07-06 <br/> 
1:11 Fri 21-07-06 <br/> 
2:39 Fri 21-07-06 <br/> 
7:44 Fri 21-07-06 <br/> 
8:56 Fri 21-07-06 <br/> 
8:58 Fri 21-07-06 <br/> 
10:09 Fri 21-07-06 <br/> 
11:17 Fri 21-07-06 <br/> 
11:20 Fri 21-07-06 <br/> 
12:27 Fri 21-07-06 <br/> 
12:27 Fri 21-07-06 <br/> 
13:42 Fri 21-07-06 <br/> 
16:25 Fri 21-07-06 <br/> 
16:26 Fri 21-07-06 <br/> 
16:26 Fri 21-07-06 <br/> 
17:33 Fri 21-07-06 <br/> 
18:46 Fri 21-07-06 <br/> 
18:48 Fri 21-07-06 <br/> 
21:07 Fri 21-07-06 <br/> 
1:28 Sat 22-07-06 <br/> 
4:39 Sat 22-07-06 <br/> 
7:01 Sat 22-07-06 <br/> 
8:08 Sat 22-07-06 <br/> 
8:43 Sat 22-07-06 <br/> 
8:48 Sat 22-07-06 <br/> 
8:51 Sat 22-07-06 <br/> 
8:53 Sat 22-07-06 <br/> 
8:59 Sat 22-07-06 <br/> 
9:02 Sat 22-07-06 <br/> 
9:04 Sat 22-07-06 <br/> 
9:06 Sat 22-07-06 <br/> 
9:13 Sat 22-07-06 <br/> 
9:24 Sat 22-07-06 <br/> 
9:25 Sat 22-07-06 <br/> 
9:28 Sat 22-07-06 <br/> 
9:28 Sat 22-07-06 <br/> 
9:34 Sat 22-07-06 <br/> 
12:54 Sat 22-07-06 <br/> 
13:15 Sat 22-07-06 <br/> 
14:37 Sat 22-07-06 <br/> 
15:18 Sat 22-07-06 <br/> 
15:32 Sat 22-07-06 <br/> 
15:53 Sat 22-07-06 <br/> 
18:21 Sat 22-07-06 <br/> 
18:22 Sat 22-07-06 <br/> 
19:31 Sat 22-07-06 <br/> 
23:25 Sat 22-07-06 <br/> 
23:26 Sat 22-07-06 <br/> 
23:36 Sat 22-07-06 <br/> 
0:28 Sun 23-07-06 <br/> 
6:36 Sun 23-07-06 <br/> 
6:48 Sun 23-07-06 <br/> 
6:48 Sun 23-07-06 <br/> 
6:54 Sun 23-07-06 <br/> 
6:55 Sun 23-07-06 <br/> 
6:58 Sun 23-07-06 <br/> 
7:01 Sun 23-07-06 <br/> 
7:18 Sun 23-07-06 <br/> 
7:24 Sun 23-07-06 <br/> 
7:28 Sun 23-07-06 <br/> 
18:42 Sun 15-10-06 <br/> 
1:50 Fri 10-11-06 <br/> 
10:02 Fri 10-11-06 <br/> 
10:09 Fri 10-11-06 <br/> 
13:02 Fri 10-11-06 <br/> 
14:03 Fri 10-11-06 <br/> 
14:10 Fri 10-11-06 <br/> 
18:12 Fri 10-11-06 <br/> 
18:18 Fri 10-11-06 <br/> 
19:20 Fri 10-11-06 <br/> 
19:52 Fri 10-11-06 <br/> 
20:56 Fri 10-11-06 <br/> 
22:27 Fri 10-11-06 <br/> 
23:18 Fri 10-11-06 <br/> 
0:43 Sat 11-11-06 <br/> 
0:43 Sat 11-11-06 <br/> 
1:07 Sat 11-11-06 <br/> 
2:25 Sat 11-11-06 <br/> 
4:28 Sat 11-11-06 <br/> 
8:14 Sat 11-11-06 <br/> 
10:51 Sat 11-11-06 <br/> 
18:19 Sat 11-11-06 <br/> 
21:36 Sat 11-11-06 <br/> 
10:40 Sun 12-11-06 <br/> 
13:52 Sun 12-11-06 <br/> 
16:02 Sun 12-11-06 <br/> 
21:22 Sun 12-11-06 <br/> 
23:57 Sun 12-11-06 <br/> 
7:11 Mon 13-11-06 <br/> 
8:16 Mon 13-11-06 <br/> 
9:08 Mon 13-11-06 <br/> 
9:34 Mon 13-11-06 <br/> 
11:36 Mon 13-11-06 <br/> 
12:46 Mon 13-11-06 <br/> 
13:19 Mon 13-11-06 <br/> 
13:43 Mon 13-11-06 <br/> 
16:31 Mon 13-11-06 <br/> 
16:34 Mon 13-11-06 <br/> 
17:50 Mon 13-11-06 <br/> 
22:25 Mon 13-11-06 <br/> 
3:35 Tue 14-11-06 <br/> 
4:12 Tue 14-11-06 <br/> 
9:02 Tue 14-11-06 <br/> 
9:06 Tue 14-11-06 <br/> 
10:05 Tue 14-11-06 <br/> 
13:16 Tue 14-11-06 <br/> 
13:24 Tue 14-11-06 <br/> 
13:55 Tue 14-11-06 <br/> 
13:59 Tue 14-11-06 <br/> 
15:05 Tue 14-11-06 <br/> 
16:39 Tue 14-11-06 <br/> 
17:25 Tue 14-11-06 <br/> 
17:49 Tue 14-11-06 <br/> 
18:57 Tue 14-11-06 <br/> 
19:01 Tue 14-11-06 <br/> 
19:19 Tue 14-11-06 <br/> 
19:21 Tue 14-11-06 <br/> 
0:13 Wed 15-11-06 <br/> 
2:00 Wed 15-11-06 <br/> 
8:45 Wed 15-11-06 <br/> 
11:14 Wed 15-11-06 <br/> 
15:49 Wed 15-11-06 <br/> 
18:10 Wed 15-11-06 <br/> 
18:19 Wed 15-11-06 <br/> 
19:10 Wed 15-11-06 <br/> 
22:45 Wed 15-11-06 <br/> 
22:50 Wed 15-11-06 <br/> 
0:03 Thu 16-11-06 <br/> 
0:19 Thu 16-11-06 <br/> 
1:14 Thu 16-11-06 <br/> 
1:15 Thu 16-11-06 <br/> 
1:27 Thu 16-11-06 <br/> 
9:26 Thu 16-11-06 <br/> 
9:40 Thu 16-11-06 <br/> 
16:33 Thu 16-11-06 <br/> 
20:26 Thu 16-11-06 <br/> 
20:32 Thu 16-11-06 <br/> 
21:56 Thu 16-11-06 <br/> 
4:37 Fri 17-11-06 <br/> 
11:55 Fri 17-11-06 <br/> 
15:13 Fri 17-11-06 <br/> 
17:48 Fri 17-11-06 <br/> 
21:22 Fri 17-11-06 <br/> 
23:54 Fri 17-11-06 <br/> 
16:57 Sat 18-11-06 <br/> 
17:29 Sat 18-11-06 <br/> 
17:34 Sat 18-11-06 <br/> 
18:47 Sat 18-11-06 <br/> 
18:55 Sat 18-11-06 <br/> 
18:56 Sat 18-11-06 <br/> 
18:56 Sat 18-11-06 <br/> 
23:32 Sat 18-11-06 <br/> 
3:19 Sun 19-11-06 <br/> 
4:13 Sun 19-11-06 <br/> 
5:19 Sun 19-11-06 <br/> 
9:28 Sun 19-11-06 <br/> 
11:16 Sun 19-11-06 <br/> 
11:27 Sun 19-11-06 <br/> 
12:17 Sun 19-11-06 <br/> 
18:30 Sun 19-11-06 <br/> 
21:12 Sun 19-11-06 <br/> 
23:38 Sun 19-11-06 <br/> 
1:48 Mon 20-11-06 <br/> 
2:32 Mon 20-11-06 <br/> 
8:21 Mon 20-11-06 <br/> 
16:47 Mon 20-11-06 <br/> 
20:38 Mon 20-11-06 <br/> 
4:26 Tue 21-11-06 <br/> 
6:04 Tue 21-11-06 <br/> 
7:55 Tue 21-11-06 <br/> 
8:10 Tue 21-11-06 <br/> 
16:39 Tue 21-11-06 <br/> 
16:44 Tue 21-11-06 <br/> 
18:18 Tue 21-11-06 <br/> 
18:29 Tue 21-11-06 <br/> 
18:30 Tue 21-11-06 <br/> 
19:50 Tue 21-11-06 <br/> 
21:46 Tue 21-11-06 <br/> 
23:06 Tue 21-11-06 <br/> 
1:02 Wed 22-11-06 <br/> 
2:44 Wed 22-11-06 <br/> 
5:30 Wed 22-11-06 <br/> 
5:30 Wed 22-11-06 <br/> 
5:32 Wed 22-11-06 <br/> 
5:37 Wed 22-11-06 <br/> 
11:41 Wed 22-11-06 <br/> 
11:48 Wed 22-11-06 <br/> 
14:49 Wed 22-11-06 <br/> 
21:02 Wed 22-11-06 <br/> 
22:09 Wed 22-11-06 <br/> 
2:03 Thu 23-11-06 <br/> 
2:26 Thu 23-11-06 <br/> 
2:32 Thu 23-11-06 <br/> 
6:15 Thu 23-11-06 <br/> 
6:24 Thu 23-11-06 <br/> 
14:40 Thu 23-11-06 <br/> 
0:46 Fri 24-11-06 <br/> 
1:47 Fri 24-11-06 <br/> 
2:07 Fri 24-11-06 <br/> 
2:14 Fri 24-11-06 <br/> 
7:35 Fri 24-11-06 <br/> 
10:42 Fri 24-11-06 <br/> 
15:49 Fri 24-11-06 <br/> 
19:15 Fri 24-11-06 <br/> 
23:44 Fri 24-11-06 <br/> 
12:23 Sat 25-11-06 <br/> 
17:39 Sat 25-11-06 <br/> 
18:58 Sat 25-11-06 <br/> 
20:43 Sat 25-11-06 <br/> 
21:05 Sat 25-11-06 <br/> 
22:18 Sat 25-11-06 <br/> 
3:14 Sun 26-11-06 <br/> 
8:42 Sun 26-11-06 <br/> 
9:29 Sun 26-11-06 <br/> 
15:29 Sun 26-11-06 <br/> 
16:11 Sun 26-11-06 <br/> 
18:11 Sun 26-11-06 <br/> 
19:50 Sun 26-11-06 <br/> 
19:51 Sun 26-11-06 <br/> 
19:51 Sun 26-11-06 <br/> 
0:09 Mon 27-11-06 <br/> 
5:27 Mon 27-11-06 <br/> 
10:35 Mon 27-11-06 <br/> 
11:13 Mon 27-11-06 <br/> 
12:39 Mon 27-11-06 <br/> 
16:56 Mon 27-11-06 <br/> 
17:00 Mon 27-11-06 <br/> 
20:55 Mon 27-11-06 <br/> 
23:50 Mon 27-11-06 <br/> 
23:51 Mon 27-11-06 <br/> 
23:51 Mon 27-11-06 <br/> 
1:01 Tue 28-11-06 <br/> 
9:55 Tue 28-11-06 <br/> 
9:59 Tue 28-11-06 <br/> 
12:37 Tue 28-11-06 <br/> 
16:19 Tue 28-11-06 <br/> 
17:23 Tue 28-11-06 <br/> 
18:41 Tue 28-11-06 <br/> 
19:24 Tue 28-11-06 <br/> 
20:26 Tue 28-11-06 <br/> 
20:33 Tue 28-11-06 <br/> 
21:01 Tue 28-11-06 <br/> 
21:07 Tue 28-11-06 <br/> 
0:45 Wed 29-11-06 <br/> 
4:29 Wed 29-11-06 <br/> 
7:32 Wed 29-11-06 <br/> 
11:17 Wed 29-11-06 <br/> 
11:18 Wed 29-11-06 <br/> 
11:25 Wed 29-11-06 <br/> 
15:29 Wed 29-11-06 <br/> 
15:57 Wed 29-11-06 <br/> 
0:23 Thu 30-11-06 <br/> 
3:42 Thu 30-11-06 <br/> 
4:24 Thu 30-11-06 <br/> 
9:16 Thu 30-11-06 <br/> 
10:21 Thu 30-11-06 <br/> 
13:57 Thu 30-11-06 <br/> 
14:19 Thu 30-11-06 <br/> 
14:46 Thu 30-11-06 <br/> 
16:02 Thu 30-11-06 <br/> 
16:50 Thu 30-11-06 <br/> 
22:44 Thu 30-11-06 <br/> 
3:23 Fri 01-12-06 <br/> 
4:20 Fri 01-12-06 <br/> 
4:40 Fri 01-12-06 <br/> 
5:58 Fri 01-12-06 <br/> 
9:38 Fri 01-12-06 <br/> 
12:55 Fri 01-12-06 <br/> 
12:59 Fri 01-12-06 <br/> 
14:21 Fri 01-12-06 <br/> 
16:56 Fri 01-12-06 <br/> 
16:56 Fri 01-12-06 <br/> 
0:07 Sat 02-12-06 <br/> 
2:13 Sat 02-12-06 <br/> 
6:05 Sat 02-12-06 <br/> 
11:38 Sat 02-12-06 <br/> 
13:34 Sat 02-12-06 <br/> 
16:30 Sat 02-12-06 <br/> 
19:52 Sat 02-12-06 <br/> 
19:53 Sat 02-12-06 <br/> 
21:51 Sat 02-12-06 <br/> 
23:43 Sat 02-12-06 <br/> 
3:57 Sun 03-12-06 <br/> 
10:00 Sun 03-12-06 <br/> 
13:26 Sun 03-12-06 <br/> 
19:14 Sun 03-12-06 <br/> 
23:35 Sun 03-12-06 <br/> 
1:44 Mon 04-12-06 <br/> 
1:53 Mon 04-12-06 <br/> 
2:21 Mon 04-12-06 <br/> 
2:22 Mon 04-12-06 <br/> 
0:32 Tue 05-12-06 <br/> 
0:45 Tue 05-12-06 <br/> 
1:18 Tue 05-12-06 <br/> 
3:21 Tue 05-12-06 <br/> 
3:21 Tue 05-12-06 <br/> 
6:31 Tue 05-12-06 <br/> 
7:53 Tue 05-12-06 <br/> 
10:17 Tue 05-12-06 <br/> 
12:37 Tue 05-12-06 <br/> 
0:52 Wed 06-12-06 <br/> 
1:29 Wed 06-12-06 <br/> 
1:46 Wed 06-12-06 <br/> 
2:36 Wed 06-12-06 <br/> 
14:09 Wed 06-12-06 <br/> 
15:13 Wed 06-12-06 <br/> 
18:49 Wed 06-12-06 <br/> 
1:10 Thu 07-12-06 <br/> 
2:39 Thu 07-12-06 <br/> 
2:44 Thu 07-12-06 <br/> 
3:18 Thu 07-12-06 <br/> 
9:19 Thu 07-12-06 <br/> 
9:42 Thu 07-12-06 <br/> 
13:40 Thu 07-12-06 <br/> 
15:25 Thu 07-12-06 <br/> 
19:41 Thu 07-12-06 <br/> 
4:30 Fri 08-12-06 <br/> 
12:50 Fri 08-12-06 <br/> 
0:09 Sat 09-12-06 <br/> 
0:43 Sat 09-12-06 <br/> 
1:00 Sat 09-12-06 <br/> 
4:31 Sat 09-12-06 <br/> 
12:37 Sat 09-12-06 <br/> 
12:39 Sat 09-12-06 <br/> 
13:05 Sat 09-12-06 <br/> 
13:10 Sat 09-12-06 <br/> 
18:56 Sat 09-12-06 <br/> 
21:46 Sat 09-12-06 <br/> 
22:53 Sat 09-12-06 <br/> 
23:57 Sat 09-12-06 <br/> 
2:26 Sun 10-12-06 <br/> 
3:37 Sun 10-12-06 <br/> 
4:31 Sun 10-12-06 <br/> 
4:51 Sun 10-12-06 <br/> 
11:01 Sun 10-12-06 <br/> 
15:39 Sun 10-12-06 <br/> 
17:45 Sun 10-12-06 <br/> 
1:34 Mon 11-12-06 <br/> 
4:32 Mon 11-12-06 <br/> 
19:29 Mon 11-12-06 <br/> 
22:13 Mon 11-12-06 <br/> 
0:22 Tue 12-12-06 <br/> 
4:32 Tue 12-12-06 <br/> 
6:04 Tue 12-12-06 <br/> 
6:52 Tue 12-12-06 <br/> 
6:58 Tue 12-12-06 <br/> 
11:19 Tue 12-12-06 <br/> 
12:30 Tue 12-12-06 <br/> 
13:34 Tue 12-12-06 <br/> 
13:37 Tue 12-12-06 <br/> 
23:47 Tue 12-12-06 <br/> 
0:48 Wed 13-12-06 <br/> 
0:56 Wed 13-12-06 <br/> 
4:32 Wed 13-12-06 <br/> 
12:49 Wed 13-12-06 <br/> 
13:12 Wed 13-12-06 <br/> 
14:46 Wed 13-12-06 <br/> 
15:25 Wed 13-12-06 <br/> 
20:18 Wed 13-12-06 <br/> 
20:43 Wed 13-12-06 <br/> 
21:03 Wed 13-12-06 <br/> 
22:38 Wed 13-12-06 <br/> 
23:31 Wed 13-12-06 <br/> 
23:47 Wed 13-12-06 <br/> 
0:28 Thu 14-12-06 <br/> 
3:12 Thu 14-12-06 <br/> 
4:33 Thu 14-12-06 <br/> 
10:40 Thu 14-12-06 <br/> 
12:46 Thu 14-12-06 <br/> 
14:25 Thu 14-12-06 <br/> 
16:41 Thu 14-12-06 <br/> 
17:53 Thu 14-12-06 <br/> 
18:03 Thu 14-12-06 <br/> 
21:22 Thu 14-12-06 <br/> 
22:33 Thu 14-12-06 <br/> 
22:45 Thu 14-12-06 <br/> 
0:25 Fri 15-12-06 <br/> 
0:25 Fri 15-12-06 <br/> 
0:44 Fri 15-12-06 <br/> 
0:44 Fri 15-12-06 <br/> 
0:52 Fri 15-12-06 <br/> 
0:53 Fri 15-12-06 <br/> 
0:54 Fri 15-12-06 <br/> 
4:15 Fri 15-12-06 <br/> 
7:52 Fri 15-12-06 <br/> 
13:43 Fri 15-12-06 <br/> 
19:23 Fri 15-12-06 <br/> 
19:30 Fri 15-12-06 <br/> 
23:44 Fri 15-12-06 <br/> 
0:12 Sat 16-12-06 <br/> 
2:30 Sat 16-12-06 <br/> 
2:36 Sat 16-12-06 <br/> 
2:40 Sat 16-12-06 <br/> 
4:40 Sat 16-12-06 <br/> 
5:04 Sat 16-12-06 <br/> 
6:15 Sat 16-12-06 <br/> 
13:19 Sat 16-12-06 <br/> 
18:01 Sat 16-12-06 <br/> 
19:24 Sat 16-12-06 <br/> 
20:26 Sat 16-12-06 <br/> 
21:33 Sat 16-12-06 <br/> 
22:39 Sat 16-12-06 <br/> 
23:20 Sat 16-12-06 <br/> 
1:09 Sun 17-12-06 <br/> 
9:04 Sun 17-12-06 <br/> 
9:54 Sun 17-12-06 <br/> 
16:06 Sun 17-12-06 <br/> 
19:25 Sun 17-12-06 <br/> 
6:06 Mon 18-12-06 <br/> 
16:23 Mon 18-12-06 <br/> 
18:47 Mon 18-12-06 <br/> 
19:25 Mon 18-12-06 <br/> 
20:34 Mon 18-12-06 <br/> 
12:30 Tue 19-12-06 <br/> 
18:28 Tue 19-12-06 <br/> 
19:26 Tue 19-12-06 <br/> 
20:45 Tue 19-12-06 <br/> 
21:29 Tue 19-12-06 <br/> 
1:21 Wed 20-12-06 <br/> 
7:20 Wed 20-12-06 <br/> 
9:04 Wed 20-12-06 <br/> 
12:55 Wed 20-12-06 <br/> 
0:14 Thu 21-12-06 <br/> 
6:32 Thu 21-12-06 <br/> 
9:42 Thu 21-12-06 <br/> 
19:25 Thu 21-12-06 <br/> 
7:58 Fri 22-12-06 <br/> 
10:52 Fri 22-12-06 <br/> 
15:21 Fri 22-12-06 <br/> 
17:15 Fri 22-12-06 <br/> 
22:57 Fri 22-12-06 <br/> 
23:24 Fri 22-12-06 <br/> 
6:11 Sat 23-12-06 <br/> 
16:00 Sat 23-12-06 <br/> 
17:05 Sat 23-12-06 <br/> 
9:12 Sun 24-12-06 <br/> 
13:57 Sun 24-12-06 <br/> 
14:24 Sun 24-12-06 <br/> 
14:54 Sun 24-12-06 <br/> 
19:06 Sun 24-12-06 <br/> 
19:29 Sun 24-12-06 <br/> 
20:00 Sun 24-12-06 <br/> 
21:38 Sun 24-12-06 <br/> 
23:34 Sun 24-12-06 <br/> 
0:00 Mon 25-12-06 <br/> 
0:31 Mon 25-12-06 <br/> 
2:06 Mon 25-12-06 <br/> 
12:44 Mon 25-12-06 <br/> 
13:45 Mon 25-12-06 <br/> 
16:44 Mon 25-12-06 <br/> 
19:12 Mon 25-12-06 <br/> 
19:30 Mon 25-12-06 <br/> 
23:46 Mon 25-12-06 <br/> 
5:01 Tue 26-12-06 <br/> 
6:27 Tue 26-12-06 <br/> 
7:56 Tue 26-12-06 <br/> 
8:17 Tue 26-12-06 <br/> 
8:59 Tue 26-12-06 <br/> 
9:00 Tue 26-12-06 <br/> 
10:42 Wed 27-12-06 <br/> 
12:04 Wed 27-12-06 <br/> 
12:33 Wed 27-12-06 <br/> 
12:50 Wed 27-12-06 <br/> 
13:13 Wed 27-12-06 <br/> 
13:51 Wed 27-12-06 <br/> 
14:03 Wed 27-12-06 <br/> 
15:21 Wed 27-12-06 <br/> 
14:51 Wed 27-12-06 <br/> 
15:21 Wed 27-12-06 <br/> 
16:07 Wed 27-12-06 <br/> 
17:40 Wed 27-12-06 <br/> 
18:10 Wed 27-12-06 <br/> 
18:44 Wed 27-12-06 <br/> 
19:30 Wed 27-12-06 <br/> 
20:25 Wed 27-12-06 <br/> 
21:07 Wed 27-12-06 <br/> 
21:33 Wed 27-12-06 <br/> 
22:01 Wed 27-12-06 <br/> 
23:01 Wed 27-12-06 <br/> 
23:37 Wed 27-12-06 <br/> 
0:02 Thu 28-12-06 <br/> 
2:19 Thu 28-12-06 <br/> 
8:34 Thu 28-12-06 <br/> 
9:07 Thu 28-12-06 <br/> 
11:07 Thu 28-12-06 <br/> 
11:21 Thu 28-12-06 <br/> 
11:29 Thu 28-12-06 <br/> 
13:56 Thu 28-12-06 <br/> 
14:28 Thu 28-12-06 <br/> 
15:26 Thu 28-12-06 <br/> 
15:26 Thu 28-12-06 <br/> 
16:10 Thu 28-12-06 <br/> 
16:23 Thu 28-12-06 <br/> 
19:31 Thu 28-12-06 <br/> 
20:27 Thu 28-12-06 <br/> 
22:50 Thu 28-12-06 <br/> 
23:53 Thu 28-12-06 <br/> 
9:24 Fri 29-12-06 <br/> 
10:32 Fri 29-12-06 <br/> 
19:32 Fri 29-12-06 <br/> 
23:46 Fri 29-12-06 <br/> 
1:49 Sat 30-12-06 <br/> 
5:46 Sat 30-12-06 <br/> 
5:54 Sat 30-12-06 <br/> 
11:23 Sat 30-12-06 <br/> 
12:59 Sat 30-12-06 <br/> 
13:11 Sat 30-12-06 <br/> 
13:55 Sat 30-12-06 <br/> 
17:38 Sat 30-12-06 <br/> 
19:32 Sat 30-12-06 <br/> 
21:03 Sat 30-12-06 <br/> 
21:17 Sat 30-12-06 <br/> 
1:09 Sun 31-12-06 <br/> 
6:15 Sun 31-12-06 <br/> 
6:19 Sun 31-12-06 <br/> 
14:57 Sun 31-12-06 <br/> 
16:43 Sun 31-12-06 <br/> 
19:13 Sun 31-12-06 <br/> 
19:33 Sun 31-12-06 <br/> 
20:52 Sun 31-12-06 <br/> 
22:43 Sun 31-12-06 <br/> 
2:51 Mon 01-01-07 <br/> 
8:13 Mon 01-01-07 <br/> 
11:51 Mon 01-01-07 <br/> 
19:33 Mon 01-01-07 <br/> 
22:29 Mon 01-01-07 <br/> 
4:24 Tue 02-01-07 <br/> 
4:45 Tue 02-01-07 <br/> 
18:26 Tue 02-01-07 <br/> 
19:33 Tue 02-01-07 <br/> 
19:33 Tue 02-01-07 <br/> 
22:01 Tue 02-01-07 <br/> 
22:45 Tue 02-01-07 <br/> 
23:06 Tue 02-01-07 <br/> 
10:47 Wed 03-01-07 <br/> 
13:13 Wed 03-01-07 <br/> 
17:15 Wed 03-01-07 <br/> 
19:34 Wed 03-01-07 <br/> 
21:40 Wed 03-01-07 <br/> 
22:34 Wed 03-01-07 <br/> 
5:21 Thu 04-01-07 <br/> 
19:12 Thu 04-01-07 <br/> 
19:34 Thu 04-01-07 <br/> 
21:09 Thu 04-01-07 <br/> 
0:08 Fri 05-01-07 <br/> 
11:28 Fri 05-01-07 <br/> 
14:14 Fri 05-01-07 <br/> 
17:59 Fri 05-01-07 <br/> 
18:19 Fri 05-01-07 <br/> 
18:55 Fri 05-01-07 <br/> 
20:24 Fri 05-01-07 <br/> 
21:44 Fri 05-01-07 <br/> 
22:04 Fri 05-01-07 <br/> 
23:08 Fri 05-01-07 <br/> 
23:24 Fri 05-01-07 <br/> 
0:32 Sat 06-01-07 <br/> 
1:11 Sat 06-01-07 <br/> 
1:20 Sat 06-01-07 <br/> 
2:12 Sat 06-01-07 <br/> 
4:33 Sat 06-01-07 <br/> 
15:36 Sat 06-01-07 <br/> 
16:23 Sat 06-01-07 <br/> 
18:00 Sat 06-01-07 <br/> 
19:06 Sat 06-01-07 <br/> 
20:32 Sat 06-01-07 <br/> 
21:00 Sat 06-01-07 <br/> 
21:17 Sat 06-01-07 <br/> 
4:34 Sun 07-01-07 <br/> 
8:56 Sun 07-01-07 <br/> 
13:21 Sun 07-01-07 <br/> 
14:41 Sun 07-01-07 <br/> 
19:51 Sun 07-01-07 <br/> 
21:53 Sun 07-01-07 <br/> 
0:21 Mon 08-01-07 <br/> 
1:47 Mon 08-01-07 <br/> 
4:35 Mon 08-01-07 <br/> 
10:06 Mon 08-01-07 <br/> 
10:39 Mon 08-01-07 <br/> 
15:54 Mon 08-01-07 <br/> 
2:21 Tue 09-01-07 <br/> 
19:16 Tue 09-01-07 <br/> 
22:05 Tue 09-01-07 <br/> 
22:38 Tue 09-01-07 <br/> 
22:49 Tue 09-01-07 <br/> 
23:11 Tue 09-01-07 <br/> 
0:28 Wed 10-01-07 <br/> 
1:13 Wed 10-01-07 <br/> 
2:43 Wed 10-01-07 <br/> 
2:43 Wed 10-01-07 <br/> 
4:36 Wed 10-01-07 <br/> 
22:44 Wed 10-01-07 <br/> 
23:10 Wed 10-01-07 <br/> 
23:56 Wed 10-01-07 <br/> 
0:38 Thu 11-01-07 <br/> 
1:08 Thu 11-01-07 <br/> 
3:43 Thu 11-01-07 <br/> 
4:49 Thu 11-01-07 <br/> 
6:15 Thu 11-01-07 <br/> 
8:44 Thu 11-01-07 <br/> 
14:01 Thu 11-01-07 <br/> 
14:32 Thu 11-01-07 <br/> 
16:11 Thu 11-01-07 <br/> 
16:11 Thu 11-01-07 <br/> 
22:46 Thu 11-01-07 <br/> 
5:32 Fri 12-01-07 <br/> 
15:44 Fri 12-01-07 <br/> 
15:45 Fri 12-01-07 <br/> 
18:06 Fri 12-01-07 <br/> 
19:58 Fri 12-01-07 <br/> 
20:01 Fri 12-01-07 <br/> 
20:02 Fri 12-01-07 <br/> 
22:31 Fri 12-01-07 <br/> 
2:28 Sat 13-01-07 <br/> 
5:39 Sat 13-01-07 <br/> 
5:46 Sat 13-01-07 <br/> 
10:11 Sat 13-01-07 <br/> 
17:16 Sat 13-01-07 <br/> 
17:16 Sat 13-01-07 <br/> 
1:30 Sun 14-01-07 <br/> 
17:13 Sun 14-01-07 <br/> 
19:00 Sun 14-01-07 <br/> 
0:50 Mon 15-01-07 <br/> 
0:59 Mon 15-01-07 <br/> 
3:06 Mon 15-01-07 <br/> 
14:45 Mon 15-01-07 <br/> 
21:08 Mon 15-01-07 <br/> 
12:09 Tue 16-01-07 <br/> 
2:30 Wed 17-01-07 <br/> 
1:34 Thu 18-01-07 <br/> 
3:46 Thu 18-01-07 <br/> 
10:57 Thu 18-01-07 <br/> 
1:54 Fri 19-01-07 <br/> 
17:18 Fri 19-01-07 <br/> 
21:01 Fri 19-01-07 <br/> 
1:47 Sat 20-01-07 <br/> 
4:46 Sat 20-01-07 <br/> 
11:42 Sat 20-01-07 <br/> 
11:42 Sat 20-01-07 <br/> 
21:42 Sat 20-01-07 <br/> 
0:35 Sun 21-01-07 <br/> 
1:00 Sun 21-01-07 <br/> 
1:10 Sun 21-01-07 <br/> 
1:57 Sun 21-01-07 <br/> 
2:19 Sun 21-01-07 <br/> 
9:19 Sun 21-01-07 <br/> 
10:19 Sun 21-01-07 <br/> 
3:14 Mon 22-01-07 <br/> 
4:28 Mon 22-01-07 <br/> 
6:24 Mon 22-01-07 <br/> 
5:42 Tue 23-01-07 <br/> 
9:22 Tue 23-01-07 <br/> 
2:54 Wed 24-01-07 <br/> 
6:57 Wed 24-01-07 <br/> 
11:56 Wed 24-01-07 <br/> 
15:40 Wed 24-01-07 <br/> 
19:40 Wed 24-01-07 <br/> 
22:09 Wed 24-01-07 <br/> 
5:23 Thu 25-01-07 <br/> 
7:48 Thu 25-01-07 <br/> 
12:43 Thu 25-01-07 <br/> 
13:10 Thu 25-01-07 <br/> 
18:30 Thu 25-01-07 <br/> 
21:12 Thu 25-01-07 <br/> 
23:46 Thu 25-01-07 <br/> 
8:28 Fri 26-01-07 <br/> 
14:00 Fri 26-01-07 <br/> 
3:02 Sat 27-01-07 <br/> 
7:05 Sat 27-01-07 <br/> 
16:44 Sat 27-01-07 <br/> 
17:12 Sat 27-01-07 <br/> 
2:21 Sun 28-01-07 <br/> 
2:25 Sun 28-01-07 <br/> 
1:29 Mon 29-01-07 <br/> 
19:18 Mon 29-01-07 <br/> 
21:34 Mon 29-01-07 <br/> 
22:17 Mon 29-01-07 <br/> 
0:45 Tue 30-01-07 <br/> 
0:57 Tue 30-01-07 <br/> 
8:59 Tue 30-01-07 <br/> 
21:15 Tue 30-01-07 <br/> 
0:29 Wed 31-01-07 <br/> 
1:09 Wed 31-01-07 <br/> 
1:45 Wed 31-01-07 <br/> 
19:42 Wed 31-01-07 <br/> 
20:35 Wed 31-01-07 <br/> 
20:57 Wed 31-01-07 <br/> 
21:21 Wed 31-01-07 <br/> 
21:22 Wed 31-01-07 <br/> 
5:39 Thu 01-02-07 <br/> 
23:31 Thu 01-02-07 <br/> 
18:55 Fri 02-02-07 <br/> 
2:25 Sat 03-02-07 <br/> 
6:39 Sat 03-02-07 <br/> 
9:32 Sat 03-02-07 <br/> 
15:53 Sat 03-02-07 <br/> 
15:53 Sat 03-02-07 <br/> 
17:04 Sat 03-02-07 <br/> 
18:38 Sat 03-02-07 <br/> 
21:08 Sat 03-02-07 <br/> 
23:13 Sat 03-02-07 <br/> 
0:15 Sun 04-02-07 <br/> 
2:16 Sun 04-02-07 <br/> 
5:34 Sun 04-02-07 <br/> 
9:02 Sun 04-02-07 <br/> 
11:49 Sun 04-02-07 <br/> 
14:22 Sun 04-02-07 <br/> 
18:38 Sun 04-02-07 <br/> 
23:00 Sun 04-02-07 <br/> 
2:03 Mon 05-02-07 <br/> 
6:10 Mon 05-02-07 <br/> 
9:07 Mon 05-02-07 <br/> 
10:56 Mon 05-02-07 <br/> 
12:11 Mon 05-02-07 <br/> 
13:54 Mon 05-02-07 <br/> 
14:28 Mon 05-02-07 <br/> 
15:59 Mon 05-02-07 <br/> 
18:56 Mon 05-02-07 <br/> 
19:38 Mon 05-02-07 <br/> 
23:04 Mon 05-02-07 <br/> 
0:12 Tue 06-02-07 <br/> 
4:43 Tue 06-02-07 <br/> 
10:11 Tue 06-02-07 <br/> 
15:52 Tue 06-02-07 <br/> 
17:52 Tue 06-02-07 <br/> 
18:01 Tue 06-02-07 <br/> 
20:51 Tue 06-02-07 <br/> 
0:03 Wed 07-02-07 <br/> 
1:33 Wed 07-02-07 <br/> 
11:56 Wed 07-02-07 <br/> 
13:31 Wed 07-02-07 <br/> 
3:29 Thu 08-02-07 <br/> 
5:50 Thu 08-02-07 <br/> 
10:17 Thu 08-02-07 <br/> 
12:12 Thu 08-02-07 <br/> 
22:52 Thu 08-02-07 <br/> 
22:59 Thu 08-02-07 <br/> 
10:34 Fri 09-02-07 <br/> 
11:43 Mon 12-02-07 <br/> 
19:35 Mon 12-02-07 <br/> 
3:31 Tue 13-02-07 <br/> 
17:19 Tue 13-02-07 <br/> 
3:04 Wed 14-02-07 <br/> 
7:04 Wed 14-02-07 <br/> 
3:22 Thu 15-02-07 <br/> 
6:59 Fri 16-02-07 <br/> 
17:31 Fri 16-02-07 <br/> 
18:17 Fri 16-02-07 <br/> 
18:59 Fri 16-02-07 <br/> 
19:01 Fri 16-02-07 <br/> 
21:12 Fri 16-02-07 <br/> 
21:34 Fri 16-02-07 <br/> 
10:47 Sat 17-02-07 <br/> 
4:24 Sun 18-02-07 <br/> 
17:59 Sun 18-02-07 <br/> 
18:22 Sun 18-02-07 <br/> 
21:31 Sun 18-02-07 <br/> 
0:49 Mon 19-02-07 <br/> 
3:07 Tue 20-02-07 <br/> 
10:00 Tue 20-02-07 <br/> 
12:58 Tue 20-02-07 <br/> 
14:17 Wed 21-02-07 <br/> 
17:50 Wed 21-02-07 <br/> 
23:35 Wed 21-02-07 <br/> 
23:42 Wed 21-02-07 <br/> 
2:02 Thu 22-02-07 <br/> 
14:21 Thu 22-02-07 <br/> 
16:25 Mon 26-02-07 <br/> 
1:51 Tue 27-02-07 <br/> 
2:38 Tue 27-02-07 <br/> 
8:12 Tue 27-02-07 <br/> 
7:26 Thu 01-03-07 <br/> 
6:00 Sat 03-03-07 <br/> 
18:59 Sat 03-03-07 <br/> 
21:15 Sat 03-03-07 <br/> 
11:14 Sun 04-03-07 <br/> 
7:03 Mon 05-03-07 <br/> 
16:09 Mon 05-03-07 <br/> 
22:13 Mon 05-03-07 <br/> 
7:20 Tue 06-03-07 <br/> 
0:44 Wed 07-03-07 <br/> 
5:18 Wed 07-03-07 <br/> 
21:27 Wed 07-03-07 <br/> 
2:21 Thu 08-03-07 <br/> 
15:25 Thu 08-03-07 <br/> 
23:44 Thu 08-03-07 <br/> 
14:39 Fri 09-03-07 <br/> 
15:26 Sat 10-03-07 <br/> 
21:36 Mon 12-03-07 <br/> 
6:35 Tue 13-03-07 <br/> 
9:43 Tue 13-03-07 <br/> 
4:17 Wed 14-03-07 <br/> 
5:36 Wed 14-03-07 <br/> 
13:37 Wed 14-03-07 <br/> 
13:38 Wed 14-03-07 <br/> 
13:38 Wed 14-03-07 <br/> 
13:38 Wed 14-03-07 <br/> 
13:38 Wed 14-03-07 <br/> 
13:02 Thu 15-03-07 <br/> 
9:17 Fri 16-03-07 <br/> 
11:00 Fri 16-03-07 <br/> 
0:56 Sat 17-03-07 <br/> 
10:18 Sat 17-03-07 <br/> 
21:50 Sat 17-03-07 <br/> 
10:07 Mon 19-03-07 <br/> 
5:36 Tue 20-03-07 <br/> 
9:21 Tue 20-03-07 <br/> 
10:53 Wed 21-03-07 <br/> 
12:20 Thu 22-03-07 <br/> 
15:10 Mon 26-03-07 <br/> 
21:13 Mon 26-03-07 <br/> 
10:53 Tue 27-03-07 <br/> 
12:21 Tue 27-03-07 <br/> 
15:31 Tue 27-03-07 <br/> 
16:49 Tue 27-03-07 <br/> 
4:17 Thu 29-03-07 <br/> 
9:23 Sun 01-04-07 <br/> 
10:56 Sun 01-04-07 <br/> 
22:28 Mon 02-04-07 <br/> 
17:42 Wed 04-04-07 <br/> 
5:50 Thu 05-04-07 <br/> 
14:46 Thu 05-04-07 <br/> 
21:12 Thu 05-04-07 <br/> 
1:00 Fri 06-04-07 <br/> 
9:47 Sun 08-04-07 <br/> 
10:51 Sat 14-04-07 <br/> 
14:19 Mon 16-04-07 <br/> 
18:26 Mon 16-04-07 <br/> 
7:29 Tue 17-04-07 <br/> 
11:19 Tue 17-04-07 <br/> 
11:14 Wed 18-04-07 <br/> 
18:49 Wed 18-04-07 <br/> 
20:52 Thu 19-04-07 <br/> 
12:45 Sun 22-04-07 <br/> 
21:37 Tue 24-04-07 <br/> 
21:16 Wed 25-04-07 <br/> 
21:23 Thu 26-04-07 <br/> 
2:22 Fri 27-04-07 <br/> 
15:46 Fri 27-04-07 <br/> 
16:50 Fri 27-04-07 <br/> 
23:31 Fri 27-04-07 <br/> 
15:18 Sat 28-04-07 <br/> 
18:18 Sat 28-04-07 <br/> 
20:21 Sat 28-04-07 <br/> 
19:58 Sun 29-04-07 <br/> 
15:37 Mon 30-04-07 <br/> 
19:36 Tue 01-05-07 <br/> 
9:33 Wed 02-05-07 <br/> 
21:17 Wed 02-05-07 <br/> 
23:14 Wed 02-05-07 <br/> 
19:54 Thu 03-05-07 <br/> 
2:37 Fri 04-05-07 <br/> 
18:41 Fri 04-05-07 <br/> 
11:00 Mon 07-05-07 <br/> 
20:14 Mon 07-05-07 <br/> 
5:22 Tue 08-05-07 <br/> 
4:28 Wed 09-05-07 <br/> 
19:40 Wed 09-05-07 <br/> 
23:29 Wed 09-05-07 <br/> 
0:25 Fri 11-05-07 <br/> 
17:55 Fri 11-05-07 <br/> 
13:39 Sat 12-05-07 <br/> 
19:10 Sat 12-05-07 <br/> 
2:39 Sun 13-05-07 <br/> 
9:01 Sun 13-05-07 <br/> 
17:56 Sun 13-05-07 <br/> 
20:01 Sun 13-05-07 <br/> 
13:26 Mon 14-05-07 <br/> 
18:44 Mon 14-05-07 <br/> 
21:45 Mon 14-05-07 <br/> 
16:32 Tue 15-05-07 <br/> 
2:09 Wed 16-05-07 <br/> 
10:00 Wed 16-05-07 <br/> 
18:54 Thu 17-05-07 <br/> 
4:43 Fri 18-05-07 <br/> 
18:56 Fri 18-05-07 <br/> 
1:51 Sun 20-05-07 <br/> 
20:19 Sun 20-05-07 <br/> 
7:22 Mon 21-05-07 <br/> 
10:35 Thu 24-05-07 <br/> 
13:27 Thu 24-05-07 <br/> 
17:23 Fri 25-05-07 <br/> 
19:27 Fri 25-05-07 <br/> 
15:54 Sun 27-05-07 <br/> 
11:45 Mon 28-05-07 <br/> 
16:23 Mon 28-05-07 <br/> 
22:43 Mon 28-05-07 <br/> 
17:55 Tue 29-05-07 <br/> 
18:13 Tue 29-05-07 <br/> 
19:03 Tue 29-05-07 <br/> 
19:45 Tue 29-05-07 <br/> 
20:58 Tue 29-05-07 <br/> 
21:30 Tue 29-05-07 <br/> 
5:47 Wed 30-05-07 <br/> 
21:47 Wed 30-05-07 <br/> 
5:13 Fri 01-06-07 <br/> 
17:49 Fri 01-06-07 <br/> 
19:22 Fri 01-06-07 <br/> 
12:37 Sat 02-06-07 <br/> 
6:10 Mon 04-06-07 <br/> 
12:21 Tue 05-06-07 <br/> 
18:49 Tue 05-06-07 <br/> 
16:46 Wed 06-06-07 <br/> 
22:42 Wed 06-06-07 <br/> 
9:38 Thu 07-06-07 <br/> 
14:49 Fri 08-06-07 <br/> 
2:09 Sat 09-06-07 <br/> 
3:20 Sat 09-06-07 <br/> 
15:15 Sat 09-06-07 <br/> 
20:55 Sun 10-06-07 <br/> 
10:20 Mon 11-06-07 <br/> 
5:02 Tue 12-06-07 <br/> 
10:16 Tue 12-06-07 <br/> 
23:10 Tue 12-06-07 <br/> 
16:36 Sat 16-06-07 <br/> 
20:40 Sat 16-06-07 <br/> 
0:41 Sun 17-06-07 <br/> 
0:41 Sun 17-06-07 <br/> 
19:20 Mon 18-06-07 <br/> 
18:01 Tue 19-06-07 <br/> 
4:52 Wed 20-06-07 <br/> 
7:39 Wed 20-06-07 <br/> 
19:19 Thu 21-06-07 <br/> 
13:01 Sat 23-06-07 <br/> 
19:27 Sat 23-06-07 <br/> 
4:38 Mon 25-06-07 <br/> 
7:55 Mon 25-06-07 <br/> 
14:17 Mon 25-06-07 <br/> 
12:43 Tue 26-06-07 <br/> 
22:09 Thu 28-06-07 <br/> 
6:22 Fri 29-06-07 <br/> 
17:18 Fri 29-06-07 <br/> 
8:09 Sat 30-06-07 <br/> 
21:00 Sun 01-07-07 <br/> 
10:52 Wed 04-07-07 <br/> 
14:39 Thu 05-07-07 <br/> 
22:52 Thu 05-07-07 <br/> 
8:10 Sat 07-07-07 <br/> 
8:11 Sat 07-07-07 <br/> 
12:03 Sat 07-07-07 <br/> 
20:33 Tue 10-07-07 <br/> 
7:09 Wed 11-07-07 <br/> 
8:59 Wed 11-07-07 <br/> 
23:17 Thu 12-07-07 <br/> 
1:23 Fri 13-07-07 <br/> 
4:35 Fri 13-07-07 <br/> 
2:32 Sat 14-07-07 <br/> 
7:35 Mon 16-07-07 <br/> 
11:32 Mon 16-07-07 <br/> 
22:15 Mon 16-07-07 <br/> 
18:16 Wed 18-07-07 <br/> 
3:59 Thu 19-07-07 <br/> 
12:40 Thu 19-07-07 <br/> 
22:30 Thu 19-07-07 <br/> 
13:41 Fri 20-07-07 <br/> 
13:15 Sat 21-07-07 <br/> 
15:59 Sun 22-07-07 <br/> 
3:58 Tue 24-07-07 <br/> 
15:18 Wed 25-07-07 <br/> 
17:21 Wed 25-07-07 <br/> 
17:21 Wed 25-07-07 <br/> 
6:03 Thu 26-07-07 <br/> 
17:10 Thu 26-07-07 <br/> 
1:20 Fri 27-07-07 <br/> 
15:41 Sat 28-07-07 <br/> 
1:38 Wed 01-08-07 <br/> 
22:52 Wed 01-08-07 <br/> 
16:54 Fri 03-08-07 <br/> 
8:22 Sat 04-08-07 <br/> 
4:02 Mon 06-08-07 <br/> 
13:08 Thu 09-08-07 <br/> 
15:50 Thu 09-08-07 <br/> 
7:18 Fri 10-08-07 <br/> 
2:53 Mon 13-08-07 <br/> 
3:27 Mon 13-08-07 <br/> 
3:27 Mon 13-08-07 <br/> 
16:03 Tue 14-08-07 <br/> 
12:33 Wed 15-08-07 <br/> 
13:13 Thu 16-08-07 <br/> 
12:34 Fri 17-08-07 <br/> 
15:44 Sun 19-08-07 <br/> 
13:09 Thu 23-08-07 <br/> 
8:50 Sat 25-08-07 <br/> 
4:16 Tue 28-08-07 <br/> 
1:42 Wed 29-08-07 <br/> 
9:04 Thu 30-08-07 <br/> 
9:04 Thu 30-08-07 <br/> 
19:57 Thu 06-09-07 <br/> 
5:58 Mon 10-09-07 <br/> 
12:11 Sat 15-09-07 <br/> 
0:26 Sun 16-09-07 <br/> 
0:26 Sun 16-09-07 <br/> 
0:26 Sun 16-09-07 <br/> 
0:28 Sun 16-09-07 <br/> 
0:28 Sun 16-09-07 <br/> 
0:29 Sun 16-09-07 <br/> 
8:30 Sun 16-09-07 <br/> 
13:37 Thu 20-09-07 <br/> 
13:37 Thu 20-09-07 <br/> 
7:37 Fri 28-09-07 <br/> 
12:04 Fri 28-09-07 <br/> 
16:14 Sun 30-09-07 <br/> 
0:10 Fri 05-10-07 <br/> 
3:49 Sun 07-10-07 <br/> 
9:13 Wed 10-10-07 <br/> 
4:05 Thu 11-10-07 <br/> 
22:46 Sat 13-10-07 <br/> 
22:46 Sat 13-10-07 <br/> 
8:21 Thu 25-10-07 <br/> 
5:39 Tue 30-10-07 <br/> 
5:39 Tue 30-10-07 <br/> 
12:35 Fri 09-11-07 <br/> 
21:33 Wed 14-11-07 <br/> 
2:51 Thu 15-11-07 <br/> 
5:45 Sat 17-11-07 <br/> 
3:40 Sun 18-11-07 <br/> 
3:15 Tue 20-11-07 <br/> 
17:03 Tue 20-11-07 <br/> 
17:04 Tue 20-11-07 <br/> 
4:48 Fri 23-11-07 <br/> 
5:31 Fri 23-11-07 <br/> 
15:26 Wed 28-11-07 <br/> 
6:46 Sun 02-12-07 <br/> 
10:37 Thu 06-12-07 <br/> 
14:06 Tue 11-12-07 <br/> 
14:06 Tue 11-12-07 <br/> 
20:47 Tue 11-12-07 <br/> 
1:01 Thu 13-12-07 <br/> 
17:35 Thu 13-12-07 <br/> 
17:35 Thu 13-12-07 <br/> 
3:10 Fri 14-12-07 <br/> 
4:11 Sat 15-12-07 <br/> 
0:30 Wed 19-12-07 <br/> 
2:43 Thu 20-12-07 <br/> 
11:43 Thu 20-12-07 <br/> 
3:31 Sun 23-12-07 <br/> 
5:52 Wed 26-12-07 <br/> 
4:24 Fri 28-12-07 <br/> 
18:29 Mon 31-12-07 <br/> 
21:26 Mon 31-12-07 <br/> 
