2:00 Thu 01-01-70 <br/> 
7:25 Sat 11-11-06 <br/> 
0:47 Sun 12-11-06 <br/> 
13:34 Mon 20-11-06 <br/> 
13:34 Mon 20-11-06 <br/> 
13:35 Mon 20-11-06 <br/> 
13:35 Mon 20-11-06 <br/> 
13:35 Mon 20-11-06 <br/> 
13:35 Mon 20-11-06 <br/> 
13:35 Mon 20-11-06 <br/> 
13:36 Mon 20-11-06 <br/> 
13:37 Mon 20-11-06 <br/> 
13:38 Mon 20-11-06 <br/> 
13:38 Mon 20-11-06 <br/> 
13:44 Mon 20-11-06 <br/> 
13:45 Mon 20-11-06 <br/> 
14:53 Mon 20-11-06 <br/> 
14:57 Mon 20-11-06 <br/> 
14:57 Mon 20-11-06 <br/> 
14:57 Mon 20-11-06 <br/> 
14:58 Mon 20-11-06 <br/> 
18:02 Mon 20-11-06 <br/> 
18:05 Mon 20-11-06 <br/> 
18:58 Mon 20-11-06 <br/> 
3:38 Tue 21-11-06 <br/> 
11:35 Tue 21-11-06 <br/> 
11:37 Tue 21-11-06 <br/> 
17:03 Tue 21-11-06 <br/> 
22:31 Tue 21-11-06 <br/> 
23:27 Tue 21-11-06 <br/> 
4:59 Wed 22-11-06 <br/> 
23:14 Wed 22-11-06 <br/> 
23:16 Wed 22-11-06 <br/> 
23:17 Wed 22-11-06 <br/> 
23:19 Wed 22-11-06 <br/> 
5:11 Thu 23-11-06 <br/> 
5:20 Thu 23-11-06 <br/> 
18:16 Thu 23-11-06 <br/> 
7:06 Fri 24-11-06 <br/> 
7:06 Fri 24-11-06 <br/> 
7:06 Fri 24-11-06 <br/> 
7:06 Fri 24-11-06 <br/> 
15:16 Fri 24-11-06 <br/> 
15:34 Fri 24-11-06 <br/> 
17:31 Fri 24-11-06 <br/> 
0:23 Sat 25-11-06 <br/> 
0:33 Sat 25-11-06 <br/> 
3:01 Sat 25-11-06 <br/> 
3:24 Sat 25-11-06 <br/> 
9:18 Sat 25-11-06 <br/> 
11:01 Sat 25-11-06 <br/> 
17:17 Sat 25-11-06 <br/> 
17:34 Sat 25-11-06 <br/> 
22:27 Sat 25-11-06 <br/> 
22:29 Sat 25-11-06 <br/> 
22:29 Sat 25-11-06 <br/> 
22:29 Sat 25-11-06 <br/> 
22:32 Sat 25-11-06 <br/> 
6:23 Sun 26-11-06 <br/> 
6:51 Sun 26-11-06 <br/> 
7:21 Sun 26-11-06 <br/> 
10:48 Sun 26-11-06 <br/> 
22:27 Wed 29-11-06 <br/> 
0:56 Thu 30-11-06 <br/> 
1:26 Thu 30-11-06 <br/> 
1:26 Thu 30-11-06 <br/> 
23:58 Thu 30-11-06 <br/> 
17:20 Sat 02-12-06 <br/> 
17:21 Sat 02-12-06 <br/> 
23:42 Sun 03-12-06 <br/> 
23:44 Sun 03-12-06 <br/> 
2:14 Mon 04-12-06 <br/> 
5:47 Mon 04-12-06 <br/> 
7:28 Mon 04-12-06 <br/> 
14:49 Mon 04-12-06 <br/> 
16:48 Mon 04-12-06 <br/> 
14:06 Tue 05-12-06 <br/> 
14:07 Tue 05-12-06 <br/> 
14:07 Tue 05-12-06 <br/> 
14:08 Tue 05-12-06 <br/> 
23:04 Tue 05-12-06 <br/> 
15:18 Wed 06-12-06 <br/> 
17:25 Wed 06-12-06 <br/> 
17:28 Wed 06-12-06 <br/> 
17:28 Wed 06-12-06 <br/> 
19:27 Thu 07-12-06 <br/> 
7:13 Fri 08-12-06 <br/> 
7:57 Fri 08-12-06 <br/> 
15:56 Fri 08-12-06 <br/> 
3:32 Sat 09-12-06 <br/> 
3:34 Sat 09-12-06 <br/> 
3:35 Sat 09-12-06 <br/> 
3:37 Sat 09-12-06 <br/> 
15:38 Sat 09-12-06 <br/> 
21:54 Sat 09-12-06 <br/> 
0:48 Sun 10-12-06 <br/> 
8:12 Sun 10-12-06 <br/> 
10:31 Sun 10-12-06 <br/> 
10:55 Sun 10-12-06 <br/> 
11:00 Sun 10-12-06 <br/> 
11:06 Sun 10-12-06 <br/> 
11:11 Sun 10-12-06 <br/> 
11:16 Sun 10-12-06 <br/> 
11:20 Sun 10-12-06 <br/> 
11:25 Sun 10-12-06 <br/> 
11:30 Sun 10-12-06 <br/> 
11:34 Sun 10-12-06 <br/> 
11:39 Sun 10-12-06 <br/> 
11:44 Sun 10-12-06 <br/> 
11:49 Sun 10-12-06 <br/> 
11:54 Sun 10-12-06 <br/> 
11:58 Sun 10-12-06 <br/> 
12:03 Sun 10-12-06 <br/> 
12:08 Sun 10-12-06 <br/> 
12:13 Sun 10-12-06 <br/> 
12:17 Sun 10-12-06 <br/> 
12:22 Sun 10-12-06 <br/> 
12:27 Sun 10-12-06 <br/> 
13:09 Sun 10-12-06 <br/> 
13:15 Sun 10-12-06 <br/> 
13:20 Sun 10-12-06 <br/> 
13:25 Sun 10-12-06 <br/> 
13:30 Sun 10-12-06 <br/> 
10:38 Mon 11-12-06 <br/> 
16:42 Mon 11-12-06 <br/> 
10:39 Tue 12-12-06 <br/> 
12:19 Tue 12-12-06 <br/> 
12:22 Tue 12-12-06 <br/> 
12:22 Tue 12-12-06 <br/> 
12:22 Tue 12-12-06 <br/> 
12:23 Tue 12-12-06 <br/> 
12:28 Tue 12-12-06 <br/> 
12:28 Tue 12-12-06 <br/> 
12:28 Tue 12-12-06 <br/> 
12:29 Tue 12-12-06 <br/> 
21:42 Tue 12-12-06 <br/> 
9:51 Wed 13-12-06 <br/> 
10:39 Wed 13-12-06 <br/> 
23:43 Wed 13-12-06 <br/> 
23:43 Wed 13-12-06 <br/> 
0:13 Thu 14-12-06 <br/> 
9:20 Thu 14-12-06 <br/> 
9:21 Thu 14-12-06 <br/> 
9:24 Thu 14-12-06 <br/> 
9:25 Thu 14-12-06 <br/> 
9:27 Thu 14-12-06 <br/> 
0:01 Fri 15-12-06 <br/> 
7:09 Fri 15-12-06 <br/> 
23:30 Fri 15-12-06 <br/> 
2:27 Sat 16-12-06 <br/> 
15:38 Sat 16-12-06 <br/> 
18:07 Sat 16-12-06 <br/> 
18:13 Sat 16-12-06 <br/> 
18:15 Sat 16-12-06 <br/> 
21:54 Sat 16-12-06 <br/> 
0:48 Sun 17-12-06 <br/> 
7:34 Sun 17-12-06 <br/> 
8:30 Sun 17-12-06 <br/> 
7:25 Mon 18-12-06 <br/> 
9:26 Mon 18-12-06 <br/> 
10:24 Mon 18-12-06 <br/> 
18:08 Mon 18-12-06 <br/> 
7:26 Tue 19-12-06 <br/> 
7:55 Tue 19-12-06 <br/> 
8:34 Tue 19-12-06 <br/> 
2:49 Wed 20-12-06 <br/> 
7:27 Wed 20-12-06 <br/> 
16:51 Wed 20-12-06 <br/> 
0:08 Thu 21-12-06 <br/> 
7:28 Thu 21-12-06 <br/> 
14:23 Fri 22-12-06 <br/> 
15:31 Fri 22-12-06 <br/> 
0:31 Sat 23-12-06 <br/> 
15:31 Sat 23-12-06 <br/> 
18:14 Sat 23-12-06 <br/> 
18:15 Sat 23-12-06 <br/> 
22:17 Sat 23-12-06 <br/> 
0:49 Sun 24-12-06 <br/> 
7:16 Sun 24-12-06 <br/> 
9:08 Sun 24-12-06 <br/> 
10:37 Sun 24-12-06 <br/> 
11:11 Sun 24-12-06 <br/> 
11:31 Sun 24-12-06 <br/> 
18:56 Sun 24-12-06 <br/> 
14:46 Mon 25-12-06 <br/> 
4:27 Tue 26-12-06 <br/> 
4:28 Tue 26-12-06 <br/> 
4:28 Tue 26-12-06 <br/> 
4:28 Tue 26-12-06 <br/> 
0:29 Wed 27-12-06 <br/> 
19:16 Wed 27-12-06 <br/> 
19:16 Wed 27-12-06 <br/> 
19:28 Wed 27-12-06 <br/> 
19:29 Wed 27-12-06 <br/> 
20:40 Wed 27-12-06 <br/> 
21:22 Wed 27-12-06 <br/> 
21:23 Wed 27-12-06 <br/> 
21:23 Wed 27-12-06 <br/> 
21:23 Wed 27-12-06 <br/> 
21:23 Wed 27-12-06 <br/> 
21:42 Wed 27-12-06 <br/> 
22:11 Wed 27-12-06 <br/> 
22:17 Wed 27-12-06 <br/> 
22:34 Wed 27-12-06 <br/> 
0:08 Thu 28-12-06 <br/> 
1:33 Thu 28-12-06 <br/> 
1:35 Thu 28-12-06 <br/> 
1:35 Thu 28-12-06 <br/> 
1:36 Thu 28-12-06 <br/> 
1:37 Thu 28-12-06 <br/> 
1:45 Thu 28-12-06 <br/> 
2:09 Thu 28-12-06 <br/> 
3:32 Thu 28-12-06 <br/> 
4:09 Thu 28-12-06 <br/> 
5:36 Thu 28-12-06 <br/> 
5:36 Thu 28-12-06 <br/> 
5:36 Thu 28-12-06 <br/> 
5:37 Thu 28-12-06 <br/> 
5:37 Thu 28-12-06 <br/> 
5:37 Thu 28-12-06 <br/> 
5:38 Thu 28-12-06 <br/> 
7:10 Thu 28-12-06 <br/> 
7:22 Thu 28-12-06 <br/> 
8:44 Thu 28-12-06 <br/> 
8:48 Thu 28-12-06 <br/> 
8:48 Thu 28-12-06 <br/> 
9:17 Thu 28-12-06 <br/> 
9:44 Thu 28-12-06 <br/> 
10:09 Thu 28-12-06 <br/> 
10:10 Thu 28-12-06 <br/> 
10:15 Thu 28-12-06 <br/> 
11:16 Thu 28-12-06 <br/> 
11:21 Thu 28-12-06 <br/> 
11:47 Thu 28-12-06 <br/> 
13:05 Thu 28-12-06 <br/> 
13:07 Thu 28-12-06 <br/> 
14:09 Thu 28-12-06 <br/> 
14:09 Thu 28-12-06 <br/> 
14:28 Thu 28-12-06 <br/> 
14:33 Thu 28-12-06 <br/> 
15:01 Thu 28-12-06 <br/> 
15:01 Thu 28-12-06 <br/> 
15:01 Thu 28-12-06 <br/> 
15:01 Thu 28-12-06 <br/> 
16:57 Thu 28-12-06 <br/> 
17:19 Thu 28-12-06 <br/> 
17:27 Thu 28-12-06 <br/> 
19:04 Thu 28-12-06 <br/> 
19:04 Thu 28-12-06 <br/> 
19:04 Thu 28-12-06 <br/> 
19:05 Thu 28-12-06 <br/> 
19:28 Thu 28-12-06 <br/> 
19:36 Thu 28-12-06 <br/> 
20:07 Thu 28-12-06 <br/> 
20:25 Thu 28-12-06 <br/> 
21:38 Thu 28-12-06 <br/> 
21:39 Thu 28-12-06 <br/> 
21:40 Thu 28-12-06 <br/> 
21:40 Thu 28-12-06 <br/> 
21:40 Thu 28-12-06 <br/> 
21:40 Thu 28-12-06 <br/> 
21:40 Thu 28-12-06 <br/> 
22:40 Thu 28-12-06 <br/> 
22:43 Thu 28-12-06 <br/> 
22:43 Thu 28-12-06 <br/> 
22:43 Thu 28-12-06 <br/> 
22:45 Thu 28-12-06 <br/> 
5:48 Fri 29-12-06 <br/> 
10:55 Fri 29-12-06 <br/> 
15:07 Fri 29-12-06 <br/> 
15:08 Fri 29-12-06 <br/> 
15:08 Fri 29-12-06 <br/> 
15:09 Fri 29-12-06 <br/> 
16:03 Fri 29-12-06 <br/> 
10:26 Sat 30-12-06 <br/> 
18:16 Sat 30-12-06 <br/> 
20:55 Sat 30-12-06 <br/> 
21:52 Sat 30-12-06 <br/> 
21:54 Sat 30-12-06 <br/> 
23:15 Sat 30-12-06 <br/> 
1:02 Sun 31-12-06 <br/> 
4:23 Sun 31-12-06 <br/> 
4:32 Sun 31-12-06 <br/> 
13:44 Sun 31-12-06 <br/> 
15:44 Sun 31-12-06 <br/> 
16:32 Sun 31-12-06 <br/> 
18:17 Sun 31-12-06 <br/> 
18:43 Sun 31-12-06 <br/> 
0:33 Mon 01-01-07 <br/> 
1:24 Mon 01-01-07 <br/> 
3:40 Mon 01-01-07 <br/> 
5:53 Mon 01-01-07 <br/> 
5:53 Mon 01-01-07 <br/> 
5:54 Mon 01-01-07 <br/> 
18:55 Mon 01-01-07 <br/> 
22:13 Mon 01-01-07 <br/> 
12:05 Tue 02-01-07 <br/> 
14:52 Tue 02-01-07 <br/> 
14:52 Tue 02-01-07 <br/> 
14:52 Tue 02-01-07 <br/> 
14:53 Tue 02-01-07 <br/> 
14:53 Tue 02-01-07 <br/> 
14:53 Tue 02-01-07 <br/> 
14:53 Tue 02-01-07 <br/> 
14:54 Tue 02-01-07 <br/> 
14:54 Tue 02-01-07 <br/> 
14:54 Tue 02-01-07 <br/> 
14:54 Tue 02-01-07 <br/> 
14:54 Tue 02-01-07 <br/> 
14:54 Tue 02-01-07 <br/> 
18:24 Tue 02-01-07 <br/> 
18:34 Tue 02-01-07 <br/> 
18:55 Tue 02-01-07 <br/> 
1:13 Wed 03-01-07 <br/> 
2:53 Wed 03-01-07 <br/> 
4:28 Wed 03-01-07 <br/> 
4:29 Wed 03-01-07 <br/> 
4:29 Wed 03-01-07 <br/> 
5:52 Wed 03-01-07 <br/> 
7:08 Wed 03-01-07 <br/> 
13:49 Wed 03-01-07 <br/> 
18:37 Wed 03-01-07 <br/> 
18:38 Wed 03-01-07 <br/> 
21:41 Wed 03-01-07 <br/> 
21:41 Wed 03-01-07 <br/> 
21:41 Wed 03-01-07 <br/> 
21:41 Wed 03-01-07 <br/> 
22:24 Wed 03-01-07 <br/> 
22:24 Wed 03-01-07 <br/> 
22:24 Wed 03-01-07 <br/> 
22:24 Wed 03-01-07 <br/> 
23:06 Wed 03-01-07 <br/> 
23:54 Wed 03-01-07 <br/> 
7:11 Thu 04-01-07 <br/> 
9:26 Thu 04-01-07 <br/> 
9:29 Thu 04-01-07 <br/> 
9:34 Thu 04-01-07 <br/> 
9:36 Thu 04-01-07 <br/> 
9:40 Thu 04-01-07 <br/> 
9:42 Thu 04-01-07 <br/> 
9:44 Thu 04-01-07 <br/> 
11:58 Thu 04-01-07 <br/> 
12:00 Thu 04-01-07 <br/> 
15:50 Thu 04-01-07 <br/> 
18:44 Thu 04-01-07 <br/> 
21:14 Thu 04-01-07 <br/> 
21:15 Thu 04-01-07 <br/> 
23:11 Thu 04-01-07 <br/> 
5:14 Fri 05-01-07 <br/> 
7:37 Fri 05-01-07 <br/> 
7:37 Fri 05-01-07 <br/> 
7:38 Fri 05-01-07 <br/> 
7:38 Fri 05-01-07 <br/> 
9:54 Fri 05-01-07 <br/> 
13:18 Fri 05-01-07 <br/> 
13:34 Fri 05-01-07 <br/> 
13:37 Fri 05-01-07 <br/> 
13:39 Fri 05-01-07 <br/> 
13:40 Fri 05-01-07 <br/> 
14:29 Fri 05-01-07 <br/> 
14:30 Fri 05-01-07 <br/> 
15:16 Fri 05-01-07 <br/> 
16:41 Fri 05-01-07 <br/> 
17:04 Fri 05-01-07 <br/> 
17:04 Fri 05-01-07 <br/> 
21:20 Fri 05-01-07 <br/> 
23:17 Fri 05-01-07 <br/> 
1:21 Sat 06-01-07 <br/> 
1:22 Sat 06-01-07 <br/> 
1:22 Sat 06-01-07 <br/> 
1:22 Sat 06-01-07 <br/> 
1:23 Sat 06-01-07 <br/> 
1:23 Sat 06-01-07 <br/> 
1:24 Sat 06-01-07 <br/> 
1:25 Sat 06-01-07 <br/> 
1:25 Sat 06-01-07 <br/> 
1:25 Sat 06-01-07 <br/> 
1:25 Sat 06-01-07 <br/> 
3:27 Sat 06-01-07 <br/> 
7:57 Sat 06-01-07 <br/> 
12:16 Sat 06-01-07 <br/> 
21:21 Sat 06-01-07 <br/> 
21:27 Sat 06-01-07 <br/> 
22:45 Sat 06-01-07 <br/> 
23:18 Sat 06-01-07 <br/> 
1:28 Sun 07-01-07 <br/> 
1:36 Sun 07-01-07 <br/> 
6:57 Sun 07-01-07 <br/> 
7:07 Sun 07-01-07 <br/> 
9:26 Sun 07-01-07 <br/> 
10:34 Sun 07-01-07 <br/> 
11:13 Sun 07-01-07 <br/> 
16:02 Sun 07-01-07 <br/> 
17:56 Sun 07-01-07 <br/> 
5:10 Mon 08-01-07 <br/> 
6:43 Mon 08-01-07 <br/> 
10:32 Tue 09-01-07 <br/> 
12:39 Tue 09-01-07 <br/> 
14:14 Tue 09-01-07 <br/> 
15:16 Tue 09-01-07 <br/> 
16:10 Tue 09-01-07 <br/> 
17:26 Tue 09-01-07 <br/> 
22:47 Tue 09-01-07 <br/> 
0:34 Wed 10-01-07 <br/> 
7:54 Wed 10-01-07 <br/> 
23:25 Wed 10-01-07 <br/> 
23:30 Wed 10-01-07 <br/> 
10:55 Thu 11-01-07 <br/> 
10:55 Thu 11-01-07 <br/> 
10:55 Thu 11-01-07 <br/> 
13:26 Thu 11-01-07 <br/> 
22:16 Thu 11-01-07 <br/> 
13:05 Fri 12-01-07 <br/> 
15:55 Fri 12-01-07 <br/> 
15:55 Fri 12-01-07 <br/> 
16:13 Fri 12-01-07 <br/> 
18:29 Fri 12-01-07 <br/> 
19:36 Fri 12-01-07 <br/> 
19:36 Fri 12-01-07 <br/> 
2:39 Sat 13-01-07 <br/> 
7:30 Sat 13-01-07 <br/> 
7:30 Sat 13-01-07 <br/> 
7:30 Sat 13-01-07 <br/> 
21:32 Sat 13-01-07 <br/> 
22:49 Sat 13-01-07 <br/> 
23:20 Sat 13-01-07 <br/> 
7:29 Sun 14-01-07 <br/> 
7:29 Sun 14-01-07 <br/> 
1:23 Mon 15-01-07 <br/> 
1:26 Mon 15-01-07 <br/> 
1:27 Mon 15-01-07 <br/> 
6:55 Mon 15-01-07 <br/> 
17:09 Mon 15-01-07 <br/> 
17:10 Mon 15-01-07 <br/> 
17:15 Mon 15-01-07 <br/> 
17:16 Mon 15-01-07 <br/> 
17:16 Mon 15-01-07 <br/> 
17:17 Mon 15-01-07 <br/> 
17:17 Mon 15-01-07 <br/> 
17:18 Mon 15-01-07 <br/> 
17:37 Mon 15-01-07 <br/> 
20:37 Mon 15-01-07 <br/> 
20:38 Mon 15-01-07 <br/> 
20:39 Mon 15-01-07 <br/> 
20:40 Mon 15-01-07 <br/> 
1:15 Tue 16-01-07 <br/> 
13:51 Tue 16-01-07 <br/> 
14:05 Tue 16-01-07 <br/> 
14:06 Tue 16-01-07 <br/> 
14:06 Tue 16-01-07 <br/> 
14:07 Tue 16-01-07 <br/> 
0:30 Wed 17-01-07 <br/> 
2:12 Wed 17-01-07 <br/> 
23:17 Wed 17-01-07 <br/> 
3:33 Thu 18-01-07 <br/> 
4:32 Thu 18-01-07 <br/> 
22:40 Thu 18-01-07 <br/> 
22:40 Thu 18-01-07 <br/> 
0:23 Fri 19-01-07 <br/> 
4:35 Fri 19-01-07 <br/> 
4:35 Fri 19-01-07 <br/> 
4:35 Fri 19-01-07 <br/> 
6:22 Fri 19-01-07 <br/> 
15:08 Fri 19-01-07 <br/> 
15:09 Fri 19-01-07 <br/> 
15:09 Fri 19-01-07 <br/> 
15:09 Fri 19-01-07 <br/> 
15:09 Fri 19-01-07 <br/> 
15:10 Fri 19-01-07 <br/> 
15:25 Fri 19-01-07 <br/> 
19:15 Fri 19-01-07 <br/> 
19:15 Fri 19-01-07 <br/> 
19:22 Fri 19-01-07 <br/> 
1:26 Sat 20-01-07 <br/> 
2:06 Sat 20-01-07 <br/> 
8:46 Sat 20-01-07 <br/> 
12:20 Sat 20-01-07 <br/> 
12:20 Sat 20-01-07 <br/> 
12:20 Sat 20-01-07 <br/> 
17:05 Sat 20-01-07 <br/> 
18:11 Sat 20-01-07 <br/> 
18:11 Sat 20-01-07 <br/> 
20:33 Sat 20-01-07 <br/> 
22:51 Sat 20-01-07 <br/> 
23:21 Sat 20-01-07 <br/> 
23:24 Sat 20-01-07 <br/> 
23:24 Sat 20-01-07 <br/> 
23:25 Sat 20-01-07 <br/> 
23:25 Sat 20-01-07 <br/> 
23:26 Sat 20-01-07 <br/> 
23:26 Sat 20-01-07 <br/> 
23:26 Sat 20-01-07 <br/> 
1:47 Sun 21-01-07 <br/> 
5:36 Sun 21-01-07 <br/> 
5:49 Sun 21-01-07 <br/> 
7:42 Sun 21-01-07 <br/> 
8:46 Sun 21-01-07 <br/> 
9:18 Sun 21-01-07 <br/> 
9:39 Sun 21-01-07 <br/> 
9:51 Sun 21-01-07 <br/> 
19:08 Sun 21-01-07 <br/> 
22:21 Sun 21-01-07 <br/> 
23:44 Sun 21-01-07 <br/> 
7:22 Mon 22-01-07 <br/> 
3:29 Tue 23-01-07 <br/> 
5:40 Tue 23-01-07 <br/> 
5:52 Tue 23-01-07 <br/> 
14:43 Tue 23-01-07 <br/> 
14:43 Tue 23-01-07 <br/> 
23:06 Tue 23-01-07 <br/> 
23:07 Tue 23-01-07 <br/> 
23:07 Tue 23-01-07 <br/> 
23:07 Tue 23-01-07 <br/> 
23:08 Tue 23-01-07 <br/> 
23:08 Tue 23-01-07 <br/> 
0:29 Wed 24-01-07 <br/> 
21:52 Wed 24-01-07 <br/> 
22:49 Wed 24-01-07 <br/> 
23:54 Wed 24-01-07 <br/> 
0:06 Thu 25-01-07 <br/> 
0:06 Thu 25-01-07 <br/> 
0:06 Thu 25-01-07 <br/> 
0:07 Thu 25-01-07 <br/> 
1:41 Thu 25-01-07 <br/> 
4:34 Thu 25-01-07 <br/> 
6:26 Thu 25-01-07 <br/> 
13:55 Thu 25-01-07 <br/> 
14:51 Thu 25-01-07 <br/> 
16:53 Thu 25-01-07 <br/> 
17:30 Thu 25-01-07 <br/> 
21:02 Thu 25-01-07 <br/> 
9:19 Fri 26-01-07 <br/> 
21:53 Fri 26-01-07 <br/> 
21:53 Fri 26-01-07 <br/> 
21:54 Fri 26-01-07 <br/> 
21:54 Fri 26-01-07 <br/> 
21:54 Fri 26-01-07 <br/> 
21:54 Fri 26-01-07 <br/> 
21:54 Fri 26-01-07 <br/> 
21:54 Fri 26-01-07 <br/> 
22:05 Fri 26-01-07 <br/> 
0:25 Sat 27-01-07 <br/> 
10:58 Sat 27-01-07 <br/> 
11:39 Sat 27-01-07 <br/> 
16:42 Sat 27-01-07 <br/> 
23:21 Sat 27-01-07 <br/> 
23:21 Sat 27-01-07 <br/> 
23:27 Sat 27-01-07 <br/> 
1:42 Sun 28-01-07 <br/> 
8:49 Sun 28-01-07 <br/> 
11:36 Sun 28-01-07 <br/> 
12:56 Sun 28-01-07 <br/> 
14:27 Sun 28-01-07 <br/> 
21:11 Sun 28-01-07 <br/> 
21:11 Sun 28-01-07 <br/> 
8:28 Mon 29-01-07 <br/> 
8:29 Mon 29-01-07 <br/> 
8:29 Mon 29-01-07 <br/> 
8:29 Mon 29-01-07 <br/> 
8:52 Mon 29-01-07 <br/> 
8:58 Mon 29-01-07 <br/> 
9:16 Mon 29-01-07 <br/> 
13:55 Mon 29-01-07 <br/> 
14:32 Mon 29-01-07 <br/> 
14:32 Mon 29-01-07 <br/> 
20:32 Mon 29-01-07 <br/> 
20:37 Mon 29-01-07 <br/> 
20:37 Mon 29-01-07 <br/> 
22:00 Mon 29-01-07 <br/> 
4:06 Tue 30-01-07 <br/> 
14:23 Tue 30-01-07 <br/> 
14:23 Tue 30-01-07 <br/> 
14:23 Tue 30-01-07 <br/> 
14:24 Tue 30-01-07 <br/> 
14:24 Tue 30-01-07 <br/> 
14:25 Tue 30-01-07 <br/> 
14:25 Tue 30-01-07 <br/> 
14:25 Tue 30-01-07 <br/> 
14:29 Tue 30-01-07 <br/> 
14:44 Tue 30-01-07 <br/> 
18:37 Tue 30-01-07 <br/> 
18:41 Tue 30-01-07 <br/> 
18:43 Tue 30-01-07 <br/> 
18:45 Tue 30-01-07 <br/> 
20:46 Tue 30-01-07 <br/> 
20:52 Tue 30-01-07 <br/> 
20:59 Tue 30-01-07 <br/> 
21:16 Tue 30-01-07 <br/> 
6:59 Wed 31-01-07 <br/> 
7:00 Wed 31-01-07 <br/> 
8:27 Wed 31-01-07 <br/> 
8:27 Wed 31-01-07 <br/> 
8:42 Wed 31-01-07 <br/> 
15:47 Wed 31-01-07 <br/> 
17:26 Wed 31-01-07 <br/> 
18:00 Wed 31-01-07 <br/> 
18:00 Wed 31-01-07 <br/> 
18:00 Wed 31-01-07 <br/> 
18:01 Wed 31-01-07 <br/> 
18:03 Wed 31-01-07 <br/> 
18:07 Wed 31-01-07 <br/> 
18:07 Wed 31-01-07 <br/> 
20:19 Wed 31-01-07 <br/> 
21:19 Wed 31-01-07 <br/> 
23:00 Wed 31-01-07 <br/> 
0:10 Thu 01-02-07 <br/> 
4:37 Thu 01-02-07 <br/> 
17:41 Thu 01-02-07 <br/> 
5:02 Fri 02-02-07 <br/> 
11:10 Fri 02-02-07 <br/> 
16:18 Fri 02-02-07 <br/> 
19:02 Fri 02-02-07 <br/> 
23:00 Fri 02-02-07 <br/> 
23:09 Fri 02-02-07 <br/> 
7:17 Sat 03-02-07 <br/> 
7:17 Sat 03-02-07 <br/> 
7:44 Sat 03-02-07 <br/> 
9:56 Sat 03-02-07 <br/> 
12:21 Sat 03-02-07 <br/> 
12:35 Sat 03-02-07 <br/> 
12:36 Sat 03-02-07 <br/> 
12:36 Sat 03-02-07 <br/> 
12:36 Sat 03-02-07 <br/> 
12:37 Sat 03-02-07 <br/> 
12:37 Sat 03-02-07 <br/> 
12:37 Sat 03-02-07 <br/> 
13:59 Sat 03-02-07 <br/> 
18:02 Sat 03-02-07 <br/> 
18:04 Sat 03-02-07 <br/> 
18:04 Sat 03-02-07 <br/> 
18:05 Sat 03-02-07 <br/> 
18:05 Sat 03-02-07 <br/> 
18:37 Sat 03-02-07 <br/> 
18:37 Sat 03-02-07 <br/> 
19:07 Sat 03-02-07 <br/> 
19:17 Sat 03-02-07 <br/> 
22:05 Sat 03-02-07 <br/> 
23:05 Sat 03-02-07 <br/> 
23:21 Sat 03-02-07 <br/> 
23:29 Sat 03-02-07 <br/> 
0:59 Sun 04-02-07 <br/> 
1:00 Sun 04-02-07 <br/> 
1:58 Sun 04-02-07 <br/> 
2:52 Sun 04-02-07 <br/> 
9:09 Sun 04-02-07 <br/> 
15:48 Sun 04-02-07 <br/> 
17:00 Sun 04-02-07 <br/> 
17:54 Sun 04-02-07 <br/> 
20:51 Sun 04-02-07 <br/> 
22:12 Sun 04-02-07 <br/> 
6:08 Mon 05-02-07 <br/> 
17:15 Mon 05-02-07 <br/> 
17:16 Mon 05-02-07 <br/> 
17:16 Mon 05-02-07 <br/> 
17:17 Mon 05-02-07 <br/> 
19:45 Mon 05-02-07 <br/> 
0:04 Tue 06-02-07 <br/> 
0:42 Tue 06-02-07 <br/> 
1:14 Tue 06-02-07 <br/> 
1:14 Tue 06-02-07 <br/> 
4:28 Tue 06-02-07 <br/> 
8:20 Tue 06-02-07 <br/> 
8:20 Tue 06-02-07 <br/> 
14:09 Tue 06-02-07 <br/> 
16:32 Tue 06-02-07 <br/> 
20:28 Tue 06-02-07 <br/> 
20:28 Tue 06-02-07 <br/> 
20:28 Tue 06-02-07 <br/> 
20:28 Tue 06-02-07 <br/> 
22:20 Tue 06-02-07 <br/> 
22:56 Tue 06-02-07 <br/> 
5:46 Wed 07-02-07 <br/> 
6:16 Wed 07-02-07 <br/> 
9:11 Wed 07-02-07 <br/> 
9:20 Wed 07-02-07 <br/> 
17:44 Wed 07-02-07 <br/> 
22:19 Wed 07-02-07 <br/> 
22:19 Wed 07-02-07 <br/> 
22:19 Wed 07-02-07 <br/> 
22:20 Wed 07-02-07 <br/> 
22:20 Wed 07-02-07 <br/> 
22:20 Wed 07-02-07 <br/> 
22:20 Wed 07-02-07 <br/> 
0:50 Thu 08-02-07 <br/> 
4:51 Thu 08-02-07 <br/> 
5:39 Thu 08-02-07 <br/> 
8:11 Thu 08-02-07 <br/> 
11:03 Thu 08-02-07 <br/> 
11:18 Thu 08-02-07 <br/> 
18:51 Thu 08-02-07 <br/> 
18:52 Thu 08-02-07 <br/> 
18:52 Thu 08-02-07 <br/> 
4:44 Fri 09-02-07 <br/> 
16:23 Fri 09-02-07 <br/> 
18:55 Fri 09-02-07 <br/> 
19:33 Fri 09-02-07 <br/> 
19:33 Fri 09-02-07 <br/> 
21:04 Fri 09-02-07 <br/> 
21:16 Fri 09-02-07 <br/> 
21:26 Fri 09-02-07 <br/> 
21:26 Fri 09-02-07 <br/> 
21:26 Fri 09-02-07 <br/> 
21:28 Fri 09-02-07 <br/> 
21:28 Fri 09-02-07 <br/> 
21:28 Fri 09-02-07 <br/> 
21:28 Fri 09-02-07 <br/> 
6:54 Sat 10-02-07 <br/> 
8:24 Sat 10-02-07 <br/> 
8:56 Sat 10-02-07 <br/> 
19:43 Sat 10-02-07 <br/> 
19:57 Sat 10-02-07 <br/> 
19:57 Sat 10-02-07 <br/> 
19:57 Sat 10-02-07 <br/> 
0:00 Sun 11-02-07 <br/> 
2:31 Sun 11-02-07 <br/> 
15:53 Sun 11-02-07 <br/> 
21:18 Sun 11-02-07 <br/> 
21:18 Sun 11-02-07 <br/> 
21:25 Sun 11-02-07 <br/> 
2:02 Mon 12-02-07 <br/> 
13:19 Mon 12-02-07 <br/> 
19:58 Mon 12-02-07 <br/> 
22:10 Mon 12-02-07 <br/> 
13:56 Tue 13-02-07 <br/> 
17:16 Tue 13-02-07 <br/> 
8:43 Wed 14-02-07 <br/> 
8:44 Wed 14-02-07 <br/> 
8:44 Wed 14-02-07 <br/> 
8:44 Wed 14-02-07 <br/> 
8:44 Wed 14-02-07 <br/> 
15:33 Wed 14-02-07 <br/> 
18:49 Wed 14-02-07 <br/> 
18:49 Wed 14-02-07 <br/> 
18:50 Wed 14-02-07 <br/> 
18:50 Wed 14-02-07 <br/> 
18:54 Wed 14-02-07 <br/> 
22:03 Wed 14-02-07 <br/> 
23:31 Wed 14-02-07 <br/> 
23:32 Wed 14-02-07 <br/> 
23:39 Wed 14-02-07 <br/> 
23:43 Wed 14-02-07 <br/> 
6:13 Thu 15-02-07 <br/> 
6:13 Thu 15-02-07 <br/> 
11:36 Thu 15-02-07 <br/> 
13:13 Thu 15-02-07 <br/> 
17:27 Thu 15-02-07 <br/> 
21:10 Thu 15-02-07 <br/> 
21:23 Thu 15-02-07 <br/> 
21:55 Thu 15-02-07 <br/> 
5:15 Fri 16-02-07 <br/> 
16:53 Fri 16-02-07 <br/> 
18:00 Fri 16-02-07 <br/> 
18:00 Fri 16-02-07 <br/> 
21:00 Fri 16-02-07 <br/> 
21:00 Fri 16-02-07 <br/> 
21:00 Fri 16-02-07 <br/> 
21:00 Fri 16-02-07 <br/> 
4:22 Sat 17-02-07 <br/> 
14:27 Sat 17-02-07 <br/> 
16:18 Sat 17-02-07 <br/> 
17:05 Sat 17-02-07 <br/> 
17:58 Sat 17-02-07 <br/> 
19:45 Sat 17-02-07 <br/> 
21:19 Sat 17-02-07 <br/> 
0:19 Sun 18-02-07 <br/> 
0:19 Sun 18-02-07 <br/> 
0:55 Sun 18-02-07 <br/> 
2:45 Sun 18-02-07 <br/> 
3:27 Sun 18-02-07 <br/> 
3:30 Sun 18-02-07 <br/> 
4:59 Sun 18-02-07 <br/> 
9:12 Sun 18-02-07 <br/> 
15:45 Sun 18-02-07 <br/> 
15:48 Sun 18-02-07 <br/> 
15:57 Sun 18-02-07 <br/> 
21:24 Sun 18-02-07 <br/> 
22:56 Sun 18-02-07 <br/> 
1:00 Mon 19-02-07 <br/> 
1:00 Mon 19-02-07 <br/> 
1:00 Mon 19-02-07 <br/> 
1:00 Mon 19-02-07 <br/> 
1:00 Mon 19-02-07 <br/> 
1:00 Mon 19-02-07 <br/> 
1:00 Mon 19-02-07 <br/> 
3:58 Mon 19-02-07 <br/> 
5:53 Mon 19-02-07 <br/> 
18:45 Mon 19-02-07 <br/> 
18:45 Mon 19-02-07 <br/> 
18:47 Mon 19-02-07 <br/> 
21:04 Mon 19-02-07 <br/> 
9:08 Tue 20-02-07 <br/> 
14:04 Tue 20-02-07 <br/> 
23:59 Tue 20-02-07 <br/> 
10:01 Wed 21-02-07 <br/> 
10:15 Wed 21-02-07 <br/> 
11:27 Wed 21-02-07 <br/> 
11:34 Wed 21-02-07 <br/> 
11:50 Wed 21-02-07 <br/> 
14:15 Wed 21-02-07 <br/> 
14:46 Wed 21-02-07 <br/> 
14:53 Wed 21-02-07 <br/> 
14:53 Wed 21-02-07 <br/> 
9:50 Thu 22-02-07 <br/> 
19:34 Thu 22-02-07 <br/> 
19:34 Thu 22-02-07 <br/> 
19:36 Thu 22-02-07 <br/> 
19:36 Thu 22-02-07 <br/> 
1:00 Fri 23-02-07 <br/> 
18:58 Fri 23-02-07 <br/> 
23:57 Fri 23-02-07 <br/> 
11:46 Sat 24-02-07 <br/> 
13:46 Sat 24-02-07 <br/> 
14:02 Sat 24-02-07 <br/> 
19:33 Sat 24-02-07 <br/> 
1:16 Sun 25-02-07 <br/> 
1:16 Sun 25-02-07 <br/> 
1:16 Sun 25-02-07 <br/> 
1:16 Sun 25-02-07 <br/> 
1:49 Sun 25-02-07 <br/> 
5:19 Sun 25-02-07 <br/> 
10:13 Sun 25-02-07 <br/> 
20:29 Sun 25-02-07 <br/> 
20:48 Sun 25-02-07 <br/> 
8:17 Mon 26-02-07 <br/> 
8:24 Mon 26-02-07 <br/> 
8:24 Mon 26-02-07 <br/> 
8:24 Mon 26-02-07 <br/> 
8:24 Mon 26-02-07 <br/> 
8:26 Mon 26-02-07 <br/> 
18:06 Mon 26-02-07 <br/> 
19:46 Mon 26-02-07 <br/> 
19:46 Mon 26-02-07 <br/> 
22:22 Mon 26-02-07 <br/> 
0:27 Tue 27-02-07 <br/> 
6:10 Tue 27-02-07 <br/> 
17:37 Tue 27-02-07 <br/> 
17:37 Tue 27-02-07 <br/> 
17:37 Tue 27-02-07 <br/> 
17:38 Tue 27-02-07 <br/> 
17:38 Tue 27-02-07 <br/> 
17:38 Tue 27-02-07 <br/> 
17:38 Tue 27-02-07 <br/> 
20:28 Tue 27-02-07 <br/> 
4:36 Wed 28-02-07 <br/> 
4:57 Wed 28-02-07 <br/> 
18:07 Wed 28-02-07 <br/> 
18:07 Wed 28-02-07 <br/> 
18:37 Wed 28-02-07 <br/> 
19:43 Wed 28-02-07 <br/> 
22:44 Wed 28-02-07 <br/> 
23:14 Wed 28-02-07 <br/> 
23:20 Wed 28-02-07 <br/> 
0:00 Thu 01-03-07 <br/> 
14:00 Thu 01-03-07 <br/> 
14:33 Thu 01-03-07 <br/> 
14:33 Thu 01-03-07 <br/> 
18:05 Thu 01-03-07 <br/> 
21:00 Thu 01-03-07 <br/> 
22:48 Thu 01-03-07 <br/> 
0:02 Fri 02-03-07 <br/> 
12:35 Fri 02-03-07 <br/> 
2:17 Sat 03-03-07 <br/> 
10:15 Sun 04-03-07 <br/> 
11:15 Sun 04-03-07 <br/> 
12:03 Sun 04-03-07 <br/> 
13:31 Sun 04-03-07 <br/> 
13:32 Sun 04-03-07 <br/> 
13:32 Sun 04-03-07 <br/> 
20:55 Sun 04-03-07 <br/> 
22:23 Sun 04-03-07 <br/> 
1:03 Mon 05-03-07 <br/> 
16:44 Mon 05-03-07 <br/> 
16:52 Mon 05-03-07 <br/> 
4:22 Tue 06-03-07 <br/> 
10:48 Tue 06-03-07 <br/> 
10:49 Tue 06-03-07 <br/> 
11:03 Tue 06-03-07 <br/> 
11:03 Tue 06-03-07 <br/> 
11:03 Tue 06-03-07 <br/> 
11:03 Tue 06-03-07 <br/> 
11:03 Tue 06-03-07 <br/> 
11:04 Tue 06-03-07 <br/> 
11:04 Tue 06-03-07 <br/> 
11:04 Tue 06-03-07 <br/> 
11:04 Tue 06-03-07 <br/> 
15:28 Tue 06-03-07 <br/> 
19:28 Tue 06-03-07 <br/> 
0:50 Wed 07-03-07 <br/> 
0:50 Wed 07-03-07 <br/> 
12:41 Wed 07-03-07 <br/> 
19:55 Wed 07-03-07 <br/> 
6:50 Thu 08-03-07 <br/> 
9:09 Fri 09-03-07 <br/> 
23:33 Fri 09-03-07 <br/> 
23:33 Fri 09-03-07 <br/> 
3:03 Sat 10-03-07 <br/> 
3:03 Sat 10-03-07 <br/> 
3:03 Sat 10-03-07 <br/> 
3:04 Sat 10-03-07 <br/> 
3:04 Sat 10-03-07 <br/> 
3:04 Sat 10-03-07 <br/> 
3:40 Sat 10-03-07 <br/> 
4:21 Sat 10-03-07 <br/> 
13:45 Sat 10-03-07 <br/> 
19:41 Sat 10-03-07 <br/> 
19:41 Sat 10-03-07 <br/> 
19:43 Sat 10-03-07 <br/> 
19:44 Sat 10-03-07 <br/> 
19:45 Sat 10-03-07 <br/> 
19:45 Sat 10-03-07 <br/> 
22:12 Sat 10-03-07 <br/> 
10:19 Sun 11-03-07 <br/> 
2:57 Mon 12-03-07 <br/> 
15:08 Mon 12-03-07 <br/> 
23:03 Tue 13-03-07 <br/> 
23:03 Tue 13-03-07 <br/> 
23:55 Tue 13-03-07 <br/> 
0:22 Wed 14-03-07 <br/> 
0:23 Wed 14-03-07 <br/> 
0:23 Wed 14-03-07 <br/> 
0:24 Wed 14-03-07 <br/> 
0:24 Wed 14-03-07 <br/> 
0:24 Wed 14-03-07 <br/> 
0:24 Wed 14-03-07 <br/> 
4:04 Wed 14-03-07 <br/> 
11:34 Wed 14-03-07 <br/> 
11:34 Wed 14-03-07 <br/> 
11:35 Wed 14-03-07 <br/> 
11:35 Wed 14-03-07 <br/> 
12:02 Wed 14-03-07 <br/> 
13:37 Wed 14-03-07 <br/> 
13:37 Wed 14-03-07 <br/> 
13:37 Wed 14-03-07 <br/> 
13:37 Wed 14-03-07 <br/> 
13:37 Wed 14-03-07 <br/> 
13:37 Wed 14-03-07 <br/> 
13:41 Wed 14-03-07 <br/> 
13:41 Wed 14-03-07 <br/> 
15:58 Wed 14-03-07 <br/> 
16:28 Thu 15-03-07 <br/> 
21:05 Thu 15-03-07 <br/> 
21:30 Thu 15-03-07 <br/> 
21:54 Thu 15-03-07 <br/> 
1:00 Fri 16-03-07 <br/> 
1:00 Fri 16-03-07 <br/> 
7:10 Fri 16-03-07 <br/> 
7:54 Fri 16-03-07 <br/> 
13:29 Fri 16-03-07 <br/> 
16:01 Fri 16-03-07 <br/> 
16:20 Fri 16-03-07 <br/> 
16:26 Fri 16-03-07 <br/> 
16:26 Fri 16-03-07 <br/> 
16:31 Fri 16-03-07 <br/> 
16:34 Fri 16-03-07 <br/> 
16:37 Fri 16-03-07 <br/> 
19:44 Fri 16-03-07 <br/> 
20:09 Fri 16-03-07 <br/> 
23:37 Fri 16-03-07 <br/> 
23:58 Fri 16-03-07 <br/> 
1:13 Sat 17-03-07 <br/> 
1:26 Sat 17-03-07 <br/> 
2:50 Sat 17-03-07 <br/> 
3:34 Sat 17-03-07 <br/> 
5:12 Sun 18-03-07 <br/> 
10:19 Sun 18-03-07 <br/> 
11:04 Sun 18-03-07 <br/> 
11:04 Sun 18-03-07 <br/> 
11:04 Sun 18-03-07 <br/> 
11:26 Sun 18-03-07 <br/> 
15:50 Sun 18-03-07 <br/> 
16:18 Sun 18-03-07 <br/> 
16:19 Sun 18-03-07 <br/> 
16:19 Sun 18-03-07 <br/> 
16:44 Sun 18-03-07 <br/> 
16:45 Sun 18-03-07 <br/> 
16:45 Sun 18-03-07 <br/> 
16:46 Sun 18-03-07 <br/> 
16:46 Sun 18-03-07 <br/> 
2:18 Mon 19-03-07 <br/> 
5:49 Tue 20-03-07 <br/> 
5:55 Tue 20-03-07 <br/> 
12:21 Wed 21-03-07 <br/> 
13:18 Wed 21-03-07 <br/> 
15:23 Wed 21-03-07 <br/> 
16:23 Wed 21-03-07 <br/> 
7:37 Thu 22-03-07 <br/> 
3:24 Fri 23-03-07 <br/> 
3:24 Fri 23-03-07 <br/> 
9:04 Fri 23-03-07 <br/> 
12:18 Fri 23-03-07 <br/> 
19:43 Fri 23-03-07 <br/> 
5:30 Sat 24-03-07 <br/> 
9:30 Sat 24-03-07 <br/> 
10:45 Sat 24-03-07 <br/> 
16:34 Sat 24-03-07 <br/> 
22:23 Sat 24-03-07 <br/> 
22:23 Sat 24-03-07 <br/> 
22:23 Sat 24-03-07 <br/> 
22:23 Sat 24-03-07 <br/> 
22:23 Sat 24-03-07 <br/> 
22:23 Sat 24-03-07 <br/> 
22:23 Sat 24-03-07 <br/> 
23:03 Sat 24-03-07 <br/> 
23:21 Sat 24-03-07 <br/> 
23:47 Sat 24-03-07 <br/> 
4:34 Sun 25-03-07 <br/> 
6:50 Sun 25-03-07 <br/> 
10:21 Sun 25-03-07 <br/> 
23:42 Sun 25-03-07 <br/> 
23:42 Sun 25-03-07 <br/> 
23:43 Sun 25-03-07 <br/> 
23:46 Sun 25-03-07 <br/> 
3:52 Mon 26-03-07 <br/> 
5:35 Mon 26-03-07 <br/> 
5:35 Mon 26-03-07 <br/> 
5:35 Mon 26-03-07 <br/> 
15:57 Mon 26-03-07 <br/> 
20:03 Mon 26-03-07 <br/> 
20:20 Tue 27-03-07 <br/> 
3:59 Wed 28-03-07 <br/> 
20:14 Wed 28-03-07 <br/> 
20:14 Wed 28-03-07 <br/> 
20:15 Wed 28-03-07 <br/> 
20:16 Wed 28-03-07 <br/> 
20:16 Wed 28-03-07 <br/> 
20:17 Wed 28-03-07 <br/> 
20:17 Wed 28-03-07 <br/> 
20:18 Wed 28-03-07 <br/> 
20:18 Wed 28-03-07 <br/> 
20:44 Wed 28-03-07 <br/> 
22:10 Wed 28-03-07 <br/> 
19:10 Thu 29-03-07 <br/> 
23:19 Thu 29-03-07 <br/> 
2:28 Fri 30-03-07 <br/> 
23:45 Fri 30-03-07 <br/> 
5:48 Sat 31-03-07 <br/> 
5:57 Sat 31-03-07 <br/> 
5:57 Sat 31-03-07 <br/> 
8:45 Sat 31-03-07 <br/> 
8:45 Sat 31-03-07 <br/> 
0:28 Sun 01-04-07 <br/> 
12:57 Sun 01-04-07 <br/> 
13:13 Sun 01-04-07 <br/> 
13:34 Sun 01-04-07 <br/> 
7:12 Mon 02-04-07 <br/> 
15:50 Mon 02-04-07 <br/> 
18:33 Mon 02-04-07 <br/> 
19:14 Mon 02-04-07 <br/> 
19:14 Mon 02-04-07 <br/> 
19:15 Mon 02-04-07 <br/> 
19:15 Mon 02-04-07 <br/> 
19:16 Mon 02-04-07 <br/> 
19:16 Mon 02-04-07 <br/> 
19:16 Mon 02-04-07 <br/> 
19:16 Mon 02-04-07 <br/> 
21:55 Mon 02-04-07 <br/> 
23:44 Mon 02-04-07 <br/> 
1:05 Tue 03-04-07 <br/> 
5:06 Tue 03-04-07 <br/> 
13:03 Tue 03-04-07 <br/> 
13:05 Tue 03-04-07 <br/> 
13:05 Tue 03-04-07 <br/> 
13:05 Tue 03-04-07 <br/> 
13:06 Tue 03-04-07 <br/> 
13:27 Tue 03-04-07 <br/> 
23:06 Tue 03-04-07 <br/> 
23:51 Tue 03-04-07 <br/> 
9:24 Wed 04-04-07 <br/> 
16:12 Wed 04-04-07 <br/> 
16:17 Wed 04-04-07 <br/> 
18:52 Wed 04-04-07 <br/> 
18:58 Wed 04-04-07 <br/> 
0:22 Thu 05-04-07 <br/> 
1:49 Thu 05-04-07 <br/> 
7:46 Thu 05-04-07 <br/> 
7:46 Thu 05-04-07 <br/> 
14:22 Sat 07-04-07 <br/> 
21:39 Sat 07-04-07 <br/> 
21:39 Sat 07-04-07 <br/> 
0:29 Sun 08-04-07 <br/> 
3:54 Sun 08-04-07 <br/> 
3:54 Sun 08-04-07 <br/> 
3:54 Sun 08-04-07 <br/> 
3:54 Sun 08-04-07 <br/> 
3:54 Sun 08-04-07 <br/> 
3:54 Sun 08-04-07 <br/> 
3:54 Sun 08-04-07 <br/> 
6:40 Sun 08-04-07 <br/> 
6:41 Sun 08-04-07 <br/> 
6:41 Sun 08-04-07 <br/> 
6:43 Sun 08-04-07 <br/> 
6:45 Sun 08-04-07 <br/> 
6:47 Sun 08-04-07 <br/> 
6:47 Sun 08-04-07 <br/> 
6:47 Sun 08-04-07 <br/> 
6:47 Sun 08-04-07 <br/> 
14:02 Sun 08-04-07 <br/> 
1:39 Mon 09-04-07 <br/> 
1:49 Mon 09-04-07 <br/> 
20:24 Mon 09-04-07 <br/> 
20:38 Tue 10-04-07 <br/> 
20:38 Tue 10-04-07 <br/> 
9:05 Wed 11-04-07 <br/> 
9:05 Wed 11-04-07 <br/> 
9:06 Wed 11-04-07 <br/> 
9:06 Wed 11-04-07 <br/> 
10:19 Wed 11-04-07 <br/> 
19:48 Wed 11-04-07 <br/> 
21:20 Wed 11-04-07 <br/> 
21:21 Wed 11-04-07 <br/> 
21:28 Wed 11-04-07 <br/> 
0:04 Thu 12-04-07 <br/> 
13:57 Thu 12-04-07 <br/> 
21:58 Thu 12-04-07 <br/> 
22:54 Thu 12-04-07 <br/> 
0:43 Fri 13-04-07 <br/> 
20:05 Fri 13-04-07 <br/> 
20:05 Fri 13-04-07 <br/> 
23:52 Fri 13-04-07 <br/> 
2:57 Sat 14-04-07 <br/> 
7:24 Sat 14-04-07 <br/> 
9:39 Sat 14-04-07 <br/> 
14:26 Sat 14-04-07 <br/> 
23:42 Sat 14-04-07 <br/> 
5:25 Sun 15-04-07 <br/> 
7:05 Sun 15-04-07 <br/> 
11:25 Sun 15-04-07 <br/> 
17:09 Sun 15-04-07 <br/> 
23:11 Sun 15-04-07 <br/> 
20:27 Mon 16-04-07 <br/> 
0:11 Tue 17-04-07 <br/> 
0:53 Tue 17-04-07 <br/> 
2:06 Tue 17-04-07 <br/> 
12:08 Tue 17-04-07 <br/> 
15:07 Tue 17-04-07 <br/> 
20:47 Tue 17-04-07 <br/> 
20:48 Tue 17-04-07 <br/> 
23:55 Tue 17-04-07 <br/> 
19:45 Wed 18-04-07 <br/> 
21:56 Thu 19-04-07 <br/> 
2:12 Fri 20-04-07 <br/> 
6:31 Fri 20-04-07 <br/> 
10:19 Fri 20-04-07 <br/> 
10:19 Fri 20-04-07 <br/> 
10:20 Fri 20-04-07 <br/> 
10:20 Fri 20-04-07 <br/> 
22:12 Fri 20-04-07 <br/> 
5:50 Sat 21-04-07 <br/> 
0:50 Sun 22-04-07 <br/> 
7:11 Sun 22-04-07 <br/> 
8:59 Sun 22-04-07 <br/> 
16:22 Sun 22-04-07 <br/> 
16:22 Sun 22-04-07 <br/> 
19:45 Sun 22-04-07 <br/> 
23:10 Sun 22-04-07 <br/> 
11:53 Mon 23-04-07 <br/> 
0:39 Tue 24-04-07 <br/> 
2:49 Tue 24-04-07 <br/> 
3:01 Tue 24-04-07 <br/> 
4:00 Tue 24-04-07 <br/> 
4:00 Tue 24-04-07 <br/> 
12:10 Tue 24-04-07 <br/> 
20:09 Tue 24-04-07 <br/> 
20:09 Tue 24-04-07 <br/> 
20:10 Tue 24-04-07 <br/> 
20:10 Tue 24-04-07 <br/> 
20:11 Tue 24-04-07 <br/> 
20:11 Tue 24-04-07 <br/> 
20:12 Tue 24-04-07 <br/> 
20:12 Tue 24-04-07 <br/> 
19:11 Wed 25-04-07 <br/> 
20:34 Wed 25-04-07 <br/> 
1:28 Thu 26-04-07 <br/> 
1:46 Thu 26-04-07 <br/> 
3:55 Thu 26-04-07 <br/> 
18:35 Thu 26-04-07 <br/> 
19:17 Thu 26-04-07 <br/> 
23:25 Thu 26-04-07 <br/> 
23:25 Thu 26-04-07 <br/> 
0:35 Fri 27-04-07 <br/> 
1:03 Fri 27-04-07 <br/> 
1:24 Fri 27-04-07 <br/> 
21:00 Fri 27-04-07 <br/> 
0:56 Sat 28-04-07 <br/> 
3:45 Sat 28-04-07 <br/> 
8:51 Sat 28-04-07 <br/> 
12:01 Sat 28-04-07 <br/> 
13:32 Sat 28-04-07 <br/> 
21:44 Sat 28-04-07 <br/> 
3:12 Sun 29-04-07 <br/> 
3:50 Sun 29-04-07 <br/> 
4:52 Sun 29-04-07 <br/> 
11:46 Sun 29-04-07 <br/> 
16:48 Sun 29-04-07 <br/> 
16:48 Sun 29-04-07 <br/> 
16:49 Sun 29-04-07 <br/> 
20:55 Sun 29-04-07 <br/> 
20:55 Sun 29-04-07 <br/> 
20:55 Sun 29-04-07 <br/> 
20:55 Sun 29-04-07 <br/> 
20:55 Sun 29-04-07 <br/> 
20:56 Sun 29-04-07 <br/> 
20:56 Sun 29-04-07 <br/> 
20:56 Sun 29-04-07 <br/> 
20:57 Sun 29-04-07 <br/> 
20:57 Sun 29-04-07 <br/> 
20:57 Sun 29-04-07 <br/> 
20:57 Sun 29-04-07 <br/> 
20:57 Sun 29-04-07 <br/> 
20:57 Sun 29-04-07 <br/> 
20:57 Sun 29-04-07 <br/> 
20:58 Sun 29-04-07 <br/> 
20:58 Sun 29-04-07 <br/> 
20:58 Sun 29-04-07 <br/> 
20:58 Sun 29-04-07 <br/> 
20:59 Sun 29-04-07 <br/> 
20:59 Sun 29-04-07 <br/> 
21:00 Sun 29-04-07 <br/> 
21:00 Sun 29-04-07 <br/> 
21:00 Sun 29-04-07 <br/> 
21:00 Sun 29-04-07 <br/> 
8:34 Mon 30-04-07 <br/> 
19:28 Mon 30-04-07 <br/> 
16:36 Wed 02-05-07 <br/> 
16:36 Wed 02-05-07 <br/> 
17:19 Wed 02-05-07 <br/> 
0:11 Thu 03-05-07 <br/> 
0:32 Thu 03-05-07 <br/> 
0:48 Thu 03-05-07 <br/> 
3:16 Thu 03-05-07 <br/> 
3:53 Thu 03-05-07 <br/> 
18:27 Thu 03-05-07 <br/> 
5:47 Fri 04-05-07 <br/> 
14:48 Fri 04-05-07 <br/> 
14:48 Fri 04-05-07 <br/> 
21:06 Fri 04-05-07 <br/> 
21:06 Fri 04-05-07 <br/> 
21:07 Fri 04-05-07 <br/> 
21:07 Fri 04-05-07 <br/> 
21:07 Fri 04-05-07 <br/> 
21:07 Fri 04-05-07 <br/> 
21:07 Fri 04-05-07 <br/> 
21:07 Fri 04-05-07 <br/> 
21:08 Fri 04-05-07 <br/> 
21:08 Fri 04-05-07 <br/> 
21:08 Fri 04-05-07 <br/> 
21:08 Fri 04-05-07 <br/> 
21:08 Fri 04-05-07 <br/> 
21:08 Fri 04-05-07 <br/> 
4:21 Sat 05-05-07 <br/> 
22:48 Sat 05-05-07 <br/> 
6:27 Sun 06-05-07 <br/> 
6:27 Sun 06-05-07 <br/> 
11:22 Sun 06-05-07 <br/> 
19:51 Sun 06-05-07 <br/> 
14:23 Mon 07-05-07 <br/> 
15:07 Mon 07-05-07 <br/> 
19:01 Mon 07-05-07 <br/> 
19:20 Mon 07-05-07 <br/> 
0:08 Tue 08-05-07 <br/> 
9:48 Tue 08-05-07 <br/> 
13:45 Tue 08-05-07 <br/> 
13:47 Tue 08-05-07 <br/> 
13:49 Tue 08-05-07 <br/> 
19:19 Tue 08-05-07 <br/> 
2:19 Wed 09-05-07 <br/> 
10:36 Thu 10-05-07 <br/> 
10:36 Thu 10-05-07 <br/> 
14:00 Thu 10-05-07 <br/> 
14:25 Thu 10-05-07 <br/> 
17:51 Thu 10-05-07 <br/> 
17:51 Thu 10-05-07 <br/> 
17:51 Thu 10-05-07 <br/> 
17:52 Thu 10-05-07 <br/> 
17:52 Thu 10-05-07 <br/> 
17:52 Thu 10-05-07 <br/> 
17:52 Thu 10-05-07 <br/> 
17:52 Thu 10-05-07 <br/> 
17:52 Thu 10-05-07 <br/> 
17:52 Thu 10-05-07 <br/> 
17:52 Thu 10-05-07 <br/> 
17:52 Thu 10-05-07 <br/> 
17:53 Thu 10-05-07 <br/> 
17:53 Thu 10-05-07 <br/> 
17:53 Thu 10-05-07 <br/> 
0:32 Fri 11-05-07 <br/> 
10:56 Fri 11-05-07 <br/> 
10:57 Fri 11-05-07 <br/> 
10:57 Fri 11-05-07 <br/> 
10:57 Fri 11-05-07 <br/> 
10:57 Fri 11-05-07 <br/> 
10:58 Fri 11-05-07 <br/> 
10:58 Fri 11-05-07 <br/> 
10:58 Fri 11-05-07 <br/> 
10:58 Fri 11-05-07 <br/> 
21:27 Fri 11-05-07 <br/> 
21:27 Fri 11-05-07 <br/> 
18:06 Sat 12-05-07 <br/> 
10:10 Sun 13-05-07 <br/> 
10:11 Sun 13-05-07 <br/> 
12:40 Sun 13-05-07 <br/> 
16:50 Sun 13-05-07 <br/> 
16:50 Sun 13-05-07 <br/> 
12:27 Mon 14-05-07 <br/> 
20:28 Mon 14-05-07 <br/> 
6:34 Tue 15-05-07 <br/> 
6:34 Tue 15-05-07 <br/> 
6:34 Tue 15-05-07 <br/> 
6:34 Tue 15-05-07 <br/> 
6:35 Tue 15-05-07 <br/> 
6:35 Tue 15-05-07 <br/> 
6:35 Tue 15-05-07 <br/> 
6:35 Tue 15-05-07 <br/> 
6:35 Tue 15-05-07 <br/> 
6:35 Tue 15-05-07 <br/> 
6:35 Tue 15-05-07 <br/> 
6:35 Tue 15-05-07 <br/> 
6:35 Tue 15-05-07 <br/> 
6:35 Tue 15-05-07 <br/> 
6:36 Tue 15-05-07 <br/> 
8:50 Tue 15-05-07 <br/> 
18:50 Tue 15-05-07 <br/> 
21:36 Tue 15-05-07 <br/> 
22:05 Tue 15-05-07 <br/> 
22:10 Tue 15-05-07 <br/> 
10:17 Wed 16-05-07 <br/> 
20:31 Wed 16-05-07 <br/> 
0:56 Thu 17-05-07 <br/> 
0:57 Thu 17-05-07 <br/> 
13:10 Thu 17-05-07 <br/> 
11:02 Fri 18-05-07 <br/> 
11:02 Fri 18-05-07 <br/> 
11:04 Fri 18-05-07 <br/> 
11:04 Fri 18-05-07 <br/> 
11:04 Fri 18-05-07 <br/> 
11:04 Fri 18-05-07 <br/> 
11:04 Fri 18-05-07 <br/> 
11:05 Fri 18-05-07 <br/> 
11:05 Fri 18-05-07 <br/> 
11:05 Fri 18-05-07 <br/> 
11:05 Fri 18-05-07 <br/> 
11:05 Fri 18-05-07 <br/> 
3:18 Sat 19-05-07 <br/> 
3:18 Sat 19-05-07 <br/> 
3:19 Sat 19-05-07 <br/> 
3:19 Sat 19-05-07 <br/> 
3:19 Sat 19-05-07 <br/> 
22:14 Sat 19-05-07 <br/> 
22:14 Sat 19-05-07 <br/> 
22:15 Sat 19-05-07 <br/> 
23:05 Sat 19-05-07 <br/> 
7:40 Sun 20-05-07 <br/> 
22:08 Sun 20-05-07 <br/> 
22:25 Sun 20-05-07 <br/> 
22:25 Sun 20-05-07 <br/> 
22:53 Sun 20-05-07 <br/> 
5:31 Mon 21-05-07 <br/> 
8:56 Mon 21-05-07 <br/> 
9:09 Mon 21-05-07 <br/> 
2:14 Tue 22-05-07 <br/> 
12:23 Tue 22-05-07 <br/> 
12:54 Tue 22-05-07 <br/> 
16:35 Tue 22-05-07 <br/> 
23:15 Tue 22-05-07 <br/> 
6:32 Wed 23-05-07 <br/> 
3:41 Thu 24-05-07 <br/> 
14:14 Thu 24-05-07 <br/> 
14:14 Thu 24-05-07 <br/> 
14:14 Thu 24-05-07 <br/> 
14:15 Thu 24-05-07 <br/> 
14:15 Thu 24-05-07 <br/> 
14:15 Thu 24-05-07 <br/> 
14:15 Thu 24-05-07 <br/> 
14:16 Thu 24-05-07 <br/> 
14:16 Thu 24-05-07 <br/> 
20:08 Thu 24-05-07 <br/> 
19:17 Sun 27-05-07 <br/> 
19:17 Sun 27-05-07 <br/> 
21:09 Sun 27-05-07 <br/> 
21:10 Sun 27-05-07 <br/> 
1:28 Mon 28-05-07 <br/> 
3:23 Mon 28-05-07 <br/> 
5:48 Mon 28-05-07 <br/> 
5:48 Mon 28-05-07 <br/> 
14:10 Mon 28-05-07 <br/> 
22:57 Mon 28-05-07 <br/> 
1:13 Tue 29-05-07 <br/> 
1:20 Tue 29-05-07 <br/> 
13:53 Tue 29-05-07 <br/> 
13:53 Tue 29-05-07 <br/> 
13:53 Tue 29-05-07 <br/> 
13:14 Wed 30-05-07 <br/> 
13:14 Wed 30-05-07 <br/> 
16:06 Wed 30-05-07 <br/> 
22:37 Wed 30-05-07 <br/> 
0:03 Thu 31-05-07 <br/> 
7:54 Thu 31-05-07 <br/> 
9:09 Thu 31-05-07 <br/> 
20:57 Thu 31-05-07 <br/> 
20:57 Thu 31-05-07 <br/> 
20:57 Thu 31-05-07 <br/> 
20:58 Thu 31-05-07 <br/> 
20:58 Thu 31-05-07 <br/> 
22:24 Sun 03-06-07 <br/> 
0:10 Mon 04-06-07 <br/> 
0:10 Mon 04-06-07 <br/> 
3:51 Mon 04-06-07 <br/> 
11:39 Mon 04-06-07 <br/> 
12:47 Mon 04-06-07 <br/> 
22:28 Mon 04-06-07 <br/> 
22:28 Mon 04-06-07 <br/> 
22:29 Mon 04-06-07 <br/> 
14:39 Tue 05-06-07 <br/> 
15:14 Tue 05-06-07 <br/> 
15:14 Tue 05-06-07 <br/> 
15:14 Tue 05-06-07 <br/> 
15:14 Tue 05-06-07 <br/> 
15:15 Tue 05-06-07 <br/> 
15:15 Tue 05-06-07 <br/> 
15:15 Tue 05-06-07 <br/> 
15:15 Tue 05-06-07 <br/> 
15:16 Tue 05-06-07 <br/> 
15:16 Tue 05-06-07 <br/> 
15:16 Tue 05-06-07 <br/> 
15:18 Tue 05-06-07 <br/> 
17:41 Tue 05-06-07 <br/> 
0:21 Wed 06-06-07 <br/> 
15:53 Thu 07-06-07 <br/> 
16:08 Thu 07-06-07 <br/> 
7:10 Fri 08-06-07 <br/> 
7:10 Fri 08-06-07 <br/> 
7:10 Fri 08-06-07 <br/> 
7:11 Fri 08-06-07 <br/> 
7:11 Fri 08-06-07 <br/> 
7:12 Fri 08-06-07 <br/> 
7:12 Fri 08-06-07 <br/> 
7:13 Fri 08-06-07 <br/> 
7:13 Fri 08-06-07 <br/> 
7:13 Fri 08-06-07 <br/> 
7:14 Fri 08-06-07 <br/> 
7:14 Fri 08-06-07 <br/> 
7:15 Fri 08-06-07 <br/> 
7:15 Fri 08-06-07 <br/> 
7:15 Fri 08-06-07 <br/> 
7:16 Fri 08-06-07 <br/> 
7:16 Fri 08-06-07 <br/> 
7:16 Fri 08-06-07 <br/> 
7:17 Fri 08-06-07 <br/> 
7:18 Fri 08-06-07 <br/> 
7:18 Fri 08-06-07 <br/> 
7:19 Fri 08-06-07 <br/> 
7:19 Fri 08-06-07 <br/> 
7:19 Fri 08-06-07 <br/> 
7:19 Fri 08-06-07 <br/> 
7:20 Fri 08-06-07 <br/> 
7:20 Fri 08-06-07 <br/> 
7:20 Fri 08-06-07 <br/> 
7:20 Fri 08-06-07 <br/> 
7:21 Fri 08-06-07 <br/> 
7:21 Fri 08-06-07 <br/> 
7:21 Fri 08-06-07 <br/> 
7:22 Fri 08-06-07 <br/> 
7:22 Fri 08-06-07 <br/> 
7:22 Fri 08-06-07 <br/> 
7:22 Fri 08-06-07 <br/> 
7:22 Fri 08-06-07 <br/> 
7:22 Fri 08-06-07 <br/> 
7:22 Fri 08-06-07 <br/> 
7:23 Fri 08-06-07 <br/> 
7:24 Fri 08-06-07 <br/> 
7:24 Fri 08-06-07 <br/> 
21:43 Fri 08-06-07 <br/> 
14:04 Mon 11-06-07 <br/> 
14:05 Mon 11-06-07 <br/> 
21:48 Mon 11-06-07 <br/> 
23:44 Mon 11-06-07 <br/> 
8:54 Tue 12-06-07 <br/> 
10:09 Tue 12-06-07 <br/> 
16:37 Tue 12-06-07 <br/> 
18:44 Tue 12-06-07 <br/> 
18:44 Tue 12-06-07 <br/> 
19:14 Tue 12-06-07 <br/> 
19:20 Tue 12-06-07 <br/> 
19:20 Tue 12-06-07 <br/> 
19:20 Tue 12-06-07 <br/> 
19:25 Tue 12-06-07 <br/> 
19:31 Tue 12-06-07 <br/> 
9:05 Wed 13-06-07 <br/> 
9:05 Wed 13-06-07 <br/> 
9:06 Wed 13-06-07 <br/> 
9:06 Wed 13-06-07 <br/> 
9:06 Wed 13-06-07 <br/> 
9:06 Wed 13-06-07 <br/> 
9:07 Wed 13-06-07 <br/> 
9:08 Wed 13-06-07 <br/> 
10:08 Wed 13-06-07 <br/> 
19:33 Wed 13-06-07 <br/> 
19:48 Wed 13-06-07 <br/> 
23:08 Sat 16-06-07 <br/> 
2:16 Sun 17-06-07 <br/> 
12:50 Sun 17-06-07 <br/> 
12:50 Sun 17-06-07 <br/> 
12:50 Sun 17-06-07 <br/> 
12:50 Sun 17-06-07 <br/> 
12:50 Sun 17-06-07 <br/> 
12:50 Sun 17-06-07 <br/> 
12:50 Sun 17-06-07 <br/> 
12:51 Sun 17-06-07 <br/> 
12:52 Sun 17-06-07 <br/> 
13:05 Sun 17-06-07 <br/> 
0:24 Mon 18-06-07 <br/> 
0:24 Mon 18-06-07 <br/> 
0:08 Tue 19-06-07 <br/> 
8:23 Tue 19-06-07 <br/> 
2:35 Wed 20-06-07 <br/> 
19:27 Wed 20-06-07 <br/> 
23:49 Wed 20-06-07 <br/> 
23:57 Wed 20-06-07 <br/> 
6:49 Thu 21-06-07 <br/> 
15:19 Thu 21-06-07 <br/> 
15:19 Thu 21-06-07 <br/> 
17:46 Thu 21-06-07 <br/> 
21:37 Thu 21-06-07 <br/> 
22:27 Thu 21-06-07 <br/> 
22:27 Thu 21-06-07 <br/> 
0:09 Fri 22-06-07 <br/> 
6:32 Fri 22-06-07 <br/> 
7:31 Fri 22-06-07 <br/> 
9:02 Fri 22-06-07 <br/> 
10:25 Fri 22-06-07 <br/> 
13:16 Fri 22-06-07 <br/> 
18:31 Fri 22-06-07 <br/> 
23:59 Fri 22-06-07 <br/> 
1:48 Sat 23-06-07 <br/> 
1:48 Sat 23-06-07 <br/> 
2:05 Sat 23-06-07 <br/> 
2:08 Sat 23-06-07 <br/> 
2:08 Sat 23-06-07 <br/> 
2:18 Sat 23-06-07 <br/> 
14:19 Sat 23-06-07 <br/> 
18:07 Sat 23-06-07 <br/> 
22:48 Sat 23-06-07 <br/> 
2:31 Sun 24-06-07 <br/> 
8:34 Sun 24-06-07 <br/> 
10:45 Sun 24-06-07 <br/> 
14:36 Sun 24-06-07 <br/> 
16:51 Sun 24-06-07 <br/> 
19:33 Sun 24-06-07 <br/> 
19:34 Sun 24-06-07 <br/> 
19:35 Sun 24-06-07 <br/> 
3:50 Mon 25-06-07 <br/> 
5:09 Mon 25-06-07 <br/> 
5:09 Mon 25-06-07 <br/> 
5:10 Mon 25-06-07 <br/> 
5:10 Mon 25-06-07 <br/> 
10:19 Mon 25-06-07 <br/> 
10:19 Mon 25-06-07 <br/> 
10:20 Mon 25-06-07 <br/> 
10:20 Mon 25-06-07 <br/> 
10:20 Mon 25-06-07 <br/> 
10:20 Mon 25-06-07 <br/> 
10:20 Mon 25-06-07 <br/> 
10:20 Mon 25-06-07 <br/> 
10:21 Mon 25-06-07 <br/> 
13:32 Mon 25-06-07 <br/> 
13:32 Mon 25-06-07 <br/> 
13:32 Mon 25-06-07 <br/> 
13:32 Mon 25-06-07 <br/> 
13:32 Mon 25-06-07 <br/> 
16:27 Mon 25-06-07 <br/> 
0:16 Tue 26-06-07 <br/> 
0:41 Tue 26-06-07 <br/> 
0:41 Tue 26-06-07 <br/> 
0:41 Tue 26-06-07 <br/> 
3:48 Tue 26-06-07 <br/> 
13:56 Tue 26-06-07 <br/> 
18:42 Tue 26-06-07 <br/> 
18:42 Tue 26-06-07 <br/> 
22:26 Tue 26-06-07 <br/> 
22:27 Tue 26-06-07 <br/> 
12:50 Wed 27-06-07 <br/> 
12:50 Wed 27-06-07 <br/> 
21:09 Wed 27-06-07 <br/> 
0:28 Thu 28-06-07 <br/> 
12:24 Thu 28-06-07 <br/> 
13:44 Thu 28-06-07 <br/> 
14:08 Thu 28-06-07 <br/> 
17:36 Thu 28-06-07 <br/> 
11:05 Fri 29-06-07 <br/> 
11:05 Fri 29-06-07 <br/> 
11:12 Fri 29-06-07 <br/> 
12:02 Fri 29-06-07 <br/> 
16:09 Fri 29-06-07 <br/> 
16:38 Sat 30-06-07 <br/> 
16:38 Sat 30-06-07 <br/> 
16:41 Sat 30-06-07 <br/> 
20:52 Sat 30-06-07 <br/> 
21:17 Sat 30-06-07 <br/> 
21:39 Sat 30-06-07 <br/> 
21:39 Sat 30-06-07 <br/> 
21:39 Sat 30-06-07 <br/> 
21:50 Sat 30-06-07 <br/> 
22:00 Sat 30-06-07 <br/> 
22:45 Sat 30-06-07 <br/> 
9:07 Sun 01-07-07 <br/> 
9:53 Sun 01-07-07 <br/> 
9:55 Sun 01-07-07 <br/> 
9:59 Sun 01-07-07 <br/> 
10:03 Sun 01-07-07 <br/> 
12:19 Sun 01-07-07 <br/> 
16:08 Sun 01-07-07 <br/> 
2:38 Mon 02-07-07 <br/> 
2:54 Mon 02-07-07 <br/> 
4:22 Mon 02-07-07 <br/> 
12:33 Tue 03-07-07 <br/> 
4:51 Wed 04-07-07 <br/> 
14:41 Wed 04-07-07 <br/> 
23:57 Wed 04-07-07 <br/> 
23:58 Wed 04-07-07 <br/> 
0:05 Thu 05-07-07 <br/> 
12:04 Thu 05-07-07 <br/> 
18:15 Thu 05-07-07 <br/> 
18:18 Thu 05-07-07 <br/> 
5:54 Fri 06-07-07 <br/> 
6:58 Fri 06-07-07 <br/> 
18:36 Fri 06-07-07 <br/> 
9:24 Sat 07-07-07 <br/> 
17:03 Sat 07-07-07 <br/> 
17:03 Sat 07-07-07 <br/> 
17:03 Sat 07-07-07 <br/> 
3:12 Sun 08-07-07 <br/> 
10:01 Sun 08-07-07 <br/> 
10:06 Sun 08-07-07 <br/> 
17:39 Sun 08-07-07 <br/> 
17:41 Sun 08-07-07 <br/> 
17:51 Sun 08-07-07 <br/> 
3:22 Mon 09-07-07 <br/> 
5:45 Mon 09-07-07 <br/> 
10:30 Tue 10-07-07 <br/> 
10:32 Tue 10-07-07 <br/> 
10:32 Tue 10-07-07 <br/> 
12:02 Tue 10-07-07 <br/> 
8:55 Wed 11-07-07 <br/> 
11:52 Wed 11-07-07 <br/> 
23:46 Wed 11-07-07 <br/> 
0:08 Thu 12-07-07 <br/> 
12:51 Thu 12-07-07 <br/> 
12:51 Thu 12-07-07 <br/> 
12:53 Thu 12-07-07 <br/> 
12:53 Thu 12-07-07 <br/> 
12:54 Thu 12-07-07 <br/> 
12:54 Thu 12-07-07 <br/> 
12:54 Thu 12-07-07 <br/> 
12:55 Thu 12-07-07 <br/> 
12:56 Thu 12-07-07 <br/> 
12:56 Thu 12-07-07 <br/> 
12:56 Thu 12-07-07 <br/> 
12:57 Thu 12-07-07 <br/> 
12:57 Thu 12-07-07 <br/> 
12:57 Thu 12-07-07 <br/> 
12:57 Thu 12-07-07 <br/> 
12:58 Thu 12-07-07 <br/> 
12:58 Thu 12-07-07 <br/> 
12:59 Thu 12-07-07 <br/> 
12:59 Thu 12-07-07 <br/> 
13:00 Thu 12-07-07 <br/> 
13:00 Thu 12-07-07 <br/> 
13:01 Thu 12-07-07 <br/> 
13:01 Thu 12-07-07 <br/> 
13:01 Thu 12-07-07 <br/> 
13:01 Thu 12-07-07 <br/> 
13:02 Thu 12-07-07 <br/> 
13:02 Thu 12-07-07 <br/> 
13:02 Thu 12-07-07 <br/> 
13:02 Thu 12-07-07 <br/> 
13:03 Thu 12-07-07 <br/> 
13:03 Thu 12-07-07 <br/> 
13:03 Thu 12-07-07 <br/> 
13:03 Thu 12-07-07 <br/> 
13:04 Thu 12-07-07 <br/> 
13:04 Thu 12-07-07 <br/> 
13:04 Thu 12-07-07 <br/> 
13:05 Thu 12-07-07 <br/> 
13:05 Thu 12-07-07 <br/> 
13:05 Thu 12-07-07 <br/> 
13:05 Thu 12-07-07 <br/> 
13:05 Thu 12-07-07 <br/> 
13:06 Thu 12-07-07 <br/> 
13:06 Thu 12-07-07 <br/> 
13:06 Thu 12-07-07 <br/> 
13:06 Thu 12-07-07 <br/> 
13:06 Thu 12-07-07 <br/> 
13:59 Thu 12-07-07 <br/> 
16:20 Thu 12-07-07 <br/> 
19:32 Thu 12-07-07 <br/> 
20:44 Thu 12-07-07 <br/> 
23:46 Thu 12-07-07 <br/> 
23:59 Thu 12-07-07 <br/> 
0:00 Fri 13-07-07 <br/> 
0:23 Fri 13-07-07 <br/> 
0:50 Fri 13-07-07 <br/> 
14:48 Fri 13-07-07 <br/> 
0:53 Sat 14-07-07 <br/> 
7:58 Sat 14-07-07 <br/> 
1:34 Sun 15-07-07 <br/> 
3:30 Sun 15-07-07 <br/> 
4:28 Sun 15-07-07 <br/> 
10:03 Sun 15-07-07 <br/> 
10:08 Sun 15-07-07 <br/> 
3:53 Mon 16-07-07 <br/> 
5:05 Mon 16-07-07 <br/> 
5:38 Mon 16-07-07 <br/> 
11:23 Mon 16-07-07 <br/> 
17:58 Mon 16-07-07 <br/> 
18:16 Mon 16-07-07 <br/> 
18:16 Mon 16-07-07 <br/> 
18:16 Mon 16-07-07 <br/> 
18:17 Mon 16-07-07 <br/> 
18:17 Mon 16-07-07 <br/> 
18:17 Mon 16-07-07 <br/> 
18:17 Mon 16-07-07 <br/> 
18:17 Mon 16-07-07 <br/> 
18:17 Mon 16-07-07 <br/> 
18:17 Mon 16-07-07 <br/> 
18:18 Mon 16-07-07 <br/> 
18:18 Mon 16-07-07 <br/> 
18:18 Mon 16-07-07 <br/> 
18:18 Mon 16-07-07 <br/> 
18:18 Mon 16-07-07 <br/> 
18:19 Mon 16-07-07 <br/> 
18:19 Mon 16-07-07 <br/> 
18:19 Mon 16-07-07 <br/> 
18:19 Mon 16-07-07 <br/> 
18:19 Mon 16-07-07 <br/> 
18:19 Mon 16-07-07 <br/> 
18:19 Mon 16-07-07 <br/> 
18:20 Mon 16-07-07 <br/> 
20:58 Mon 16-07-07 <br/> 
20:58 Mon 16-07-07 <br/> 
23:59 Mon 16-07-07 <br/> 
0:24 Tue 17-07-07 <br/> 
4:04 Tue 17-07-07 <br/> 
10:31 Tue 17-07-07 <br/> 
14:09 Tue 17-07-07 <br/> 
0:40 Wed 18-07-07 <br/> 
7:02 Wed 18-07-07 <br/> 
17:34 Wed 18-07-07 <br/> 
0:25 Thu 19-07-07 <br/> 
9:42 Thu 19-07-07 <br/> 
9:56 Thu 19-07-07 <br/> 
10:16 Thu 19-07-07 <br/> 
10:56 Thu 19-07-07 <br/> 
13:43 Thu 19-07-07 <br/> 
16:08 Thu 19-07-07 <br/> 
19:48 Thu 19-07-07 <br/> 
19:48 Thu 19-07-07 <br/> 
19:49 Thu 19-07-07 <br/> 
19:49 Thu 19-07-07 <br/> 
19:49 Thu 19-07-07 <br/> 
19:49 Thu 19-07-07 <br/> 
19:49 Thu 19-07-07 <br/> 
18:48 Fri 20-07-07 <br/> 
0:04 Sat 21-07-07 <br/> 
0:35 Sat 21-07-07 <br/> 
0:35 Sat 21-07-07 <br/> 
0:35 Sat 21-07-07 <br/> 
7:59 Sat 21-07-07 <br/> 
13:35 Sat 21-07-07 <br/> 
13:35 Sat 21-07-07 <br/> 
13:35 Sat 21-07-07 <br/> 
13:36 Sat 21-07-07 <br/> 
21:52 Sat 21-07-07 <br/> 
1:51 Sun 22-07-07 <br/> 
2:08 Sun 22-07-07 <br/> 
4:20 Sun 22-07-07 <br/> 
4:26 Sun 22-07-07 <br/> 
10:05 Sun 22-07-07 <br/> 
10:09 Sun 22-07-07 <br/> 
10:32 Tue 24-07-07 <br/> 
0:08 Wed 25-07-07 <br/> 
3:23 Wed 25-07-07 <br/> 
17:53 Wed 25-07-07 <br/> 
23:21 Wed 25-07-07 <br/> 
23:22 Wed 25-07-07 <br/> 
0:03 Thu 26-07-07 <br/> 
2:52 Thu 26-07-07 <br/> 
13:26 Thu 26-07-07 <br/> 
13:26 Thu 26-07-07 <br/> 
13:26 Thu 26-07-07 <br/> 
13:26 Thu 26-07-07 <br/> 
13:26 Thu 26-07-07 <br/> 
13:26 Thu 26-07-07 <br/> 
13:27 Thu 26-07-07 <br/> 
13:27 Thu 26-07-07 <br/> 
13:27 Thu 26-07-07 <br/> 
13:27 Thu 26-07-07 <br/> 
13:27 Thu 26-07-07 <br/> 
13:27 Thu 26-07-07 <br/> 
13:27 Thu 26-07-07 <br/> 
13:27 Thu 26-07-07 <br/> 
13:28 Thu 26-07-07 <br/> 
13:28 Thu 26-07-07 <br/> 
13:28 Thu 26-07-07 <br/> 
13:28 Thu 26-07-07 <br/> 
13:28 Thu 26-07-07 <br/> 
13:29 Thu 26-07-07 <br/> 
13:29 Thu 26-07-07 <br/> 
13:29 Thu 26-07-07 <br/> 
13:29 Thu 26-07-07 <br/> 
13:29 Thu 26-07-07 <br/> 
0:04 Fri 27-07-07 <br/> 
1:07 Fri 27-07-07 <br/> 
1:07 Fri 27-07-07 <br/> 
1:08 Fri 27-07-07 <br/> 
1:08 Fri 27-07-07 <br/> 
1:08 Fri 27-07-07 <br/> 
1:08 Fri 27-07-07 <br/> 
1:12 Fri 27-07-07 <br/> 
1:12 Fri 27-07-07 <br/> 
1:12 Fri 27-07-07 <br/> 
1:12 Fri 27-07-07 <br/> 
1:13 Fri 27-07-07 <br/> 
1:13 Fri 27-07-07 <br/> 
1:13 Fri 27-07-07 <br/> 
1:14 Fri 27-07-07 <br/> 
6:48 Fri 27-07-07 <br/> 
13:08 Fri 27-07-07 <br/> 
13:08 Fri 27-07-07 <br/> 
13:09 Fri 27-07-07 <br/> 
13:09 Fri 27-07-07 <br/> 
13:09 Fri 27-07-07 <br/> 
13:10 Fri 27-07-07 <br/> 
13:10 Fri 27-07-07 <br/> 
13:10 Fri 27-07-07 <br/> 
13:10 Fri 27-07-07 <br/> 
13:10 Fri 27-07-07 <br/> 
13:10 Fri 27-07-07 <br/> 
13:10 Fri 27-07-07 <br/> 
13:11 Fri 27-07-07 <br/> 
13:11 Fri 27-07-07 <br/> 
13:12 Fri 27-07-07 <br/> 
13:12 Fri 27-07-07 <br/> 
13:12 Fri 27-07-07 <br/> 
13:12 Fri 27-07-07 <br/> 
13:13 Fri 27-07-07 <br/> 
13:13 Fri 27-07-07 <br/> 
13:13 Fri 27-07-07 <br/> 
13:13 Fri 27-07-07 <br/> 
13:14 Fri 27-07-07 <br/> 
13:14 Fri 27-07-07 <br/> 
13:14 Fri 27-07-07 <br/> 
13:14 Fri 27-07-07 <br/> 
13:14 Fri 27-07-07 <br/> 
13:14 Fri 27-07-07 <br/> 
13:15 Fri 27-07-07 <br/> 
13:15 Fri 27-07-07 <br/> 
13:15 Fri 27-07-07 <br/> 
13:15 Fri 27-07-07 <br/> 
13:15 Fri 27-07-07 <br/> 
13:15 Fri 27-07-07 <br/> 
13:16 Fri 27-07-07 <br/> 
13:16 Fri 27-07-07 <br/> 
13:16 Fri 27-07-07 <br/> 
13:16 Fri 27-07-07 <br/> 
13:17 Fri 27-07-07 <br/> 
13:17 Fri 27-07-07 <br/> 
13:17 Fri 27-07-07 <br/> 
13:17 Fri 27-07-07 <br/> 
13:17 Fri 27-07-07 <br/> 
13:17 Fri 27-07-07 <br/> 
13:18 Fri 27-07-07 <br/> 
13:18 Fri 27-07-07 <br/> 
9:55 Sat 28-07-07 <br/> 
9:55 Sat 28-07-07 <br/> 
14:21 Sat 28-07-07 <br/> 
17:54 Sun 29-07-07 <br/> 
17:55 Sun 29-07-07 <br/> 
19:20 Sun 29-07-07 <br/> 
19:20 Sun 29-07-07 <br/> 
19:20 Sun 29-07-07 <br/> 
1:41 Mon 30-07-07 <br/> 
2:16 Mon 30-07-07 <br/> 
2:17 Mon 30-07-07 <br/> 
2:19 Mon 30-07-07 <br/> 
2:55 Mon 30-07-07 <br/> 
2:55 Mon 30-07-07 <br/> 
2:56 Mon 30-07-07 <br/> 
2:56 Mon 30-07-07 <br/> 
2:56 Mon 30-07-07 <br/> 
2:56 Mon 30-07-07 <br/> 
2:56 Mon 30-07-07 <br/> 
2:57 Mon 30-07-07 <br/> 
2:57 Mon 30-07-07 <br/> 
2:57 Mon 30-07-07 <br/> 
2:57 Mon 30-07-07 <br/> 
2:58 Mon 30-07-07 <br/> 
2:58 Mon 30-07-07 <br/> 
2:58 Mon 30-07-07 <br/> 
2:58 Mon 30-07-07 <br/> 
2:59 Mon 30-07-07 <br/> 
2:59 Mon 30-07-07 <br/> 
3:00 Mon 30-07-07 <br/> 
3:00 Mon 30-07-07 <br/> 
3:00 Mon 30-07-07 <br/> 
3:00 Mon 30-07-07 <br/> 
3:00 Mon 30-07-07 <br/> 
3:00 Mon 30-07-07 <br/> 
3:01 Mon 30-07-07 <br/> 
3:01 Mon 30-07-07 <br/> 
3:01 Mon 30-07-07 <br/> 
3:02 Mon 30-07-07 <br/> 
3:02 Mon 30-07-07 <br/> 
3:03 Mon 30-07-07 <br/> 
3:03 Mon 30-07-07 <br/> 
3:03 Mon 30-07-07 <br/> 
3:03 Mon 30-07-07 <br/> 
3:04 Mon 30-07-07 <br/> 
3:04 Mon 30-07-07 <br/> 
3:04 Mon 30-07-07 <br/> 
3:04 Mon 30-07-07 <br/> 
3:04 Mon 30-07-07 <br/> 
3:04 Mon 30-07-07 <br/> 
3:04 Mon 30-07-07 <br/> 
5:53 Mon 30-07-07 <br/> 
8:09 Mon 30-07-07 <br/> 
12:55 Mon 30-07-07 <br/> 
0:11 Tue 31-07-07 <br/> 
8:00 Tue 31-07-07 <br/> 
10:35 Tue 31-07-07 <br/> 
19:36 Tue 31-07-07 <br/> 
23:25 Tue 31-07-07 <br/> 
8:14 Wed 01-08-07 <br/> 
21:16 Wed 01-08-07 <br/> 
21:16 Wed 01-08-07 <br/> 
22:00 Wed 01-08-07 <br/> 
13:31 Thu 02-08-07 <br/> 
17:16 Thu 02-08-07 <br/> 
6:00 Fri 03-08-07 <br/> 
21:43 Fri 03-08-07 <br/> 
21:43 Fri 03-08-07 <br/> 
22:31 Sat 04-08-07 <br/> 
6:54 Sun 05-08-07 <br/> 
14:14 Sun 05-08-07 <br/> 
14:14 Sun 05-08-07 <br/> 
14:14 Sun 05-08-07 <br/> 
14:14 Sun 05-08-07 <br/> 
14:14 Sun 05-08-07 <br/> 
14:14 Sun 05-08-07 <br/> 
14:14 Sun 05-08-07 <br/> 
14:14 Sun 05-08-07 <br/> 
14:14 Sun 05-08-07 <br/> 
16:06 Sun 05-08-07 <br/> 
16:23 Sun 05-08-07 <br/> 
23:58 Sun 05-08-07 <br/> 
8:28 Tue 07-08-07 <br/> 
4:43 Wed 08-08-07 <br/> 
13:23 Wed 08-08-07 <br/> 
6:01 Thu 09-08-07 <br/> 
8:38 Thu 09-08-07 <br/> 
23:42 Thu 09-08-07 <br/> 
11:47 Fri 10-08-07 <br/> 
4:05 Sun 12-08-07 <br/> 
12:41 Sun 12-08-07 <br/> 
14:07 Sun 12-08-07 <br/> 
14:53 Sun 12-08-07 <br/> 
3:27 Mon 13-08-07 <br/> 
7:37 Mon 13-08-07 <br/> 
9:55 Mon 13-08-07 <br/> 
21:15 Tue 14-08-07 <br/> 
23:07 Tue 14-08-07 <br/> 
2:46 Wed 15-08-07 <br/> 
2:46 Wed 15-08-07 <br/> 
2:47 Wed 15-08-07 <br/> 
2:47 Wed 15-08-07 <br/> 
2:47 Wed 15-08-07 <br/> 
2:48 Wed 15-08-07 <br/> 
2:48 Wed 15-08-07 <br/> 
2:48 Wed 15-08-07 <br/> 
2:48 Wed 15-08-07 <br/> 
2:48 Wed 15-08-07 <br/> 
2:48 Wed 15-08-07 <br/> 
2:49 Wed 15-08-07 <br/> 
2:49 Wed 15-08-07 <br/> 
2:49 Wed 15-08-07 <br/> 
2:49 Wed 15-08-07 <br/> 
2:49 Wed 15-08-07 <br/> 
2:49 Wed 15-08-07 <br/> 
2:49 Wed 15-08-07 <br/> 
2:49 Wed 15-08-07 <br/> 
2:50 Wed 15-08-07 <br/> 
2:50 Wed 15-08-07 <br/> 
2:50 Wed 15-08-07 <br/> 
2:50 Wed 15-08-07 <br/> 
2:50 Wed 15-08-07 <br/> 
2:50 Wed 15-08-07 <br/> 
2:50 Wed 15-08-07 <br/> 
2:50 Wed 15-08-07 <br/> 
2:50 Wed 15-08-07 <br/> 
2:50 Wed 15-08-07 <br/> 
4:45 Wed 15-08-07 <br/> 
9:54 Wed 15-08-07 <br/> 
14:59 Wed 15-08-07 <br/> 
15:58 Wed 15-08-07 <br/> 
10:30 Thu 16-08-07 <br/> 
17:06 Thu 16-08-07 <br/> 
20:45 Thu 16-08-07 <br/> 
1:31 Fri 17-08-07 <br/> 
7:27 Fri 17-08-07 <br/> 
7:27 Fri 17-08-07 <br/> 
0:55 Sat 18-08-07 <br/> 
1:06 Sat 18-08-07 <br/> 
1:09 Sun 19-08-07 <br/> 
13:07 Sun 19-08-07 <br/> 
14:55 Sun 19-08-07 <br/> 
9:10 Mon 20-08-07 <br/> 
9:10 Mon 20-08-07 <br/> 
10:40 Mon 20-08-07 <br/> 
10:34 Tue 21-08-07 <br/> 
4:46 Wed 22-08-07 <br/> 
9:36 Wed 22-08-07 <br/> 
0:22 Thu 23-08-07 <br/> 
10:31 Thu 23-08-07 <br/> 
19:22 Thu 23-08-07 <br/> 
0:32 Fri 24-08-07 <br/> 
10:19 Fri 24-08-07 <br/> 
5:15 Sat 25-08-07 <br/> 
6:44 Sat 25-08-07 <br/> 
14:21 Sat 25-08-07 <br/> 
14:21 Sat 25-08-07 <br/> 
18:37 Sat 25-08-07 <br/> 
18:38 Sat 25-08-07 <br/> 
1:58 Sun 26-08-07 <br/> 
20:31 Sun 26-08-07 <br/> 
23:13 Sun 26-08-07 <br/> 
4:24 Mon 27-08-07 <br/> 
7:57 Mon 27-08-07 <br/> 
8:26 Mon 27-08-07 <br/> 
8:27 Mon 27-08-07 <br/> 
10:02 Mon 27-08-07 <br/> 
12:18 Mon 27-08-07 <br/> 
4:59 Tue 28-08-07 <br/> 
6:01 Tue 28-08-07 <br/> 
6:17 Tue 28-08-07 <br/> 
6:17 Tue 28-08-07 <br/> 
7:22 Tue 28-08-07 <br/> 
7:55 Tue 28-08-07 <br/> 
14:41 Tue 28-08-07 <br/> 
18:40 Tue 28-08-07 <br/> 
23:12 Tue 28-08-07 <br/> 
23:12 Tue 28-08-07 <br/> 
23:12 Tue 28-08-07 <br/> 
23:12 Tue 28-08-07 <br/> 
23:12 Tue 28-08-07 <br/> 
23:13 Tue 28-08-07 <br/> 
23:13 Tue 28-08-07 <br/> 
23:13 Tue 28-08-07 <br/> 
23:13 Tue 28-08-07 <br/> 
23:13 Tue 28-08-07 <br/> 
23:13 Tue 28-08-07 <br/> 
23:14 Tue 28-08-07 <br/> 
23:14 Tue 28-08-07 <br/> 
23:15 Tue 28-08-07 <br/> 
23:15 Tue 28-08-07 <br/> 
23:15 Tue 28-08-07 <br/> 
23:15 Tue 28-08-07 <br/> 
23:15 Tue 28-08-07 <br/> 
23:15 Tue 28-08-07 <br/> 
23:15 Tue 28-08-07 <br/> 
23:16 Tue 28-08-07 <br/> 
23:16 Tue 28-08-07 <br/> 
23:16 Tue 28-08-07 <br/> 
2:50 Wed 29-08-07 <br/> 
3:17 Wed 29-08-07 <br/> 
11:07 Wed 29-08-07 <br/> 
0:01 Thu 30-08-07 <br/> 
0:29 Thu 30-08-07 <br/> 
0:29 Thu 30-08-07 <br/> 
0:29 Thu 30-08-07 <br/> 
0:30 Thu 30-08-07 <br/> 
15:54 Thu 30-08-07 <br/> 
21:56 Thu 30-08-07 <br/> 
0:04 Fri 31-08-07 <br/> 
0:06 Fri 31-08-07 <br/> 
9:17 Fri 31-08-07 <br/> 
14:53 Fri 31-08-07 <br/> 
14:53 Fri 31-08-07 <br/> 
14:53 Fri 31-08-07 <br/> 
14:53 Fri 31-08-07 <br/> 
7:35 Sun 02-09-07 <br/> 
7:35 Sun 02-09-07 <br/> 
7:36 Sun 02-09-07 <br/> 
7:36 Sun 02-09-07 <br/> 
7:37 Sun 02-09-07 <br/> 
7:37 Sun 02-09-07 <br/> 
7:38 Sun 02-09-07 <br/> 
14:10 Sun 02-09-07 <br/> 
14:10 Sun 02-09-07 <br/> 
14:11 Sun 02-09-07 <br/> 
14:11 Sun 02-09-07 <br/> 
14:11 Sun 02-09-07 <br/> 
14:11 Sun 02-09-07 <br/> 
14:12 Sun 02-09-07 <br/> 
14:12 Sun 02-09-07 <br/> 
14:12 Sun 02-09-07 <br/> 
14:12 Sun 02-09-07 <br/> 
14:13 Sun 02-09-07 <br/> 
14:13 Sun 02-09-07 <br/> 
14:13 Sun 02-09-07 <br/> 
14:13 Sun 02-09-07 <br/> 
14:14 Sun 02-09-07 <br/> 
14:14 Sun 02-09-07 <br/> 
14:14 Sun 02-09-07 <br/> 
14:14 Sun 02-09-07 <br/> 
14:14 Sun 02-09-07 <br/> 
20:34 Sun 02-09-07 <br/> 
22:00 Sun 02-09-07 <br/> 
10:35 Mon 03-09-07 <br/> 
0:55 Tue 04-09-07 <br/> 
12:54 Wed 05-09-07 <br/> 
16:44 Wed 05-09-07 <br/> 
16:44 Wed 05-09-07 <br/> 
5:47 Thu 06-09-07 <br/> 
5:47 Thu 06-09-07 <br/> 
5:47 Thu 06-09-07 <br/> 
5:47 Thu 06-09-07 <br/> 
5:48 Thu 06-09-07 <br/> 
5:48 Thu 06-09-07 <br/> 
5:48 Thu 06-09-07 <br/> 
5:48 Thu 06-09-07 <br/> 
5:48 Thu 06-09-07 <br/> 
5:48 Thu 06-09-07 <br/> 
5:48 Thu 06-09-07 <br/> 
13:31 Thu 06-09-07 <br/> 
14:14 Thu 06-09-07 <br/> 
14:14 Thu 06-09-07 <br/> 
14:14 Thu 06-09-07 <br/> 
14:14 Thu 06-09-07 <br/> 
14:18 Thu 06-09-07 <br/> 
20:35 Thu 06-09-07 <br/> 
20:35 Thu 06-09-07 <br/> 
20:35 Thu 06-09-07 <br/> 
20:35 Thu 06-09-07 <br/> 
20:36 Thu 06-09-07 <br/> 
0:47 Fri 07-09-07 <br/> 
19:44 Fri 07-09-07 <br/> 
6:21 Sat 08-09-07 <br/> 
6:21 Sat 08-09-07 <br/> 
12:05 Mon 10-09-07 <br/> 
12:58 Mon 10-09-07 <br/> 
13:21 Mon 10-09-07 <br/> 
14:48 Mon 10-09-07 <br/> 
17:15 Mon 10-09-07 <br/> 
16:56 Tue 11-09-07 <br/> 
16:56 Tue 11-09-07 <br/> 
12:19 Wed 12-09-07 <br/> 
13:00 Wed 12-09-07 <br/> 
20:12 Thu 13-09-07 <br/> 
0:06 Fri 14-09-07 <br/> 
1:42 Fri 14-09-07 <br/> 
3:20 Fri 14-09-07 <br/> 
17:34 Fri 14-09-07 <br/> 
22:34 Fri 14-09-07 <br/> 
22:34 Fri 14-09-07 <br/> 
22:34 Fri 14-09-07 <br/> 
22:34 Fri 14-09-07 <br/> 
22:35 Fri 14-09-07 <br/> 
22:35 Fri 14-09-07 <br/> 
22:35 Fri 14-09-07 <br/> 
22:36 Fri 14-09-07 <br/> 
22:36 Fri 14-09-07 <br/> 
22:36 Fri 14-09-07 <br/> 
22:36 Fri 14-09-07 <br/> 
22:37 Fri 14-09-07 <br/> 
22:37 Fri 14-09-07 <br/> 
4:24 Sat 15-09-07 <br/> 
5:34 Sat 15-09-07 <br/> 
17:38 Sat 15-09-07 <br/> 
23:09 Sat 15-09-07 <br/> 
21:37 Sun 16-09-07 <br/> 
21:37 Sun 16-09-07 <br/> 
21:38 Sun 16-09-07 <br/> 
21:38 Sun 16-09-07 <br/> 
21:38 Sun 16-09-07 <br/> 
21:38 Sun 16-09-07 <br/> 
21:38 Sun 16-09-07 <br/> 
21:38 Sun 16-09-07 <br/> 
21:39 Sun 16-09-07 <br/> 
21:39 Sun 16-09-07 <br/> 
21:39 Sun 16-09-07 <br/> 
21:39 Sun 16-09-07 <br/> 
21:39 Sun 16-09-07 <br/> 
21:39 Sun 16-09-07 <br/> 
21:39 Sun 16-09-07 <br/> 
21:39 Sun 16-09-07 <br/> 
21:39 Sun 16-09-07 <br/> 
21:45 Sun 16-09-07 <br/> 
21:47 Sun 16-09-07 <br/> 
21:47 Sun 16-09-07 <br/> 
21:52 Sun 16-09-07 <br/> 
3:29 Mon 17-09-07 <br/> 
13:35 Mon 17-09-07 <br/> 
13:35 Mon 17-09-07 <br/> 
23:47 Wed 19-09-07 <br/> 
6:41 Thu 20-09-07 <br/> 
9:48 Thu 20-09-07 <br/> 
9:49 Thu 20-09-07 <br/> 
17:40 Thu 20-09-07 <br/> 
15:29 Fri 21-09-07 <br/> 
23:19 Fri 21-09-07 <br/> 
16:07 Sat 22-09-07 <br/> 
16:08 Sat 22-09-07 <br/> 
16:08 Sat 22-09-07 <br/> 
16:08 Sat 22-09-07 <br/> 
16:08 Sat 22-09-07 <br/> 
16:08 Sat 22-09-07 <br/> 
16:08 Sat 22-09-07 <br/> 
16:08 Sat 22-09-07 <br/> 
16:08 Sat 22-09-07 <br/> 
7:30 Sun 23-09-07 <br/> 
15:43 Mon 24-09-07 <br/> 
16:14 Mon 24-09-07 <br/> 
16:36 Mon 24-09-07 <br/> 
19:51 Mon 24-09-07 <br/> 
23:09 Tue 25-09-07 <br/> 
23:39 Tue 25-09-07 <br/> 
23:39 Tue 25-09-07 <br/> 
23:39 Tue 25-09-07 <br/> 
6:42 Thu 27-09-07 <br/> 
6:43 Thu 27-09-07 <br/> 
19:30 Thu 27-09-07 <br/> 
23:16 Thu 27-09-07 <br/> 
5:43 Fri 28-09-07 <br/> 
5:53 Fri 28-09-07 <br/> 
10:56 Fri 28-09-07 <br/> 
10:56 Fri 28-09-07 <br/> 
11:56 Fri 28-09-07 <br/> 
19:27 Sun 30-09-07 <br/> 
19:27 Sun 30-09-07 <br/> 
21:08 Sun 30-09-07 <br/> 
21:00 Mon 01-10-07 <br/> 
21:51 Mon 01-10-07 <br/> 
17:46 Tue 02-10-07 <br/> 
17:46 Tue 02-10-07 <br/> 
17:46 Tue 02-10-07 <br/> 
17:46 Tue 02-10-07 <br/> 
17:46 Tue 02-10-07 <br/> 
17:47 Tue 02-10-07 <br/> 
17:47 Tue 02-10-07 <br/> 
17:48 Tue 02-10-07 <br/> 
17:52 Tue 02-10-07 <br/> 
0:03 Wed 03-10-07 <br/> 
13:07 Wed 03-10-07 <br/> 
13:07 Wed 03-10-07 <br/> 
13:17 Wed 03-10-07 <br/> 
20:45 Wed 03-10-07 <br/> 
1:54 Thu 04-10-07 <br/> 
15:46 Thu 04-10-07 <br/> 
19:26 Thu 04-10-07 <br/> 
20:25 Thu 04-10-07 <br/> 
0:06 Fri 05-10-07 <br/> 
0:08 Fri 05-10-07 <br/> 
4:33 Fri 05-10-07 <br/> 
4:34 Fri 05-10-07 <br/> 
4:34 Fri 05-10-07 <br/> 
4:35 Fri 05-10-07 <br/> 
9:28 Fri 05-10-07 <br/> 
9:28 Fri 05-10-07 <br/> 
11:00 Fri 05-10-07 <br/> 
14:07 Fri 05-10-07 <br/> 
18:54 Fri 05-10-07 <br/> 
16:06 Sat 06-10-07 <br/> 
16:06 Sat 06-10-07 <br/> 
16:06 Sat 06-10-07 <br/> 
16:06 Sat 06-10-07 <br/> 
16:07 Sat 06-10-07 <br/> 
16:07 Sat 06-10-07 <br/> 
16:07 Sat 06-10-07 <br/> 
16:07 Sat 06-10-07 <br/> 
16:07 Sat 06-10-07 <br/> 
16:07 Sat 06-10-07 <br/> 
16:07 Sat 06-10-07 <br/> 
16:07 Sat 06-10-07 <br/> 
22:05 Sat 06-10-07 <br/> 
4:48 Sun 07-10-07 <br/> 
4:48 Sun 07-10-07 <br/> 
4:48 Sun 07-10-07 <br/> 
4:48 Sun 07-10-07 <br/> 
4:49 Sun 07-10-07 <br/> 
4:50 Sun 07-10-07 <br/> 
18:49 Sun 07-10-07 <br/> 
21:17 Sun 07-10-07 <br/> 
21:17 Sun 07-10-07 <br/> 
21:17 Sun 07-10-07 <br/> 
21:17 Sun 07-10-07 <br/> 
21:17 Sun 07-10-07 <br/> 
21:17 Sun 07-10-07 <br/> 
21:17 Sun 07-10-07 <br/> 
21:17 Sun 07-10-07 <br/> 
21:18 Sun 07-10-07 <br/> 
21:18 Sun 07-10-07 <br/> 
21:18 Sun 07-10-07 <br/> 
21:18 Sun 07-10-07 <br/> 
21:18 Sun 07-10-07 <br/> 
21:18 Sun 07-10-07 <br/> 
21:18 Sun 07-10-07 <br/> 
21:18 Sun 07-10-07 <br/> 
21:18 Sun 07-10-07 <br/> 
21:18 Sun 07-10-07 <br/> 
21:20 Sun 07-10-07 <br/> 
0:19 Mon 08-10-07 <br/> 
0:19 Mon 08-10-07 <br/> 
3:46 Mon 08-10-07 <br/> 
18:21 Mon 08-10-07 <br/> 
19:50 Mon 08-10-07 <br/> 
21:25 Mon 08-10-07 <br/> 
20:52 Tue 09-10-07 <br/> 
20:55 Tue 09-10-07 <br/> 
0:23 Thu 11-10-07 <br/> 
0:36 Thu 11-10-07 <br/> 
17:54 Thu 11-10-07 <br/> 
17:54 Thu 11-10-07 <br/> 
17:55 Thu 11-10-07 <br/> 
17:55 Thu 11-10-07 <br/> 
17:55 Thu 11-10-07 <br/> 
17:56 Thu 11-10-07 <br/> 
17:56 Thu 11-10-07 <br/> 
17:57 Thu 11-10-07 <br/> 
17:57 Thu 11-10-07 <br/> 
18:50 Thu 11-10-07 <br/> 
23:45 Thu 11-10-07 <br/> 
3:17 Fri 12-10-07 <br/> 
11:10 Fri 12-10-07 <br/> 
12:26 Fri 12-10-07 <br/> 
14:13 Fri 12-10-07 <br/> 
14:13 Fri 12-10-07 <br/> 
14:14 Fri 12-10-07 <br/> 
14:14 Fri 12-10-07 <br/> 
14:15 Fri 12-10-07 <br/> 
14:15 Fri 12-10-07 <br/> 
14:15 Fri 12-10-07 <br/> 
14:15 Fri 12-10-07 <br/> 
18:17 Fri 12-10-07 <br/> 
18:18 Fri 12-10-07 <br/> 
18:18 Fri 12-10-07 <br/> 
18:19 Fri 12-10-07 <br/> 
18:19 Fri 12-10-07 <br/> 
18:20 Fri 12-10-07 <br/> 
18:21 Fri 12-10-07 <br/> 
0:47 Sat 13-10-07 <br/> 
20:14 Sat 13-10-07 <br/> 
13:58 Sun 14-10-07 <br/> 
13:58 Sun 14-10-07 <br/> 
13:58 Sun 14-10-07 <br/> 
1:54 Mon 15-10-07 <br/> 
18:30 Mon 15-10-07 <br/> 
23:56 Mon 15-10-07 <br/> 
17:24 Tue 16-10-07 <br/> 
22:48 Tue 16-10-07 <br/> 
22:48 Tue 16-10-07 <br/> 
23:58 Tue 16-10-07 <br/> 
0:29 Thu 18-10-07 <br/> 
20:04 Thu 18-10-07 <br/> 
20:04 Thu 18-10-07 <br/> 
23:20 Thu 18-10-07 <br/> 
3:19 Fri 19-10-07 <br/> 
15:15 Fri 19-10-07 <br/> 
15:41 Fri 19-10-07 <br/> 
15:42 Fri 19-10-07 <br/> 
15:43 Fri 19-10-07 <br/> 
15:43 Fri 19-10-07 <br/> 
15:44 Fri 19-10-07 <br/> 
15:44 Fri 19-10-07 <br/> 
15:44 Fri 19-10-07 <br/> 
20:38 Fri 19-10-07 <br/> 
10:33 Sat 20-10-07 <br/> 
10:33 Sat 20-10-07 <br/> 
10:36 Sat 20-10-07 <br/> 
10:37 Sat 20-10-07 <br/> 
10:37 Sat 20-10-07 <br/> 
14:11 Sat 20-10-07 <br/> 
14:44 Sat 20-10-07 <br/> 
14:44 Sat 20-10-07 <br/> 
14:44 Sat 20-10-07 <br/> 
14:44 Sat 20-10-07 <br/> 
15:14 Sat 20-10-07 <br/> 
15:14 Sat 20-10-07 <br/> 
15:15 Sat 20-10-07 <br/> 
22:55 Sat 20-10-07 <br/> 
0:06 Sun 21-10-07 <br/> 
2:55 Sun 21-10-07 <br/> 
11:20 Sun 21-10-07 <br/> 
11:20 Sun 21-10-07 <br/> 
11:20 Sun 21-10-07 <br/> 
11:20 Sun 21-10-07 <br/> 
11:21 Sun 21-10-07 <br/> 
11:21 Sun 21-10-07 <br/> 
14:59 Sun 21-10-07 <br/> 
1:43 Mon 22-10-07 <br/> 
0:25 Tue 23-10-07 <br/> 
0:07 Wed 24-10-07 <br/> 
16:09 Wed 24-10-07 <br/> 
16:09 Wed 24-10-07 <br/> 
16:10 Wed 24-10-07 <br/> 
16:10 Wed 24-10-07 <br/> 
16:10 Wed 24-10-07 <br/> 
16:10 Wed 24-10-07 <br/> 
16:10 Wed 24-10-07 <br/> 
16:11 Wed 24-10-07 <br/> 
16:11 Wed 24-10-07 <br/> 
16:11 Wed 24-10-07 <br/> 
16:11 Wed 24-10-07 <br/> 
16:11 Wed 24-10-07 <br/> 
16:12 Wed 24-10-07 <br/> 
16:12 Wed 24-10-07 <br/> 
16:12 Wed 24-10-07 <br/> 
16:12 Wed 24-10-07 <br/> 
16:12 Wed 24-10-07 <br/> 
16:13 Wed 24-10-07 <br/> 
16:13 Wed 24-10-07 <br/> 
16:13 Wed 24-10-07 <br/> 
16:13 Wed 24-10-07 <br/> 
16:14 Wed 24-10-07 <br/> 
23:56 Wed 24-10-07 <br/> 
16:16 Thu 25-10-07 <br/> 
19:15 Thu 25-10-07 <br/> 
19:17 Thu 25-10-07 <br/> 
19:17 Thu 25-10-07 <br/> 
19:17 Thu 25-10-07 <br/> 
19:17 Thu 25-10-07 <br/> 
19:17 Thu 25-10-07 <br/> 
19:17 Thu 25-10-07 <br/> 
19:17 Thu 25-10-07 <br/> 
22:24 Thu 25-10-07 <br/> 
22:24 Thu 25-10-07 <br/> 
22:24 Thu 25-10-07 <br/> 
22:24 Thu 25-10-07 <br/> 
22:24 Thu 25-10-07 <br/> 
0:23 Fri 26-10-07 <br/> 
3:21 Fri 26-10-07 <br/> 
14:29 Fri 26-10-07 <br/> 
14:29 Fri 26-10-07 <br/> 
14:30 Fri 26-10-07 <br/> 
14:30 Fri 26-10-07 <br/> 
14:32 Fri 26-10-07 <br/> 
4:01 Sat 27-10-07 <br/> 
9:52 Sat 27-10-07 <br/> 
15:29 Sat 27-10-07 <br/> 
15:29 Sat 27-10-07 <br/> 
15:29 Sat 27-10-07 <br/> 
15:29 Sat 27-10-07 <br/> 
15:29 Sat 27-10-07 <br/> 
15:29 Sat 27-10-07 <br/> 
15:29 Sat 27-10-07 <br/> 
17:41 Sun 28-10-07 <br/> 
17:41 Sun 28-10-07 <br/> 
14:23 Mon 29-10-07 <br/> 
14:23 Mon 29-10-07 <br/> 
14:24 Mon 29-10-07 <br/> 
14:26 Mon 29-10-07 <br/> 
19:14 Mon 29-10-07 <br/> 
5:01 Tue 30-10-07 <br/> 
5:31 Tue 30-10-07 <br/> 
6:03 Tue 30-10-07 <br/> 
6:04 Tue 30-10-07 <br/> 
11:05 Tue 30-10-07 <br/> 
23:56 Tue 30-10-07 <br/> 
0:27 Thu 01-11-07 <br/> 
0:28 Thu 01-11-07 <br/> 
18:51 Thu 01-11-07 <br/> 
22:02 Thu 01-11-07 <br/> 
22:04 Thu 01-11-07 <br/> 
1:47 Fri 02-11-07 <br/> 
7:23 Fri 02-11-07 <br/> 
15:02 Sun 04-11-07 <br/> 
16:09 Sun 04-11-07 <br/> 
16:09 Sun 04-11-07 <br/> 
1:37 Mon 05-11-07 <br/> 
18:56 Mon 05-11-07 <br/> 
0:09 Tue 06-11-07 <br/> 
6:44 Wed 07-11-07 <br/> 
6:44 Wed 07-11-07 <br/> 
10:54 Wed 07-11-07 <br/> 
12:35 Wed 07-11-07 <br/> 
12:35 Wed 07-11-07 <br/> 
12:35 Wed 07-11-07 <br/> 
12:36 Wed 07-11-07 <br/> 
12:36 Wed 07-11-07 <br/> 
12:36 Wed 07-11-07 <br/> 
12:36 Wed 07-11-07 <br/> 
12:37 Wed 07-11-07 <br/> 
12:37 Wed 07-11-07 <br/> 
12:37 Wed 07-11-07 <br/> 
12:37 Wed 07-11-07 <br/> 
12:37 Wed 07-11-07 <br/> 
12:37 Wed 07-11-07 <br/> 
12:38 Wed 07-11-07 <br/> 
12:38 Wed 07-11-07 <br/> 
12:38 Wed 07-11-07 <br/> 
12:38 Wed 07-11-07 <br/> 
12:38 Wed 07-11-07 <br/> 
12:38 Wed 07-11-07 <br/> 
12:38 Wed 07-11-07 <br/> 
12:39 Wed 07-11-07 <br/> 
12:39 Wed 07-11-07 <br/> 
12:39 Wed 07-11-07 <br/> 
12:39 Wed 07-11-07 <br/> 
12:39 Wed 07-11-07 <br/> 
12:39 Wed 07-11-07 <br/> 
12:39 Wed 07-11-07 <br/> 
14:11 Wed 07-11-07 <br/> 
14:47 Wed 07-11-07 <br/> 
16:20 Wed 07-11-07 <br/> 
21:03 Wed 07-11-07 <br/> 
21:47 Wed 07-11-07 <br/> 
22:16 Wed 07-11-07 <br/> 
22:17 Wed 07-11-07 <br/> 
22:18 Wed 07-11-07 <br/> 
22:18 Wed 07-11-07 <br/> 
23:54 Wed 07-11-07 <br/> 
16:17 Thu 08-11-07 <br/> 
22:12 Thu 08-11-07 <br/> 
0:52 Fri 09-11-07 <br/> 
6:36 Fri 09-11-07 <br/> 
7:26 Fri 09-11-07 <br/> 
11:45 Fri 09-11-07 <br/> 
11:45 Fri 09-11-07 <br/> 
12:02 Fri 09-11-07 <br/> 
14:44 Fri 09-11-07 <br/> 
14:45 Fri 09-11-07 <br/> 
16:57 Fri 09-11-07 <br/> 
16:58 Fri 09-11-07 <br/> 
20:17 Fri 09-11-07 <br/> 
1:18 Sat 10-11-07 <br/> 
4:27 Sat 10-11-07 <br/> 
5:00 Sat 10-11-07 <br/> 
5:00 Sat 10-11-07 <br/> 
5:00 Sat 10-11-07 <br/> 
5:01 Sat 10-11-07 <br/> 
8:01 Sat 10-11-07 <br/> 
17:47 Sat 10-11-07 <br/> 
6:02 Sun 11-11-07 <br/> 
6:02 Sun 11-11-07 <br/> 
6:03 Sun 11-11-07 <br/> 
6:04 Sun 11-11-07 <br/> 
6:04 Sun 11-11-07 <br/> 
6:04 Sun 11-11-07 <br/> 
6:06 Sun 11-11-07 <br/> 
6:07 Sun 11-11-07 <br/> 
6:07 Sun 11-11-07 <br/> 
6:08 Sun 11-11-07 <br/> 
6:08 Sun 11-11-07 <br/> 
6:08 Sun 11-11-07 <br/> 
6:09 Sun 11-11-07 <br/> 
7:09 Sun 11-11-07 <br/> 
7:29 Sun 11-11-07 <br/> 
7:29 Sun 11-11-07 <br/> 
7:30 Sun 11-11-07 <br/> 
7:30 Sun 11-11-07 <br/> 
9:15 Sun 11-11-07 <br/> 
9:26 Sun 11-11-07 <br/> 
9:26 Sun 11-11-07 <br/> 
9:44 Sun 11-11-07 <br/> 
9:44 Sun 11-11-07 <br/> 
10:14 Sun 11-11-07 <br/> 
10:38 Mon 12-11-07 <br/> 
0:15 Tue 13-11-07 <br/> 
0:11 Wed 14-11-07 <br/> 
0:07 Thu 15-11-07 <br/> 
6:02 Thu 15-11-07 <br/> 
6:02 Thu 15-11-07 <br/> 
7:31 Fri 16-11-07 <br/> 
8:09 Fri 16-11-07 <br/> 
5:35 Sat 17-11-07 <br/> 
7:21 Sat 17-11-07 <br/> 
7:21 Sat 17-11-07 <br/> 
7:24 Sat 17-11-07 <br/> 
7:24 Sat 17-11-07 <br/> 
7:25 Sat 17-11-07 <br/> 
7:25 Sat 17-11-07 <br/> 
7:25 Sat 17-11-07 <br/> 
7:25 Sat 17-11-07 <br/> 
7:27 Sat 17-11-07 <br/> 
3:46 Sun 18-11-07 <br/> 
5:57 Sun 18-11-07 <br/> 
16:20 Sun 18-11-07 <br/> 
16:20 Sun 18-11-07 <br/> 
17:58 Sun 18-11-07 <br/> 
17:59 Sun 18-11-07 <br/> 
17:59 Sun 18-11-07 <br/> 
17:59 Sun 18-11-07 <br/> 
18:00 Sun 18-11-07 <br/> 
21:41 Sun 18-11-07 <br/> 
21:39 Mon 19-11-07 <br/> 
21:41 Mon 19-11-07 <br/> 
21:42 Mon 19-11-07 <br/> 
21:42 Mon 19-11-07 <br/> 
21:42 Mon 19-11-07 <br/> 
21:44 Mon 19-11-07 <br/> 
21:45 Mon 19-11-07 <br/> 
21:46 Mon 19-11-07 <br/> 
21:47 Mon 19-11-07 <br/> 
21:48 Mon 19-11-07 <br/> 
21:51 Mon 19-11-07 <br/> 
21:51 Mon 19-11-07 <br/> 
22:14 Mon 19-11-07 <br/> 
22:16 Mon 19-11-07 <br/> 
22:17 Mon 19-11-07 <br/> 
22:40 Mon 19-11-07 <br/> 
22:44 Mon 19-11-07 <br/> 
0:33 Tue 20-11-07 <br/> 
6:15 Tue 20-11-07 <br/> 
14:08 Tue 20-11-07 <br/> 
14:08 Tue 20-11-07 <br/> 
14:09 Tue 20-11-07 <br/> 
15:44 Tue 20-11-07 <br/> 
18:19 Tue 20-11-07 <br/> 
18:46 Tue 20-11-07 <br/> 
18:46 Tue 20-11-07 <br/> 
18:46 Tue 20-11-07 <br/> 
18:46 Tue 20-11-07 <br/> 
18:47 Tue 20-11-07 <br/> 
18:47 Tue 20-11-07 <br/> 
20:15 Tue 20-11-07 <br/> 
20:16 Tue 20-11-07 <br/> 
20:16 Tue 20-11-07 <br/> 
20:16 Tue 20-11-07 <br/> 
0:15 Wed 21-11-07 <br/> 
0:15 Wed 21-11-07 <br/> 
1:30 Wed 21-11-07 <br/> 
1:30 Wed 21-11-07 <br/> 
9:27 Wed 21-11-07 <br/> 
11:56 Wed 21-11-07 <br/> 
14:36 Wed 21-11-07 <br/> 
14:37 Wed 21-11-07 <br/> 
14:37 Wed 21-11-07 <br/> 
14:38 Wed 21-11-07 <br/> 
14:38 Wed 21-11-07 <br/> 
14:38 Wed 21-11-07 <br/> 
19:08 Wed 21-11-07 <br/> 
20:20 Wed 21-11-07 <br/> 
20:22 Wed 21-11-07 <br/> 
0:15 Thu 22-11-07 <br/> 
5:20 Thu 22-11-07 <br/> 
15:29 Thu 22-11-07 <br/> 
15:44 Thu 22-11-07 <br/> 
19:33 Thu 22-11-07 <br/> 
19:34 Thu 22-11-07 <br/> 
19:34 Thu 22-11-07 <br/> 
19:34 Thu 22-11-07 <br/> 
19:35 Thu 22-11-07 <br/> 
19:36 Thu 22-11-07 <br/> 
19:36 Thu 22-11-07 <br/> 
0:42 Fri 23-11-07 <br/> 
8:24 Fri 23-11-07 <br/> 
0:00 Sat 24-11-07 <br/> 
0:36 Sat 24-11-07 <br/> 
0:36 Sat 24-11-07 <br/> 
0:36 Sat 24-11-07 <br/> 
0:37 Sat 24-11-07 <br/> 
14:54 Sat 24-11-07 <br/> 
12:36 Sun 25-11-07 <br/> 
17:55 Sun 25-11-07 <br/> 
17:55 Sun 25-11-07 <br/> 
3:40 Mon 26-11-07 <br/> 
4:08 Mon 26-11-07 <br/> 
4:08 Mon 26-11-07 <br/> 
4:08 Mon 26-11-07 <br/> 
4:10 Mon 26-11-07 <br/> 
17:46 Mon 26-11-07 <br/> 
17:49 Mon 26-11-07 <br/> 
18:02 Mon 26-11-07 <br/> 
18:04 Mon 26-11-07 <br/> 
0:46 Tue 27-11-07 <br/> 
1:13 Tue 27-11-07 <br/> 
1:13 Tue 27-11-07 <br/> 
1:13 Tue 27-11-07 <br/> 
1:13 Tue 27-11-07 <br/> 
1:13 Tue 27-11-07 <br/> 
1:13 Tue 27-11-07 <br/> 
1:13 Tue 27-11-07 <br/> 
1:14 Tue 27-11-07 <br/> 
1:14 Tue 27-11-07 <br/> 
12:53 Tue 27-11-07 <br/> 
0:44 Wed 28-11-07 <br/> 
18:31 Wed 28-11-07 <br/> 
18:31 Wed 28-11-07 <br/> 
18:33 Wed 28-11-07 <br/> 
18:33 Wed 28-11-07 <br/> 
18:33 Wed 28-11-07 <br/> 
18:33 Wed 28-11-07 <br/> 
19:57 Wed 28-11-07 <br/> 
0:31 Thu 29-11-07 <br/> 
0:47 Thu 29-11-07 <br/> 
2:11 Thu 29-11-07 <br/> 
6:46 Thu 29-11-07 <br/> 
15:19 Thu 29-11-07 <br/> 
0:06 Fri 30-11-07 <br/> 
15:37 Fri 30-11-07 <br/> 
15:38 Fri 30-11-07 <br/> 
0:44 Sat 01-12-07 <br/> 
7:50 Sat 01-12-07 <br/> 
11:01 Sat 01-12-07 <br/> 
12:53 Sat 01-12-07 <br/> 
14:56 Sat 01-12-07 <br/> 
16:32 Sat 01-12-07 <br/> 
4:01 Sun 02-12-07 <br/> 
6:34 Sun 02-12-07 <br/> 
14:54 Sun 02-12-07 <br/> 
15:02 Sun 02-12-07 <br/> 
17:51 Sun 02-12-07 <br/> 
17:51 Sun 02-12-07 <br/> 
17:52 Sun 02-12-07 <br/> 
17:53 Sun 02-12-07 <br/> 
18:02 Sun 02-12-07 <br/> 
21:22 Sun 02-12-07 <br/> 
8:31 Mon 03-12-07 <br/> 
8:31 Mon 03-12-07 <br/> 
8:31 Mon 03-12-07 <br/> 
8:31 Mon 03-12-07 <br/> 
8:31 Mon 03-12-07 <br/> 
8:32 Mon 03-12-07 <br/> 
8:32 Mon 03-12-07 <br/> 
8:32 Mon 03-12-07 <br/> 
8:32 Mon 03-12-07 <br/> 
8:32 Mon 03-12-07 <br/> 
8:32 Mon 03-12-07 <br/> 
8:32 Mon 03-12-07 <br/> 
8:32 Mon 03-12-07 <br/> 
8:32 Mon 03-12-07 <br/> 
8:33 Mon 03-12-07 <br/> 
8:33 Mon 03-12-07 <br/> 
11:32 Mon 03-12-07 <br/> 
11:32 Mon 03-12-07 <br/> 
11:32 Mon 03-12-07 <br/> 
11:32 Mon 03-12-07 <br/> 
11:33 Mon 03-12-07 <br/> 
11:33 Mon 03-12-07 <br/> 
11:33 Mon 03-12-07 <br/> 
11:34 Mon 03-12-07 <br/> 
11:34 Mon 03-12-07 <br/> 
11:34 Mon 03-12-07 <br/> 
11:35 Mon 03-12-07 <br/> 
11:35 Mon 03-12-07 <br/> 
13:57 Mon 03-12-07 <br/> 
13:57 Mon 03-12-07 <br/> 
14:42 Mon 03-12-07 <br/> 
16:00 Mon 03-12-07 <br/> 
18:26 Mon 03-12-07 <br/> 
18:27 Mon 03-12-07 <br/> 
19:35 Mon 03-12-07 <br/> 
8:57 Tue 04-12-07 <br/> 
11:52 Tue 04-12-07 <br/> 
13:06 Tue 04-12-07 <br/> 
22:28 Tue 04-12-07 <br/> 
22:28 Tue 04-12-07 <br/> 
2:17 Wed 05-12-07 <br/> 
2:17 Wed 05-12-07 <br/> 
3:32 Wed 05-12-07 <br/> 
8:35 Wed 05-12-07 <br/> 
13:11 Wed 05-12-07 <br/> 
13:16 Wed 05-12-07 <br/> 
21:34 Thu 06-12-07 <br/> 
21:49 Thu 06-12-07 <br/> 
21:50 Thu 06-12-07 <br/> 
0:08 Fri 07-12-07 <br/> 
7:42 Fri 07-12-07 <br/> 
12:07 Fri 07-12-07 <br/> 
12:12 Fri 07-12-07 <br/> 
13:31 Fri 07-12-07 <br/> 
15:05 Fri 07-12-07 <br/> 
15:05 Fri 07-12-07 <br/> 
15:08 Fri 07-12-07 <br/> 
15:08 Fri 07-12-07 <br/> 
15:08 Fri 07-12-07 <br/> 
15:08 Fri 07-12-07 <br/> 
16:30 Fri 07-12-07 <br/> 
17:22 Fri 07-12-07 <br/> 
18:18 Fri 07-12-07 <br/> 
18:19 Fri 07-12-07 <br/> 
19:06 Fri 07-12-07 <br/> 
23:01 Fri 07-12-07 <br/> 
23:21 Fri 07-12-07 <br/> 
0:56 Sat 08-12-07 <br/> 
0:56 Sat 08-12-07 <br/> 
0:56 Sat 08-12-07 <br/> 
14:20 Sat 08-12-07 <br/> 
15:00 Sat 08-12-07 <br/> 
15:33 Sat 08-12-07 <br/> 
0:26 Sun 09-12-07 <br/> 
3:32 Sun 09-12-07 <br/> 
11:59 Sun 09-12-07 <br/> 
17:01 Sun 09-12-07 <br/> 
22:14 Sun 09-12-07 <br/> 
22:15 Sun 09-12-07 <br/> 
22:15 Sun 09-12-07 <br/> 
22:15 Sun 09-12-07 <br/> 
22:15 Sun 09-12-07 <br/> 
22:15 Sun 09-12-07 <br/> 
22:16 Sun 09-12-07 <br/> 
22:16 Sun 09-12-07 <br/> 
22:47 Sun 09-12-07 <br/> 
23:28 Mon 10-12-07 <br/> 
23:29 Mon 10-12-07 <br/> 
23:34 Mon 10-12-07 <br/> 
0:06 Tue 11-12-07 <br/> 
7:16 Tue 11-12-07 <br/> 
9:41 Tue 11-12-07 <br/> 
14:08 Tue 11-12-07 <br/> 
18:27 Tue 11-12-07 <br/> 
23:15 Tue 11-12-07 <br/> 
0:14 Wed 12-12-07 <br/> 
12:32 Wed 12-12-07 <br/> 
12:32 Wed 12-12-07 <br/> 
14:55 Wed 12-12-07 <br/> 
19:47 Wed 12-12-07 <br/> 
0:42 Thu 13-12-07 <br/> 
9:27 Thu 13-12-07 <br/> 
18:58 Thu 13-12-07 <br/> 
18:58 Thu 13-12-07 <br/> 
22:31 Thu 13-12-07 <br/> 
22:31 Thu 13-12-07 <br/> 
22:44 Thu 13-12-07 <br/> 
12:19 Fri 14-12-07 <br/> 
12:19 Fri 14-12-07 <br/> 
12:20 Fri 14-12-07 <br/> 
12:21 Fri 14-12-07 <br/> 
12:21 Fri 14-12-07 <br/> 
12:22 Fri 14-12-07 <br/> 
12:55 Fri 14-12-07 <br/> 
15:35 Fri 14-12-07 <br/> 
0:35 Sat 15-12-07 <br/> 
0:35 Sat 15-12-07 <br/> 
11:40 Sat 15-12-07 <br/> 
12:12 Sat 15-12-07 <br/> 
14:31 Sat 15-12-07 <br/> 
15:03 Sat 15-12-07 <br/> 
21:10 Sat 15-12-07 <br/> 
22:39 Sat 15-12-07 <br/> 
22:39 Sat 15-12-07 <br/> 
22:42 Sat 15-12-07 <br/> 
1:16 Sun 16-12-07 <br/> 
1:16 Sun 16-12-07 <br/> 
1:17 Sun 16-12-07 <br/> 
1:17 Sun 16-12-07 <br/> 
1:20 Sun 16-12-07 <br/> 
1:21 Sun 16-12-07 <br/> 
1:24 Sun 16-12-07 <br/> 
3:35 Sun 16-12-07 <br/> 
10:42 Sun 16-12-07 <br/> 
10:42 Sun 16-12-07 <br/> 
14:02 Sun 16-12-07 <br/> 
20:05 Sun 16-12-07 <br/> 
20:07 Sun 16-12-07 <br/> 
22:52 Sun 16-12-07 <br/> 
5:55 Mon 17-12-07 <br/> 
5:55 Mon 17-12-07 <br/> 
5:55 Mon 17-12-07 <br/> 
5:55 Mon 17-12-07 <br/> 
5:56 Mon 17-12-07 <br/> 
12:33 Mon 17-12-07 <br/> 
12:52 Mon 17-12-07 <br/> 
0:08 Tue 18-12-07 <br/> 
13:14 Tue 18-12-07 <br/> 
18:39 Tue 18-12-07 <br/> 
18:42 Tue 18-12-07 <br/> 
19:04 Tue 18-12-07 <br/> 
0:33 Wed 19-12-07 <br/> 
8:15 Wed 19-12-07 <br/> 
10:10 Wed 19-12-07 <br/> 
17:04 Wed 19-12-07 <br/> 
17:04 Wed 19-12-07 <br/> 
17:09 Wed 19-12-07 <br/> 
22:51 Wed 19-12-07 <br/> 
0:43 Thu 20-12-07 <br/> 
15:05 Thu 20-12-07 <br/> 
15:05 Thu 20-12-07 <br/> 
15:05 Thu 20-12-07 <br/> 
15:06 Thu 20-12-07 <br/> 
16:33 Thu 20-12-07 <br/> 
22:35 Thu 20-12-07 <br/> 
22:53 Thu 20-12-07 <br/> 
22:54 Thu 20-12-07 <br/> 
23:00 Thu 20-12-07 <br/> 
0:00 Fri 21-12-07 <br/> 
0:39 Fri 21-12-07 <br/> 
9:07 Fri 21-12-07 <br/> 
9:07 Fri 21-12-07 <br/> 
17:14 Fri 21-12-07 <br/> 
17:57 Fri 21-12-07 <br/> 
2:28 Sat 22-12-07 <br/> 
15:24 Sat 22-12-07 <br/> 
19:10 Sat 22-12-07 <br/> 
8:51 Sun 23-12-07 <br/> 
8:54 Sun 23-12-07 <br/> 
8:56 Sun 23-12-07 <br/> 
8:58 Sun 23-12-07 <br/> 
9:02 Sun 23-12-07 <br/> 
17:46 Sun 23-12-07 <br/> 
17:47 Sun 23-12-07 <br/> 
0:44 Mon 24-12-07 <br/> 
8:58 Mon 24-12-07 <br/> 
13:27 Mon 24-12-07 <br/> 
13:27 Mon 24-12-07 <br/> 
15:18 Mon 24-12-07 <br/> 
22:52 Mon 24-12-07 <br/> 
2:25 Tue 25-12-07 <br/> 
3:16 Tue 25-12-07 <br/> 
3:16 Tue 25-12-07 <br/> 
3:16 Tue 25-12-07 <br/> 
3:19 Tue 25-12-07 <br/> 
5:12 Tue 25-12-07 <br/> 
14:42 Tue 25-12-07 <br/> 
14:44 Tue 25-12-07 <br/> 
21:04 Tue 25-12-07 <br/> 
1:17 Wed 26-12-07 <br/> 
1:27 Wed 26-12-07 <br/> 
1:28 Wed 26-12-07 <br/> 
1:28 Wed 26-12-07 <br/> 
1:28 Wed 26-12-07 <br/> 
1:47 Wed 26-12-07 <br/> 
2:39 Wed 26-12-07 <br/> 
7:38 Wed 26-12-07 <br/> 
7:41 Wed 26-12-07 <br/> 
7:41 Wed 26-12-07 <br/> 
7:42 Wed 26-12-07 <br/> 
7:44 Wed 26-12-07 <br/> 
7:44 Wed 26-12-07 <br/> 
7:45 Wed 26-12-07 <br/> 
7:45 Wed 26-12-07 <br/> 
7:48 Wed 26-12-07 <br/> 
7:57 Wed 26-12-07 <br/> 
8:44 Wed 26-12-07 <br/> 
8:44 Wed 26-12-07 <br/> 
11:17 Wed 26-12-07 <br/> 
11:18 Wed 26-12-07 <br/> 
11:19 Wed 26-12-07 <br/> 
11:19 Wed 26-12-07 <br/> 
20:09 Wed 26-12-07 <br/> 
22:51 Wed 26-12-07 <br/> 
2:41 Thu 27-12-07 <br/> 
9:45 Thu 27-12-07 <br/> 
14:44 Thu 27-12-07 <br/> 
14:44 Thu 27-12-07 <br/> 
14:48 Thu 27-12-07 <br/> 
14:48 Thu 27-12-07 <br/> 
14:49 Thu 27-12-07 <br/> 
14:49 Thu 27-12-07 <br/> 
14:49 Thu 27-12-07 <br/> 
14:51 Thu 27-12-07 <br/> 
14:53 Thu 27-12-07 <br/> 
15:19 Thu 27-12-07 <br/> 
17:45 Thu 27-12-07 <br/> 
17:46 Thu 27-12-07 <br/> 
17:49 Thu 27-12-07 <br/> 
20:41 Thu 27-12-07 <br/> 
21:28 Thu 27-12-07 <br/> 
23:22 Thu 27-12-07 <br/> 
0:57 Fri 28-12-07 <br/> 
11:01 Fri 28-12-07 <br/> 
13:54 Fri 28-12-07 <br/> 
13:54 Fri 28-12-07 <br/> 
13:55 Fri 28-12-07 <br/> 
13:55 Fri 28-12-07 <br/> 
13:56 Fri 28-12-07 <br/> 
15:10 Fri 28-12-07 <br/> 
15:11 Fri 28-12-07 <br/> 
15:12 Fri 28-12-07 <br/> 
15:12 Fri 28-12-07 <br/> 
15:13 Fri 28-12-07 <br/> 
15:19 Fri 28-12-07 <br/> 
15:19 Fri 28-12-07 <br/> 
15:19 Fri 28-12-07 <br/> 
15:20 Fri 28-12-07 <br/> 
15:46 Fri 28-12-07 <br/> 
15:47 Fri 28-12-07 <br/> 
15:47 Fri 28-12-07 <br/> 
15:47 Fri 28-12-07 <br/> 
15:28 Sat 29-12-07 <br/> 
18:15 Sat 29-12-07 <br/> 
20:43 Sun 30-12-07 <br/> 
20:44 Sun 30-12-07 <br/> 
20:52 Sun 30-12-07 <br/> 
23:57 Sun 30-12-07 <br/> 
19:58 Mon 31-12-07 <br/> 
19:59 Mon 31-12-07 <br/> 
22:19 Mon 31-12-07 <br/> 
4:46 Tue 01-01-08 <br/> 
15:08 Tue 01-01-08 <br/> 
15:08 Tue 01-01-08 <br/> 
17:41 Tue 01-01-08 <br/> 
21:14 Tue 01-01-08 <br/> 
21:53 Tue 01-01-08 <br/> 
23:29 Wed 02-01-08 <br/> 
23:29 Wed 02-01-08 <br/> 
23:32 Wed 02-01-08 <br/> 
23:32 Wed 02-01-08 <br/> 
23:35 Wed 02-01-08 <br/> 
23:35 Wed 02-01-08 <br/> 
23:37 Wed 02-01-08 <br/> 
23:37 Wed 02-01-08 <br/> 
23:38 Wed 02-01-08 <br/> 
23:40 Wed 02-01-08 <br/> 
23:40 Wed 02-01-08 <br/> 
23:40 Wed 02-01-08 <br/> 
5:10 Thu 03-01-08 <br/> 
5:10 Thu 03-01-08 <br/> 
13:17 Thu 03-01-08 <br/> 
13:19 Thu 03-01-08 <br/> 
13:20 Thu 03-01-08 <br/> 
13:20 Thu 03-01-08 <br/> 
13:21 Thu 03-01-08 <br/> 
13:22 Thu 03-01-08 <br/> 
17:34 Thu 03-01-08 <br/> 
17:34 Thu 03-01-08 <br/> 
18:03 Thu 03-01-08 <br/> 
16:27 Fri 04-01-08 <br/> 
16:27 Fri 04-01-08 <br/> 
17:27 Fri 04-01-08 <br/> 
17:56 Fri 04-01-08 <br/> 
