2:00 Thu 01-01-70 
9:38 Thu 06-07-06 
9:42 Thu 06-07-06 
9:50 Thu 06-07-06 
12:04 Thu 06-07-06 
21:12 Thu 06-07-06 
22:00 Thu 06-07-06 
22:40 Thu 06-07-06 
0:33 Fri 07-07-06 
2:07 Fri 07-07-06 
2:58 Fri 07-07-06 
4:49 Fri 07-07-06 
10:49 Fri 07-07-06 
11:51 Fri 07-07-06 
13:47 Fri 07-07-06 
18:21 Fri 07-07-06 
20:04 Fri 07-07-06 
21:29 Fri 07-07-06 
3:12 Sat 08-07-06 
10:54 Sat 08-07-06 
12:57 Sat 08-07-06 
15:41 Sat 08-07-06 
15:48 Sat 08-07-06 
16:01 Sat 08-07-06 
17:38 Sat 08-07-06 
18:54 Sat 08-07-06 
18:54 Sat 08-07-06 
8:25 Mon 10-07-06 
0:58 Tue 11-07-06 
17:30 Tue 11-07-06 
17:42 Tue 11-07-06 
18:59 Tue 11-07-06 
19:10 Tue 11-07-06 
22:36 Tue 11-07-06 
10:35 Wed 12-07-06 
11:58 Wed 12-07-06 
15:28 Wed 12-07-06 
22:31 Wed 12-07-06 
17:12 Thu 13-07-06 
19:33 Thu 13-07-06 
20:08 Thu 13-07-06 
21:55 Fri 14-07-06 
23:47 Fri 14-07-06 
10:03 Sat 15-07-06 
14:37 Sat 15-07-06 
0:29 Sun 16-07-06 
8:13 Sun 16-07-06 
12:44 Mon 17-07-06 
13:23 Mon 17-07-06 
18:28 Mon 17-07-06 
5:57 Tue 18-07-06 
12:36 Tue 18-07-06 
13:20 Tue 18-07-06 
14:56 Tue 18-07-06 
17:46 Tue 18-07-06 
19:30 Tue 18-07-06 
20:07 Tue 18-07-06 
11:56 Wed 19-07-06 
12:14 Wed 19-07-06 
14:40 Wed 19-07-06 <br/> 
9:05 Thu 20-07-06 <br/> 
11:26 Thu 20-07-06 <br/> 
21:34 Thu 20-07-06 <br/> 
21:41 Thu 20-07-06 <br/> 
1:11 Fri 21-07-06 <br/> 
1:18 Fri 21-07-06 <br/> 
5:20 Fri 21-07-06 <br/> 
13:34 Fri 21-07-06 <br/> 
1:28 Sat 22-07-06 <br/> 
18:42 Sun 15-10-06 <br/> 
7:24 Sat 11-11-06 <br/> 
17:06 Sat 11-11-06 <br/> 
17:06 Sat 11-11-06 <br/> 
6:15 Sun 12-11-06 <br/> 
3:37 Tue 21-11-06 <br/> 
16:38 Tue 21-11-06 <br/> 
22:31 Tue 21-11-06 <br/> 
4:57 Wed 22-11-06 <br/> 
15:33 Fri 24-11-06 <br/> 
18:34 Fri 24-11-06 <br/> 
23:41 Fri 24-11-06 <br/> 
11:00 Sat 25-11-06 <br/> 
17:16 Sat 25-11-06 <br/> 
22:27 Sat 25-11-06 <br/> 
22:29 Sat 25-11-06 <br/> 
22:33 Sat 25-11-06 <br/> 
6:34 Sun 26-11-06 <br/> 
6:56 Sun 26-11-06 <br/> 
8:07 Sun 26-11-06 <br/> 
0:33 Thu 30-11-06 <br/> 
1:26 Thu 30-11-06 <br/> 
23:57 Thu 30-11-06 <br/> 
17:18 Sat 02-12-06 <br/> 
23:41 Sun 03-12-06 <br/> 
23:44 Sun 03-12-06 <br/> 
2:25 Mon 04-12-06 <br/> 
23:04 Tue 05-12-06 <br/> 
2:57 Wed 06-12-06 <br/> 
19:27 Thu 07-12-06 <br/> 
19:28 Thu 07-12-06 <br/> 
15:41 Fri 08-12-06 <br/> 
12:35 Sat 09-12-06 <br/> 
13:20 Sat 09-12-06 <br/> 
14:44 Sat 09-12-06 <br/> 
15:40 Sat 09-12-06 <br/> 
15:42 Sat 09-12-06 <br/> 
21:00 Sat 09-12-06 <br/> 
21:01 Sat 09-12-06 <br/> 
21:01 Sat 09-12-06 <br/> 
5:38 Sun 10-12-06 <br/> 
5:38 Mon 11-12-06 <br/> 
0:08 Tue 12-12-06 <br/> 
0:08 Tue 12-12-06 <br/> 
5:42 Tue 12-12-06 <br/> 
6:58 Tue 12-12-06 <br/> 
21:39 Tue 12-12-06 <br/> 
21:41 Tue 12-12-06 <br/> 
22:00 Tue 12-12-06 <br/> 
5:42 Wed 13-12-06 <br/> 
22:33 Wed 13-12-06 <br/> 
0:12 Thu 14-12-06 <br/> 
5:42 Thu 14-12-06 <br/> 
9:19 Thu 14-12-06 <br/> 
9:19 Thu 14-12-06 <br/> 
0:01 Fri 15-12-06 <br/> 
8:01 Fri 15-12-06 <br/> 
2:28 Sat 16-12-06 <br/> 
18:07 Sat 16-12-06 <br/> 
18:13 Sat 16-12-06 <br/> 
21:01 Sat 16-12-06 <br/> 
21:05 Sat 16-12-06 <br/> 
6:59 Mon 18-12-06 <br/> 
7:25 Mon 18-12-06 <br/> 
8:30 Mon 18-12-06 <br/> 
7:26 Tue 19-12-06 <br/> 
7:48 Tue 19-12-06 <br/> 
8:00 Wed 20-12-06 <br/> 
5:08 Thu 21-12-06 <br/> 
9:32 Thu 21-12-06 <br/> 
15:31 Sat 23-12-06 <br/> 
18:14 Sat 23-12-06 <br/> 
18:23 Sat 23-12-06 <br/> 
21:02 Sat 23-12-06 <br/> 
10:49 Sun 24-12-06 <br/> 
13:23 Sun 24-12-06 <br/> 
18:15 Sun 24-12-06 <br/> 
20:14 Sun 24-12-06 <br/> 
0:36 Tue 26-12-06 <br/> 
4:29 Tue 26-12-06 <br/> 
8:01 Wed 27-12-06 <br/> 
17:35 Wed 27-12-06 <br/> 
21:29 Wed 27-12-06 <br/> 
3:40 Thu 28-12-06 <br/> 
7:00 Thu 28-12-06 <br/> 
7:13 Thu 28-12-06 <br/> 
8:01 Thu 28-12-06 <br/> 
11:21 Thu 28-12-06 <br/> 
11:22 Thu 28-12-06 <br/> 
11:23 Thu 28-12-06 <br/> 
13:08 Thu 28-12-06 <br/> 
17:27 Thu 28-12-06 <br/> 
22:42 Thu 28-12-06 <br/> 
22:47 Thu 28-12-06 <br/> 
22:47 Thu 28-12-06 <br/> 
15:09 Fri 29-12-06 <br/> 
22:16 Fri 29-12-06 <br/> 
0:22 Sat 30-12-06 <br/> 
10:21 Sat 30-12-06 <br/> 
18:46 Sat 30-12-06 <br/> 
20:11 Sat 30-12-06 <br/> 
21:03 Sat 30-12-06 <br/> 
1:10 Sun 31-12-06 <br/> 
1:32 Sun 31-12-06 <br/> 
15:45 Sun 31-12-06 <br/> 
15:46 Sun 31-12-06 <br/> 
3:28 Mon 01-01-07 <br/> 
18:55 Mon 01-01-07 <br/> 
18:55 Mon 01-01-07 <br/> 
12:05 Tue 02-01-07 <br/> 
18:34 Tue 02-01-07 <br/> 
19:31 Tue 02-01-07 <br/> 
23:58 Tue 02-01-07 <br/> 
1:07 Wed 03-01-07 <br/> 
1:08 Wed 03-01-07 <br/> 
2:54 Wed 03-01-07 <br/> 
4:33 Wed 03-01-07 <br/> 
4:33 Wed 03-01-07 <br/> 
4:33 Wed 03-01-07 <br/> 
6:00 Wed 03-01-07 <br/> 
6:05 Wed 03-01-07 <br/> 
7:12 Wed 03-01-07 <br/> 
8:33 Wed 03-01-07 <br/> 
9:18 Wed 03-01-07 <br/> 
10:28 Wed 03-01-07 <br/> 
11:01 Wed 03-01-07 <br/> 
11:02 Wed 03-01-07 <br/> 
11:02 Wed 03-01-07 <br/> 
11:02 Wed 03-01-07 <br/> 
12:41 Wed 03-01-07 <br/> 
12:41 Wed 03-01-07 <br/> 
12:42 Wed 03-01-07 <br/> 
12:42 Wed 03-01-07 <br/> 
17:05 Wed 03-01-07 <br/> 
17:59 Wed 03-01-07 <br/> 
18:37 Wed 03-01-07 <br/> 
19:04 Wed 03-01-07 <br/> 
22:49 Wed 03-01-07 <br/> 
22:53 Wed 03-01-07 <br/> 
23:05 Wed 03-01-07 <br/> 
23:54 Wed 03-01-07 <br/> 
3:11 Thu 04-01-07 <br/> 
5:47 Thu 04-01-07 <br/> 
8:30 Thu 04-01-07 <br/> 
8:39 Thu 04-01-07 <br/> 
11:11 Thu 04-01-07 <br/> 
11:44 Thu 04-01-07 <br/> 
11:45 Thu 04-01-07 <br/> 
15:15 Thu 04-01-07 <br/> 
21:11 Thu 04-01-07 <br/> 
21:11 Thu 04-01-07 <br/> 
21:54 Thu 04-01-07 <br/> 
5:02 Fri 05-01-07 <br/> 
9:54 Fri 05-01-07 <br/> 
10:25 Fri 05-01-07 <br/> 
13:34 Fri 05-01-07 <br/> 
13:34 Fri 05-01-07 <br/> 
13:34 Fri 05-01-07 <br/> 
15:53 Fri 05-01-07 <br/> 
19:31 Fri 05-01-07 <br/> 
21:14 Fri 05-01-07 <br/> 
23:17 Fri 05-01-07 <br/> 
23:17 Fri 05-01-07 <br/> 
1:19 Sat 06-01-07 <br/> 
1:21 Sat 06-01-07 <br/> 
1:21 Sat 06-01-07 <br/> 
1:22 Sat 06-01-07 <br/> 
1:22 Sat 06-01-07 <br/> 
1:22 Sat 06-01-07 <br/> 
1:22 Sat 06-01-07 <br/> 
1:23 Sat 06-01-07 <br/> 
1:23 Sat 06-01-07 <br/> 
1:23 Sat 06-01-07 <br/> 
1:23 Sat 06-01-07 <br/> 
1:24 Sat 06-01-07 <br/> 
1:25 Sat 06-01-07 <br/> 
8:23 Sat 06-01-07 <br/> 
10:04 Sat 06-01-07 <br/> 
18:55 Sat 06-01-07 <br/> 
21:27 Sat 06-01-07 <br/> 
22:11 Sat 06-01-07 <br/> 
23:51 Sat 06-01-07 <br/> 
23:51 Sat 06-01-07 <br/> 
23:51 Sat 06-01-07 <br/> 
0:00 Sun 07-01-07 <br/> 
0:19 Sun 07-01-07 <br/> 
1:37 Sun 07-01-07 <br/> 
6:33 Sun 07-01-07 <br/> 
12:08 Sun 07-01-07 <br/> 
14:20 Sun 07-01-07 <br/> 
14:28 Sun 07-01-07 <br/> 
15:16 Sun 07-01-07 <br/> 
16:09 Sun 07-01-07 <br/> 
17:43 Sun 07-01-07 <br/> 
17:56 Sun 07-01-07 <br/> 
18:44 Sun 07-01-07 <br/> 
23:07 Sun 07-01-07 <br/> 
0:53 Mon 08-01-07 <br/> 
1:12 Mon 08-01-07 <br/> 
21:50 Mon 08-01-07 <br/> 
21:55 Mon 08-01-07 <br/> 
10:33 Tue 09-01-07 <br/> 
10:34 Tue 09-01-07 <br/> 
10:34 Tue 09-01-07 <br/> 
10:34 Tue 09-01-07 <br/> 
10:44 Tue 09-01-07 <br/> 
12:16 Tue 09-01-07 <br/> 
12:33 Tue 09-01-07 <br/> 
13:19 Tue 09-01-07 <br/> 
13:24 Tue 09-01-07 <br/> 
13:24 Tue 09-01-07 <br/> 
13:26 Tue 09-01-07 <br/> 
13:46 Tue 09-01-07 <br/> 
16:18 Tue 09-01-07 <br/> 
16:28 Tue 09-01-07 <br/> 
16:32 Tue 09-01-07 <br/> 
16:33 Tue 09-01-07 <br/> 
17:28 Tue 09-01-07 <br/> 
17:29 Tue 09-01-07 <br/> 
17:31 Tue 09-01-07 <br/> 
17:31 Tue 09-01-07 <br/> 
18:22 Tue 09-01-07 <br/> 
19:06 Tue 09-01-07 <br/> 
0:34 Wed 10-01-07 <br/> 
0:34 Wed 10-01-07 <br/> 
11:30 Wed 10-01-07 <br/> 
14:26 Wed 10-01-07 <br/> 
23:12 Wed 10-01-07 <br/> 
23:24 Wed 10-01-07 <br/> 
23:25 Wed 10-01-07 <br/> 
23:25 Wed 10-01-07 <br/> 
23:26 Wed 10-01-07 <br/> 
0:30 Thu 11-01-07 <br/> 
0:30 Thu 11-01-07 <br/> 
15:28 Thu 11-01-07 <br/> 
14:38 Fri 12-01-07 <br/> 
14:38 Fri 12-01-07 <br/> 
16:16 Fri 12-01-07 <br/> 
19:27 Fri 12-01-07 <br/> 
20:42 Fri 12-01-07 <br/> 
20:42 Fri 12-01-07 <br/> 
2:40 Sat 13-01-07 <br/> 
7:35 Sat 13-01-07 <br/> 
7:35 Sat 13-01-07 <br/> 
7:35 Sat 13-01-07 <br/> 
7:35 Sat 13-01-07 <br/> 
7:35 Sat 13-01-07 <br/> 
7:35 Sat 13-01-07 <br/> 
7:35 Sat 13-01-07 <br/> 
20:52 Sat 13-01-07 <br/> 
20:52 Sat 13-01-07 <br/> 
22:19 Sat 13-01-07 <br/> 
7:27 Sun 14-01-07 <br/> 
7:27 Sun 14-01-07 <br/> 
7:27 Sun 14-01-07 <br/> 
7:27 Sun 14-01-07 <br/> 
7:28 Sun 14-01-07 <br/> 
7:28 Sun 14-01-07 <br/> 
7:28 Sun 14-01-07 <br/> 
7:28 Sun 14-01-07 <br/> 
7:28 Sun 14-01-07 <br/> 
7:28 Sun 14-01-07 <br/> 
7:28 Sun 14-01-07 <br/> 
7:28 Sun 14-01-07 <br/> 
7:28 Sun 14-01-07 <br/> 
20:23 Sun 14-01-07 <br/> 
21:11 Sun 14-01-07 <br/> 
21:14 Sun 14-01-07 <br/> 
0:54 Mon 15-01-07 <br/> 
1:02 Mon 15-01-07 <br/> 
1:15 Mon 15-01-07 <br/> 
1:23 Mon 15-01-07 <br/> 
1:25 Mon 15-01-07 <br/> 
17:07 Mon 15-01-07 <br/> 
17:07 Mon 15-01-07 <br/> 
17:07 Mon 15-01-07 <br/> 
17:07 Mon 15-01-07 <br/> 
17:07 Mon 15-01-07 <br/> 
17:07 Mon 15-01-07 <br/> 
18:48 Mon 15-01-07 <br/> 
18:48 Mon 15-01-07 <br/> 
18:50 Mon 15-01-07 <br/> 
18:50 Mon 15-01-07 <br/> 
20:35 Mon 15-01-07 <br/> 
20:36 Mon 15-01-07 <br/> 
20:36 Mon 15-01-07 <br/> 
23:13 Mon 15-01-07 <br/> 
1:36 Tue 16-01-07 <br/> 
6:08 Tue 16-01-07 <br/> 
0:22 Wed 17-01-07 <br/> 
0:36 Wed 17-01-07 <br/> 
1:57 Wed 17-01-07 <br/> 
2:03 Wed 17-01-07 <br/> 
2:03 Wed 17-01-07 <br/> 
2:12 Wed 17-01-07 <br/> 
20:54 Wed 17-01-07 <br/> 
22:21 Wed 17-01-07 <br/> 
23:12 Wed 17-01-07 <br/> 
23:12 Wed 17-01-07 <br/> 
23:23 Wed 17-01-07 <br/> 
0:43 Thu 18-01-07 <br/> 
0:54 Thu 18-01-07 <br/> 
4:06 Thu 18-01-07 <br/> 
8:05 Thu 18-01-07 <br/> 
9:51 Thu 18-01-07 <br/> 
14:39 Thu 18-01-07 <br/> 
23:32 Thu 18-01-07 <br/> 
4:58 Fri 19-01-07 <br/> 
5:31 Fri 19-01-07 <br/> 
6:19 Fri 19-01-07 <br/> 
6:23 Fri 19-01-07 <br/> 
15:06 Fri 19-01-07 <br/> 
15:06 Fri 19-01-07 <br/> 
15:06 Fri 19-01-07 <br/> 
15:07 Fri 19-01-07 <br/> 
15:07 Fri 19-01-07 <br/> 
15:07 Fri 19-01-07 <br/> 
15:07 Fri 19-01-07 <br/> 
16:22 Fri 19-01-07 <br/> 
1:15 Sat 20-01-07 <br/> 
1:47 Sat 20-01-07 <br/> 
2:56 Sat 20-01-07 <br/> 
5:24 Sat 20-01-07 <br/> 
11:16 Sat 20-01-07 <br/> 
12:25 Sat 20-01-07 <br/> 
16:05 Sat 20-01-07 <br/> 
18:31 Sat 20-01-07 <br/> 
1:49 Sun 21-01-07 <br/> 
5:36 Sun 21-01-07 <br/> 
10:38 Sun 21-01-07 <br/> 
12:24 Sun 21-01-07 <br/> 
14:28 Sun 21-01-07 <br/> 
19:07 Sun 21-01-07 <br/> 
20:29 Sun 21-01-07 <br/> 
23:44 Sun 21-01-07 <br/> 
23:44 Sun 21-01-07 <br/> 
7:22 Mon 22-01-07 <br/> 
7:38 Mon 22-01-07 <br/> 
0:56 Tue 23-01-07 <br/> 
5:19 Tue 23-01-07 <br/> 
5:39 Tue 23-01-07 <br/> 
5:39 Tue 23-01-07 <br/> 
5:43 Tue 23-01-07 <br/> 
8:40 Tue 23-01-07 <br/> 
8:40 Tue 23-01-07 <br/> 
8:41 Tue 23-01-07 <br/> 
8:41 Tue 23-01-07 <br/> 
12:45 Tue 23-01-07 <br/> 
13:35 Tue 23-01-07 <br/> 
23:06 Tue 23-01-07 <br/> 
23:06 Tue 23-01-07 <br/> 
23:07 Tue 23-01-07 <br/> 
23:07 Tue 23-01-07 <br/> 
23:07 Tue 23-01-07 <br/> 
23:07 Tue 23-01-07 <br/> 
23:08 Tue 23-01-07 <br/> 
23:08 Tue 23-01-07 <br/> 
23:08 Tue 23-01-07 <br/> 
23:08 Tue 23-01-07 <br/> 
0:29 Wed 24-01-07 <br/> 
0:29 Wed 24-01-07 <br/> 
0:33 Wed 24-01-07 <br/> 
0:33 Wed 24-01-07 <br/> 
0:34 Wed 24-01-07 <br/> 
0:34 Wed 24-01-07 <br/> 
0:34 Wed 24-01-07 <br/> 
20:08 Wed 24-01-07 <br/> 
20:56 Wed 24-01-07 <br/> 
22:05 Wed 24-01-07 <br/> 
22:25 Wed 24-01-07 <br/> 
22:49 Wed 24-01-07 <br/> 
22:53 Wed 24-01-07 <br/> 
23:16 Wed 24-01-07 <br/> 
23:54 Wed 24-01-07 <br/> 
23:54 Wed 24-01-07 <br/> 
0:06 Thu 25-01-07 <br/> 
0:06 Thu 25-01-07 <br/> 
0:06 Thu 25-01-07 <br/> 
0:06 Thu 25-01-07 <br/> 
0:24 Thu 25-01-07 <br/> 
0:50 Thu 25-01-07 <br/> 
7:30 Thu 25-01-07 <br/> 
8:29 Thu 25-01-07 <br/> 
17:50 Thu 25-01-07 <br/> 
18:22 Thu 25-01-07 <br/> 
0:25 Fri 26-01-07 <br/> 
12:34 Fri 26-01-07 <br/> 
16:29 Fri 26-01-07 <br/> 
21:49 Fri 26-01-07 <br/> 
21:54 Fri 26-01-07 <br/> 
21:54 Fri 26-01-07 <br/> 
22:03 Fri 26-01-07 <br/> 
22:04 Fri 26-01-07 <br/> 
9:38 Sat 27-01-07 <br/> 
9:39 Sat 27-01-07 <br/> 
11:32 Sat 27-01-07 <br/> 
14:21 Sat 27-01-07 <br/> 
17:07 Sat 27-01-07 <br/> 
17:34 Sat 27-01-07 <br/> 
18:33 Sat 27-01-07 <br/> 
19:52 Sat 27-01-07 <br/> 
19:52 Sat 27-01-07 <br/> 
22:48 Sat 27-01-07 <br/> 
22:48 Sat 27-01-07 <br/> 
22:48 Sat 27-01-07 <br/> 
22:49 Sat 27-01-07 <br/> 
22:49 Sat 27-01-07 <br/> 
1:43 Sun 28-01-07 <br/> 
11:38 Sun 28-01-07 <br/> 
13:14 Sun 28-01-07 <br/> 
14:27 Sun 28-01-07 <br/> 
14:27 Sun 28-01-07 <br/> 
16:09 Sun 28-01-07 <br/> 
18:37 Sun 28-01-07 <br/> 
20:32 Sun 28-01-07 <br/> 
22:25 Sun 28-01-07 <br/> 
1:02 Mon 29-01-07 <br/> 
2:15 Mon 29-01-07 <br/> 
2:16 Mon 29-01-07 <br/> 
13:54 Mon 29-01-07 <br/> 
13:54 Mon 29-01-07 <br/> 
16:01 Mon 29-01-07 <br/> 
18:49 Mon 29-01-07 <br/> 
20:26 Mon 29-01-07 <br/> 
23:32 Mon 29-01-07 <br/> 
1:11 Tue 30-01-07 <br/> 
4:48 Tue 30-01-07 <br/> 
4:48 Tue 30-01-07 <br/> 
4:48 Tue 30-01-07 <br/> 
4:48 Tue 30-01-07 <br/> 
4:53 Tue 30-01-07 <br/> 
18:04 Tue 30-01-07 <br/> 
18:06 Tue 30-01-07 <br/> 
18:06 Tue 30-01-07 <br/> 
18:06 Tue 30-01-07 <br/> 
18:20 Tue 30-01-07 <br/> 
18:20 Tue 30-01-07 <br/> 
18:20 Tue 30-01-07 <br/> 
18:21 Tue 30-01-07 <br/> 
18:21 Tue 30-01-07 <br/> 
18:21 Tue 30-01-07 <br/> 
18:21 Tue 30-01-07 <br/> 
18:22 Tue 30-01-07 <br/> 
20:54 Tue 30-01-07 <br/> 
20:54 Tue 30-01-07 <br/> 
20:58 Tue 30-01-07 <br/> 
21:15 Tue 30-01-07 <br/> 
6:44 Wed 31-01-07 <br/> 
7:01 Wed 31-01-07 <br/> 
7:40 Wed 31-01-07 <br/> 
8:29 Wed 31-01-07 <br/> 
10:23 Wed 31-01-07 <br/> 
11:26 Wed 31-01-07 <br/> 
11:26 Wed 31-01-07 <br/> 
14:40 Wed 31-01-07 <br/> 
16:10 Wed 31-01-07 <br/> 
16:28 Wed 31-01-07 <br/> 
17:04 Wed 31-01-07 <br/> 
17:44 Wed 31-01-07 <br/> 
17:59 Wed 31-01-07 <br/> 
17:59 Wed 31-01-07 <br/> 
18:00 Wed 31-01-07 <br/> 
18:18 Wed 31-01-07 <br/> 
18:42 Wed 31-01-07 <br/> 
20:07 Wed 31-01-07 <br/> 
20:18 Wed 31-01-07 <br/> 
20:23 Wed 31-01-07 <br/> 
21:15 Wed 31-01-07 <br/> 
21:22 Wed 31-01-07 <br/> 
23:12 Wed 31-01-07 <br/> 
23:12 Wed 31-01-07 <br/> 
23:17 Wed 31-01-07 <br/> 
23:32 Wed 31-01-07 <br/> 
0:10 Thu 01-02-07 <br/> 
0:10 Thu 01-02-07 <br/> 
1:00 Thu 01-02-07 <br/> 
2:56 Thu 01-02-07 <br/> 
5:45 Thu 01-02-07 <br/> 
8:32 Thu 01-02-07 <br/> 
14:39 Thu 01-02-07 <br/> 
4:38 Fri 02-02-07 <br/> 
16:33 Fri 02-02-07 <br/> 
21:18 Fri 02-02-07 <br/> 
22:59 Fri 02-02-07 <br/> 
8:30 Sat 03-02-07 <br/> 
8:30 Sat 03-02-07 <br/> 
12:38 Sat 03-02-07 <br/> 
12:38 Sat 03-02-07 <br/> 
12:38 Sat 03-02-07 <br/> 
12:38 Sat 03-02-07 <br/> 
22:02 Sat 03-02-07 <br/> 
0:09 Sun 04-02-07 <br/> 
2:28 Sun 04-02-07 <br/> 
2:52 Sun 04-02-07 <br/> 
7:35 Sun 04-02-07 <br/> 
9:24 Sun 04-02-07 <br/> 
15:15 Sun 04-02-07 <br/> 
18:33 Sun 04-02-07 <br/> 
21:00 Sun 04-02-07 <br/> 
22:11 Sun 04-02-07 <br/> 
0:16 Mon 05-02-07 <br/> 
1:59 Mon 05-02-07 <br/> 
17:17 Mon 05-02-07 <br/> 
17:17 Mon 05-02-07 <br/> 
17:17 Mon 05-02-07 <br/> 
17:18 Mon 05-02-07 <br/> 
0:42 Tue 06-02-07 <br/> 
1:12 Tue 06-02-07 <br/> 
1:13 Tue 06-02-07 <br/> 
1:13 Tue 06-02-07 <br/> 
1:13 Tue 06-02-07 <br/> 
1:13 Tue 06-02-07 <br/> 
1:13 Tue 06-02-07 <br/> 
1:13 Tue 06-02-07 <br/> 
1:14 Tue 06-02-07 <br/> 
4:40 Tue 06-02-07 <br/> 
19:57 Tue 06-02-07 <br/> 
4:56 Wed 07-02-07 <br/> 
5:46 Wed 07-02-07 <br/> 
13:34 Wed 07-02-07 <br/> 
23:43 Wed 07-02-07 <br/> 
0:50 Thu 08-02-07 <br/> 
0:55 Thu 08-02-07 <br/> 
5:16 Thu 08-02-07 <br/> 
8:41 Thu 08-02-07 <br/> 
12:24 Thu 08-02-07 <br/> 
12:25 Thu 08-02-07 <br/> 
12:26 Thu 08-02-07 <br/> 
12:26 Thu 08-02-07 <br/> 
12:26 Thu 08-02-07 <br/> 
12:26 Thu 08-02-07 <br/> 
16:09 Thu 08-02-07 <br/> 
3:21 Fri 09-02-07 <br/> 
11:35 Fri 09-02-07 <br/> 
13:03 Fri 09-02-07 <br/> 
17:46 Fri 09-02-07 <br/> 
19:11 Fri 09-02-07 <br/> 
19:11 Fri 09-02-07 <br/> 
21:08 Fri 09-02-07 <br/> 
3:47 Sat 10-02-07 <br/> 
19:43 Sat 10-02-07 <br/> 
19:57 Sat 10-02-07 <br/> 
19:57 Sat 10-02-07 <br/> 
22:08 Sat 10-02-07 <br/> 
15:54 Sun 11-02-07 <br/> 
11:28 Tue 13-02-07 <br/> 
11:28 Tue 13-02-07 <br/> 
13:09 Tue 13-02-07 <br/> 
14:19 Tue 13-02-07 <br/> 
17:15 Tue 13-02-07 <br/> 
19:59 Tue 13-02-07 <br/> 
19:59 Tue 13-02-07 <br/> 
19:59 Tue 13-02-07 <br/> 
19:59 Tue 13-02-07 <br/> 
20:00 Tue 13-02-07 <br/> 
15:32 Wed 14-02-07 <br/> 
15:33 Wed 14-02-07 <br/> 
18:51 Wed 14-02-07 <br/> 
19:21 Wed 14-02-07 <br/> 
23:00 Wed 14-02-07 <br/> 
23:32 Wed 14-02-07 <br/> 
23:32 Wed 14-02-07 <br/> 
23:32 Wed 14-02-07 <br/> 
23:32 Wed 14-02-07 <br/> 
0:42 Thu 15-02-07 <br/> 
0:42 Thu 15-02-07 <br/> 
17:55 Thu 15-02-07 <br/> 
8:29 Fri 16-02-07 <br/> 
16:35 Fri 16-02-07 <br/> 
3:55 Sat 17-02-07 <br/> 
3:58 Sat 17-02-07 <br/> 
17:58 Sat 17-02-07 <br/> 
20:30 Sat 17-02-07 <br/> 
2:58 Sun 18-02-07 <br/> 
11:29 Sun 18-02-07 <br/> 
14:13 Sun 18-02-07 <br/> 
18:15 Sun 18-02-07 <br/> 
2:34 Mon 19-02-07 <br/> 
4:52 Mon 19-02-07 <br/> 
6:49 Mon 19-02-07 <br/> 
10:54 Mon 19-02-07 <br/> 
10:58 Mon 19-02-07 <br/> 
12:23 Mon 19-02-07 <br/> 
9:08 Tue 20-02-07 <br/> 
23:59 Tue 20-02-07 <br/> 
2:25 Wed 21-02-07 <br/> 
9:11 Wed 21-02-07 <br/> 
10:13 Wed 21-02-07 <br/> 
10:39 Wed 21-02-07 <br/> 
11:37 Wed 21-02-07 <br/> 
11:38 Wed 21-02-07 <br/> 
13:40 Wed 21-02-07 <br/> 
12:45 Thu 22-02-07 <br/> 
14:10 Thu 22-02-07 <br/> 
15:41 Thu 22-02-07 <br/> 
17:01 Thu 22-02-07 <br/> 
17:01 Thu 22-02-07 <br/> 
17:01 Thu 22-02-07 <br/> 
17:01 Thu 22-02-07 <br/> 
17:01 Thu 22-02-07 <br/> 
17:01 Thu 22-02-07 <br/> 
1:00 Fri 23-02-07 <br/> 
12:26 Fri 23-02-07 <br/> 
17:28 Fri 23-02-07 <br/> 
18:59 Fri 23-02-07 <br/> 
23:58 Fri 23-02-07 <br/> 
11:48 Sat 24-02-07 <br/> 
5:28 Sun 25-02-07 <br/> 
5:37 Sun 25-02-07 <br/> 
20:36 Sun 25-02-07 <br/> 
20:36 Sun 25-02-07 <br/> 
20:37 Sun 25-02-07 <br/> 
20:37 Sun 25-02-07 <br/> 
8:25 Mon 26-02-07 <br/> 
8:25 Mon 26-02-07 <br/> 
8:25 Mon 26-02-07 <br/> 
20:33 Mon 26-02-07 <br/> 
0:27 Tue 27-02-07 <br/> 
20:48 Tue 27-02-07 <br/> 
22:29 Tue 27-02-07 <br/> 
22:21 Wed 28-02-07 <br/> 
2:38 Thu 01-03-07 <br/> 
5:41 Thu 01-03-07 <br/> 
0:08 Fri 02-03-07 <br/> 
16:03 Fri 02-03-07 <br/> 
16:03 Fri 02-03-07 <br/> 
18:18 Fri 02-03-07 <br/> 
2:18 Sat 03-03-07 <br/> 
6:08 Sun 04-03-07 <br/> 
9:04 Sun 04-03-07 <br/> 
12:53 Sun 04-03-07 <br/> 
13:31 Sun 04-03-07 <br/> 
15:32 Mon 05-03-07 <br/> 
16:10 Mon 05-03-07 <br/> 
16:12 Mon 05-03-07 <br/> 
11:04 Tue 06-03-07 <br/> 
11:04 Tue 06-03-07 <br/> 
11:04 Tue 06-03-07 <br/> 
11:04 Tue 06-03-07 <br/> 
11:04 Tue 06-03-07 <br/> 
11:04 Tue 06-03-07 <br/> 
11:04 Tue 06-03-07 <br/> 
12:22 Tue 06-03-07 <br/> 
17:12 Tue 06-03-07 <br/> 
0:04 Wed 07-03-07 <br/> 
7:12 Thu 08-03-07 <br/> 
18:11 Thu 08-03-07 <br/> 
5:06 Fri 09-03-07 <br/> 
5:06 Fri 09-03-07 <br/> 
3:02 Sat 10-03-07 <br/> 
3:02 Sat 10-03-07 <br/> 
3:02 Sat 10-03-07 <br/> 
3:02 Sat 10-03-07 <br/> 
3:02 Sat 10-03-07 <br/> 
9:57 Sat 10-03-07 <br/> 
9:57 Sat 10-03-07 <br/> 
9:58 Sat 10-03-07 <br/> 
9:59 Sat 10-03-07 <br/> 
8:10 Sun 11-03-07 <br/> 
20:47 Sun 11-03-07 <br/> 
23:13 Tue 13-03-07 <br/> 
0:14 Wed 14-03-07 <br/> 
0:15 Wed 14-03-07 <br/> 
13:38 Wed 14-03-07 <br/> 
13:38 Wed 14-03-07 <br/> 
13:38 Wed 14-03-07 <br/> 
13:38 Wed 14-03-07 <br/> 
13:38 Wed 14-03-07 <br/> 
13:38 Wed 14-03-07 <br/> 
13:38 Wed 14-03-07 <br/> 
13:39 Wed 14-03-07 <br/> 
13:39 Wed 14-03-07 <br/> 
13:39 Wed 14-03-07 <br/> 
13:41 Wed 14-03-07 <br/> 
13:41 Wed 14-03-07 <br/> 
16:18 Thu 15-03-07 <br/> 
1:32 Fri 16-03-07 <br/> 
1:34 Fri 16-03-07 <br/> 
7:53 Fri 16-03-07 <br/> 
16:19 Fri 16-03-07 <br/> 
23:35 Fri 16-03-07 <br/> 
2:24 Sat 17-03-07 <br/> 
2:33 Sat 17-03-07 <br/> 
17:23 Sat 17-03-07 <br/> 
17:23 Sat 17-03-07 <br/> 
17:25 Sat 17-03-07 <br/> 
17:25 Sat 17-03-07 <br/> 
17:26 Sat 17-03-07 <br/> 
17:30 Sat 17-03-07 <br/> 
17:31 Sat 17-03-07 <br/> 
17:33 Sat 17-03-07 <br/> 
23:48 Sat 17-03-07 <br/> 
16:36 Sun 18-03-07 <br/> 
20:48 Sun 18-03-07 <br/> 
1:47 Mon 19-03-07 <br/> 
2:18 Mon 19-03-07 <br/> 
2:36 Mon 19-03-07 <br/> 
7:01 Mon 19-03-07 <br/> 
20:57 Mon 19-03-07 <br/> 
23:43 Mon 19-03-07 <br/> 
23:43 Mon 19-03-07 <br/> 
15:18 Tue 20-03-07 <br/> 
15:18 Tue 20-03-07 <br/> 
11:16 Wed 21-03-07 <br/> 
12:59 Wed 21-03-07 <br/> 
14:50 Wed 21-03-07 <br/> 
16:27 Wed 21-03-07 <br/> 
19:14 Wed 21-03-07 <br/> 
7:50 Thu 22-03-07 <br/> 
21:26 Thu 22-03-07 <br/> 
8:55 Fri 23-03-07 <br/> 
8:55 Fri 23-03-07 <br/> 
21:37 Fri 23-03-07 <br/> 
23:28 Fri 23-03-07 <br/> 
9:29 Sat 24-03-07 <br/> 
9:37 Sat 24-03-07 <br/> 
10:36 Sat 24-03-07 <br/> 
15:55 Sat 24-03-07 <br/> 
15:56 Sat 24-03-07 <br/> 
15:56 Sat 24-03-07 <br/> 
15:56 Sat 24-03-07 <br/> 
15:56 Sat 24-03-07 <br/> 
20:49 Sun 25-03-07 <br/> 
3:52 Mon 26-03-07 <br/> 
14:52 Mon 26-03-07 <br/> 
21:24 Mon 26-03-07 <br/> 
21:25 Mon 26-03-07 <br/> 
21:26 Mon 26-03-07 <br/> 
21:26 Mon 26-03-07 <br/> 
21:26 Mon 26-03-07 <br/> 
0:05 Tue 27-03-07 <br/> 
3:59 Wed 28-03-07 <br/> 
19:45 Wed 28-03-07 <br/> 
20:23 Wed 28-03-07 <br/> 
20:23 Wed 28-03-07 <br/> 
15:25 Thu 29-03-07 <br/> 
5:03 Fri 30-03-07 <br/> 
18:36 Fri 30-03-07 <br/> 
18:59 Fri 30-03-07 <br/> 
19:05 Fri 30-03-07 <br/> 
17:37 Sat 31-03-07 <br/> 
17:37 Sat 31-03-07 <br/> 
0:29 Sun 01-04-07 <br/> 
15:50 Mon 02-04-07 <br/> 
19:14 Mon 02-04-07 <br/> 
0:09 Tue 03-04-07 <br/> 
22:48 Tue 03-04-07 <br/> 
23:51 Tue 03-04-07 <br/> 
12:56 Wed 04-04-07 <br/> 
17:29 Wed 04-04-07 <br/> 
0:22 Thu 05-04-07 <br/> 
0:41 Thu 05-04-07 <br/> 
7:44 Thu 05-04-07 <br/> 
7:44 Thu 05-04-07 <br/> 
2:21 Fri 06-04-07 <br/> 
2:21 Fri 06-04-07 <br/> 
2:21 Fri 06-04-07 <br/> 
2:21 Fri 06-04-07 <br/> 
2:21 Fri 06-04-07 <br/> 
13:48 Sat 07-04-07 <br/> 
6:52 Sun 08-04-07 <br/> 
6:52 Sun 08-04-07 <br/> 
9:21 Sun 08-04-07 <br/> 
17:25 Sun 08-04-07 <br/> 
1:52 Mon 09-04-07 <br/> 
2:02 Tue 10-04-07 <br/> 
8:31 Tue 10-04-07 <br/> 
8:31 Tue 10-04-07 <br/> 
8:31 Tue 10-04-07 <br/> 
16:41 Tue 10-04-07 <br/> 
23:29 Tue 10-04-07 <br/> 
9:56 Wed 11-04-07 <br/> 
10:19 Wed 11-04-07 <br/> 
12:41 Wed 11-04-07 <br/> 
12:41 Wed 11-04-07 <br/> 
16:18 Wed 11-04-07 <br/> 
19:31 Wed 11-04-07 <br/> 
0:04 Thu 12-04-07 <br/> 
22:26 Thu 12-04-07 <br/> 
22:26 Thu 12-04-07 <br/> 
0:51 Fri 13-04-07 <br/> 
1:59 Fri 13-04-07 <br/> 
8:13 Fri 13-04-07 <br/> 
18:54 Fri 13-04-07 <br/> 
7:25 Sat 14-04-07 <br/> 
8:43 Sat 14-04-07 <br/> 
10:20 Sat 14-04-07 <br/> 
14:26 Sat 14-04-07 <br/> 
21:15 Sat 14-04-07 <br/> 
23:03 Sat 14-04-07 <br/> 
23:03 Sat 14-04-07 <br/> 
23:04 Sat 14-04-07 <br/> 
3:52 Sun 15-04-07 <br/> 
3:26 Mon 16-04-07 <br/> 
11:33 Mon 16-04-07 <br/> 
0:11 Tue 17-04-07 <br/> 
0:53 Tue 17-04-07 <br/> 
6:14 Tue 17-04-07 <br/> 
6:15 Tue 17-04-07 <br/> 
9:38 Tue 17-04-07 <br/> 
17:08 Tue 17-04-07 <br/> 
17:10 Tue 17-04-07 <br/> 
21:05 Tue 17-04-07 <br/> 
11:55 Thu 19-04-07 <br/> 
11:55 Thu 19-04-07 <br/> 
12:43 Thu 19-04-07 <br/> 
14:36 Thu 19-04-07 <br/> 
21:34 Thu 19-04-07 <br/> 
4:55 Fri 20-04-07 <br/> 
6:04 Fri 20-04-07 <br/> 
10:45 Fri 20-04-07 <br/> 
16:59 Fri 20-04-07 <br/> 
1:11 Sat 21-04-07 <br/> 
20:32 Sat 21-04-07 <br/> 
22:52 Sat 21-04-07 <br/> 
16:21 Sun 22-04-07 <br/> 
16:21 Sun 22-04-07 <br/> 
21:14 Sun 22-04-07 <br/> 
20:38 Mon 23-04-07 <br/> 
21:04 Mon 23-04-07 <br/> 
23:44 Mon 23-04-07 <br/> 
23:56 Mon 23-04-07 <br/> 
0:38 Tue 24-04-07 <br/> 
8:02 Tue 24-04-07 <br/> 
16:27 Tue 24-04-07 <br/> 
2:27 Thu 26-04-07 <br/> 
10:51 Thu 26-04-07 <br/> 
22:44 Thu 26-04-07 <br/> 
0:35 Fri 27-04-07 <br/> 
3:21 Fri 27-04-07 <br/> 
0:24 Sat 28-04-07 <br/> 
0:56 Sat 28-04-07 <br/> 
13:31 Sat 28-04-07 <br/> 
21:56 Sat 28-04-07 <br/> 
3:04 Sun 29-04-07 <br/> 
4:00 Sun 29-04-07 <br/> 
20:58 Sun 29-04-07 <br/> 
5:26 Tue 01-05-07 <br/> 
19:23 Tue 01-05-07 <br/> 
23:37 Tue 01-05-07 <br/> 
13:42 Wed 02-05-07 <br/> 
2:23 Thu 03-05-07 <br/> 
3:53 Thu 03-05-07 <br/> 
21:04 Fri 04-05-07 <br/> 
21:04 Fri 04-05-07 <br/> 
21:04 Fri 04-05-07 <br/> 
21:05 Fri 04-05-07 <br/> 
21:05 Fri 04-05-07 <br/> 
21:05 Fri 04-05-07 <br/> 
21:05 Fri 04-05-07 <br/> 
21:06 Fri 04-05-07 <br/> 
21:06 Fri 04-05-07 <br/> 
21:06 Fri 04-05-07 <br/> 
21:06 Fri 04-05-07 <br/> 
21:06 Fri 04-05-07 <br/> 
11:05 Sun 06-05-07 <br/> 
11:05 Sun 06-05-07 <br/> 
11:05 Sun 06-05-07 <br/> 
11:05 Sun 06-05-07 <br/> 
11:06 Sun 06-05-07 <br/> 
11:06 Sun 06-05-07 <br/> 
11:06 Sun 06-05-07 <br/> 
11:06 Sun 06-05-07 <br/> 
11:06 Sun 06-05-07 <br/> 
11:06 Sun 06-05-07 <br/> 
11:41 Sun 06-05-07 <br/> 
19:19 Mon 07-05-07 <br/> 
22:58 Mon 07-05-07 <br/> 
22:58 Mon 07-05-07 <br/> 
0:08 Tue 08-05-07 <br/> 
9:46 Tue 08-05-07 <br/> 
13:19 Tue 08-05-07 <br/> 
13:21 Tue 08-05-07 <br/> 
18:50 Tue 08-05-07 <br/> 
2:17 Wed 09-05-07 <br/> 
3:56 Wed 09-05-07 <br/> 
12:04 Wed 09-05-07 <br/> 
10:36 Thu 10-05-07 <br/> 
10:36 Thu 10-05-07 <br/> 
13:57 Thu 10-05-07 <br/> 
0:32 Fri 11-05-07 <br/> 
9:14 Fri 11-05-07 <br/> 
9:36 Sat 12-05-07 <br/> 
22:15 Sat 12-05-07 <br/> 
22:15 Sat 12-05-07 <br/> 
22:16 Sat 12-05-07 <br/> 
22:16 Sat 12-05-07 <br/> 
22:17 Sat 12-05-07 <br/> 
22:17 Sat 12-05-07 <br/> 
22:17 Sat 12-05-07 <br/> 
2:45 Sun 13-05-07 <br/> 
16:42 Mon 14-05-07 <br/> 
1:09 Tue 15-05-07 <br/> 
7:01 Tue 15-05-07 <br/> 
23:49 Tue 15-05-07 <br/> 
17:29 Wed 16-05-07 <br/> 
1:59 Fri 18-05-07 <br/> 
8:57 Fri 18-05-07 <br/> 
13:26 Fri 18-05-07 <br/> 
3:19 Sat 19-05-07 <br/> 
3:19 Sat 19-05-07 <br/> 
22:14 Sat 19-05-07 <br/> 
3:40 Sun 20-05-07 <br/> 
13:25 Sun 20-05-07 <br/> 
13:27 Sun 20-05-07 <br/> 
13:27 Sun 20-05-07 <br/> 
13:28 Sun 20-05-07 <br/> 
13:29 Sun 20-05-07 <br/> 
13:29 Sun 20-05-07 <br/> 
14:50 Sun 20-05-07 <br/> 
14:50 Sun 20-05-07 <br/> 
14:51 Sun 20-05-07 <br/> 
14:51 Sun 20-05-07 <br/> 
14:51 Sun 20-05-07 <br/> 
15:17 Sun 20-05-07 <br/> 
0:51 Mon 21-05-07 <br/> 
5:40 Mon 21-05-07 <br/> 
8:53 Mon 21-05-07 <br/> 
8:25 Tue 22-05-07 <br/> 
8:25 Tue 22-05-07 <br/> 
8:25 Tue 22-05-07 <br/> 
12:13 Tue 22-05-07 <br/> 
13:01 Tue 22-05-07 <br/> 
16:20 Tue 22-05-07 <br/> 
8:38 Wed 23-05-07 <br/> 
8:39 Wed 23-05-07 <br/> 
8:39 Wed 23-05-07 <br/> 
8:43 Wed 23-05-07 <br/> 
8:43 Wed 23-05-07 <br/> 
20:08 Thu 24-05-07 <br/> 
12:06 Fri 25-05-07 <br/> 
16:58 Fri 25-05-07 <br/> 
16:58 Fri 25-05-07 <br/> 
17:03 Fri 25-05-07 <br/> 
13:57 Sat 26-05-07 <br/> 
13:57 Sat 26-05-07 <br/> 
13:57 Sat 26-05-07 <br/> 
13:57 Sat 26-05-07 <br/> 
13:58 Sat 26-05-07 <br/> 
18:25 Sat 26-05-07 <br/> 
14:09 Sun 27-05-07 <br/> 
17:15 Mon 28-05-07 <br/> 
21:03 Mon 28-05-07 <br/> 
21:22 Mon 28-05-07 <br/> 
22:46 Mon 28-05-07 <br/> 
12:00 Tue 29-05-07 <br/> 
19:41 Wed 30-05-07 <br/> 
21:53 Wed 30-05-07 <br/> 
0:03 Thu 31-05-07 <br/> 
0:41 Thu 31-05-07 <br/> 
5:55 Thu 31-05-07 <br/> 
0:32 Fri 01-06-07 <br/> 
7:47 Sat 02-06-07 <br/> 
21:58 Sun 03-06-07 <br/> 
0:47 Mon 04-06-07 <br/> 
11:37 Mon 04-06-07 <br/> 
11:37 Mon 04-06-07 <br/> 
11:37 Mon 04-06-07 <br/> 
11:38 Mon 04-06-07 <br/> 
11:38 Mon 04-06-07 <br/> 
11:38 Mon 04-06-07 <br/> 
17:19 Mon 04-06-07 <br/> 
22:28 Mon 04-06-07 <br/> 
22:29 Mon 04-06-07 <br/> 
2:04 Tue 05-06-07 <br/> 
15:07 Tue 05-06-07 <br/> 
15:07 Tue 05-06-07 <br/> 
5:02 Thu 07-06-07 <br/> 
5:07 Thu 07-06-07 <br/> 
5:07 Thu 07-06-07 <br/> 
5:07 Thu 07-06-07 <br/> 
5:07 Thu 07-06-07 <br/> 
5:07 Thu 07-06-07 <br/> 
5:07 Thu 07-06-07 <br/> 
5:07 Thu 07-06-07 <br/> 
5:07 Thu 07-06-07 <br/> 
5:14 Thu 07-06-07 <br/> 
5:14 Thu 07-06-07 <br/> 
5:14 Thu 07-06-07 <br/> 
5:14 Thu 07-06-07 <br/> 
5:14 Thu 07-06-07 <br/> 
5:14 Thu 07-06-07 <br/> 
5:20 Thu 07-06-07 <br/> 
5:20 Thu 07-06-07 <br/> 
5:20 Thu 07-06-07 <br/> 
5:20 Thu 07-06-07 <br/> 
5:20 Thu 07-06-07 <br/> 
5:20 Thu 07-06-07 <br/> 
13:58 Thu 07-06-07 <br/> 
3:21 Sat 09-06-07 <br/> 
4:58 Sat 09-06-07 <br/> 
16:35 Sat 09-06-07 <br/> 
16:50 Sat 09-06-07 <br/> 
15:13 Sun 10-06-07 <br/> 
22:48 Sun 10-06-07 <br/> 
5:44 Mon 11-06-07 <br/> 
14:04 Mon 11-06-07 <br/> 
14:04 Mon 11-06-07 <br/> 
14:04 Mon 11-06-07 <br/> 
23:44 Mon 11-06-07 <br/> 
1:57 Tue 12-06-07 <br/> 
10:09 Tue 12-06-07 <br/> 
14:48 Tue 12-06-07 <br/> 
19:14 Tue 12-06-07 <br/> 
19:19 Tue 12-06-07 <br/> 
19:19 Tue 12-06-07 <br/> 
19:25 Tue 12-06-07 <br/> 
19:31 Tue 12-06-07 <br/> 
16:49 Wed 13-06-07 <br/> 
16:52 Wed 13-06-07 <br/> 
1:43 Thu 14-06-07 <br/> 
5:43 Fri 15-06-07 <br/> 
14:08 Fri 15-06-07 <br/> 
14:09 Fri 15-06-07 <br/> 
14:09 Fri 15-06-07 <br/> 
14:09 Fri 15-06-07 <br/> 
14:09 Fri 15-06-07 <br/> 
14:09 Fri 15-06-07 <br/> 
14:09 Fri 15-06-07 <br/> 
14:09 Fri 15-06-07 <br/> 
17:39 Fri 15-06-07 <br/> 
5:00 Sat 16-06-07 <br/> 
16:01 Sat 16-06-07 <br/> 
16:02 Sat 16-06-07 <br/> 
4:43 Sun 17-06-07 <br/> 
0:48 Mon 18-06-07 <br/> 
5:26 Mon 18-06-07 <br/> 
5:30 Mon 18-06-07 <br/> 
0:08 Tue 19-06-07 <br/> 
0:15 Tue 19-06-07 <br/> 
1:15 Tue 19-06-07 <br/> 
2:31 Tue 19-06-07 <br/> 
4:44 Tue 19-06-07 <br/> 
13:03 Tue 19-06-07 <br/> 
14:29 Tue 19-06-07 <br/> 
19:18 Tue 19-06-07 <br/> 
12:27 Wed 20-06-07 <br/> 
23:49 Wed 20-06-07 <br/> 
3:21 Thu 21-06-07 <br/> 
5:41 Thu 21-06-07 <br/> 
8:22 Thu 21-06-07 <br/> 
11:58 Thu 21-06-07 <br/> 
12:47 Thu 21-06-07 <br/> 
12:50 Thu 21-06-07 <br/> 
17:21 Thu 21-06-07 <br/> 
22:35 Thu 21-06-07 <br/> 
0:09 Fri 22-06-07 <br/> 
16:51 Sat 23-06-07 <br/> 
22:14 Sat 23-06-07 <br/> 
22:14 Sat 23-06-07 <br/> 
22:48 Sat 23-06-07 <br/> 
0:59 Sun 24-06-07 <br/> 
18:45 Sun 24-06-07 <br/> 
18:45 Sun 24-06-07 <br/> 
18:45 Sun 24-06-07 <br/> 
18:45 Sun 24-06-07 <br/> 
18:45 Sun 24-06-07 <br/> 
18:45 Sun 24-06-07 <br/> 
18:45 Sun 24-06-07 <br/> 
18:45 Sun 24-06-07 <br/> 
18:46 Sun 24-06-07 <br/> 
18:46 Sun 24-06-07 <br/> 
18:46 Sun 24-06-07 <br/> 
18:47 Sun 24-06-07 <br/> 
18:48 Sun 24-06-07 <br/> 
1:59 Mon 25-06-07 <br/> 
0:16 Tue 26-06-07 <br/> 
0:41 Tue 26-06-07 <br/> 
0:41 Tue 26-06-07 <br/> 
15:20 Tue 26-06-07 <br/> 
15:28 Tue 26-06-07 <br/> 
0:28 Thu 28-06-07 <br/> 
1:33 Thu 28-06-07 <br/> 
1:33 Thu 28-06-07 <br/> 
1:33 Thu 28-06-07 <br/> 
1:33 Thu 28-06-07 <br/> 
1:33 Thu 28-06-07 <br/> 
1:34 Thu 28-06-07 <br/> 
4:44 Thu 28-06-07 <br/> 
12:21 Thu 28-06-07 <br/> 
13:39 Thu 28-06-07 <br/> 
20:12 Thu 28-06-07 <br/> 
21:58 Thu 28-06-07 <br/> 
21:59 Thu 28-06-07 <br/> 
22:48 Thu 28-06-07 <br/> 
0:33 Fri 29-06-07 <br/> 
9:03 Fri 29-06-07 <br/> 
4:22 Sat 30-06-07 <br/> 
4:22 Sat 30-06-07 <br/> 
4:23 Sat 30-06-07 <br/> 
4:26 Sat 30-06-07 <br/> 
4:27 Sat 30-06-07 <br/> 
20:52 Sat 30-06-07 <br/> 
21:17 Sat 30-06-07 <br/> 
21:39 Sat 30-06-07 <br/> 
21:39 Sat 30-06-07 <br/> 
21:50 Sat 30-06-07 <br/> 
22:00 Sat 30-06-07 <br/> 
23:45 Sat 30-06-07 <br/> 
1:41 Sun 01-07-07 <br/> 
4:54 Sun 01-07-07 <br/> 
5:07 Sun 01-07-07 <br/> 
9:01 Sun 01-07-07 <br/> 
9:32 Sun 01-07-07 <br/> 
9:55 Sun 01-07-07 <br/> 
9:59 Sun 01-07-07 <br/> 
9:59 Sun 01-07-07 <br/> 
15:37 Sun 01-07-07 <br/> 
16:02 Sun 01-07-07 <br/> 
2:50 Mon 02-07-07 <br/> 
4:22 Mon 02-07-07 <br/> 
7:51 Mon 02-07-07 <br/> 
7:36 Tue 03-07-07 <br/> 
11:26 Tue 03-07-07 <br/> 
11:26 Tue 03-07-07 <br/> 
0:00 Wed 04-07-07 <br/> 
10:03 Wed 04-07-07 <br/> 
12:21 Wed 04-07-07 <br/> 
23:51 Wed 04-07-07 <br/> 
0:01 Thu 05-07-07 <br/> 
18:15 Thu 05-07-07 <br/> 
18:18 Thu 05-07-07 <br/> 
3:24 Fri 06-07-07 <br/> 
3:24 Fri 06-07-07 <br/> 
5:57 Fri 06-07-07 <br/> 
16:59 Sat 07-07-07 <br/> 
17:00 Sat 07-07-07 <br/> 
17:00 Sat 07-07-07 <br/> 
17:00 Sat 07-07-07 <br/> 
17:00 Sat 07-07-07 <br/> 
17:00 Sat 07-07-07 <br/> 
17:00 Sat 07-07-07 <br/> 
17:00 Sat 07-07-07 <br/> 
17:01 Sat 07-07-07 <br/> 
17:01 Sat 07-07-07 <br/> 
17:01 Sat 07-07-07 <br/> 
10:34 Sun 08-07-07 <br/> 
1:46 Mon 09-07-07 <br/> 
5:45 Mon 09-07-07 <br/> 
11:11 Mon 09-07-07 <br/> 
14:48 Mon 09-07-07 <br/> 
2:01 Tue 10-07-07 <br/> 
2:31 Tue 10-07-07 <br/> 
12:02 Tue 10-07-07 <br/> 
17:50 Tue 10-07-07 <br/> 
14:16 Wed 11-07-07 <br/> 
14:16 Wed 11-07-07 <br/> 
22:11 Wed 11-07-07 <br/> 
23:46 Wed 11-07-07 <br/> 
13:56 Thu 12-07-07 <br/> 
17:46 Thu 12-07-07 <br/> 
17:47 Thu 12-07-07 <br/> 
23:39 Thu 12-07-07 <br/> 
23:40 Thu 12-07-07 <br/> 
23:40 Thu 12-07-07 <br/> 
23:41 Thu 12-07-07 <br/> 
23:41 Thu 12-07-07 <br/> 
23:42 Thu 12-07-07 <br/> 
23:44 Thu 12-07-07 <br/> 
23:44 Thu 12-07-07 <br/> 
23:44 Thu 12-07-07 <br/> 
23:44 Thu 12-07-07 <br/> 
23:45 Thu 12-07-07 <br/> 
23:45 Thu 12-07-07 <br/> 
23:46 Thu 12-07-07 <br/> 
23:55 Thu 12-07-07 <br/> 
0:16 Fri 13-07-07 <br/> 
0:17 Fri 13-07-07 <br/> 
0:18 Fri 13-07-07 <br/> 
0:18 Fri 13-07-07 <br/> 
0:18 Fri 13-07-07 <br/> 
0:18 Fri 13-07-07 <br/> 
0:19 Fri 13-07-07 <br/> 
0:19 Fri 13-07-07 <br/> 
0:19 Fri 13-07-07 <br/> 
0:19 Fri 13-07-07 <br/> 
0:20 Fri 13-07-07 <br/> 
0:20 Fri 13-07-07 <br/> 
0:20 Fri 13-07-07 <br/> 
0:20 Fri 13-07-07 <br/> 
0:20 Fri 13-07-07 <br/> 
0:21 Fri 13-07-07 <br/> 
0:21 Fri 13-07-07 <br/> 
0:21 Fri 13-07-07 <br/> 
0:22 Fri 13-07-07 <br/> 
0:22 Fri 13-07-07 <br/> 
0:23 Fri 13-07-07 <br/> 
0:50 Fri 13-07-07 <br/> 
13:53 Fri 13-07-07 <br/> 
21:26 Fri 13-07-07 <br/> 
0:53 Sat 14-07-07 <br/> 
3:15 Sun 15-07-07 <br/> 
4:28 Sun 15-07-07 <br/> 
10:36 Sun 15-07-07 <br/> 
1:39 Mon 16-07-07 <br/> 
1:50 Mon 16-07-07 <br/> 
2:06 Mon 16-07-07 <br/> 
5:38 Mon 16-07-07 <br/> 
5:41 Mon 16-07-07 <br/> 
10:22 Mon 16-07-07 <br/> 
11:13 Mon 16-07-07 <br/> 
11:58 Mon 16-07-07 <br/> 
11:58 Mon 16-07-07 <br/> 
20:34 Mon 16-07-07 <br/> 
20:34 Mon 16-07-07 <br/> 
20:35 Mon 16-07-07 <br/> 
20:35 Mon 16-07-07 <br/> 
20:35 Mon 16-07-07 <br/> 
20:36 Mon 16-07-07 <br/> 
23:59 Mon 16-07-07 <br/> 
4:42 Tue 17-07-07 <br/> 
5:03 Tue 17-07-07 <br/> 
9:59 Tue 17-07-07 <br/> 
20:46 Tue 17-07-07 <br/> 
0:40 Wed 18-07-07 <br/> 
12:16 Wed 18-07-07 <br/> 
12:16 Wed 18-07-07 <br/> 
12:16 Wed 18-07-07 <br/> 
22:49 Wed 18-07-07 <br/> 
0:25 Thu 19-07-07 <br/> 
9:49 Thu 19-07-07 <br/> 
16:37 Fri 20-07-07 <br/> 
16:37 Fri 20-07-07 <br/> 
16:37 Fri 20-07-07 <br/> 
16:38 Fri 20-07-07 <br/> 
16:38 Fri 20-07-07 <br/> 
16:38 Fri 20-07-07 <br/> 
16:39 Fri 20-07-07 <br/> 
16:39 Fri 20-07-07 <br/> 
16:39 Fri 20-07-07 <br/> 
0:04 Sat 21-07-07 <br/> 
0:35 Sat 21-07-07 <br/> 
0:35 Sat 21-07-07 <br/> 
0:39 Sat 21-07-07 <br/> 
10:27 Sat 21-07-07 <br/> 
18:59 Sat 21-07-07 <br/> 
2:08 Sun 22-07-07 <br/> 
10:38 Sun 22-07-07 <br/> 
1:52 Mon 23-07-07 <br/> 
11:14 Mon 23-07-07 <br/> 
4:20 Tue 24-07-07 <br/> 
6:20 Tue 24-07-07 <br/> 
20:47 Tue 24-07-07 <br/> 
0:08 Wed 25-07-07 <br/> 
3:22 Wed 25-07-07 <br/> 
0:03 Thu 26-07-07 <br/> 
0:04 Fri 27-07-07 <br/> 
0:33 Fri 27-07-07 <br/> 
3:33 Fri 27-07-07 <br/> 
13:07 Fri 27-07-07 <br/> 
13:07 Fri 27-07-07 <br/> 
13:07 Fri 27-07-07 <br/> 
13:07 Fri 27-07-07 <br/> 
13:08 Fri 27-07-07 <br/> 
13:08 Fri 27-07-07 <br/> 
13:08 Fri 27-07-07 <br/> 
13:10 Fri 27-07-07 <br/> 
13:10 Fri 27-07-07 <br/> 
13:10 Fri 27-07-07 <br/> 
13:11 Fri 27-07-07 <br/> 
13:11 Fri 27-07-07 <br/> 
13:11 Fri 27-07-07 <br/> 
13:11 Fri 27-07-07 <br/> 
13:11 Fri 27-07-07 <br/> 
13:11 Fri 27-07-07 <br/> 
13:11 Fri 27-07-07 <br/> 
13:11 Fri 27-07-07 <br/> 
22:44 Fri 27-07-07 <br/> 
10:42 Sun 29-07-07 <br/> 
10:43 Sun 29-07-07 <br/> 
10:50 Sun 29-07-07 <br/> 
19:20 Sun 29-07-07 <br/> 
19:21 Sun 29-07-07 <br/> 
1:41 Mon 30-07-07 <br/> 
9:18 Mon 30-07-07 <br/> 
13:50 Mon 30-07-07 <br/> 
0:11 Tue 31-07-07 <br/> 
4:26 Tue 31-07-07 <br/> 
12:51 Tue 31-07-07 <br/> 
16:51 Tue 31-07-07 <br/> 
16:54 Tue 31-07-07 <br/> 
21:56 Wed 01-08-07 <br/> 
21:56 Wed 01-08-07 <br/> 
14:36 Thu 02-08-07 <br/> 
18:05 Sat 04-08-07 <br/> 
22:42 Sat 04-08-07 <br/> 
22:42 Sat 04-08-07 <br/> 
22:51 Sat 04-08-07 <br/> 
16:59 Mon 06-08-07 <br/> 
22:21 Mon 06-08-07 <br/> 
4:20 Tue 07-08-07 <br/> 
22:47 Tue 07-08-07 <br/> 
14:35 Thu 09-08-07 <br/> 
19:11 Thu 09-08-07 <br/> 
19:11 Thu 09-08-07 <br/> 
23:42 Thu 09-08-07 <br/> 
2:50 Sat 11-08-07 <br/> 
4:05 Sun 12-08-07 <br/> 
11:33 Mon 13-08-07 <br/> 
11:47 Mon 13-08-07 <br/> 
15:16 Mon 13-08-07 <br/> 
6:36 Tue 14-08-07 <br/> 
11:33 Tue 14-08-07 <br/> 
14:16 Tue 14-08-07 <br/> 
7:19 Wed 15-08-07 <br/> 
7:19 Wed 15-08-07 <br/> 
7:19 Wed 15-08-07 <br/> 
14:39 Wed 15-08-07 <br/> 
14:42 Thu 16-08-07 <br/> 
1:09 Sun 19-08-07 <br/> 
1:59 Sun 19-08-07 <br/> 
2:30 Mon 20-08-07 <br/> 
9:10 Mon 20-08-07 <br/> 
9:10 Mon 20-08-07 <br/> 
9:10 Mon 20-08-07 <br/> 
9:10 Mon 20-08-07 <br/> 
9:10 Mon 20-08-07 <br/> 
9:10 Mon 20-08-07 <br/> 
9:10 Mon 20-08-07 <br/> 
9:10 Mon 20-08-07 <br/> 
9:10 Mon 20-08-07 <br/> 
9:10 Mon 20-08-07 <br/> 
9:10 Mon 20-08-07 <br/> 
20:23 Mon 20-08-07 <br/> 
8:53 Tue 21-08-07 <br/> 
11:12 Tue 21-08-07 <br/> 
18:51 Tue 21-08-07 <br/> 
0:35 Wed 22-08-07 <br/> 
9:35 Wed 22-08-07 <br/> 
0:22 Thu 23-08-07 <br/> 
14:44 Thu 23-08-07 <br/> 
16:28 Thu 23-08-07 <br/> 
16:28 Thu 23-08-07 <br/> 
16:28 Thu 23-08-07 <br/> 
16:28 Thu 23-08-07 <br/> 
16:28 Thu 23-08-07 <br/> 
16:28 Thu 23-08-07 <br/> 
16:28 Thu 23-08-07 <br/> 
16:30 Thu 23-08-07 <br/> 
0:32 Fri 24-08-07 <br/> 
19:12 Fri 24-08-07 <br/> 
7:14 Sat 25-08-07 <br/> 
15:15 Sat 25-08-07 <br/> 
1:58 Sun 26-08-07 <br/> 
2:54 Sun 26-08-07 <br/> 
12:09 Sun 26-08-07 <br/> 
12:09 Sun 26-08-07 <br/> 
12:10 Sun 26-08-07 <br/> 
12:10 Sun 26-08-07 <br/> 
4:24 Mon 27-08-07 <br/> 
16:50 Mon 27-08-07 <br/> 
17:22 Mon 27-08-07 <br/> 
6:16 Tue 28-08-07 <br/> 
15:31 Tue 28-08-07 <br/> 
16:09 Tue 28-08-07 <br/> 
18:40 Tue 28-08-07 <br/> 
19:17 Tue 28-08-07 <br/> 
20:11 Tue 28-08-07 <br/> 
20:11 Tue 28-08-07 <br/> 
3:17 Wed 29-08-07 <br/> 
18:02 Wed 29-08-07 <br/> 
18:02 Wed 29-08-07 <br/> 
18:02 Wed 29-08-07 <br/> 
18:02 Wed 29-08-07 <br/> 
18:03 Wed 29-08-07 <br/> 
18:03 Wed 29-08-07 <br/> 
0:01 Thu 30-08-07 <br/> 
0:29 Thu 30-08-07 <br/> 
0:29 Thu 30-08-07 <br/> 
0:30 Thu 30-08-07 <br/> 
17:27 Thu 30-08-07 <br/> 
19:59 Thu 30-08-07 <br/> 
14:56 Fri 31-08-07 <br/> 
19:15 Fri 31-08-07 <br/> 
19:28 Sat 01-09-07 <br/> 
7:02 Sun 02-09-07 <br/> 
7:32 Sun 02-09-07 <br/> 
7:32 Sun 02-09-07 <br/> 
7:33 Sun 02-09-07 <br/> 
7:37 Tue 04-09-07 <br/> 
2:42 Wed 05-09-07 <br/> 
14:13 Thu 06-09-07 <br/> 
14:13 Thu 06-09-07 <br/> 
0:47 Fri 07-09-07 <br/> 
2:53 Sat 08-09-07 <br/> 
11:11 Sat 08-09-07 <br/> 
0:23 Sun 09-09-07 <br/> 
2:06 Sun 09-09-07 <br/> 
2:06 Sun 09-09-07 <br/> 
10:11 Sun 09-09-07 <br/> 
23:38 Sun 09-09-07 <br/> 
19:58 Mon 10-09-07 <br/> 
20:27 Mon 10-09-07 <br/> 
1:59 Tue 11-09-07 <br/> 
18:18 Tue 11-09-07 <br/> 
22:43 Tue 11-09-07 <br/> 
0:06 Fri 14-09-07 <br/> 
20:24 Fri 14-09-07 <br/> 
0:36 Sat 15-09-07 <br/> 
17:38 Sat 15-09-07 <br/> 
23:09 Sat 15-09-07 <br/> 
0:27 Sun 16-09-07 <br/> 
0:27 Sun 16-09-07 <br/> 
0:37 Sun 16-09-07 <br/> 
0:21 Mon 17-09-07 <br/> 
6:22 Mon 17-09-07 <br/> 
6:22 Mon 17-09-07 <br/> 
11:25 Wed 19-09-07 <br/> 
19:02 Wed 19-09-07 <br/> 
22:09 Wed 19-09-07 <br/> 
22:12 Wed 19-09-07 <br/> 
23:47 Wed 19-09-07 <br/> 
13:07 Thu 20-09-07 <br/> 
11:25 Fri 21-09-07 <br/> 
23:19 Fri 21-09-07 <br/> 
16:09 Sat 22-09-07 <br/> 
16:09 Sat 22-09-07 <br/> 
16:09 Sat 22-09-07 <br/> 
16:09 Sat 22-09-07 <br/> 
16:09 Sat 22-09-07 <br/> 
16:09 Sat 22-09-07 <br/> 
16:09 Sat 22-09-07 <br/> 
16:10 Sat 22-09-07 <br/> 
16:10 Sat 22-09-07 <br/> 
16:10 Sat 22-09-07 <br/> 
16:10 Sat 22-09-07 <br/> 
16:10 Sat 22-09-07 <br/> 
16:10 Sat 22-09-07 <br/> 
16:10 Sat 22-09-07 <br/> 
16:12 Sat 22-09-07 <br/> 
16:19 Sat 22-09-07 <br/> 
16:15 Mon 24-09-07 <br/> 
23:15 Mon 24-09-07 <br/> 
23:29 Mon 24-09-07 <br/> 
17:42 Tue 25-09-07 <br/> 
17:43 Tue 25-09-07 <br/> 
19:42 Tue 25-09-07 <br/> 
23:09 Tue 25-09-07 <br/> 
23:39 Tue 25-09-07 <br/> 
23:39 Tue 25-09-07 <br/> 
11:29 Wed 26-09-07 <br/> 
14:29 Wed 26-09-07 <br/> 
17:25 Wed 26-09-07 <br/> 
23:16 Thu 27-09-07 <br/> 
12:02 Fri 28-09-07 <br/> 
13:02 Fri 28-09-07 <br/> 
2:44 Sun 30-09-07 <br/> 
17:41 Tue 02-10-07 <br/> 
17:41 Tue 02-10-07 <br/> 
17:41 Tue 02-10-07 <br/> 
17:41 Tue 02-10-07 <br/> 
17:41 Tue 02-10-07 <br/> 
17:41 Tue 02-10-07 <br/> 
17:43 Tue 02-10-07 <br/> 
0:03 Wed 03-10-07 <br/> 
10:08 Wed 03-10-07 <br/> 
12:31 Wed 03-10-07 <br/> 
12:17 Thu 04-10-07 <br/> 
19:00 Thu 04-10-07 <br/> 
19:00 Thu 04-10-07 <br/> 
19:00 Thu 04-10-07 <br/> 
19:01 Thu 04-10-07 <br/> 
19:01 Thu 04-10-07 <br/> 
19:01 Thu 04-10-07 <br/> 
19:02 Thu 04-10-07 <br/> 
23:36 Thu 04-10-07 <br/> 
23:37 Thu 04-10-07 <br/> 
23:37 Thu 04-10-07 <br/> 
0:08 Fri 05-10-07 <br/> 
11:01 Fri 05-10-07 <br/> 
14:36 Sat 06-10-07 <br/> 
14:36 Sat 06-10-07 <br/> 
14:37 Sat 06-10-07 <br/> 
14:37 Sat 06-10-07 <br/> 
21:29 Sat 06-10-07 <br/> 
22:56 Sat 06-10-07 <br/> 
22:56 Sat 06-10-07 <br/> 
22:56 Sat 06-10-07 <br/> 
22:56 Sat 06-10-07 <br/> 
22:56 Sat 06-10-07 <br/> 
23:00 Sat 06-10-07 <br/> 
23:00 Sat 06-10-07 <br/> 
23:00 Sat 06-10-07 <br/> 
1:04 Sun 07-10-07 <br/> 
4:48 Sun 07-10-07 <br/> 
4:49 Sun 07-10-07 <br/> 
4:50 Sun 07-10-07 <br/> 
4:50 Sun 07-10-07 <br/> 
4:50 Sun 07-10-07 <br/> 
16:51 Sun 07-10-07 <br/> 
16:51 Sun 07-10-07 <br/> 
16:51 Sun 07-10-07 <br/> 
21:19 Sun 07-10-07 <br/> 
21:19 Sun 07-10-07 <br/> 
21:19 Sun 07-10-07 <br/> 
21:19 Sun 07-10-07 <br/> 
21:19 Sun 07-10-07 <br/> 
21:19 Sun 07-10-07 <br/> 
21:20 Sun 07-10-07 <br/> 
21:20 Sun 07-10-07 <br/> 
21:33 Sun 07-10-07 <br/> 
23:11 Sun 07-10-07 <br/> 
3:45 Mon 08-10-07 <br/> 
2:39 Tue 09-10-07 <br/> 
4:42 Tue 09-10-07 <br/> 
23:28 Tue 09-10-07 <br/> 
14:10 Wed 10-10-07 <br/> 
0:23 Thu 11-10-07 <br/> 
11:19 Thu 11-10-07 <br/> 
17:58 Thu 11-10-07 <br/> 
23:45 Thu 11-10-07 <br/> 
17:55 Fri 12-10-07 <br/> 
17:56 Fri 12-10-07 <br/> 
17:56 Fri 12-10-07 <br/> 
17:56 Fri 12-10-07 <br/> 
17:57 Fri 12-10-07 <br/> 
17:57 Fri 12-10-07 <br/> 
17:57 Fri 12-10-07 <br/> 
17:57 Fri 12-10-07 <br/> 
0:44 Sat 13-10-07 <br/> 
0:47 Sat 13-10-07 <br/> 
2:26 Sat 13-10-07 <br/> 
1:54 Mon 15-10-07 <br/> 
15:36 Mon 15-10-07 <br/> 
15:37 Mon 15-10-07 <br/> 
23:56 Mon 15-10-07 <br/> 
23:24 Tue 16-10-07 <br/> 
23:24 Tue 16-10-07 <br/> 
23:24 Tue 16-10-07 <br/> 
23:24 Tue 16-10-07 <br/> 
23:58 Tue 16-10-07 <br/> 
2:18 Wed 17-10-07 <br/> 
0:29 Thu 18-10-07 <br/> 
13:55 Thu 18-10-07 <br/> 
23:29 Thu 18-10-07 <br/> 
23:29 Thu 18-10-07 <br/> 
23:29 Thu 18-10-07 <br/> 
23:29 Thu 18-10-07 <br/> 
23:30 Thu 18-10-07 <br/> 
23:30 Thu 18-10-07 <br/> 
23:30 Thu 18-10-07 <br/> 
23:30 Thu 18-10-07 <br/> 
23:30 Thu 18-10-07 <br/> 
23:30 Thu 18-10-07 <br/> 
23:30 Thu 18-10-07 <br/> 
23:31 Thu 18-10-07 <br/> 
23:31 Thu 18-10-07 <br/> 
23:31 Thu 18-10-07 <br/> 
23:31 Thu 18-10-07 <br/> 
23:31 Thu 18-10-07 <br/> 
23:31 Thu 18-10-07 <br/> 
23:31 Thu 18-10-07 <br/> 
1:50 Fri 19-10-07 <br/> 
2:22 Fri 19-10-07 <br/> 
13:30 Fri 19-10-07 <br/> 
13:31 Fri 19-10-07 <br/> 
13:31 Fri 19-10-07 <br/> 
9:50 Sat 20-10-07 <br/> 
14:11 Sat 20-10-07 <br/> 
14:44 Sat 20-10-07 <br/> 
14:44 Sat 20-10-07 <br/> 
14:44 Sat 20-10-07 <br/> 
2:55 Sun 21-10-07 <br/> 
1:43 Mon 22-10-07 <br/> 
19:37 Mon 22-10-07 <br/> 
19:37 Mon 22-10-07 <br/> 
19:37 Mon 22-10-07 <br/> 
19:38 Mon 22-10-07 <br/> 
19:38 Mon 22-10-07 <br/> 
19:38 Mon 22-10-07 <br/> 
19:38 Mon 22-10-07 <br/> 
19:39 Mon 22-10-07 <br/> 
19:39 Mon 22-10-07 <br/> 
19:39 Mon 22-10-07 <br/> 
19:39 Mon 22-10-07 <br/> 
19:39 Mon 22-10-07 <br/> 
19:40 Mon 22-10-07 <br/> 
19:40 Mon 22-10-07 <br/> 
0:25 Tue 23-10-07 <br/> 
11:56 Tue 23-10-07 <br/> 
11:57 Tue 23-10-07 <br/> 
0:07 Wed 24-10-07 <br/> 
2:21 Wed 24-10-07 <br/> 
23:56 Wed 24-10-07 <br/> 
4:38 Thu 25-10-07 <br/> 
4:38 Thu 25-10-07 <br/> 
4:38 Thu 25-10-07 <br/> 
13:57 Thu 25-10-07 <br/> 
22:24 Thu 25-10-07 <br/> 
22:25 Thu 25-10-07 <br/> 
22:25 Thu 25-10-07 <br/> 
22:25 Thu 25-10-07 <br/> 
22:25 Thu 25-10-07 <br/> 
22:25 Thu 25-10-07 <br/> 
22:25 Thu 25-10-07 <br/> 
22:25 Thu 25-10-07 <br/> 
22:25 Thu 25-10-07 <br/> 
22:25 Thu 25-10-07 <br/> 
22:26 Thu 25-10-07 <br/> 
0:23 Fri 26-10-07 <br/> 
23:02 Fri 26-10-07 <br/> 
4:01 Sat 27-10-07 <br/> 
15:29 Sat 27-10-07 <br/> 
15:29 Sat 27-10-07 <br/> 
15:29 Sat 27-10-07 <br/> 
15:29 Sat 27-10-07 <br/> 
15:29 Sat 27-10-07 <br/> 
8:25 Sun 28-10-07 <br/> 
14:30 Sun 28-10-07 <br/> 
2:28 Tue 30-10-07 <br/> 
3:33 Tue 30-10-07 <br/> 
23:56 Tue 30-10-07 <br/> 
21:36 Wed 31-10-07 <br/> 
0:27 Thu 01-11-07 <br/> 
0:27 Thu 01-11-07 <br/> 
3:20 Thu 01-11-07 <br/> 
3:20 Thu 01-11-07 <br/> 
13:14 Fri 02-11-07 <br/> 
20:01 Sat 03-11-07 <br/> 
20:01 Sat 03-11-07 <br/> 
20:01 Sat 03-11-07 <br/> 
20:01 Sat 03-11-07 <br/> 
20:01 Sat 03-11-07 <br/> 
20:01 Sat 03-11-07 <br/> 
20:01 Sat 03-11-07 <br/> 
20:01 Sat 03-11-07 <br/> 
20:01 Sat 03-11-07 <br/> 
20:01 Sat 03-11-07 <br/> 
20:01 Sat 03-11-07 <br/> 
20:02 Sat 03-11-07 <br/> 
20:02 Sat 03-11-07 <br/> 
20:02 Sat 03-11-07 <br/> 
20:02 Sat 03-11-07 <br/> 
20:02 Sat 03-11-07 <br/> 
20:02 Sat 03-11-07 <br/> 
20:02 Sat 03-11-07 <br/> 
20:02 Sat 03-11-07 <br/> 
20:02 Sat 03-11-07 <br/> 
20:02 Sat 03-11-07 <br/> 
20:02 Sat 03-11-07 <br/> 
20:02 Sat 03-11-07 <br/> 
20:02 Sat 03-11-07 <br/> 
20:02 Sat 03-11-07 <br/> 
20:02 Sat 03-11-07 <br/> 
20:02 Sat 03-11-07 <br/> 
20:02 Sat 03-11-07 <br/> 
20:02 Sat 03-11-07 <br/> 
20:02 Sat 03-11-07 <br/> 
20:02 Sat 03-11-07 <br/> 
20:02 Sat 03-11-07 <br/> 
20:02 Sat 03-11-07 <br/> 
20:02 Sat 03-11-07 <br/> 
20:02 Sat 03-11-07 <br/> 
20:02 Sat 03-11-07 <br/> 
20:02 Sat 03-11-07 <br/> 
20:02 Sat 03-11-07 <br/> 
22:31 Sat 03-11-07 <br/> 
22:31 Sat 03-11-07 <br/> 
22:32 Sat 03-11-07 <br/> 
22:32 Sat 03-11-07 <br/> 
16:12 Sun 04-11-07 <br/> 
16:13 Sun 04-11-07 <br/> 
16:13 Sun 04-11-07 <br/> 
16:13 Sun 04-11-07 <br/> 
16:13 Sun 04-11-07 <br/> 
16:14 Sun 04-11-07 <br/> 
16:14 Sun 04-11-07 <br/> 
16:14 Sun 04-11-07 <br/> 
16:14 Sun 04-11-07 <br/> 
23:58 Sun 04-11-07 <br/> 
1:37 Mon 05-11-07 <br/> 
18:09 Mon 05-11-07 <br/> 
18:10 Mon 05-11-07 <br/> 
0:09 Tue 06-11-07 <br/> 
7:02 Tue 06-11-07 <br/> 
16:31 Tue 06-11-07 <br/> 
16:31 Tue 06-11-07 <br/> 
16:32 Tue 06-11-07 <br/> 
5:57 Wed 07-11-07 <br/> 
7:19 Wed 07-11-07 <br/> 
12:40 Wed 07-11-07 <br/> 
12:40 Wed 07-11-07 <br/> 
12:40 Wed 07-11-07 <br/> 
12:40 Wed 07-11-07 <br/> 
12:40 Wed 07-11-07 <br/> 
12:40 Wed 07-11-07 <br/> 
12:41 Wed 07-11-07 <br/> 
23:54 Wed 07-11-07 <br/> 
0:52 Fri 09-11-07 <br/> 
15:58 Fri 09-11-07 <br/> 
1:18 Sat 10-11-07 <br/> 
1:18 Sat 10-11-07 <br/> 
1:48 Sat 10-11-07 <br/> 
4:27 Sat 10-11-07 <br/> 
5:00 Sat 10-11-07 <br/> 
5:00 Sat 10-11-07 <br/> 
5:01 Sat 10-11-07 <br/> 
6:46 Sun 11-11-07 <br/> 
7:27 Sun 11-11-07 <br/> 
7:27 Sun 11-11-07 <br/> 
9:19 Sun 11-11-07 <br/> 
9:47 Sun 11-11-07 <br/> 
9:58 Sun 11-11-07 <br/> 
10:12 Sun 11-11-07 <br/> 
10:21 Sun 11-11-07 <br/> 
11:03 Sun 11-11-07 <br/> 
21:31 Sun 11-11-07 <br/> 
21:41 Sun 11-11-07 <br/> 
10:20 Mon 12-11-07 <br/> 
16:50 Mon 12-11-07 <br/> 
16:51 Mon 12-11-07 <br/> 
19:20 Mon 12-11-07 <br/> 
0:15 Tue 13-11-07 <br/> 
2:25 Tue 13-11-07 <br/> 
3:06 Tue 13-11-07 <br/> 
18:28 Tue 13-11-07 <br/> 
21:44 Tue 13-11-07 <br/> 
21:45 Tue 13-11-07 <br/> 
21:45 Tue 13-11-07 <br/> 
21:47 Tue 13-11-07 <br/> 
21:47 Tue 13-11-07 <br/> 
0:11 Wed 14-11-07 <br/> 
0:07 Thu 15-11-07 <br/> 
5:07 Fri 16-11-07 <br/> 
5:07 Fri 16-11-07 <br/> 
16:01 Fri 16-11-07 <br/> 
16:04 Fri 16-11-07 <br/> 
1:24 Sun 18-11-07 <br/> 
5:57 Sun 18-11-07 <br/> 
14:18 Sun 18-11-07 <br/> 
14:19 Sun 18-11-07 <br/> 
19:56 Sun 18-11-07 <br/> 
21:44 Sun 18-11-07 <br/> 
2:55 Mon 19-11-07 <br/> 
2:56 Mon 19-11-07 <br/> 
2:57 Mon 19-11-07 <br/> 
16:38 Mon 19-11-07 <br/> 
16:40 Mon 19-11-07 <br/> 
16:41 Mon 19-11-07 <br/> 
16:42 Mon 19-11-07 <br/> 
0:33 Tue 20-11-07 <br/> 
3:38 Tue 20-11-07 <br/> 
10:20 Tue 20-11-07 <br/> 
18:18 Tue 20-11-07 <br/> 
18:19 Tue 20-11-07 <br/> 
18:20 Tue 20-11-07 <br/> 
18:46 Tue 20-11-07 <br/> 
18:46 Tue 20-11-07 <br/> 
18:46 Tue 20-11-07 <br/> 
21:13 Tue 20-11-07 <br/> 
23:54 Tue 20-11-07 <br/> 
23:54 Tue 20-11-07 <br/> 
23:54 Tue 20-11-07 <br/> 
0:01 Wed 21-11-07 <br/> 
0:15 Wed 21-11-07 <br/> 
6:51 Wed 21-11-07 <br/> 
9:23 Wed 21-11-07 <br/> 
9:23 Wed 21-11-07 <br/> 
9:42 Wed 21-11-07 <br/> 
9:43 Wed 21-11-07 <br/> 
9:46 Wed 21-11-07 <br/> 
9:46 Wed 21-11-07 <br/> 
9:46 Wed 21-11-07 <br/> 
9:46 Wed 21-11-07 <br/> 
9:47 Wed 21-11-07 <br/> 
13:36 Wed 21-11-07 <br/> 
22:26 Wed 21-11-07 <br/> 
0:15 Thu 22-11-07 <br/> 
19:34 Thu 22-11-07 <br/> 
19:34 Thu 22-11-07 <br/> 
19:34 Thu 22-11-07 <br/> 
19:34 Thu 22-11-07 <br/> 
0:42 Fri 23-11-07 <br/> 
18:21 Fri 23-11-07 <br/> 
0:00 Sat 24-11-07 <br/> 
0:36 Sat 24-11-07 <br/> 
0:36 Sat 24-11-07 <br/> 
0:37 Sat 24-11-07 <br/> 
3:40 Mon 26-11-07 <br/> 
4:08 Mon 26-11-07 <br/> 
4:08 Mon 26-11-07 <br/> 
4:10 Mon 26-11-07 <br/> 
12:40 Mon 26-11-07 <br/> 
12:40 Mon 26-11-07 <br/> 
12:41 Mon 26-11-07 <br/> 
0:46 Tue 27-11-07 <br/> 
15:21 Tue 27-11-07 <br/> 
15:25 Tue 27-11-07 <br/> 
0:44 Wed 28-11-07 <br/> 
0:31 Thu 29-11-07 <br/> 
0:46 Thu 29-11-07 <br/> 
0:46 Thu 29-11-07 <br/> 
2:11 Thu 29-11-07 <br/> 
0:06 Fri 30-11-07 <br/> 
13:06 Fri 30-11-07 <br/> 
18:29 Fri 30-11-07 <br/> 
0:44 Sat 01-12-07 <br/> 
17:06 Sat 01-12-07 <br/> 
17:06 Sat 01-12-07 <br/> 
17:06 Sat 01-12-07 <br/> 
17:07 Sat 01-12-07 <br/> 
17:07 Sat 01-12-07 <br/> 
17:07 Sat 01-12-07 <br/> 
17:07 Sat 01-12-07 <br/> 
17:22 Sat 01-12-07 <br/> 
17:25 Sat 01-12-07 <br/> 
17:25 Sat 01-12-07 <br/> 
17:25 Sat 01-12-07 <br/> 
4:01 Sun 02-12-07 <br/> 
8:11 Sun 02-12-07 <br/> 
12:37 Sun 02-12-07 <br/> 
16:00 Mon 03-12-07 <br/> 
16:00 Mon 03-12-07 <br/> 
16:01 Mon 03-12-07 <br/> 
16:02 Mon 03-12-07 <br/> 
17:28 Mon 03-12-07 <br/> 
18:32 Mon 03-12-07 <br/> 
22:59 Mon 03-12-07 <br/> 
6:51 Tue 04-12-07 <br/> 
6:53 Tue 04-12-07 <br/> 
12:18 Tue 04-12-07 <br/> 
13:14 Tue 04-12-07 <br/> 
13:39 Tue 04-12-07 <br/> 
20:13 Tue 04-12-07 <br/> 
2:15 Wed 05-12-07 <br/> 
8:01 Wed 05-12-07 <br/> 
12:56 Wed 05-12-07 <br/> 
12:57 Wed 05-12-07 <br/> 
13:12 Wed 05-12-07 <br/> 
1:43 Thu 06-12-07 <br/> 
21:49 Thu 06-12-07 <br/> 
0:08 Fri 07-12-07 <br/> 
1:04 Fri 07-12-07 <br/> 
8:57 Fri 07-12-07 <br/> 
8:57 Fri 07-12-07 <br/> 
13:25 Fri 07-12-07 <br/> 
16:46 Fri 07-12-07 <br/> 
16:46 Fri 07-12-07 <br/> 
16:46 Fri 07-12-07 <br/> 
16:47 Fri 07-12-07 <br/> 
18:32 Fri 07-12-07 <br/> 
23:19 Fri 07-12-07 <br/> 
0:56 Sat 08-12-07 <br/> 
7:53 Sat 08-12-07 <br/> 
10:37 Sat 08-12-07 <br/> 
11:16 Sat 08-12-07 <br/> 
0:27 Sun 09-12-07 <br/> 
0:27 Sun 09-12-07 <br/> 
5:05 Sun 09-12-07 <br/> 
17:02 Sun 09-12-07 <br/> 
18:20 Sun 09-12-07 <br/> 
17:13 Mon 10-12-07 <br/> 
17:14 Mon 10-12-07 <br/> 
0:06 Tue 11-12-07 <br/> 
8:03 Tue 11-12-07 <br/> 
10:13 Tue 11-12-07 <br/> 
10:13 Tue 11-12-07 <br/> 
10:14 Tue 11-12-07 <br/> 
12:59 Tue 11-12-07 <br/> 
12:59 Tue 11-12-07 <br/> 
23:34 Tue 11-12-07 <br/> 
0:14 Wed 12-12-07 <br/> 
16:34 Wed 12-12-07 <br/> 
0:42 Thu 13-12-07 <br/> 
8:02 Thu 13-12-07 <br/> 
21:29 Thu 13-12-07 <br/> 
21:35 Thu 13-12-07 <br/> 
10:31 Fri 14-12-07 <br/> 
10:31 Fri 14-12-07 <br/> 
10:31 Fri 14-12-07 <br/> 
10:32 Fri 14-12-07 <br/> 
10:32 Fri 14-12-07 <br/> 
15:18 Fri 14-12-07 <br/> 
3:33 Sat 15-12-07 <br/> 
12:38 Sat 15-12-07 <br/> 
13:02 Sat 15-12-07 <br/> 
16:32 Sat 15-12-07 <br/> 
16:32 Sat 15-12-07 <br/> 
18:58 Sat 15-12-07 <br/> 
1:18 Sun 16-12-07 <br/> 
1:18 Sun 16-12-07 <br/> 
1:18 Sun 16-12-07 <br/> 
1:19 Sun 16-12-07 <br/> 
3:35 Sun 16-12-07 <br/> 
10:42 Sun 16-12-07 <br/> 
14:03 Sun 16-12-07 <br/> 
14:06 Sun 16-12-07 <br/> 
14:06 Sun 16-12-07 <br/> 
14:15 Sun 16-12-07 <br/> 
5:55 Mon 17-12-07 <br/> 
5:55 Mon 17-12-07 <br/> 
5:55 Mon 17-12-07 <br/> 
5:56 Mon 17-12-07 <br/> 
8:06 Mon 17-12-07 <br/> 
12:52 Mon 17-12-07 <br/> 
15:27 Mon 17-12-07 <br/> 
15:27 Mon 17-12-07 <br/> 
15:27 Mon 17-12-07 <br/> 
15:28 Mon 17-12-07 <br/> 
22:07 Mon 17-12-07 <br/> 
0:08 Tue 18-12-07 <br/> 
1:28 Tue 18-12-07 <br/> 
0:33 Wed 19-12-07 <br/> 
8:16 Wed 19-12-07 <br/> 
8:16 Wed 19-12-07 <br/> 
0:43 Thu 20-12-07 <br/> 
3:39 Thu 20-12-07 <br/> 
14:08 Thu 20-12-07 <br/> 
14:08 Thu 20-12-07 <br/> 
15:47 Thu 20-12-07 <br/> 
0:39 Fri 21-12-07 <br/> 
17:12 Fri 21-12-07 <br/> 
17:13 Fri 21-12-07 <br/> 
17:13 Fri 21-12-07 <br/> 
8:23 Sat 22-12-07 <br/> 
10:17 Sat 22-12-07 <br/> 
16:00 Sat 22-12-07 <br/> 
16:00 Sat 22-12-07 <br/> 
16:00 Sat 22-12-07 <br/> 
16:00 Sat 22-12-07 <br/> 
16:00 Sat 22-12-07 <br/> 
16:00 Sat 22-12-07 <br/> 
19:10 Sat 22-12-07 <br/> 
19:46 Sat 22-12-07 <br/> 
19:47 Sat 22-12-07 <br/> 
19:48 Sat 22-12-07 <br/> 
5:19 Sun 23-12-07 <br/> 
8:07 Sun 23-12-07 <br/> 
8:07 Sun 23-12-07 <br/> 
8:37 Sun 23-12-07 <br/> 
8:38 Sun 23-12-07 <br/> 
8:38 Sun 23-12-07 <br/> 
15:33 Sun 23-12-07 <br/> 
15:33 Sun 23-12-07 <br/> 
15:33 Sun 23-12-07 <br/> 
18:13 Sun 23-12-07 <br/> 
18:14 Sun 23-12-07 <br/> 
18:14 Sun 23-12-07 <br/> 
0:43 Mon 24-12-07 <br/> 
0:43 Mon 24-12-07 <br/> 
3:09 Mon 24-12-07 <br/> 
8:58 Mon 24-12-07 <br/> 
2:25 Tue 25-12-07 <br/> 
3:16 Tue 25-12-07 <br/> 
3:16 Tue 25-12-07 <br/> 
3:19 Tue 25-12-07 <br/> 
5:12 Tue 25-12-07 <br/> 
22:43 Tue 25-12-07 <br/> 
22:44 Tue 25-12-07 <br/> 
1:17 Wed 26-12-07 <br/> 
1:27 Wed 26-12-07 <br/> 
1:28 Wed 26-12-07 <br/> 
1:28 Wed 26-12-07 <br/> 
1:47 Wed 26-12-07 <br/> 
7:48 Wed 26-12-07 <br/> 
7:48 Wed 26-12-07 <br/> 
7:48 Wed 26-12-07 <br/> 
11:21 Wed 26-12-07 <br/> 
11:21 Wed 26-12-07 <br/> 
11:21 Wed 26-12-07 <br/> 
18:04 Wed 26-12-07 <br/> 
22:57 Wed 26-12-07 <br/> 
2:41 Thu 27-12-07 <br/> 
3:03 Thu 27-12-07 <br/> 
9:35 Thu 27-12-07 <br/> 
14:41 Thu 27-12-07 <br/> 
14:41 Thu 27-12-07 <br/> 
14:45 Thu 27-12-07 <br/> 
14:46 Thu 27-12-07 <br/> 
14:46 Thu 27-12-07 <br/> 
14:46 Thu 27-12-07 <br/> 
17:08 Thu 27-12-07 <br/> 
17:10 Thu 27-12-07 <br/> 
20:09 Thu 27-12-07 <br/> 
21:31 Thu 27-12-07 <br/> 
10:28 Fri 28-12-07 <br/> 
13:55 Fri 28-12-07 <br/> 
13:55 Fri 28-12-07 <br/> 
13:55 Fri 28-12-07 <br/> 
13:55 Fri 28-12-07 <br/> 
14:58 Fri 28-12-07 <br/> 
14:59 Fri 28-12-07 <br/> 
14:59 Fri 28-12-07 <br/> 
0:21 Sat 29-12-07 <br/> 
0:22 Sat 29-12-07 <br/> 
10:22 Sat 29-12-07 <br/> 
4:16 Sun 30-12-07 <br/> 
8:59 Sun 30-12-07 <br/> 
8:59 Sun 30-12-07 <br/> 
18:49 Sun 30-12-07 <br/> 
23:39 Sun 30-12-07 <br/> 
4:46 Tue 01-01-08 <br/> 
23:29 Tue 01-01-08 <br/> 
23:29 Tue 01-01-08 <br/> 
2:39 Wed 02-01-08 <br/> 
14:14 Wed 02-01-08 <br/> 
17:09 Wed 02-01-08 <br/> 
17:34 Thu 03-01-08 <br/> 
17:35 Thu 03-01-08 <br/> 
17:35 Thu 03-01-08 <br/> 
17:35 Thu 03-01-08 <br/> 
17:35 Thu 03-01-08 <br/> 
17:35 Thu 03-01-08 <br/> 
0:43 Fri 04-01-08 <br/> 
0:43 Fri 04-01-08 <br/> 
6:33 Fri 04-01-08 <br/> 
9:31 Fri 04-01-08 <br/> 
12:56 Fri 04-01-08 <br/> 
12:56 Fri 04-01-08 <br/> 
12:56 Fri 04-01-08 <br/> 
